<?xml version="1.0" encoding="UTF-8" ?>
<testsuite errors="0" failures="0" hostname="Lubo" name="applet.Applet7ZipTest" skipped="0" tests="29" time="2.654" timestamp="2016-05-01T12:31:04">
  <properties>
    <property name="libs.jsp-compiler.javadoc" value="" />
    <property name="netbeans.autoupdate.country" value="US" />
    <property name="nb.wait.for.caches" value="true" />
    <property name="javac.test.classpath" value="lib\jcardsim-2.2.2-all.jar:build/classes:E:\Program Files\NetBeans 8.0.2\platform\modules\ext\junit-4.10.jar" />
    <property name="libs.jsf20.maven-pom" value="" />
    <property name="libs.junit.javadoc" value="E:\Program Files\NetBeans 8.0.2\java\docs\junit-3.8.2-api.zip" />
    <property name="libs.spring-webmvc4.0.src" value="" />
    <property name="ant.core.lib" value="E:\Program Files\NetBeans 8.0.2\extide\ant\lib\ant.jar" />
    <property name="javadoc.windowtitle" value="" />
    <property name="libs.jsp-compilation.javadoc" value="" />
    <property name="user.dir" value="E:\UserData\Documents\MUNI\pv204\7Zip-Javacard-security_PV204_Eteam\JavacardSimulation\AppletTester" />
    <property name="libs.javaee-api-7.0.src" value="" />
    <property name="java.vm.version" value="25.40-b25" />
    <property name="libs.MySQLDriver.classpath" value="E:\Program Files\NetBeans 8.0.2\ide\modules\ext\mysql-connector-java-5.1.23-bin.jar" />
    <property name="libs.eclipselinkmodelgen.src" value="" />
    <property name="javadoc.notree" value="false" />
    <property name="netbeans.autoupdate.version" value="1.23" />
    <property name="libs.EclipseLink-GlassFish-v3.classpath" value="E:\Program Files\glassfish-4.1\glassfish\modules\org.eclipse.persistence.antlr.jar;E:\Program Files\glassfish-4.1\glassfish\modules\org.eclipse.persistence.asm.jar;E:\Program Files\glassfish-4.1\glassfish\modules\org.eclipse.persistence.core.jar;E:\Program Files\glassfish-4.1\glassfish\modules\org.eclipse.persistence.dbws.jar;E:\Program Files\glassfish-4.1\glassfish\modules\org.eclipse.persistence.jpa.jar;E:\Program Files\glassfish-4.1\glassfish\modules\org.eclipse.persistence.jpa.jpql.jar;E:\Program Files\glassfish-4.1\glassfish\modules\org.eclipse.persistence.jpa.modelgen.processor.jar;E:\Program Files\glassfish-4.1\glassfish\modules\org.eclipse.persistence.moxy.jar;E:\Program Files\glassfish-4.1\glassfish\modules\org.eclipse.persistence.oracle.jar;E:\Program Files\glassfish-4.1\glassfish\modules\javax.persistence.jar" />
    <property name="libs.javaee-web-api-6.0.classpath" value="E:\Program Files\NetBeans 8.0.2\enterprise\modules\ext\javaee-web-api-6.0.jar" />
    <property name="libs.Java-EE-GlassFish-v3-Prelude.javadoc" value="E:\Program Files\NetBeans 8.0.2\enterprise\docs\javaee-doc-api.jar" />
    <property name="javac.profile.cmd.line.arg" value="" />
    <property name="jdk.home" value="E:\Program Files\Java\jdk1.8.0_40" />
    <property name="libs.javac-api.src" value="" />
    <property name="javadoc.noindex" value="false" />
    <property name="libs.jpa2-persistence.classpath" value="E:\Program Files\NetBeans 8.0.2\java\modules\ext\hibernate4\hibernate-jpa-2.1-api-1.0.0.Final.jar" />
    <property name="sun.os.patch.level" value="" />
    <property name="libs.Java-EE-GlassFish-v3-Prelude.src" value="" />
    <property name="do.archive+manifest.available" value="true" />
    <property name="java.vm.specification.name" value="Java Virtual Machine Specification" />
    <property name="nb.show.statistics.ui" value="usageStatisticsEnabled" />
    <property name="netbeans.autoupdate.variant" value="" />
    <property name="have.tests" value="true" />
    <property name="org.xml.sax.driver" value="com.sun.org.apache.xerces.internal.jaxp.SAXParserImpl$JAXPSAXParser" />
    <property name="libs.javac-api.javadoc" value="" />
    <property name="os.name" value="Windows 8.1" />
    <property name="libs.beans-binding.classpath" value="E:\Program Files\NetBeans 8.0.2\java\modules\ext\beansbinding-1.2.1.jar" />
    <property name="libs.javaee-endorsed-api-7.0.maven-pom" value="" />
    <property name="ap.proc.none.internal" value="" />
    <property name="libs.restapi.javadoc" value="" />
    <property name="libs.JWSAntTasks.maven-pom" value="" />
    <property name="libs.jstl.classpath" value="E:\Program Files\NetBeans 8.0.2\enterprise\modules\ext\jstl-impl.jar;E:\Program Files\NetBeans 8.0.2\enterprise\modules\ext\jstl-api.jar" />
    <property name="libs.testng.src" value="" />
    <property name="libs.spring-webmvc3.0.src" value="" />
    <property name="libs.restapi.classpath" value="E:\Program Files\NetBeans 8.0.2\enterprise\modules\ext\jaxrs-2.0\javax.ws.rs-api-2.0.jar" />
    <property name="java.vendor.url.bug" value="http://bugreport.sun.com/bugreport/" />
    <property name="libs.jaxb.maven-pom" value="" />
    <property name="os.arch" value="amd64" />
    <property name="libs.eclipselink.src" value="" />
    <property name="user.name" value="User Lubo" />
    <property name="libs.jsf12.javadoc" value="E:\Program Files\NetBeans 8.0.2\enterprise\docs\javaee-doc-api.jar" />
    <property name="libs.Comet-GlassFish-v3.javadoc" value="" />
    <property name="copylibs.rebase" value="true" />
    <property name="libs.spring-webmvc3.0.maven-pom" value="" />
    <property name="libs.swing-layout.maven-pom" value="" />
    <property name="sun.java.command" value="org.apache.tools.ant.taskdefs.optional.junit.JUnitTestRunner applet.Applet7ZipTest skipNonTests=false filtertrace=true haltOnError=false haltOnFailure=false showoutput=true outputtoformatters=true logfailedtests=true threadid=0 logtestlistenerevents=true formatter=org.apache.tools.ant.taskdefs.optional.junit.BriefJUnitResultFormatter formatter=org.apache.tools.ant.taskdefs.optional.junit.XMLJUnitResultFormatter,E:\UserData\Documents\MUNI\pv204\7Zip-Javacard-security_PV204_Eteam\JavacardSimulation\AppletTester\build\test\results\TEST-applet.Applet7ZipTest.xml crashfile=E:\UserData\Documents\MUNI\pv204\7Zip-Javacard-security_PV204_Eteam\JavacardSimulation\AppletTester\build\junitvmwatcher3949920637047528843.properties propsfile=E:\UserData\Documents\MUNI\pv204\7Zip-Javacard-security_PV204_Eteam\JavacardSimulation\AppletTester\build\junit7054982176344649883.properties" />
    <property name="build.classes.dir" value="build/classes" />
    <property name="netbeans.accept_license_class" value="org.netbeans.license.AcceptLicense" />
    <property name="build.sysclasspath" value="ignore" />
    <property name="ap.supported.internal" value="true" />
    <property name="libs.javaee-endorsed-api-7.0.javadoc" value="E:\Program Files\NetBeans 8.0.2\enterprise\docs\javaee-doc-api.jar" />
    <property name="libs.jaxws21.javadoc" value="E:\Program Files\NetBeans 8.0.2\java\docs\jaxws-api-doc.zip" />
    <property name="libs.spring-webmvc4.0.javadoc" value="" />
    <property name="includes" value="**" />
    <property name="user.country" value="US" />
    <property name="ant.file.type.AppletTester" value="file" />
    <property name="manifest.file" value="manifest.mf" />
    <property name="javadoc.encoding" value="UTF-8" />
    <property name="javac.classpath" value="lib\jcardsim-2.2.2-all.jar" />
    <property name="libs.jsp-compilation-syscp.src" value="" />
    <property name="libs.JAVADB_DRIVER_LABEL.src" value="" />
    <property name="libs.spring-framework400.classpath" value="E:\Program Files\NetBeans 8.0.2\ide\modules\org-apache-commons-logging.jar;E:\Program Files\NetBeans 8.0.2\java\modules\ext\cglib-2.2.jar;E:\Program Files\NetBeans 8.0.2\java\modules\ext\spring-4\spring-aop-4.0.1.RELEASE.jar;E:\Program Files\NetBeans 8.0.2\java\modules\ext\spring-4\spring-aspects-4.0.1.RELEASE.jar;E:\Program Files\NetBeans 8.0.2\java\modules\ext\spring-4\spring-beans-4.0.1.RELEASE.jar;E:\Program Files\NetBeans 8.0.2\java\modules\ext\spring-4\spring-build-src-4.0.1.RELEASE.jar;E:\Program Files\NetBeans 8.0.2\java\modules\ext\spring-4\spring-context-4.0.1.RELEASE.jar;E:\Program Files\NetBeans 8.0.2\java\modules\ext\spring-4\spring-context-support-4.0.1.RELEASE.jar;E:\Program Files\NetBeans 8.0.2\java\modules\ext\spring-4\spring-core-4.0.1.RELEASE.jar;E:\Program Files\NetBeans 8.0.2\java\modules\ext\spring-4\spring-expression-4.0.1.RELEASE.jar;E:\Program Files\NetBeans 8.0.2\java\modules\ext\spring-4\spring-framework-bom-4.0.1.RELEASE.jar;E:\Program Files\NetBeans 8.0.2\java\modules\ext\spring-4\spring-instrument-4.0.1.RELEASE.jar;E:\Program Files\NetBeans 8.0.2\java\modules\ext\spring-4\spring-instrument-tomcat-4.0.1.RELEASE.jar;E:\Program Files\NetBeans 8.0.2\java\modules\ext\spring-4\spring-jdbc-4.0.1.RELEASE.jar;E:\Program Files\NetBeans 8.0.2\java\modules\ext\spring-4\spring-jms-4.0.1.RELEASE.jar;E:\Program Files\NetBeans 8.0.2\java\modules\ext\spring-4\spring-messaging-4.0.1.RELEASE.jar;E:\Program Files\NetBeans 8.0.2\java\modules\ext\spring-4\spring-orm-4.0.1.RELEASE.jar;E:\Program Files\NetBeans 8.0.2\java\modules\ext\spring-4\spring-oxm-4.0.1.RELEASE.jar;E:\Program Files\NetBeans 8.0.2\java\modules\ext\spring-4\spring-test-4.0.1.RELEASE.jar;E:\Program Files\NetBeans 8.0.2\java\modules\ext\spring-4\spring-tx-4.0.1.RELEASE.jar;E:\Program Files\NetBeans 8.0.2\java\modules\ext\spring-4\spring-web-4.0.1.RELEASE.jar;E:\Program Files\NetBeans 8.0.2\java\modules\ext\spring-4\spring-webmvc-4.0.1.RELEASE.jar;E:\Program Files\NetBeans 8.0.2\java\modules\ext\spring-4\spring-webmvc-portlet-4.0.1.RELEASE.jar;E:\Program Files\NetBeans 8.0.2\java\modules\ext\spring-4\spring-websocket-4.0.1.RELEASE.jar" />
    <property name="debug-transport" value="dt_shmem" />
    <property name="netbeans.home" value="E:\Program Files\NetBeans 8.0.2\platform" />
    <property name="build.compiler.emacs" value="true" />
    <property name="libs.javaee-web-api-6.0.src" value="" />
    <property name="libs.jsp-compilation-syscp.classpath" value="E:\Program Files\NetBeans 8.0.2\extide\ant\lib\ant.jar;E:\Program Files\NetBeans 8.0.2\enterprise\modules\ext\servlet3.1-jsp2.3-api.jar;E:\Program Files\NetBeans 8.0.2\enterprise\modules\ext\glassfish-jspparser-4.0.jar;E:\Program Files\NetBeans 8.0.2\enterprise\modules\ext\jstl-impl.jar;E:\Program Files\NetBeans 8.0.2\enterprise\modules\ext\jsf-2_2\javax.faces.jar" />
    <property name="java.endorsed.dirs" value="E:\Program Files\Java\jdk1.8.0_40\jre\lib\endorsed" />
    <property name="libs.Comet-GlassFish-v3.maven-pom" value="" />
    <property name="netbeans.dynamic.classpath" value="E:\Program Files\NetBeans 8.0.2\platform\core\core.jar;E:\Program Files\NetBeans 8.0.2\platform\core\org-openide-filesystems.jar;E:\Program Files\NetBeans 8.0.2\platform\core\locale\core_ja.jar;E:\Program Files\NetBeans 8.0.2\platform\core\locale\core_pt_BR.jar;E:\Program Files\NetBeans 8.0.2\platform\core\locale\core_ru.jar;E:\Program Files\NetBeans 8.0.2\platform\core\locale\core_zh_CN.jar;E:\Program Files\NetBeans 8.0.2\platform\core\locale\org-openide-filesystems_ja.jar;E:\Program Files\NetBeans 8.0.2\platform\core\locale\org-openide-filesystems_pt_BR.jar;E:\Program Files\NetBeans 8.0.2\platform\core\locale\org-openide-filesystems_ru.jar;E:\Program Files\NetBeans 8.0.2\platform\core\locale\org-openide-filesystems_zh_CN.jar;E:\Program Files\NetBeans 8.0.2\nb\core\org-netbeans-upgrader.jar;E:\Program Files\NetBeans 8.0.2\nb\core\locale\core_nb.jar;E:\Program Files\NetBeans 8.0.2\nb\core\locale\core_nb_ja.jar;E:\Program Files\NetBeans 8.0.2\nb\core\locale\core_nb_pt_BR.jar;E:\Program Files\NetBeans 8.0.2\nb\core\locale\core_nb_ru.jar;E:\Program Files\NetBeans 8.0.2\nb\core\locale\core_nb_zh_CN.jar;E:\Program Files\NetBeans 8.0.2\nb\core\locale\org-netbeans-upgrader_ja.jar;E:\Program Files\NetBeans 8.0.2\nb\core\locale\org-netbeans-upgrader_pt_BR.jar;E:\Program Files\NetBeans 8.0.2\nb\core\locale\org-netbeans-upgrader_ru.jar;E:\Program Files\NetBeans 8.0.2\nb\core\locale\org-netbeans-upgrader_zh_CN.jar" />
    <property name="java.vm.specification.version" value="1.8" />
    <property name="libs.hibernate4-support.src" value="" />
    <property name="libs.primefaces.classpath" value="E:\Program Files\NetBeans 8.0.2\enterprise\modules\ext\primefaces\primefaces-5.0.jar" />
    <property name="libs.javaee-api-6.0.classpath" value="E:\Program Files\NetBeans 8.0.2\enterprise\modules\ext\javaee-api-6.0.jar" />
    <property name="netbeans.productversion" value="NetBeans IDE 8.0.2 (Build 201411181905)" />
    <property name="libs.jaxws21.src" value="" />
    <property name="application.title" value="AppletTester" />
    <property name="do.archive" value="true" />
    <property name="netbeans.autoupdate.language" value="en" />
    <property name="java.vendor" value="Oracle Corporation" />
    <property name="libs.javaee-api-6.0.javadoc" value="E:\Program Files\NetBeans 8.0.2\enterprise\docs\javaee-doc-api.jar" />
    <property name="jar.index.metainf" value="false" />
    <property name="javac.debug" value="true" />
    <property name="javadoc.splitindex" value="true" />
    <property name="file.separator" value="\" />
    <property name="libs.Java-EE-GlassFish-v3-Prelude.maven-pom" value="" />
    <property name="libs.junit_4.maven-pom" value="" />
    <property name="mkdist.disabled" value="false" />
    <property name="javac.test.processorpath" value="lib\jcardsim-2.2.2-all.jar:build/classes:E:\Program Files\NetBeans 8.0.2\platform\modules\ext\junit-4.10.jar" />
    <property name="netbeans.buildnumber" value="201411181905" />
    <property name="libs.JWSAntTasks.javadoc" value="" />
    <property name="build.generated.sources.dir" value="build/generated-sources" />
    <property name="user.variant" value="" />
    <property name="libs.eclipselinkmodelgen.classpath" value="E:\Program Files\NetBeans 8.0.2\java\modules\ext\eclipselink\org.eclipse.persistence.jpa.modelgen_2.5.2.v20140319-9ad6abd.jar" />
    <property name="libs.javaee-endorsed-api-7.0.src" value="" />
    <property name="sun.java.launcher" value="SUN_STANDARD" />
    <property name="libs.junit.classpath" value="E:\Program Files\NetBeans 8.0.2\java\modules\ext\junit-3.8.2.jar" />
    <property name="libs.hibernate4-persistencemodelgen.javadoc" value="" />
    <property name="libs.jaxb.javadoc" value="E:\Program Files\NetBeans 8.0.2\ide\docs\jaxb-api-doc.zip" />
    <property name="libs.struts.classpath" value="E:\Program Files\NetBeans 8.0.2\enterprise\modules\ext\struts\antlr-2.7.2.jar;E:\Program Files\NetBeans 8.0.2\enterprise\modules\ext\struts\bsf-2.3.0.jar;E:\Program Files\NetBeans 8.0.2\enterprise\modules\ext\struts\commons-beanutils-1.8.0.jar;E:\Program Files\NetBeans 8.0.2\enterprise\modules\ext\struts\commons-chain-1.2.jar;E:\Program Files\NetBeans 8.0.2\enterprise\modules\ext\struts\commons-digester-1.8.jar;E:\Program Files\NetBeans 8.0.2\enterprise\modules\ext\struts\commons-fileupload-1.1.1.jar;E:\Program Files\NetBeans 8.0.2\enterprise\modules\ext\struts\commons-io-1.1.jar;E:\Program Files\NetBeans 8.0.2\enterprise\modules\ext\struts\commons-logging-1.0.4.jar;E:\Program Files\NetBeans 8.0.2\enterprise\modules\ext\struts\commons-validator-1.3.1.jar;E:\Program Files\NetBeans 8.0.2\enterprise\modules\ext\struts\jstl-1.0.2.jar;E:\Program Files\NetBeans 8.0.2\enterprise\modules\ext\struts\oro-2.0.8.jar;E:\Program Files\NetBeans 8.0.2\enterprise\modules\ext\struts\standard-1.0.6.jar;E:\Program Files\NetBeans 8.0.2\enterprise\modules\ext\struts\struts-core-1.3.10.jar;E:\Program Files\NetBeans 8.0.2\enterprise\modules\ext\struts\struts-el-1.3.10.jar;E:\Program Files\NetBeans 8.0.2\enterprise\modules\ext\struts\struts-extras-1.3.10.jar;E:\Program Files\NetBeans 8.0.2\enterprise\modules\ext\struts\struts-faces-1.3.10.jar;E:\Program Files\NetBeans 8.0.2\enterprise\modules\ext\struts\struts-mailreader-dao-1.3.10.jar;E:\Program Files\NetBeans 8.0.2\enterprise\modules\ext\struts\struts-scripting-1.3.10.jar;E:\Program Files\NetBeans 8.0.2\enterprise\modules\ext\struts\struts-taglib-1.3.10.jar;E:\Program Files\NetBeans 8.0.2\enterprise\modules\ext\struts\struts-tiles-1.3.10.jar" />
    <property name="ant.home" value="E:\Program Files\NetBeans 8.0.2\extide\ant" />
    <property name="libs.junit_4.src" value="E:\Program Files\NetBeans 8.0.2\java\docs\junit-4.10-sources.jar" />
    <property name="libs.testng.classpath" value="E:\Program Files\NetBeans 8.0.2\platform\modules\ext\testng-6.8.1-dist.jar" />
    <property name="libs.absolutelayout.maven-pom" value="" />
    <property name="ant.java.version" value="1.8" />
    <property name="java.library.path" value="E:\Program Files\Java\jdk1.8.0_40\jre\bin;C:\Windows\Sun\Java\bin;C:\Windows\system32;C:\Windows;C:\Program Files\Haskell\bin;E:\Program Files\Haskell\lib\extralibs\bin;E:\Program Files\Haskell\bin;E:\Program Files\Perl64\site\bin;E:\Program Files\Perl64\bin;D:\Program Files\Perl64\site\bin;D:\Program Files\Perl64\bin;C:\ProgramData\Oracle\Java\javapath;C:\Windows\system32;C:\Windows;C:\Windows\System32\Wbem;C:\Windows\System32\WindowsPowerShell\v1.0\;C:\Program Files\Microsoft SQL Server\110\Tools\Binn\;E:\Program Files\MiKTeX 2.9\miktex\bin\x64\;E:\Strawberry\c\bin;E:\Strawberry\perl\site\bin;E:\Strawberry\perl\bin;C:\Program Files\OpenVPN\bin;E:\Program Files\CMake\bin;E:\Program Files\BaseX\bin;C:\Users\User Lubo\AppData\Local\GitHub\PortableGit_c2ba306e536fdf878271f7fe636a147ff37326ad\cmd;C:\Program Files (x86)\NVIDIA Corporation\PhysX\Common;C:\Program Files (x86)\Skype\Phone\;E:\Program Files\GnuPG\pub;E:\Program Files\doxygen\bin;E:\Program Files\Haskell\mingw\bin;C:\Windows\system32\config\systemprofile\.dnx\bin;C:\Program Files\Microsoft DNX\Dnvm\;C:\Program Files (x86)\Windows Kits\8.1\Windows Performance Toolkit\;C:\Program Files\Microsoft SQL Server\120\Tools\Binn\;C:\Windows\SysWOW64\WindowsPowerShell\v1.0\Modules\TShell\TShell\;C:\Program Files (x86)\Windows Kits\10\Windows Performance Toolkit\;C:\Users\User Lubo\AppData\Roaming\cabal\bin;E:\Program Files\Java\jdk1.8.0_40\bin;E:\Program Files\Java\apache-ant-1.9.6\bin;." />
    <property name="javadoc.author" value="false" />
    <property name="libs.metro.maven-pom" value="" />
    <property name="libs.EclipseLink-GlassFish-v3.src" value="" />
    <property name="java.util.logging.config.class" value="org.netbeans.core.startup.TopLogging" />
    <property name="libs.spring-framework400.src" value="" />
    <property name="libs.PostgreSQLDriver.src" value="" />
    <property name="sun.arch.data.model" value="64" />
    <property name="basedir" value="E:\UserData\Documents\MUNI\pv204\7Zip-Javacard-security_PV204_Eteam\JavacardSimulation\AppletTester" />
    <property name="libs.jpa20-persistence.maven-pom" value="" />
    <property name="jar.compress" value="true" />
    <property name="libs.javaee-web-api-7.0.classpath" value="E:\Program Files\NetBeans 8.0.2\enterprise\modules\ext\javaee-web-api-7.0.jar" />
    <property name="ant.file.type.AppletTester-impl" value="file" />
    <property name="path.separator" value=";" />
    <property name="libs.javaee-web-api-6.0.javadoc" value="E:\Program Files\NetBeans 8.0.2\enterprise\docs\javaee-doc-api.jar" />
    <property name="ant.junit.enabletestlistenerevents" value="true" />
    <property name="sun.io.unicode.encoding" value="UnicodeLittle" />
    <property name="libs.jaxws21.classpath" value="E:\Program Files\NetBeans 8.0.2\ide\modules\ext\jaxb\jaxb-impl.jar;E:\Program Files\NetBeans 8.0.2\ide\modules\ext\jaxb\jaxb-xjc.jar;E:\Program Files\NetBeans 8.0.2\java\modules\ext\jaxws22\FastInfoset.jar;E:\Program Files\NetBeans 8.0.2\java\modules\ext\jaxws22\gmbal-api-only.jar;E:\Program Files\NetBeans 8.0.2\java\modules\ext\jaxws22\ha-api.jar;E:\Program Files\NetBeans 8.0.2\java\modules\ext\jaxws22\javax.mail_1.4.jar;E:\Program Files\NetBeans 8.0.2\java\modules\ext\jaxws22\jaxws-rt.jar;E:\Program Files\NetBeans 8.0.2\java\modules\ext\jaxws22\jaxws-tools.jar;E:\Program Files\NetBeans 8.0.2\java\modules\ext\jaxws22\management-api.jar;E:\Program Files\NetBeans 8.0.2\java\modules\ext\jaxws22\mimepull.jar;E:\Program Files\NetBeans 8.0.2\java\modules\ext\jaxws22\policy.jar;E:\Program Files\NetBeans 8.0.2\java\modules\ext\jaxws22\saaj-impl.jar;E:\Program Files\NetBeans 8.0.2\java\modules\ext\jaxws22\stax-ex.jar;E:\Program Files\NetBeans 8.0.2\java\modules\ext\jaxws22\stax2-api.jar;E:\Program Files\NetBeans 8.0.2\java\modules\ext\jaxws22\streambuffer.jar;E:\Program Files\NetBeans 8.0.2\java\modules\ext\jaxws22\woodstox-core-asl.jar;E:\Program Files\NetBeans 8.0.2\java\modules\ext\jaxws22\api\jaxws-api.jar;E:\Program Files\NetBeans 8.0.2\java\modules\ext\jaxws22\api\jsr181-api.jar;E:\Program Files\NetBeans 8.0.2\java\modules\ext\jaxws22\api\javax.annotation.jar;E:\Program Files\NetBeans 8.0.2\java\modules\ext\jaxws22\api\saaj-api.jar;E:\Program Files\NetBeans 8.0.2\ide\modules\ext\jaxb\activation.jar;E:\Program Files\NetBeans 8.0.2\ide\modules\ext\jaxb\api\jaxb-api.jar;E:\Program Files\NetBeans 8.0.2\ide\modules\ext\jaxb\api\jsr173_1.0_api.jar" />
    <property name="libs.struts.src" value="" />
    <property name="compile.on.save" value="true" />
    <property name="apple.awt.graphics.UseQuartz" value="true" />
    <property name="user.language" value="en" />
    <property name="testng.mode" value="testng" />
    <property name="libs.JAXB-ENDORSED.maven-pom" value="" />
    <property name="libs.eclipselink.maven-pom" value="" />
    <property name="application.vendor" value="User Lubo" />
    <property name="test.binaryincludes" value="&lt;nothing&gt;" />
    <property name="manifest.available" value="true" />
    <property name="libs.primefaces.javadoc" value="" />
    <property name="libs.spring-framework300.maven-pom" value="" />
    <property name="run.test.classpath" value="lib\jcardsim-2.2.2-all.jar:build/classes:E:\Program Files\NetBeans 8.0.2\platform\modules\ext\junit-4.10.jar:build/test/classes" />
    <property name="ant.project.invoked-targets" value="test" />
    <property name="test.binaryexcludes" value="" />
    <property name="libs.swing-layout.javadoc" value="E:\Program Files\NetBeans 8.0.2\platform\docs\swing-layout-1.0.4-doc.zip" />
    <property name="sun.java2d.dpiaware" value="true" />
    <property name="libs.hibernate4-persistence.maven-pom" value="" />
    <property name="https.nonProxyHosts" value="localhost|127.0.0.1|Lubo" />
    <property name="libs.PostgreSQLDriver.maven-pom" value="" />
    <property name="java.class.version" value="52.0" />
    <property name="libs.JAVADB_DRIVER_LABEL.classpath" value="E:\Program Files\Java\jdk1.8.0_40\db\lib\derby.jar;E:\Program Files\Java\jdk1.8.0_40\db\lib\derbyclient.jar;E:\Program Files\Java\jdk1.8.0_40\db\lib\derbynet.jar" />
    <property name="libs.hibernate4-persistencemodelgen.maven-pom" value="" />
    <property name="libs.javaee-endorsed-api-6.0.src" value="" />
    <property name="libs.eclipselink.javadoc" value="E:\Program Files\NetBeans 8.0.2\java\modules\ext\docs\javax.persistence-2.1.0-doc.zip" />
    <property name="libs.jsp-compilation.maven-pom" value="" />
    <property name="ant.file.AppletTester-impl" value="E:\UserData\Documents\MUNI\pv204\7Zip-Javacard-security_PV204_Eteam\JavacardSimulation\AppletTester\nbproject\build-impl.xml" />
    <property name="user.properties.file" value="C:\Users\User Lubo\AppData\Roaming\NetBeans\8.0.2\build.properties" />
    <property name="runtime.encoding" value="UTF-8" />
    <property name="libs.javac-api.maven-pom" value="" />
    <property name="file.encoding.pkg" value="sun.io" />
    <property name="sun.cpu.endian" value="little" />
    <property name="libs.JAXB-ENDORSED.javadoc" value="" />
    <property name="libs.JWSAntTasks.classpath" value="E:\Program Files\NetBeans 8.0.2\java\ant\extra\org-netbeans-modules-javawebstart-anttasks.jar" />
    <property name="libs.spring-webmvc4.0.maven-pom" value="" />
    <property name="libs.spring-framework300.src" value="" />
    <property name="libs.jstl.src" value="" />
    <property name="empty.dir" value="E:\UserData\Documents\MUNI\pv204\7Zip-Javacard-security_PV204_Eteam\JavacardSimulation\AppletTester\build\empty" />
    <property name="version-output" value="java version &quot;1.8" />
    <property name="test.binarytestincludes" value="" />
    <property name="libs.hibernate4-persistencemodelgen.src" value="" />
    <property name="javadoc.preview" value="true" />
    <property name="libs.jpa20-persistence.javadoc" value="E:\Program Files\NetBeans 8.0.2\java\modules\ext\docs\javax.persistence-2.1.0-doc.zip" />
    <property name="java.home" value="E:\Program Files\Java\jdk1.8.0_40\jre" />
    <property name="libs.jsp-compilation.src" value="" />
    <property name="debug.test.classpath" value="lib\jcardsim-2.2.2-all.jar:build/classes:E:\Program Files\NetBeans 8.0.2\platform\modules\ext\junit-4.10.jar:build/test/classes" />
    <property name="libs.javaee-endorsed-api-6.0.classpath" value="E:\Program Files\NetBeans 8.0.2\enterprise\modules\ext\javaee6-endorsed\javax.annotation.jar;E:\Program Files\NetBeans 8.0.2\enterprise\modules\ext\javaee6-endorsed\jaxb-api-osgi.jar;E:\Program Files\NetBeans 8.0.2\enterprise\modules\ext\javaee6-endorsed\webservices-api-osgi.jar" />
    <property name="libs.javaee-api-6.0.src" value="" />
    <property name="netbeans.importclass" value="org.netbeans.upgrade.AutoUpgrade" />
    <property name="ant.project.default-target" value="default" />
    <property name="annotation.processing.run.all.processors" value="true" />
    <property name="libs.PostgreSQLDriver.javadoc" value="" />
    <property name="libs.restlib.classpath" value="E:\Program Files\NetBeans 8.0.2\enterprise\modules\ext\jersey2\ext\asm-all-repackaged-2.2.0-b21.jar;E:\Program Files\NetBeans 8.0.2\enterprise\modules\ext\jersey2\ext\cglib-2.2.0-b21.jar;E:\Program Files\NetBeans 8.0.2\enterprise\modules\ext\jersey2\ext\guava-14.0.1.jar;E:\Program Files\NetBeans 8.0.2\enterprise\modules\ext\jersey2\ext\hk2-api-2.2.0-b21.jar;E:\Program Files\NetBeans 8.0.2\enterprise\modules\ext\jersey2\ext\hk2-locator-2.2.0-b21.jar;E:\Program Files\NetBeans 8.0.2\enterprise\modules\ext\jersey2\ext\hk2-utils-2.2.0-b21.jar;E:\Program Files\NetBeans 8.0.2\enterprise\modules\ext\jersey2\ext\javax.annotation-api-1.2.jar;E:\Program Files\NetBeans 8.0.2\enterprise\modules\ext\jersey2\ext\javax.inject-2.2.0-b21.jar;E:\Program Files\NetBeans 8.0.2\enterprise\modules\ext\jersey2\ext\javax.servlet-api-3.0.1.jar;E:\Program Files\NetBeans 8.0.2\enterprise\modules\ext\jersey2\ext\jaxb-api-2.2.7.jar;E:\Program Files\NetBeans 8.0.2\enterprise\modules\ext\jersey2\ext\jersey-entity-filtering-2.5.1.jar;E:\Program Files\NetBeans 8.0.2\enterprise\modules\ext\jersey2\ext\jersey-media-moxy-2.5.1.jar;E:\Program Files\NetBeans 8.0.2\enterprise\modules\ext\jersey2\ext\org.osgi.core-4.2.0.jar;E:\Program Files\NetBeans 8.0.2\enterprise\modules\ext\jersey2\ext\osgi-resource-locator-1.0.1.jar;E:\Program Files\NetBeans 8.0.2\enterprise\modules\ext\jersey2\ext\persistence-api-1.0.jar;E:\Program Files\NetBeans 8.0.2\enterprise\modules\ext\jersey2\ext\validation-api-1.1.0.Final.jar;E:\Program Files\NetBeans 8.0.2\enterprise\modules\ext\jersey2\jersey-client.jar;E:\Program Files\NetBeans 8.0.2\enterprise\modules\ext\jersey2\jersey-common.jar;E:\Program Files\NetBeans 8.0.2\enterprise\modules\ext\jersey2\jersey-container-servlet.jar;E:\Program Files\NetBeans 8.0.2\enterprise\modules\ext\jersey2\jersey-container-servlet-core.jar;E:\Program Files\NetBeans 8.0.2\enterprise\modules\ext\jersey2\jersey-server.jar;E:\Program Files\NetBeans 8.0.2\java\modules\ext\eclipselink\eclipselink.jar" />
    <property name="libs.MySQLDriver.maven-pom" value="" />
    <property name="libs.hibernate4-persistence.javadoc" value="E:\Program Files\NetBeans 8.0.2\java\modules\ext\docs\javax.persistence-2.1.0-doc.zip" />
    <property name="http.nonProxyHosts" value="localhost|127.0.0.1|Lubo" />
    <property name="libs.junit_4.javadoc" value="E:\Program Files\NetBeans 8.0.2\java\docs\junit-4.10-javadoc.jar" />
    <property name="libs.EclipseLink-GlassFish-v3.maven-pom" value="" />
    <property name="libs.javaee-web-api-6.0.maven-pom" value="" />
    <property name="run.classpath" value="lib\jcardsim-2.2.2-all.jar:build/classes" />
    <property name="jna.boot.library.name" value="jnidispatch-410" />
    <property name="libs.javaee-endorsed-api-6.0.javadoc" value="E:\Program Files\NetBeans 8.0.2\enterprise\docs\javaee-doc-api.jar" />
    <property name="libs.javaee-api-7.0.classpath" value="E:\Program Files\NetBeans 8.0.2\enterprise\modules\ext\javaee-api-7.0.jar" />
    <property name="sun.awt.datatransfer.timeout" value="1000" />
    <property name="libs.spring-webmvc3.0.javadoc" value="" />
    <property name="libs.jpa2-persistence.maven-pom" value="" />
    <property name="annotation.processing.enabled.in.editor" value="false" />
    <property name="libs.hibernate4-support.classpath" value="E:\Program Files\NetBeans 8.0.2\java\modules\ext\hibernate4\antlr-2.7.7.jar;E:\Program Files\NetBeans 8.0.2\java\modules\ext\hibernate4\c3p0-0.9.2.1.jar;E:\Program Files\NetBeans 8.0.2\java\modules\ext\hibernate4\hibernate-c3p0-4.3.1.Final.jar;E:\Program Files\NetBeans 8.0.2\java\modules\ext\hibernate4\mchange-commons-java-0.2.3.4.jar;E:\Program Files\NetBeans 8.0.2\java\modules\ext\hibernate4\dom4j-1.6.1.jar;E:\Program Files\NetBeans 8.0.2\java\modules\ext\hibernate4\ehcache-core-2.4.3.jar;E:\Program Files\NetBeans 8.0.2\java\modules\ext\hibernate4\hibernate-ehcache-4.3.1.Final.jar;E:\Program Files\NetBeans 8.0.2\java\modules\ext\hibernate4\hibernate-core-4.3.1.Final.jar;E:\Program Files\NetBeans 8.0.2\java\modules\ext\hibernate4\jboss-logging-3.1.3.GA.jar;E:\Program Files\NetBeans 8.0.2\java\modules\ext\hibernate4\hibernate-commons-annotations-4.0.4.Final.jar;E:\Program Files\NetBeans 8.0.2\java\modules\ext\hibernate4\hibernate-entitymanager-4.3.1.Final.jar;E:\Program Files\NetBeans 8.0.2\java\modules\ext\hibernate4\javassist-3.18.1-GA.jar;E:\Program Files\NetBeans 8.0.2\java\modules\ext\hibernate4\jboss-transaction-api_1.2_spec-1.0.0.Final.jar;E:\Program Files\NetBeans 8.0.2\java\modules\ext\hibernate4\slf4j-api-1.6.1.jar;E:\Program Files\NetBeans 8.0.2\java\modules\ext\hibernate4\slf4j-simple-1.6.1.jar" />
    <property name="nb.native.filechooser" value="false" />
    <property name="libs.restapi.src" value="" />
    <property name="sun.management.compiler" value="HotSpot 64-Bit Tiered Compilers" />
    <property name="javac.deprecation" value="false" />
    <property name="javadoc.use" value="true" />
    <property name="sun.java2d.noddraw" value="true" />
    <property name="libs.jsp-compiler.classpath" value="E:\Program Files\NetBeans 8.0.2\enterprise\ant\extra\jspcompile.jar" />
    <property name="javac.processorpath" value="lib\jcardsim-2.2.2-all.jar" />
    <property name="javac.compilerargs" value="" />
    <property name="ant.file" value="E:\UserData\Documents\MUNI\pv204\7Zip-Javacard-security_PV204_Eteam\JavacardSimulation\AppletTester\build.xml" />
    <property name="libs.beans-binding.maven-pom" value="" />
    <property name="libs.hibernate4-support.javadoc" value="E:\Program Files\NetBeans 8.0.2\java\modules\ext\docs\javax.persistence-2.1.0-doc.zip" />
    <property name="libs.jsf12.classpath" value="E:\Program Files\NetBeans 8.0.2\enterprise\modules\ext\jsf-1_2\commons-beanutils.jar;E:\Program Files\NetBeans 8.0.2\enterprise\modules\ext\jsf-1_2\commons-collections.jar;E:\Program Files\NetBeans 8.0.2\enterprise\modules\ext\jsf-1_2\commons-digester.jar;E:\Program Files\NetBeans 8.0.2\enterprise\modules\ext\jsf-1_2\commons-logging.jar;E:\Program Files\NetBeans 8.0.2\enterprise\modules\ext\jsf-1_2\jsf-api.jar;E:\Program Files\NetBeans 8.0.2\enterprise\modules\ext\jsf-1_2\jsf-impl.jar" />
    <property name="libs.Java-EE-GlassFish-v3-Prelude.classpath" value="E:\Program Files\glassfish-4.1\glassfish\modules\endorsed\javax.annotation-api.jar;E:\Program Files\glassfish-4.1\glassfish\modules\endorsed\jaxb-api.jar;E:\Program Files\glassfish-4.1\glassfish\modules\endorsed\webservices-api-osgi.jar;E:\Program Files\glassfish-4.1\glassfish\modules\bean-validator.jar;E:\Program Files\glassfish-4.1\glassfish\modules\javax.batch-api.jar;E:\Program Files\glassfish-4.1\glassfish\modules\javax.ejb-api.jar;E:\Program Files\glassfish-4.1\glassfish\modules\javax.el.jar;E:\Program Files\glassfish-4.1\glassfish\modules\javax.enterprise.concurrent-api.jar;E:\Program Files\glassfish-4.1\glassfish\modules\javax.enterprise.concurrent.jar;E:\Program Files\glassfish-4.1\glassfish\modules\javax.enterprise.deploy-api.jar;E:\Program Files\glassfish-4.1\glassfish\modules\javax.faces.jar;E:\Program Files\glassfish-4.1\glassfish\modules\javax.inject.jar;E:\Program Files\glassfish-4.1\glassfish\modules\javax.interceptor-api.jar;E:\Program Files\glassfish-4.1\glassfish\modules\javax.jms-api.jar;E:\Program Files\glassfish-4.1\glassfish\modules\javax.json.jar;E:\Program Files\glassfish-4.1\glassfish\modules\javax.mail.jar;E:\Program Files\glassfish-4.1\glassfish\modules\javax.management.j2ee-api.jar;E:\Program Files\glassfish-4.1\glassfish\modules\javax.persistence.jar;E:\Program Files\glassfish-4.1\glassfish\modules\javax.resource-api.jar;E:\Program Files\glassfish-4.1\glassfish\modules\javax.security.auth.message-api.jar;E:\Program Files\glassfish-4.1\glassfish\modules\javax.security.jacc-api.jar;E:\Program Files\glassfish-4.1\glassfish\modules\javax.servlet-api.jar;E:\Program Files\glassfish-4.1\glassfish\modules\javax.servlet.jsp-api.jar;E:\Program Files\glassfish-4.1\glassfish\modules\javax.servlet.jsp.jar;E:\Program Files\glassfish-4.1\glassfish\modules\javax.servlet.jsp.jstl-api.jar;E:\Program Files\glassfish-4.1\glassfish\modules\javax.servlet.jsp.jstl.jar;E:\Program Files\glassfish-4.1\glassfish\modules\javax.transaction-api.jar;E:\Program Files\glassfish-4.1\glassfish\modules\javax.websocket-api.jar;E:\Program Files\glassfish-4.1\glassfish\modules\javax.ws.rs-api.jar;E:\Program Files\glassfish-4.1\glassfish\modules\javax.xml.registry-api.jar;E:\Program Files\glassfish-4.1\glassfish\modules\javax.xml.rpc-api.jar;E:\Program Files\glassfish-4.1\glassfish\modules\jaxb-osgi.jar;E:\Program Files\glassfish-4.1\glassfish\modules\webservices-osgi.jar;E:\Program Files\glassfish-4.1\glassfish\modules\weld-osgi-bundle.jar;E:\Program Files\glassfish-4.1\mq\lib\jaxm-api.jar" />
    <property name="libs.jstl.maven-pom" value="" />
    <property name="libs.restapi.maven-pom" value="" />
    <property name="libs.beans-binding.src" value="" />
    <property name="java.vm.specification.vendor" value="Oracle Corporation" />
    <property name="libs.swing-layout.src" value="E:\Program Files\NetBeans 8.0.2\platform\docs\swing-layout-1.0.4-src.zip" />
    <property name="org.openide.major.version" value="IDE/1" />
    <property name="java.vm.name" value="Java HotSpot(TM) 64-Bit Server VM" />
    <property name="netbeans.user" value="C:\Users\User Lubo\AppData\Roaming\NetBeans\8.0.2" />
    <property name="javadoc.additionalparam" value="" />
    <property name="java.io.tmpdir" value="C:\Users\USERLU~1\AppData\Local\Temp\" />
    <property name="java.vendor.url" value="http://java.oracle.com/" />
    <property name="endorsed.classpath.cmd.line.arg" value="" />
    <property name="junit.available" value="true" />
    <property name="libs.jsp-compiler.src" value="" />
    <property name="org.openide.awt.ActionReference.completion" value="org.netbeans.modules.apisupport.project.layers.PathCompletions" />
    <property name="sun.boot.library.path" value="E:\Program Files\Java\jdk1.8.0_40\jre\bin" />
    <property name="have.sources" value="true" />
    <property name="debug.classpath" value="lib\jcardsim-2.2.2-all.jar:build/classes" />
    <property name="javadoc.private" value="false" />
    <property name="test.src.dir" value="test" />
    <property name="libs.jsf20.classpath" value="E:\Program Files\NetBeans 8.0.2\enterprise\modules\ext\jsf-2_2\javax.faces.jar" />
    <property name="ap.processors.internal" value="" />
    <property name="meta.inf.dir" value="src/META-INF" />
    <property name="javadoc.encoding.used" value="UTF-8" />
    <property name="dist.jar" value="dist/AppletTester.jar" />
    <property name="libs.spring-framework400.maven-pom" value="" />
    <property name="java.runtime.name" value="Java(TM) SE Runtime Environment" />
    <property name="ant.project.name" value="AppletTester" />
    <property name="netbeans.hash.code" value="unique=NB_EXTIDE_GFMOD_JAVA_TOMCAT_WEBCOMMON_WEBEE057aadd72-f183-489f-9501-db86e5e55d47_c81b3e99-8568-443d-9984-e7d8ca519ad6" />
    <property name="netbeans.default_userdir_root" value="C:\Users\User Lubo\AppData\Roaming\NetBeans" />
    <property name="libs.jsp-compilation-syscp.maven-pom" value="" />
    <property name="sun.cpu.isalist" value="amd64" />
    <property name="libs.spring-framework400.javadoc" value="" />
    <property name="libs.CopyLibs.javadoc" value="" />
    <property name="org.openide.specification.version" value="6.2" />
    <property name="user.home" value="C:\Users\User Lubo" />
    <property name="annotation.processing.processors.list" value="" />
    <property name="libs.primefaces.maven-pom" value="" />
    <property name="debug-args-line" value="-Xdebug" />
    <property name="libs.javaee-api-6.0.maven-pom" value="" />
    <property name="libs.JWSAntTasks.src" value="" />
    <property name="jar.index" value="false" />
    <property name="libs.CopyLibs.maven-pom" value="" />
    <property name="libs.spring-framework300.javadoc" value="" />
    <property name="libs.absolutelayout.javadoc" value="" />
    <property name="java.specification.name" value="Java Platform API Specification" />
    <property name="do.archive+main.class.available" value="true" />
    <property name="java.specification.vendor" value="Oracle Corporation" />
    <property name="libs.javac-api.classpath" value="E:\Program Files\NetBeans 8.0.2\java\modules\ext\nb-javac-api.jar" />
    <property name="java.version" value="1.8.0_40" />
    <property name="run.jvmargs.ide" value="" />
    <property name="javadoc.version" value="false" />
    <property name="libs.MySQLDriver.javadoc" value="" />
    <property name="org.openide.version" value="deprecated" />
    <property name="platform.java" value="E:\Program Files\Java\jdk1.8.0_40\jre/bin/java" />
    <property name="source.encoding" value="UTF-8" />
    <property name="ap.cmd.line.internal" value="" />
    <property name="libs.eclipselinkmodelgen.maven-pom" value="" />
    <property name="libs.jsp-compilation-syscp.javadoc" value="" />
    <property name="libs.junit.maven-pom" value="" />
    <property name="libs.eclipselinkmodelgen.javadoc" value="" />
    <property name="libs.javaee-endorsed-api-7.0.classpath" value="E:\Program Files\NetBeans 8.0.2\enterprise\modules\ext\javaee7-endorsed\javax.annotation-api.jar;E:\Program Files\NetBeans 8.0.2\enterprise\modules\ext\javaee7-endorsed\javax.xml.soap-api.jar;E:\Program Files\NetBeans 8.0.2\enterprise\modules\ext\javaee7-endorsed\jaxb-api-osgi.jar;E:\Program Files\NetBeans 8.0.2\enterprise\modules\ext\javaee7-endorsed\jaxws-api.jar;E:\Program Files\NetBeans 8.0.2\enterprise\modules\ext\javaee7-endorsed\jsr181-api.jar" />
    <property name="libs.metro.javadoc" value="E:\Program Files\NetBeans 8.0.2\enterprise\docs\metro-1.4-doc.zip" />
    <property name="libs.struts.maven-pom" value="" />
    <property name="netbeans.home+have.tests" value="true" />
    <property name="annotation.processing.processor.options" value="" />
    <property name="libs.testng.maven-pom" value="" />
    <property name="libs.jaxb.src" value="" />
    <property name="work.dir" value="E:\UserData\Documents\MUNI\pv204\7Zip-Javacard-security_PV204_Eteam\JavacardSimulation\AppletTester" />
    <property name="libs.jaxb.classpath" value="E:\Program Files\NetBeans 8.0.2\ide\modules\ext\jaxb\jaxb-impl.jar;E:\Program Files\NetBeans 8.0.2\ide\modules\ext\jaxb\jaxb-xjc.jar;E:\Program Files\NetBeans 8.0.2\ide\modules\ext\jaxb\jaxb1-impl.jar;E:\Program Files\NetBeans 8.0.2\ide\modules\ext\jaxb\activation.jar;E:\Program Files\NetBeans 8.0.2\ide\modules\ext\jaxb\api\jaxb-api.jar;E:\Program Files\NetBeans 8.0.2\ide\modules\ext\jaxb\api\jsr173_1.0_api.jar" />
    <property name="file.reference.jcardsim-2.2.2-all.jar" value="lib\jcardsim-2.2.2-all.jar" />
    <property name="do.depend" value="false" />
    <property name="dist.javadoc.dir" value="dist/javadoc" />
    <property name="libs.swing-layout.classpath" value="E:\Program Files\NetBeans 8.0.2\platform\modules\ext\swing-layout-1.0.4.jar" />
    <property name="libs.spring-webmvc3.0.classpath" value="E:\Program Files\NetBeans 8.0.2\java\modules\ext\spring-3.0\spring-webmvc-3.2.7.RELEASE.jar" />
    <property name="libs.javaee-web-api-7.0.maven-pom" value="" />
    <property name="libs.restlib.src" value="" />
    <property name="javac.source" value="1.8" />
    <property name="build.generated.dir" value="build/generated" />
    <property name="line.separator" value="&#xd;&#xa;" />
    <property name="java.specification.version" value="1.8" />
    <property name="java.vm.info" value="mixed mode" />
    <property name="libs.jaxws21.maven-pom" value="" />
    <property name="nb.junit.batch" value="true" />
    <property name="junit.forkmode" value="perTest" />
    <property name="sun.boot.class.path" value="E:\Program Files\Java\jdk1.8.0_40\jre\lib\resources.jar;E:\Program Files\Java\jdk1.8.0_40\jre\lib\rt.jar;E:\Program Files\Java\jdk1.8.0_40\jre\lib\sunrsasign.jar;E:\Program Files\Java\jdk1.8.0_40\jre\lib\jsse.jar;E:\Program Files\Java\jdk1.8.0_40\jre\lib\jce.jar;E:\Program Files\Java\jdk1.8.0_40\jre\lib\charsets.jar;E:\Program Files\Java\jdk1.8.0_40\jre\lib\jfr.jar;E:\Program Files\Java\jdk1.8.0_40\jre\classes" />
    <property name="javac.target" value="1.8" />
    <property name="built-jar.properties" value="E:\UserData\Documents\MUNI\pv204\7Zip-Javacard-security_PV204_Eteam\JavacardSimulation\AppletTester\build\built-jar.properties" />
    <property name="build.test.classes.dir" value="build/test/classes" />
    <property name="src.dir" value="src" />
    <property name="sun.awt.keepWorkingSetOnMinimize" value="true" />
    <property name="libs.jpa2-persistence.src" value="" />
    <property name="annotation.processing.enabled" value="true" />
    <property name="libs.jsf20.src" value="" />
    <property name="libs.jpa20-persistence.src" value="" />
    <property name="libs.jsf12.src" value="" />
    <property name="libs.JAVADB_DRIVER_LABEL.maven-pom" value="" />
    <property name="libs.struts.javadoc" value="E:\Program Files\NetBeans 8.0.2\enterprise\docs\struts-1.3.10-javadoc.zip" />
    <property name="ignore.failing.tests" value="true" />
    <property name="libs.Comet-GlassFish-v3.classpath" value="" />
    <property name="libs.javaee-web-api-7.0.src" value="" />
    <property name="libs.primefaces.src" value="" />
    <property name="dist.dir" value="dist" />
    <property name="testng.debug.mode" value="" />
    <property name="javac.fork" value="false" />
    <property name="java.awt.printerjob" value="sun.awt.windows.WPrinterJob" />
    <property name="default.javac.source" value="1.8" />
    <property name="debug-transport-by-os" value="dt_shmem" />
    <property name="libs.MySQLDriver.src" value="" />
    <property name="sun.jnu.encoding" value="Cp1252" />
    <property name="build.test.results.dir" value="build/test/results" />
    <property name="java.runtime.version" value="1.8.0_40-b26" />
    <property name="default.javac.target" value="1.8" />
    <property name="libs.junit_4.classpath" value="E:\Program Files\NetBeans 8.0.2\platform\modules\ext\junit-4.10.jar" />
    <property name="user.timezone" value="Europe/Prague" />
    <property name="nb.junit.single" value="false" />
    <property name="do.jar" value="true" />
    <property name="libs.JAVADB_DRIVER_LABEL.javadoc" value="" />
    <property name="libs.javaee-endorsed-api-6.0.maven-pom" value="" />
    <property name="netbeans.dirs" value="E:\Program Files\NetBeans 8.0.2\nb;E:\Program Files\NetBeans 8.0.2\ergonomics;E:\Program Files\NetBeans 8.0.2\ide;E:\Program Files\NetBeans 8.0.2\extide;E:\Program Files\NetBeans 8.0.2\java;E:\Program Files\NetBeans 8.0.2\apisupport;E:\Program Files\NetBeans 8.0.2\webcommon;E:\Program Files\NetBeans 8.0.2\websvccommon;E:\Program Files\NetBeans 8.0.2\enterprise;E:\Program Files\NetBeans 8.0.2\mobility;E:\Program Files\NetBeans 8.0.2\profiler;E:\Program Files\NetBeans 8.0.2\python;E:\Program Files\NetBeans 8.0.2\php;E:\Program Files\NetBeans 8.0.2\identity;E:\Program Files\NetBeans 8.0.2\harness;E:\Program Files\NetBeans 8.0.2\cnd;E:\Program Files\NetBeans 8.0.2\dlight;E:\Program Files\NetBeans 8.0.2\groovy;E:\Program Files\NetBeans 8.0.2\extra;E:\Program Files\NetBeans 8.0.2\javacard;E:\Program Files\NetBeans 8.0.2\javafx" />
    <property name="libs.jsf20.javadoc" value="E:\Program Files\NetBeans 8.0.2\enterprise\docs\javaee-doc-api.jar" />
    <property name="libs.jstl.javadoc" value="E:\Program Files\NetBeans 8.0.2\enterprise\docs\javaee-doc-api.jar" />
    <property name="java.ext.dirs" value="E:\Program Files\Java\jdk1.8.0_40\jre\lib\ext;C:\Windows\Sun\Java\lib\ext" />
    <property name="libs.metro.src" value="" />
    <property name="endorsed.classpath" value="" />
    <property name="libs.absolutelayout.classpath" value="E:\Program Files\NetBeans 8.0.2\java\modules\ext\AbsoluteLayout.jar" />
    <property name="excludes" value="" />
    <property name="libs.metro.classpath" value="E:\Program Files\NetBeans 8.0.2\ide\modules\ext\jaxb\activation.jar;E:\Program Files\NetBeans 8.0.2\enterprise\modules\ext\metro\webservices-api.jar;E:\Program Files\NetBeans 8.0.2\enterprise\modules\ext\metro\webservices-extra-api.jar;E:\Program Files\NetBeans 8.0.2\enterprise\modules\ext\metro\webservices-extra.jar;E:\Program Files\NetBeans 8.0.2\enterprise\modules\ext\metro\webservices-rt.jar;E:\Program Files\NetBeans 8.0.2\enterprise\modules\ext\metro\webservices-tools.jar" />
    <property name="libs.restlib.maven-pom" value="" />
    <property name="libs.jpa2-persistence.javadoc" value="E:\Program Files\NetBeans 8.0.2\java\modules\ext\docs\javax.persistence-2.1.0-doc.zip" />
    <property name="apple.laf.useScreenMenuBar" value="true" />
    <property name="java.class.path" value="E:\UserData\Documents\MUNI\pv204\7Zip-Javacard-security_PV204_Eteam\JavacardSimulation\AppletTester\lib\jcardsim-2.2.2-all.jar;E:\UserData\Documents\MUNI\pv204\7Zip-Javacard-security_PV204_Eteam\JavacardSimulation\AppletTester\build\classes;E:\Program Files\NetBeans 8.0.2\platform\modules\ext\junit-4.10.jar;E:\UserData\Documents\MUNI\pv204\7Zip-Javacard-security_PV204_Eteam\JavacardSimulation\AppletTester\build\test\classes;E:\Program Files\NetBeans 8.0.2\extide\ant\lib\ant-launcher.jar;E:\Program Files\NetBeans 8.0.2\extide\ant\lib\ant.jar;E:\Program Files\NetBeans 8.0.2\extide\ant\lib\ant-junit.jar;E:\Program Files\NetBeans 8.0.2\extide\ant\lib\ant-junit4.jar" />
    <property name="do.mkdist" value="true" />
    <property name="libs.absolutelayout.src" value="" />
    <property name="libs.jpa20-persistence.classpath" value="E:\Program Files\NetBeans 8.0.2\java\modules\ext\eclipselink\javax.persistence_2.1.0.v201304241213.jar" />
    <property name="os.version" value="6.3" />
    <property name="application.args" value="" />
    <property name="libs.EclipseLink-GlassFish-v3.javadoc" value="E:\Program Files\NetBeans 8.0.2\enterprise\docs\javaee-doc-api.jar" />
    <property name="libs.javaee-api-7.0.maven-pom" value="" />
    <property name="main.class.available" value="true" />
    <property name="sun.awt.enableExtraMouseButtons" value="true" />
    <property name="sun.desktop" value="windows" />
    <property name="libs.hibernate4-persistence.src" value="" />
    <property name="libs.hibernate4-support.maven-pom" value="" />
    <property name="libs.Comet-GlassFish-v3.src" value="" />
    <property name="ant.file.AppletTester" value="E:\UserData\Documents\MUNI\pv204\7Zip-Javacard-security_PV204_Eteam\JavacardSimulation\AppletTester\build.xml" />
    <property name="libs.restlib.javadoc" value="" />
    <property name="libs.JAXB-ENDORSED.classpath" value="E:\Program Files\NetBeans 8.0.2\ide\modules\ext\jaxb\api\jaxb-api.jar" />
    <property name="nb.internal.action.name" value="test" />
    <property name="libs.javaee-api-7.0.javadoc" value="E:\Program Files\NetBeans 8.0.2\enterprise\docs\javaee-doc-api.jar" />
    <property name="libs.eclipselink.classpath" value="E:\Program Files\NetBeans 8.0.2\java\modules\ext\eclipselink\eclipselink.jar;E:\Program Files\NetBeans 8.0.2\java\modules\ext\eclipselink\javax.persistence_2.1.0.v201304241213.jar;E:\Program Files\NetBeans 8.0.2\java\modules\ext\eclipselink\org.eclipse.persistence.jpa.jpql_2.5.2.v20140319-9ad6abd.jar" />
    <property name="libs.beans-binding.javadoc" value="E:\Program Files\NetBeans 8.0.2\java\docs\beansbinding-1.2.1-doc.zip" />
    <property name="java.awt.graphicsenv" value="sun.awt.Win32GraphicsEnvironment" />
    <property name="java.vm.vendor" value="Oracle Corporation" />
    <property name="libs.CopyLibs.classpath" value="E:\Program Files\NetBeans 8.0.2\java\ant\extra\org-netbeans-modules-java-j2seproject-copylibstask.jar" />
    <property name="libs.spring-framework300.classpath" value="E:\Program Files\NetBeans 8.0.2\ide\modules\org-apache-commons-logging.jar;E:\Program Files\NetBeans 8.0.2\java\modules\ext\cglib-2.2.jar;E:\Program Files\NetBeans 8.0.2\java\modules\ext\spring-3.0\spring-aop-3.2.7.RELEASE.jar;E:\Program Files\NetBeans 8.0.2\java\modules\ext\spring-3.0\spring-aspects-3.2.7.RELEASE.jar;E:\Program Files\NetBeans 8.0.2\java\modules\ext\spring-3.0\spring-beans-3.2.7.RELEASE.jar;E:\Program Files\NetBeans 8.0.2\java\modules\ext\spring-3.0\spring-build-src-3.2.7.RELEASE.jar;E:\Program Files\NetBeans 8.0.2\java\modules\ext\spring-3.0\spring-context-3.2.7.RELEASE.jar;E:\Program Files\NetBeans 8.0.2\java\modules\ext\spring-3.0\spring-context-support-3.2.7.RELEASE.jar;E:\Program Files\NetBeans 8.0.2\java\modules\ext\spring-3.0\spring-core-3.2.7.RELEASE.jar;E:\Program Files\NetBeans 8.0.2\java\modules\ext\spring-3.0\spring-expression-3.2.7.RELEASE.jar;E:\Program Files\NetBeans 8.0.2\java\modules\ext\spring-3.0\spring-framework-bom-3.2.7.RELEASE.jar;E:\Program Files\NetBeans 8.0.2\java\modules\ext\spring-3.0\spring-instrument-3.2.7.RELEASE.jar;E:\Program Files\NetBeans 8.0.2\java\modules\ext\spring-3.0\spring-instrument-tomcat-3.2.7.RELEASE.jar;E:\Program Files\NetBeans 8.0.2\java\modules\ext\spring-3.0\spring-jdbc-3.2.7.RELEASE.jar;E:\Program Files\NetBeans 8.0.2\java\modules\ext\spring-3.0\spring-jms-3.2.7.RELEASE.jar;E:\Program Files\NetBeans 8.0.2\java\modules\ext\spring-3.0\spring-orm-3.2.7.RELEASE.jar;E:\Program Files\NetBeans 8.0.2\java\modules\ext\spring-3.0\spring-oxm-3.2.7.RELEASE.jar;E:\Program Files\NetBeans 8.0.2\java\modules\ext\spring-3.0\spring-struts-3.2.7.RELEASE.jar;E:\Program Files\NetBeans 8.0.2\java\modules\ext\spring-3.0\spring-test-3.2.7.RELEASE.jar;E:\Program Files\NetBeans 8.0.2\java\modules\ext\spring-3.0\spring-tx-3.2.7.RELEASE.jar;E:\Program Files\NetBeans 8.0.2\java\modules\ext\spring-3.0\spring-web-3.2.7.RELEASE.jar;E:\Program Files\NetBeans 8.0.2\java\modules\ext\spring-3.0\spring-webmvc-3.2.7.RELEASE.jar;E:\Program Files\NetBeans 8.0.2\java\modules\ext\spring-3.0\spring-webmvc-portlet-3.2.7.RELEASE.jar" />
    <property name="libs.jsp-compiler.maven-pom" value="" />
    <property name="run.jvmargs" value="" />
    <property name="libs.hibernate4-persistence.classpath" value="E:\Program Files\NetBeans 8.0.2\java\modules\ext\hibernate4\antlr-2.7.7.jar;E:\Program Files\NetBeans 8.0.2\java\modules\ext\hibernate4\c3p0-0.9.2.1.jar;E:\Program Files\NetBeans 8.0.2\java\modules\ext\hibernate4\hibernate-c3p0-4.3.1.Final.jar;E:\Program Files\NetBeans 8.0.2\java\modules\ext\hibernate4\mchange-commons-java-0.2.3.4.jar;E:\Program Files\NetBeans 8.0.2\java\modules\ext\hibernate4\dom4j-1.6.1.jar;E:\Program Files\NetBeans 8.0.2\java\modules\ext\hibernate4\ehcache-core-2.4.3.jar;E:\Program Files\NetBeans 8.0.2\java\modules\ext\hibernate4\hibernate-ehcache-4.3.1.Final.jar;E:\Program Files\NetBeans 8.0.2\java\modules\ext\hibernate4\hibernate-core-4.3.1.Final.jar;E:\Program Files\NetBeans 8.0.2\java\modules\ext\hibernate4\jboss-logging-3.1.3.GA.jar;E:\Program Files\NetBeans 8.0.2\java\modules\ext\hibernate4\hibernate-commons-annotations-4.0.4.Final.jar;E:\Program Files\NetBeans 8.0.2\java\modules\ext\hibernate4\hibernate-entitymanager-4.3.1.Final.jar;E:\Program Files\NetBeans 8.0.2\java\modules\ext\hibernate4\javassist-3.18.1-GA.jar;E:\Program Files\NetBeans 8.0.2\java\modules\ext\hibernate4\jboss-transaction-api_1.2_spec-1.0.0.Final.jar;E:\Program Files\NetBeans 8.0.2\java\modules\ext\hibernate4\slf4j-api-1.6.1.jar;E:\Program Files\NetBeans 8.0.2\java\modules\ext\hibernate4\slf4j-simple-1.6.1.jar;E:\Program Files\NetBeans 8.0.2\java\modules\ext\hibernate4\hibernate-jpa-2.1-api-1.0.0.Final.jar" />
    <property name="libs.JAXB-ENDORSED.src" value="" />
    <property name="dist.archive.excludes" value="" />
    <property name="libs.testng.javadoc" value="E:\Program Files\NetBeans 8.0.2\platform\docs\testng-6.8.1-javadoc.zip" />
    <property name="user.script" value="" />
    <property name="libs.PostgreSQLDriver.classpath" value="E:\Program Files\NetBeans 8.0.2\ide\modules\ext\postgresql-9.2-1002.jdbc4.jar" />
    <property name="libs.jsf12.maven-pom" value="" />
    <property name="libs.hibernate4-persistencemodelgen.classpath" value="E:\Program Files\NetBeans 8.0.2\java\modules\ext\hibernate4\hibernate-jpamodelgen-4.3.1.Final.jar" />
    <property name="libs.junit.src" value="" />
    <property name="annotation.processing.source.output" value="build/generated-sources/ap-source-output" />
    <property name="main.class" value="apdutest.APDUTester" />
    <property name="libs.CopyLibs.src" value="" />
    <property name="build.dir" value="build" />
    <property name="libs.jsp-compilation.classpath" value="E:\Program Files\NetBeans 8.0.2\extide\ant\lib\ant.jar;E:\Program Files\NetBeans 8.0.2\enterprise\modules\ext\servlet3.1-jsp2.3-api.jar;E:\Program Files\NetBeans 8.0.2\enterprise\modules\ext\glassfish-jspparser-4.0.jar;E:\Program Files\NetBeans 8.0.2\enterprise\modules\ext\jsf-2_2\javax.faces.jar;E:\Program Files\NetBeans 8.0.2\enterprise\modules\ext\jstl-api.jar;E:\Program Files\NetBeans 8.0.2\extide\ant\lib\ant-launcher.jar" />
    <property name="ant.version" value="Apache Ant(TM) version 1.9.4 compiled on April 29 2014" />
    <property name="file.encoding" value="Cp1252" />
    <property name="build.classes.excludes" value="**/*.java,**/*.form" />
    <property name="jdkBug6558476" value="false" />
    <property name="javadoc.nonavbar" value="false" />
    <property name="libs.spring-webmvc4.0.classpath" value="E:\Program Files\NetBeans 8.0.2\java\modules\ext\spring-4\spring-webmvc-4.0.1.RELEASE.jar" />
    <property name="platform.active" value="default_platform" />
    <property name="awt.toolkit" value="sun.awt.windows.WToolkit" />
    <property name="libs.javaee-web-api-7.0.javadoc" value="E:\Program Files\NetBeans 8.0.2\enterprise\docs\javaee-doc-api.jar" />
  </properties>
  <testcase classname="applet.Applet7ZipTest" name="badInsByte" time="0.201" />
  <testcase classname="applet.Applet7ZipTest" name="setAdminPinLogin" time="0.004" />
  <testcase classname="applet.Applet7ZipTest" name="badClaByte" time="0.002" />
  <testcase classname="applet.Applet7ZipTest" name="derivedKeysTest" time="2.056" />
  <testcase classname="applet.Applet7ZipTest" name="loginUserBadPin" time="0.0" />
  <testcase classname="applet.Applet7ZipTest" name="loginUserGoodPin" time="0.016" />
  <testcase classname="applet.Applet7ZipTest" name="loginAdminBadPin" time="0.0" />
  <testcase classname="applet.Applet7ZipTest" name="setAdminPinBadLength" time="0.0" />
  <testcase classname="applet.Applet7ZipTest" name="deriveNewKeyLogin" time="0.0" />
  <testcase classname="applet.Applet7ZipTest" name="deriveCtrKeyNoLogin" time="0.0" />
  <testcase classname="applet.Applet7ZipTest" name="deriveCtrKeyLogin" time="0.015" />
  <testcase classname="applet.Applet7ZipTest" name="deriveCtrKeyBadCtr" time="0.0" />
  <testcase classname="applet.Applet7ZipTest" name="loginAdminPinTriesBlock" time="0.047" />
  <testcase classname="applet.Applet7ZipTest" name="setPinUserAdminLogin" time="0.0" />
  <testcase classname="applet.Applet7ZipTest" name="setPinUserUserLogin" time="0.0" />
  <testcase classname="applet.Applet7ZipTest" name="generateMasterKeyNoLogin" time="0.0" />
  <testcase classname="applet.Applet7ZipTest" name="retrieveCurrentCtrNoLogin" time="0.0" />
  <testcase classname="applet.Applet7ZipTest" name="setUserPinBadLength" time="0.0" />
  <testcase classname="applet.Applet7ZipTest" name="loginUserPinTriesBlock" time="0.0" />
  <testcase classname="applet.Applet7ZipTest" name="loginUserPinTriesNoBlock" time="0.0" />
  <testcase classname="applet.Applet7ZipTest" name="setPinUserNoLogin" time="0.0" />
  <testcase classname="applet.Applet7ZipTest" name="loginAdminGoodPin" time="0.0" />
  <testcase classname="applet.Applet7ZipTest" name="loginAdminPinTriesNoBlock" time="0.109" />
  <testcase classname="applet.Applet7ZipTest" name="setAdminPinNoLogin" time="0.0" />
  <testcase classname="applet.Applet7ZipTest" name="generateMasterKeyLogin" time="0.016" />
  <testcase classname="applet.Applet7ZipTest" name="generateMasterKeyCtrZero" time="0.0" />
  <testcase classname="applet.Applet7ZipTest" name="retrieveCurrentCtrLogin" time="0.0" />
  <testcase classname="applet.Applet7ZipTest" name="deriveNewKeyNoLogin" time="0.0" />
  <testcase classname="applet.Applet7ZipTest" name="deriveCtrKeyIsValid" time="0.0" />
  <system-out><![CDATA[>>>>
13 69 00 00 00 
6d 00 
<<<<
>>>>
13 72 00 00 10 30 30 30 30 30 30 30 30 30 30 30 30 30 30 30 30 
90 00 
<<<<
>>>>
13 73 00 00 10 00 00 00 00 00 00 00 00 00 00 00 00 00 00 00 01 
90 00 
<<<<
>>>>
13 72 00 00 10 00 00 00 00 00 00 00 00 00 00 00 00 00 00 00 01 
90 00 
<<<<
>>>>
12 00 00 00 00 
6e 00 
<<<<
>>>>
13 70 00 00 04 30 30 30 30 
90 00 
<<<<
>>>>
13 76 00 00 00 
65 32 a0 6e d6 c9 58 3a 09 de ac 55 96 45 5c 62 8b d4 b8 2e bf 7b ed 1b f0 99 9f cd da 64 4c b9 90 00 
<<<<
>>>>
13 75 00 00 00 
00 00 00 00 00 00 00 01 90 00 
<<<<
>>>>
13 76 00 00 00 
2c 9e 8a ba 92 d5 31 0a 5c 5b 34 00 0a 44 49 6f 3d c4 4b 32 63 26 39 c1 1c d5 b5 1e a0 24 e4 b9 90 00 
<<<<
>>>>
13 77 00 00 08 00 00 00 00 00 00 00 01 
65 32 a0 6e d6 c9 58 3a 09 de ac 55 96 45 5c 62 8b d4 b8 2e bf 7b ed 1b f0 99 9f cd da 64 4c b9 90 00 
<<<<
>>>>
13 75 00 00 00 
00 00 00 00 00 00 00 02 90 00 
<<<<
>>>>
13 77 00 00 08 00 00 00 00 00 00 00 02 
2c 9e 8a ba 92 d5 31 0a 5c 5b 34 00 0a 44 49 6f 3d c4 4b 32 63 26 39 c1 1c d5 b5 1e a0 24 e4 b9 90 00 
<<<<
>>>>
13 76 00 00 00 
29 70 a1 8c 11 20 c3 0c 14 1a 14 70 d6 11 30 b7 51 7f 04 74 29 bb ed 77 2c 93 a4 01 5c 39 37 88 90 00 
<<<<
>>>>
13 75 00 00 00 
00 00 00 00 00 00 00 03 90 00 
<<<<
>>>>
13 76 00 00 00 
9d 68 19 7d 0b 21 1a 09 59 f2 67 24 92 70 12 c5 30 94 71 1d ed a2 8c c3 f2 dd bd 57 88 9e 64 96 90 00 
<<<<
>>>>
13 77 00 00 08 00 00 00 00 00 00 00 03 
29 70 a1 8c 11 20 c3 0c 14 1a 14 70 d6 11 30 b7 51 7f 04 74 29 bb ed 77 2c 93 a4 01 5c 39 37 88 90 00 
<<<<
>>>>
13 75 00 00 00 
00 00 00 00 00 00 00 04 90 00 
<<<<
>>>>
13 77 00 00 08 00 00 00 00 00 00 00 04 
9d 68 19 7d 0b 21 1a 09 59 f2 67 24 92 70 12 c5 30 94 71 1d ed a2 8c c3 f2 dd bd 57 88 9e 64 96 90 00 
<<<<
>>>>
13 76 00 00 00 
d7 eb a4 b3 ad 7e c4 62 3f fb 8b 9b 5e bf 2e e7 03 79 f0 1a 50 e2 f9 c1 97 98 59 50 8c e1 f1 f3 90 00 
<<<<
>>>>
13 75 00 00 00 
00 00 00 00 00 00 00 05 90 00 
<<<<
>>>>
13 76 00 00 00 
a7 7d cd 74 cb aa 53 6e ff 5b 94 d9 21 d1 4d 52 4f 62 bb ac 95 22 6d 4a a4 5e e3 a1 2d 77 0c 8c 90 00 
<<<<
>>>>
13 77 00 00 08 00 00 00 00 00 00 00 05 
d7 eb a4 b3 ad 7e c4 62 3f fb 8b 9b 5e bf 2e e7 03 79 f0 1a 50 e2 f9 c1 97 98 59 50 8c e1 f1 f3 90 00 
<<<<
>>>>
13 75 00 00 00 
00 00 00 00 00 00 00 06 90 00 
<<<<
>>>>
13 77 00 00 08 00 00 00 00 00 00 00 06 
a7 7d cd 74 cb aa 53 6e ff 5b 94 d9 21 d1 4d 52 4f 62 bb ac 95 22 6d 4a a4 5e e3 a1 2d 77 0c 8c 90 00 
<<<<
>>>>
13 76 00 00 00 
14 7b af cb 0f 69 03 61 17 20 b3 ea 88 4d 09 20 7f bc 54 01 21 af a8 46 c8 27 62 3c ff fe 9a 79 90 00 
<<<<
>>>>
13 75 00 00 00 
00 00 00 00 00 00 00 07 90 00 
<<<<
>>>>
13 76 00 00 00 
ae f0 ae bb 7c f2 d1 55 ef ea d5 c2 f9 72 33 91 77 68 05 ce 19 5d 55 12 82 85 93 61 8e a9 a1 13 90 00 
<<<<
>>>>
13 77 00 00 08 00 00 00 00 00 00 00 07 
14 7b af cb 0f 69 03 61 17 20 b3 ea 88 4d 09 20 7f bc 54 01 21 af a8 46 c8 27 62 3c ff fe 9a 79 90 00 
<<<<
>>>>
13 75 00 00 00 
00 00 00 00 00 00 00 08 90 00 
<<<<
>>>>
13 77 00 00 08 00 00 00 00 00 00 00 08 
ae f0 ae bb 7c f2 d1 55 ef ea d5 c2 f9 72 33 91 77 68 05 ce 19 5d 55 12 82 85 93 61 8e a9 a1 13 90 00 
<<<<
>>>>
13 76 00 00 00 
79 66 05 2e 6a 83 54 f7 ee f4 0e 25 82 cd fe a7 16 21 62 cf 1f 5d 38 a9 8f de 45 b8 63 dc 81 3a 90 00 
<<<<
>>>>
13 75 00 00 00 
00 00 00 00 00 00 00 09 90 00 
<<<<
>>>>
13 76 00 00 00 
7f 1e 7c e1 23 96 5c fc 9d 28 fd 43 1b db ef 7e a9 57 b7 b5 da 4b 81 80 29 d7 47 4e a0 80 80 b9 90 00 
<<<<
>>>>
13 77 00 00 08 00 00 00 00 00 00 00 09 
79 66 05 2e 6a 83 54 f7 ee f4 0e 25 82 cd fe a7 16 21 62 cf 1f 5d 38 a9 8f de 45 b8 63 dc 81 3a 90 00 
<<<<
>>>>
13 75 00 00 00 
00 00 00 00 00 00 00 0a 90 00 
<<<<
>>>>
13 77 00 00 08 00 00 00 00 00 00 00 0a 
7f 1e 7c e1 23 96 5c fc 9d 28 fd 43 1b db ef 7e a9 57 b7 b5 da 4b 81 80 29 d7 47 4e a0 80 80 b9 90 00 
<<<<
>>>>
13 76 00 00 00 
e2 8f bc d7 10 61 cc 3d eb d3 5f 4c 52 fc f0 ca 76 7b d4 46 c1 f2 dc cd 87 51 8a 44 16 56 5f 28 90 00 
<<<<
>>>>
13 75 00 00 00 
00 00 00 00 00 00 00 0b 90 00 
<<<<
>>>>
13 76 00 00 00 
22 b2 81 7a 89 33 09 e4 f1 4f 13 2a 55 64 0a a2 49 68 8b 28 ed 81 dc 1f f2 c5 bc 39 9a ce 5a 7a 90 00 
<<<<
>>>>
13 77 00 00 08 00 00 00 00 00 00 00 0b 
e2 8f bc d7 10 61 cc 3d eb d3 5f 4c 52 fc f0 ca 76 7b d4 46 c1 f2 dc cd 87 51 8a 44 16 56 5f 28 90 00 
<<<<
>>>>
13 75 00 00 00 
00 00 00 00 00 00 00 0c 90 00 
<<<<
>>>>
13 77 00 00 08 00 00 00 00 00 00 00 0c 
22 b2 81 7a 89 33 09 e4 f1 4f 13 2a 55 64 0a a2 49 68 8b 28 ed 81 dc 1f f2 c5 bc 39 9a ce 5a 7a 90 00 
<<<<
>>>>
13 76 00 00 00 
0e 85 1e b6 e5 6a 8c 98 6b 3a 17 f6 8a 9a ab c2 94 39 37 0f 89 ce 77 09 4e f8 50 19 46 33 cc 98 90 00 
<<<<
>>>>
13 75 00 00 00 
00 00 00 00 00 00 00 0d 90 00 
<<<<
>>>>
13 76 00 00 00 
dc 53 a8 5b 26 8e 45 a0 e0 a7 9b bb dd ec b4 6e 5a 93 68 c0 4e 48 ae a4 45 e4 5e c2 94 e2 a5 99 90 00 
<<<<
>>>>
13 77 00 00 08 00 00 00 00 00 00 00 0d 
0e 85 1e b6 e5 6a 8c 98 6b 3a 17 f6 8a 9a ab c2 94 39 37 0f 89 ce 77 09 4e f8 50 19 46 33 cc 98 90 00 
<<<<
>>>>
13 75 00 00 00 
00 00 00 00 00 00 00 0e 90 00 
<<<<
>>>>
13 77 00 00 08 00 00 00 00 00 00 00 0e 
dc 53 a8 5b 26 8e 45 a0 e0 a7 9b bb dd ec b4 6e 5a 93 68 c0 4e 48 ae a4 45 e4 5e c2 94 e2 a5 99 90 00 
<<<<
>>>>
13 76 00 00 00 
c5 f5 41 a8 52 99 af 97 8a 7f 96 5b c3 48 e2 17 13 05 36 a2 c5 b8 70 a7 d7 2a 6d 93 c8 d1 d8 2c 90 00 
<<<<
>>>>
13 75 00 00 00 
00 00 00 00 00 00 00 0f 90 00 
<<<<
>>>>
13 76 00 00 00 
76 0e 8e 6d f3 fe 22 be c8 9c de 85 4d 5f ab 20 84 d3 62 78 a5 c5 d4 34 27 9a 4b 26 3f b2 1d fd 90 00 
<<<<
>>>>
13 77 00 00 08 00 00 00 00 00 00 00 0f 
c5 f5 41 a8 52 99 af 97 8a 7f 96 5b c3 48 e2 17 13 05 36 a2 c5 b8 70 a7 d7 2a 6d 93 c8 d1 d8 2c 90 00 
<<<<
>>>>
13 75 00 00 00 
00 00 00 00 00 00 00 10 90 00 
<<<<
>>>>
13 77 00 00 08 00 00 00 00 00 00 00 10 
76 0e 8e 6d f3 fe 22 be c8 9c de 85 4d 5f ab 20 84 d3 62 78 a5 c5 d4 34 27 9a 4b 26 3f b2 1d fd 90 00 
<<<<
>>>>
13 76 00 00 00 
43 ae 56 c4 92 e8 41 c3 9e 17 96 e1 fe a2 65 7b 17 dd 1e 0d 6a b2 7a 64 14 fd b4 94 f7 8c 89 b6 90 00 
<<<<
>>>>
13 75 00 00 00 
00 00 00 00 00 00 00 11 90 00 
<<<<
>>>>
13 76 00 00 00 
7f a5 92 b5 af ac 95 5c 38 7b a3 0b 6d 23 1e f0 da b5 da b3 49 b9 92 1a be cd 41 d8 02 fe 03 8a 90 00 
<<<<
>>>>
13 77 00 00 08 00 00 00 00 00 00 00 11 
43 ae 56 c4 92 e8 41 c3 9e 17 96 e1 fe a2 65 7b 17 dd 1e 0d 6a b2 7a 64 14 fd b4 94 f7 8c 89 b6 90 00 
<<<<
>>>>
13 75 00 00 00 
00 00 00 00 00 00 00 12 90 00 
<<<<
>>>>
13 77 00 00 08 00 00 00 00 00 00 00 12 
7f a5 92 b5 af ac 95 5c 38 7b a3 0b 6d 23 1e f0 da b5 da b3 49 b9 92 1a be cd 41 d8 02 fe 03 8a 90 00 
<<<<
>>>>
13 76 00 00 00 
61 49 29 99 fa bb 19 fb 33 e5 57 84 11 7a 56 5b e6 9f af be 96 b9 f2 42 2a 63 70 11 6c d4 7c 99 90 00 
<<<<
>>>>
13 75 00 00 00 
00 00 00 00 00 00 00 13 90 00 
<<<<
>>>>
13 76 00 00 00 
2e fc a1 5c d9 c4 c3 c1 7d 4a d7 09 4a 8c 9d 14 29 f7 81 22 9d 66 87 00 47 b0 01 7b b3 a8 83 86 90 00 
<<<<
>>>>
13 77 00 00 08 00 00 00 00 00 00 00 13 
61 49 29 99 fa bb 19 fb 33 e5 57 84 11 7a 56 5b e6 9f af be 96 b9 f2 42 2a 63 70 11 6c d4 7c 99 90 00 
<<<<
>>>>
13 75 00 00 00 
00 00 00 00 00 00 00 14 90 00 
<<<<
>>>>
13 77 00 00 08 00 00 00 00 00 00 00 14 
2e fc a1 5c d9 c4 c3 c1 7d 4a d7 09 4a 8c 9d 14 29 f7 81 22 9d 66 87 00 47 b0 01 7b b3 a8 83 86 90 00 
<<<<
>>>>
13 76 00 00 00 
6a 2c 69 d6 9a a8 ff 63 1a 25 91 ef ca ef 90 43 20 7e 76 0b f0 75 93 1e 2e 3c 86 33 57 42 57 cc 90 00 
<<<<
>>>>
13 75 00 00 00 
00 00 00 00 00 00 00 15 90 00 
<<<<
>>>>
13 76 00 00 00 
d7 8e f4 d6 4b c6 9c aa fa 0e 2f e2 99 fb 1d f2 f2 16 08 cf 46 7f bb f6 f5 fa 54 7f 93 86 c2 d5 90 00 
<<<<
>>>>
13 77 00 00 08 00 00 00 00 00 00 00 15 
6a 2c 69 d6 9a a8 ff 63 1a 25 91 ef ca ef 90 43 20 7e 76 0b f0 75 93 1e 2e 3c 86 33 57 42 57 cc 90 00 
<<<<
>>>>
13 75 00 00 00 
00 00 00 00 00 00 00 16 90 00 
<<<<
>>>>
13 77 00 00 08 00 00 00 00 00 00 00 16 
d7 8e f4 d6 4b c6 9c aa fa 0e 2f e2 99 fb 1d f2 f2 16 08 cf 46 7f bb f6 f5 fa 54 7f 93 86 c2 d5 90 00 
<<<<
>>>>
13 76 00 00 00 
0f dc 8a 2e b6 c8 cd 53 7b 66 d0 8f e3 18 0b 25 90 b1 5b ec ce 21 09 c2 f4 af 33 8a eb 5b ef a7 90 00 
<<<<
>>>>
13 75 00 00 00 
00 00 00 00 00 00 00 17 90 00 
<<<<
>>>>
13 76 00 00 00 
80 73 13 d5 a5 c1 70 fd 1a f9 93 f3 73 d4 00 26 a7 57 f0 b3 83 c5 db ba 76 fb aa c0 92 82 6d 85 90 00 
<<<<
>>>>
13 77 00 00 08 00 00 00 00 00 00 00 17 
0f dc 8a 2e b6 c8 cd 53 7b 66 d0 8f e3 18 0b 25 90 b1 5b ec ce 21 09 c2 f4 af 33 8a eb 5b ef a7 90 00 
<<<<
>>>>
13 75 00 00 00 
00 00 00 00 00 00 00 18 90 00 
<<<<
>>>>
13 77 00 00 08 00 00 00 00 00 00 00 18 
80 73 13 d5 a5 c1 70 fd 1a f9 93 f3 73 d4 00 26 a7 57 f0 b3 83 c5 db ba 76 fb aa c0 92 82 6d 85 90 00 
<<<<
>>>>
13 76 00 00 00 
99 22 c4 6e 02 2d 02 ca 9e 8b 0a 63 62 cf 05 be 32 b0 51 52 27 33 90 af 45 fe 11 f9 78 00 19 20 90 00 
<<<<
>>>>
13 75 00 00 00 
00 00 00 00 00 00 00 19 90 00 
<<<<
>>>>
13 76 00 00 00 
52 1f 42 f6 39 cf e5 33 27 c4 23 b3 ac af 04 c5 83 8d 8e 3c 97 fe a3 06 1f 37 ff 12 bb 63 62 7f 90 00 
<<<<
>>>>
13 77 00 00 08 00 00 00 00 00 00 00 19 
99 22 c4 6e 02 2d 02 ca 9e 8b 0a 63 62 cf 05 be 32 b0 51 52 27 33 90 af 45 fe 11 f9 78 00 19 20 90 00 
<<<<
>>>>
13 75 00 00 00 
00 00 00 00 00 00 00 1a 90 00 
<<<<
>>>>
13 77 00 00 08 00 00 00 00 00 00 00 1a 
52 1f 42 f6 39 cf e5 33 27 c4 23 b3 ac af 04 c5 83 8d 8e 3c 97 fe a3 06 1f 37 ff 12 bb 63 62 7f 90 00 
<<<<
>>>>
13 76 00 00 00 
1b e5 b4 af b9 20 73 6f 81 b0 06 83 04 2b 29 69 6b 5a f6 95 32 d8 67 16 6f bb 3e 4c f9 0d 98 ec 90 00 
<<<<
>>>>
13 75 00 00 00 
00 00 00 00 00 00 00 1b 90 00 
<<<<
>>>>
13 76 00 00 00 
dd 75 03 e3 0a 8d 87 8f 42 26 e7 88 c5 e9 58 78 21 76 6a a9 74 29 cc 61 08 a9 30 bb b3 7b 4f 3f 90 00 
<<<<
>>>>
13 77 00 00 08 00 00 00 00 00 00 00 1b 
1b e5 b4 af b9 20 73 6f 81 b0 06 83 04 2b 29 69 6b 5a f6 95 32 d8 67 16 6f bb 3e 4c f9 0d 98 ec 90 00 
<<<<
>>>>
13 75 00 00 00 
00 00 00 00 00 00 00 1c 90 00 
<<<<
>>>>
13 77 00 00 08 00 00 00 00 00 00 00 1c 
dd 75 03 e3 0a 8d 87 8f 42 26 e7 88 c5 e9 58 78 21 76 6a a9 74 29 cc 61 08 a9 30 bb b3 7b 4f 3f 90 00 
<<<<
>>>>
13 76 00 00 00 
26 2c 50 52 55 f1 3f 0f ff 6d 6c 90 82 47 0a ed da c6 8d d6 8d d5 b2 7e 6a 64 1f b1 a6 23 06 46 90 00 
<<<<
>>>>
13 75 00 00 00 
00 00 00 00 00 00 00 1d 90 00 
<<<<
>>>>
13 76 00 00 00 
db 5b e8 45 71 5c ba f2 41 46 a8 a0 65 95 97 41 fa b9 1e ca 39 0e 44 41 cf f7 08 38 39 a1 43 e0 90 00 
<<<<
>>>>
13 77 00 00 08 00 00 00 00 00 00 00 1d 
26 2c 50 52 55 f1 3f 0f ff 6d 6c 90 82 47 0a ed da c6 8d d6 8d d5 b2 7e 6a 64 1f b1 a6 23 06 46 90 00 
<<<<
>>>>
13 75 00 00 00 
00 00 00 00 00 00 00 1e 90 00 
<<<<
>>>>
13 77 00 00 08 00 00 00 00 00 00 00 1e 
db 5b e8 45 71 5c ba f2 41 46 a8 a0 65 95 97 41 fa b9 1e ca 39 0e 44 41 cf f7 08 38 39 a1 43 e0 90 00 
<<<<
>>>>
13 76 00 00 00 
fd d0 9f 73 0d 46 2e 32 39 d3 29 ec 32 84 81 00 fd 7e 6c b8 51 dc cb f4 2f b8 54 ea ac f9 5c c8 90 00 
<<<<
>>>>
13 75 00 00 00 
00 00 00 00 00 00 00 1f 90 00 
<<<<
>>>>
13 76 00 00 00 
ed a5 61 28 72 85 55 fb 58 ea 50 f8 c3 53 c4 33 be 23 6c 75 10 32 c4 79 db 9f a0 01 3a dd 48 27 90 00 
<<<<
>>>>
13 77 00 00 08 00 00 00 00 00 00 00 1f 
fd d0 9f 73 0d 46 2e 32 39 d3 29 ec 32 84 81 00 fd 7e 6c b8 51 dc cb f4 2f b8 54 ea ac f9 5c c8 90 00 
<<<<
>>>>
13 75 00 00 00 
00 00 00 00 00 00 00 20 90 00 
<<<<
>>>>
13 77 00 00 08 00 00 00 00 00 00 00 20 
ed a5 61 28 72 85 55 fb 58 ea 50 f8 c3 53 c4 33 be 23 6c 75 10 32 c4 79 db 9f a0 01 3a dd 48 27 90 00 
<<<<
>>>>
13 76 00 00 00 
78 06 f6 5c 02 1d 40 eb 51 38 1d e5 93 ba 95 e4 cc da 7d d5 17 d5 d4 ed bb 3b e1 38 37 fa a7 39 90 00 
<<<<
>>>>
13 75 00 00 00 
00 00 00 00 00 00 00 21 90 00 
<<<<
>>>>
13 76 00 00 00 
c5 1d a6 0f af 3f 31 34 c7 c5 a4 21 dc 1e f9 f0 78 d6 00 73 ad 86 f8 ee 71 e4 38 cb 1d e4 92 2b 90 00 
<<<<
>>>>
13 77 00 00 08 00 00 00 00 00 00 00 21 
78 06 f6 5c 02 1d 40 eb 51 38 1d e5 93 ba 95 e4 cc da 7d d5 17 d5 d4 ed bb 3b e1 38 37 fa a7 39 90 00 
<<<<
>>>>
13 75 00 00 00 
00 00 00 00 00 00 00 22 90 00 
<<<<
>>>>
13 77 00 00 08 00 00 00 00 00 00 00 22 
c5 1d a6 0f af 3f 31 34 c7 c5 a4 21 dc 1e f9 f0 78 d6 00 73 ad 86 f8 ee 71 e4 38 cb 1d e4 92 2b 90 00 
<<<<
>>>>
13 76 00 00 00 
ba 3e b0 e8 3b c0 89 4a 38 e9 0e 0e c1 a5 98 f6 b6 d1 d7 41 5c e8 a5 a5 f6 bd 13 e7 df 36 ca a8 90 00 
<<<<
>>>>
13 75 00 00 00 
00 00 00 00 00 00 00 23 90 00 
<<<<
>>>>
13 76 00 00 00 
17 0f 56 f6 6d 54 cd 66 ba 27 94 81 ab 32 b9 01 94 fb e3 f0 d5 50 58 92 98 f9 e5 84 5d 42 a9 2c 90 00 
<<<<
>>>>
13 77 00 00 08 00 00 00 00 00 00 00 23 
ba 3e b0 e8 3b c0 89 4a 38 e9 0e 0e c1 a5 98 f6 b6 d1 d7 41 5c e8 a5 a5 f6 bd 13 e7 df 36 ca a8 90 00 
<<<<
>>>>
13 75 00 00 00 
00 00 00 00 00 00 00 24 90 00 
<<<<
>>>>
13 77 00 00 08 00 00 00 00 00 00 00 24 
17 0f 56 f6 6d 54 cd 66 ba 27 94 81 ab 32 b9 01 94 fb e3 f0 d5 50 58 92 98 f9 e5 84 5d 42 a9 2c 90 00 
<<<<
>>>>
13 76 00 00 00 
13 de e9 87 25 81 f0 15 c9 fa 75 d8 5a a8 f5 44 c5 98 88 f4 60 14 b5 11 24 2c 24 4c 0c 93 d5 81 90 00 
<<<<
>>>>
13 75 00 00 00 
00 00 00 00 00 00 00 25 90 00 
<<<<
>>>>
13 76 00 00 00 
5a 3b a3 b8 d3 48 3d 5c 79 bd 6e f4 38 c8 b5 c7 0d c0 c7 65 af 1d a8 5a 03 8a 41 a3 0b f1 3a ff 90 00 
<<<<
>>>>
13 77 00 00 08 00 00 00 00 00 00 00 25 
13 de e9 87 25 81 f0 15 c9 fa 75 d8 5a a8 f5 44 c5 98 88 f4 60 14 b5 11 24 2c 24 4c 0c 93 d5 81 90 00 
<<<<
>>>>
13 75 00 00 00 
00 00 00 00 00 00 00 26 90 00 
<<<<
>>>>
13 77 00 00 08 00 00 00 00 00 00 00 26 
5a 3b a3 b8 d3 48 3d 5c 79 bd 6e f4 38 c8 b5 c7 0d c0 c7 65 af 1d a8 5a 03 8a 41 a3 0b f1 3a ff 90 00 
<<<<
>>>>
13 76 00 00 00 
23 4b ea f2 c6 9c 53 bc 66 35 02 5f e6 e6 94 4d 12 72 c1 62 20 f5 e5 fd 94 6b 64 fc 57 03 f5 88 90 00 
<<<<
>>>>
13 75 00 00 00 
00 00 00 00 00 00 00 27 90 00 
<<<<
>>>>
13 76 00 00 00 
92 e8 eb a4 5a da a5 7d 1b 83 14 e7 b0 8b 2a 3a b4 3e 9d 6a 5f eb 40 df 80 64 b9 34 68 44 2d 7c 90 00 
<<<<
>>>>
13 77 00 00 08 00 00 00 00 00 00 00 27 
23 4b ea f2 c6 9c 53 bc 66 35 02 5f e6 e6 94 4d 12 72 c1 62 20 f5 e5 fd 94 6b 64 fc 57 03 f5 88 90 00 
<<<<
>>>>
13 75 00 00 00 
00 00 00 00 00 00 00 28 90 00 
<<<<
>>>>
13 77 00 00 08 00 00 00 00 00 00 00 28 
92 e8 eb a4 5a da a5 7d 1b 83 14 e7 b0 8b 2a 3a b4 3e 9d 6a 5f eb 40 df 80 64 b9 34 68 44 2d 7c 90 00 
<<<<
>>>>
13 76 00 00 00 
14 fe 0a 3b 50 68 61 57 62 a8 39 bc 08 ad aa ff 14 cc ea f2 89 97 4b c1 08 47 71 d0 5b 27 71 51 90 00 
<<<<
>>>>
13 75 00 00 00 
00 00 00 00 00 00 00 29 90 00 
<<<<
>>>>
13 76 00 00 00 
76 fb 92 4e 58 7b de c0 13 67 65 fb 73 ac 31 40 94 0d ee 08 94 5c 2b 65 27 26 3d cf f9 ee f3 a4 90 00 
<<<<
>>>>
13 77 00 00 08 00 00 00 00 00 00 00 29 
14 fe 0a 3b 50 68 61 57 62 a8 39 bc 08 ad aa ff 14 cc ea f2 89 97 4b c1 08 47 71 d0 5b 27 71 51 90 00 
<<<<
>>>>
13 75 00 00 00 
00 00 00 00 00 00 00 2a 90 00 
<<<<
>>>>
13 77 00 00 08 00 00 00 00 00 00 00 2a 
76 fb 92 4e 58 7b de c0 13 67 65 fb 73 ac 31 40 94 0d ee 08 94 5c 2b 65 27 26 3d cf f9 ee f3 a4 90 00 
<<<<
>>>>
13 76 00 00 00 
74 c1 88 ba 2d 84 32 3a 9e c1 59 a9 86 10 2a 7d 56 8e 2a 01 3f 84 c5 4e 14 15 52 c9 b9 c7 a0 7e 90 00 
<<<<
>>>>
13 75 00 00 00 
00 00 00 00 00 00 00 2b 90 00 
<<<<
>>>>
13 76 00 00 00 
5d af 89 8b 00 7c d6 3b e8 09 f5 a0 31 ed 08 2f 71 6e a5 eb f4 6a 54 09 8e 97 85 27 ba 58 c3 5d 90 00 
<<<<
>>>>
13 77 00 00 08 00 00 00 00 00 00 00 2b 
74 c1 88 ba 2d 84 32 3a 9e c1 59 a9 86 10 2a 7d 56 8e 2a 01 3f 84 c5 4e 14 15 52 c9 b9 c7 a0 7e 90 00 
<<<<
>>>>
13 75 00 00 00 
00 00 00 00 00 00 00 2c 90 00 
<<<<
>>>>
13 77 00 00 08 00 00 00 00 00 00 00 2c 
5d af 89 8b 00 7c d6 3b e8 09 f5 a0 31 ed 08 2f 71 6e a5 eb f4 6a 54 09 8e 97 85 27 ba 58 c3 5d 90 00 
<<<<
>>>>
13 76 00 00 00 
64 ba 07 f3 04 5d 5e 0e 0a 62 da 46 8b 94 bd 3c de b4 84 35 82 9b d8 66 c5 46 56 5b 8b c1 19 30 90 00 
<<<<
>>>>
13 75 00 00 00 
00 00 00 00 00 00 00 2d 90 00 
<<<<
>>>>
13 76 00 00 00 
53 58 b1 8b cb db 41 88 27 74 07 e8 9a e9 ab 5b 18 76 17 c9 4c e5 2f 8b c7 59 61 da c1 c6 52 fe 90 00 
<<<<
>>>>
13 77 00 00 08 00 00 00 00 00 00 00 2d 
64 ba 07 f3 04 5d 5e 0e 0a 62 da 46 8b 94 bd 3c de b4 84 35 82 9b d8 66 c5 46 56 5b 8b c1 19 30 90 00 
<<<<
>>>>
13 75 00 00 00 
00 00 00 00 00 00 00 2e 90 00 
<<<<
>>>>
13 77 00 00 08 00 00 00 00 00 00 00 2e 
53 58 b1 8b cb db 41 88 27 74 07 e8 9a e9 ab 5b 18 76 17 c9 4c e5 2f 8b c7 59 61 da c1 c6 52 fe 90 00 
<<<<
>>>>
13 76 00 00 00 
ad f8 92 d3 36 25 76 ca 4b 65 e0 e4 c4 79 4b a9 30 86 e3 be 1d c5 b0 08 c3 24 1c 2e b6 71 81 31 90 00 
<<<<
>>>>
13 75 00 00 00 
00 00 00 00 00 00 00 2f 90 00 
<<<<
>>>>
13 76 00 00 00 
52 83 db 3d 71 1a c8 30 46 c6 c7 bf 77 6a e7 0d a8 7d c1 5d 83 28 69 fb 6c 4c b1 b2 3d 5f d6 9f 90 00 
<<<<
>>>>
13 77 00 00 08 00 00 00 00 00 00 00 2f 
ad f8 92 d3 36 25 76 ca 4b 65 e0 e4 c4 79 4b a9 30 86 e3 be 1d c5 b0 08 c3 24 1c 2e b6 71 81 31 90 00 
<<<<
>>>>
13 75 00 00 00 
00 00 00 00 00 00 00 30 90 00 
<<<<
>>>>
13 77 00 00 08 00 00 00 00 00 00 00 30 
52 83 db 3d 71 1a c8 30 46 c6 c7 bf 77 6a e7 0d a8 7d c1 5d 83 28 69 fb 6c 4c b1 b2 3d 5f d6 9f 90 00 
<<<<
>>>>
13 76 00 00 00 
c7 98 c2 a9 ef b0 4b a8 b4 ca f6 b0 86 2b b8 b4 0d 2f 32 bb 2b a8 5c e7 50 b3 e1 9c c4 60 1b 73 90 00 
<<<<
>>>>
13 75 00 00 00 
00 00 00 00 00 00 00 31 90 00 
<<<<
>>>>
13 76 00 00 00 
2a c9 ff 5c 9f ee 99 0f 5c 1c fd 08 08 53 7d cd b9 82 38 06 b1 f9 cf ef 99 7b 8c d2 1f 34 9d 26 90 00 
<<<<
>>>>
13 77 00 00 08 00 00 00 00 00 00 00 31 
c7 98 c2 a9 ef b0 4b a8 b4 ca f6 b0 86 2b b8 b4 0d 2f 32 bb 2b a8 5c e7 50 b3 e1 9c c4 60 1b 73 90 00 
<<<<
>>>>
13 75 00 00 00 
00 00 00 00 00 00 00 32 90 00 
<<<<
>>>>
13 77 00 00 08 00 00 00 00 00 00 00 32 
2a c9 ff 5c 9f ee 99 0f 5c 1c fd 08 08 53 7d cd b9 82 38 06 b1 f9 cf ef 99 7b 8c d2 1f 34 9d 26 90 00 
<<<<
>>>>
13 76 00 00 00 
89 c3 85 0a dc b9 6e 01 b5 ab d6 15 67 40 9f dd 33 e2 04 31 9f 7c 41 9a d0 89 70 26 a5 85 bb 66 90 00 
<<<<
>>>>
13 75 00 00 00 
00 00 00 00 00 00 00 33 90 00 
<<<<
>>>>
13 76 00 00 00 
d8 52 58 90 c7 0f 37 d8 06 ed 9b 7b 39 3c a3 11 fb 00 62 db b3 9d ed 7d 40 bc 96 cf 4d f0 54 26 90 00 
<<<<
>>>>
13 77 00 00 08 00 00 00 00 00 00 00 33 
89 c3 85 0a dc b9 6e 01 b5 ab d6 15 67 40 9f dd 33 e2 04 31 9f 7c 41 9a d0 89 70 26 a5 85 bb 66 90 00 
<<<<
>>>>
13 75 00 00 00 
00 00 00 00 00 00 00 34 90 00 
<<<<
>>>>
13 77 00 00 08 00 00 00 00 00 00 00 34 
d8 52 58 90 c7 0f 37 d8 06 ed 9b 7b 39 3c a3 11 fb 00 62 db b3 9d ed 7d 40 bc 96 cf 4d f0 54 26 90 00 
<<<<
>>>>
13 76 00 00 00 
d0 cb eb 0d ae 9f 50 a5 a6 84 2e ad 92 58 1d bd 49 74 78 fe 37 63 28 6f f5 a2 73 07 65 58 c3 9c 90 00 
<<<<
>>>>
13 75 00 00 00 
00 00 00 00 00 00 00 35 90 00 
<<<<
>>>>
13 76 00 00 00 
f4 af b9 8f c3 86 e5 b1 f2 ee b4 1d ad 65 2e 90 99 32 b7 59 23 97 8d 1d 2d 52 64 9d 87 1d 13 a2 90 00 
<<<<
>>>>
13 77 00 00 08 00 00 00 00 00 00 00 35 
d0 cb eb 0d ae 9f 50 a5 a6 84 2e ad 92 58 1d bd 49 74 78 fe 37 63 28 6f f5 a2 73 07 65 58 c3 9c 90 00 
<<<<
>>>>
13 75 00 00 00 
00 00 00 00 00 00 00 36 90 00 
<<<<
>>>>
13 77 00 00 08 00 00 00 00 00 00 00 36 
f4 af b9 8f c3 86 e5 b1 f2 ee b4 1d ad 65 2e 90 99 32 b7 59 23 97 8d 1d 2d 52 64 9d 87 1d 13 a2 90 00 
<<<<
>>>>
13 76 00 00 00 
ae 2c 84 40 15 7c 28 51 95 30 cf d3 59 be d7 07 c1 85 37 09 51 88 00 c3 ce 52 69 aa 7b 62 9a b5 90 00 
<<<<
>>>>
13 75 00 00 00 
00 00 00 00 00 00 00 37 90 00 
<<<<
>>>>
13 76 00 00 00 
bc 15 b9 87 73 be bc fb 19 cf b6 33 74 97 cc c6 47 53 41 3b 35 06 8a be 2d 5b 8f 3e 57 ac f7 86 90 00 
<<<<
>>>>
13 77 00 00 08 00 00 00 00 00 00 00 37 
ae 2c 84 40 15 7c 28 51 95 30 cf d3 59 be d7 07 c1 85 37 09 51 88 00 c3 ce 52 69 aa 7b 62 9a b5 90 00 
<<<<
>>>>
13 75 00 00 00 
00 00 00 00 00 00 00 38 90 00 
<<<<
>>>>
13 77 00 00 08 00 00 00 00 00 00 00 38 
bc 15 b9 87 73 be bc fb 19 cf b6 33 74 97 cc c6 47 53 41 3b 35 06 8a be 2d 5b 8f 3e 57 ac f7 86 90 00 
<<<<
>>>>
13 76 00 00 00 
45 33 1a 6e da f9 38 5f 4c 6d d4 a0 75 dc b8 39 aa 4c 0e 3e 4a 7b 5e 55 0e 20 96 29 50 f8 49 4a 90 00 
<<<<
>>>>
13 75 00 00 00 
00 00 00 00 00 00 00 39 90 00 
<<<<
>>>>
13 76 00 00 00 
43 ce 8a 2a 70 34 2e 73 28 00 fb 49 6a b4 51 13 59 7c 7e af 10 41 fe 8f e9 3a e6 f5 e8 07 0a 1b 90 00 
<<<<
>>>>
13 77 00 00 08 00 00 00 00 00 00 00 39 
45 33 1a 6e da f9 38 5f 4c 6d d4 a0 75 dc b8 39 aa 4c 0e 3e 4a 7b 5e 55 0e 20 96 29 50 f8 49 4a 90 00 
<<<<
>>>>
13 75 00 00 00 
00 00 00 00 00 00 00 3a 90 00 
<<<<
>>>>
13 77 00 00 08 00 00 00 00 00 00 00 3a 
43 ce 8a 2a 70 34 2e 73 28 00 fb 49 6a b4 51 13 59 7c 7e af 10 41 fe 8f e9 3a e6 f5 e8 07 0a 1b 90 00 
<<<<
>>>>
13 76 00 00 00 
4b 4a 5a b7 44 ba 48 21 67 70 77 0f 13 b9 3c 57 31 ec d8 32 b7 6b e3 d6 4a ee a5 4c 6f 9f 73 6b 90 00 
<<<<
>>>>
13 75 00 00 00 
00 00 00 00 00 00 00 3b 90 00 
<<<<
>>>>
13 76 00 00 00 
de a9 3a 5c cc 2a 9b a1 c4 91 79 f0 10 8d a6 f3 7f 26 17 cd c7 82 fb 6b a1 27 36 99 f4 db 7b 30 90 00 
<<<<
>>>>
13 77 00 00 08 00 00 00 00 00 00 00 3b 
4b 4a 5a b7 44 ba 48 21 67 70 77 0f 13 b9 3c 57 31 ec d8 32 b7 6b e3 d6 4a ee a5 4c 6f 9f 73 6b 90 00 
<<<<
>>>>
13 75 00 00 00 
00 00 00 00 00 00 00 3c 90 00 
<<<<
>>>>
13 77 00 00 08 00 00 00 00 00 00 00 3c 
de a9 3a 5c cc 2a 9b a1 c4 91 79 f0 10 8d a6 f3 7f 26 17 cd c7 82 fb 6b a1 27 36 99 f4 db 7b 30 90 00 
<<<<
>>>>
13 76 00 00 00 
ed ec 0f 9d e0 12 14 fc 8f 84 86 ef 83 26 95 90 db c3 0b ca 7e e3 81 4c 03 99 06 53 34 33 f4 b9 90 00 
<<<<
>>>>
13 75 00 00 00 
00 00 00 00 00 00 00 3d 90 00 
<<<<
>>>>
13 76 00 00 00 
60 04 6e a4 75 73 aa df c8 c2 f2 b0 55 10 37 e8 d1 3b f7 15 a6 46 23 be 7a cf 13 90 f0 f4 4e 15 90 00 
<<<<
>>>>
13 77 00 00 08 00 00 00 00 00 00 00 3d 
ed ec 0f 9d e0 12 14 fc 8f 84 86 ef 83 26 95 90 db c3 0b ca 7e e3 81 4c 03 99 06 53 34 33 f4 b9 90 00 
<<<<
>>>>
13 75 00 00 00 
00 00 00 00 00 00 00 3e 90 00 
<<<<
>>>>
13 77 00 00 08 00 00 00 00 00 00 00 3e 
60 04 6e a4 75 73 aa df c8 c2 f2 b0 55 10 37 e8 d1 3b f7 15 a6 46 23 be 7a cf 13 90 f0 f4 4e 15 90 00 
<<<<
>>>>
13 76 00 00 00 
9b fd bf d6 0e 29 fb 99 8f 6d 20 e8 61 99 03 c3 25 0f d8 43 78 61 4a ed 6f 47 77 5b 57 f7 1d 40 90 00 
<<<<
>>>>
13 75 00 00 00 
00 00 00 00 00 00 00 3f 90 00 
<<<<
>>>>
13 76 00 00 00 
ab bf 3e af 9e b4 5b be 1c 74 c2 7c b7 39 10 d6 b4 fe 54 b3 a0 fd c7 2d 90 e1 48 ec fb d0 19 0d 90 00 
<<<<
>>>>
13 77 00 00 08 00 00 00 00 00 00 00 3f 
9b fd bf d6 0e 29 fb 99 8f 6d 20 e8 61 99 03 c3 25 0f d8 43 78 61 4a ed 6f 47 77 5b 57 f7 1d 40 90 00 
<<<<
>>>>
13 75 00 00 00 
00 00 00 00 00 00 00 40 90 00 
<<<<
>>>>
13 77 00 00 08 00 00 00 00 00 00 00 40 
ab bf 3e af 9e b4 5b be 1c 74 c2 7c b7 39 10 d6 b4 fe 54 b3 a0 fd c7 2d 90 e1 48 ec fb d0 19 0d 90 00 
<<<<
>>>>
13 76 00 00 00 
7a 16 27 51 7e 65 5d 3c b5 1d 41 64 f7 fc 43 41 a5 71 c0 a4 f2 6b 14 c0 24 be f7 7f b9 50 0e 4e 90 00 
<<<<
>>>>
13 75 00 00 00 
00 00 00 00 00 00 00 41 90 00 
<<<<
>>>>
13 76 00 00 00 
f7 67 88 96 7f ab 48 57 85 f8 76 91 98 cf 0a 63 71 ea 12 08 4f c2 98 e0 44 31 8e 5d 52 4c 33 30 90 00 
<<<<
>>>>
13 77 00 00 08 00 00 00 00 00 00 00 41 
7a 16 27 51 7e 65 5d 3c b5 1d 41 64 f7 fc 43 41 a5 71 c0 a4 f2 6b 14 c0 24 be f7 7f b9 50 0e 4e 90 00 
<<<<
>>>>
13 75 00 00 00 
00 00 00 00 00 00 00 42 90 00 
<<<<
>>>>
13 77 00 00 08 00 00 00 00 00 00 00 42 
f7 67 88 96 7f ab 48 57 85 f8 76 91 98 cf 0a 63 71 ea 12 08 4f c2 98 e0 44 31 8e 5d 52 4c 33 30 90 00 
<<<<
>>>>
13 76 00 00 00 
fd c8 2c 4e cc ca 43 1b 32 11 0a 0b cb 6b fb f9 e9 34 ba 3f 4c 44 a8 cb ad e5 bd 28 b8 75 83 31 90 00 
<<<<
>>>>
13 75 00 00 00 
00 00 00 00 00 00 00 43 90 00 
<<<<
>>>>
13 76 00 00 00 
21 c8 03 24 88 2c b3 03 2c be eb 6f 1a 49 62 a9 9a bb f5 78 8b 27 ca f4 61 3e de 85 43 7e aa 1a 90 00 
<<<<
>>>>
13 77 00 00 08 00 00 00 00 00 00 00 43 
fd c8 2c 4e cc ca 43 1b 32 11 0a 0b cb 6b fb f9 e9 34 ba 3f 4c 44 a8 cb ad e5 bd 28 b8 75 83 31 90 00 
<<<<
>>>>
13 75 00 00 00 
00 00 00 00 00 00 00 44 90 00 
<<<<
>>>>
13 77 00 00 08 00 00 00 00 00 00 00 44 
21 c8 03 24 88 2c b3 03 2c be eb 6f 1a 49 62 a9 9a bb f5 78 8b 27 ca f4 61 3e de 85 43 7e aa 1a 90 00 
<<<<
>>>>
13 76 00 00 00 
84 40 ec 8d d8 c9 bf 79 1d 1e 7f 38 cd 67 80 99 cf f6 c7 9f 16 73 4f 77 6b 8f aa 89 76 e9 f8 61 90 00 
<<<<
>>>>
13 75 00 00 00 
00 00 00 00 00 00 00 45 90 00 
<<<<
>>>>
13 76 00 00 00 
02 1c 05 4d 91 84 68 c3 0f 62 92 85 47 2a 1b a5 e9 be e2 be 32 d1 70 c6 06 05 7c e3 aa 9e d4 09 90 00 
<<<<
>>>>
13 77 00 00 08 00 00 00 00 00 00 00 45 
84 40 ec 8d d8 c9 bf 79 1d 1e 7f 38 cd 67 80 99 cf f6 c7 9f 16 73 4f 77 6b 8f aa 89 76 e9 f8 61 90 00 
<<<<
>>>>
13 75 00 00 00 
00 00 00 00 00 00 00 46 90 00 
<<<<
>>>>
13 77 00 00 08 00 00 00 00 00 00 00 46 
02 1c 05 4d 91 84 68 c3 0f 62 92 85 47 2a 1b a5 e9 be e2 be 32 d1 70 c6 06 05 7c e3 aa 9e d4 09 90 00 
<<<<
>>>>
13 76 00 00 00 
65 92 72 b8 8e 14 58 df 63 e8 46 df 16 9f d7 e5 15 85 4e d0 b2 33 80 44 64 29 5f ef 52 29 35 d8 90 00 
<<<<
>>>>
13 75 00 00 00 
00 00 00 00 00 00 00 47 90 00 
<<<<
>>>>
13 76 00 00 00 
c2 d4 ce 4f 95 32 10 31 62 b9 9f e2 b3 6e ae f8 ec 10 d1 7d 66 d8 fe 3c cc 1c 9b 16 ab 44 84 6f 90 00 
<<<<
>>>>
13 77 00 00 08 00 00 00 00 00 00 00 47 
65 92 72 b8 8e 14 58 df 63 e8 46 df 16 9f d7 e5 15 85 4e d0 b2 33 80 44 64 29 5f ef 52 29 35 d8 90 00 
<<<<
>>>>
13 75 00 00 00 
00 00 00 00 00 00 00 48 90 00 
<<<<
>>>>
13 77 00 00 08 00 00 00 00 00 00 00 48 
c2 d4 ce 4f 95 32 10 31 62 b9 9f e2 b3 6e ae f8 ec 10 d1 7d 66 d8 fe 3c cc 1c 9b 16 ab 44 84 6f 90 00 
<<<<
>>>>
13 76 00 00 00 
52 2f 58 b6 2d 5a 68 4e 19 23 b3 8d b3 06 d5 80 c6 b4 9f 90 57 c8 b2 43 43 86 c9 70 e3 e8 c5 96 90 00 
<<<<
>>>>
13 75 00 00 00 
00 00 00 00 00 00 00 49 90 00 
<<<<
>>>>
13 76 00 00 00 
bb b0 f6 95 c0 ab 69 77 21 fd b7 ac f6 0e cf ff 71 f9 32 a5 ce f2 d5 8a 42 c0 c2 9b 56 b9 45 60 90 00 
<<<<
>>>>
13 77 00 00 08 00 00 00 00 00 00 00 49 
52 2f 58 b6 2d 5a 68 4e 19 23 b3 8d b3 06 d5 80 c6 b4 9f 90 57 c8 b2 43 43 86 c9 70 e3 e8 c5 96 90 00 
<<<<
>>>>
13 75 00 00 00 
00 00 00 00 00 00 00 4a 90 00 
<<<<
>>>>
13 77 00 00 08 00 00 00 00 00 00 00 4a 
bb b0 f6 95 c0 ab 69 77 21 fd b7 ac f6 0e cf ff 71 f9 32 a5 ce f2 d5 8a 42 c0 c2 9b 56 b9 45 60 90 00 
<<<<
>>>>
13 76 00 00 00 
5b 29 fd 41 86 b6 e3 6b 97 3b 45 1a 02 1b 09 0d 28 d9 91 98 32 c5 cb 81 3c 36 a4 92 92 50 6e 89 90 00 
<<<<
>>>>
13 75 00 00 00 
00 00 00 00 00 00 00 4b 90 00 
<<<<
>>>>
13 76 00 00 00 
ba 35 51 4f 2b 69 3b 47 d3 62 2d fe fa 6f 8a f7 5d c0 1d 5e fd 15 0a 76 6a 8a f2 0c ae 1b 7e 76 90 00 
<<<<
>>>>
13 77 00 00 08 00 00 00 00 00 00 00 4b 
5b 29 fd 41 86 b6 e3 6b 97 3b 45 1a 02 1b 09 0d 28 d9 91 98 32 c5 cb 81 3c 36 a4 92 92 50 6e 89 90 00 
<<<<
>>>>
13 75 00 00 00 
00 00 00 00 00 00 00 4c 90 00 
<<<<
>>>>
13 77 00 00 08 00 00 00 00 00 00 00 4c 
ba 35 51 4f 2b 69 3b 47 d3 62 2d fe fa 6f 8a f7 5d c0 1d 5e fd 15 0a 76 6a 8a f2 0c ae 1b 7e 76 90 00 
<<<<
>>>>
13 76 00 00 00 
1c e4 90 13 d7 11 9c d2 b6 5d bb 24 1c 29 a4 fd dc b7 94 91 39 0b 12 4e 31 6a 2f 1f a1 47 64 7f 90 00 
<<<<
>>>>
13 75 00 00 00 
00 00 00 00 00 00 00 4d 90 00 
<<<<
>>>>
13 76 00 00 00 
f4 46 cd ca 24 30 1a 46 43 e5 48 91 90 4a 31 69 54 73 18 a9 d7 0e 98 42 9f b7 87 e4 fd 75 46 51 90 00 
<<<<
>>>>
13 77 00 00 08 00 00 00 00 00 00 00 4d 
1c e4 90 13 d7 11 9c d2 b6 5d bb 24 1c 29 a4 fd dc b7 94 91 39 0b 12 4e 31 6a 2f 1f a1 47 64 7f 90 00 
<<<<
>>>>
13 75 00 00 00 
00 00 00 00 00 00 00 4e 90 00 
<<<<
>>>>
13 77 00 00 08 00 00 00 00 00 00 00 4e 
f4 46 cd ca 24 30 1a 46 43 e5 48 91 90 4a 31 69 54 73 18 a9 d7 0e 98 42 9f b7 87 e4 fd 75 46 51 90 00 
<<<<
>>>>
13 76 00 00 00 
c8 e9 67 da f6 73 0b 9c cd 74 c9 f7 92 5e 49 48 7b fa e5 28 0b d5 bd 2d 8a c8 6b 90 27 86 0a b1 90 00 
<<<<
>>>>
13 75 00 00 00 
00 00 00 00 00 00 00 4f 90 00 
<<<<
>>>>
13 76 00 00 00 
b0 39 a3 cc a3 b4 7f 12 f9 0c 5c c7 fe 1c c5 f0 d2 7c 58 34 f6 a0 a3 29 35 22 8a 36 9c 3d 1d c4 90 00 
<<<<
>>>>
13 77 00 00 08 00 00 00 00 00 00 00 4f 
c8 e9 67 da f6 73 0b 9c cd 74 c9 f7 92 5e 49 48 7b fa e5 28 0b d5 bd 2d 8a c8 6b 90 27 86 0a b1 90 00 
<<<<
>>>>
13 75 00 00 00 
00 00 00 00 00 00 00 50 90 00 
<<<<
>>>>
13 77 00 00 08 00 00 00 00 00 00 00 50 
b0 39 a3 cc a3 b4 7f 12 f9 0c 5c c7 fe 1c c5 f0 d2 7c 58 34 f6 a0 a3 29 35 22 8a 36 9c 3d 1d c4 90 00 
<<<<
>>>>
13 76 00 00 00 
82 67 6a 60 09 f2 02 91 16 a0 b4 32 e4 5a 8a 02 f7 73 f7 ca 5d 83 66 5a 62 5a 7f eb 7e bc 58 c5 90 00 
<<<<
>>>>
13 75 00 00 00 
00 00 00 00 00 00 00 51 90 00 
<<<<
>>>>
13 76 00 00 00 
9f 7e 47 fa f4 18 2b 1b 0b 13 ff 32 da 3c 5d 95 20 ce fc 43 ff 65 a4 85 b6 73 d5 e1 e6 c8 d8 9a 90 00 
<<<<
>>>>
13 77 00 00 08 00 00 00 00 00 00 00 51 
82 67 6a 60 09 f2 02 91 16 a0 b4 32 e4 5a 8a 02 f7 73 f7 ca 5d 83 66 5a 62 5a 7f eb 7e bc 58 c5 90 00 
<<<<
>>>>
13 75 00 00 00 
00 00 00 00 00 00 00 52 90 00 
<<<<
>>>>
13 77 00 00 08 00 00 00 00 00 00 00 52 
9f 7e 47 fa f4 18 2b 1b 0b 13 ff 32 da 3c 5d 95 20 ce fc 43 ff 65 a4 85 b6 73 d5 e1 e6 c8 d8 9a 90 00 
<<<<
>>>>
13 76 00 00 00 
ca f1 94 a3 d7 14 2a 75 26 6b d0 69 b1 97 f8 04 9a 1b ae 15 79 a5 1b e6 12 ea da 31 5b 96 92 b6 90 00 
<<<<
>>>>
13 75 00 00 00 
00 00 00 00 00 00 00 53 90 00 
<<<<
>>>>
13 76 00 00 00 
e1 61 5c cc 33 c1 c3 c7 1e 71 7d e2 b9 2a fc 22 f7 ad d9 c5 45 79 31 6a 8d 41 62 97 a3 24 1f c6 90 00 
<<<<
>>>>
13 77 00 00 08 00 00 00 00 00 00 00 53 
ca f1 94 a3 d7 14 2a 75 26 6b d0 69 b1 97 f8 04 9a 1b ae 15 79 a5 1b e6 12 ea da 31 5b 96 92 b6 90 00 
<<<<
>>>>
13 75 00 00 00 
00 00 00 00 00 00 00 54 90 00 
<<<<
>>>>
13 77 00 00 08 00 00 00 00 00 00 00 54 
e1 61 5c cc 33 c1 c3 c7 1e 71 7d e2 b9 2a fc 22 f7 ad d9 c5 45 79 31 6a 8d 41 62 97 a3 24 1f c6 90 00 
<<<<
>>>>
13 76 00 00 00 
c4 61 12 9d 04 fc af c9 a2 36 7a d9 85 24 4a 46 b3 e9 66 3f cc be fe d6 bc 98 ee ac e8 44 63 0e 90 00 
<<<<
>>>>
13 75 00 00 00 
00 00 00 00 00 00 00 55 90 00 
<<<<
>>>>
13 76 00 00 00 
0f 52 e2 38 44 5f fb 98 4e 82 9f 2a 19 1f b7 5c fc 8b 40 b0 5f 62 a9 94 58 cd a6 a4 fd c5 e2 e3 90 00 
<<<<
>>>>
13 77 00 00 08 00 00 00 00 00 00 00 55 
c4 61 12 9d 04 fc af c9 a2 36 7a d9 85 24 4a 46 b3 e9 66 3f cc be fe d6 bc 98 ee ac e8 44 63 0e 90 00 
<<<<
>>>>
13 75 00 00 00 
00 00 00 00 00 00 00 56 90 00 
<<<<
>>>>
13 77 00 00 08 00 00 00 00 00 00 00 56 
0f 52 e2 38 44 5f fb 98 4e 82 9f 2a 19 1f b7 5c fc 8b 40 b0 5f 62 a9 94 58 cd a6 a4 fd c5 e2 e3 90 00 
<<<<
>>>>
13 76 00 00 00 
ab 33 eb e7 c2 52 6d df c7 db 17 e1 4a 42 30 2b e5 d7 45 5e b2 ed a3 e0 81 56 f1 ee 73 92 9e b2 90 00 
<<<<
>>>>
13 75 00 00 00 
00 00 00 00 00 00 00 57 90 00 
<<<<
>>>>
13 76 00 00 00 
31 15 a4 0a 00 11 c7 4d 47 1b b0 58 f1 ed 0e 4e 4a 60 29 73 0f 8a 83 72 fa 9b 68 33 2c a6 46 be 90 00 
<<<<
>>>>
13 77 00 00 08 00 00 00 00 00 00 00 57 
ab 33 eb e7 c2 52 6d df c7 db 17 e1 4a 42 30 2b e5 d7 45 5e b2 ed a3 e0 81 56 f1 ee 73 92 9e b2 90 00 
<<<<
>>>>
13 75 00 00 00 
00 00 00 00 00 00 00 58 90 00 
<<<<
>>>>
13 77 00 00 08 00 00 00 00 00 00 00 58 
31 15 a4 0a 00 11 c7 4d 47 1b b0 58 f1 ed 0e 4e 4a 60 29 73 0f 8a 83 72 fa 9b 68 33 2c a6 46 be 90 00 
<<<<
>>>>
13 76 00 00 00 
d8 43 46 ed 22 8b 8d f5 ef 5a e3 26 8c 1a 19 e5 59 4c 06 fa 43 97 d6 d6 c2 06 fb f4 ad 14 51 a7 90 00 
<<<<
>>>>
13 75 00 00 00 
00 00 00 00 00 00 00 59 90 00 
<<<<
>>>>
13 76 00 00 00 
d8 30 7c 1c be 08 77 12 a2 d0 d8 7c 0f a8 6c 01 57 e6 00 33 00 f5 9a 02 b9 0b 9e 86 94 c4 94 ea 90 00 
<<<<
>>>>
13 77 00 00 08 00 00 00 00 00 00 00 59 
d8 43 46 ed 22 8b 8d f5 ef 5a e3 26 8c 1a 19 e5 59 4c 06 fa 43 97 d6 d6 c2 06 fb f4 ad 14 51 a7 90 00 
<<<<
>>>>
13 75 00 00 00 
00 00 00 00 00 00 00 5a 90 00 
<<<<
>>>>
13 77 00 00 08 00 00 00 00 00 00 00 5a 
d8 30 7c 1c be 08 77 12 a2 d0 d8 7c 0f a8 6c 01 57 e6 00 33 00 f5 9a 02 b9 0b 9e 86 94 c4 94 ea 90 00 
<<<<
>>>>
13 76 00 00 00 
cf e8 3d 73 95 0b e9 c1 16 64 d7 14 f9 d6 e6 f0 bd 51 53 52 17 59 6f 7a f3 ae b4 31 d6 ec d1 bd 90 00 
<<<<
>>>>
13 75 00 00 00 
00 00 00 00 00 00 00 5b 90 00 
<<<<
>>>>
13 76 00 00 00 
9b 33 75 fd bb 13 f6 99 e6 cd 10 bd cf 6a 09 b5 d5 fe 28 1b b6 8b a6 30 d5 94 d5 27 97 5a a0 b9 90 00 
<<<<
>>>>
13 77 00 00 08 00 00 00 00 00 00 00 5b 
cf e8 3d 73 95 0b e9 c1 16 64 d7 14 f9 d6 e6 f0 bd 51 53 52 17 59 6f 7a f3 ae b4 31 d6 ec d1 bd 90 00 
<<<<
>>>>
13 75 00 00 00 
00 00 00 00 00 00 00 5c 90 00 
<<<<
>>>>
13 77 00 00 08 00 00 00 00 00 00 00 5c 
9b 33 75 fd bb 13 f6 99 e6 cd 10 bd cf 6a 09 b5 d5 fe 28 1b b6 8b a6 30 d5 94 d5 27 97 5a a0 b9 90 00 
<<<<
>>>>
13 76 00 00 00 
ad 73 22 67 b4 77 5e ab 95 5f 52 5b 06 a3 f6 e7 47 e9 25 18 c0 6b c5 27 4d ca bf 35 e0 c6 05 75 90 00 
<<<<
>>>>
13 75 00 00 00 
00 00 00 00 00 00 00 5d 90 00 
<<<<
>>>>
13 76 00 00 00 
9e 1f 5a 60 32 85 ac d4 4b ac f4 48 e7 ad 54 ab 93 d2 9f d6 e3 25 90 8f 43 d2 a4 0b 0c 35 f8 10 90 00 
<<<<
>>>>
13 77 00 00 08 00 00 00 00 00 00 00 5d 
ad 73 22 67 b4 77 5e ab 95 5f 52 5b 06 a3 f6 e7 47 e9 25 18 c0 6b c5 27 4d ca bf 35 e0 c6 05 75 90 00 
<<<<
>>>>
13 75 00 00 00 
00 00 00 00 00 00 00 5e 90 00 
<<<<
>>>>
13 77 00 00 08 00 00 00 00 00 00 00 5e 
9e 1f 5a 60 32 85 ac d4 4b ac f4 48 e7 ad 54 ab 93 d2 9f d6 e3 25 90 8f 43 d2 a4 0b 0c 35 f8 10 90 00 
<<<<
>>>>
13 76 00 00 00 
59 91 55 eb 06 d3 be f3 00 9e f7 0e e2 e6 11 00 1d 90 37 8f 75 23 79 b6 b7 82 00 79 29 86 52 77 90 00 
<<<<
>>>>
13 75 00 00 00 
00 00 00 00 00 00 00 5f 90 00 
<<<<
>>>>
13 76 00 00 00 
4e dc d1 78 8b 87 c3 f8 37 17 a7 71 70 3c 85 a5 cf eb bc 65 29 0e af 2c 8d 03 32 0a 4c 65 e0 ef 90 00 
<<<<
>>>>
13 77 00 00 08 00 00 00 00 00 00 00 5f 
59 91 55 eb 06 d3 be f3 00 9e f7 0e e2 e6 11 00 1d 90 37 8f 75 23 79 b6 b7 82 00 79 29 86 52 77 90 00 
<<<<
>>>>
13 75 00 00 00 
00 00 00 00 00 00 00 60 90 00 
<<<<
>>>>
13 77 00 00 08 00 00 00 00 00 00 00 60 
4e dc d1 78 8b 87 c3 f8 37 17 a7 71 70 3c 85 a5 cf eb bc 65 29 0e af 2c 8d 03 32 0a 4c 65 e0 ef 90 00 
<<<<
>>>>
13 76 00 00 00 
d2 7f bc 4d 16 20 aa a7 f2 5f 4f 53 6d de cc 09 31 6f 59 f1 c1 50 4e 53 22 97 71 13 9e 82 16 cf 90 00 
<<<<
>>>>
13 75 00 00 00 
00 00 00 00 00 00 00 61 90 00 
<<<<
>>>>
13 76 00 00 00 
36 e9 31 60 f7 ce 8f ff b7 0a ec 4f 6b 8b c1 45 89 05 5e c5 c4 41 a6 d7 9c 02 05 61 70 95 79 d4 90 00 
<<<<
>>>>
13 77 00 00 08 00 00 00 00 00 00 00 61 
d2 7f bc 4d 16 20 aa a7 f2 5f 4f 53 6d de cc 09 31 6f 59 f1 c1 50 4e 53 22 97 71 13 9e 82 16 cf 90 00 
<<<<
>>>>
13 75 00 00 00 
00 00 00 00 00 00 00 62 90 00 
<<<<
>>>>
13 77 00 00 08 00 00 00 00 00 00 00 62 
36 e9 31 60 f7 ce 8f ff b7 0a ec 4f 6b 8b c1 45 89 05 5e c5 c4 41 a6 d7 9c 02 05 61 70 95 79 d4 90 00 
<<<<
>>>>
13 76 00 00 00 
db 14 33 3a bb 31 00 c2 d3 8a fc 2c 12 3b fc 83 d8 a0 21 0b ac 51 3d 75 c1 22 68 15 c8 a9 62 78 90 00 
<<<<
>>>>
13 75 00 00 00 
00 00 00 00 00 00 00 63 90 00 
<<<<
>>>>
13 76 00 00 00 
12 b0 6d 53 44 79 48 f9 19 4e f4 e9 96 eb 9e c6 25 78 14 6f 08 93 08 0d 9c 33 f4 ef e3 93 a1 f6 90 00 
<<<<
>>>>
13 77 00 00 08 00 00 00 00 00 00 00 63 
db 14 33 3a bb 31 00 c2 d3 8a fc 2c 12 3b fc 83 d8 a0 21 0b ac 51 3d 75 c1 22 68 15 c8 a9 62 78 90 00 
<<<<
>>>>
13 75 00 00 00 
00 00 00 00 00 00 00 64 90 00 
<<<<
>>>>
13 77 00 00 08 00 00 00 00 00 00 00 64 
12 b0 6d 53 44 79 48 f9 19 4e f4 e9 96 eb 9e c6 25 78 14 6f 08 93 08 0d 9c 33 f4 ef e3 93 a1 f6 90 00 
<<<<
>>>>
13 76 00 00 00 
cd 9b c0 be 52 1d 41 d9 f9 97 2a 1a 84 3f 21 84 80 56 a3 69 d6 18 38 50 7c 57 c9 50 aa 27 3c d5 90 00 
<<<<
>>>>
13 75 00 00 00 
00 00 00 00 00 00 00 65 90 00 
<<<<
>>>>
13 76 00 00 00 
b1 8f 7b ef 91 1a a6 28 45 e8 85 a4 44 f8 62 52 40 7c e4 f7 a3 95 e5 77 38 e6 49 8d 3a 17 7a 52 90 00 
<<<<
>>>>
13 77 00 00 08 00 00 00 00 00 00 00 65 
cd 9b c0 be 52 1d 41 d9 f9 97 2a 1a 84 3f 21 84 80 56 a3 69 d6 18 38 50 7c 57 c9 50 aa 27 3c d5 90 00 
<<<<
>>>>
13 75 00 00 00 
00 00 00 00 00 00 00 66 90 00 
<<<<
>>>>
13 77 00 00 08 00 00 00 00 00 00 00 66 
b1 8f 7b ef 91 1a a6 28 45 e8 85 a4 44 f8 62 52 40 7c e4 f7 a3 95 e5 77 38 e6 49 8d 3a 17 7a 52 90 00 
<<<<
>>>>
13 76 00 00 00 
05 8a 6f 0c d2 55 f3 0d 6c 95 b1 ef d7 70 d8 43 4c d0 59 36 27 3e 73 61 8a 69 e9 07 e0 d1 12 13 90 00 
<<<<
>>>>
13 75 00 00 00 
00 00 00 00 00 00 00 67 90 00 
<<<<
>>>>
13 76 00 00 00 
1f e7 ee 76 42 e9 7b ab 7f 17 37 43 49 2c 6a 85 31 c9 a8 ae 8b 6e f1 24 f9 72 96 33 79 85 f0 7d 90 00 
<<<<
>>>>
13 77 00 00 08 00 00 00 00 00 00 00 67 
05 8a 6f 0c d2 55 f3 0d 6c 95 b1 ef d7 70 d8 43 4c d0 59 36 27 3e 73 61 8a 69 e9 07 e0 d1 12 13 90 00 
<<<<
>>>>
13 75 00 00 00 
00 00 00 00 00 00 00 68 90 00 
<<<<
>>>>
13 77 00 00 08 00 00 00 00 00 00 00 68 
1f e7 ee 76 42 e9 7b ab 7f 17 37 43 49 2c 6a 85 31 c9 a8 ae 8b 6e f1 24 f9 72 96 33 79 85 f0 7d 90 00 
<<<<
>>>>
13 76 00 00 00 
6d a0 3c 04 8d 82 7d 57 70 83 ba c8 f7 68 29 3a 47 0e 90 9c b9 0b 82 fa 9a ea 49 51 1c e1 7d 5b 90 00 
<<<<
>>>>
13 75 00 00 00 
00 00 00 00 00 00 00 69 90 00 
<<<<
>>>>
13 76 00 00 00 
ac 0e 7f 17 98 67 a2 ad 12 cf 3f 94 12 e5 5c 9d 6a 77 4c 2c 62 b5 04 b0 95 1d 3f 57 ca 74 6d ee 90 00 
<<<<
>>>>
13 77 00 00 08 00 00 00 00 00 00 00 69 
6d a0 3c 04 8d 82 7d 57 70 83 ba c8 f7 68 29 3a 47 0e 90 9c b9 0b 82 fa 9a ea 49 51 1c e1 7d 5b 90 00 
<<<<
>>>>
13 75 00 00 00 
00 00 00 00 00 00 00 6a 90 00 
<<<<
>>>>
13 77 00 00 08 00 00 00 00 00 00 00 6a 
ac 0e 7f 17 98 67 a2 ad 12 cf 3f 94 12 e5 5c 9d 6a 77 4c 2c 62 b5 04 b0 95 1d 3f 57 ca 74 6d ee 90 00 
<<<<
>>>>
13 76 00 00 00 
eb 02 00 d0 32 43 83 62 c8 35 a6 2d 8b ca 23 b9 4c e1 57 7d 4f 53 89 db 3d 99 67 32 f6 25 bd 8c 90 00 
<<<<
>>>>
13 75 00 00 00 
00 00 00 00 00 00 00 6b 90 00 
<<<<
>>>>
13 76 00 00 00 
d2 2f 8b 19 85 5d fb 13 aa 6e c5 4e 07 a3 43 67 ff 77 35 35 8c c6 8d 39 ba 71 47 f2 2b 75 35 57 90 00 
<<<<
>>>>
13 77 00 00 08 00 00 00 00 00 00 00 6b 
eb 02 00 d0 32 43 83 62 c8 35 a6 2d 8b ca 23 b9 4c e1 57 7d 4f 53 89 db 3d 99 67 32 f6 25 bd 8c 90 00 
<<<<
>>>>
13 75 00 00 00 
00 00 00 00 00 00 00 6c 90 00 
<<<<
>>>>
13 77 00 00 08 00 00 00 00 00 00 00 6c 
d2 2f 8b 19 85 5d fb 13 aa 6e c5 4e 07 a3 43 67 ff 77 35 35 8c c6 8d 39 ba 71 47 f2 2b 75 35 57 90 00 
<<<<
>>>>
13 76 00 00 00 
ec c4 aa 85 14 2d 2e 37 50 d9 4a 27 cd 48 33 61 c3 77 27 9d 7b 79 e2 e4 7a 2a c4 41 fa 4c f5 da 90 00 
<<<<
>>>>
13 75 00 00 00 
00 00 00 00 00 00 00 6d 90 00 
<<<<
>>>>
13 76 00 00 00 
0f 50 39 e5 ce 0c 18 90 af b1 a0 5b 9f c8 ec 91 81 05 f6 dd cd 2d e0 be 3e 87 cc 99 11 f0 73 cc 90 00 
<<<<
>>>>
13 77 00 00 08 00 00 00 00 00 00 00 6d 
ec c4 aa 85 14 2d 2e 37 50 d9 4a 27 cd 48 33 61 c3 77 27 9d 7b 79 e2 e4 7a 2a c4 41 fa 4c f5 da 90 00 
<<<<
>>>>
13 75 00 00 00 
00 00 00 00 00 00 00 6e 90 00 
<<<<
>>>>
13 77 00 00 08 00 00 00 00 00 00 00 6e 
0f 50 39 e5 ce 0c 18 90 af b1 a0 5b 9f c8 ec 91 81 05 f6 dd cd 2d e0 be 3e 87 cc 99 11 f0 73 cc 90 00 
<<<<
>>>>
13 76 00 00 00 
d0 d3 3a f6 7d d9 d6 e8 09 22 9a c2 3b 2b e3 9f e6 1b fb 0f 44 7b 8d 85 42 c9 0d d6 8d fb 42 ff 90 00 
<<<<
>>>>
13 75 00 00 00 
00 00 00 00 00 00 00 6f 90 00 
<<<<
>>>>
13 76 00 00 00 
43 24 73 2d b5 4f dc da 48 ce dd e4 72 80 11 11 b7 ee 4c 53 08 f1 22 92 0f 49 36 bc 1d 25 cd e3 90 00 
<<<<
>>>>
13 77 00 00 08 00 00 00 00 00 00 00 6f 
d0 d3 3a f6 7d d9 d6 e8 09 22 9a c2 3b 2b e3 9f e6 1b fb 0f 44 7b 8d 85 42 c9 0d d6 8d fb 42 ff 90 00 
<<<<
>>>>
13 75 00 00 00 
00 00 00 00 00 00 00 70 90 00 
<<<<
>>>>
13 77 00 00 08 00 00 00 00 00 00 00 70 
43 24 73 2d b5 4f dc da 48 ce dd e4 72 80 11 11 b7 ee 4c 53 08 f1 22 92 0f 49 36 bc 1d 25 cd e3 90 00 
<<<<
>>>>
13 76 00 00 00 
7d 19 47 49 7a 62 19 9a 16 c7 4e 0e 0d 8b 3e 6d 97 0b be 16 a5 8d e9 66 e1 5a 19 72 7a 04 9d 57 90 00 
<<<<
>>>>
13 75 00 00 00 
00 00 00 00 00 00 00 71 90 00 
<<<<
>>>>
13 76 00 00 00 
c2 1c 8c 0d 03 30 ef 4d 23 3e 53 76 da 7e 85 2f 52 51 01 a9 ed d0 f8 f4 51 7b 8f 43 84 41 d3 c0 90 00 
<<<<
>>>>
13 77 00 00 08 00 00 00 00 00 00 00 71 
7d 19 47 49 7a 62 19 9a 16 c7 4e 0e 0d 8b 3e 6d 97 0b be 16 a5 8d e9 66 e1 5a 19 72 7a 04 9d 57 90 00 
<<<<
>>>>
13 75 00 00 00 
00 00 00 00 00 00 00 72 90 00 
<<<<
>>>>
13 77 00 00 08 00 00 00 00 00 00 00 72 
c2 1c 8c 0d 03 30 ef 4d 23 3e 53 76 da 7e 85 2f 52 51 01 a9 ed d0 f8 f4 51 7b 8f 43 84 41 d3 c0 90 00 
<<<<
>>>>
13 76 00 00 00 
c0 b0 9d ab 9b a6 96 89 9b 59 bb 09 05 8b 65 d0 3f 47 91 d9 70 9c 47 c9 aa 87 cd 7d 98 c2 a0 9f 90 00 
<<<<
>>>>
13 75 00 00 00 
00 00 00 00 00 00 00 73 90 00 
<<<<
>>>>
13 76 00 00 00 
22 73 a0 d0 e4 d7 b7 7e 10 ce 65 38 b0 8f bd 50 47 6c af af 2d 9e 74 4b 33 85 24 2b a3 2a 87 4e 90 00 
<<<<
>>>>
13 77 00 00 08 00 00 00 00 00 00 00 73 
c0 b0 9d ab 9b a6 96 89 9b 59 bb 09 05 8b 65 d0 3f 47 91 d9 70 9c 47 c9 aa 87 cd 7d 98 c2 a0 9f 90 00 
<<<<
>>>>
13 75 00 00 00 
00 00 00 00 00 00 00 74 90 00 
<<<<
>>>>
13 77 00 00 08 00 00 00 00 00 00 00 74 
22 73 a0 d0 e4 d7 b7 7e 10 ce 65 38 b0 8f bd 50 47 6c af af 2d 9e 74 4b 33 85 24 2b a3 2a 87 4e 90 00 
<<<<
>>>>
13 76 00 00 00 
e2 71 d9 87 19 77 89 2a 95 56 92 23 ad fc c3 35 c7 0d 6f ae e2 cf c5 7d 3d 58 ed 2a 7a 00 b8 18 90 00 
<<<<
>>>>
13 75 00 00 00 
00 00 00 00 00 00 00 75 90 00 
<<<<
>>>>
13 76 00 00 00 
07 0e 14 92 63 73 f4 98 ff 14 6a ba d8 2d d9 c4 42 19 2a 98 87 6f bb c9 10 e9 2b 3c 71 05 83 fd 90 00 
<<<<
>>>>
13 77 00 00 08 00 00 00 00 00 00 00 75 
e2 71 d9 87 19 77 89 2a 95 56 92 23 ad fc c3 35 c7 0d 6f ae e2 cf c5 7d 3d 58 ed 2a 7a 00 b8 18 90 00 
<<<<
>>>>
13 75 00 00 00 
00 00 00 00 00 00 00 76 90 00 
<<<<
>>>>
13 77 00 00 08 00 00 00 00 00 00 00 76 
07 0e 14 92 63 73 f4 98 ff 14 6a ba d8 2d d9 c4 42 19 2a 98 87 6f bb c9 10 e9 2b 3c 71 05 83 fd 90 00 
<<<<
>>>>
13 76 00 00 00 
72 d7 6c 7c dc 21 f6 e2 d5 bb e6 34 a9 27 2b 3d 62 c1 31 c0 8a 67 38 dc 67 cf 14 2f d4 64 db 7c 90 00 
<<<<
>>>>
13 75 00 00 00 
00 00 00 00 00 00 00 77 90 00 
<<<<
>>>>
13 76 00 00 00 
c8 b2 0d af fe 81 40 b1 25 38 3e b7 00 df 31 0a 99 b6 3e 8f 92 e1 0f 81 f0 ab dc b2 d7 70 56 32 90 00 
<<<<
>>>>
13 77 00 00 08 00 00 00 00 00 00 00 77 
72 d7 6c 7c dc 21 f6 e2 d5 bb e6 34 a9 27 2b 3d 62 c1 31 c0 8a 67 38 dc 67 cf 14 2f d4 64 db 7c 90 00 
<<<<
>>>>
13 75 00 00 00 
00 00 00 00 00 00 00 78 90 00 
<<<<
>>>>
13 77 00 00 08 00 00 00 00 00 00 00 78 
c8 b2 0d af fe 81 40 b1 25 38 3e b7 00 df 31 0a 99 b6 3e 8f 92 e1 0f 81 f0 ab dc b2 d7 70 56 32 90 00 
<<<<
>>>>
13 76 00 00 00 
74 d9 95 8c b8 d3 db 7e bc f4 ac cc 20 ed a6 63 a9 78 ab 1c ae cf 47 e3 16 5a 0a dd c6 75 07 3b 90 00 
<<<<
>>>>
13 75 00 00 00 
00 00 00 00 00 00 00 79 90 00 
<<<<
>>>>
13 76 00 00 00 
8a 62 d1 7a 44 ca f3 8c cb 82 f7 7c 32 f4 8c 73 0b bd 7e 8b a5 99 e6 48 f8 3d bd 38 f5 87 59 9c 90 00 
<<<<
>>>>
13 77 00 00 08 00 00 00 00 00 00 00 79 
74 d9 95 8c b8 d3 db 7e bc f4 ac cc 20 ed a6 63 a9 78 ab 1c ae cf 47 e3 16 5a 0a dd c6 75 07 3b 90 00 
<<<<
>>>>
13 75 00 00 00 
00 00 00 00 00 00 00 7a 90 00 
<<<<
>>>>
13 77 00 00 08 00 00 00 00 00 00 00 7a 
8a 62 d1 7a 44 ca f3 8c cb 82 f7 7c 32 f4 8c 73 0b bd 7e 8b a5 99 e6 48 f8 3d bd 38 f5 87 59 9c 90 00 
<<<<
>>>>
13 76 00 00 00 
bf e2 e8 72 e3 34 a4 ef ce 3f b3 1e 72 92 1e ce 05 c8 d3 67 fc 9b 5c 71 8d 09 a7 5a 4e e6 a3 72 90 00 
<<<<
>>>>
13 75 00 00 00 
00 00 00 00 00 00 00 7b 90 00 
<<<<
>>>>
13 76 00 00 00 
e0 98 41 17 d6 45 db 4d b7 7c 59 ec e0 4d 76 2f 96 83 68 ea ac 3e 98 6b 71 b7 dd 6c 62 4b f9 85 90 00 
<<<<
>>>>
13 77 00 00 08 00 00 00 00 00 00 00 7b 
bf e2 e8 72 e3 34 a4 ef ce 3f b3 1e 72 92 1e ce 05 c8 d3 67 fc 9b 5c 71 8d 09 a7 5a 4e e6 a3 72 90 00 
<<<<
>>>>
13 75 00 00 00 
00 00 00 00 00 00 00 7c 90 00 
<<<<
>>>>
13 77 00 00 08 00 00 00 00 00 00 00 7c 
e0 98 41 17 d6 45 db 4d b7 7c 59 ec e0 4d 76 2f 96 83 68 ea ac 3e 98 6b 71 b7 dd 6c 62 4b f9 85 90 00 
<<<<
>>>>
13 76 00 00 00 
5e ba f4 33 53 7e cc 60 ee ff 33 61 09 77 28 2c bb 28 7f ed d6 97 df e1 4e b9 41 3b ca ec 9c fe 90 00 
<<<<
>>>>
13 75 00 00 00 
00 00 00 00 00 00 00 7d 90 00 
<<<<
>>>>
13 76 00 00 00 
c8 43 44 0f 8a b2 22 a1 78 a9 f8 47 21 ee 97 f6 2d a4 f6 ca 7b 6a 80 b7 af 31 9c fb b4 e3 a9 fc 90 00 
<<<<
>>>>
13 77 00 00 08 00 00 00 00 00 00 00 7d 
5e ba f4 33 53 7e cc 60 ee ff 33 61 09 77 28 2c bb 28 7f ed d6 97 df e1 4e b9 41 3b ca ec 9c fe 90 00 
<<<<
>>>>
13 75 00 00 00 
00 00 00 00 00 00 00 7e 90 00 
<<<<
>>>>
13 77 00 00 08 00 00 00 00 00 00 00 7e 
c8 43 44 0f 8a b2 22 a1 78 a9 f8 47 21 ee 97 f6 2d a4 f6 ca 7b 6a 80 b7 af 31 9c fb b4 e3 a9 fc 90 00 
<<<<
>>>>
13 76 00 00 00 
f0 f5 f2 6b e3 17 35 b1 c6 11 b6 16 f4 02 cb b5 1d 41 61 d9 58 08 11 e7 07 20 56 2d 70 d8 24 ef 90 00 
<<<<
>>>>
13 75 00 00 00 
00 00 00 00 00 00 00 7f 90 00 
<<<<
>>>>
13 76 00 00 00 
c3 27 71 3a 2d 96 e7 00 bb 57 d4 1b 7b 32 f1 7e 3f 81 cb ec b9 6b 16 19 7d 4e c0 2f 4b 7e a0 5f 90 00 
<<<<
>>>>
13 77 00 00 08 00 00 00 00 00 00 00 7f 
f0 f5 f2 6b e3 17 35 b1 c6 11 b6 16 f4 02 cb b5 1d 41 61 d9 58 08 11 e7 07 20 56 2d 70 d8 24 ef 90 00 
<<<<
>>>>
13 75 00 00 00 
00 00 00 00 00 00 00 80 90 00 
<<<<
>>>>
13 77 00 00 08 00 00 00 00 00 00 00 80 
c3 27 71 3a 2d 96 e7 00 bb 57 d4 1b 7b 32 f1 7e 3f 81 cb ec b9 6b 16 19 7d 4e c0 2f 4b 7e a0 5f 90 00 
<<<<
>>>>
13 76 00 00 00 
a2 d6 c1 b0 a8 8a a7 44 52 5c 5e 66 6d ff 9f 9e 9d ae cb 8f 06 86 3c 04 d9 b7 ef eb 75 f7 e8 a8 90 00 
<<<<
>>>>
13 75 00 00 00 
00 00 00 00 00 00 00 81 90 00 
<<<<
>>>>
13 76 00 00 00 
94 07 22 dd 09 d1 8a ac 22 8e 47 7a f2 25 d1 84 10 cb c1 e0 31 6b da 69 22 08 b5 fa bc e6 de 9b 90 00 
<<<<
>>>>
13 77 00 00 08 00 00 00 00 00 00 00 81 
a2 d6 c1 b0 a8 8a a7 44 52 5c 5e 66 6d ff 9f 9e 9d ae cb 8f 06 86 3c 04 d9 b7 ef eb 75 f7 e8 a8 90 00 
<<<<
>>>>
13 75 00 00 00 
00 00 00 00 00 00 00 82 90 00 
<<<<
>>>>
13 77 00 00 08 00 00 00 00 00 00 00 82 
94 07 22 dd 09 d1 8a ac 22 8e 47 7a f2 25 d1 84 10 cb c1 e0 31 6b da 69 22 08 b5 fa bc e6 de 9b 90 00 
<<<<
>>>>
13 76 00 00 00 
31 f8 71 ac cf 03 5b e7 05 8b 7a a1 f4 fa 35 93 7d 05 83 88 61 73 10 0a 7c 11 71 4b 29 4b 17 a2 90 00 
<<<<
>>>>
13 75 00 00 00 
00 00 00 00 00 00 00 83 90 00 
<<<<
>>>>
13 76 00 00 00 
b7 01 20 00 b7 6e 41 c0 34 43 fa 8b 3f 81 aa 17 18 1f fa 49 34 24 e2 ba 3b 4a 31 b7 7c f5 41 92 90 00 
<<<<
>>>>
13 77 00 00 08 00 00 00 00 00 00 00 83 
31 f8 71 ac cf 03 5b e7 05 8b 7a a1 f4 fa 35 93 7d 05 83 88 61 73 10 0a 7c 11 71 4b 29 4b 17 a2 90 00 
<<<<
>>>>
13 75 00 00 00 
00 00 00 00 00 00 00 84 90 00 
<<<<
>>>>
13 77 00 00 08 00 00 00 00 00 00 00 84 
b7 01 20 00 b7 6e 41 c0 34 43 fa 8b 3f 81 aa 17 18 1f fa 49 34 24 e2 ba 3b 4a 31 b7 7c f5 41 92 90 00 
<<<<
>>>>
13 76 00 00 00 
65 b5 86 ae b2 3d 61 53 47 d0 5b fd 4e 71 ce 19 ba 8f df cc d4 af 45 78 02 83 cd 92 6b ad 08 b2 90 00 
<<<<
>>>>
13 75 00 00 00 
00 00 00 00 00 00 00 85 90 00 
<<<<
>>>>
13 76 00 00 00 
90 2e ee 30 96 f1 2c 89 ad e0 46 44 08 71 42 e0 e9 0a 32 95 bf 49 ba 6c 0d 56 ee a7 bb ab ca c4 90 00 
<<<<
>>>>
13 77 00 00 08 00 00 00 00 00 00 00 85 
65 b5 86 ae b2 3d 61 53 47 d0 5b fd 4e 71 ce 19 ba 8f df cc d4 af 45 78 02 83 cd 92 6b ad 08 b2 90 00 
<<<<
>>>>
13 75 00 00 00 
00 00 00 00 00 00 00 86 90 00 
<<<<
>>>>
13 77 00 00 08 00 00 00 00 00 00 00 86 
90 2e ee 30 96 f1 2c 89 ad e0 46 44 08 71 42 e0 e9 0a 32 95 bf 49 ba 6c 0d 56 ee a7 bb ab ca c4 90 00 
<<<<
>>>>
13 76 00 00 00 
89 63 a9 b9 53 2a 19 69 65 04 50 9b 05 f2 c0 31 4d c9 39 c4 dc bf 48 e4 2c 2c e6 55 36 8b 91 49 90 00 
<<<<
>>>>
13 75 00 00 00 
00 00 00 00 00 00 00 87 90 00 
<<<<
>>>>
13 76 00 00 00 
9d a5 ab 27 85 38 19 41 29 0f d3 d1 8b 4a e6 c1 64 b0 d1 7c 73 4b 5f 05 86 ab 8f 7a ff 8e 6f 36 90 00 
<<<<
>>>>
13 77 00 00 08 00 00 00 00 00 00 00 87 
89 63 a9 b9 53 2a 19 69 65 04 50 9b 05 f2 c0 31 4d c9 39 c4 dc bf 48 e4 2c 2c e6 55 36 8b 91 49 90 00 
<<<<
>>>>
13 75 00 00 00 
00 00 00 00 00 00 00 88 90 00 
<<<<
>>>>
13 77 00 00 08 00 00 00 00 00 00 00 88 
9d a5 ab 27 85 38 19 41 29 0f d3 d1 8b 4a e6 c1 64 b0 d1 7c 73 4b 5f 05 86 ab 8f 7a ff 8e 6f 36 90 00 
<<<<
>>>>
13 76 00 00 00 
e6 13 e1 86 15 09 19 01 49 14 46 91 d9 4d ca f8 43 23 0f 5d 9a aa b2 cb 84 2d d1 11 23 b1 ee 8b 90 00 
<<<<
>>>>
13 75 00 00 00 
00 00 00 00 00 00 00 89 90 00 
<<<<
>>>>
13 76 00 00 00 
18 bb d5 97 12 73 ac aa ee 1d 87 a0 76 28 05 7f f7 f3 1d 08 2f e4 69 a8 69 4b f9 74 d2 02 c4 40 90 00 
<<<<
>>>>
13 77 00 00 08 00 00 00 00 00 00 00 89 
e6 13 e1 86 15 09 19 01 49 14 46 91 d9 4d ca f8 43 23 0f 5d 9a aa b2 cb 84 2d d1 11 23 b1 ee 8b 90 00 
<<<<
>>>>
13 75 00 00 00 
00 00 00 00 00 00 00 8a 90 00 
<<<<
>>>>
13 77 00 00 08 00 00 00 00 00 00 00 8a 
18 bb d5 97 12 73 ac aa ee 1d 87 a0 76 28 05 7f f7 f3 1d 08 2f e4 69 a8 69 4b f9 74 d2 02 c4 40 90 00 
<<<<
>>>>
13 76 00 00 00 
15 82 83 46 4a 8f 14 fa 6e e0 9c 24 f8 7e 40 93 ea 7e 3d 8b 7d 0e ef 38 f1 d6 5d fe 6f 2e 05 61 90 00 
<<<<
>>>>
13 75 00 00 00 
00 00 00 00 00 00 00 8b 90 00 
<<<<
>>>>
13 76 00 00 00 
9f 7f ea 41 62 23 22 38 1d dd 68 9f b7 e2 f4 c0 dc c0 74 c6 59 dd 76 70 94 84 48 e3 6a 37 ce 5d 90 00 
<<<<
>>>>
13 77 00 00 08 00 00 00 00 00 00 00 8b 
15 82 83 46 4a 8f 14 fa 6e e0 9c 24 f8 7e 40 93 ea 7e 3d 8b 7d 0e ef 38 f1 d6 5d fe 6f 2e 05 61 90 00 
<<<<
>>>>
13 75 00 00 00 
00 00 00 00 00 00 00 8c 90 00 
<<<<
>>>>
13 77 00 00 08 00 00 00 00 00 00 00 8c 
9f 7f ea 41 62 23 22 38 1d dd 68 9f b7 e2 f4 c0 dc c0 74 c6 59 dd 76 70 94 84 48 e3 6a 37 ce 5d 90 00 
<<<<
>>>>
13 76 00 00 00 
f9 ad 62 6e 02 b5 4c 23 91 13 f7 0f 30 cc bb a5 f5 6c 1e 6a b2 d3 5d 09 97 31 38 b7 55 f1 d7 cf 90 00 
<<<<
>>>>
13 75 00 00 00 
00 00 00 00 00 00 00 8d 90 00 
<<<<
>>>>
13 76 00 00 00 
e7 b0 a7 5b 27 17 4f 0c 84 99 37 cd 41 ff 71 74 bb bb 6e 54 25 52 e8 3c 32 a3 77 5c 2b f5 8b ca 90 00 
<<<<
>>>>
13 77 00 00 08 00 00 00 00 00 00 00 8d 
f9 ad 62 6e 02 b5 4c 23 91 13 f7 0f 30 cc bb a5 f5 6c 1e 6a b2 d3 5d 09 97 31 38 b7 55 f1 d7 cf 90 00 
<<<<
>>>>
13 75 00 00 00 
00 00 00 00 00 00 00 8e 90 00 
<<<<
>>>>
13 77 00 00 08 00 00 00 00 00 00 00 8e 
e7 b0 a7 5b 27 17 4f 0c 84 99 37 cd 41 ff 71 74 bb bb 6e 54 25 52 e8 3c 32 a3 77 5c 2b f5 8b ca 90 00 
<<<<
>>>>
13 76 00 00 00 
1c 06 89 49 a6 c4 02 39 81 65 0f 45 b1 2d 92 1b bb 3c bd bb c8 cc fb 6d e1 c4 97 6d 80 41 0c 9f 90 00 
<<<<
>>>>
13 75 00 00 00 
00 00 00 00 00 00 00 8f 90 00 
<<<<
>>>>
13 76 00 00 00 
9f 59 bf d7 27 65 ca b6 28 7e d2 be 86 8e 27 e4 6c 71 32 56 2a 06 a6 17 94 e6 e5 15 76 f4 9b 53 90 00 
<<<<
>>>>
13 77 00 00 08 00 00 00 00 00 00 00 8f 
1c 06 89 49 a6 c4 02 39 81 65 0f 45 b1 2d 92 1b bb 3c bd bb c8 cc fb 6d e1 c4 97 6d 80 41 0c 9f 90 00 
<<<<
>>>>
13 75 00 00 00 
00 00 00 00 00 00 00 90 90 00 
<<<<
>>>>
13 77 00 00 08 00 00 00 00 00 00 00 90 
9f 59 bf d7 27 65 ca b6 28 7e d2 be 86 8e 27 e4 6c 71 32 56 2a 06 a6 17 94 e6 e5 15 76 f4 9b 53 90 00 
<<<<
>>>>
13 76 00 00 00 
b6 22 fa 2f 45 75 44 cf c1 05 ac d1 aa 4b e6 6b 27 68 a1 15 ac b1 19 b4 e8 78 8c 9e 20 6e 90 2e 90 00 
<<<<
>>>>
13 75 00 00 00 
00 00 00 00 00 00 00 91 90 00 
<<<<
>>>>
13 76 00 00 00 
39 19 b9 d8 7d 8f dc 50 1c e0 42 3b 43 77 a1 07 3c 39 3c b7 11 4d c4 70 a5 6a e5 6b d7 31 6f fa 90 00 
<<<<
>>>>
13 77 00 00 08 00 00 00 00 00 00 00 91 
b6 22 fa 2f 45 75 44 cf c1 05 ac d1 aa 4b e6 6b 27 68 a1 15 ac b1 19 b4 e8 78 8c 9e 20 6e 90 2e 90 00 
<<<<
>>>>
13 75 00 00 00 
00 00 00 00 00 00 00 92 90 00 
<<<<
>>>>
13 77 00 00 08 00 00 00 00 00 00 00 92 
39 19 b9 d8 7d 8f dc 50 1c e0 42 3b 43 77 a1 07 3c 39 3c b7 11 4d c4 70 a5 6a e5 6b d7 31 6f fa 90 00 
<<<<
>>>>
13 76 00 00 00 
f9 5d 87 3e ba 9c 8f 72 af 15 b3 ab 09 16 2c ec 5a c8 5f ec ca 52 e1 5d a0 5f f8 7b 15 75 bb 96 90 00 
<<<<
>>>>
13 75 00 00 00 
00 00 00 00 00 00 00 93 90 00 
<<<<
>>>>
13 76 00 00 00 
1c 64 2f cd d7 18 5e e9 fe 6f 6b 43 22 8f 7e a4 a5 47 92 50 e1 01 f3 ac fb 54 f8 ab ca 24 9e 00 90 00 
<<<<
>>>>
13 77 00 00 08 00 00 00 00 00 00 00 93 
f9 5d 87 3e ba 9c 8f 72 af 15 b3 ab 09 16 2c ec 5a c8 5f ec ca 52 e1 5d a0 5f f8 7b 15 75 bb 96 90 00 
<<<<
>>>>
13 75 00 00 00 
00 00 00 00 00 00 00 94 90 00 
<<<<
>>>>
13 77 00 00 08 00 00 00 00 00 00 00 94 
1c 64 2f cd d7 18 5e e9 fe 6f 6b 43 22 8f 7e a4 a5 47 92 50 e1 01 f3 ac fb 54 f8 ab ca 24 9e 00 90 00 
<<<<
>>>>
13 76 00 00 00 
1c ea 5f c7 f5 86 50 71 a5 df 09 94 ed dc f7 b3 00 b9 72 9a f9 19 d2 15 58 23 f3 e0 4a fe 0f a6 90 00 
<<<<
>>>>
13 75 00 00 00 
00 00 00 00 00 00 00 95 90 00 
<<<<
>>>>
13 76 00 00 00 
5a e5 78 c1 90 1d f7 2e 94 b7 7a 5d 4f 68 60 08 80 84 68 67 67 47 d4 22 fe 44 e2 9f 81 aa dc 0c 90 00 
<<<<
>>>>
13 77 00 00 08 00 00 00 00 00 00 00 95 
1c ea 5f c7 f5 86 50 71 a5 df 09 94 ed dc f7 b3 00 b9 72 9a f9 19 d2 15 58 23 f3 e0 4a fe 0f a6 90 00 
<<<<
>>>>
13 75 00 00 00 
00 00 00 00 00 00 00 96 90 00 
<<<<
>>>>
13 77 00 00 08 00 00 00 00 00 00 00 96 
5a e5 78 c1 90 1d f7 2e 94 b7 7a 5d 4f 68 60 08 80 84 68 67 67 47 d4 22 fe 44 e2 9f 81 aa dc 0c 90 00 
<<<<
>>>>
13 76 00 00 00 
06 9a 6f d8 bb d3 c2 01 7d 3f 72 45 d1 d0 de 21 ec 07 b8 2f 95 ec 98 0c de 3e 51 19 06 6c e5 e6 90 00 
<<<<
>>>>
13 75 00 00 00 
00 00 00 00 00 00 00 97 90 00 
<<<<
>>>>
13 76 00 00 00 
7f b9 ab 47 4f 08 e3 9b 13 e6 9d df 86 41 55 4b da 24 05 d7 b6 fa 34 2c c8 db f7 00 24 f4 1e 56 90 00 
<<<<
>>>>
13 77 00 00 08 00 00 00 00 00 00 00 97 
06 9a 6f d8 bb d3 c2 01 7d 3f 72 45 d1 d0 de 21 ec 07 b8 2f 95 ec 98 0c de 3e 51 19 06 6c e5 e6 90 00 
<<<<
>>>>
13 75 00 00 00 
00 00 00 00 00 00 00 98 90 00 
<<<<
>>>>
13 77 00 00 08 00 00 00 00 00 00 00 98 
7f b9 ab 47 4f 08 e3 9b 13 e6 9d df 86 41 55 4b da 24 05 d7 b6 fa 34 2c c8 db f7 00 24 f4 1e 56 90 00 
<<<<
>>>>
13 76 00 00 00 
8b 14 7f 04 a9 d1 38 57 3e a1 cf d1 31 56 6b ca f5 73 94 42 bf fa de 82 7d d2 57 66 78 b9 24 4f 90 00 
<<<<
>>>>
13 75 00 00 00 
00 00 00 00 00 00 00 99 90 00 
<<<<
>>>>
13 76 00 00 00 
7c f7 89 ad dc 4e 3a c4 7f 6c 3d 1d 13 32 66 6d 8e ff 9c b7 99 8e b6 70 fb 49 38 78 36 5d 0d 62 90 00 
<<<<
>>>>
13 77 00 00 08 00 00 00 00 00 00 00 99 
8b 14 7f 04 a9 d1 38 57 3e a1 cf d1 31 56 6b ca f5 73 94 42 bf fa de 82 7d d2 57 66 78 b9 24 4f 90 00 
<<<<
>>>>
13 75 00 00 00 
00 00 00 00 00 00 00 9a 90 00 
<<<<
>>>>
13 77 00 00 08 00 00 00 00 00 00 00 9a 
7c f7 89 ad dc 4e 3a c4 7f 6c 3d 1d 13 32 66 6d 8e ff 9c b7 99 8e b6 70 fb 49 38 78 36 5d 0d 62 90 00 
<<<<
>>>>
13 76 00 00 00 
56 68 10 89 31 e5 04 ed 1e 3a 2b 76 3c 00 f7 1d 02 e9 c0 01 77 63 17 21 20 c2 6c e7 e2 f2 5b d2 90 00 
<<<<
>>>>
13 75 00 00 00 
00 00 00 00 00 00 00 9b 90 00 
<<<<
>>>>
13 76 00 00 00 
19 b0 e5 bc b2 8f 4e 1e 48 71 87 84 aa 9b df 0a 3b 6d 10 8b 85 ce 3f e6 a1 1b 14 c0 01 40 ce c7 90 00 
<<<<
>>>>
13 77 00 00 08 00 00 00 00 00 00 00 9b 
56 68 10 89 31 e5 04 ed 1e 3a 2b 76 3c 00 f7 1d 02 e9 c0 01 77 63 17 21 20 c2 6c e7 e2 f2 5b d2 90 00 
<<<<
>>>>
13 75 00 00 00 
00 00 00 00 00 00 00 9c 90 00 
<<<<
>>>>
13 77 00 00 08 00 00 00 00 00 00 00 9c 
19 b0 e5 bc b2 8f 4e 1e 48 71 87 84 aa 9b df 0a 3b 6d 10 8b 85 ce 3f e6 a1 1b 14 c0 01 40 ce c7 90 00 
<<<<
>>>>
13 76 00 00 00 
99 68 12 98 17 63 3f 17 43 91 af da 25 39 d5 29 3a 4f ce 3b 74 c0 87 0e 51 1d 3a eb 2a 67 91 f8 90 00 
<<<<
>>>>
13 75 00 00 00 
00 00 00 00 00 00 00 9d 90 00 
<<<<
>>>>
13 76 00 00 00 
40 4e e4 f3 51 94 da 2e 71 aa e7 c4 c4 79 05 94 1d c2 d5 6b 23 3e 7f 27 6f b4 48 5d 73 d5 d8 cf 90 00 
<<<<
>>>>
13 77 00 00 08 00 00 00 00 00 00 00 9d 
99 68 12 98 17 63 3f 17 43 91 af da 25 39 d5 29 3a 4f ce 3b 74 c0 87 0e 51 1d 3a eb 2a 67 91 f8 90 00 
<<<<
>>>>
13 75 00 00 00 
00 00 00 00 00 00 00 9e 90 00 
<<<<
>>>>
13 77 00 00 08 00 00 00 00 00 00 00 9e 
40 4e e4 f3 51 94 da 2e 71 aa e7 c4 c4 79 05 94 1d c2 d5 6b 23 3e 7f 27 6f b4 48 5d 73 d5 d8 cf 90 00 
<<<<
>>>>
13 76 00 00 00 
fc ea 6e 06 44 bc 0c 5f 45 48 12 01 c2 c1 cf 76 6b 84 8b 65 5d 01 7a 5b c5 66 22 bb 41 ac 11 87 90 00 
<<<<
>>>>
13 75 00 00 00 
00 00 00 00 00 00 00 9f 90 00 
<<<<
>>>>
13 76 00 00 00 
00 07 04 64 4f 2f f5 93 58 e2 af a8 26 07 5c 45 7b a5 b9 09 28 9f 32 ee 6d 54 a7 f3 c1 fd 78 e3 90 00 
<<<<
>>>>
13 77 00 00 08 00 00 00 00 00 00 00 9f 
fc ea 6e 06 44 bc 0c 5f 45 48 12 01 c2 c1 cf 76 6b 84 8b 65 5d 01 7a 5b c5 66 22 bb 41 ac 11 87 90 00 
<<<<
>>>>
13 75 00 00 00 
00 00 00 00 00 00 00 a0 90 00 
<<<<
>>>>
13 77 00 00 08 00 00 00 00 00 00 00 a0 
00 07 04 64 4f 2f f5 93 58 e2 af a8 26 07 5c 45 7b a5 b9 09 28 9f 32 ee 6d 54 a7 f3 c1 fd 78 e3 90 00 
<<<<
>>>>
13 76 00 00 00 
7b d6 a7 32 c9 c4 e5 66 b5 18 a4 1f 8c b2 56 b0 7f f6 43 45 b8 56 70 e6 21 2b 67 5e 3c 73 88 cd 90 00 
<<<<
>>>>
13 75 00 00 00 
00 00 00 00 00 00 00 a1 90 00 
<<<<
>>>>
13 76 00 00 00 
b1 b1 fb c7 a8 17 2e d8 bf ed d1 77 a0 07 9a 08 30 e8 cb 71 bd b3 e1 63 3d 12 f6 cc 9d 3e d1 73 90 00 
<<<<
>>>>
13 77 00 00 08 00 00 00 00 00 00 00 a1 
7b d6 a7 32 c9 c4 e5 66 b5 18 a4 1f 8c b2 56 b0 7f f6 43 45 b8 56 70 e6 21 2b 67 5e 3c 73 88 cd 90 00 
<<<<
>>>>
13 75 00 00 00 
00 00 00 00 00 00 00 a2 90 00 
<<<<
>>>>
13 77 00 00 08 00 00 00 00 00 00 00 a2 
b1 b1 fb c7 a8 17 2e d8 bf ed d1 77 a0 07 9a 08 30 e8 cb 71 bd b3 e1 63 3d 12 f6 cc 9d 3e d1 73 90 00 
<<<<
>>>>
13 76 00 00 00 
67 5d 96 0b 42 18 cb 3e 71 3e a7 86 a3 82 d2 c0 00 99 d0 3c 79 f2 e8 8a 16 65 2e 97 b2 4a ef b8 90 00 
<<<<
>>>>
13 75 00 00 00 
00 00 00 00 00 00 00 a3 90 00 
<<<<
>>>>
13 76 00 00 00 
0f 18 77 75 82 d8 00 15 d3 24 68 bf b6 3f 21 a8 88 cf da 08 98 20 17 82 bf 73 59 e5 ca 02 22 6d 90 00 
<<<<
>>>>
13 77 00 00 08 00 00 00 00 00 00 00 a3 
67 5d 96 0b 42 18 cb 3e 71 3e a7 86 a3 82 d2 c0 00 99 d0 3c 79 f2 e8 8a 16 65 2e 97 b2 4a ef b8 90 00 
<<<<
>>>>
13 75 00 00 00 
00 00 00 00 00 00 00 a4 90 00 
<<<<
>>>>
13 77 00 00 08 00 00 00 00 00 00 00 a4 
0f 18 77 75 82 d8 00 15 d3 24 68 bf b6 3f 21 a8 88 cf da 08 98 20 17 82 bf 73 59 e5 ca 02 22 6d 90 00 
<<<<
>>>>
13 76 00 00 00 
11 6e cb 99 db d4 25 28 84 b3 51 3a 1c 23 a3 b2 ed b4 6d ed a9 eb 26 ca e0 67 71 8f 81 10 19 86 90 00 
<<<<
>>>>
13 75 00 00 00 
00 00 00 00 00 00 00 a5 90 00 
<<<<
>>>>
13 76 00 00 00 
88 f0 1d 54 69 42 d9 45 11 dd ae 3d d4 b3 85 25 d6 3e 36 e5 4b 11 4f 75 22 95 ae d6 7f 82 94 b4 90 00 
<<<<
>>>>
13 77 00 00 08 00 00 00 00 00 00 00 a5 
11 6e cb 99 db d4 25 28 84 b3 51 3a 1c 23 a3 b2 ed b4 6d ed a9 eb 26 ca e0 67 71 8f 81 10 19 86 90 00 
<<<<
>>>>
13 75 00 00 00 
00 00 00 00 00 00 00 a6 90 00 
<<<<
>>>>
13 77 00 00 08 00 00 00 00 00 00 00 a6 
88 f0 1d 54 69 42 d9 45 11 dd ae 3d d4 b3 85 25 d6 3e 36 e5 4b 11 4f 75 22 95 ae d6 7f 82 94 b4 90 00 
<<<<
>>>>
13 76 00 00 00 
a8 2b bf f1 59 19 4b ff 60 25 02 0f 6a 89 49 66 c0 a3 2d 6a d5 86 bd 7a 0d 73 64 c8 49 e7 e8 0b 90 00 
<<<<
>>>>
13 75 00 00 00 
00 00 00 00 00 00 00 a7 90 00 
<<<<
>>>>
13 76 00 00 00 
78 2e 7c dc d2 e0 34 25 44 e6 e0 91 30 14 01 c4 02 60 7d 84 7e 45 f8 01 ee 95 68 23 0c a3 b1 8b 90 00 
<<<<
>>>>
13 77 00 00 08 00 00 00 00 00 00 00 a7 
a8 2b bf f1 59 19 4b ff 60 25 02 0f 6a 89 49 66 c0 a3 2d 6a d5 86 bd 7a 0d 73 64 c8 49 e7 e8 0b 90 00 
<<<<
>>>>
13 75 00 00 00 
00 00 00 00 00 00 00 a8 90 00 
<<<<
>>>>
13 77 00 00 08 00 00 00 00 00 00 00 a8 
78 2e 7c dc d2 e0 34 25 44 e6 e0 91 30 14 01 c4 02 60 7d 84 7e 45 f8 01 ee 95 68 23 0c a3 b1 8b 90 00 
<<<<
>>>>
13 76 00 00 00 
4c 05 bf 4e b3 65 80 11 15 00 bd e0 dc 00 21 99 2a 57 25 ff 7d c4 6d 0d 88 19 ea e1 cb a6 95 6f 90 00 
<<<<
>>>>
13 75 00 00 00 
00 00 00 00 00 00 00 a9 90 00 
<<<<
>>>>
13 76 00 00 00 
94 15 36 b3 dc 3b 45 37 97 71 52 c2 e6 a2 d9 ba 3b 3f 6e 60 94 10 30 33 80 91 32 28 9e c3 af 41 90 00 
<<<<
>>>>
13 77 00 00 08 00 00 00 00 00 00 00 a9 
4c 05 bf 4e b3 65 80 11 15 00 bd e0 dc 00 21 99 2a 57 25 ff 7d c4 6d 0d 88 19 ea e1 cb a6 95 6f 90 00 
<<<<
>>>>
13 75 00 00 00 
00 00 00 00 00 00 00 aa 90 00 
<<<<
>>>>
13 77 00 00 08 00 00 00 00 00 00 00 aa 
94 15 36 b3 dc 3b 45 37 97 71 52 c2 e6 a2 d9 ba 3b 3f 6e 60 94 10 30 33 80 91 32 28 9e c3 af 41 90 00 
<<<<
>>>>
13 76 00 00 00 
e6 48 1a d7 83 72 44 cf 4f 24 7e aa 00 cd 80 70 72 60 93 9e bb 9a 50 16 ca 68 2d 0e b6 34 97 ad 90 00 
<<<<
>>>>
13 75 00 00 00 
00 00 00 00 00 00 00 ab 90 00 
<<<<
>>>>
13 76 00 00 00 
10 e8 0f 0e 6c 3f 67 fb 22 5b cf be 6d 88 dd c0 5b 3a 8b 53 5b 44 8b d7 3a ea 10 3b 3b f9 2f 6f 90 00 
<<<<
>>>>
13 77 00 00 08 00 00 00 00 00 00 00 ab 
e6 48 1a d7 83 72 44 cf 4f 24 7e aa 00 cd 80 70 72 60 93 9e bb 9a 50 16 ca 68 2d 0e b6 34 97 ad 90 00 
<<<<
>>>>
13 75 00 00 00 
00 00 00 00 00 00 00 ac 90 00 
<<<<
>>>>
13 77 00 00 08 00 00 00 00 00 00 00 ac 
10 e8 0f 0e 6c 3f 67 fb 22 5b cf be 6d 88 dd c0 5b 3a 8b 53 5b 44 8b d7 3a ea 10 3b 3b f9 2f 6f 90 00 
<<<<
>>>>
13 76 00 00 00 
3e 5c fa 9b 5a 68 60 85 76 86 79 67 b7 5b 84 c3 cf 54 3a 9f 65 f0 5b 84 a3 9a 0f e7 15 52 d2 0b 90 00 
<<<<
>>>>
13 75 00 00 00 
00 00 00 00 00 00 00 ad 90 00 
<<<<
>>>>
13 76 00 00 00 
4f 87 a6 a4 e0 cd d3 bb 33 21 b7 b0 fa 91 0d 3d e6 9d f2 a8 cf e2 35 c1 0c 6d 9d f4 cd d6 4e ca 90 00 
<<<<
>>>>
13 77 00 00 08 00 00 00 00 00 00 00 ad 
3e 5c fa 9b 5a 68 60 85 76 86 79 67 b7 5b 84 c3 cf 54 3a 9f 65 f0 5b 84 a3 9a 0f e7 15 52 d2 0b 90 00 
<<<<
>>>>
13 75 00 00 00 
00 00 00 00 00 00 00 ae 90 00 
<<<<
>>>>
13 77 00 00 08 00 00 00 00 00 00 00 ae 
4f 87 a6 a4 e0 cd d3 bb 33 21 b7 b0 fa 91 0d 3d e6 9d f2 a8 cf e2 35 c1 0c 6d 9d f4 cd d6 4e ca 90 00 
<<<<
>>>>
13 76 00 00 00 
70 89 4e 5d ea 3e d7 20 98 58 82 62 da 15 3b bf eb 46 93 c9 2d cd cf ba 61 8e 3e 2e 11 13 ef 99 90 00 
<<<<
>>>>
13 75 00 00 00 
00 00 00 00 00 00 00 af 90 00 
<<<<
>>>>
13 76 00 00 00 
c6 8f f5 87 fa 1a c5 8b 6a b7 8a 80 3d 8b 14 3c 49 0f 5e 3a 26 66 03 d1 4c 38 cd ea 08 36 b6 4a 90 00 
<<<<
>>>>
13 77 00 00 08 00 00 00 00 00 00 00 af 
70 89 4e 5d ea 3e d7 20 98 58 82 62 da 15 3b bf eb 46 93 c9 2d cd cf ba 61 8e 3e 2e 11 13 ef 99 90 00 
<<<<
>>>>
13 75 00 00 00 
00 00 00 00 00 00 00 b0 90 00 
<<<<
>>>>
13 77 00 00 08 00 00 00 00 00 00 00 b0 
c6 8f f5 87 fa 1a c5 8b 6a b7 8a 80 3d 8b 14 3c 49 0f 5e 3a 26 66 03 d1 4c 38 cd ea 08 36 b6 4a 90 00 
<<<<
>>>>
13 76 00 00 00 
e1 15 55 ad 80 ad cc 8c 70 f1 ca b0 37 a3 00 99 08 d7 32 bc aa bc 90 42 4c 4a b9 4f 1b 48 22 03 90 00 
<<<<
>>>>
13 75 00 00 00 
00 00 00 00 00 00 00 b1 90 00 
<<<<
>>>>
13 76 00 00 00 
ae e8 f7 dd 83 ca ec d3 86 07 64 98 d9 bc 5f de ca fd ed fa 5d d1 f2 5e d9 ef b6 43 63 0f c7 61 90 00 
<<<<
>>>>
13 77 00 00 08 00 00 00 00 00 00 00 b1 
e1 15 55 ad 80 ad cc 8c 70 f1 ca b0 37 a3 00 99 08 d7 32 bc aa bc 90 42 4c 4a b9 4f 1b 48 22 03 90 00 
<<<<
>>>>
13 75 00 00 00 
00 00 00 00 00 00 00 b2 90 00 
<<<<
>>>>
13 77 00 00 08 00 00 00 00 00 00 00 b2 
ae e8 f7 dd 83 ca ec d3 86 07 64 98 d9 bc 5f de ca fd ed fa 5d d1 f2 5e d9 ef b6 43 63 0f c7 61 90 00 
<<<<
>>>>
13 76 00 00 00 
b8 d7 7c a0 94 17 b0 1d d2 7e ab 0c 0d e1 0f a1 f4 8a d8 00 bc 23 60 aa 84 7b d6 87 2d 17 b5 b2 90 00 
<<<<
>>>>
13 75 00 00 00 
00 00 00 00 00 00 00 b3 90 00 
<<<<
>>>>
13 76 00 00 00 
23 39 ad 09 6b 7e c1 25 82 a0 9d 23 5b 75 9a 6e 53 18 3e 87 72 cb b2 2a 08 b4 7a 1c 8b 8b 78 23 90 00 
<<<<
>>>>
13 77 00 00 08 00 00 00 00 00 00 00 b3 
b8 d7 7c a0 94 17 b0 1d d2 7e ab 0c 0d e1 0f a1 f4 8a d8 00 bc 23 60 aa 84 7b d6 87 2d 17 b5 b2 90 00 
<<<<
>>>>
13 75 00 00 00 
00 00 00 00 00 00 00 b4 90 00 
<<<<
>>>>
13 77 00 00 08 00 00 00 00 00 00 00 b4 
23 39 ad 09 6b 7e c1 25 82 a0 9d 23 5b 75 9a 6e 53 18 3e 87 72 cb b2 2a 08 b4 7a 1c 8b 8b 78 23 90 00 
<<<<
>>>>
13 76 00 00 00 
90 7b 33 36 af 0f 47 ee eb 70 60 91 e8 18 50 5b 93 a3 28 9c 30 2e fb b1 d4 dc d6 88 de a3 f3 13 90 00 
<<<<
>>>>
13 75 00 00 00 
00 00 00 00 00 00 00 b5 90 00 
<<<<
>>>>
13 76 00 00 00 
72 4c 82 47 d4 e2 7e c0 78 68 46 e7 37 f1 29 d8 ca f0 d0 48 33 70 3c cd 96 15 b8 b5 70 02 ee 0c 90 00 
<<<<
>>>>
13 77 00 00 08 00 00 00 00 00 00 00 b5 
90 7b 33 36 af 0f 47 ee eb 70 60 91 e8 18 50 5b 93 a3 28 9c 30 2e fb b1 d4 dc d6 88 de a3 f3 13 90 00 
<<<<
>>>>
13 75 00 00 00 
00 00 00 00 00 00 00 b6 90 00 
<<<<
>>>>
13 77 00 00 08 00 00 00 00 00 00 00 b6 
72 4c 82 47 d4 e2 7e c0 78 68 46 e7 37 f1 29 d8 ca f0 d0 48 33 70 3c cd 96 15 b8 b5 70 02 ee 0c 90 00 
<<<<
>>>>
13 76 00 00 00 
9e 5c c6 8f 96 4f 89 d8 18 d4 86 58 a3 d8 e7 63 cb de 88 5d 4f 6d d2 09 be de 1f 3d 93 1f 36 93 90 00 
<<<<
>>>>
13 75 00 00 00 
00 00 00 00 00 00 00 b7 90 00 
<<<<
>>>>
13 76 00 00 00 
42 ff 3a 11 a6 9b dc 32 42 d6 06 d4 a9 d0 03 0b 46 62 5f 39 0e 2c 2c 78 5f 25 ef ec 22 5d ba b7 90 00 
<<<<
>>>>
13 77 00 00 08 00 00 00 00 00 00 00 b7 
9e 5c c6 8f 96 4f 89 d8 18 d4 86 58 a3 d8 e7 63 cb de 88 5d 4f 6d d2 09 be de 1f 3d 93 1f 36 93 90 00 
<<<<
>>>>
13 75 00 00 00 
00 00 00 00 00 00 00 b8 90 00 
<<<<
>>>>
13 77 00 00 08 00 00 00 00 00 00 00 b8 
42 ff 3a 11 a6 9b dc 32 42 d6 06 d4 a9 d0 03 0b 46 62 5f 39 0e 2c 2c 78 5f 25 ef ec 22 5d ba b7 90 00 
<<<<
>>>>
13 76 00 00 00 
b6 8b 5a 92 f5 b6 b3 cf a1 16 93 59 ff 9b 8b 8a cb ac 85 f5 56 8c c9 9d 75 11 1d b3 ae 94 50 30 90 00 
<<<<
>>>>
13 75 00 00 00 
00 00 00 00 00 00 00 b9 90 00 
<<<<
>>>>
13 76 00 00 00 
7f f0 a0 f2 dc 9c 44 00 e8 5f ec 3c b2 58 e5 30 cb 6d df 11 f0 41 c8 da 5e 87 03 0f 60 ea ad c2 90 00 
<<<<
>>>>
13 77 00 00 08 00 00 00 00 00 00 00 b9 
b6 8b 5a 92 f5 b6 b3 cf a1 16 93 59 ff 9b 8b 8a cb ac 85 f5 56 8c c9 9d 75 11 1d b3 ae 94 50 30 90 00 
<<<<
>>>>
13 75 00 00 00 
00 00 00 00 00 00 00 ba 90 00 
<<<<
>>>>
13 77 00 00 08 00 00 00 00 00 00 00 ba 
7f f0 a0 f2 dc 9c 44 00 e8 5f ec 3c b2 58 e5 30 cb 6d df 11 f0 41 c8 da 5e 87 03 0f 60 ea ad c2 90 00 
<<<<
>>>>
13 76 00 00 00 
03 d5 f1 96 40 93 4f 81 7f da 98 7c 15 2e b2 aa 62 1c c9 1b 9b 46 ad 40 33 f5 10 20 78 b3 c5 27 90 00 
<<<<
>>>>
13 75 00 00 00 
00 00 00 00 00 00 00 bb 90 00 
<<<<
>>>>
13 76 00 00 00 
fb cb c3 a5 dc 5b 8c 71 16 af 05 12 6d fd 2b a8 d9 e3 e8 31 18 1f 4c ab 2b 34 1c 63 3d 9f 09 4d 90 00 
<<<<
>>>>
13 77 00 00 08 00 00 00 00 00 00 00 bb 
03 d5 f1 96 40 93 4f 81 7f da 98 7c 15 2e b2 aa 62 1c c9 1b 9b 46 ad 40 33 f5 10 20 78 b3 c5 27 90 00 
<<<<
>>>>
13 75 00 00 00 
00 00 00 00 00 00 00 bc 90 00 
<<<<
>>>>
13 77 00 00 08 00 00 00 00 00 00 00 bc 
fb cb c3 a5 dc 5b 8c 71 16 af 05 12 6d fd 2b a8 d9 e3 e8 31 18 1f 4c ab 2b 34 1c 63 3d 9f 09 4d 90 00 
<<<<
>>>>
13 76 00 00 00 
87 20 01 db b6 b9 2f 09 f4 de 90 ed 1b 18 03 c0 9c 06 7b 54 3e 09 ea c2 f6 91 29 1f 01 71 24 b7 90 00 
<<<<
>>>>
13 75 00 00 00 
00 00 00 00 00 00 00 bd 90 00 
<<<<
>>>>
13 76 00 00 00 
0a 0e 08 cf 83 21 77 b1 27 9d 5f 67 02 b0 b5 68 76 4f 21 16 1b 23 aa c3 1c 48 6e 6d e9 e8 10 22 90 00 
<<<<
>>>>
13 77 00 00 08 00 00 00 00 00 00 00 bd 
87 20 01 db b6 b9 2f 09 f4 de 90 ed 1b 18 03 c0 9c 06 7b 54 3e 09 ea c2 f6 91 29 1f 01 71 24 b7 90 00 
<<<<
>>>>
13 75 00 00 00 
00 00 00 00 00 00 00 be 90 00 
<<<<
>>>>
13 77 00 00 08 00 00 00 00 00 00 00 be 
0a 0e 08 cf 83 21 77 b1 27 9d 5f 67 02 b0 b5 68 76 4f 21 16 1b 23 aa c3 1c 48 6e 6d e9 e8 10 22 90 00 
<<<<
>>>>
13 76 00 00 00 
b5 00 db 87 73 f6 88 b5 63 92 16 2a 29 d3 9d 29 a5 5a f9 4f 7c b3 9a 0e bd 9b 95 9f 2b f5 85 e0 90 00 
<<<<
>>>>
13 75 00 00 00 
00 00 00 00 00 00 00 bf 90 00 
<<<<
>>>>
13 76 00 00 00 
91 70 0c c3 9c b3 05 02 08 ce 3f 5f 09 99 73 d9 83 f7 96 8f 8f 8c 82 2f 8d 9b b6 4a 41 e0 52 24 90 00 
<<<<
>>>>
13 77 00 00 08 00 00 00 00 00 00 00 bf 
b5 00 db 87 73 f6 88 b5 63 92 16 2a 29 d3 9d 29 a5 5a f9 4f 7c b3 9a 0e bd 9b 95 9f 2b f5 85 e0 90 00 
<<<<
>>>>
13 75 00 00 00 
00 00 00 00 00 00 00 c0 90 00 
<<<<
>>>>
13 77 00 00 08 00 00 00 00 00 00 00 c0 
91 70 0c c3 9c b3 05 02 08 ce 3f 5f 09 99 73 d9 83 f7 96 8f 8f 8c 82 2f 8d 9b b6 4a 41 e0 52 24 90 00 
<<<<
>>>>
13 76 00 00 00 
98 20 6a c7 b8 14 e4 05 3f 84 10 9f 68 7f 2c 72 ba 13 4a 1e f1 18 4d f2 ed 75 99 01 f7 e3 ba 33 90 00 
<<<<
>>>>
13 75 00 00 00 
00 00 00 00 00 00 00 c1 90 00 
<<<<
>>>>
13 76 00 00 00 
69 86 4c fe 42 56 55 11 9d 59 74 56 6b 99 5c eb 95 22 06 04 67 da 69 f5 40 dd 7c e2 3c 17 b3 b3 90 00 
<<<<
>>>>
13 77 00 00 08 00 00 00 00 00 00 00 c1 
98 20 6a c7 b8 14 e4 05 3f 84 10 9f 68 7f 2c 72 ba 13 4a 1e f1 18 4d f2 ed 75 99 01 f7 e3 ba 33 90 00 
<<<<
>>>>
13 75 00 00 00 
00 00 00 00 00 00 00 c2 90 00 
<<<<
>>>>
13 77 00 00 08 00 00 00 00 00 00 00 c2 
69 86 4c fe 42 56 55 11 9d 59 74 56 6b 99 5c eb 95 22 06 04 67 da 69 f5 40 dd 7c e2 3c 17 b3 b3 90 00 
<<<<
>>>>
13 76 00 00 00 
c1 24 b1 b0 75 bf 54 6f 56 d6 0e 22 14 45 30 58 97 56 0f d3 f7 7d de 6e 3d 91 28 14 3c 70 f6 7a 90 00 
<<<<
>>>>
13 75 00 00 00 
00 00 00 00 00 00 00 c3 90 00 
<<<<
>>>>
13 76 00 00 00 
f2 0f 9a d0 c4 30 34 46 fa ac 65 f1 ba 06 b8 90 af 1b 65 a1 03 f7 dc 68 de db a4 ed 71 3b 07 59 90 00 
<<<<
>>>>
13 77 00 00 08 00 00 00 00 00 00 00 c3 
c1 24 b1 b0 75 bf 54 6f 56 d6 0e 22 14 45 30 58 97 56 0f d3 f7 7d de 6e 3d 91 28 14 3c 70 f6 7a 90 00 
<<<<
>>>>
13 75 00 00 00 
00 00 00 00 00 00 00 c4 90 00 
<<<<
>>>>
13 77 00 00 08 00 00 00 00 00 00 00 c4 
f2 0f 9a d0 c4 30 34 46 fa ac 65 f1 ba 06 b8 90 af 1b 65 a1 03 f7 dc 68 de db a4 ed 71 3b 07 59 90 00 
<<<<
>>>>
13 76 00 00 00 
d8 96 76 ab b7 f5 77 7c cc 2a e2 7a 35 52 d5 10 f4 93 90 10 98 fc 5e f6 46 a8 d8 e6 32 dd b4 19 90 00 
<<<<
>>>>
13 75 00 00 00 
00 00 00 00 00 00 00 c5 90 00 
<<<<
>>>>
13 76 00 00 00 
06 54 32 52 18 81 15 61 04 09 1e 8e 57 00 8f 7e e3 b5 10 1f 7c f9 6a d7 25 64 e8 9f b6 0c a2 80 90 00 
<<<<
>>>>
13 77 00 00 08 00 00 00 00 00 00 00 c5 
d8 96 76 ab b7 f5 77 7c cc 2a e2 7a 35 52 d5 10 f4 93 90 10 98 fc 5e f6 46 a8 d8 e6 32 dd b4 19 90 00 
<<<<
>>>>
13 75 00 00 00 
00 00 00 00 00 00 00 c6 90 00 
<<<<
>>>>
13 77 00 00 08 00 00 00 00 00 00 00 c6 
06 54 32 52 18 81 15 61 04 09 1e 8e 57 00 8f 7e e3 b5 10 1f 7c f9 6a d7 25 64 e8 9f b6 0c a2 80 90 00 
<<<<
>>>>
13 76 00 00 00 
b9 5e 0d 3b 76 fe bb c0 ea 30 93 63 02 63 4e 93 d0 09 7e d0 af 9d 17 a1 05 fc 36 82 e1 ce 7e 0c 90 00 
<<<<
>>>>
13 75 00 00 00 
00 00 00 00 00 00 00 c7 90 00 
<<<<
>>>>
13 76 00 00 00 
4d 03 88 22 4c 59 84 03 ec f3 5a 81 d0 1a 6e 6f e1 27 68 90 2b a4 c9 16 f2 2f 2a a0 5f d2 56 5b 90 00 
<<<<
>>>>
13 77 00 00 08 00 00 00 00 00 00 00 c7 
b9 5e 0d 3b 76 fe bb c0 ea 30 93 63 02 63 4e 93 d0 09 7e d0 af 9d 17 a1 05 fc 36 82 e1 ce 7e 0c 90 00 
<<<<
>>>>
13 75 00 00 00 
00 00 00 00 00 00 00 c8 90 00 
<<<<
>>>>
13 77 00 00 08 00 00 00 00 00 00 00 c8 
4d 03 88 22 4c 59 84 03 ec f3 5a 81 d0 1a 6e 6f e1 27 68 90 2b a4 c9 16 f2 2f 2a a0 5f d2 56 5b 90 00 
<<<<
>>>>
13 76 00 00 00 
2a 6d 8d 26 64 6e 4a 81 46 18 f6 45 57 47 79 9e 1b 5b 0e 1a a6 d6 04 c6 f0 00 99 70 d2 7f 59 ac 90 00 
<<<<
>>>>
13 75 00 00 00 
00 00 00 00 00 00 00 c9 90 00 
<<<<
>>>>
13 76 00 00 00 
65 d5 a5 06 05 47 57 d2 20 d7 8a 6c e8 21 44 7c b2 3d a7 d6 6e af 7d cf 6d af 7d 38 14 8b 37 6d 90 00 
<<<<
>>>>
13 77 00 00 08 00 00 00 00 00 00 00 c9 
2a 6d 8d 26 64 6e 4a 81 46 18 f6 45 57 47 79 9e 1b 5b 0e 1a a6 d6 04 c6 f0 00 99 70 d2 7f 59 ac 90 00 
<<<<
>>>>
13 75 00 00 00 
00 00 00 00 00 00 00 ca 90 00 
<<<<
>>>>
13 77 00 00 08 00 00 00 00 00 00 00 ca 
65 d5 a5 06 05 47 57 d2 20 d7 8a 6c e8 21 44 7c b2 3d a7 d6 6e af 7d cf 6d af 7d 38 14 8b 37 6d 90 00 
<<<<
>>>>
13 76 00 00 00 
8e ac 5d d1 3d 3b 7b d1 55 cd 34 25 7c 81 59 71 0b 38 d8 80 f6 e8 ed 08 06 d6 81 5c 3c fb 3f aa 90 00 
<<<<
>>>>
13 75 00 00 00 
00 00 00 00 00 00 00 cb 90 00 
<<<<
>>>>
13 76 00 00 00 
68 d9 72 95 f4 d3 82 a5 98 81 fc 5d 6c 48 22 8e b5 1d d3 db 3b 97 58 2a 72 cf e4 da 84 25 7f 06 90 00 
<<<<
>>>>
13 77 00 00 08 00 00 00 00 00 00 00 cb 
8e ac 5d d1 3d 3b 7b d1 55 cd 34 25 7c 81 59 71 0b 38 d8 80 f6 e8 ed 08 06 d6 81 5c 3c fb 3f aa 90 00 
<<<<
>>>>
13 75 00 00 00 
00 00 00 00 00 00 00 cc 90 00 
<<<<
>>>>
13 77 00 00 08 00 00 00 00 00 00 00 cc 
68 d9 72 95 f4 d3 82 a5 98 81 fc 5d 6c 48 22 8e b5 1d d3 db 3b 97 58 2a 72 cf e4 da 84 25 7f 06 90 00 
<<<<
>>>>
13 76 00 00 00 
0e 7c 49 ce 38 90 82 41 c5 77 95 62 b5 96 57 e7 29 13 e9 e6 84 b7 b4 ab 7d 87 ff 7b dd 6d cc 7f 90 00 
<<<<
>>>>
13 75 00 00 00 
00 00 00 00 00 00 00 cd 90 00 
<<<<
>>>>
13 76 00 00 00 
6c d5 d2 a6 94 20 c1 4c b8 89 f1 7d 71 d7 55 ca 7c 4c 6e 3a 5f ff d1 58 3a 75 88 2c 0e 23 2c 13 90 00 
<<<<
>>>>
13 77 00 00 08 00 00 00 00 00 00 00 cd 
0e 7c 49 ce 38 90 82 41 c5 77 95 62 b5 96 57 e7 29 13 e9 e6 84 b7 b4 ab 7d 87 ff 7b dd 6d cc 7f 90 00 
<<<<
>>>>
13 75 00 00 00 
00 00 00 00 00 00 00 ce 90 00 
<<<<
>>>>
13 77 00 00 08 00 00 00 00 00 00 00 ce 
6c d5 d2 a6 94 20 c1 4c b8 89 f1 7d 71 d7 55 ca 7c 4c 6e 3a 5f ff d1 58 3a 75 88 2c 0e 23 2c 13 90 00 
<<<<
>>>>
13 76 00 00 00 
fd 29 73 94 08 c1 8e 0e 61 c8 10 4a c4 89 22 13 7f 8d 23 90 2b 2a d3 b9 ee 5d 93 da c4 e3 fb b1 90 00 
<<<<
>>>>
13 75 00 00 00 
00 00 00 00 00 00 00 cf 90 00 
<<<<
>>>>
13 76 00 00 00 
9a 5a 8a fd 24 bc f6 5c ea 95 7a 3d 48 c9 1f 04 ac 0e 47 dd 97 ae 48 e1 1f c3 06 51 bb ea 7f 71 90 00 
<<<<
>>>>
13 77 00 00 08 00 00 00 00 00 00 00 cf 
fd 29 73 94 08 c1 8e 0e 61 c8 10 4a c4 89 22 13 7f 8d 23 90 2b 2a d3 b9 ee 5d 93 da c4 e3 fb b1 90 00 
<<<<
>>>>
13 75 00 00 00 
00 00 00 00 00 00 00 d0 90 00 
<<<<
>>>>
13 77 00 00 08 00 00 00 00 00 00 00 d0 
9a 5a 8a fd 24 bc f6 5c ea 95 7a 3d 48 c9 1f 04 ac 0e 47 dd 97 ae 48 e1 1f c3 06 51 bb ea 7f 71 90 00 
<<<<
>>>>
13 76 00 00 00 
00 45 48 81 ae 15 15 f1 bc db a6 24 02 8d d7 b9 79 96 9c 4c 99 7b 15 4b 93 e4 92 3e 91 02 05 ba 90 00 
<<<<
>>>>
13 75 00 00 00 
00 00 00 00 00 00 00 d1 90 00 
<<<<
>>>>
13 76 00 00 00 
c5 73 79 b6 09 33 1a cf 39 5a ae 3e 71 ed bc 29 46 b5 ef a7 d7 f1 69 16 5a c5 17 dc 74 a3 4f 24 90 00 
<<<<
>>>>
13 77 00 00 08 00 00 00 00 00 00 00 d1 
00 45 48 81 ae 15 15 f1 bc db a6 24 02 8d d7 b9 79 96 9c 4c 99 7b 15 4b 93 e4 92 3e 91 02 05 ba 90 00 
<<<<
>>>>
13 75 00 00 00 
00 00 00 00 00 00 00 d2 90 00 
<<<<
>>>>
13 77 00 00 08 00 00 00 00 00 00 00 d2 
c5 73 79 b6 09 33 1a cf 39 5a ae 3e 71 ed bc 29 46 b5 ef a7 d7 f1 69 16 5a c5 17 dc 74 a3 4f 24 90 00 
<<<<
>>>>
13 76 00 00 00 
e4 08 12 2c 56 a5 47 6a 04 d7 15 52 8c b5 d0 24 31 ba eb 52 8b 85 f9 28 ca 95 54 8c 65 1b 22 c8 90 00 
<<<<
>>>>
13 75 00 00 00 
00 00 00 00 00 00 00 d3 90 00 
<<<<
>>>>
13 76 00 00 00 
bc 36 06 e6 15 8d 3a 6a 00 ec 40 23 55 ec c1 8e 2b e3 90 46 b8 58 45 0d 98 04 16 a7 15 0f 38 cf 90 00 
<<<<
>>>>
13 77 00 00 08 00 00 00 00 00 00 00 d3 
e4 08 12 2c 56 a5 47 6a 04 d7 15 52 8c b5 d0 24 31 ba eb 52 8b 85 f9 28 ca 95 54 8c 65 1b 22 c8 90 00 
<<<<
>>>>
13 75 00 00 00 
00 00 00 00 00 00 00 d4 90 00 
<<<<
>>>>
13 77 00 00 08 00 00 00 00 00 00 00 d4 
bc 36 06 e6 15 8d 3a 6a 00 ec 40 23 55 ec c1 8e 2b e3 90 46 b8 58 45 0d 98 04 16 a7 15 0f 38 cf 90 00 
<<<<
>>>>
13 76 00 00 00 
10 2e 9c d8 a8 4f 22 b3 07 2b 6f ad 5f a4 83 66 b0 d6 06 61 db e8 26 c7 ca 6d 75 04 f3 35 44 fb 90 00 
<<<<
>>>>
13 75 00 00 00 
00 00 00 00 00 00 00 d5 90 00 
<<<<
>>>>
13 76 00 00 00 
d7 3e 49 b4 74 ac 56 e2 af ff d5 25 ed 2e 41 b0 37 a8 86 f5 b6 4c 73 ca 67 5e 01 ce c7 8e 60 3f 90 00 
<<<<
>>>>
13 77 00 00 08 00 00 00 00 00 00 00 d5 
10 2e 9c d8 a8 4f 22 b3 07 2b 6f ad 5f a4 83 66 b0 d6 06 61 db e8 26 c7 ca 6d 75 04 f3 35 44 fb 90 00 
<<<<
>>>>
13 75 00 00 00 
00 00 00 00 00 00 00 d6 90 00 
<<<<
>>>>
13 77 00 00 08 00 00 00 00 00 00 00 d6 
d7 3e 49 b4 74 ac 56 e2 af ff d5 25 ed 2e 41 b0 37 a8 86 f5 b6 4c 73 ca 67 5e 01 ce c7 8e 60 3f 90 00 
<<<<
>>>>
13 76 00 00 00 
9c ee dc 75 c3 d7 92 42 8f 67 55 f8 b1 c7 9d 85 2b 4e e6 b0 f8 07 cd 09 72 34 0e ab 8a 67 b9 0a 90 00 
<<<<
>>>>
13 75 00 00 00 
00 00 00 00 00 00 00 d7 90 00 
<<<<
>>>>
13 76 00 00 00 
cb fd ec 00 5f 23 57 a9 91 14 f2 41 d8 b1 3b c0 ca 01 71 9a 00 34 df df 9c bd f6 06 83 55 6c f1 90 00 
<<<<
>>>>
13 77 00 00 08 00 00 00 00 00 00 00 d7 
9c ee dc 75 c3 d7 92 42 8f 67 55 f8 b1 c7 9d 85 2b 4e e6 b0 f8 07 cd 09 72 34 0e ab 8a 67 b9 0a 90 00 
<<<<
>>>>
13 75 00 00 00 
00 00 00 00 00 00 00 d8 90 00 
<<<<
>>>>
13 77 00 00 08 00 00 00 00 00 00 00 d8 
cb fd ec 00 5f 23 57 a9 91 14 f2 41 d8 b1 3b c0 ca 01 71 9a 00 34 df df 9c bd f6 06 83 55 6c f1 90 00 
<<<<
>>>>
13 76 00 00 00 
20 80 76 9f c2 f0 f8 35 5e 63 3e be c6 b0 d5 3d 0f e6 82 85 90 86 24 f7 3d dd 30 4d 68 e2 a3 fb 90 00 
<<<<
>>>>
13 75 00 00 00 
00 00 00 00 00 00 00 d9 90 00 
<<<<
>>>>
13 76 00 00 00 
3e 68 aa bb 2e 65 63 54 b4 82 ac de c9 e6 a3 49 c3 27 1e 3b 20 4b d3 f0 56 43 45 07 c3 b5 83 f7 90 00 
<<<<
>>>>
13 77 00 00 08 00 00 00 00 00 00 00 d9 
20 80 76 9f c2 f0 f8 35 5e 63 3e be c6 b0 d5 3d 0f e6 82 85 90 86 24 f7 3d dd 30 4d 68 e2 a3 fb 90 00 
<<<<
>>>>
13 75 00 00 00 
00 00 00 00 00 00 00 da 90 00 
<<<<
>>>>
13 77 00 00 08 00 00 00 00 00 00 00 da 
3e 68 aa bb 2e 65 63 54 b4 82 ac de c9 e6 a3 49 c3 27 1e 3b 20 4b d3 f0 56 43 45 07 c3 b5 83 f7 90 00 
<<<<
>>>>
13 76 00 00 00 
a2 80 dd f8 0f 99 68 07 e0 7e 67 87 08 08 68 25 ca ea 2d 9e 98 4c d8 a8 e4 95 5a 6f cd 82 57 81 90 00 
<<<<
>>>>
13 75 00 00 00 
00 00 00 00 00 00 00 db 90 00 
<<<<
>>>>
13 76 00 00 00 
2f 44 6a 67 17 6a 2d db ba 05 4c 7d 73 fe 21 43 7a 1c 3d 56 a7 c5 42 8e 15 dc 0d a3 ce 9f ee a9 90 00 
<<<<
>>>>
13 77 00 00 08 00 00 00 00 00 00 00 db 
a2 80 dd f8 0f 99 68 07 e0 7e 67 87 08 08 68 25 ca ea 2d 9e 98 4c d8 a8 e4 95 5a 6f cd 82 57 81 90 00 
<<<<
>>>>
13 75 00 00 00 
00 00 00 00 00 00 00 dc 90 00 
<<<<
>>>>
13 77 00 00 08 00 00 00 00 00 00 00 dc 
2f 44 6a 67 17 6a 2d db ba 05 4c 7d 73 fe 21 43 7a 1c 3d 56 a7 c5 42 8e 15 dc 0d a3 ce 9f ee a9 90 00 
<<<<
>>>>
13 76 00 00 00 
51 6f 5e 66 ce b6 08 bc f5 77 57 68 e4 95 2c 85 0b 8e 60 8b 57 22 46 70 2c 45 cb 91 8f 83 25 25 90 00 
<<<<
>>>>
13 75 00 00 00 
00 00 00 00 00 00 00 dd 90 00 
<<<<
>>>>
13 76 00 00 00 
0d e7 a6 2b bb 48 3d 17 a7 69 b6 95 0d 53 c4 ea a6 08 fb f6 7f 0f e2 04 c6 08 73 61 2b 43 74 34 90 00 
<<<<
>>>>
13 77 00 00 08 00 00 00 00 00 00 00 dd 
51 6f 5e 66 ce b6 08 bc f5 77 57 68 e4 95 2c 85 0b 8e 60 8b 57 22 46 70 2c 45 cb 91 8f 83 25 25 90 00 
<<<<
>>>>
13 75 00 00 00 
00 00 00 00 00 00 00 de 90 00 
<<<<
>>>>
13 77 00 00 08 00 00 00 00 00 00 00 de 
0d e7 a6 2b bb 48 3d 17 a7 69 b6 95 0d 53 c4 ea a6 08 fb f6 7f 0f e2 04 c6 08 73 61 2b 43 74 34 90 00 
<<<<
>>>>
13 76 00 00 00 
e5 26 c1 bc d0 9e e0 f4 1b 5f c7 74 e6 19 9a 8a c3 e7 95 d9 07 78 91 4d 8b 19 c4 4c 25 0b be 06 90 00 
<<<<
>>>>
13 75 00 00 00 
00 00 00 00 00 00 00 df 90 00 
<<<<
>>>>
13 76 00 00 00 
60 18 bb 03 cf 20 e0 02 44 d6 bc b6 db 0e 14 ee a7 83 f5 4a 55 99 3e 28 82 52 6a c0 55 bb 36 a2 90 00 
<<<<
>>>>
13 77 00 00 08 00 00 00 00 00 00 00 df 
e5 26 c1 bc d0 9e e0 f4 1b 5f c7 74 e6 19 9a 8a c3 e7 95 d9 07 78 91 4d 8b 19 c4 4c 25 0b be 06 90 00 
<<<<
>>>>
13 75 00 00 00 
00 00 00 00 00 00 00 e0 90 00 
<<<<
>>>>
13 77 00 00 08 00 00 00 00 00 00 00 e0 
60 18 bb 03 cf 20 e0 02 44 d6 bc b6 db 0e 14 ee a7 83 f5 4a 55 99 3e 28 82 52 6a c0 55 bb 36 a2 90 00 
<<<<
>>>>
13 76 00 00 00 
1d 98 ab 1a 2f 8b 12 51 4c 07 74 0f 2a 77 2c 8a 09 e7 bf b9 6f c2 49 38 79 39 f2 8f 24 2c c4 91 90 00 
<<<<
>>>>
13 75 00 00 00 
00 00 00 00 00 00 00 e1 90 00 
<<<<
>>>>
13 76 00 00 00 
78 66 44 1f bb b0 2e 8d 72 6a 75 10 27 c4 4d 72 d5 9e 7a 3c 73 c1 d6 5d 5f 66 6c f0 67 03 3c ed 90 00 
<<<<
>>>>
13 77 00 00 08 00 00 00 00 00 00 00 e1 
1d 98 ab 1a 2f 8b 12 51 4c 07 74 0f 2a 77 2c 8a 09 e7 bf b9 6f c2 49 38 79 39 f2 8f 24 2c c4 91 90 00 
<<<<
>>>>
13 75 00 00 00 
00 00 00 00 00 00 00 e2 90 00 
<<<<
>>>>
13 77 00 00 08 00 00 00 00 00 00 00 e2 
78 66 44 1f bb b0 2e 8d 72 6a 75 10 27 c4 4d 72 d5 9e 7a 3c 73 c1 d6 5d 5f 66 6c f0 67 03 3c ed 90 00 
<<<<
>>>>
13 76 00 00 00 
c7 a5 3c e3 b4 1b 61 44 91 f9 f0 5b 0b 75 b2 b0 13 23 f4 88 85 ae fd c5 fe 03 f0 c5 37 03 8d 8a 90 00 
<<<<
>>>>
13 75 00 00 00 
00 00 00 00 00 00 00 e3 90 00 
<<<<
>>>>
13 76 00 00 00 
3c 8a 07 1d 35 68 00 21 e2 b3 9a 78 bf 98 2b 08 63 d0 5b fa 18 03 b4 d2 ec e6 ca 57 32 bc ed 22 90 00 
<<<<
>>>>
13 77 00 00 08 00 00 00 00 00 00 00 e3 
c7 a5 3c e3 b4 1b 61 44 91 f9 f0 5b 0b 75 b2 b0 13 23 f4 88 85 ae fd c5 fe 03 f0 c5 37 03 8d 8a 90 00 
<<<<
>>>>
13 75 00 00 00 
00 00 00 00 00 00 00 e4 90 00 
<<<<
>>>>
13 77 00 00 08 00 00 00 00 00 00 00 e4 
3c 8a 07 1d 35 68 00 21 e2 b3 9a 78 bf 98 2b 08 63 d0 5b fa 18 03 b4 d2 ec e6 ca 57 32 bc ed 22 90 00 
<<<<
>>>>
13 76 00 00 00 
91 0a 5e be c7 e8 c0 89 29 cc 9d 10 92 b4 0f ea 97 a2 a1 e1 9f 5b e3 f2 0d 00 db b6 be cf 49 ad 90 00 
<<<<
>>>>
13 75 00 00 00 
00 00 00 00 00 00 00 e5 90 00 
<<<<
>>>>
13 76 00 00 00 
8f 1b f4 d5 95 25 b2 95 cb 5a 84 b5 1f 9b 64 55 ab 1a c0 15 57 7d 14 7e e9 5c 53 dd c3 5a ac ed 90 00 
<<<<
>>>>
13 77 00 00 08 00 00 00 00 00 00 00 e5 
91 0a 5e be c7 e8 c0 89 29 cc 9d 10 92 b4 0f ea 97 a2 a1 e1 9f 5b e3 f2 0d 00 db b6 be cf 49 ad 90 00 
<<<<
>>>>
13 75 00 00 00 
00 00 00 00 00 00 00 e6 90 00 
<<<<
>>>>
13 77 00 00 08 00 00 00 00 00 00 00 e6 
8f 1b f4 d5 95 25 b2 95 cb 5a 84 b5 1f 9b 64 55 ab 1a c0 15 57 7d 14 7e e9 5c 53 dd c3 5a ac ed 90 00 
<<<<
>>>>
13 76 00 00 00 
e1 3c 29 35 0d 99 87 9b 38 ee 7c 80 e5 7e b4 cd 50 c9 76 46 2c cc bf f8 91 0b d5 49 f9 44 13 d6 90 00 
<<<<
>>>>
13 75 00 00 00 
00 00 00 00 00 00 00 e7 90 00 
<<<<
>>>>
13 76 00 00 00 
13 fe 5c 71 86 66 25 91 85 43 29 41 b0 b8 74 62 42 ad d7 66 6a cd 01 bb 93 f2 84 20 7c 8e c0 7f 90 00 
<<<<
>>>>
13 77 00 00 08 00 00 00 00 00 00 00 e7 
e1 3c 29 35 0d 99 87 9b 38 ee 7c 80 e5 7e b4 cd 50 c9 76 46 2c cc bf f8 91 0b d5 49 f9 44 13 d6 90 00 
<<<<
>>>>
13 75 00 00 00 
00 00 00 00 00 00 00 e8 90 00 
<<<<
>>>>
13 77 00 00 08 00 00 00 00 00 00 00 e8 
13 fe 5c 71 86 66 25 91 85 43 29 41 b0 b8 74 62 42 ad d7 66 6a cd 01 bb 93 f2 84 20 7c 8e c0 7f 90 00 
<<<<
>>>>
13 76 00 00 00 
25 f7 65 d5 70 25 43 a4 c2 dc ac 17 49 a3 49 0e 7a c2 ef 7b 3c 71 ad c3 18 fc 8b ab fa 01 38 91 90 00 
<<<<
>>>>
13 75 00 00 00 
00 00 00 00 00 00 00 e9 90 00 
<<<<
>>>>
13 76 00 00 00 
73 67 f9 d9 85 b0 53 cc b8 d6 70 2f f1 bb 12 8f e1 92 81 31 1a d6 66 aa 9a f6 12 b5 c2 68 57 23 90 00 
<<<<
>>>>
13 77 00 00 08 00 00 00 00 00 00 00 e9 
25 f7 65 d5 70 25 43 a4 c2 dc ac 17 49 a3 49 0e 7a c2 ef 7b 3c 71 ad c3 18 fc 8b ab fa 01 38 91 90 00 
<<<<
>>>>
13 75 00 00 00 
00 00 00 00 00 00 00 ea 90 00 
<<<<
>>>>
13 77 00 00 08 00 00 00 00 00 00 00 ea 
73 67 f9 d9 85 b0 53 cc b8 d6 70 2f f1 bb 12 8f e1 92 81 31 1a d6 66 aa 9a f6 12 b5 c2 68 57 23 90 00 
<<<<
>>>>
13 76 00 00 00 
1a 86 3d a3 c1 08 85 8f d4 50 e4 a9 f6 9c 84 cd 0c 7d 5f 97 97 a2 2c 47 ba a0 5b 21 80 e9 02 72 90 00 
<<<<
>>>>
13 75 00 00 00 
00 00 00 00 00 00 00 eb 90 00 
<<<<
>>>>
13 76 00 00 00 
8c 35 ba aa d8 4a 90 80 4f ec c8 95 92 e8 40 7f 79 f7 62 a0 50 b0 a5 ee ae 64 15 9f d5 cb 16 d7 90 00 
<<<<
>>>>
13 77 00 00 08 00 00 00 00 00 00 00 eb 
1a 86 3d a3 c1 08 85 8f d4 50 e4 a9 f6 9c 84 cd 0c 7d 5f 97 97 a2 2c 47 ba a0 5b 21 80 e9 02 72 90 00 
<<<<
>>>>
13 75 00 00 00 
00 00 00 00 00 00 00 ec 90 00 
<<<<
>>>>
13 77 00 00 08 00 00 00 00 00 00 00 ec 
8c 35 ba aa d8 4a 90 80 4f ec c8 95 92 e8 40 7f 79 f7 62 a0 50 b0 a5 ee ae 64 15 9f d5 cb 16 d7 90 00 
<<<<
>>>>
13 76 00 00 00 
b1 6d aa 2a 1b 86 c4 77 bf ec 60 b7 18 f2 c6 cb d6 bb 21 fe fd f2 a0 d4 f0 61 7c a4 81 19 d0 f6 90 00 
<<<<
>>>>
13 75 00 00 00 
00 00 00 00 00 00 00 ed 90 00 
<<<<
>>>>
13 76 00 00 00 
b3 d9 d9 fe 4a 31 1a c1 41 96 89 f5 70 29 4a 0a 87 23 5d f1 ce e4 82 93 7c 73 7a 3f e0 69 52 a9 90 00 
<<<<
>>>>
13 77 00 00 08 00 00 00 00 00 00 00 ed 
b1 6d aa 2a 1b 86 c4 77 bf ec 60 b7 18 f2 c6 cb d6 bb 21 fe fd f2 a0 d4 f0 61 7c a4 81 19 d0 f6 90 00 
<<<<
>>>>
13 75 00 00 00 
00 00 00 00 00 00 00 ee 90 00 
<<<<
>>>>
13 77 00 00 08 00 00 00 00 00 00 00 ee 
b3 d9 d9 fe 4a 31 1a c1 41 96 89 f5 70 29 4a 0a 87 23 5d f1 ce e4 82 93 7c 73 7a 3f e0 69 52 a9 90 00 
<<<<
>>>>
13 76 00 00 00 
ed 4c 93 a7 b1 8c 4a a7 6c c8 1f be 36 9e d2 5a 39 a4 10 92 03 dc c9 e8 a2 a6 48 d9 87 bc 80 a0 90 00 
<<<<
>>>>
13 75 00 00 00 
00 00 00 00 00 00 00 ef 90 00 
<<<<
>>>>
13 76 00 00 00 
bf a4 25 4a fc a3 61 2c d1 6a ef 0e f1 76 12 44 ab ed c4 64 2a a5 e6 98 43 14 ff 35 f7 54 19 1b 90 00 
<<<<
>>>>
13 77 00 00 08 00 00 00 00 00 00 00 ef 
ed 4c 93 a7 b1 8c 4a a7 6c c8 1f be 36 9e d2 5a 39 a4 10 92 03 dc c9 e8 a2 a6 48 d9 87 bc 80 a0 90 00 
<<<<
>>>>
13 75 00 00 00 
00 00 00 00 00 00 00 f0 90 00 
<<<<
>>>>
13 77 00 00 08 00 00 00 00 00 00 00 f0 
bf a4 25 4a fc a3 61 2c d1 6a ef 0e f1 76 12 44 ab ed c4 64 2a a5 e6 98 43 14 ff 35 f7 54 19 1b 90 00 
<<<<
>>>>
13 76 00 00 00 
bd 04 a6 a2 a2 1a 1c aa c0 7d ff 73 0e 74 c1 a6 d6 a8 29 6a c8 e1 b9 b5 da d8 4c 08 82 f6 6f b8 90 00 
<<<<
>>>>
13 75 00 00 00 
00 00 00 00 00 00 00 f1 90 00 
<<<<
>>>>
13 76 00 00 00 
98 94 ad 64 7c 57 6c 50 a4 e0 61 2a 62 0b 8e fc 92 bc 05 47 ea 5c 2d 7b 86 7c 6e 1f 7f 90 37 2f 90 00 
<<<<
>>>>
13 77 00 00 08 00 00 00 00 00 00 00 f1 
bd 04 a6 a2 a2 1a 1c aa c0 7d ff 73 0e 74 c1 a6 d6 a8 29 6a c8 e1 b9 b5 da d8 4c 08 82 f6 6f b8 90 00 
<<<<
>>>>
13 75 00 00 00 
00 00 00 00 00 00 00 f2 90 00 
<<<<
>>>>
13 77 00 00 08 00 00 00 00 00 00 00 f2 
98 94 ad 64 7c 57 6c 50 a4 e0 61 2a 62 0b 8e fc 92 bc 05 47 ea 5c 2d 7b 86 7c 6e 1f 7f 90 37 2f 90 00 
<<<<
>>>>
13 76 00 00 00 
08 81 ac 02 c7 41 19 6f 76 f9 b1 af 7b 32 85 a1 92 30 09 0b 2b 44 c7 1d cb 61 8c 4d 1c 0b 68 d5 90 00 
<<<<
>>>>
13 75 00 00 00 
00 00 00 00 00 00 00 f3 90 00 
<<<<
>>>>
13 76 00 00 00 
3f b5 2f ca 48 98 82 4c e6 6f 81 db bf ab 91 52 e5 2f 3f 07 96 01 ac 42 5e 90 28 f9 22 ea 0b 8f 90 00 
<<<<
>>>>
13 77 00 00 08 00 00 00 00 00 00 00 f3 
08 81 ac 02 c7 41 19 6f 76 f9 b1 af 7b 32 85 a1 92 30 09 0b 2b 44 c7 1d cb 61 8c 4d 1c 0b 68 d5 90 00 
<<<<
>>>>
13 75 00 00 00 
00 00 00 00 00 00 00 f4 90 00 
<<<<
>>>>
13 77 00 00 08 00 00 00 00 00 00 00 f4 
3f b5 2f ca 48 98 82 4c e6 6f 81 db bf ab 91 52 e5 2f 3f 07 96 01 ac 42 5e 90 28 f9 22 ea 0b 8f 90 00 
<<<<
>>>>
13 76 00 00 00 
0b bf 52 1d 26 4f cf fe 9c cd a3 67 a5 73 56 9d 13 23 59 fb c5 fd 8f 7d 95 98 22 74 5e 91 22 cc 90 00 
<<<<
>>>>
13 75 00 00 00 
00 00 00 00 00 00 00 f5 90 00 
<<<<
>>>>
13 76 00 00 00 
df f7 db c2 c8 da bb cc bc 49 2b 44 9f 65 a1 60 05 95 25 ae be 11 a8 29 fe db 1e 50 3b 06 83 85 90 00 
<<<<
>>>>
13 77 00 00 08 00 00 00 00 00 00 00 f5 
0b bf 52 1d 26 4f cf fe 9c cd a3 67 a5 73 56 9d 13 23 59 fb c5 fd 8f 7d 95 98 22 74 5e 91 22 cc 90 00 
<<<<
>>>>
13 75 00 00 00 
00 00 00 00 00 00 00 f6 90 00 
<<<<
>>>>
13 77 00 00 08 00 00 00 00 00 00 00 f6 
df f7 db c2 c8 da bb cc bc 49 2b 44 9f 65 a1 60 05 95 25 ae be 11 a8 29 fe db 1e 50 3b 06 83 85 90 00 
<<<<
>>>>
13 76 00 00 00 
dc dd a0 69 23 e2 2b 18 e0 08 a3 f5 35 d0 e2 c9 9d 81 f6 f2 9b 67 fb 01 6f aa 5f fc 29 b8 12 1c 90 00 
<<<<
>>>>
13 75 00 00 00 
00 00 00 00 00 00 00 f7 90 00 
<<<<
>>>>
13 76 00 00 00 
34 6e ee e8 37 ac 85 65 7d a0 08 4b 17 95 48 bc 58 da 1b 33 6c d5 38 bc 38 a3 10 f7 c0 8d a4 61 90 00 
<<<<
>>>>
13 77 00 00 08 00 00 00 00 00 00 00 f7 
dc dd a0 69 23 e2 2b 18 e0 08 a3 f5 35 d0 e2 c9 9d 81 f6 f2 9b 67 fb 01 6f aa 5f fc 29 b8 12 1c 90 00 
<<<<
>>>>
13 75 00 00 00 
00 00 00 00 00 00 00 f8 90 00 
<<<<
>>>>
13 77 00 00 08 00 00 00 00 00 00 00 f8 
34 6e ee e8 37 ac 85 65 7d a0 08 4b 17 95 48 bc 58 da 1b 33 6c d5 38 bc 38 a3 10 f7 c0 8d a4 61 90 00 
<<<<
>>>>
13 76 00 00 00 
ad e9 c5 ff d2 5b 8f f7 42 ed d8 5c c7 78 90 aa e6 9e e0 41 0f ec 97 7d 80 a2 a5 43 e7 8c 82 1d 90 00 
<<<<
>>>>
13 75 00 00 00 
00 00 00 00 00 00 00 f9 90 00 
<<<<
>>>>
13 76 00 00 00 
ba e7 5a 20 ae b6 92 69 98 d7 57 17 47 04 59 45 5b be af e3 78 df 2b a0 14 04 31 4b 9a 13 ae 8e 90 00 
<<<<
>>>>
13 77 00 00 08 00 00 00 00 00 00 00 f9 
ad e9 c5 ff d2 5b 8f f7 42 ed d8 5c c7 78 90 aa e6 9e e0 41 0f ec 97 7d 80 a2 a5 43 e7 8c 82 1d 90 00 
<<<<
>>>>
13 75 00 00 00 
00 00 00 00 00 00 00 fa 90 00 
<<<<
>>>>
13 77 00 00 08 00 00 00 00 00 00 00 fa 
ba e7 5a 20 ae b6 92 69 98 d7 57 17 47 04 59 45 5b be af e3 78 df 2b a0 14 04 31 4b 9a 13 ae 8e 90 00 
<<<<
>>>>
13 76 00 00 00 
7a fc 00 0b 4a 63 37 b9 cd e3 39 76 5e 45 35 df 92 35 5a a7 ab a1 dc 6a dd 03 b9 d6 4f 89 54 92 90 00 
<<<<
>>>>
13 75 00 00 00 
00 00 00 00 00 00 00 fb 90 00 
<<<<
>>>>
13 76 00 00 00 
6c 16 4a e4 7e ac e5 67 15 0d 24 b2 2a a6 79 63 ca e7 21 0c 1c 20 6c f5 83 36 75 26 09 ad e2 25 90 00 
<<<<
>>>>
13 77 00 00 08 00 00 00 00 00 00 00 fb 
7a fc 00 0b 4a 63 37 b9 cd e3 39 76 5e 45 35 df 92 35 5a a7 ab a1 dc 6a dd 03 b9 d6 4f 89 54 92 90 00 
<<<<
>>>>
13 75 00 00 00 
00 00 00 00 00 00 00 fc 90 00 
<<<<
>>>>
13 77 00 00 08 00 00 00 00 00 00 00 fc 
6c 16 4a e4 7e ac e5 67 15 0d 24 b2 2a a6 79 63 ca e7 21 0c 1c 20 6c f5 83 36 75 26 09 ad e2 25 90 00 
<<<<
>>>>
13 76 00 00 00 
3a a8 ca ba df f6 48 d6 53 e0 62 9f aa bc 1f c5 12 7e 7e 75 cb 44 2e cc de 25 ff 0b c9 73 ec 7c 90 00 
<<<<
>>>>
13 75 00 00 00 
00 00 00 00 00 00 00 fd 90 00 
<<<<
>>>>
13 76 00 00 00 
83 ea 92 f5 10 5c 0e d6 7b 08 a5 cd 5b 86 b1 45 5f 85 83 be 25 96 38 43 26 fb cf 34 f2 1b f4 6f 90 00 
<<<<
>>>>
13 77 00 00 08 00 00 00 00 00 00 00 fd 
3a a8 ca ba df f6 48 d6 53 e0 62 9f aa bc 1f c5 12 7e 7e 75 cb 44 2e cc de 25 ff 0b c9 73 ec 7c 90 00 
<<<<
>>>>
13 75 00 00 00 
00 00 00 00 00 00 00 fe 90 00 
<<<<
>>>>
13 77 00 00 08 00 00 00 00 00 00 00 fe 
83 ea 92 f5 10 5c 0e d6 7b 08 a5 cd 5b 86 b1 45 5f 85 83 be 25 96 38 43 26 fb cf 34 f2 1b f4 6f 90 00 
<<<<
>>>>
13 76 00 00 00 
a3 4b 17 d7 32 12 b0 80 41 8e db 5d 46 0e cf 8b 70 16 8b 23 e6 06 6c 15 a1 dc 2a d2 4d d5 4d b9 90 00 
<<<<
>>>>
13 75 00 00 00 
00 00 00 00 00 00 00 ff 90 00 
<<<<
>>>>
13 76 00 00 00 
13 18 94 8c 84 61 56 8b 8e c7 3f a6 eb 15 52 b1 24 ec 34 41 22 8a 7e d0 11 b6 90 db df ed 8f f5 90 00 
<<<<
>>>>
13 77 00 00 08 00 00 00 00 00 00 00 ff 
a3 4b 17 d7 32 12 b0 80 41 8e db 5d 46 0e cf 8b 70 16 8b 23 e6 06 6c 15 a1 dc 2a d2 4d d5 4d b9 90 00 
<<<<
>>>>
13 75 00 00 00 
00 00 00 00 00 00 01 00 90 00 
<<<<
>>>>
13 77 00 00 08 00 00 00 00 00 00 01 00 
13 18 94 8c 84 61 56 8b 8e c7 3f a6 eb 15 52 b1 24 ec 34 41 22 8a 7e d0 11 b6 90 db df ed 8f f5 90 00 
<<<<
>>>>
13 76 00 00 00 
95 e4 6c e7 56 c5 fa 15 80 dd 27 07 ce ae 11 9c f2 60 0e ca dc 98 4b 22 ed 7d 2f bf 0e 66 a3 9a 90 00 
<<<<
>>>>
13 75 00 00 00 
00 00 00 00 00 00 01 01 90 00 
<<<<
>>>>
13 76 00 00 00 
9e 1f a6 20 a9 49 f9 f9 fc fd b7 f1 07 5d 7f 45 03 ce e4 35 f2 61 e2 6a c7 98 ca ea af 68 d7 5c 90 00 
<<<<
>>>>
13 77 00 00 08 00 00 00 00 00 00 01 01 
95 e4 6c e7 56 c5 fa 15 80 dd 27 07 ce ae 11 9c f2 60 0e ca dc 98 4b 22 ed 7d 2f bf 0e 66 a3 9a 90 00 
<<<<
>>>>
13 75 00 00 00 
00 00 00 00 00 00 01 02 90 00 
<<<<
>>>>
13 77 00 00 08 00 00 00 00 00 00 01 02 
9e 1f a6 20 a9 49 f9 f9 fc fd b7 f1 07 5d 7f 45 03 ce e4 35 f2 61 e2 6a c7 98 ca ea af 68 d7 5c 90 00 
<<<<
>>>>
13 76 00 00 00 
b8 3c d1 db 71 ea 2d d0 ff 98 b6 3a 25 73 2d 41 d1 7a 7f 4e 29 e0 df 7c 94 96 c8 54 c4 c4 16 91 90 00 
<<<<
>>>>
13 75 00 00 00 
00 00 00 00 00 00 01 03 90 00 
<<<<
>>>>
13 76 00 00 00 
5d 8e f2 9a 43 a4 2a 83 2b fb 13 dc d8 7a 5b 53 33 19 6c 31 ae b8 9d e7 46 b2 19 5c 7e 1c f6 9e 90 00 
<<<<
>>>>
13 77 00 00 08 00 00 00 00 00 00 01 03 
b8 3c d1 db 71 ea 2d d0 ff 98 b6 3a 25 73 2d 41 d1 7a 7f 4e 29 e0 df 7c 94 96 c8 54 c4 c4 16 91 90 00 
<<<<
>>>>
13 75 00 00 00 
00 00 00 00 00 00 01 04 90 00 
<<<<
>>>>
13 77 00 00 08 00 00 00 00 00 00 01 04 
5d 8e f2 9a 43 a4 2a 83 2b fb 13 dc d8 7a 5b 53 33 19 6c 31 ae b8 9d e7 46 b2 19 5c 7e 1c f6 9e 90 00 
<<<<
>>>>
13 76 00 00 00 
32 27 e4 a0 c9 67 e8 39 ad d9 19 0a 1b 11 d9 84 c9 8c 5f 3b e8 7a 67 ea 5d 4d e7 0c e7 a6 66 48 90 00 
<<<<
>>>>
13 75 00 00 00 
00 00 00 00 00 00 01 05 90 00 
<<<<
>>>>
13 76 00 00 00 
7a 78 51 38 4e ef 84 19 b5 e3 37 dc af 24 35 7b 92 ad f7 37 57 94 5a e7 ab fc 00 a5 dd 7f f5 10 90 00 
<<<<
>>>>
13 77 00 00 08 00 00 00 00 00 00 01 05 
32 27 e4 a0 c9 67 e8 39 ad d9 19 0a 1b 11 d9 84 c9 8c 5f 3b e8 7a 67 ea 5d 4d e7 0c e7 a6 66 48 90 00 
<<<<
>>>>
13 75 00 00 00 
00 00 00 00 00 00 01 06 90 00 
<<<<
>>>>
13 77 00 00 08 00 00 00 00 00 00 01 06 
7a 78 51 38 4e ef 84 19 b5 e3 37 dc af 24 35 7b 92 ad f7 37 57 94 5a e7 ab fc 00 a5 dd 7f f5 10 90 00 
<<<<
>>>>
13 76 00 00 00 
32 0d cb e3 d6 ba 1e 49 c7 9f 09 b1 70 f9 f5 39 61 bd bf c0 db 73 8b 0c 8d d6 43 6a 1f ac 58 c1 90 00 
<<<<
>>>>
13 75 00 00 00 
00 00 00 00 00 00 01 07 90 00 
<<<<
>>>>
13 76 00 00 00 
f1 51 00 54 9b 0f 30 93 c6 e5 71 31 78 d8 b1 fb 93 9b 6a 23 3f ab 68 50 fb dc e0 e2 bd 07 dc a7 90 00 
<<<<
>>>>
13 77 00 00 08 00 00 00 00 00 00 01 07 
32 0d cb e3 d6 ba 1e 49 c7 9f 09 b1 70 f9 f5 39 61 bd bf c0 db 73 8b 0c 8d d6 43 6a 1f ac 58 c1 90 00 
<<<<
>>>>
13 75 00 00 00 
00 00 00 00 00 00 01 08 90 00 
<<<<
>>>>
13 77 00 00 08 00 00 00 00 00 00 01 08 
f1 51 00 54 9b 0f 30 93 c6 e5 71 31 78 d8 b1 fb 93 9b 6a 23 3f ab 68 50 fb dc e0 e2 bd 07 dc a7 90 00 
<<<<
>>>>
13 76 00 00 00 
c8 a5 c2 05 6e ad ed e7 30 aa ad 85 1b 4d 5b 54 f7 55 d0 0b a8 ed 43 ff 3a c6 80 fd 2e d0 2d fa 90 00 
<<<<
>>>>
13 75 00 00 00 
00 00 00 00 00 00 01 09 90 00 
<<<<
>>>>
13 76 00 00 00 
37 02 05 a4 c3 c2 17 e0 5d 71 4e d6 dd 8e c0 7a 3e 24 50 74 23 43 f8 a9 c6 f4 4b 18 35 c9 85 3e 90 00 
<<<<
>>>>
13 77 00 00 08 00 00 00 00 00 00 01 09 
c8 a5 c2 05 6e ad ed e7 30 aa ad 85 1b 4d 5b 54 f7 55 d0 0b a8 ed 43 ff 3a c6 80 fd 2e d0 2d fa 90 00 
<<<<
>>>>
13 75 00 00 00 
00 00 00 00 00 00 01 0a 90 00 
<<<<
>>>>
13 77 00 00 08 00 00 00 00 00 00 01 0a 
37 02 05 a4 c3 c2 17 e0 5d 71 4e d6 dd 8e c0 7a 3e 24 50 74 23 43 f8 a9 c6 f4 4b 18 35 c9 85 3e 90 00 
<<<<
>>>>
13 76 00 00 00 
d6 b1 99 95 d6 56 6f c8 94 0c 96 96 ea 5e 20 d3 63 b0 17 a3 a5 18 25 cf 8f 81 0c e2 58 40 fd 78 90 00 
<<<<
>>>>
13 75 00 00 00 
00 00 00 00 00 00 01 0b 90 00 
<<<<
>>>>
13 76 00 00 00 
29 69 26 e0 2c a8 f1 39 8e 54 6e 35 f9 c0 56 54 94 b1 a9 e3 88 ef b8 73 af 5b d4 c9 65 0d 43 96 90 00 
<<<<
>>>>
13 77 00 00 08 00 00 00 00 00 00 01 0b 
d6 b1 99 95 d6 56 6f c8 94 0c 96 96 ea 5e 20 d3 63 b0 17 a3 a5 18 25 cf 8f 81 0c e2 58 40 fd 78 90 00 
<<<<
>>>>
13 75 00 00 00 
00 00 00 00 00 00 01 0c 90 00 
<<<<
>>>>
13 77 00 00 08 00 00 00 00 00 00 01 0c 
29 69 26 e0 2c a8 f1 39 8e 54 6e 35 f9 c0 56 54 94 b1 a9 e3 88 ef b8 73 af 5b d4 c9 65 0d 43 96 90 00 
<<<<
>>>>
13 76 00 00 00 
30 9c dc 13 ae 1b 30 02 b5 1e e4 50 96 ee f0 78 a1 fc 68 bc bf 5c a0 cb 2d 9b 0d bb e4 8c af 3c 90 00 
<<<<
>>>>
13 75 00 00 00 
00 00 00 00 00 00 01 0d 90 00 
<<<<
>>>>
13 76 00 00 00 
9e ce 72 9e 1f 40 87 c1 41 2e dc fd b3 92 2d 99 9a 25 d9 61 b5 41 0e 3b 47 9c f8 93 51 6e d9 7a 90 00 
<<<<
>>>>
13 77 00 00 08 00 00 00 00 00 00 01 0d 
30 9c dc 13 ae 1b 30 02 b5 1e e4 50 96 ee f0 78 a1 fc 68 bc bf 5c a0 cb 2d 9b 0d bb e4 8c af 3c 90 00 
<<<<
>>>>
13 75 00 00 00 
00 00 00 00 00 00 01 0e 90 00 
<<<<
>>>>
13 77 00 00 08 00 00 00 00 00 00 01 0e 
9e ce 72 9e 1f 40 87 c1 41 2e dc fd b3 92 2d 99 9a 25 d9 61 b5 41 0e 3b 47 9c f8 93 51 6e d9 7a 90 00 
<<<<
>>>>
13 76 00 00 00 
af ee bd 5a 86 27 07 0f 3b 5e 7f dd 94 5d e0 2c 74 1c 91 fc d9 26 4c 94 01 19 c7 7e e7 3d 4e ec 90 00 
<<<<
>>>>
13 75 00 00 00 
00 00 00 00 00 00 01 0f 90 00 
<<<<
>>>>
13 76 00 00 00 
f1 49 bb a4 0a 04 8f ba e9 6d 91 0c 81 da fd 92 3b 72 bd 10 04 05 f6 c6 cb f3 b0 6e 5e c6 e8 16 90 00 
<<<<
>>>>
13 77 00 00 08 00 00 00 00 00 00 01 0f 
af ee bd 5a 86 27 07 0f 3b 5e 7f dd 94 5d e0 2c 74 1c 91 fc d9 26 4c 94 01 19 c7 7e e7 3d 4e ec 90 00 
<<<<
>>>>
13 75 00 00 00 
00 00 00 00 00 00 01 10 90 00 
<<<<
>>>>
13 77 00 00 08 00 00 00 00 00 00 01 10 
f1 49 bb a4 0a 04 8f ba e9 6d 91 0c 81 da fd 92 3b 72 bd 10 04 05 f6 c6 cb f3 b0 6e 5e c6 e8 16 90 00 
<<<<
>>>>
13 76 00 00 00 
ae f6 13 57 6d f6 ed 14 c0 81 e9 c4 db d4 e7 1d 03 bb ac c7 0f 3e 89 a2 ad b1 c6 31 5d c9 1b c9 90 00 
<<<<
>>>>
13 75 00 00 00 
00 00 00 00 00 00 01 11 90 00 
<<<<
>>>>
13 76 00 00 00 
de ac 04 5b 81 cb 69 45 64 78 90 5e aa d7 8e e8 02 b1 db d9 1a 3a 8f ed d7 04 7f 4e c1 09 81 7e 90 00 
<<<<
>>>>
13 77 00 00 08 00 00 00 00 00 00 01 11 
ae f6 13 57 6d f6 ed 14 c0 81 e9 c4 db d4 e7 1d 03 bb ac c7 0f 3e 89 a2 ad b1 c6 31 5d c9 1b c9 90 00 
<<<<
>>>>
13 75 00 00 00 
00 00 00 00 00 00 01 12 90 00 
<<<<
>>>>
13 77 00 00 08 00 00 00 00 00 00 01 12 
de ac 04 5b 81 cb 69 45 64 78 90 5e aa d7 8e e8 02 b1 db d9 1a 3a 8f ed d7 04 7f 4e c1 09 81 7e 90 00 
<<<<
>>>>
13 76 00 00 00 
55 4f 0b 1d a3 f7 c6 e4 a6 23 c9 59 60 38 b8 9e 29 aa d9 87 96 86 8f 4a 10 5f 92 b3 ee f6 d2 e2 90 00 
<<<<
>>>>
13 75 00 00 00 
00 00 00 00 00 00 01 13 90 00 
<<<<
>>>>
13 76 00 00 00 
43 34 8b 94 37 f6 07 0f 48 ec f7 9b 83 da 43 3b 5c 6c 82 f4 26 6a 84 cf 98 ec 86 23 8e ff 21 98 90 00 
<<<<
>>>>
13 77 00 00 08 00 00 00 00 00 00 01 13 
55 4f 0b 1d a3 f7 c6 e4 a6 23 c9 59 60 38 b8 9e 29 aa d9 87 96 86 8f 4a 10 5f 92 b3 ee f6 d2 e2 90 00 
<<<<
>>>>
13 75 00 00 00 
00 00 00 00 00 00 01 14 90 00 
<<<<
>>>>
13 77 00 00 08 00 00 00 00 00 00 01 14 
43 34 8b 94 37 f6 07 0f 48 ec f7 9b 83 da 43 3b 5c 6c 82 f4 26 6a 84 cf 98 ec 86 23 8e ff 21 98 90 00 
<<<<
>>>>
13 76 00 00 00 
54 26 78 6d 9a 81 fa 39 8e 81 fa 27 4c c1 98 c3 ba 6d 02 e5 30 8e 40 53 e5 6f ef 94 0b 14 7e 65 90 00 
<<<<
>>>>
13 75 00 00 00 
00 00 00 00 00 00 01 15 90 00 
<<<<
>>>>
13 76 00 00 00 
72 b5 c1 b6 31 8c 61 d3 c8 60 61 16 61 7d 77 4f 13 51 e2 53 e9 a5 7c 04 61 80 f9 12 d6 2f 06 f1 90 00 
<<<<
>>>>
13 77 00 00 08 00 00 00 00 00 00 01 15 
54 26 78 6d 9a 81 fa 39 8e 81 fa 27 4c c1 98 c3 ba 6d 02 e5 30 8e 40 53 e5 6f ef 94 0b 14 7e 65 90 00 
<<<<
>>>>
13 75 00 00 00 
00 00 00 00 00 00 01 16 90 00 
<<<<
>>>>
13 77 00 00 08 00 00 00 00 00 00 01 16 
72 b5 c1 b6 31 8c 61 d3 c8 60 61 16 61 7d 77 4f 13 51 e2 53 e9 a5 7c 04 61 80 f9 12 d6 2f 06 f1 90 00 
<<<<
>>>>
13 76 00 00 00 
b2 ec 8b e3 8b c9 c8 d9 e0 25 09 c6 59 15 4a 21 d9 96 46 b4 37 a0 ca 2c f5 29 f6 de 5d 3f 29 4d 90 00 
<<<<
>>>>
13 75 00 00 00 
00 00 00 00 00 00 01 17 90 00 
<<<<
>>>>
13 76 00 00 00 
6a 3c 9c 78 70 7e 05 36 ca 87 ee 44 51 67 ea 8c 0a 58 40 13 f4 52 0c ae d2 50 9f 5b 85 30 e5 6b 90 00 
<<<<
>>>>
13 77 00 00 08 00 00 00 00 00 00 01 17 
b2 ec 8b e3 8b c9 c8 d9 e0 25 09 c6 59 15 4a 21 d9 96 46 b4 37 a0 ca 2c f5 29 f6 de 5d 3f 29 4d 90 00 
<<<<
>>>>
13 75 00 00 00 
00 00 00 00 00 00 01 18 90 00 
<<<<
>>>>
13 77 00 00 08 00 00 00 00 00 00 01 18 
6a 3c 9c 78 70 7e 05 36 ca 87 ee 44 51 67 ea 8c 0a 58 40 13 f4 52 0c ae d2 50 9f 5b 85 30 e5 6b 90 00 
<<<<
>>>>
13 76 00 00 00 
fa b3 a4 dc 7a c6 71 ce 67 1d 14 4a 96 7b 1c 1d 72 24 da 3f 07 24 1d ca 16 3b 39 f7 14 80 2e 6f 90 00 
<<<<
>>>>
13 75 00 00 00 
00 00 00 00 00 00 01 19 90 00 
<<<<
>>>>
13 76 00 00 00 
e4 c7 85 e4 ff 11 49 ce e1 de 76 c5 5c 61 3d 5c 73 7d 88 12 39 42 46 57 bf f2 75 ba 08 70 c7 02 90 00 
<<<<
>>>>
13 77 00 00 08 00 00 00 00 00 00 01 19 
fa b3 a4 dc 7a c6 71 ce 67 1d 14 4a 96 7b 1c 1d 72 24 da 3f 07 24 1d ca 16 3b 39 f7 14 80 2e 6f 90 00 
<<<<
>>>>
13 75 00 00 00 
00 00 00 00 00 00 01 1a 90 00 
<<<<
>>>>
13 77 00 00 08 00 00 00 00 00 00 01 1a 
e4 c7 85 e4 ff 11 49 ce e1 de 76 c5 5c 61 3d 5c 73 7d 88 12 39 42 46 57 bf f2 75 ba 08 70 c7 02 90 00 
<<<<
>>>>
13 76 00 00 00 
2c 30 24 e8 3c 1a 6e 28 d3 d0 9d b0 ff 5c 86 bf 07 3c c0 03 20 69 3e f9 cd 45 36 04 6f c0 97 59 90 00 
<<<<
>>>>
13 75 00 00 00 
00 00 00 00 00 00 01 1b 90 00 
<<<<
>>>>
13 76 00 00 00 
15 bb 73 23 8f e9 ac be ad b9 0e a6 44 46 aa 4d a0 69 09 b8 cb 31 13 c5 62 84 45 02 fe 10 d6 b3 90 00 
<<<<
>>>>
13 77 00 00 08 00 00 00 00 00 00 01 1b 
2c 30 24 e8 3c 1a 6e 28 d3 d0 9d b0 ff 5c 86 bf 07 3c c0 03 20 69 3e f9 cd 45 36 04 6f c0 97 59 90 00 
<<<<
>>>>
13 75 00 00 00 
00 00 00 00 00 00 01 1c 90 00 
<<<<
>>>>
13 77 00 00 08 00 00 00 00 00 00 01 1c 
15 bb 73 23 8f e9 ac be ad b9 0e a6 44 46 aa 4d a0 69 09 b8 cb 31 13 c5 62 84 45 02 fe 10 d6 b3 90 00 
<<<<
>>>>
13 76 00 00 00 
d2 60 66 13 a0 00 ed 6c d8 87 10 fe aa 4e 72 8e 75 fa 95 ef ee e1 78 f7 31 2f 55 9c 47 1e 36 6e 90 00 
<<<<
>>>>
13 75 00 00 00 
00 00 00 00 00 00 01 1d 90 00 
<<<<
>>>>
13 76 00 00 00 
74 43 75 06 51 51 fc e6 b2 54 1a c5 e1 d2 05 bd fa 7c bf e6 aa e7 0c 67 d9 c3 63 7c 92 69 47 f5 90 00 
<<<<
>>>>
13 77 00 00 08 00 00 00 00 00 00 01 1d 
d2 60 66 13 a0 00 ed 6c d8 87 10 fe aa 4e 72 8e 75 fa 95 ef ee e1 78 f7 31 2f 55 9c 47 1e 36 6e 90 00 
<<<<
>>>>
13 75 00 00 00 
00 00 00 00 00 00 01 1e 90 00 
<<<<
>>>>
13 77 00 00 08 00 00 00 00 00 00 01 1e 
74 43 75 06 51 51 fc e6 b2 54 1a c5 e1 d2 05 bd fa 7c bf e6 aa e7 0c 67 d9 c3 63 7c 92 69 47 f5 90 00 
<<<<
>>>>
13 76 00 00 00 
aa 90 bd 6f cf 8c bb 9e a0 d7 f1 55 5d 98 20 7f 69 a4 7e 9f 26 f7 ee ed 1b fc bd 6a 59 09 88 58 90 00 
<<<<
>>>>
13 75 00 00 00 
00 00 00 00 00 00 01 1f 90 00 
<<<<
>>>>
13 76 00 00 00 
ad d5 46 aa 05 2e 1f 9d 03 cb 0b be d4 f7 aa bd f3 a7 92 fc f4 93 d8 a5 19 94 a8 32 0b ba 76 80 90 00 
<<<<
>>>>
13 77 00 00 08 00 00 00 00 00 00 01 1f 
aa 90 bd 6f cf 8c bb 9e a0 d7 f1 55 5d 98 20 7f 69 a4 7e 9f 26 f7 ee ed 1b fc bd 6a 59 09 88 58 90 00 
<<<<
>>>>
13 75 00 00 00 
00 00 00 00 00 00 01 20 90 00 
<<<<
>>>>
13 77 00 00 08 00 00 00 00 00 00 01 20 
ad d5 46 aa 05 2e 1f 9d 03 cb 0b be d4 f7 aa bd f3 a7 92 fc f4 93 d8 a5 19 94 a8 32 0b ba 76 80 90 00 
<<<<
>>>>
13 76 00 00 00 
10 b8 49 1a e9 35 3f 17 fe c9 dc 0e 18 ff 3a 61 36 e9 27 94 bb 21 60 79 49 7d 21 61 66 d5 36 23 90 00 
<<<<
>>>>
13 75 00 00 00 
00 00 00 00 00 00 01 21 90 00 
<<<<
>>>>
13 76 00 00 00 
54 c4 d1 6f 2f 86 38 84 1c 0c 2e 58 0e aa 54 63 10 da 7a d5 6e 70 ff f5 c9 0b 51 ef 77 93 d8 56 90 00 
<<<<
>>>>
13 77 00 00 08 00 00 00 00 00 00 01 21 
10 b8 49 1a e9 35 3f 17 fe c9 dc 0e 18 ff 3a 61 36 e9 27 94 bb 21 60 79 49 7d 21 61 66 d5 36 23 90 00 
<<<<
>>>>
13 75 00 00 00 
00 00 00 00 00 00 01 22 90 00 
<<<<
>>>>
13 77 00 00 08 00 00 00 00 00 00 01 22 
54 c4 d1 6f 2f 86 38 84 1c 0c 2e 58 0e aa 54 63 10 da 7a d5 6e 70 ff f5 c9 0b 51 ef 77 93 d8 56 90 00 
<<<<
>>>>
13 76 00 00 00 
09 15 10 e8 8d 1c 59 89 2f 73 e1 b6 f0 84 b2 c2 44 fc ea 18 4a 61 21 8e c0 cc 31 de 1f bf 8f 2d 90 00 
<<<<
>>>>
13 75 00 00 00 
00 00 00 00 00 00 01 23 90 00 
<<<<
>>>>
13 76 00 00 00 
44 8d 48 66 d6 47 8c a6 4b e1 32 cd 2a c9 9c 52 7e 54 d2 37 24 7f 0a 93 c0 59 3d 7a 09 04 45 31 90 00 
<<<<
>>>>
13 77 00 00 08 00 00 00 00 00 00 01 23 
09 15 10 e8 8d 1c 59 89 2f 73 e1 b6 f0 84 b2 c2 44 fc ea 18 4a 61 21 8e c0 cc 31 de 1f bf 8f 2d 90 00 
<<<<
>>>>
13 75 00 00 00 
00 00 00 00 00 00 01 24 90 00 
<<<<
>>>>
13 77 00 00 08 00 00 00 00 00 00 01 24 
44 8d 48 66 d6 47 8c a6 4b e1 32 cd 2a c9 9c 52 7e 54 d2 37 24 7f 0a 93 c0 59 3d 7a 09 04 45 31 90 00 
<<<<
>>>>
13 76 00 00 00 
68 35 33 69 c6 6e f8 79 91 37 c8 35 8e 9e 42 a7 bd df 72 cc e1 df fa 48 03 9d 58 c6 b0 9b 05 6b 90 00 
<<<<
>>>>
13 75 00 00 00 
00 00 00 00 00 00 01 25 90 00 
<<<<
>>>>
13 76 00 00 00 
22 76 19 5a 35 b4 80 d2 bb b1 74 05 66 fc c5 8c 2b aa de a6 ec 30 35 cc 8c fd a3 4e 6a a7 55 35 90 00 
<<<<
>>>>
13 77 00 00 08 00 00 00 00 00 00 01 25 
68 35 33 69 c6 6e f8 79 91 37 c8 35 8e 9e 42 a7 bd df 72 cc e1 df fa 48 03 9d 58 c6 b0 9b 05 6b 90 00 
<<<<
>>>>
13 75 00 00 00 
00 00 00 00 00 00 01 26 90 00 
<<<<
>>>>
13 77 00 00 08 00 00 00 00 00 00 01 26 
22 76 19 5a 35 b4 80 d2 bb b1 74 05 66 fc c5 8c 2b aa de a6 ec 30 35 cc 8c fd a3 4e 6a a7 55 35 90 00 
<<<<
>>>>
13 76 00 00 00 
94 a7 61 7d 46 06 21 aa 27 5d 02 04 af 68 bd b3 98 3c 32 20 e6 38 a7 00 fe fe f4 8d 24 3a 04 9a 90 00 
<<<<
>>>>
13 75 00 00 00 
00 00 00 00 00 00 01 27 90 00 
<<<<
>>>>
13 76 00 00 00 
b6 df 3b c7 a5 db 2a 47 9d f2 c1 01 b5 e5 80 fa 40 fc b7 7a 4b 51 1c a6 01 36 e3 8f a2 d7 44 f1 90 00 
<<<<
>>>>
13 77 00 00 08 00 00 00 00 00 00 01 27 
94 a7 61 7d 46 06 21 aa 27 5d 02 04 af 68 bd b3 98 3c 32 20 e6 38 a7 00 fe fe f4 8d 24 3a 04 9a 90 00 
<<<<
>>>>
13 75 00 00 00 
00 00 00 00 00 00 01 28 90 00 
<<<<
>>>>
13 77 00 00 08 00 00 00 00 00 00 01 28 
b6 df 3b c7 a5 db 2a 47 9d f2 c1 01 b5 e5 80 fa 40 fc b7 7a 4b 51 1c a6 01 36 e3 8f a2 d7 44 f1 90 00 
<<<<
>>>>
13 76 00 00 00 
1c df 5b c8 f1 44 b4 7e 08 9c 07 5c 14 78 a2 2c 17 e6 52 9d 8c 23 8c f1 f7 1d 49 07 4c a5 cd 91 90 00 
<<<<
>>>>
13 75 00 00 00 
00 00 00 00 00 00 01 29 90 00 
<<<<
>>>>
13 76 00 00 00 
47 5f ab d6 8e 5c 5a 1d b5 be 96 55 7a 04 d4 65 26 aa da 91 27 e8 17 59 fd 09 da 1a 38 9d 6d 91 90 00 
<<<<
>>>>
13 77 00 00 08 00 00 00 00 00 00 01 29 
1c df 5b c8 f1 44 b4 7e 08 9c 07 5c 14 78 a2 2c 17 e6 52 9d 8c 23 8c f1 f7 1d 49 07 4c a5 cd 91 90 00 
<<<<
>>>>
13 75 00 00 00 
00 00 00 00 00 00 01 2a 90 00 
<<<<
>>>>
13 77 00 00 08 00 00 00 00 00 00 01 2a 
47 5f ab d6 8e 5c 5a 1d b5 be 96 55 7a 04 d4 65 26 aa da 91 27 e8 17 59 fd 09 da 1a 38 9d 6d 91 90 00 
<<<<
>>>>
13 76 00 00 00 
ae c9 37 1a b5 e7 c2 42 bb d9 27 a2 35 c1 a9 f4 dc ed ae 5f 11 ea df b3 b0 e9 44 e7 b2 36 ae fa 90 00 
<<<<
>>>>
13 75 00 00 00 
00 00 00 00 00 00 01 2b 90 00 
<<<<
>>>>
13 76 00 00 00 
1e ee be 4e 0a d0 89 a8 4b f2 91 a4 ff fb f9 14 33 e6 6e 78 f9 4d c2 d5 45 9a 98 36 5c 67 03 38 90 00 
<<<<
>>>>
13 77 00 00 08 00 00 00 00 00 00 01 2b 
ae c9 37 1a b5 e7 c2 42 bb d9 27 a2 35 c1 a9 f4 dc ed ae 5f 11 ea df b3 b0 e9 44 e7 b2 36 ae fa 90 00 
<<<<
>>>>
13 75 00 00 00 
00 00 00 00 00 00 01 2c 90 00 
<<<<
>>>>
13 77 00 00 08 00 00 00 00 00 00 01 2c 
1e ee be 4e 0a d0 89 a8 4b f2 91 a4 ff fb f9 14 33 e6 6e 78 f9 4d c2 d5 45 9a 98 36 5c 67 03 38 90 00 
<<<<
>>>>
13 76 00 00 00 
b9 7a 2f c6 e7 d0 b3 2b b8 f1 03 46 f5 47 78 04 b9 52 85 2c 1b b0 41 6d 8d 22 0a cc e3 69 56 89 90 00 
<<<<
>>>>
13 75 00 00 00 
00 00 00 00 00 00 01 2d 90 00 
<<<<
>>>>
13 76 00 00 00 
f0 c1 c1 73 4e 9d 33 0b eb e9 82 a7 03 30 f1 d1 27 43 5c 67 c9 6a 38 95 1b e1 84 f2 1f 28 c6 89 90 00 
<<<<
>>>>
13 77 00 00 08 00 00 00 00 00 00 01 2d 
b9 7a 2f c6 e7 d0 b3 2b b8 f1 03 46 f5 47 78 04 b9 52 85 2c 1b b0 41 6d 8d 22 0a cc e3 69 56 89 90 00 
<<<<
>>>>
13 75 00 00 00 
00 00 00 00 00 00 01 2e 90 00 
<<<<
>>>>
13 77 00 00 08 00 00 00 00 00 00 01 2e 
f0 c1 c1 73 4e 9d 33 0b eb e9 82 a7 03 30 f1 d1 27 43 5c 67 c9 6a 38 95 1b e1 84 f2 1f 28 c6 89 90 00 
<<<<
>>>>
13 76 00 00 00 
ca c5 f6 0c a0 2a 9b 66 a1 21 4c 95 3c 7d 9a 8f ee e1 2b b0 0e 62 2c 30 61 1a 80 8e 52 19 4d bd 90 00 
<<<<
>>>>
13 75 00 00 00 
00 00 00 00 00 00 01 2f 90 00 
<<<<
>>>>
13 76 00 00 00 
42 49 98 0c 5d ca 66 12 8b 66 64 5e 2f 68 4b 99 76 46 61 b9 ef f0 17 8a 3f 76 a1 6a 4b 7f f2 79 90 00 
<<<<
>>>>
13 77 00 00 08 00 00 00 00 00 00 01 2f 
ca c5 f6 0c a0 2a 9b 66 a1 21 4c 95 3c 7d 9a 8f ee e1 2b b0 0e 62 2c 30 61 1a 80 8e 52 19 4d bd 90 00 
<<<<
>>>>
13 75 00 00 00 
00 00 00 00 00 00 01 30 90 00 
<<<<
>>>>
13 77 00 00 08 00 00 00 00 00 00 01 30 
42 49 98 0c 5d ca 66 12 8b 66 64 5e 2f 68 4b 99 76 46 61 b9 ef f0 17 8a 3f 76 a1 6a 4b 7f f2 79 90 00 
<<<<
>>>>
13 76 00 00 00 
15 ec f7 44 ee 61 a7 9b 1b 3b f9 2d 21 43 ef ee 6f f8 88 93 91 1a 55 85 63 7e e4 1a eb 14 5c f4 90 00 
<<<<
>>>>
13 75 00 00 00 
00 00 00 00 00 00 01 31 90 00 
<<<<
>>>>
13 76 00 00 00 
fa 58 07 12 28 83 85 3e ca 85 d3 76 ff 11 f8 6a c4 74 ba 2e cf a1 ee 6b 03 a1 ad 62 e1 2c 8e f9 90 00 
<<<<
>>>>
13 77 00 00 08 00 00 00 00 00 00 01 31 
15 ec f7 44 ee 61 a7 9b 1b 3b f9 2d 21 43 ef ee 6f f8 88 93 91 1a 55 85 63 7e e4 1a eb 14 5c f4 90 00 
<<<<
>>>>
13 75 00 00 00 
00 00 00 00 00 00 01 32 90 00 
<<<<
>>>>
13 77 00 00 08 00 00 00 00 00 00 01 32 
fa 58 07 12 28 83 85 3e ca 85 d3 76 ff 11 f8 6a c4 74 ba 2e cf a1 ee 6b 03 a1 ad 62 e1 2c 8e f9 90 00 
<<<<
>>>>
13 76 00 00 00 
d2 00 d3 b5 75 b4 92 ae b9 6a 5c f4 3c 00 05 f5 9b e8 b8 68 01 03 ca 27 ce 88 eb cb 5c d3 7e fa 90 00 
<<<<
>>>>
13 75 00 00 00 
00 00 00 00 00 00 01 33 90 00 
<<<<
>>>>
13 76 00 00 00 
b7 31 77 8b 38 e4 69 2a 9a 7a 9d 78 43 be 78 f8 39 06 5b 6d 05 c1 25 78 3d bb 85 8e e0 7d b5 4b 90 00 
<<<<
>>>>
13 77 00 00 08 00 00 00 00 00 00 01 33 
d2 00 d3 b5 75 b4 92 ae b9 6a 5c f4 3c 00 05 f5 9b e8 b8 68 01 03 ca 27 ce 88 eb cb 5c d3 7e fa 90 00 
<<<<
>>>>
13 75 00 00 00 
00 00 00 00 00 00 01 34 90 00 
<<<<
>>>>
13 77 00 00 08 00 00 00 00 00 00 01 34 
b7 31 77 8b 38 e4 69 2a 9a 7a 9d 78 43 be 78 f8 39 06 5b 6d 05 c1 25 78 3d bb 85 8e e0 7d b5 4b 90 00 
<<<<
>>>>
13 76 00 00 00 
0a c4 4a b9 ff b2 99 bd 9b a3 95 b5 07 04 2c b8 5e bd 5f 4e e6 63 97 64 4d ed 01 ca 42 e6 08 72 90 00 
<<<<
>>>>
13 75 00 00 00 
00 00 00 00 00 00 01 35 90 00 
<<<<
>>>>
13 76 00 00 00 
01 34 32 8c c4 34 88 9a 08 23 13 6f f0 5e 52 ff fe 99 ae b1 6b b5 26 cf 23 ab 6c a2 77 79 2a e4 90 00 
<<<<
>>>>
13 77 00 00 08 00 00 00 00 00 00 01 35 
0a c4 4a b9 ff b2 99 bd 9b a3 95 b5 07 04 2c b8 5e bd 5f 4e e6 63 97 64 4d ed 01 ca 42 e6 08 72 90 00 
<<<<
>>>>
13 75 00 00 00 
00 00 00 00 00 00 01 36 90 00 
<<<<
>>>>
13 77 00 00 08 00 00 00 00 00 00 01 36 
01 34 32 8c c4 34 88 9a 08 23 13 6f f0 5e 52 ff fe 99 ae b1 6b b5 26 cf 23 ab 6c a2 77 79 2a e4 90 00 
<<<<
>>>>
13 76 00 00 00 
d6 e6 b4 30 44 aa 27 8e 35 01 00 e3 47 33 6c ba 2f 6b b8 d3 76 d8 fd 28 69 f0 c4 92 5d 82 43 7e 90 00 
<<<<
>>>>
13 75 00 00 00 
00 00 00 00 00 00 01 37 90 00 
<<<<
>>>>
13 76 00 00 00 
43 b4 c0 42 cb ae 4c d6 1d d8 5f 7c 93 32 eb 24 37 92 4b 01 cf c9 00 da 73 23 ab 61 83 99 9c 57 90 00 
<<<<
>>>>
13 77 00 00 08 00 00 00 00 00 00 01 37 
d6 e6 b4 30 44 aa 27 8e 35 01 00 e3 47 33 6c ba 2f 6b b8 d3 76 d8 fd 28 69 f0 c4 92 5d 82 43 7e 90 00 
<<<<
>>>>
13 75 00 00 00 
00 00 00 00 00 00 01 38 90 00 
<<<<
>>>>
13 77 00 00 08 00 00 00 00 00 00 01 38 
43 b4 c0 42 cb ae 4c d6 1d d8 5f 7c 93 32 eb 24 37 92 4b 01 cf c9 00 da 73 23 ab 61 83 99 9c 57 90 00 
<<<<
>>>>
13 76 00 00 00 
3d a7 63 55 00 3f 5c 7b 1f 0e cb ce b1 08 56 bb 99 64 46 7b 81 d5 59 39 e6 f0 5b 45 52 4a 75 a8 90 00 
<<<<
>>>>
13 75 00 00 00 
00 00 00 00 00 00 01 39 90 00 
<<<<
>>>>
13 76 00 00 00 
2a 6d 2c 6a 7c 51 ec a3 5a 34 64 c1 7a 07 8e 47 61 b3 52 34 d2 7c ec a7 2c 53 ec 85 c3 29 3e 19 90 00 
<<<<
>>>>
13 77 00 00 08 00 00 00 00 00 00 01 39 
3d a7 63 55 00 3f 5c 7b 1f 0e cb ce b1 08 56 bb 99 64 46 7b 81 d5 59 39 e6 f0 5b 45 52 4a 75 a8 90 00 
<<<<
>>>>
13 75 00 00 00 
00 00 00 00 00 00 01 3a 90 00 
<<<<
>>>>
13 77 00 00 08 00 00 00 00 00 00 01 3a 
2a 6d 2c 6a 7c 51 ec a3 5a 34 64 c1 7a 07 8e 47 61 b3 52 34 d2 7c ec a7 2c 53 ec 85 c3 29 3e 19 90 00 
<<<<
>>>>
13 76 00 00 00 
ce 91 90 66 80 a7 83 82 6a 12 25 de 6f fd b4 aa c5 26 0f 53 d1 77 87 f6 f3 3e c4 04 9a 14 c1 83 90 00 
<<<<
>>>>
13 75 00 00 00 
00 00 00 00 00 00 01 3b 90 00 
<<<<
>>>>
13 76 00 00 00 
ba 1a 12 27 e2 77 c5 8e 3e a2 fe 1e b5 c1 92 b0 9e 01 52 a0 d2 1e 6f 94 68 75 2d 29 20 ab 1f 2e 90 00 
<<<<
>>>>
13 77 00 00 08 00 00 00 00 00 00 01 3b 
ce 91 90 66 80 a7 83 82 6a 12 25 de 6f fd b4 aa c5 26 0f 53 d1 77 87 f6 f3 3e c4 04 9a 14 c1 83 90 00 
<<<<
>>>>
13 75 00 00 00 
00 00 00 00 00 00 01 3c 90 00 
<<<<
>>>>
13 77 00 00 08 00 00 00 00 00 00 01 3c 
ba 1a 12 27 e2 77 c5 8e 3e a2 fe 1e b5 c1 92 b0 9e 01 52 a0 d2 1e 6f 94 68 75 2d 29 20 ab 1f 2e 90 00 
<<<<
>>>>
13 76 00 00 00 
46 44 2d 28 44 a1 dd 6b 80 86 17 7c 62 f0 97 90 56 13 c8 43 b3 44 64 51 4b 50 62 4f 7c 81 3d 99 90 00 
<<<<
>>>>
13 75 00 00 00 
00 00 00 00 00 00 01 3d 90 00 
<<<<
>>>>
13 76 00 00 00 
b6 da 32 34 a5 fc 83 e3 39 d6 a0 5e ab be de e1 8d 45 19 11 8d 27 1f 0d e8 79 2f 06 0c 47 d3 62 90 00 
<<<<
>>>>
13 77 00 00 08 00 00 00 00 00 00 01 3d 
46 44 2d 28 44 a1 dd 6b 80 86 17 7c 62 f0 97 90 56 13 c8 43 b3 44 64 51 4b 50 62 4f 7c 81 3d 99 90 00 
<<<<
>>>>
13 75 00 00 00 
00 00 00 00 00 00 01 3e 90 00 
<<<<
>>>>
13 77 00 00 08 00 00 00 00 00 00 01 3e 
b6 da 32 34 a5 fc 83 e3 39 d6 a0 5e ab be de e1 8d 45 19 11 8d 27 1f 0d e8 79 2f 06 0c 47 d3 62 90 00 
<<<<
>>>>
13 76 00 00 00 
3f ec 99 2f 5e a2 0b 28 47 6d ca 77 8f 98 3f 96 6a ed 07 28 58 87 67 e5 f8 31 da 2a a4 69 39 90 90 00 
<<<<
>>>>
13 75 00 00 00 
00 00 00 00 00 00 01 3f 90 00 
<<<<
>>>>
13 76 00 00 00 
1a 28 7d 8f 4b 90 ca 2b 7e b3 3e c8 a8 38 77 b0 bd a0 57 09 9d e8 6c 14 5d de 31 17 76 a8 ec 48 90 00 
<<<<
>>>>
13 77 00 00 08 00 00 00 00 00 00 01 3f 
3f ec 99 2f 5e a2 0b 28 47 6d ca 77 8f 98 3f 96 6a ed 07 28 58 87 67 e5 f8 31 da 2a a4 69 39 90 90 00 
<<<<
>>>>
13 75 00 00 00 
00 00 00 00 00 00 01 40 90 00 
<<<<
>>>>
13 77 00 00 08 00 00 00 00 00 00 01 40 
1a 28 7d 8f 4b 90 ca 2b 7e b3 3e c8 a8 38 77 b0 bd a0 57 09 9d e8 6c 14 5d de 31 17 76 a8 ec 48 90 00 
<<<<
>>>>
13 76 00 00 00 
9e 1e 2d b8 f3 b9 63 77 1b ab 66 2a e6 16 be 85 eb c3 c1 ff 87 35 1a f9 aa 30 63 e5 6e 7d 50 73 90 00 
<<<<
>>>>
13 75 00 00 00 
00 00 00 00 00 00 01 41 90 00 
<<<<
>>>>
13 76 00 00 00 
ed 75 88 bc ac 1f aa 4e 48 f5 1f 30 be ed f9 ad 72 4a f9 27 a2 92 e6 38 46 aa e7 b9 64 eb aa 97 90 00 
<<<<
>>>>
13 77 00 00 08 00 00 00 00 00 00 01 41 
9e 1e 2d b8 f3 b9 63 77 1b ab 66 2a e6 16 be 85 eb c3 c1 ff 87 35 1a f9 aa 30 63 e5 6e 7d 50 73 90 00 
<<<<
>>>>
13 75 00 00 00 
00 00 00 00 00 00 01 42 90 00 
<<<<
>>>>
13 77 00 00 08 00 00 00 00 00 00 01 42 
ed 75 88 bc ac 1f aa 4e 48 f5 1f 30 be ed f9 ad 72 4a f9 27 a2 92 e6 38 46 aa e7 b9 64 eb aa 97 90 00 
<<<<
>>>>
13 76 00 00 00 
b5 42 45 87 78 18 ac 5f dd f6 b3 3e 0a 07 5e f9 dd f5 18 12 2e 5d 38 da bb 77 1f ad 01 51 3d 35 90 00 
<<<<
>>>>
13 75 00 00 00 
00 00 00 00 00 00 01 43 90 00 
<<<<
>>>>
13 76 00 00 00 
3f bf 88 c2 53 eb 7e e4 01 ca 91 79 0f 96 fd 6e 23 cf 5d 91 b0 ee 2e ee b3 ab 09 a9 f4 f5 6e cb 90 00 
<<<<
>>>>
13 77 00 00 08 00 00 00 00 00 00 01 43 
b5 42 45 87 78 18 ac 5f dd f6 b3 3e 0a 07 5e f9 dd f5 18 12 2e 5d 38 da bb 77 1f ad 01 51 3d 35 90 00 
<<<<
>>>>
13 75 00 00 00 
00 00 00 00 00 00 01 44 90 00 
<<<<
>>>>
13 77 00 00 08 00 00 00 00 00 00 01 44 
3f bf 88 c2 53 eb 7e e4 01 ca 91 79 0f 96 fd 6e 23 cf 5d 91 b0 ee 2e ee b3 ab 09 a9 f4 f5 6e cb 90 00 
<<<<
>>>>
13 76 00 00 00 
7a d5 c9 a7 d9 db 52 d6 f7 27 4c c8 7a c8 64 94 65 87 d8 9e f0 b4 98 35 61 29 30 1e 4a 15 42 b2 90 00 
<<<<
>>>>
13 75 00 00 00 
00 00 00 00 00 00 01 45 90 00 
<<<<
>>>>
13 76 00 00 00 
50 5a d8 e1 5b f5 d3 8e 11 a7 e5 e9 43 88 66 c1 fa 16 65 9b 6a e7 03 36 19 54 32 8d ec 4d 1b 4e 90 00 
<<<<
>>>>
13 77 00 00 08 00 00 00 00 00 00 01 45 
7a d5 c9 a7 d9 db 52 d6 f7 27 4c c8 7a c8 64 94 65 87 d8 9e f0 b4 98 35 61 29 30 1e 4a 15 42 b2 90 00 
<<<<
>>>>
13 75 00 00 00 
00 00 00 00 00 00 01 46 90 00 
<<<<
>>>>
13 77 00 00 08 00 00 00 00 00 00 01 46 
50 5a d8 e1 5b f5 d3 8e 11 a7 e5 e9 43 88 66 c1 fa 16 65 9b 6a e7 03 36 19 54 32 8d ec 4d 1b 4e 90 00 
<<<<
>>>>
13 76 00 00 00 
2e c1 a9 ab 87 95 6d 1a a6 f5 f3 3e 9e 18 fb a5 ec f5 df 86 f1 15 4a 76 b1 47 3d c2 e6 26 e3 10 90 00 
<<<<
>>>>
13 75 00 00 00 
00 00 00 00 00 00 01 47 90 00 
<<<<
>>>>
13 76 00 00 00 
ff 23 8e 89 1a a3 0a d2 97 9f 48 22 f6 e8 60 c7 ef 3a 18 d8 4d 8f 65 3a 69 9e 68 2a a1 9c bb c9 90 00 
<<<<
>>>>
13 77 00 00 08 00 00 00 00 00 00 01 47 
2e c1 a9 ab 87 95 6d 1a a6 f5 f3 3e 9e 18 fb a5 ec f5 df 86 f1 15 4a 76 b1 47 3d c2 e6 26 e3 10 90 00 
<<<<
>>>>
13 75 00 00 00 
00 00 00 00 00 00 01 48 90 00 
<<<<
>>>>
13 77 00 00 08 00 00 00 00 00 00 01 48 
ff 23 8e 89 1a a3 0a d2 97 9f 48 22 f6 e8 60 c7 ef 3a 18 d8 4d 8f 65 3a 69 9e 68 2a a1 9c bb c9 90 00 
<<<<
>>>>
13 76 00 00 00 
45 14 b2 1b d8 03 a7 c5 77 e8 69 f4 a6 48 a9 81 05 fa bd 11 b3 f2 9d a4 dd a5 e6 1f 3c 39 73 6b 90 00 
<<<<
>>>>
13 75 00 00 00 
00 00 00 00 00 00 01 49 90 00 
<<<<
>>>>
13 76 00 00 00 
a4 0d 81 de e8 5c af e4 b0 e4 ea 6d 0c 77 f5 77 e8 c3 d9 19 81 9e 50 cf 6c ab 47 28 ac 19 99 a4 90 00 
<<<<
>>>>
13 77 00 00 08 00 00 00 00 00 00 01 49 
45 14 b2 1b d8 03 a7 c5 77 e8 69 f4 a6 48 a9 81 05 fa bd 11 b3 f2 9d a4 dd a5 e6 1f 3c 39 73 6b 90 00 
<<<<
>>>>
13 75 00 00 00 
00 00 00 00 00 00 01 4a 90 00 
<<<<
>>>>
13 77 00 00 08 00 00 00 00 00 00 01 4a 
a4 0d 81 de e8 5c af e4 b0 e4 ea 6d 0c 77 f5 77 e8 c3 d9 19 81 9e 50 cf 6c ab 47 28 ac 19 99 a4 90 00 
<<<<
>>>>
13 76 00 00 00 
6a 67 dd 0f f6 45 b3 90 af 71 b5 c8 43 46 58 fa a5 4f 6a dc 7b 94 de 74 5f c9 ff 2d 0f 4b 4d 77 90 00 
<<<<
>>>>
13 75 00 00 00 
00 00 00 00 00 00 01 4b 90 00 
<<<<
>>>>
13 76 00 00 00 
07 7a 38 b0 89 d1 1f f1 bc 0b 74 21 10 e8 32 0c 0b ac 15 9c 5f de 67 32 ab c2 2d 0c 5e 9b 85 4a 90 00 
<<<<
>>>>
13 77 00 00 08 00 00 00 00 00 00 01 4b 
6a 67 dd 0f f6 45 b3 90 af 71 b5 c8 43 46 58 fa a5 4f 6a dc 7b 94 de 74 5f c9 ff 2d 0f 4b 4d 77 90 00 
<<<<
>>>>
13 75 00 00 00 
00 00 00 00 00 00 01 4c 90 00 
<<<<
>>>>
13 77 00 00 08 00 00 00 00 00 00 01 4c 
07 7a 38 b0 89 d1 1f f1 bc 0b 74 21 10 e8 32 0c 0b ac 15 9c 5f de 67 32 ab c2 2d 0c 5e 9b 85 4a 90 00 
<<<<
>>>>
13 76 00 00 00 
05 d8 b8 1b 39 64 f5 a1 03 ca 51 c7 70 90 a2 58 d3 15 8f e6 27 a8 66 0a 06 9a b3 ac cc 13 66 66 90 00 
<<<<
>>>>
13 75 00 00 00 
00 00 00 00 00 00 01 4d 90 00 
<<<<
>>>>
13 76 00 00 00 
69 11 23 06 4c 47 34 cc 0b f5 8f b5 9c 4f 57 3c 74 64 2b 8c 62 5b dd 47 85 ba e1 67 30 03 e2 d1 90 00 
<<<<
>>>>
13 77 00 00 08 00 00 00 00 00 00 01 4d 
05 d8 b8 1b 39 64 f5 a1 03 ca 51 c7 70 90 a2 58 d3 15 8f e6 27 a8 66 0a 06 9a b3 ac cc 13 66 66 90 00 
<<<<
>>>>
13 75 00 00 00 
00 00 00 00 00 00 01 4e 90 00 
<<<<
>>>>
13 77 00 00 08 00 00 00 00 00 00 01 4e 
69 11 23 06 4c 47 34 cc 0b f5 8f b5 9c 4f 57 3c 74 64 2b 8c 62 5b dd 47 85 ba e1 67 30 03 e2 d1 90 00 
<<<<
>>>>
13 76 00 00 00 
af 74 24 8f 4d bb 3e 05 7a 60 3e a7 3b 80 16 cf b2 bf 09 76 6f c0 89 79 85 de 39 09 ce f6 ec 4c 90 00 
<<<<
>>>>
13 75 00 00 00 
00 00 00 00 00 00 01 4f 90 00 
<<<<
>>>>
13 76 00 00 00 
ce ee bb ac 84 a6 60 3c 86 16 e4 76 e0 e7 e9 84 1b fc d4 23 df bb 14 b3 d6 c9 46 d5 5f 15 a2 bb 90 00 
<<<<
>>>>
13 77 00 00 08 00 00 00 00 00 00 01 4f 
af 74 24 8f 4d bb 3e 05 7a 60 3e a7 3b 80 16 cf b2 bf 09 76 6f c0 89 79 85 de 39 09 ce f6 ec 4c 90 00 
<<<<
>>>>
13 75 00 00 00 
00 00 00 00 00 00 01 50 90 00 
<<<<
>>>>
13 77 00 00 08 00 00 00 00 00 00 01 50 
ce ee bb ac 84 a6 60 3c 86 16 e4 76 e0 e7 e9 84 1b fc d4 23 df bb 14 b3 d6 c9 46 d5 5f 15 a2 bb 90 00 
<<<<
>>>>
13 76 00 00 00 
ae 64 05 d8 89 34 ac 54 af d8 24 80 bc 6f be af 43 2b 0d 93 ae 4b 92 35 02 65 b9 f4 dd a0 26 d1 90 00 
<<<<
>>>>
13 75 00 00 00 
00 00 00 00 00 00 01 51 90 00 
<<<<
>>>>
13 76 00 00 00 
83 8d f4 80 4e 81 eb 2b 61 4e c1 20 73 d7 13 b0 da 81 45 39 84 a1 66 6b ac 3e a8 31 84 35 e6 5a 90 00 
<<<<
>>>>
13 77 00 00 08 00 00 00 00 00 00 01 51 
ae 64 05 d8 89 34 ac 54 af d8 24 80 bc 6f be af 43 2b 0d 93 ae 4b 92 35 02 65 b9 f4 dd a0 26 d1 90 00 
<<<<
>>>>
13 75 00 00 00 
00 00 00 00 00 00 01 52 90 00 
<<<<
>>>>
13 77 00 00 08 00 00 00 00 00 00 01 52 
83 8d f4 80 4e 81 eb 2b 61 4e c1 20 73 d7 13 b0 da 81 45 39 84 a1 66 6b ac 3e a8 31 84 35 e6 5a 90 00 
<<<<
>>>>
13 76 00 00 00 
30 d1 aa ea 55 cc 75 fa a5 80 d0 20 2c 2f 22 1c 04 fc 9e 8d 6c d9 26 1a 9b 0b a6 f6 41 ed 32 be 90 00 
<<<<
>>>>
13 75 00 00 00 
00 00 00 00 00 00 01 53 90 00 
<<<<
>>>>
13 76 00 00 00 
9d 7f 1d d8 cf 35 e3 37 08 4e 02 cb 52 42 1f 7c 7f ef 78 42 6d 30 d2 7e 4c 3c 37 4b 6d a4 7f 1d 90 00 
<<<<
>>>>
13 77 00 00 08 00 00 00 00 00 00 01 53 
30 d1 aa ea 55 cc 75 fa a5 80 d0 20 2c 2f 22 1c 04 fc 9e 8d 6c d9 26 1a 9b 0b a6 f6 41 ed 32 be 90 00 
<<<<
>>>>
13 75 00 00 00 
00 00 00 00 00 00 01 54 90 00 
<<<<
>>>>
13 77 00 00 08 00 00 00 00 00 00 01 54 
9d 7f 1d d8 cf 35 e3 37 08 4e 02 cb 52 42 1f 7c 7f ef 78 42 6d 30 d2 7e 4c 3c 37 4b 6d a4 7f 1d 90 00 
<<<<
>>>>
13 76 00 00 00 
36 33 a7 f1 86 2c 2c ec b9 1e 61 ff f6 39 4a 19 cd e7 7c a3 d1 36 cb fb a4 0c ba d1 5e 95 b2 d7 90 00 
<<<<
>>>>
13 75 00 00 00 
00 00 00 00 00 00 01 55 90 00 
<<<<
>>>>
13 76 00 00 00 
af 38 ab 42 5a 50 8f 19 c0 ba 01 29 28 b2 62 27 f7 36 00 3e 91 c4 84 fd 67 01 f4 ab 4e 0d d6 3b 90 00 
<<<<
>>>>
13 77 00 00 08 00 00 00 00 00 00 01 55 
36 33 a7 f1 86 2c 2c ec b9 1e 61 ff f6 39 4a 19 cd e7 7c a3 d1 36 cb fb a4 0c ba d1 5e 95 b2 d7 90 00 
<<<<
>>>>
13 75 00 00 00 
00 00 00 00 00 00 01 56 90 00 
<<<<
>>>>
13 77 00 00 08 00 00 00 00 00 00 01 56 
af 38 ab 42 5a 50 8f 19 c0 ba 01 29 28 b2 62 27 f7 36 00 3e 91 c4 84 fd 67 01 f4 ab 4e 0d d6 3b 90 00 
<<<<
>>>>
13 76 00 00 00 
2d 3f ed c1 a0 83 ce b6 e0 ae 5d c9 ca b4 d9 fa 03 5a 97 40 c9 18 07 c6 95 76 d8 27 75 06 1d b1 90 00 
<<<<
>>>>
13 75 00 00 00 
00 00 00 00 00 00 01 57 90 00 
<<<<
>>>>
13 76 00 00 00 
ab 75 a6 b2 df 85 86 9e f0 04 5f 9c 3e 2e fd e9 d1 f8 aa 43 4b 8a 9e 90 b7 4d 74 93 1d dc c6 38 90 00 
<<<<
>>>>
13 77 00 00 08 00 00 00 00 00 00 01 57 
2d 3f ed c1 a0 83 ce b6 e0 ae 5d c9 ca b4 d9 fa 03 5a 97 40 c9 18 07 c6 95 76 d8 27 75 06 1d b1 90 00 
<<<<
>>>>
13 75 00 00 00 
00 00 00 00 00 00 01 58 90 00 
<<<<
>>>>
13 77 00 00 08 00 00 00 00 00 00 01 58 
ab 75 a6 b2 df 85 86 9e f0 04 5f 9c 3e 2e fd e9 d1 f8 aa 43 4b 8a 9e 90 b7 4d 74 93 1d dc c6 38 90 00 
<<<<
>>>>
13 76 00 00 00 
e2 b2 67 86 74 7d 2f be e8 75 18 9b b9 9d 1d 08 ae e1 62 84 07 39 51 98 54 45 a1 c4 15 77 e1 d0 90 00 
<<<<
>>>>
13 75 00 00 00 
00 00 00 00 00 00 01 59 90 00 
<<<<
>>>>
13 76 00 00 00 
f8 23 b8 3c f2 b2 4c f9 91 b8 a4 ac ed 6a e5 57 21 50 47 0f df ca 38 1a 7c bc 17 b1 e1 47 30 6d 90 00 
<<<<
>>>>
13 77 00 00 08 00 00 00 00 00 00 01 59 
e2 b2 67 86 74 7d 2f be e8 75 18 9b b9 9d 1d 08 ae e1 62 84 07 39 51 98 54 45 a1 c4 15 77 e1 d0 90 00 
<<<<
>>>>
13 75 00 00 00 
00 00 00 00 00 00 01 5a 90 00 
<<<<
>>>>
13 77 00 00 08 00 00 00 00 00 00 01 5a 
f8 23 b8 3c f2 b2 4c f9 91 b8 a4 ac ed 6a e5 57 21 50 47 0f df ca 38 1a 7c bc 17 b1 e1 47 30 6d 90 00 
<<<<
>>>>
13 76 00 00 00 
df b2 81 71 92 e0 23 ea 86 5a b0 9b d8 7b c0 a1 2c 95 b2 ce 4b c9 a4 65 ff 82 3b 6a 6e 11 2c 96 90 00 
<<<<
>>>>
13 75 00 00 00 
00 00 00 00 00 00 01 5b 90 00 
<<<<
>>>>
13 76 00 00 00 
b6 7c 44 a4 99 fc 23 29 fb ab e5 77 f4 8a 0a 89 80 b2 fd a7 f2 7c ac 80 83 79 d5 76 21 de 39 0b 90 00 
<<<<
>>>>
13 77 00 00 08 00 00 00 00 00 00 01 5b 
df b2 81 71 92 e0 23 ea 86 5a b0 9b d8 7b c0 a1 2c 95 b2 ce 4b c9 a4 65 ff 82 3b 6a 6e 11 2c 96 90 00 
<<<<
>>>>
13 75 00 00 00 
00 00 00 00 00 00 01 5c 90 00 
<<<<
>>>>
13 77 00 00 08 00 00 00 00 00 00 01 5c 
b6 7c 44 a4 99 fc 23 29 fb ab e5 77 f4 8a 0a 89 80 b2 fd a7 f2 7c ac 80 83 79 d5 76 21 de 39 0b 90 00 
<<<<
>>>>
13 76 00 00 00 
cd bc 39 01 b5 41 3b ce 31 0b a0 92 a8 e8 e8 b5 37 c4 3c a8 a6 56 fa db 17 80 9c 71 cd 7f 0b 05 90 00 
<<<<
>>>>
13 75 00 00 00 
00 00 00 00 00 00 01 5d 90 00 
<<<<
>>>>
13 76 00 00 00 
1f 4c 95 a9 f7 e3 ef 6d c9 29 1e b9 b1 02 45 8f fd 6f ef 4e fd 63 4d 4c 94 f9 08 f4 43 f7 bf 89 90 00 
<<<<
>>>>
13 77 00 00 08 00 00 00 00 00 00 01 5d 
cd bc 39 01 b5 41 3b ce 31 0b a0 92 a8 e8 e8 b5 37 c4 3c a8 a6 56 fa db 17 80 9c 71 cd 7f 0b 05 90 00 
<<<<
>>>>
13 75 00 00 00 
00 00 00 00 00 00 01 5e 90 00 
<<<<
>>>>
13 77 00 00 08 00 00 00 00 00 00 01 5e 
1f 4c 95 a9 f7 e3 ef 6d c9 29 1e b9 b1 02 45 8f fd 6f ef 4e fd 63 4d 4c 94 f9 08 f4 43 f7 bf 89 90 00 
<<<<
>>>>
13 76 00 00 00 
60 0d c6 e0 5b 8e ca ce 17 b4 02 3e 09 6b 5d ee 1f e3 f9 f6 39 84 f0 dc ec 3a d6 48 b1 de 95 31 90 00 
<<<<
>>>>
13 75 00 00 00 
00 00 00 00 00 00 01 5f 90 00 
<<<<
>>>>
13 76 00 00 00 
f5 92 e9 9a 83 75 78 32 89 49 2b 5b 1a 15 0a e4 41 19 a4 9b ee 7c d3 7b c2 d8 b0 f3 8c f0 75 f2 90 00 
<<<<
>>>>
13 77 00 00 08 00 00 00 00 00 00 01 5f 
60 0d c6 e0 5b 8e ca ce 17 b4 02 3e 09 6b 5d ee 1f e3 f9 f6 39 84 f0 dc ec 3a d6 48 b1 de 95 31 90 00 
<<<<
>>>>
13 75 00 00 00 
00 00 00 00 00 00 01 60 90 00 
<<<<
>>>>
13 77 00 00 08 00 00 00 00 00 00 01 60 
f5 92 e9 9a 83 75 78 32 89 49 2b 5b 1a 15 0a e4 41 19 a4 9b ee 7c d3 7b c2 d8 b0 f3 8c f0 75 f2 90 00 
<<<<
>>>>
13 76 00 00 00 
dd bd db e5 70 8c 99 e1 49 e7 8d 64 84 c7 40 aa 5a e0 7f a9 52 28 9e 6c 96 b5 6e bf d2 fb d7 db 90 00 
<<<<
>>>>
13 75 00 00 00 
00 00 00 00 00 00 01 61 90 00 
<<<<
>>>>
13 76 00 00 00 
19 b7 f9 5c d9 f1 3b eb 56 9f 9b 59 2f 41 1c 43 4b 5f 44 28 c5 f2 09 81 aa 1a 04 79 8c d7 9e 92 90 00 
<<<<
>>>>
13 77 00 00 08 00 00 00 00 00 00 01 61 
dd bd db e5 70 8c 99 e1 49 e7 8d 64 84 c7 40 aa 5a e0 7f a9 52 28 9e 6c 96 b5 6e bf d2 fb d7 db 90 00 
<<<<
>>>>
13 75 00 00 00 
00 00 00 00 00 00 01 62 90 00 
<<<<
>>>>
13 77 00 00 08 00 00 00 00 00 00 01 62 
19 b7 f9 5c d9 f1 3b eb 56 9f 9b 59 2f 41 1c 43 4b 5f 44 28 c5 f2 09 81 aa 1a 04 79 8c d7 9e 92 90 00 
<<<<
>>>>
13 76 00 00 00 
a7 f5 ca 0c 1f 6a 21 50 4d 23 e7 28 6d f8 85 bd d4 8e 9e 63 2a fe cb b5 84 68 2f 7b 34 91 38 1e 90 00 
<<<<
>>>>
13 75 00 00 00 
00 00 00 00 00 00 01 63 90 00 
<<<<
>>>>
13 76 00 00 00 
c8 5a 3d f9 2d 2b ff 0a 68 c5 7f 7a 4a 2e 9b af 38 20 6b 45 8a 4d 00 a0 3d b6 fb 51 87 e5 f0 a3 90 00 
<<<<
>>>>
13 77 00 00 08 00 00 00 00 00 00 01 63 
a7 f5 ca 0c 1f 6a 21 50 4d 23 e7 28 6d f8 85 bd d4 8e 9e 63 2a fe cb b5 84 68 2f 7b 34 91 38 1e 90 00 
<<<<
>>>>
13 75 00 00 00 
00 00 00 00 00 00 01 64 90 00 
<<<<
>>>>
13 77 00 00 08 00 00 00 00 00 00 01 64 
c8 5a 3d f9 2d 2b ff 0a 68 c5 7f 7a 4a 2e 9b af 38 20 6b 45 8a 4d 00 a0 3d b6 fb 51 87 e5 f0 a3 90 00 
<<<<
>>>>
13 76 00 00 00 
6d de 7c 54 40 36 85 96 fa e9 f2 ec de fb 94 1b ef 16 c4 2f 1c 39 c4 ab e1 e4 53 6a 79 46 e5 04 90 00 
<<<<
>>>>
13 75 00 00 00 
00 00 00 00 00 00 01 65 90 00 
<<<<
>>>>
13 76 00 00 00 
83 14 a0 26 ea 32 cd a9 4d e1 24 89 fd be 39 27 0d b2 8e 45 8c 5e 5f d4 25 50 99 21 b8 18 86 8f 90 00 
<<<<
>>>>
13 77 00 00 08 00 00 00 00 00 00 01 65 
6d de 7c 54 40 36 85 96 fa e9 f2 ec de fb 94 1b ef 16 c4 2f 1c 39 c4 ab e1 e4 53 6a 79 46 e5 04 90 00 
<<<<
>>>>
13 75 00 00 00 
00 00 00 00 00 00 01 66 90 00 
<<<<
>>>>
13 77 00 00 08 00 00 00 00 00 00 01 66 
83 14 a0 26 ea 32 cd a9 4d e1 24 89 fd be 39 27 0d b2 8e 45 8c 5e 5f d4 25 50 99 21 b8 18 86 8f 90 00 
<<<<
>>>>
13 76 00 00 00 
51 9c c6 d5 40 d8 78 59 af 54 56 49 62 27 48 27 b0 01 20 48 14 ad 60 68 ba ba b2 bc f7 19 36 14 90 00 
<<<<
>>>>
13 75 00 00 00 
00 00 00 00 00 00 01 67 90 00 
<<<<
>>>>
13 76 00 00 00 
44 31 ee 8f 66 55 38 ce e8 d9 1a 9a 2e 76 f9 d0 d0 e6 32 68 7b 15 eb ea 79 1d 51 2b 23 6c cd e3 90 00 
<<<<
>>>>
13 77 00 00 08 00 00 00 00 00 00 01 67 
51 9c c6 d5 40 d8 78 59 af 54 56 49 62 27 48 27 b0 01 20 48 14 ad 60 68 ba ba b2 bc f7 19 36 14 90 00 
<<<<
>>>>
13 75 00 00 00 
00 00 00 00 00 00 01 68 90 00 
<<<<
>>>>
13 77 00 00 08 00 00 00 00 00 00 01 68 
44 31 ee 8f 66 55 38 ce e8 d9 1a 9a 2e 76 f9 d0 d0 e6 32 68 7b 15 eb ea 79 1d 51 2b 23 6c cd e3 90 00 
<<<<
>>>>
13 76 00 00 00 
0a bf 2a 53 32 5b 53 f8 97 e4 e5 1b 15 69 68 29 29 ac da 80 79 f0 a3 25 0a a2 86 ee a5 f5 fa 50 90 00 
<<<<
>>>>
13 75 00 00 00 
00 00 00 00 00 00 01 69 90 00 
<<<<
>>>>
13 76 00 00 00 
68 5f 14 dd 56 18 d7 1e 1a b4 b5 74 c8 5e 24 69 84 63 94 30 3b 16 6d 82 a2 10 86 b9 34 ff c0 88 90 00 
<<<<
>>>>
13 77 00 00 08 00 00 00 00 00 00 01 69 
0a bf 2a 53 32 5b 53 f8 97 e4 e5 1b 15 69 68 29 29 ac da 80 79 f0 a3 25 0a a2 86 ee a5 f5 fa 50 90 00 
<<<<
>>>>
13 75 00 00 00 
00 00 00 00 00 00 01 6a 90 00 
<<<<
>>>>
13 77 00 00 08 00 00 00 00 00 00 01 6a 
68 5f 14 dd 56 18 d7 1e 1a b4 b5 74 c8 5e 24 69 84 63 94 30 3b 16 6d 82 a2 10 86 b9 34 ff c0 88 90 00 
<<<<
>>>>
13 76 00 00 00 
e1 50 82 b4 2f b1 30 6a b0 6f d5 c5 0f 5d 9a 4d 4e 50 86 65 96 e7 bf 6e 08 35 b3 3e c5 6e de a3 90 00 
<<<<
>>>>
13 75 00 00 00 
00 00 00 00 00 00 01 6b 90 00 
<<<<
>>>>
13 76 00 00 00 
35 c6 0c 4c 7e 6e 95 5b 86 db 8d fd 6a e9 63 96 13 f4 29 25 7f b1 e2 23 88 9d cb 33 ca 92 6a 67 90 00 
<<<<
>>>>
13 77 00 00 08 00 00 00 00 00 00 01 6b 
e1 50 82 b4 2f b1 30 6a b0 6f d5 c5 0f 5d 9a 4d 4e 50 86 65 96 e7 bf 6e 08 35 b3 3e c5 6e de a3 90 00 
<<<<
>>>>
13 75 00 00 00 
00 00 00 00 00 00 01 6c 90 00 
<<<<
>>>>
13 77 00 00 08 00 00 00 00 00 00 01 6c 
35 c6 0c 4c 7e 6e 95 5b 86 db 8d fd 6a e9 63 96 13 f4 29 25 7f b1 e2 23 88 9d cb 33 ca 92 6a 67 90 00 
<<<<
>>>>
13 76 00 00 00 
e1 42 76 d5 f9 b2 fd bd 9e 3d 6e 9c 07 1b b9 85 21 24 5f da 73 af bb be 97 74 20 e0 48 82 95 4b 90 00 
<<<<
>>>>
13 75 00 00 00 
00 00 00 00 00 00 01 6d 90 00 
<<<<
>>>>
13 76 00 00 00 
1f 1c 39 b4 56 2c 64 1e a2 97 66 6e c2 e5 93 f9 31 9b 9e 26 ea e0 93 78 42 83 65 79 74 26 e0 73 90 00 
<<<<
>>>>
13 77 00 00 08 00 00 00 00 00 00 01 6d 
e1 42 76 d5 f9 b2 fd bd 9e 3d 6e 9c 07 1b b9 85 21 24 5f da 73 af bb be 97 74 20 e0 48 82 95 4b 90 00 
<<<<
>>>>
13 75 00 00 00 
00 00 00 00 00 00 01 6e 90 00 
<<<<
>>>>
13 77 00 00 08 00 00 00 00 00 00 01 6e 
1f 1c 39 b4 56 2c 64 1e a2 97 66 6e c2 e5 93 f9 31 9b 9e 26 ea e0 93 78 42 83 65 79 74 26 e0 73 90 00 
<<<<
>>>>
13 76 00 00 00 
0f 2b 24 d6 de 06 82 1f 73 e4 ae 69 83 73 a5 80 a4 4c 12 19 72 6e 84 87 0b c7 42 8f 61 13 b3 96 90 00 
<<<<
>>>>
13 75 00 00 00 
00 00 00 00 00 00 01 6f 90 00 
<<<<
>>>>
13 76 00 00 00 
93 d5 1e 0a 78 c1 3f ab d9 cd 7b d1 4d f3 1a ed 16 6f cc f2 84 ff 32 cf a6 8c 3d bf dd 31 12 42 90 00 
<<<<
>>>>
13 77 00 00 08 00 00 00 00 00 00 01 6f 
0f 2b 24 d6 de 06 82 1f 73 e4 ae 69 83 73 a5 80 a4 4c 12 19 72 6e 84 87 0b c7 42 8f 61 13 b3 96 90 00 
<<<<
>>>>
13 75 00 00 00 
00 00 00 00 00 00 01 70 90 00 
<<<<
>>>>
13 77 00 00 08 00 00 00 00 00 00 01 70 
93 d5 1e 0a 78 c1 3f ab d9 cd 7b d1 4d f3 1a ed 16 6f cc f2 84 ff 32 cf a6 8c 3d bf dd 31 12 42 90 00 
<<<<
>>>>
13 76 00 00 00 
f8 b2 59 97 7e bb 3f 28 7c b2 a7 f4 b5 ad e4 12 e9 7c 96 1c d6 6c 8e 0e aa 77 9f 7e bf 46 c7 d0 90 00 
<<<<
>>>>
13 75 00 00 00 
00 00 00 00 00 00 01 71 90 00 
<<<<
>>>>
13 76 00 00 00 
a3 2e 97 06 6a 9a 8d db 4f 7d e1 19 5c e0 ac 43 1e 40 eb e5 8f bd 4a a1 94 da a6 d5 28 15 22 63 90 00 
<<<<
>>>>
13 77 00 00 08 00 00 00 00 00 00 01 71 
f8 b2 59 97 7e bb 3f 28 7c b2 a7 f4 b5 ad e4 12 e9 7c 96 1c d6 6c 8e 0e aa 77 9f 7e bf 46 c7 d0 90 00 
<<<<
>>>>
13 75 00 00 00 
00 00 00 00 00 00 01 72 90 00 
<<<<
>>>>
13 77 00 00 08 00 00 00 00 00 00 01 72 
a3 2e 97 06 6a 9a 8d db 4f 7d e1 19 5c e0 ac 43 1e 40 eb e5 8f bd 4a a1 94 da a6 d5 28 15 22 63 90 00 
<<<<
>>>>
13 76 00 00 00 
0d 4a 02 97 75 4c 4c 1c ef 00 3e 89 b7 e8 04 dd 15 55 59 2c 61 f9 7a 82 da ed d5 96 c5 7a df 36 90 00 
<<<<
>>>>
13 75 00 00 00 
00 00 00 00 00 00 01 73 90 00 
<<<<
>>>>
13 76 00 00 00 
2d c1 58 b1 2c e8 06 6f eb 7f a7 4e de 8b b0 83 ad 28 9f 1e 7d 5a d6 e7 e8 a2 5b 5e 2a 1c 2c 93 90 00 
<<<<
>>>>
13 77 00 00 08 00 00 00 00 00 00 01 73 
0d 4a 02 97 75 4c 4c 1c ef 00 3e 89 b7 e8 04 dd 15 55 59 2c 61 f9 7a 82 da ed d5 96 c5 7a df 36 90 00 
<<<<
>>>>
13 75 00 00 00 
00 00 00 00 00 00 01 74 90 00 
<<<<
>>>>
13 77 00 00 08 00 00 00 00 00 00 01 74 
2d c1 58 b1 2c e8 06 6f eb 7f a7 4e de 8b b0 83 ad 28 9f 1e 7d 5a d6 e7 e8 a2 5b 5e 2a 1c 2c 93 90 00 
<<<<
>>>>
13 76 00 00 00 
21 7c 0b 4c af 95 b3 c0 7a b7 8c 13 33 7d d4 ae e3 83 d5 61 cc 22 7f b3 7c 31 89 b1 bb b0 d2 d9 90 00 
<<<<
>>>>
13 75 00 00 00 
00 00 00 00 00 00 01 75 90 00 
<<<<
>>>>
13 76 00 00 00 
e8 67 a9 6f 45 7c 64 92 a8 62 1e 01 23 ef bd 06 3c 4b 33 5e e6 19 25 3f 9b c9 fd df f3 1c 5e ac 90 00 
<<<<
>>>>
13 77 00 00 08 00 00 00 00 00 00 01 75 
21 7c 0b 4c af 95 b3 c0 7a b7 8c 13 33 7d d4 ae e3 83 d5 61 cc 22 7f b3 7c 31 89 b1 bb b0 d2 d9 90 00 
<<<<
>>>>
13 75 00 00 00 
00 00 00 00 00 00 01 76 90 00 
<<<<
>>>>
13 77 00 00 08 00 00 00 00 00 00 01 76 
e8 67 a9 6f 45 7c 64 92 a8 62 1e 01 23 ef bd 06 3c 4b 33 5e e6 19 25 3f 9b c9 fd df f3 1c 5e ac 90 00 
<<<<
>>>>
13 76 00 00 00 
eb 16 42 35 38 6b ca bd af 74 dd b6 97 e6 07 7c 07 a5 d6 f8 c7 3b b4 d2 6b 91 ee c0 8a 27 28 fb 90 00 
<<<<
>>>>
13 75 00 00 00 
00 00 00 00 00 00 01 77 90 00 
<<<<
>>>>
13 76 00 00 00 
17 90 2d 72 df d2 88 b0 44 45 44 e6 2d 7b d4 dc a5 8b 2a 37 95 88 47 c2 7b f9 c1 7b b9 1a 09 b0 90 00 
<<<<
>>>>
13 77 00 00 08 00 00 00 00 00 00 01 77 
eb 16 42 35 38 6b ca bd af 74 dd b6 97 e6 07 7c 07 a5 d6 f8 c7 3b b4 d2 6b 91 ee c0 8a 27 28 fb 90 00 
<<<<
>>>>
13 75 00 00 00 
00 00 00 00 00 00 01 78 90 00 
<<<<
>>>>
13 77 00 00 08 00 00 00 00 00 00 01 78 
17 90 2d 72 df d2 88 b0 44 45 44 e6 2d 7b d4 dc a5 8b 2a 37 95 88 47 c2 7b f9 c1 7b b9 1a 09 b0 90 00 
<<<<
>>>>
13 76 00 00 00 
75 0f e8 f6 4d 64 54 e8 2e 39 4d 53 79 f5 63 f6 40 e9 ed 1c 8a 4c c9 36 6c 08 6d 69 1b 99 4d 05 90 00 
<<<<
>>>>
13 75 00 00 00 
00 00 00 00 00 00 01 79 90 00 
<<<<
>>>>
13 76 00 00 00 
c7 69 9d da 3b d8 81 8a 98 31 dc 34 a8 04 96 7d 2b 8f ac ff f9 df 80 e2 ec b2 91 7c 57 37 3e 0f 90 00 
<<<<
>>>>
13 77 00 00 08 00 00 00 00 00 00 01 79 
75 0f e8 f6 4d 64 54 e8 2e 39 4d 53 79 f5 63 f6 40 e9 ed 1c 8a 4c c9 36 6c 08 6d 69 1b 99 4d 05 90 00 
<<<<
>>>>
13 75 00 00 00 
00 00 00 00 00 00 01 7a 90 00 
<<<<
>>>>
13 77 00 00 08 00 00 00 00 00 00 01 7a 
c7 69 9d da 3b d8 81 8a 98 31 dc 34 a8 04 96 7d 2b 8f ac ff f9 df 80 e2 ec b2 91 7c 57 37 3e 0f 90 00 
<<<<
>>>>
13 76 00 00 00 
83 3c 54 76 80 9b 7f 38 1a 61 27 be 80 85 20 f8 e4 6d 2f 44 f3 42 b9 fb 94 17 c5 90 cf fe 13 e5 90 00 
<<<<
>>>>
13 75 00 00 00 
00 00 00 00 00 00 01 7b 90 00 
<<<<
>>>>
13 76 00 00 00 
cb 9c 6e 15 7a 97 36 43 89 15 2b f4 f2 ce b5 10 a6 d9 42 88 81 64 1d 17 1f cc 84 ea 0b 1f f9 0c 90 00 
<<<<
>>>>
13 77 00 00 08 00 00 00 00 00 00 01 7b 
83 3c 54 76 80 9b 7f 38 1a 61 27 be 80 85 20 f8 e4 6d 2f 44 f3 42 b9 fb 94 17 c5 90 cf fe 13 e5 90 00 
<<<<
>>>>
13 75 00 00 00 
00 00 00 00 00 00 01 7c 90 00 
<<<<
>>>>
13 77 00 00 08 00 00 00 00 00 00 01 7c 
cb 9c 6e 15 7a 97 36 43 89 15 2b f4 f2 ce b5 10 a6 d9 42 88 81 64 1d 17 1f cc 84 ea 0b 1f f9 0c 90 00 
<<<<
>>>>
13 76 00 00 00 
d1 34 7d 85 55 65 30 26 54 f2 60 ee 09 8d 7e 9a ac ae 9d ea 1a 98 8b 07 ed 80 67 8b 29 e6 05 b2 90 00 
<<<<
>>>>
13 75 00 00 00 
00 00 00 00 00 00 01 7d 90 00 
<<<<
>>>>
13 76 00 00 00 
c8 71 66 04 c6 90 30 4c 53 9f d3 75 c7 00 8f 71 bb 6e f9 97 3b d4 f5 b9 86 4f e2 68 72 2d 53 e9 90 00 
<<<<
>>>>
13 77 00 00 08 00 00 00 00 00 00 01 7d 
d1 34 7d 85 55 65 30 26 54 f2 60 ee 09 8d 7e 9a ac ae 9d ea 1a 98 8b 07 ed 80 67 8b 29 e6 05 b2 90 00 
<<<<
>>>>
13 75 00 00 00 
00 00 00 00 00 00 01 7e 90 00 
<<<<
>>>>
13 77 00 00 08 00 00 00 00 00 00 01 7e 
c8 71 66 04 c6 90 30 4c 53 9f d3 75 c7 00 8f 71 bb 6e f9 97 3b d4 f5 b9 86 4f e2 68 72 2d 53 e9 90 00 
<<<<
>>>>
13 76 00 00 00 
a8 ca 7d a6 c6 e4 0e d6 de df 58 80 b6 3a a9 a4 5f 56 f6 53 2d 80 08 0a 46 48 18 e8 2f 60 1b 6e 90 00 
<<<<
>>>>
13 75 00 00 00 
00 00 00 00 00 00 01 7f 90 00 
<<<<
>>>>
13 76 00 00 00 
79 87 7a 7a 2d df 11 65 34 fb c3 e7 7f 17 e5 73 dc 1c c4 eb 61 6d 0c f3 a7 cc cf 56 17 eb ec 4d 90 00 
<<<<
>>>>
13 77 00 00 08 00 00 00 00 00 00 01 7f 
a8 ca 7d a6 c6 e4 0e d6 de df 58 80 b6 3a a9 a4 5f 56 f6 53 2d 80 08 0a 46 48 18 e8 2f 60 1b 6e 90 00 
<<<<
>>>>
13 75 00 00 00 
00 00 00 00 00 00 01 80 90 00 
<<<<
>>>>
13 77 00 00 08 00 00 00 00 00 00 01 80 
79 87 7a 7a 2d df 11 65 34 fb c3 e7 7f 17 e5 73 dc 1c c4 eb 61 6d 0c f3 a7 cc cf 56 17 eb ec 4d 90 00 
<<<<
>>>>
13 76 00 00 00 
78 86 e2 c6 4e 9a bd 26 fc 5a b6 ac 37 9d 93 f5 79 a1 dd 17 b2 cb c5 66 01 1f a8 cd de ab 63 af 90 00 
<<<<
>>>>
13 75 00 00 00 
00 00 00 00 00 00 01 81 90 00 
<<<<
>>>>
13 76 00 00 00 
4a a1 4e ad 89 22 ad c4 f2 77 44 7e dd 22 93 8c 51 e5 76 ef 9d 2b 7e 17 0c 68 2d 80 25 7d 31 06 90 00 
<<<<
>>>>
13 77 00 00 08 00 00 00 00 00 00 01 81 
78 86 e2 c6 4e 9a bd 26 fc 5a b6 ac 37 9d 93 f5 79 a1 dd 17 b2 cb c5 66 01 1f a8 cd de ab 63 af 90 00 
<<<<
>>>>
13 75 00 00 00 
00 00 00 00 00 00 01 82 90 00 
<<<<
>>>>
13 77 00 00 08 00 00 00 00 00 00 01 82 
4a a1 4e ad 89 22 ad c4 f2 77 44 7e dd 22 93 8c 51 e5 76 ef 9d 2b 7e 17 0c 68 2d 80 25 7d 31 06 90 00 
<<<<
>>>>
13 76 00 00 00 
42 35 92 29 9a 07 75 cc 1a bb cf eb e4 1f be de d5 39 7f a5 38 f3 5f df 5d b2 fd 82 e8 2f b1 18 90 00 
<<<<
>>>>
13 75 00 00 00 
00 00 00 00 00 00 01 83 90 00 
<<<<
>>>>
13 76 00 00 00 
19 fb 3b 5e e7 a6 0e 9f fa 3e 10 ef 94 cb c5 1b 85 2e 51 fb 7d 1d c1 b7 8a 8f 26 17 a2 a1 93 91 90 00 
<<<<
>>>>
13 77 00 00 08 00 00 00 00 00 00 01 83 
42 35 92 29 9a 07 75 cc 1a bb cf eb e4 1f be de d5 39 7f a5 38 f3 5f df 5d b2 fd 82 e8 2f b1 18 90 00 
<<<<
>>>>
13 75 00 00 00 
00 00 00 00 00 00 01 84 90 00 
<<<<
>>>>
13 77 00 00 08 00 00 00 00 00 00 01 84 
19 fb 3b 5e e7 a6 0e 9f fa 3e 10 ef 94 cb c5 1b 85 2e 51 fb 7d 1d c1 b7 8a 8f 26 17 a2 a1 93 91 90 00 
<<<<
>>>>
13 76 00 00 00 
56 0e f0 3f bc 62 c8 24 42 28 7d 82 d1 bf 6e 0f ba 50 75 13 91 04 13 ad 98 19 3c cc 42 97 90 f6 90 00 
<<<<
>>>>
13 75 00 00 00 
00 00 00 00 00 00 01 85 90 00 
<<<<
>>>>
13 76 00 00 00 
43 d8 67 37 28 96 e8 f4 48 6f b2 da f1 25 27 ab e4 15 02 64 5e 36 38 9d 7a 00 17 5f 71 e0 18 72 90 00 
<<<<
>>>>
13 77 00 00 08 00 00 00 00 00 00 01 85 
56 0e f0 3f bc 62 c8 24 42 28 7d 82 d1 bf 6e 0f ba 50 75 13 91 04 13 ad 98 19 3c cc 42 97 90 f6 90 00 
<<<<
>>>>
13 75 00 00 00 
00 00 00 00 00 00 01 86 90 00 
<<<<
>>>>
13 77 00 00 08 00 00 00 00 00 00 01 86 
43 d8 67 37 28 96 e8 f4 48 6f b2 da f1 25 27 ab e4 15 02 64 5e 36 38 9d 7a 00 17 5f 71 e0 18 72 90 00 
<<<<
>>>>
13 76 00 00 00 
6f 9f 3c 8e 45 0a b5 cc ca f6 0e 3b b4 cb 97 15 19 ab 8d b5 c8 db e9 17 5b 19 73 13 42 30 8c 05 90 00 
<<<<
>>>>
13 75 00 00 00 
00 00 00 00 00 00 01 87 90 00 
<<<<
>>>>
13 76 00 00 00 
04 63 73 61 b4 da c0 e9 01 f4 5e b7 e6 88 66 35 46 4f 9a 01 e9 17 9f 70 84 a0 8d 7d d2 23 d9 29 90 00 
<<<<
>>>>
13 77 00 00 08 00 00 00 00 00 00 01 87 
6f 9f 3c 8e 45 0a b5 cc ca f6 0e 3b b4 cb 97 15 19 ab 8d b5 c8 db e9 17 5b 19 73 13 42 30 8c 05 90 00 
<<<<
>>>>
13 75 00 00 00 
00 00 00 00 00 00 01 88 90 00 
<<<<
>>>>
13 77 00 00 08 00 00 00 00 00 00 01 88 
04 63 73 61 b4 da c0 e9 01 f4 5e b7 e6 88 66 35 46 4f 9a 01 e9 17 9f 70 84 a0 8d 7d d2 23 d9 29 90 00 
<<<<
>>>>
13 76 00 00 00 
38 61 d2 4a 24 80 35 80 3f e6 c4 74 fb a9 f8 22 36 fa d8 89 12 b7 af b6 5e 5a 90 84 c4 6d 38 a0 90 00 
<<<<
>>>>
13 75 00 00 00 
00 00 00 00 00 00 01 89 90 00 
<<<<
>>>>
13 76 00 00 00 
27 7a ad 01 b1 44 33 57 23 f3 32 28 4f a6 74 ee ae 13 8c a9 c5 ef 5e 34 6f b3 09 b3 91 ca 29 00 90 00 
<<<<
>>>>
13 77 00 00 08 00 00 00 00 00 00 01 89 
38 61 d2 4a 24 80 35 80 3f e6 c4 74 fb a9 f8 22 36 fa d8 89 12 b7 af b6 5e 5a 90 84 c4 6d 38 a0 90 00 
<<<<
>>>>
13 75 00 00 00 
00 00 00 00 00 00 01 8a 90 00 
<<<<
>>>>
13 77 00 00 08 00 00 00 00 00 00 01 8a 
27 7a ad 01 b1 44 33 57 23 f3 32 28 4f a6 74 ee ae 13 8c a9 c5 ef 5e 34 6f b3 09 b3 91 ca 29 00 90 00 
<<<<
>>>>
13 76 00 00 00 
3e 17 fb f1 9f 17 d1 b3 ef 67 0c 1c fb 7e da 53 6d 5c 9e 8a 7b e4 8d 02 0e e7 17 0c b7 f7 5a 3d 90 00 
<<<<
>>>>
13 75 00 00 00 
00 00 00 00 00 00 01 8b 90 00 
<<<<
>>>>
13 76 00 00 00 
ba e4 d9 1a f4 6d 40 90 63 fa 68 50 b8 4c 75 1e 30 c9 55 64 c8 e5 e6 84 27 ae 2c a7 df f9 de 95 90 00 
<<<<
>>>>
13 77 00 00 08 00 00 00 00 00 00 01 8b 
3e 17 fb f1 9f 17 d1 b3 ef 67 0c 1c fb 7e da 53 6d 5c 9e 8a 7b e4 8d 02 0e e7 17 0c b7 f7 5a 3d 90 00 
<<<<
>>>>
13 75 00 00 00 
00 00 00 00 00 00 01 8c 90 00 
<<<<
>>>>
13 77 00 00 08 00 00 00 00 00 00 01 8c 
ba e4 d9 1a f4 6d 40 90 63 fa 68 50 b8 4c 75 1e 30 c9 55 64 c8 e5 e6 84 27 ae 2c a7 df f9 de 95 90 00 
<<<<
>>>>
13 76 00 00 00 
51 7b 99 85 d3 42 73 2e 9a cf 3c 58 fc 83 bc f8 6d 14 0e 43 6a 57 50 c3 58 79 04 7f 28 9d 95 c5 90 00 
<<<<
>>>>
13 75 00 00 00 
00 00 00 00 00 00 01 8d 90 00 
<<<<
>>>>
13 76 00 00 00 
46 45 42 c9 be 61 64 b2 32 26 36 ea 07 fd 6c b9 89 e2 f5 fb cd 99 e6 ed b6 a8 3a 14 a0 77 4d cd 90 00 
<<<<
>>>>
13 77 00 00 08 00 00 00 00 00 00 01 8d 
51 7b 99 85 d3 42 73 2e 9a cf 3c 58 fc 83 bc f8 6d 14 0e 43 6a 57 50 c3 58 79 04 7f 28 9d 95 c5 90 00 
<<<<
>>>>
13 75 00 00 00 
00 00 00 00 00 00 01 8e 90 00 
<<<<
>>>>
13 77 00 00 08 00 00 00 00 00 00 01 8e 
46 45 42 c9 be 61 64 b2 32 26 36 ea 07 fd 6c b9 89 e2 f5 fb cd 99 e6 ed b6 a8 3a 14 a0 77 4d cd 90 00 
<<<<
>>>>
13 76 00 00 00 
a6 28 df 94 2b 24 1d 46 2f cf 9d 27 2b 0e 65 1c 66 cc c5 3f 9f 78 54 e4 f1 44 43 76 74 81 d0 07 90 00 
<<<<
>>>>
13 75 00 00 00 
00 00 00 00 00 00 01 8f 90 00 
<<<<
>>>>
13 76 00 00 00 
8e 51 17 67 4e 4f 30 b9 b6 ba af 67 51 d7 ed aa 48 3e 57 dc 32 b4 56 de 68 f6 81 8d c7 7e 14 7a 90 00 
<<<<
>>>>
13 77 00 00 08 00 00 00 00 00 00 01 8f 
a6 28 df 94 2b 24 1d 46 2f cf 9d 27 2b 0e 65 1c 66 cc c5 3f 9f 78 54 e4 f1 44 43 76 74 81 d0 07 90 00 
<<<<
>>>>
13 75 00 00 00 
00 00 00 00 00 00 01 90 90 00 
<<<<
>>>>
13 77 00 00 08 00 00 00 00 00 00 01 90 
8e 51 17 67 4e 4f 30 b9 b6 ba af 67 51 d7 ed aa 48 3e 57 dc 32 b4 56 de 68 f6 81 8d c7 7e 14 7a 90 00 
<<<<
>>>>
13 76 00 00 00 
51 fb f4 7f 22 f2 fa 16 03 16 ba 8c fc 84 c9 83 05 53 7e 65 6b 46 b4 ac 81 0f 67 97 e8 20 89 46 90 00 
<<<<
>>>>
13 75 00 00 00 
00 00 00 00 00 00 01 91 90 00 
<<<<
>>>>
13 76 00 00 00 
e6 16 e8 ae d4 fc 2d 3e ed a7 9c 73 03 6e a0 9d b1 96 2a fd 89 47 60 73 d6 d0 f1 d0 c6 36 54 fb 90 00 
<<<<
>>>>
13 77 00 00 08 00 00 00 00 00 00 01 91 
51 fb f4 7f 22 f2 fa 16 03 16 ba 8c fc 84 c9 83 05 53 7e 65 6b 46 b4 ac 81 0f 67 97 e8 20 89 46 90 00 
<<<<
>>>>
13 75 00 00 00 
00 00 00 00 00 00 01 92 90 00 
<<<<
>>>>
13 77 00 00 08 00 00 00 00 00 00 01 92 
e6 16 e8 ae d4 fc 2d 3e ed a7 9c 73 03 6e a0 9d b1 96 2a fd 89 47 60 73 d6 d0 f1 d0 c6 36 54 fb 90 00 
<<<<
>>>>
13 76 00 00 00 
3d 66 d9 b2 94 bb a5 43 ff 98 53 e9 c8 a1 18 08 78 7d 9d f3 70 f3 cf 50 7f a4 db bb 0c 0d 3b 14 90 00 
<<<<
>>>>
13 75 00 00 00 
00 00 00 00 00 00 01 93 90 00 
<<<<
>>>>
13 76 00 00 00 
e6 a1 bb 67 0e 9c 94 f5 00 5d 4b 61 7e 82 5e e9 a1 d8 53 81 2d 54 46 e3 ca 7a 96 07 bc eb 23 9b 90 00 
<<<<
>>>>
13 77 00 00 08 00 00 00 00 00 00 01 93 
3d 66 d9 b2 94 bb a5 43 ff 98 53 e9 c8 a1 18 08 78 7d 9d f3 70 f3 cf 50 7f a4 db bb 0c 0d 3b 14 90 00 
<<<<
>>>>
13 75 00 00 00 
00 00 00 00 00 00 01 94 90 00 
<<<<
>>>>
13 77 00 00 08 00 00 00 00 00 00 01 94 
e6 a1 bb 67 0e 9c 94 f5 00 5d 4b 61 7e 82 5e e9 a1 d8 53 81 2d 54 46 e3 ca 7a 96 07 bc eb 23 9b 90 00 
<<<<
>>>>
13 76 00 00 00 
73 a3 4a 53 a0 ed 89 a8 2c ae 3e 7c 66 d2 41 de a0 4f b0 a3 74 cf 8c 6c 32 9b d3 6f 73 5d b7 56 90 00 
<<<<
>>>>
13 75 00 00 00 
00 00 00 00 00 00 01 95 90 00 
<<<<
>>>>
13 76 00 00 00 
76 6c 17 32 4e 9e f8 5d 0f 4f a0 c9 cf 24 57 7c 0c c2 01 c9 a2 96 6e 1c 97 ed f3 da d0 22 1d 12 90 00 
<<<<
>>>>
13 77 00 00 08 00 00 00 00 00 00 01 95 
73 a3 4a 53 a0 ed 89 a8 2c ae 3e 7c 66 d2 41 de a0 4f b0 a3 74 cf 8c 6c 32 9b d3 6f 73 5d b7 56 90 00 
<<<<
>>>>
13 75 00 00 00 
00 00 00 00 00 00 01 96 90 00 
<<<<
>>>>
13 77 00 00 08 00 00 00 00 00 00 01 96 
76 6c 17 32 4e 9e f8 5d 0f 4f a0 c9 cf 24 57 7c 0c c2 01 c9 a2 96 6e 1c 97 ed f3 da d0 22 1d 12 90 00 
<<<<
>>>>
13 76 00 00 00 
16 b7 8d 8c 3a 0d 32 21 b3 e0 7d 71 ac 27 fc 12 0b 0c ec 86 6f ad 19 7d c0 74 26 fb a7 59 b8 c4 90 00 
<<<<
>>>>
13 75 00 00 00 
00 00 00 00 00 00 01 97 90 00 
<<<<
>>>>
13 76 00 00 00 
d2 02 5e f5 e5 88 e7 03 38 e4 cc 7d 49 0c 7e 64 c2 e9 ef 35 b5 44 12 d6 08 e2 91 98 d6 ce a7 cf 90 00 
<<<<
>>>>
13 77 00 00 08 00 00 00 00 00 00 01 97 
16 b7 8d 8c 3a 0d 32 21 b3 e0 7d 71 ac 27 fc 12 0b 0c ec 86 6f ad 19 7d c0 74 26 fb a7 59 b8 c4 90 00 
<<<<
>>>>
13 75 00 00 00 
00 00 00 00 00 00 01 98 90 00 
<<<<
>>>>
13 77 00 00 08 00 00 00 00 00 00 01 98 
d2 02 5e f5 e5 88 e7 03 38 e4 cc 7d 49 0c 7e 64 c2 e9 ef 35 b5 44 12 d6 08 e2 91 98 d6 ce a7 cf 90 00 
<<<<
>>>>
13 76 00 00 00 
d0 17 96 db 0e 0b 5a 17 e9 69 bb 09 b8 8f 4a 3f 5f f9 f6 f5 32 76 42 5a a8 68 6a 8d 30 f1 2a 68 90 00 
<<<<
>>>>
13 75 00 00 00 
00 00 00 00 00 00 01 99 90 00 
<<<<
>>>>
13 76 00 00 00 
be f0 72 fb 05 1d d8 a6 fb 6e eb ed c2 ac 53 0c 10 cb d3 0e b2 6a a5 a5 f5 b3 92 08 98 f1 be 33 90 00 
<<<<
>>>>
13 77 00 00 08 00 00 00 00 00 00 01 99 
d0 17 96 db 0e 0b 5a 17 e9 69 bb 09 b8 8f 4a 3f 5f f9 f6 f5 32 76 42 5a a8 68 6a 8d 30 f1 2a 68 90 00 
<<<<
>>>>
13 75 00 00 00 
00 00 00 00 00 00 01 9a 90 00 
<<<<
>>>>
13 77 00 00 08 00 00 00 00 00 00 01 9a 
be f0 72 fb 05 1d d8 a6 fb 6e eb ed c2 ac 53 0c 10 cb d3 0e b2 6a a5 a5 f5 b3 92 08 98 f1 be 33 90 00 
<<<<
>>>>
13 76 00 00 00 
d0 a2 bd 37 61 dd 64 da a3 48 0b aa 27 73 b7 c6 90 77 4c 18 bd 95 9d 90 82 a4 27 82 0a a8 c7 c4 90 00 
<<<<
>>>>
13 75 00 00 00 
00 00 00 00 00 00 01 9b 90 00 
<<<<
>>>>
13 76 00 00 00 
77 5d 39 6b fb 1d a0 a9 ea 26 c0 e6 20 d4 45 7a 85 c3 e2 44 f7 27 12 c0 eb b2 14 f3 8f 73 dc bf 90 00 
<<<<
>>>>
13 77 00 00 08 00 00 00 00 00 00 01 9b 
d0 a2 bd 37 61 dd 64 da a3 48 0b aa 27 73 b7 c6 90 77 4c 18 bd 95 9d 90 82 a4 27 82 0a a8 c7 c4 90 00 
<<<<
>>>>
13 75 00 00 00 
00 00 00 00 00 00 01 9c 90 00 
<<<<
>>>>
13 77 00 00 08 00 00 00 00 00 00 01 9c 
77 5d 39 6b fb 1d a0 a9 ea 26 c0 e6 20 d4 45 7a 85 c3 e2 44 f7 27 12 c0 eb b2 14 f3 8f 73 dc bf 90 00 
<<<<
>>>>
13 76 00 00 00 
34 04 50 16 f5 59 ec d2 44 af e3 bb 44 4d f8 73 2e b3 9c 0c 7d dd 6c 94 e3 63 59 e5 45 d0 5b 3b 90 00 
<<<<
>>>>
13 75 00 00 00 
00 00 00 00 00 00 01 9d 90 00 
<<<<
>>>>
13 76 00 00 00 
b5 89 eb 00 77 0d f4 df 8b 66 11 92 5d 05 96 e7 2b 3c bc 35 a0 9d c7 8f eb c0 49 0d 01 c9 15 e2 90 00 
<<<<
>>>>
13 77 00 00 08 00 00 00 00 00 00 01 9d 
34 04 50 16 f5 59 ec d2 44 af e3 bb 44 4d f8 73 2e b3 9c 0c 7d dd 6c 94 e3 63 59 e5 45 d0 5b 3b 90 00 
<<<<
>>>>
13 75 00 00 00 
00 00 00 00 00 00 01 9e 90 00 
<<<<
>>>>
13 77 00 00 08 00 00 00 00 00 00 01 9e 
b5 89 eb 00 77 0d f4 df 8b 66 11 92 5d 05 96 e7 2b 3c bc 35 a0 9d c7 8f eb c0 49 0d 01 c9 15 e2 90 00 
<<<<
>>>>
13 76 00 00 00 
6b 67 a7 8e b4 8a e0 8f 0f 64 d2 3b e6 1a d4 7e b3 3d c4 97 01 cc 9e 8f 11 dd 7b 77 a4 5b d6 65 90 00 
<<<<
>>>>
13 75 00 00 00 
00 00 00 00 00 00 01 9f 90 00 
<<<<
>>>>
13 76 00 00 00 
f9 46 eb ad f5 4b 1e b8 24 e4 1a bd 66 47 ae de 34 1a 84 ab 3a 9f 49 fa 2f f5 4a 69 1b ab d4 83 90 00 
<<<<
>>>>
13 77 00 00 08 00 00 00 00 00 00 01 9f 
6b 67 a7 8e b4 8a e0 8f 0f 64 d2 3b e6 1a d4 7e b3 3d c4 97 01 cc 9e 8f 11 dd 7b 77 a4 5b d6 65 90 00 
<<<<
>>>>
13 75 00 00 00 
00 00 00 00 00 00 01 a0 90 00 
<<<<
>>>>
13 77 00 00 08 00 00 00 00 00 00 01 a0 
f9 46 eb ad f5 4b 1e b8 24 e4 1a bd 66 47 ae de 34 1a 84 ab 3a 9f 49 fa 2f f5 4a 69 1b ab d4 83 90 00 
<<<<
>>>>
13 76 00 00 00 
ea c2 9d bb 52 51 39 bb 77 64 c7 be 61 63 df 55 8d a0 8a 85 16 98 f2 8d 42 d6 9c 0f 18 7e 34 ec 90 00 
<<<<
>>>>
13 75 00 00 00 
00 00 00 00 00 00 01 a1 90 00 
<<<<
>>>>
13 76 00 00 00 
88 0e 33 1a ce 19 20 2b 84 da f6 5b 4c d0 71 b8 f2 64 ea 76 26 9f 9c a6 00 37 ee b9 3f ca b6 99 90 00 
<<<<
>>>>
13 77 00 00 08 00 00 00 00 00 00 01 a1 
ea c2 9d bb 52 51 39 bb 77 64 c7 be 61 63 df 55 8d a0 8a 85 16 98 f2 8d 42 d6 9c 0f 18 7e 34 ec 90 00 
<<<<
>>>>
13 75 00 00 00 
00 00 00 00 00 00 01 a2 90 00 
<<<<
>>>>
13 77 00 00 08 00 00 00 00 00 00 01 a2 
88 0e 33 1a ce 19 20 2b 84 da f6 5b 4c d0 71 b8 f2 64 ea 76 26 9f 9c a6 00 37 ee b9 3f ca b6 99 90 00 
<<<<
>>>>
13 76 00 00 00 
2c cd 1e 7e d4 20 84 67 ce 8b 15 97 8e 4c f0 d7 1d 26 21 4a 50 4f 2d 6e 2d f3 15 12 60 6b 23 be 90 00 
<<<<
>>>>
13 75 00 00 00 
00 00 00 00 00 00 01 a3 90 00 
<<<<
>>>>
13 76 00 00 00 
a9 e3 50 b1 48 e4 ce c1 94 c4 54 c0 b6 d9 a3 93 c5 f2 76 e8 06 1a f1 17 e9 f4 70 89 c0 d4 e4 53 90 00 
<<<<
>>>>
13 77 00 00 08 00 00 00 00 00 00 01 a3 
2c cd 1e 7e d4 20 84 67 ce 8b 15 97 8e 4c f0 d7 1d 26 21 4a 50 4f 2d 6e 2d f3 15 12 60 6b 23 be 90 00 
<<<<
>>>>
13 75 00 00 00 
00 00 00 00 00 00 01 a4 90 00 
<<<<
>>>>
13 77 00 00 08 00 00 00 00 00 00 01 a4 
a9 e3 50 b1 48 e4 ce c1 94 c4 54 c0 b6 d9 a3 93 c5 f2 76 e8 06 1a f1 17 e9 f4 70 89 c0 d4 e4 53 90 00 
<<<<
>>>>
13 76 00 00 00 
19 00 77 4d 6a 08 81 76 ff ac f4 6e 78 b9 63 e5 f9 03 e2 e2 39 3f 4f a9 a4 8c 7e f4 55 7d 6b a3 90 00 
<<<<
>>>>
13 75 00 00 00 
00 00 00 00 00 00 01 a5 90 00 
<<<<
>>>>
13 76 00 00 00 
bb 54 27 ee b1 55 53 b0 9c f2 76 4b 59 44 d0 32 47 a2 cc 95 7e 77 9e 90 1f a2 13 ee 21 54 20 1e 90 00 
<<<<
>>>>
13 77 00 00 08 00 00 00 00 00 00 01 a5 
19 00 77 4d 6a 08 81 76 ff ac f4 6e 78 b9 63 e5 f9 03 e2 e2 39 3f 4f a9 a4 8c 7e f4 55 7d 6b a3 90 00 
<<<<
>>>>
13 75 00 00 00 
00 00 00 00 00 00 01 a6 90 00 
<<<<
>>>>
13 77 00 00 08 00 00 00 00 00 00 01 a6 
bb 54 27 ee b1 55 53 b0 9c f2 76 4b 59 44 d0 32 47 a2 cc 95 7e 77 9e 90 1f a2 13 ee 21 54 20 1e 90 00 
<<<<
>>>>
13 76 00 00 00 
c3 11 53 fc 6d 2d f7 fd 67 cb f7 07 f0 ed 00 b9 84 cc 97 2b 6d cf 94 b8 63 42 8e 0c 5d 86 3d a7 90 00 
<<<<
>>>>
13 75 00 00 00 
00 00 00 00 00 00 01 a7 90 00 
<<<<
>>>>
13 76 00 00 00 
34 51 b0 96 b2 07 3e b6 49 0a d4 b5 45 e5 49 dd a1 c7 df a3 4c e7 e8 c5 17 dd fd 0e 47 49 80 18 90 00 
<<<<
>>>>
13 77 00 00 08 00 00 00 00 00 00 01 a7 
c3 11 53 fc 6d 2d f7 fd 67 cb f7 07 f0 ed 00 b9 84 cc 97 2b 6d cf 94 b8 63 42 8e 0c 5d 86 3d a7 90 00 
<<<<
>>>>
13 75 00 00 00 
00 00 00 00 00 00 01 a8 90 00 
<<<<
>>>>
13 77 00 00 08 00 00 00 00 00 00 01 a8 
34 51 b0 96 b2 07 3e b6 49 0a d4 b5 45 e5 49 dd a1 c7 df a3 4c e7 e8 c5 17 dd fd 0e 47 49 80 18 90 00 
<<<<
>>>>
13 76 00 00 00 
06 15 2a 98 5c aa 3e 8a da 8d e4 36 7a 19 65 12 c0 aa ab f1 cb b4 85 6a c6 6c ed d1 42 d0 b8 c2 90 00 
<<<<
>>>>
13 75 00 00 00 
00 00 00 00 00 00 01 a9 90 00 
<<<<
>>>>
13 76 00 00 00 
57 44 c6 6f b0 1f 8e 14 35 b0 d6 6a 35 fe 90 6b 13 a1 57 2a 49 22 18 a6 6b 28 8d 5d 67 5c dc 9f 90 00 
<<<<
>>>>
13 77 00 00 08 00 00 00 00 00 00 01 a9 
06 15 2a 98 5c aa 3e 8a da 8d e4 36 7a 19 65 12 c0 aa ab f1 cb b4 85 6a c6 6c ed d1 42 d0 b8 c2 90 00 
<<<<
>>>>
13 75 00 00 00 
00 00 00 00 00 00 01 aa 90 00 
<<<<
>>>>
13 77 00 00 08 00 00 00 00 00 00 01 aa 
57 44 c6 6f b0 1f 8e 14 35 b0 d6 6a 35 fe 90 6b 13 a1 57 2a 49 22 18 a6 6b 28 8d 5d 67 5c dc 9f 90 00 
<<<<
>>>>
13 76 00 00 00 
de b9 83 3d e8 da a8 2a b8 77 75 de 47 82 c4 5f 44 38 74 01 7e 83 54 de d4 0f 7a cf 63 d1 7a 99 90 00 
<<<<
>>>>
13 75 00 00 00 
00 00 00 00 00 00 01 ab 90 00 
<<<<
>>>>
13 76 00 00 00 
46 c8 b7 21 a8 bf 7e 47 57 96 6a 40 24 99 76 2b 97 c3 dd 56 18 17 eb 0a d2 9a 64 80 bb 0d ec 30 90 00 
<<<<
>>>>
13 77 00 00 08 00 00 00 00 00 00 01 ab 
de b9 83 3d e8 da a8 2a b8 77 75 de 47 82 c4 5f 44 38 74 01 7e 83 54 de d4 0f 7a cf 63 d1 7a 99 90 00 
<<<<
>>>>
13 75 00 00 00 
00 00 00 00 00 00 01 ac 90 00 
<<<<
>>>>
13 77 00 00 08 00 00 00 00 00 00 01 ac 
46 c8 b7 21 a8 bf 7e 47 57 96 6a 40 24 99 76 2b 97 c3 dd 56 18 17 eb 0a d2 9a 64 80 bb 0d ec 30 90 00 
<<<<
>>>>
13 76 00 00 00 
fb 1a 77 66 0f e4 02 bb 23 ce c2 d6 0a a1 41 e1 6d 64 ab 31 9a ae c2 a2 89 ed 50 98 f0 d8 ff d4 90 00 
<<<<
>>>>
13 75 00 00 00 
00 00 00 00 00 00 01 ad 90 00 
<<<<
>>>>
13 76 00 00 00 
c1 49 b8 94 dc d8 b0 82 eb 9f 75 d3 d0 20 cf 9a a5 b4 21 08 05 bd 8c ef 71 c0 39 d0 cc b7 d4 58 90 00 
<<<<
>>>>
13 77 00 00 08 00 00 00 00 00 00 01 ad 
fb 1a 77 66 0f e4 02 bb 23 ce c2 d6 0a a1 41 e1 6d 64 ab 31 9a ae c2 a2 89 ed 50 98 f0 d8 ff d4 90 00 
<<<<
>>>>
13 75 00 00 00 
00 00 00 00 00 00 01 ae 90 00 
<<<<
>>>>
13 77 00 00 08 00 00 00 00 00 00 01 ae 
c1 49 b8 94 dc d8 b0 82 eb 9f 75 d3 d0 20 cf 9a a5 b4 21 08 05 bd 8c ef 71 c0 39 d0 cc b7 d4 58 90 00 
<<<<
>>>>
13 76 00 00 00 
fa 1a 6b 7c f0 2b f3 9b b3 6d 5d f4 36 c6 7c ff ba 8c cd 17 96 07 cd 4c 41 f1 dc 5f 53 cf 74 7f 90 00 
<<<<
>>>>
13 75 00 00 00 
00 00 00 00 00 00 01 af 90 00 
<<<<
>>>>
13 76 00 00 00 
e9 28 40 b8 e2 80 35 1b 5c 84 71 67 e6 39 76 aa 64 57 76 8e b4 34 4e 61 ac c9 ba 70 fb 5e 12 40 90 00 
<<<<
>>>>
13 77 00 00 08 00 00 00 00 00 00 01 af 
fa 1a 6b 7c f0 2b f3 9b b3 6d 5d f4 36 c6 7c ff ba 8c cd 17 96 07 cd 4c 41 f1 dc 5f 53 cf 74 7f 90 00 
<<<<
>>>>
13 75 00 00 00 
00 00 00 00 00 00 01 b0 90 00 
<<<<
>>>>
13 77 00 00 08 00 00 00 00 00 00 01 b0 
e9 28 40 b8 e2 80 35 1b 5c 84 71 67 e6 39 76 aa 64 57 76 8e b4 34 4e 61 ac c9 ba 70 fb 5e 12 40 90 00 
<<<<
>>>>
13 76 00 00 00 
4a c3 8c 5b 1a 40 71 0f bb 95 4a 9a 6f 7a 16 02 84 25 e7 b4 f4 cb 8d b8 84 f6 e4 44 be 40 37 dd 90 00 
<<<<
>>>>
13 75 00 00 00 
00 00 00 00 00 00 01 b1 90 00 
<<<<
>>>>
13 76 00 00 00 
91 ca 0e 66 c8 ed 5f a1 19 6c 7b ac fd 73 09 39 95 58 38 62 b9 64 e2 b5 0d 7a 15 66 1f 66 cb 33 90 00 
<<<<
>>>>
13 77 00 00 08 00 00 00 00 00 00 01 b1 
4a c3 8c 5b 1a 40 71 0f bb 95 4a 9a 6f 7a 16 02 84 25 e7 b4 f4 cb 8d b8 84 f6 e4 44 be 40 37 dd 90 00 
<<<<
>>>>
13 75 00 00 00 
00 00 00 00 00 00 01 b2 90 00 
<<<<
>>>>
13 77 00 00 08 00 00 00 00 00 00 01 b2 
91 ca 0e 66 c8 ed 5f a1 19 6c 7b ac fd 73 09 39 95 58 38 62 b9 64 e2 b5 0d 7a 15 66 1f 66 cb 33 90 00 
<<<<
>>>>
13 76 00 00 00 
c7 12 10 0b f0 46 34 88 92 13 6e ae f8 f5 c0 fc 46 93 45 a0 8e e8 f6 1e 93 b5 2e 96 4b 8b ff 01 90 00 
<<<<
>>>>
13 75 00 00 00 
00 00 00 00 00 00 01 b3 90 00 
<<<<
>>>>
13 76 00 00 00 
ab 04 da bb 67 0e 59 c0 f6 03 1b 1a 14 05 ae 21 5b 6f de 7c e0 10 88 4c 4b ca 12 8d 2e d2 0a e8 90 00 
<<<<
>>>>
13 77 00 00 08 00 00 00 00 00 00 01 b3 
c7 12 10 0b f0 46 34 88 92 13 6e ae f8 f5 c0 fc 46 93 45 a0 8e e8 f6 1e 93 b5 2e 96 4b 8b ff 01 90 00 
<<<<
>>>>
13 75 00 00 00 
00 00 00 00 00 00 01 b4 90 00 
<<<<
>>>>
13 77 00 00 08 00 00 00 00 00 00 01 b4 
ab 04 da bb 67 0e 59 c0 f6 03 1b 1a 14 05 ae 21 5b 6f de 7c e0 10 88 4c 4b ca 12 8d 2e d2 0a e8 90 00 
<<<<
>>>>
13 76 00 00 00 
9c 87 0d 5b 8b e2 e7 33 70 dc 8a 5d bb 2f 26 03 bd be f2 f7 9b 46 46 8f 35 72 63 b6 22 a0 de fb 90 00 
<<<<
>>>>
13 75 00 00 00 
00 00 00 00 00 00 01 b5 90 00 
<<<<
>>>>
13 76 00 00 00 
29 9e 84 06 b5 c1 b9 49 79 42 eb ec 81 74 20 9a 82 ef 4b d7 67 e8 d6 8e f7 72 53 ff 1e 12 96 54 90 00 
<<<<
>>>>
13 77 00 00 08 00 00 00 00 00 00 01 b5 
9c 87 0d 5b 8b e2 e7 33 70 dc 8a 5d bb 2f 26 03 bd be f2 f7 9b 46 46 8f 35 72 63 b6 22 a0 de fb 90 00 
<<<<
>>>>
13 75 00 00 00 
00 00 00 00 00 00 01 b6 90 00 
<<<<
>>>>
13 77 00 00 08 00 00 00 00 00 00 01 b6 
29 9e 84 06 b5 c1 b9 49 79 42 eb ec 81 74 20 9a 82 ef 4b d7 67 e8 d6 8e f7 72 53 ff 1e 12 96 54 90 00 
<<<<
>>>>
13 76 00 00 00 
3d 33 1b 0e d8 0c ef 32 da 5c 11 36 c5 b3 ee 28 6c b8 12 2c a7 3e 23 7b 17 d7 18 f0 78 44 3f a2 90 00 
<<<<
>>>>
13 75 00 00 00 
00 00 00 00 00 00 01 b7 90 00 
<<<<
>>>>
13 76 00 00 00 
6e c4 f2 93 98 54 3e 38 84 1b 0e 4b 7d ca 6e 05 d1 fc 9a cc f9 91 e7 1a e7 2c ac 94 a0 4a 69 04 90 00 
<<<<
>>>>
13 77 00 00 08 00 00 00 00 00 00 01 b7 
3d 33 1b 0e d8 0c ef 32 da 5c 11 36 c5 b3 ee 28 6c b8 12 2c a7 3e 23 7b 17 d7 18 f0 78 44 3f a2 90 00 
<<<<
>>>>
13 75 00 00 00 
00 00 00 00 00 00 01 b8 90 00 
<<<<
>>>>
13 77 00 00 08 00 00 00 00 00 00 01 b8 
6e c4 f2 93 98 54 3e 38 84 1b 0e 4b 7d ca 6e 05 d1 fc 9a cc f9 91 e7 1a e7 2c ac 94 a0 4a 69 04 90 00 
<<<<
>>>>
13 76 00 00 00 
5c 6d 68 c5 44 c8 3a 3b 0a 38 30 2f 23 ce 9d 9a ab 22 11 d9 0b ca ff 15 f4 48 dc 2a 1d b9 59 b8 90 00 
<<<<
>>>>
13 75 00 00 00 
00 00 00 00 00 00 01 b9 90 00 
<<<<
>>>>
13 76 00 00 00 
02 45 65 12 b4 a5 bf b2 b0 89 1b 1f be 0f a8 e4 9a e7 b1 95 d6 b4 1e 4f 0c 59 07 d8 f2 bd c2 08 90 00 
<<<<
>>>>
13 77 00 00 08 00 00 00 00 00 00 01 b9 
5c 6d 68 c5 44 c8 3a 3b 0a 38 30 2f 23 ce 9d 9a ab 22 11 d9 0b ca ff 15 f4 48 dc 2a 1d b9 59 b8 90 00 
<<<<
>>>>
13 75 00 00 00 
00 00 00 00 00 00 01 ba 90 00 
<<<<
>>>>
13 77 00 00 08 00 00 00 00 00 00 01 ba 
02 45 65 12 b4 a5 bf b2 b0 89 1b 1f be 0f a8 e4 9a e7 b1 95 d6 b4 1e 4f 0c 59 07 d8 f2 bd c2 08 90 00 
<<<<
>>>>
13 76 00 00 00 
42 8e 53 b8 73 a0 31 60 7d 66 0e 0b c7 fa e9 dd d3 cc da d6 79 83 51 c6 8d 37 43 c2 7d f3 44 de 90 00 
<<<<
>>>>
13 75 00 00 00 
00 00 00 00 00 00 01 bb 90 00 
<<<<
>>>>
13 76 00 00 00 
7e 3a bd 8c 5f 45 d3 25 76 bf 8f 17 14 03 4d 26 c6 14 e6 36 bb 40 d4 5a 4a 8c f4 59 7b 6f d6 ba 90 00 
<<<<
>>>>
13 77 00 00 08 00 00 00 00 00 00 01 bb 
42 8e 53 b8 73 a0 31 60 7d 66 0e 0b c7 fa e9 dd d3 cc da d6 79 83 51 c6 8d 37 43 c2 7d f3 44 de 90 00 
<<<<
>>>>
13 75 00 00 00 
00 00 00 00 00 00 01 bc 90 00 
<<<<
>>>>
13 77 00 00 08 00 00 00 00 00 00 01 bc 
7e 3a bd 8c 5f 45 d3 25 76 bf 8f 17 14 03 4d 26 c6 14 e6 36 bb 40 d4 5a 4a 8c f4 59 7b 6f d6 ba 90 00 
<<<<
>>>>
13 76 00 00 00 
e9 61 10 a1 42 72 8c 0b 0f fc 57 b8 c6 e7 f8 42 d6 96 e4 7d 33 ef 84 43 78 74 8d 60 71 16 33 6c 90 00 
<<<<
>>>>
13 75 00 00 00 
00 00 00 00 00 00 01 bd 90 00 
<<<<
>>>>
13 76 00 00 00 
8d 26 ca 7d 5e 32 9a 84 43 c2 50 03 40 f1 61 c3 89 80 ab f3 34 67 40 91 a0 96 71 15 0d cf 6a 28 90 00 
<<<<
>>>>
13 77 00 00 08 00 00 00 00 00 00 01 bd 
e9 61 10 a1 42 72 8c 0b 0f fc 57 b8 c6 e7 f8 42 d6 96 e4 7d 33 ef 84 43 78 74 8d 60 71 16 33 6c 90 00 
<<<<
>>>>
13 75 00 00 00 
00 00 00 00 00 00 01 be 90 00 
<<<<
>>>>
13 77 00 00 08 00 00 00 00 00 00 01 be 
8d 26 ca 7d 5e 32 9a 84 43 c2 50 03 40 f1 61 c3 89 80 ab f3 34 67 40 91 a0 96 71 15 0d cf 6a 28 90 00 
<<<<
>>>>
13 76 00 00 00 
30 fc b8 87 d5 80 e4 c9 40 77 21 50 52 ce 28 e4 83 48 e9 7e 27 7b f6 6a 1b 14 7e 0b f6 23 10 31 90 00 
<<<<
>>>>
13 75 00 00 00 
00 00 00 00 00 00 01 bf 90 00 
<<<<
>>>>
13 76 00 00 00 
40 b3 29 55 c2 de 7a 2b 8a 7f c0 43 ec a8 83 ce 9d b0 97 1f 93 80 ff 76 21 9e 8b 84 42 8b 93 2c 90 00 
<<<<
>>>>
13 77 00 00 08 00 00 00 00 00 00 01 bf 
30 fc b8 87 d5 80 e4 c9 40 77 21 50 52 ce 28 e4 83 48 e9 7e 27 7b f6 6a 1b 14 7e 0b f6 23 10 31 90 00 
<<<<
>>>>
13 75 00 00 00 
00 00 00 00 00 00 01 c0 90 00 
<<<<
>>>>
13 77 00 00 08 00 00 00 00 00 00 01 c0 
40 b3 29 55 c2 de 7a 2b 8a 7f c0 43 ec a8 83 ce 9d b0 97 1f 93 80 ff 76 21 9e 8b 84 42 8b 93 2c 90 00 
<<<<
>>>>
13 76 00 00 00 
3e 9b 7a 47 44 52 11 ed 9e b7 ca 0a c5 fa 79 a0 64 a0 37 d1 7c 31 57 9b ca c2 9a a6 1f e3 90 16 90 00 
<<<<
>>>>
13 75 00 00 00 
00 00 00 00 00 00 01 c1 90 00 
<<<<
>>>>
13 76 00 00 00 
82 fc 36 75 d8 46 25 0b fc 14 08 5a 20 2a 0a 77 5b 30 22 bb cb 3e 3b 07 df 62 2b 31 23 b3 2d d7 90 00 
<<<<
>>>>
13 77 00 00 08 00 00 00 00 00 00 01 c1 
3e 9b 7a 47 44 52 11 ed 9e b7 ca 0a c5 fa 79 a0 64 a0 37 d1 7c 31 57 9b ca c2 9a a6 1f e3 90 16 90 00 
<<<<
>>>>
13 75 00 00 00 
00 00 00 00 00 00 01 c2 90 00 
<<<<
>>>>
13 77 00 00 08 00 00 00 00 00 00 01 c2 
82 fc 36 75 d8 46 25 0b fc 14 08 5a 20 2a 0a 77 5b 30 22 bb cb 3e 3b 07 df 62 2b 31 23 b3 2d d7 90 00 
<<<<
>>>>
13 76 00 00 00 
5b d1 fb b3 b8 6b b0 23 25 a5 67 46 f7 a6 d9 86 5a c4 d4 f0 0b 09 4c e5 fb f3 b1 a2 cd 98 c9 1e 90 00 
<<<<
>>>>
13 75 00 00 00 
00 00 00 00 00 00 01 c3 90 00 
<<<<
>>>>
13 76 00 00 00 
1f ad c9 98 cd ab 0e d0 79 c3 14 80 0a 4e e0 a0 dc 15 d2 c0 e5 30 17 09 c9 32 bf ee 32 9f 8f 04 90 00 
<<<<
>>>>
13 77 00 00 08 00 00 00 00 00 00 01 c3 
5b d1 fb b3 b8 6b b0 23 25 a5 67 46 f7 a6 d9 86 5a c4 d4 f0 0b 09 4c e5 fb f3 b1 a2 cd 98 c9 1e 90 00 
<<<<
>>>>
13 75 00 00 00 
00 00 00 00 00 00 01 c4 90 00 
<<<<
>>>>
13 77 00 00 08 00 00 00 00 00 00 01 c4 
1f ad c9 98 cd ab 0e d0 79 c3 14 80 0a 4e e0 a0 dc 15 d2 c0 e5 30 17 09 c9 32 bf ee 32 9f 8f 04 90 00 
<<<<
>>>>
13 76 00 00 00 
09 01 23 a1 cc 88 be 68 8c 58 ea 8b 50 01 df b1 c3 5e 89 d0 84 fb e5 32 7b 43 38 43 5d d8 40 de 90 00 
<<<<
>>>>
13 75 00 00 00 
00 00 00 00 00 00 01 c5 90 00 
<<<<
>>>>
13 76 00 00 00 
9e 07 81 c9 b7 cd f7 fc 5b a3 06 f6 3c 82 ad e8 6a f8 0d 47 f3 de d5 49 4b 8a 86 c9 1f 06 d1 3f 90 00 
<<<<
>>>>
13 77 00 00 08 00 00 00 00 00 00 01 c5 
09 01 23 a1 cc 88 be 68 8c 58 ea 8b 50 01 df b1 c3 5e 89 d0 84 fb e5 32 7b 43 38 43 5d d8 40 de 90 00 
<<<<
>>>>
13 75 00 00 00 
00 00 00 00 00 00 01 c6 90 00 
<<<<
>>>>
13 77 00 00 08 00 00 00 00 00 00 01 c6 
9e 07 81 c9 b7 cd f7 fc 5b a3 06 f6 3c 82 ad e8 6a f8 0d 47 f3 de d5 49 4b 8a 86 c9 1f 06 d1 3f 90 00 
<<<<
>>>>
13 76 00 00 00 
ff ca 0f 4b 9d f2 52 fc 78 d3 a2 7e 83 56 6e 40 ac 2f 4b 8a 7e 03 a5 f0 e4 67 e1 aa 13 58 50 70 90 00 
<<<<
>>>>
13 75 00 00 00 
00 00 00 00 00 00 01 c7 90 00 
<<<<
>>>>
13 76 00 00 00 
04 53 c9 5f 00 af ea fb 19 57 32 f2 0e 48 46 5a d1 9a 24 88 e4 18 4d 0e 42 a3 52 a9 f3 b6 40 ce 90 00 
<<<<
>>>>
13 77 00 00 08 00 00 00 00 00 00 01 c7 
ff ca 0f 4b 9d f2 52 fc 78 d3 a2 7e 83 56 6e 40 ac 2f 4b 8a 7e 03 a5 f0 e4 67 e1 aa 13 58 50 70 90 00 
<<<<
>>>>
13 75 00 00 00 
00 00 00 00 00 00 01 c8 90 00 
<<<<
>>>>
13 77 00 00 08 00 00 00 00 00 00 01 c8 
04 53 c9 5f 00 af ea fb 19 57 32 f2 0e 48 46 5a d1 9a 24 88 e4 18 4d 0e 42 a3 52 a9 f3 b6 40 ce 90 00 
<<<<
>>>>
13 76 00 00 00 
69 60 1c e3 78 10 6f b2 2c e1 12 df f8 33 9c a4 a3 82 44 6a 7d ed 14 b9 1f ca 79 69 53 a3 9d 4d 90 00 
<<<<
>>>>
13 75 00 00 00 
00 00 00 00 00 00 01 c9 90 00 
<<<<
>>>>
13 76 00 00 00 
c5 3b c0 63 a4 48 d9 d1 97 f6 24 bb c6 a5 a2 84 d7 2c c8 a6 12 0f a2 4e 5c c2 3a a6 46 f9 c0 2b 90 00 
<<<<
>>>>
13 77 00 00 08 00 00 00 00 00 00 01 c9 
69 60 1c e3 78 10 6f b2 2c e1 12 df f8 33 9c a4 a3 82 44 6a 7d ed 14 b9 1f ca 79 69 53 a3 9d 4d 90 00 
<<<<
>>>>
13 75 00 00 00 
00 00 00 00 00 00 01 ca 90 00 
<<<<
>>>>
13 77 00 00 08 00 00 00 00 00 00 01 ca 
c5 3b c0 63 a4 48 d9 d1 97 f6 24 bb c6 a5 a2 84 d7 2c c8 a6 12 0f a2 4e 5c c2 3a a6 46 f9 c0 2b 90 00 
<<<<
>>>>
13 76 00 00 00 
69 14 2c fe 75 3b 41 40 e4 09 13 42 44 10 dd 05 db 0a 7b 71 ce 79 63 01 4f 29 15 01 c8 26 28 23 90 00 
<<<<
>>>>
13 75 00 00 00 
00 00 00 00 00 00 01 cb 90 00 
<<<<
>>>>
13 76 00 00 00 
3f dc d0 1d cc 9f 45 06 82 93 68 8c 87 3d 6b 32 7a 20 69 64 c7 99 5f c0 9a 7a 22 35 74 db 0d f7 90 00 
<<<<
>>>>
13 77 00 00 08 00 00 00 00 00 00 01 cb 
69 14 2c fe 75 3b 41 40 e4 09 13 42 44 10 dd 05 db 0a 7b 71 ce 79 63 01 4f 29 15 01 c8 26 28 23 90 00 
<<<<
>>>>
13 75 00 00 00 
00 00 00 00 00 00 01 cc 90 00 
<<<<
>>>>
13 77 00 00 08 00 00 00 00 00 00 01 cc 
3f dc d0 1d cc 9f 45 06 82 93 68 8c 87 3d 6b 32 7a 20 69 64 c7 99 5f c0 9a 7a 22 35 74 db 0d f7 90 00 
<<<<
>>>>
13 76 00 00 00 
e3 98 0b eb 7b 5d 2b f0 7b 5c 4f 4a 81 6c 53 76 3f 0d a2 59 66 c3 0f 1b c8 1b 2e 57 d7 e6 84 dc 90 00 
<<<<
>>>>
13 75 00 00 00 
00 00 00 00 00 00 01 cd 90 00 
<<<<
>>>>
13 76 00 00 00 
8d 0b 56 c6 a2 8d 18 2b 5f b8 c7 ce cc fd a5 a7 4c 70 c3 31 0c 2d d9 d2 8e 55 f0 fa 15 64 dc 86 90 00 
<<<<
>>>>
13 77 00 00 08 00 00 00 00 00 00 01 cd 
e3 98 0b eb 7b 5d 2b f0 7b 5c 4f 4a 81 6c 53 76 3f 0d a2 59 66 c3 0f 1b c8 1b 2e 57 d7 e6 84 dc 90 00 
<<<<
>>>>
13 75 00 00 00 
00 00 00 00 00 00 01 ce 90 00 
<<<<
>>>>
13 77 00 00 08 00 00 00 00 00 00 01 ce 
8d 0b 56 c6 a2 8d 18 2b 5f b8 c7 ce cc fd a5 a7 4c 70 c3 31 0c 2d d9 d2 8e 55 f0 fa 15 64 dc 86 90 00 
<<<<
>>>>
13 76 00 00 00 
de ee 9a 9f bc a6 0d a0 d0 43 07 87 da ac f7 3f d0 ca 16 93 2f bd 44 0e 0a e9 c9 99 72 80 94 90 90 00 
<<<<
>>>>
13 75 00 00 00 
00 00 00 00 00 00 01 cf 90 00 
<<<<
>>>>
13 76 00 00 00 
46 1d ad e5 0d a1 6d e2 73 dd f7 8b 58 82 41 0f 4f 20 86 77 e7 17 e6 45 ac 09 0d 7b 92 37 6c f2 90 00 
<<<<
>>>>
13 77 00 00 08 00 00 00 00 00 00 01 cf 
de ee 9a 9f bc a6 0d a0 d0 43 07 87 da ac f7 3f d0 ca 16 93 2f bd 44 0e 0a e9 c9 99 72 80 94 90 90 00 
<<<<
>>>>
13 75 00 00 00 
00 00 00 00 00 00 01 d0 90 00 
<<<<
>>>>
13 77 00 00 08 00 00 00 00 00 00 01 d0 
46 1d ad e5 0d a1 6d e2 73 dd f7 8b 58 82 41 0f 4f 20 86 77 e7 17 e6 45 ac 09 0d 7b 92 37 6c f2 90 00 
<<<<
>>>>
13 76 00 00 00 
ce 56 97 3d 00 3b ae fb 6f c6 ef fa 56 5f 57 11 da bf ce 62 0d e1 65 3e b0 fa 9c ee d1 5f 39 72 90 00 
<<<<
>>>>
13 75 00 00 00 
00 00 00 00 00 00 01 d1 90 00 
<<<<
>>>>
13 76 00 00 00 
0a 52 38 46 db f8 6e 38 91 d1 3c 88 6d 7d 9d 76 01 1c cd e2 9e 1d 86 af 42 9d ca 5a 63 32 6c 4e 90 00 
<<<<
>>>>
13 77 00 00 08 00 00 00 00 00 00 01 d1 
ce 56 97 3d 00 3b ae fb 6f c6 ef fa 56 5f 57 11 da bf ce 62 0d e1 65 3e b0 fa 9c ee d1 5f 39 72 90 00 
<<<<
>>>>
13 75 00 00 00 
00 00 00 00 00 00 01 d2 90 00 
<<<<
>>>>
13 77 00 00 08 00 00 00 00 00 00 01 d2 
0a 52 38 46 db f8 6e 38 91 d1 3c 88 6d 7d 9d 76 01 1c cd e2 9e 1d 86 af 42 9d ca 5a 63 32 6c 4e 90 00 
<<<<
>>>>
13 76 00 00 00 
13 b5 f2 7f 5b f5 e8 91 b3 94 35 17 fb 58 62 59 c3 18 6d 9c cf 95 a4 84 d1 2b 5f ae 9e cc b9 e4 90 00 
<<<<
>>>>
13 75 00 00 00 
00 00 00 00 00 00 01 d3 90 00 
<<<<
>>>>
13 76 00 00 00 
34 31 cc 0a 59 cd f3 1a 7a f9 b9 8e 71 9e 13 50 11 b5 43 5c 90 52 66 43 ad c7 2c e6 1a 1c 77 cd 90 00 
<<<<
>>>>
13 77 00 00 08 00 00 00 00 00 00 01 d3 
13 b5 f2 7f 5b f5 e8 91 b3 94 35 17 fb 58 62 59 c3 18 6d 9c cf 95 a4 84 d1 2b 5f ae 9e cc b9 e4 90 00 
<<<<
>>>>
13 75 00 00 00 
00 00 00 00 00 00 01 d4 90 00 
<<<<
>>>>
13 77 00 00 08 00 00 00 00 00 00 01 d4 
34 31 cc 0a 59 cd f3 1a 7a f9 b9 8e 71 9e 13 50 11 b5 43 5c 90 52 66 43 ad c7 2c e6 1a 1c 77 cd 90 00 
<<<<
>>>>
13 76 00 00 00 
56 b3 29 bf df 0a 46 e5 a9 e2 da 5c f3 95 00 16 bf 68 08 4f f8 72 0d 71 8b f2 06 ae 4a 74 89 72 90 00 
<<<<
>>>>
13 75 00 00 00 
00 00 00 00 00 00 01 d5 90 00 
<<<<
>>>>
13 76 00 00 00 
95 33 f6 fd 36 a0 6f fd 53 4b a0 0f d6 1c 81 04 50 2a 79 5a f5 c0 a6 f0 b4 a2 50 9a 47 22 99 b1 90 00 
<<<<
>>>>
13 77 00 00 08 00 00 00 00 00 00 01 d5 
56 b3 29 bf df 0a 46 e5 a9 e2 da 5c f3 95 00 16 bf 68 08 4f f8 72 0d 71 8b f2 06 ae 4a 74 89 72 90 00 
<<<<
>>>>
13 75 00 00 00 
00 00 00 00 00 00 01 d6 90 00 
<<<<
>>>>
13 77 00 00 08 00 00 00 00 00 00 01 d6 
95 33 f6 fd 36 a0 6f fd 53 4b a0 0f d6 1c 81 04 50 2a 79 5a f5 c0 a6 f0 b4 a2 50 9a 47 22 99 b1 90 00 
<<<<
>>>>
13 76 00 00 00 
6d e0 ad 44 53 51 ad 46 c5 cb d3 57 b8 ee b3 09 a9 fb 71 30 a0 3f cd 60 74 a3 2d fc 18 00 b1 20 90 00 
<<<<
>>>>
13 75 00 00 00 
00 00 00 00 00 00 01 d7 90 00 
<<<<
>>>>
13 76 00 00 00 
76 12 65 88 1f e7 86 1d fa 84 46 0a cd cc d7 60 c0 9f 56 30 cf f3 74 03 aa e7 25 36 78 6c ca 87 90 00 
<<<<
>>>>
13 77 00 00 08 00 00 00 00 00 00 01 d7 
6d e0 ad 44 53 51 ad 46 c5 cb d3 57 b8 ee b3 09 a9 fb 71 30 a0 3f cd 60 74 a3 2d fc 18 00 b1 20 90 00 
<<<<
>>>>
13 75 00 00 00 
00 00 00 00 00 00 01 d8 90 00 
<<<<
>>>>
13 77 00 00 08 00 00 00 00 00 00 01 d8 
76 12 65 88 1f e7 86 1d fa 84 46 0a cd cc d7 60 c0 9f 56 30 cf f3 74 03 aa e7 25 36 78 6c ca 87 90 00 
<<<<
>>>>
13 76 00 00 00 
a4 bb ff af a3 9a e1 02 0e 23 98 81 7d c3 57 77 fd 23 3f 11 75 6e 0d af 8d 2b dc dd 17 c3 4b b3 90 00 
<<<<
>>>>
13 75 00 00 00 
00 00 00 00 00 00 01 d9 90 00 
<<<<
>>>>
13 76 00 00 00 
bd ec da 69 b4 bc fe 04 2c 17 0e 1f de 2d 6a 4c 5b f3 d4 8d b8 46 52 7c e7 a1 ea 7f 53 bf e4 7f 90 00 
<<<<
>>>>
13 77 00 00 08 00 00 00 00 00 00 01 d9 
a4 bb ff af a3 9a e1 02 0e 23 98 81 7d c3 57 77 fd 23 3f 11 75 6e 0d af 8d 2b dc dd 17 c3 4b b3 90 00 
<<<<
>>>>
13 75 00 00 00 
00 00 00 00 00 00 01 da 90 00 
<<<<
>>>>
13 77 00 00 08 00 00 00 00 00 00 01 da 
bd ec da 69 b4 bc fe 04 2c 17 0e 1f de 2d 6a 4c 5b f3 d4 8d b8 46 52 7c e7 a1 ea 7f 53 bf e4 7f 90 00 
<<<<
>>>>
13 76 00 00 00 
0c 5a 6f 54 68 5e 53 a1 b0 50 1d c2 54 61 f3 fa 83 37 d5 5d 89 a6 22 56 20 a8 6c d2 15 95 2d 00 90 00 
<<<<
>>>>
13 75 00 00 00 
00 00 00 00 00 00 01 db 90 00 
<<<<
>>>>
13 76 00 00 00 
69 65 0c 39 d9 14 49 a9 2f 94 7a 9f 7c 5f ef 55 15 c0 fd 2a 3e a0 dd d2 16 d6 5f 88 71 d8 13 28 90 00 
<<<<
>>>>
13 77 00 00 08 00 00 00 00 00 00 01 db 
0c 5a 6f 54 68 5e 53 a1 b0 50 1d c2 54 61 f3 fa 83 37 d5 5d 89 a6 22 56 20 a8 6c d2 15 95 2d 00 90 00 
<<<<
>>>>
13 75 00 00 00 
00 00 00 00 00 00 01 dc 90 00 
<<<<
>>>>
13 77 00 00 08 00 00 00 00 00 00 01 dc 
69 65 0c 39 d9 14 49 a9 2f 94 7a 9f 7c 5f ef 55 15 c0 fd 2a 3e a0 dd d2 16 d6 5f 88 71 d8 13 28 90 00 
<<<<
>>>>
13 76 00 00 00 
95 20 c8 23 20 2e fe 54 e7 8b 81 1d 35 f4 a5 a2 ed 8b fa bf 82 7a 2a c6 ee 0a 49 f9 87 4b c7 d0 90 00 
<<<<
>>>>
13 75 00 00 00 
00 00 00 00 00 00 01 dd 90 00 
<<<<
>>>>
13 76 00 00 00 
3d a6 26 69 18 26 51 cd 6b 07 65 29 e0 14 c0 78 27 60 b4 fc e3 b9 28 f3 da 3c cd cb 73 02 d7 9a 90 00 
<<<<
>>>>
13 77 00 00 08 00 00 00 00 00 00 01 dd 
95 20 c8 23 20 2e fe 54 e7 8b 81 1d 35 f4 a5 a2 ed 8b fa bf 82 7a 2a c6 ee 0a 49 f9 87 4b c7 d0 90 00 
<<<<
>>>>
13 75 00 00 00 
00 00 00 00 00 00 01 de 90 00 
<<<<
>>>>
13 77 00 00 08 00 00 00 00 00 00 01 de 
3d a6 26 69 18 26 51 cd 6b 07 65 29 e0 14 c0 78 27 60 b4 fc e3 b9 28 f3 da 3c cd cb 73 02 d7 9a 90 00 
<<<<
>>>>
13 76 00 00 00 
91 48 5d cf 7b 0d 96 66 c7 42 37 68 4f 94 68 ec 05 b0 35 e0 6e df 66 ab 95 7d d6 05 ec 8a c3 ef 90 00 
<<<<
>>>>
13 75 00 00 00 
00 00 00 00 00 00 01 df 90 00 
<<<<
>>>>
13 76 00 00 00 
0f 7e 1e 1e 8e b0 af b1 ce 79 26 11 c3 cc 4c 39 72 52 11 5a 3d 4e 1c 86 ae 1e 05 cf 96 a7 bb 67 90 00 
<<<<
>>>>
13 77 00 00 08 00 00 00 00 00 00 01 df 
91 48 5d cf 7b 0d 96 66 c7 42 37 68 4f 94 68 ec 05 b0 35 e0 6e df 66 ab 95 7d d6 05 ec 8a c3 ef 90 00 
<<<<
>>>>
13 75 00 00 00 
00 00 00 00 00 00 01 e0 90 00 
<<<<
>>>>
13 77 00 00 08 00 00 00 00 00 00 01 e0 
0f 7e 1e 1e 8e b0 af b1 ce 79 26 11 c3 cc 4c 39 72 52 11 5a 3d 4e 1c 86 ae 1e 05 cf 96 a7 bb 67 90 00 
<<<<
>>>>
13 76 00 00 00 
05 12 75 2e 7f ae ad 06 a0 cd 0d 32 cd 9c d2 8c 10 96 11 e0 a9 1e c2 a5 e6 51 9c e8 09 7d c7 54 90 00 
<<<<
>>>>
13 75 00 00 00 
00 00 00 00 00 00 01 e1 90 00 
<<<<
>>>>
13 76 00 00 00 
a4 24 80 d0 e9 dc 8a e8 37 2b 71 51 6b f2 8d 49 85 33 46 29 ae 6d 74 9a 1b 0f 91 6b 59 07 65 eb 90 00 
<<<<
>>>>
13 77 00 00 08 00 00 00 00 00 00 01 e1 
05 12 75 2e 7f ae ad 06 a0 cd 0d 32 cd 9c d2 8c 10 96 11 e0 a9 1e c2 a5 e6 51 9c e8 09 7d c7 54 90 00 
<<<<
>>>>
13 75 00 00 00 
00 00 00 00 00 00 01 e2 90 00 
<<<<
>>>>
13 77 00 00 08 00 00 00 00 00 00 01 e2 
a4 24 80 d0 e9 dc 8a e8 37 2b 71 51 6b f2 8d 49 85 33 46 29 ae 6d 74 9a 1b 0f 91 6b 59 07 65 eb 90 00 
<<<<
>>>>
13 76 00 00 00 
df 04 13 7f de 7c 5e 22 e2 cf 44 a5 da 1d c8 8d 10 30 ef bf 28 79 cb d3 0c f0 db b8 69 70 da a3 90 00 
<<<<
>>>>
13 75 00 00 00 
00 00 00 00 00 00 01 e3 90 00 
<<<<
>>>>
13 76 00 00 00 
42 8d bf 3c 68 a5 85 a8 c8 f6 c1 ac 40 c8 26 f4 1d e7 52 b3 33 88 a2 2a 54 36 15 9c 8e 96 d9 cb 90 00 
<<<<
>>>>
13 77 00 00 08 00 00 00 00 00 00 01 e3 
df 04 13 7f de 7c 5e 22 e2 cf 44 a5 da 1d c8 8d 10 30 ef bf 28 79 cb d3 0c f0 db b8 69 70 da a3 90 00 
<<<<
>>>>
13 75 00 00 00 
00 00 00 00 00 00 01 e4 90 00 
<<<<
>>>>
13 77 00 00 08 00 00 00 00 00 00 01 e4 
42 8d bf 3c 68 a5 85 a8 c8 f6 c1 ac 40 c8 26 f4 1d e7 52 b3 33 88 a2 2a 54 36 15 9c 8e 96 d9 cb 90 00 
<<<<
>>>>
13 76 00 00 00 
7c 33 d1 0a cc 40 e5 51 41 ce c2 61 ba 82 93 aa 12 8e e6 eb c9 9e fc 41 11 30 ec fa 96 7a 83 38 90 00 
<<<<
>>>>
13 75 00 00 00 
00 00 00 00 00 00 01 e5 90 00 
<<<<
>>>>
13 76 00 00 00 
9d 13 0c 56 b3 cd f9 81 14 31 94 0b 55 c2 78 18 9b 4a e3 fe ca c4 bb 24 06 f3 2f bf e4 3e f8 dc 90 00 
<<<<
>>>>
13 77 00 00 08 00 00 00 00 00 00 01 e5 
7c 33 d1 0a cc 40 e5 51 41 ce c2 61 ba 82 93 aa 12 8e e6 eb c9 9e fc 41 11 30 ec fa 96 7a 83 38 90 00 
<<<<
>>>>
13 75 00 00 00 
00 00 00 00 00 00 01 e6 90 00 
<<<<
>>>>
13 77 00 00 08 00 00 00 00 00 00 01 e6 
9d 13 0c 56 b3 cd f9 81 14 31 94 0b 55 c2 78 18 9b 4a e3 fe ca c4 bb 24 06 f3 2f bf e4 3e f8 dc 90 00 
<<<<
>>>>
13 76 00 00 00 
b9 4b 0e ec e8 5e ad 73 e8 33 b6 ab 72 94 eb 91 f6 d4 91 09 10 fa b6 36 10 2d 59 9d 1e fe 2e af 90 00 
<<<<
>>>>
13 75 00 00 00 
00 00 00 00 00 00 01 e7 90 00 
<<<<
>>>>
13 76 00 00 00 
ae 83 e6 ea 1e 90 a8 d0 22 30 98 be dc 6a 15 15 c9 b4 d2 a8 7c 8a e5 25 f3 80 4a ac d6 0d 97 b8 90 00 
<<<<
>>>>
13 77 00 00 08 00 00 00 00 00 00 01 e7 
b9 4b 0e ec e8 5e ad 73 e8 33 b6 ab 72 94 eb 91 f6 d4 91 09 10 fa b6 36 10 2d 59 9d 1e fe 2e af 90 00 
<<<<
>>>>
13 75 00 00 00 
00 00 00 00 00 00 01 e8 90 00 
<<<<
>>>>
13 77 00 00 08 00 00 00 00 00 00 01 e8 
ae 83 e6 ea 1e 90 a8 d0 22 30 98 be dc 6a 15 15 c9 b4 d2 a8 7c 8a e5 25 f3 80 4a ac d6 0d 97 b8 90 00 
<<<<
>>>>
13 76 00 00 00 
36 60 82 c9 19 a5 76 6c 4d 31 b7 51 51 c9 15 24 05 59 8d 2d 93 8d d4 93 e9 c1 35 c9 3d f9 7b 35 90 00 
<<<<
>>>>
13 75 00 00 00 
00 00 00 00 00 00 01 e9 90 00 
<<<<
>>>>
13 76 00 00 00 
e0 ac 0a 94 9e 00 9c e1 71 fe 48 68 dc 42 41 79 b8 59 43 fc 5e 1b dc e1 d3 b5 99 42 25 c7 fc b5 90 00 
<<<<
>>>>
13 77 00 00 08 00 00 00 00 00 00 01 e9 
36 60 82 c9 19 a5 76 6c 4d 31 b7 51 51 c9 15 24 05 59 8d 2d 93 8d d4 93 e9 c1 35 c9 3d f9 7b 35 90 00 
<<<<
>>>>
13 75 00 00 00 
00 00 00 00 00 00 01 ea 90 00 
<<<<
>>>>
13 77 00 00 08 00 00 00 00 00 00 01 ea 
e0 ac 0a 94 9e 00 9c e1 71 fe 48 68 dc 42 41 79 b8 59 43 fc 5e 1b dc e1 d3 b5 99 42 25 c7 fc b5 90 00 
<<<<
>>>>
13 76 00 00 00 
92 84 83 ff 72 c6 e2 94 0a e7 0c 77 69 11 10 ac d3 8d db 4b 91 7f 6f 4c f1 00 b6 49 d3 7e 4f c7 90 00 
<<<<
>>>>
13 75 00 00 00 
00 00 00 00 00 00 01 eb 90 00 
<<<<
>>>>
13 76 00 00 00 
ac 6c 97 c1 a7 66 5d ed 9e c9 0c a6 fa 78 2a f0 64 cf 8d 87 3b 34 c5 35 dd 28 44 4d 49 3e 4e 9d 90 00 
<<<<
>>>>
13 77 00 00 08 00 00 00 00 00 00 01 eb 
92 84 83 ff 72 c6 e2 94 0a e7 0c 77 69 11 10 ac d3 8d db 4b 91 7f 6f 4c f1 00 b6 49 d3 7e 4f c7 90 00 
<<<<
>>>>
13 75 00 00 00 
00 00 00 00 00 00 01 ec 90 00 
<<<<
>>>>
13 77 00 00 08 00 00 00 00 00 00 01 ec 
ac 6c 97 c1 a7 66 5d ed 9e c9 0c a6 fa 78 2a f0 64 cf 8d 87 3b 34 c5 35 dd 28 44 4d 49 3e 4e 9d 90 00 
<<<<
>>>>
13 76 00 00 00 
f0 43 7f 63 15 35 0e a0 5d 70 33 24 8e 55 ba f3 26 2f 7d aa 99 ae 59 d6 75 6b f3 85 20 5d 25 ea 90 00 
<<<<
>>>>
13 75 00 00 00 
00 00 00 00 00 00 01 ed 90 00 
<<<<
>>>>
13 76 00 00 00 
56 94 6e 95 7c d9 fa 84 c5 c2 fb 48 31 03 2e dc 63 92 8b f1 5c e5 85 d8 50 a6 63 84 da 6e 44 43 90 00 
<<<<
>>>>
13 77 00 00 08 00 00 00 00 00 00 01 ed 
f0 43 7f 63 15 35 0e a0 5d 70 33 24 8e 55 ba f3 26 2f 7d aa 99 ae 59 d6 75 6b f3 85 20 5d 25 ea 90 00 
<<<<
>>>>
13 75 00 00 00 
00 00 00 00 00 00 01 ee 90 00 
<<<<
>>>>
13 77 00 00 08 00 00 00 00 00 00 01 ee 
56 94 6e 95 7c d9 fa 84 c5 c2 fb 48 31 03 2e dc 63 92 8b f1 5c e5 85 d8 50 a6 63 84 da 6e 44 43 90 00 
<<<<
>>>>
13 76 00 00 00 
2a 97 50 11 59 0e c0 28 21 15 e8 3b e1 3c b5 3c 0f 68 d0 f1 6f 06 81 fd 02 35 0d 18 ef 1b 64 e6 90 00 
<<<<
>>>>
13 75 00 00 00 
00 00 00 00 00 00 01 ef 90 00 
<<<<
>>>>
13 76 00 00 00 
65 6d 39 a0 de b0 10 bd 30 cd 8b ee 8e b5 fc 92 52 61 64 ca b0 6b 69 2f a4 f2 df 85 a5 64 7d fd 90 00 
<<<<
>>>>
13 77 00 00 08 00 00 00 00 00 00 01 ef 
2a 97 50 11 59 0e c0 28 21 15 e8 3b e1 3c b5 3c 0f 68 d0 f1 6f 06 81 fd 02 35 0d 18 ef 1b 64 e6 90 00 
<<<<
>>>>
13 75 00 00 00 
00 00 00 00 00 00 01 f0 90 00 
<<<<
>>>>
13 77 00 00 08 00 00 00 00 00 00 01 f0 
65 6d 39 a0 de b0 10 bd 30 cd 8b ee 8e b5 fc 92 52 61 64 ca b0 6b 69 2f a4 f2 df 85 a5 64 7d fd 90 00 
<<<<
>>>>
13 76 00 00 00 
42 a3 4b 3c 22 65 74 b0 17 95 e1 19 2a 38 05 04 ee 2c 91 fd 39 c7 95 38 3c c7 ef 21 d3 2c 69 6b 90 00 
<<<<
>>>>
13 75 00 00 00 
00 00 00 00 00 00 01 f1 90 00 
<<<<
>>>>
13 76 00 00 00 
0c 60 f4 be 7e 71 03 0f ee be c5 80 be 4e e7 b0 c4 1d 64 f1 e4 47 04 a2 62 f3 df cb 40 e6 24 5f 90 00 
<<<<
>>>>
13 77 00 00 08 00 00 00 00 00 00 01 f1 
42 a3 4b 3c 22 65 74 b0 17 95 e1 19 2a 38 05 04 ee 2c 91 fd 39 c7 95 38 3c c7 ef 21 d3 2c 69 6b 90 00 
<<<<
>>>>
13 75 00 00 00 
00 00 00 00 00 00 01 f2 90 00 
<<<<
>>>>
13 77 00 00 08 00 00 00 00 00 00 01 f2 
0c 60 f4 be 7e 71 03 0f ee be c5 80 be 4e e7 b0 c4 1d 64 f1 e4 47 04 a2 62 f3 df cb 40 e6 24 5f 90 00 
<<<<
>>>>
13 76 00 00 00 
51 79 3a 81 4f e3 16 7a f8 25 ec 7c 72 35 42 d7 19 e5 da d6 d5 6d 52 05 23 67 af 43 2c f1 85 ee 90 00 
<<<<
>>>>
13 75 00 00 00 
00 00 00 00 00 00 01 f3 90 00 
<<<<
>>>>
13 76 00 00 00 
a8 49 57 9f 4f be a2 5a ba 3a 78 c0 06 64 01 ac 8d c6 50 0d ab 2f 41 37 37 d7 c1 db 5e d1 8a c6 90 00 
<<<<
>>>>
13 77 00 00 08 00 00 00 00 00 00 01 f3 
51 79 3a 81 4f e3 16 7a f8 25 ec 7c 72 35 42 d7 19 e5 da d6 d5 6d 52 05 23 67 af 43 2c f1 85 ee 90 00 
<<<<
>>>>
13 75 00 00 00 
00 00 00 00 00 00 01 f4 90 00 
<<<<
>>>>
13 77 00 00 08 00 00 00 00 00 00 01 f4 
a8 49 57 9f 4f be a2 5a ba 3a 78 c0 06 64 01 ac 8d c6 50 0d ab 2f 41 37 37 d7 c1 db 5e d1 8a c6 90 00 
<<<<
>>>>
13 76 00 00 00 
1b 06 4a 4c a7 e4 8d bb 87 e7 e2 d0 d3 86 9a 7d b8 cc 94 4f d0 d5 13 e8 ea 57 ad 0f b6 70 b5 18 90 00 
<<<<
>>>>
13 75 00 00 00 
00 00 00 00 00 00 01 f5 90 00 
<<<<
>>>>
13 76 00 00 00 
a3 e8 1e d5 05 d1 0a 34 33 ee 7f e5 f5 0d 13 a3 d2 05 9d c6 3b 48 ad b6 4f 40 ef 7c 59 b5 8c bd 90 00 
<<<<
>>>>
13 77 00 00 08 00 00 00 00 00 00 01 f5 
1b 06 4a 4c a7 e4 8d bb 87 e7 e2 d0 d3 86 9a 7d b8 cc 94 4f d0 d5 13 e8 ea 57 ad 0f b6 70 b5 18 90 00 
<<<<
>>>>
13 75 00 00 00 
00 00 00 00 00 00 01 f6 90 00 
<<<<
>>>>
13 77 00 00 08 00 00 00 00 00 00 01 f6 
a3 e8 1e d5 05 d1 0a 34 33 ee 7f e5 f5 0d 13 a3 d2 05 9d c6 3b 48 ad b6 4f 40 ef 7c 59 b5 8c bd 90 00 
<<<<
>>>>
13 76 00 00 00 
a5 7b e4 94 15 74 ad 2f 4d 5f 57 f1 0a de c6 02 e3 48 47 bb 05 21 4c 3f dd 1a 08 08 14 ee b5 8a 90 00 
<<<<
>>>>
13 75 00 00 00 
00 00 00 00 00 00 01 f7 90 00 
<<<<
>>>>
13 76 00 00 00 
60 b3 3f cf 82 65 61 f4 ce 7a ef 18 43 fa d5 a5 2a 69 12 35 2f b5 41 74 35 62 55 e7 b3 94 0e 95 90 00 
<<<<
>>>>
13 77 00 00 08 00 00 00 00 00 00 01 f7 
a5 7b e4 94 15 74 ad 2f 4d 5f 57 f1 0a de c6 02 e3 48 47 bb 05 21 4c 3f dd 1a 08 08 14 ee b5 8a 90 00 
<<<<
>>>>
13 75 00 00 00 
00 00 00 00 00 00 01 f8 90 00 
<<<<
>>>>
13 77 00 00 08 00 00 00 00 00 00 01 f8 
60 b3 3f cf 82 65 61 f4 ce 7a ef 18 43 fa d5 a5 2a 69 12 35 2f b5 41 74 35 62 55 e7 b3 94 0e 95 90 00 
<<<<
>>>>
13 76 00 00 00 
93 8c 35 10 7b 46 a2 49 fb d8 b7 02 6a 73 8d f0 38 67 cf 3d a8 1d 4d ed ae cf d0 8a 91 f3 f0 4e 90 00 
<<<<
>>>>
13 75 00 00 00 
00 00 00 00 00 00 01 f9 90 00 
<<<<
>>>>
13 76 00 00 00 
79 a3 bc 1c 19 be 59 72 53 e1 92 ed 78 09 22 3c 57 af ef f4 f4 67 24 b2 9c 1b d6 7c 8b 83 aa 96 90 00 
<<<<
>>>>
13 77 00 00 08 00 00 00 00 00 00 01 f9 
93 8c 35 10 7b 46 a2 49 fb d8 b7 02 6a 73 8d f0 38 67 cf 3d a8 1d 4d ed ae cf d0 8a 91 f3 f0 4e 90 00 
<<<<
>>>>
13 75 00 00 00 
00 00 00 00 00 00 01 fa 90 00 
<<<<
>>>>
13 77 00 00 08 00 00 00 00 00 00 01 fa 
79 a3 bc 1c 19 be 59 72 53 e1 92 ed 78 09 22 3c 57 af ef f4 f4 67 24 b2 9c 1b d6 7c 8b 83 aa 96 90 00 
<<<<
>>>>
13 76 00 00 00 
7b b9 ff 03 58 8b 21 cb ff 30 d9 74 9d 59 72 3a 16 50 59 e7 84 5b 27 37 d3 09 c2 3d a6 f0 f6 07 90 00 
<<<<
>>>>
13 75 00 00 00 
00 00 00 00 00 00 01 fb 90 00 
<<<<
>>>>
13 76 00 00 00 
4f 55 f7 1f 35 0b 17 89 ec a5 0c 46 2b 35 e0 42 bf b2 f0 d7 f6 f3 e7 0f 57 ca 23 35 12 c7 7e 41 90 00 
<<<<
>>>>
13 77 00 00 08 00 00 00 00 00 00 01 fb 
7b b9 ff 03 58 8b 21 cb ff 30 d9 74 9d 59 72 3a 16 50 59 e7 84 5b 27 37 d3 09 c2 3d a6 f0 f6 07 90 00 
<<<<
>>>>
13 75 00 00 00 
00 00 00 00 00 00 01 fc 90 00 
<<<<
>>>>
13 77 00 00 08 00 00 00 00 00 00 01 fc 
4f 55 f7 1f 35 0b 17 89 ec a5 0c 46 2b 35 e0 42 bf b2 f0 d7 f6 f3 e7 0f 57 ca 23 35 12 c7 7e 41 90 00 
<<<<
>>>>
13 76 00 00 00 
c5 06 3a 99 f7 a8 54 89 a4 80 f1 06 04 0e 5d 2b b5 a5 b4 03 a9 04 cd 6d f7 c0 93 0f 59 4e 39 61 90 00 
<<<<
>>>>
13 75 00 00 00 
00 00 00 00 00 00 01 fd 90 00 
<<<<
>>>>
13 76 00 00 00 
80 d5 0e 56 17 39 35 2f 1c 8a 1a 4b 26 d7 5d 29 de 53 f3 21 b0 9f d1 7e bf d6 54 f7 7f fa 1b 3f 90 00 
<<<<
>>>>
13 77 00 00 08 00 00 00 00 00 00 01 fd 
c5 06 3a 99 f7 a8 54 89 a4 80 f1 06 04 0e 5d 2b b5 a5 b4 03 a9 04 cd 6d f7 c0 93 0f 59 4e 39 61 90 00 
<<<<
>>>>
13 75 00 00 00 
00 00 00 00 00 00 01 fe 90 00 
<<<<
>>>>
13 77 00 00 08 00 00 00 00 00 00 01 fe 
80 d5 0e 56 17 39 35 2f 1c 8a 1a 4b 26 d7 5d 29 de 53 f3 21 b0 9f d1 7e bf d6 54 f7 7f fa 1b 3f 90 00 
<<<<
>>>>
13 76 00 00 00 
27 09 5a 1c a2 70 e0 fb 2e 75 0c 65 c3 56 cf fd 74 35 94 58 ab 55 a6 8a ec dd db 42 27 3f 9d 6e 90 00 
<<<<
>>>>
13 75 00 00 00 
00 00 00 00 00 00 01 ff 90 00 
<<<<
>>>>
13 76 00 00 00 
6b 56 67 9e bc e7 11 7a 79 d0 6f 52 4b 1c 83 83 c4 3d ec 30 c3 c7 46 97 d3 30 c3 76 6a 71 ce c6 90 00 
<<<<
>>>>
13 77 00 00 08 00 00 00 00 00 00 01 ff 
27 09 5a 1c a2 70 e0 fb 2e 75 0c 65 c3 56 cf fd 74 35 94 58 ab 55 a6 8a ec dd db 42 27 3f 9d 6e 90 00 
<<<<
>>>>
13 75 00 00 00 
00 00 00 00 00 00 02 00 90 00 
<<<<
>>>>
13 77 00 00 08 00 00 00 00 00 00 02 00 
6b 56 67 9e bc e7 11 7a 79 d0 6f 52 4b 1c 83 83 c4 3d ec 30 c3 c7 46 97 d3 30 c3 76 6a 71 ce c6 90 00 
<<<<
>>>>
13 76 00 00 00 
50 34 55 08 3a cb 6f 4c 82 b4 4a 4f 69 5d 92 d3 4d 7b 49 ec b5 99 a6 21 11 2c 86 da cb 40 49 b6 90 00 
<<<<
>>>>
13 75 00 00 00 
00 00 00 00 00 00 02 01 90 00 
<<<<
>>>>
13 76 00 00 00 
ec 7a 17 e0 ab 26 23 cc fa 56 db 4e 81 4f ff a1 1e a0 dc d9 60 f4 41 19 d9 fc 90 b1 6c 9e 1c 03 90 00 
<<<<
>>>>
13 77 00 00 08 00 00 00 00 00 00 02 01 
50 34 55 08 3a cb 6f 4c 82 b4 4a 4f 69 5d 92 d3 4d 7b 49 ec b5 99 a6 21 11 2c 86 da cb 40 49 b6 90 00 
<<<<
>>>>
13 75 00 00 00 
00 00 00 00 00 00 02 02 90 00 
<<<<
>>>>
13 77 00 00 08 00 00 00 00 00 00 02 02 
ec 7a 17 e0 ab 26 23 cc fa 56 db 4e 81 4f ff a1 1e a0 dc d9 60 f4 41 19 d9 fc 90 b1 6c 9e 1c 03 90 00 
<<<<
>>>>
13 76 00 00 00 
7c 2e 84 82 63 a8 7d b8 08 c6 d0 cc 97 ac 22 60 4d b0 b6 26 c6 ca c5 4d e1 17 9a 38 3e 36 16 ef 90 00 
<<<<
>>>>
13 75 00 00 00 
00 00 00 00 00 00 02 03 90 00 
<<<<
>>>>
13 76 00 00 00 
15 07 9f e6 4f ae 98 e6 3b b2 62 6c 98 07 dc d8 07 87 fe f0 d2 50 c0 1b 89 b8 fd 29 08 cc bb 7a 90 00 
<<<<
>>>>
13 77 00 00 08 00 00 00 00 00 00 02 03 
7c 2e 84 82 63 a8 7d b8 08 c6 d0 cc 97 ac 22 60 4d b0 b6 26 c6 ca c5 4d e1 17 9a 38 3e 36 16 ef 90 00 
<<<<
>>>>
13 75 00 00 00 
00 00 00 00 00 00 02 04 90 00 
<<<<
>>>>
13 77 00 00 08 00 00 00 00 00 00 02 04 
15 07 9f e6 4f ae 98 e6 3b b2 62 6c 98 07 dc d8 07 87 fe f0 d2 50 c0 1b 89 b8 fd 29 08 cc bb 7a 90 00 
<<<<
>>>>
13 76 00 00 00 
fc a1 5d 47 b0 a8 7a 1a 7f 97 60 91 e6 b0 b4 f8 ab e0 96 5c 1f 3c 07 7a 7d 0d 5f d6 0e 85 9b f1 90 00 
<<<<
>>>>
13 75 00 00 00 
00 00 00 00 00 00 02 05 90 00 
<<<<
>>>>
13 76 00 00 00 
24 b2 43 6e 6a 10 9b 18 2c 8b 8b 49 bb ea 3d 91 1d 48 d8 c7 e8 ac cd ca 6d 9c ef 3b 0c 6b b3 54 90 00 
<<<<
>>>>
13 77 00 00 08 00 00 00 00 00 00 02 05 
fc a1 5d 47 b0 a8 7a 1a 7f 97 60 91 e6 b0 b4 f8 ab e0 96 5c 1f 3c 07 7a 7d 0d 5f d6 0e 85 9b f1 90 00 
<<<<
>>>>
13 75 00 00 00 
00 00 00 00 00 00 02 06 90 00 
<<<<
>>>>
13 77 00 00 08 00 00 00 00 00 00 02 06 
24 b2 43 6e 6a 10 9b 18 2c 8b 8b 49 bb ea 3d 91 1d 48 d8 c7 e8 ac cd ca 6d 9c ef 3b 0c 6b b3 54 90 00 
<<<<
>>>>
13 76 00 00 00 
19 f0 d2 bc 98 81 52 ef 25 47 73 37 c2 e6 89 64 19 4f 99 40 ec 1e 53 c5 4c bd 0c 9e 9a 85 21 18 90 00 
<<<<
>>>>
13 75 00 00 00 
00 00 00 00 00 00 02 07 90 00 
<<<<
>>>>
13 76 00 00 00 
1f 6f 4d 41 ce 9d 26 a7 7b 47 9c 71 72 c6 90 b8 7f 22 cf 48 03 4d 03 0e 22 8d 4e c6 ea e0 35 20 90 00 
<<<<
>>>>
13 77 00 00 08 00 00 00 00 00 00 02 07 
19 f0 d2 bc 98 81 52 ef 25 47 73 37 c2 e6 89 64 19 4f 99 40 ec 1e 53 c5 4c bd 0c 9e 9a 85 21 18 90 00 
<<<<
>>>>
13 75 00 00 00 
00 00 00 00 00 00 02 08 90 00 
<<<<
>>>>
13 77 00 00 08 00 00 00 00 00 00 02 08 
1f 6f 4d 41 ce 9d 26 a7 7b 47 9c 71 72 c6 90 b8 7f 22 cf 48 03 4d 03 0e 22 8d 4e c6 ea e0 35 20 90 00 
<<<<
>>>>
13 76 00 00 00 
8f 1e 03 23 6a 41 02 19 e0 8c 1c ce 89 bc 46 89 99 6e 14 5d d4 2d 32 df 92 78 62 c9 cf 7c 80 81 90 00 
<<<<
>>>>
13 75 00 00 00 
00 00 00 00 00 00 02 09 90 00 
<<<<
>>>>
13 76 00 00 00 
e5 06 db 94 26 3c eb 68 14 1d d1 7b 97 eb e7 c6 52 7e 48 c9 94 2d 69 d2 cd f2 b8 de 0c 50 5c f4 90 00 
<<<<
>>>>
13 77 00 00 08 00 00 00 00 00 00 02 09 
8f 1e 03 23 6a 41 02 19 e0 8c 1c ce 89 bc 46 89 99 6e 14 5d d4 2d 32 df 92 78 62 c9 cf 7c 80 81 90 00 
<<<<
>>>>
13 75 00 00 00 
00 00 00 00 00 00 02 0a 90 00 
<<<<
>>>>
13 77 00 00 08 00 00 00 00 00 00 02 0a 
e5 06 db 94 26 3c eb 68 14 1d d1 7b 97 eb e7 c6 52 7e 48 c9 94 2d 69 d2 cd f2 b8 de 0c 50 5c f4 90 00 
<<<<
>>>>
13 76 00 00 00 
7a 05 93 d0 9a 48 e5 1a f6 d8 33 e7 62 e2 f8 8a 59 41 7e aa e2 ca 5f 9b b4 1a 20 c0 7f 9b 20 55 90 00 
<<<<
>>>>
13 75 00 00 00 
00 00 00 00 00 00 02 0b 90 00 
<<<<
>>>>
13 76 00 00 00 
c0 65 42 35 7c 38 a9 5b 28 3c f4 49 35 28 57 c9 31 b7 e5 5f 4b fd 97 68 34 ba 3a 31 e5 63 59 dc 90 00 
<<<<
>>>>
13 77 00 00 08 00 00 00 00 00 00 02 0b 
7a 05 93 d0 9a 48 e5 1a f6 d8 33 e7 62 e2 f8 8a 59 41 7e aa e2 ca 5f 9b b4 1a 20 c0 7f 9b 20 55 90 00 
<<<<
>>>>
13 75 00 00 00 
00 00 00 00 00 00 02 0c 90 00 
<<<<
>>>>
13 77 00 00 08 00 00 00 00 00 00 02 0c 
c0 65 42 35 7c 38 a9 5b 28 3c f4 49 35 28 57 c9 31 b7 e5 5f 4b fd 97 68 34 ba 3a 31 e5 63 59 dc 90 00 
<<<<
>>>>
13 76 00 00 00 
33 99 36 97 a2 0e 7b 35 f7 d8 e2 ee 58 15 ab df a7 6e a8 5e 68 f4 38 74 1c a1 7c 89 a9 64 0b ed 90 00 
<<<<
>>>>
13 75 00 00 00 
00 00 00 00 00 00 02 0d 90 00 
<<<<
>>>>
13 76 00 00 00 
ce c7 92 a4 a6 fd 20 91 b2 1b 65 39 20 f4 10 86 6c 2e bd 2f ae a0 74 51 99 6c eb 9b 86 57 67 b7 90 00 
<<<<
>>>>
13 77 00 00 08 00 00 00 00 00 00 02 0d 
33 99 36 97 a2 0e 7b 35 f7 d8 e2 ee 58 15 ab df a7 6e a8 5e 68 f4 38 74 1c a1 7c 89 a9 64 0b ed 90 00 
<<<<
>>>>
13 75 00 00 00 
00 00 00 00 00 00 02 0e 90 00 
<<<<
>>>>
13 77 00 00 08 00 00 00 00 00 00 02 0e 
ce c7 92 a4 a6 fd 20 91 b2 1b 65 39 20 f4 10 86 6c 2e bd 2f ae a0 74 51 99 6c eb 9b 86 57 67 b7 90 00 
<<<<
>>>>
13 76 00 00 00 
a5 bd 78 24 f5 e4 50 80 81 30 45 71 f9 c8 ed a0 df b1 e2 9a f4 71 36 23 8c 26 20 b0 5e b0 58 a2 90 00 
<<<<
>>>>
13 75 00 00 00 
00 00 00 00 00 00 02 0f 90 00 
<<<<
>>>>
13 76 00 00 00 
9b f5 05 32 d1 91 fd b1 fc 2c 3b 74 92 33 03 ce e6 d0 5f ff b8 3e 58 24 3b 8a e7 1a b4 5e 88 c8 90 00 
<<<<
>>>>
13 77 00 00 08 00 00 00 00 00 00 02 0f 
a5 bd 78 24 f5 e4 50 80 81 30 45 71 f9 c8 ed a0 df b1 e2 9a f4 71 36 23 8c 26 20 b0 5e b0 58 a2 90 00 
<<<<
>>>>
13 75 00 00 00 
00 00 00 00 00 00 02 10 90 00 
<<<<
>>>>
13 77 00 00 08 00 00 00 00 00 00 02 10 
9b f5 05 32 d1 91 fd b1 fc 2c 3b 74 92 33 03 ce e6 d0 5f ff b8 3e 58 24 3b 8a e7 1a b4 5e 88 c8 90 00 
<<<<
>>>>
13 76 00 00 00 
2b c4 78 3d 31 c6 83 22 fd 78 8b 86 fa 0a fb 58 52 9f 39 a7 c3 3f 8a a1 f1 0f bd 22 cc c2 92 bd 90 00 
<<<<
>>>>
13 75 00 00 00 
00 00 00 00 00 00 02 11 90 00 
<<<<
>>>>
13 76 00 00 00 
c0 de 3b 43 d3 81 55 fa bb ec 20 4b 9b 93 1d aa 89 04 93 70 ff e9 a0 e6 7b d4 7c 68 bb 4e 42 c0 90 00 
<<<<
>>>>
13 77 00 00 08 00 00 00 00 00 00 02 11 
2b c4 78 3d 31 c6 83 22 fd 78 8b 86 fa 0a fb 58 52 9f 39 a7 c3 3f 8a a1 f1 0f bd 22 cc c2 92 bd 90 00 
<<<<
>>>>
13 75 00 00 00 
00 00 00 00 00 00 02 12 90 00 
<<<<
>>>>
13 77 00 00 08 00 00 00 00 00 00 02 12 
c0 de 3b 43 d3 81 55 fa bb ec 20 4b 9b 93 1d aa 89 04 93 70 ff e9 a0 e6 7b d4 7c 68 bb 4e 42 c0 90 00 
<<<<
>>>>
13 76 00 00 00 
5e 20 88 fb c3 4b 34 be 93 0c 6b c7 42 3d d6 65 2c 28 c7 3c c6 42 ef 7b b4 9a 22 ef 8b ca a1 f7 90 00 
<<<<
>>>>
13 75 00 00 00 
00 00 00 00 00 00 02 13 90 00 
<<<<
>>>>
13 76 00 00 00 
08 f9 76 a1 24 05 06 87 2d 23 61 ff f8 83 4d 58 9d b3 62 5f de c7 a8 07 a8 c1 91 f2 74 fa b7 c8 90 00 
<<<<
>>>>
13 77 00 00 08 00 00 00 00 00 00 02 13 
5e 20 88 fb c3 4b 34 be 93 0c 6b c7 42 3d d6 65 2c 28 c7 3c c6 42 ef 7b b4 9a 22 ef 8b ca a1 f7 90 00 
<<<<
>>>>
13 75 00 00 00 
00 00 00 00 00 00 02 14 90 00 
<<<<
>>>>
13 77 00 00 08 00 00 00 00 00 00 02 14 
08 f9 76 a1 24 05 06 87 2d 23 61 ff f8 83 4d 58 9d b3 62 5f de c7 a8 07 a8 c1 91 f2 74 fa b7 c8 90 00 
<<<<
>>>>
13 76 00 00 00 
5b 8a 94 e8 25 56 d6 1b ea 65 ec 97 98 39 80 83 84 61 d7 6c 23 35 53 b0 51 14 2c 82 e8 35 9b 0e 90 00 
<<<<
>>>>
13 75 00 00 00 
00 00 00 00 00 00 02 15 90 00 
<<<<
>>>>
13 76 00 00 00 
3b f2 74 4b 5b 2e fc 9b af be 01 8c af 33 17 96 7c d0 8c 2c ed b9 f4 3f e2 53 a2 9d 4c 54 d0 5e 90 00 
<<<<
>>>>
13 77 00 00 08 00 00 00 00 00 00 02 15 
5b 8a 94 e8 25 56 d6 1b ea 65 ec 97 98 39 80 83 84 61 d7 6c 23 35 53 b0 51 14 2c 82 e8 35 9b 0e 90 00 
<<<<
>>>>
13 75 00 00 00 
00 00 00 00 00 00 02 16 90 00 
<<<<
>>>>
13 77 00 00 08 00 00 00 00 00 00 02 16 
3b f2 74 4b 5b 2e fc 9b af be 01 8c af 33 17 96 7c d0 8c 2c ed b9 f4 3f e2 53 a2 9d 4c 54 d0 5e 90 00 
<<<<
>>>>
13 76 00 00 00 
a5 89 c4 f0 b7 9b 80 74 8f e8 6b e5 57 fa ab 12 74 92 72 66 19 cb 13 9f 77 8b 57 29 db 6d 37 93 90 00 
<<<<
>>>>
13 75 00 00 00 
00 00 00 00 00 00 02 17 90 00 
<<<<
>>>>
13 76 00 00 00 
ef 08 e9 08 5c 63 23 94 cf 09 8c 47 97 30 81 56 4d ff d0 64 08 f8 e0 2c 97 64 02 29 47 69 b5 34 90 00 
<<<<
>>>>
13 77 00 00 08 00 00 00 00 00 00 02 17 
a5 89 c4 f0 b7 9b 80 74 8f e8 6b e5 57 fa ab 12 74 92 72 66 19 cb 13 9f 77 8b 57 29 db 6d 37 93 90 00 
<<<<
>>>>
13 75 00 00 00 
00 00 00 00 00 00 02 18 90 00 
<<<<
>>>>
13 77 00 00 08 00 00 00 00 00 00 02 18 
ef 08 e9 08 5c 63 23 94 cf 09 8c 47 97 30 81 56 4d ff d0 64 08 f8 e0 2c 97 64 02 29 47 69 b5 34 90 00 
<<<<
>>>>
13 76 00 00 00 
af 71 e9 ec d0 8d 35 a7 d1 5a 17 16 c9 49 b7 26 22 94 c6 03 66 51 5c f6 ae 0a ac de 7a 82 d2 16 90 00 
<<<<
>>>>
13 75 00 00 00 
00 00 00 00 00 00 02 19 90 00 
<<<<
>>>>
13 76 00 00 00 
9c 10 4c 82 0e 0f 79 8c e3 47 6b 69 28 41 36 05 19 01 ca 1a 65 e1 81 17 51 cd b4 82 72 8b b3 2a 90 00 
<<<<
>>>>
13 77 00 00 08 00 00 00 00 00 00 02 19 
af 71 e9 ec d0 8d 35 a7 d1 5a 17 16 c9 49 b7 26 22 94 c6 03 66 51 5c f6 ae 0a ac de 7a 82 d2 16 90 00 
<<<<
>>>>
13 75 00 00 00 
00 00 00 00 00 00 02 1a 90 00 
<<<<
>>>>
13 77 00 00 08 00 00 00 00 00 00 02 1a 
9c 10 4c 82 0e 0f 79 8c e3 47 6b 69 28 41 36 05 19 01 ca 1a 65 e1 81 17 51 cd b4 82 72 8b b3 2a 90 00 
<<<<
>>>>
13 76 00 00 00 
bc fc 84 a0 ba 10 e0 66 5f cc 59 1a 28 f8 26 c2 99 9d cd b1 4e 95 aa 0b c6 9c 6a 33 9c 57 b8 d4 90 00 
<<<<
>>>>
13 75 00 00 00 
00 00 00 00 00 00 02 1b 90 00 
<<<<
>>>>
13 76 00 00 00 
55 f7 3d 72 58 08 d6 90 c5 bf a0 2a 2a de 10 f7 9b c0 fe d4 0a f6 43 47 36 f7 1c 94 a7 88 db 4c 90 00 
<<<<
>>>>
13 77 00 00 08 00 00 00 00 00 00 02 1b 
bc fc 84 a0 ba 10 e0 66 5f cc 59 1a 28 f8 26 c2 99 9d cd b1 4e 95 aa 0b c6 9c 6a 33 9c 57 b8 d4 90 00 
<<<<
>>>>
13 75 00 00 00 
00 00 00 00 00 00 02 1c 90 00 
<<<<
>>>>
13 77 00 00 08 00 00 00 00 00 00 02 1c 
55 f7 3d 72 58 08 d6 90 c5 bf a0 2a 2a de 10 f7 9b c0 fe d4 0a f6 43 47 36 f7 1c 94 a7 88 db 4c 90 00 
<<<<
>>>>
13 76 00 00 00 
df 52 09 12 49 6b 1b eb ee b5 4b d2 ac ce 69 31 c2 2c 52 10 75 b0 e4 bc 24 40 11 1a 7d 8f a6 0a 90 00 
<<<<
>>>>
13 75 00 00 00 
00 00 00 00 00 00 02 1d 90 00 
<<<<
>>>>
13 76 00 00 00 
45 8b 62 92 98 98 cf 2d 02 64 8d 94 e7 b3 1b 8d 3a 3f 6d 96 b1 0e 73 b0 8c bb 0e f6 72 25 50 b3 90 00 
<<<<
>>>>
13 77 00 00 08 00 00 00 00 00 00 02 1d 
df 52 09 12 49 6b 1b eb ee b5 4b d2 ac ce 69 31 c2 2c 52 10 75 b0 e4 bc 24 40 11 1a 7d 8f a6 0a 90 00 
<<<<
>>>>
13 75 00 00 00 
00 00 00 00 00 00 02 1e 90 00 
<<<<
>>>>
13 77 00 00 08 00 00 00 00 00 00 02 1e 
45 8b 62 92 98 98 cf 2d 02 64 8d 94 e7 b3 1b 8d 3a 3f 6d 96 b1 0e 73 b0 8c bb 0e f6 72 25 50 b3 90 00 
<<<<
>>>>
13 76 00 00 00 
1f 5f bf c7 ca d3 cb 7f fe 39 65 e6 fb 72 2a 4f 3a 7a cc 66 30 fd be 32 5e 41 ea 40 c5 73 4a 67 90 00 
<<<<
>>>>
13 75 00 00 00 
00 00 00 00 00 00 02 1f 90 00 
<<<<
>>>>
13 76 00 00 00 
fd 80 7b bc d0 c5 61 7e 27 05 4c 8f 5a c2 f8 3d e4 f7 26 36 49 17 95 f0 4d 35 83 3c c1 8f 7b 86 90 00 
<<<<
>>>>
13 77 00 00 08 00 00 00 00 00 00 02 1f 
1f 5f bf c7 ca d3 cb 7f fe 39 65 e6 fb 72 2a 4f 3a 7a cc 66 30 fd be 32 5e 41 ea 40 c5 73 4a 67 90 00 
<<<<
>>>>
13 75 00 00 00 
00 00 00 00 00 00 02 20 90 00 
<<<<
>>>>
13 77 00 00 08 00 00 00 00 00 00 02 20 
fd 80 7b bc d0 c5 61 7e 27 05 4c 8f 5a c2 f8 3d e4 f7 26 36 49 17 95 f0 4d 35 83 3c c1 8f 7b 86 90 00 
<<<<
>>>>
13 76 00 00 00 
d7 a2 e5 3f 96 4e 1f 1b 3d 31 62 c8 b8 c9 5a 37 fe 81 18 27 69 83 25 02 7f ad 46 e0 ec 80 75 3a 90 00 
<<<<
>>>>
13 75 00 00 00 
00 00 00 00 00 00 02 21 90 00 
<<<<
>>>>
13 76 00 00 00 
04 c7 10 1f d0 63 52 73 b1 71 38 f5 f3 9c cb 9a f7 4f 73 9a 45 8b ad ad 6f 37 be 8d 7f 5f b1 e7 90 00 
<<<<
>>>>
13 77 00 00 08 00 00 00 00 00 00 02 21 
d7 a2 e5 3f 96 4e 1f 1b 3d 31 62 c8 b8 c9 5a 37 fe 81 18 27 69 83 25 02 7f ad 46 e0 ec 80 75 3a 90 00 
<<<<
>>>>
13 75 00 00 00 
00 00 00 00 00 00 02 22 90 00 
<<<<
>>>>
13 77 00 00 08 00 00 00 00 00 00 02 22 
04 c7 10 1f d0 63 52 73 b1 71 38 f5 f3 9c cb 9a f7 4f 73 9a 45 8b ad ad 6f 37 be 8d 7f 5f b1 e7 90 00 
<<<<
>>>>
13 76 00 00 00 
df 87 03 f9 8b 61 13 c2 fc 60 83 2a ba 3e 80 4c 25 05 22 47 0e 9f bf 3e 01 57 f1 53 05 7b a0 51 90 00 
<<<<
>>>>
13 75 00 00 00 
00 00 00 00 00 00 02 23 90 00 
<<<<
>>>>
13 76 00 00 00 
cd ae 82 e0 c4 76 01 95 d7 df 5f 68 8e de 50 ad 9d b2 94 9f 55 f7 d3 ad 9e d8 53 fa e2 e2 e7 bb 90 00 
<<<<
>>>>
13 77 00 00 08 00 00 00 00 00 00 02 23 
df 87 03 f9 8b 61 13 c2 fc 60 83 2a ba 3e 80 4c 25 05 22 47 0e 9f bf 3e 01 57 f1 53 05 7b a0 51 90 00 
<<<<
>>>>
13 75 00 00 00 
00 00 00 00 00 00 02 24 90 00 
<<<<
>>>>
13 77 00 00 08 00 00 00 00 00 00 02 24 
cd ae 82 e0 c4 76 01 95 d7 df 5f 68 8e de 50 ad 9d b2 94 9f 55 f7 d3 ad 9e d8 53 fa e2 e2 e7 bb 90 00 
<<<<
>>>>
13 76 00 00 00 
b8 17 4e 2c b5 40 6a d6 e5 5a 81 25 64 5a 86 9f 43 fc 9d db 73 67 07 29 42 58 22 a7 d7 4b ed 88 90 00 
<<<<
>>>>
13 75 00 00 00 
00 00 00 00 00 00 02 25 90 00 
<<<<
>>>>
13 76 00 00 00 
c7 ad cb ae 6e 04 98 bb 2b 60 25 a8 85 98 c2 eb a6 54 ba f4 54 b8 96 e6 28 38 80 b4 ac 0e f9 e0 90 00 
<<<<
>>>>
13 77 00 00 08 00 00 00 00 00 00 02 25 
b8 17 4e 2c b5 40 6a d6 e5 5a 81 25 64 5a 86 9f 43 fc 9d db 73 67 07 29 42 58 22 a7 d7 4b ed 88 90 00 
<<<<
>>>>
13 75 00 00 00 
00 00 00 00 00 00 02 26 90 00 
<<<<
>>>>
13 77 00 00 08 00 00 00 00 00 00 02 26 
c7 ad cb ae 6e 04 98 bb 2b 60 25 a8 85 98 c2 eb a6 54 ba f4 54 b8 96 e6 28 38 80 b4 ac 0e f9 e0 90 00 
<<<<
>>>>
13 76 00 00 00 
34 ad a6 4f 0f f9 3e ef 9e 6b 98 42 38 3a aa 2e f3 1b 94 f9 d4 15 f3 c7 68 82 c6 5f 50 03 6a f2 90 00 
<<<<
>>>>
13 75 00 00 00 
00 00 00 00 00 00 02 27 90 00 
<<<<
>>>>
13 76 00 00 00 
90 dd 19 bd 57 e9 e4 1a 0d 9f ee 27 c3 c8 fd 45 1c 7e 6a 20 07 3f 7d f9 1b 8d 70 45 1f c1 10 0a 90 00 
<<<<
>>>>
13 77 00 00 08 00 00 00 00 00 00 02 27 
34 ad a6 4f 0f f9 3e ef 9e 6b 98 42 38 3a aa 2e f3 1b 94 f9 d4 15 f3 c7 68 82 c6 5f 50 03 6a f2 90 00 
<<<<
>>>>
13 75 00 00 00 
00 00 00 00 00 00 02 28 90 00 
<<<<
>>>>
13 77 00 00 08 00 00 00 00 00 00 02 28 
90 dd 19 bd 57 e9 e4 1a 0d 9f ee 27 c3 c8 fd 45 1c 7e 6a 20 07 3f 7d f9 1b 8d 70 45 1f c1 10 0a 90 00 
<<<<
>>>>
13 76 00 00 00 
5e de b0 bf a1 a0 90 31 7e e3 94 92 ef cc e9 c1 cc 16 e1 d5 9f 5f b9 a8 9a 48 a1 e4 f6 45 36 15 90 00 
<<<<
>>>>
13 75 00 00 00 
00 00 00 00 00 00 02 29 90 00 
<<<<
>>>>
13 76 00 00 00 
df cc 1d 9b 1e ec c5 a7 f1 c4 a0 2c 95 1f 81 bd 6a cc df 2c 13 8c 54 14 67 9d ba 6a a1 f1 8b 2f 90 00 
<<<<
>>>>
13 77 00 00 08 00 00 00 00 00 00 02 29 
5e de b0 bf a1 a0 90 31 7e e3 94 92 ef cc e9 c1 cc 16 e1 d5 9f 5f b9 a8 9a 48 a1 e4 f6 45 36 15 90 00 
<<<<
>>>>
13 75 00 00 00 
00 00 00 00 00 00 02 2a 90 00 
<<<<
>>>>
13 77 00 00 08 00 00 00 00 00 00 02 2a 
df cc 1d 9b 1e ec c5 a7 f1 c4 a0 2c 95 1f 81 bd 6a cc df 2c 13 8c 54 14 67 9d ba 6a a1 f1 8b 2f 90 00 
<<<<
>>>>
13 76 00 00 00 
da 75 0a e6 9f 4c 42 ba 63 e5 ee 2d 73 14 38 3e 05 15 a9 de 21 df 8f 74 bc 43 22 f6 6b 40 ab 44 90 00 
<<<<
>>>>
13 75 00 00 00 
00 00 00 00 00 00 02 2b 90 00 
<<<<
>>>>
13 76 00 00 00 
1f ba d9 1a 5f a3 d0 e9 a5 fe 86 9f 60 93 ac 0f 6a 17 5d 23 26 6b e5 8f dc 20 34 e0 bc 79 ab ac 90 00 
<<<<
>>>>
13 77 00 00 08 00 00 00 00 00 00 02 2b 
da 75 0a e6 9f 4c 42 ba 63 e5 ee 2d 73 14 38 3e 05 15 a9 de 21 df 8f 74 bc 43 22 f6 6b 40 ab 44 90 00 
<<<<
>>>>
13 75 00 00 00 
00 00 00 00 00 00 02 2c 90 00 
<<<<
>>>>
13 77 00 00 08 00 00 00 00 00 00 02 2c 
1f ba d9 1a 5f a3 d0 e9 a5 fe 86 9f 60 93 ac 0f 6a 17 5d 23 26 6b e5 8f dc 20 34 e0 bc 79 ab ac 90 00 
<<<<
>>>>
13 76 00 00 00 
ba 8e 28 ef f7 22 7c e3 a4 fb 66 a0 77 57 44 f6 62 79 9c a5 11 2f 54 cf 81 f4 a2 fc 3a c8 56 df 90 00 
<<<<
>>>>
13 75 00 00 00 
00 00 00 00 00 00 02 2d 90 00 
<<<<
>>>>
13 76 00 00 00 
cb 13 dc 01 5e 4a 72 50 1b 2f c6 91 e5 5e e2 cc bc 4c 07 ee 25 03 3a b5 bd 25 6e 02 fe 59 2a 0c 90 00 
<<<<
>>>>
13 77 00 00 08 00 00 00 00 00 00 02 2d 
ba 8e 28 ef f7 22 7c e3 a4 fb 66 a0 77 57 44 f6 62 79 9c a5 11 2f 54 cf 81 f4 a2 fc 3a c8 56 df 90 00 
<<<<
>>>>
13 75 00 00 00 
00 00 00 00 00 00 02 2e 90 00 
<<<<
>>>>
13 77 00 00 08 00 00 00 00 00 00 02 2e 
cb 13 dc 01 5e 4a 72 50 1b 2f c6 91 e5 5e e2 cc bc 4c 07 ee 25 03 3a b5 bd 25 6e 02 fe 59 2a 0c 90 00 
<<<<
>>>>
13 76 00 00 00 
43 cb 01 4e ba 0b 0a 1b cc ab 99 6f e8 eb ba 3a a4 45 24 99 9d df f4 7f c0 c5 6f 4b 8a e4 97 84 90 00 
<<<<
>>>>
13 75 00 00 00 
00 00 00 00 00 00 02 2f 90 00 
<<<<
>>>>
13 76 00 00 00 
97 d8 56 07 c4 24 51 e4 52 10 62 72 6f d4 7b 97 d2 43 ba 68 7b 40 72 88 fa 83 ac ff 9c f9 b7 ee 90 00 
<<<<
>>>>
13 77 00 00 08 00 00 00 00 00 00 02 2f 
43 cb 01 4e ba 0b 0a 1b cc ab 99 6f e8 eb ba 3a a4 45 24 99 9d df f4 7f c0 c5 6f 4b 8a e4 97 84 90 00 
<<<<
>>>>
13 75 00 00 00 
00 00 00 00 00 00 02 30 90 00 
<<<<
>>>>
13 77 00 00 08 00 00 00 00 00 00 02 30 
97 d8 56 07 c4 24 51 e4 52 10 62 72 6f d4 7b 97 d2 43 ba 68 7b 40 72 88 fa 83 ac ff 9c f9 b7 ee 90 00 
<<<<
>>>>
13 76 00 00 00 
f8 7e 06 ae 44 f7 2b 3b 6c ca 5d 7c 6d ce 3b 98 1e 2a 51 55 55 c8 40 bf f5 72 c2 3c e4 f1 fa fa 90 00 
<<<<
>>>>
13 75 00 00 00 
00 00 00 00 00 00 02 31 90 00 
<<<<
>>>>
13 76 00 00 00 
f6 c7 85 63 bd 21 63 24 4e 35 0c fa 7a ea f7 a8 33 c0 e2 d0 37 7e ce 30 14 93 c5 a0 b4 3b f0 e9 90 00 
<<<<
>>>>
13 77 00 00 08 00 00 00 00 00 00 02 31 
f8 7e 06 ae 44 f7 2b 3b 6c ca 5d 7c 6d ce 3b 98 1e 2a 51 55 55 c8 40 bf f5 72 c2 3c e4 f1 fa fa 90 00 
<<<<
>>>>
13 75 00 00 00 
00 00 00 00 00 00 02 32 90 00 
<<<<
>>>>
13 77 00 00 08 00 00 00 00 00 00 02 32 
f6 c7 85 63 bd 21 63 24 4e 35 0c fa 7a ea f7 a8 33 c0 e2 d0 37 7e ce 30 14 93 c5 a0 b4 3b f0 e9 90 00 
<<<<
>>>>
13 76 00 00 00 
6e b1 4e 9c 41 d4 1c 75 60 82 0c 07 df f0 d5 3b d2 5c 20 31 f2 02 01 ec 29 db a7 5c 21 c8 16 f0 90 00 
<<<<
>>>>
13 75 00 00 00 
00 00 00 00 00 00 02 33 90 00 
<<<<
>>>>
13 76 00 00 00 
39 25 e9 e1 36 ec 27 d4 97 f2 b9 14 14 89 df 5d dd 3e 49 49 a7 50 45 fe c9 bd cf 93 2f ee 29 b2 90 00 
<<<<
>>>>
13 77 00 00 08 00 00 00 00 00 00 02 33 
6e b1 4e 9c 41 d4 1c 75 60 82 0c 07 df f0 d5 3b d2 5c 20 31 f2 02 01 ec 29 db a7 5c 21 c8 16 f0 90 00 
<<<<
>>>>
13 75 00 00 00 
00 00 00 00 00 00 02 34 90 00 
<<<<
>>>>
13 77 00 00 08 00 00 00 00 00 00 02 34 
39 25 e9 e1 36 ec 27 d4 97 f2 b9 14 14 89 df 5d dd 3e 49 49 a7 50 45 fe c9 bd cf 93 2f ee 29 b2 90 00 
<<<<
>>>>
13 76 00 00 00 
eb 10 ac 26 74 05 3f a0 b8 54 85 4d 83 a8 90 0e 75 52 f2 f6 78 68 ff de ea ba b5 0c 9f 86 be 59 90 00 
<<<<
>>>>
13 75 00 00 00 
00 00 00 00 00 00 02 35 90 00 
<<<<
>>>>
13 76 00 00 00 
66 9b 6f f2 56 f1 5c a1 1b 04 14 db 57 02 74 4f de 40 2b 64 2f 75 7a 5b 3f ba 43 f2 75 24 1f 49 90 00 
<<<<
>>>>
13 77 00 00 08 00 00 00 00 00 00 02 35 
eb 10 ac 26 74 05 3f a0 b8 54 85 4d 83 a8 90 0e 75 52 f2 f6 78 68 ff de ea ba b5 0c 9f 86 be 59 90 00 
<<<<
>>>>
13 75 00 00 00 
00 00 00 00 00 00 02 36 90 00 
<<<<
>>>>
13 77 00 00 08 00 00 00 00 00 00 02 36 
66 9b 6f f2 56 f1 5c a1 1b 04 14 db 57 02 74 4f de 40 2b 64 2f 75 7a 5b 3f ba 43 f2 75 24 1f 49 90 00 
<<<<
>>>>
13 76 00 00 00 
55 c6 83 78 7e 0b 22 90 bd 1f 2a 69 16 53 27 1f cf cb 84 1e 2c 3f b8 46 96 e8 90 ed 66 a8 8a 04 90 00 
<<<<
>>>>
13 75 00 00 00 
00 00 00 00 00 00 02 37 90 00 
<<<<
>>>>
13 76 00 00 00 
a1 9a 5c 46 c4 f1 a3 90 ff d8 f9 70 07 d9 dc bc 2d 54 de f7 b5 f2 76 bd 5c a3 44 39 38 38 98 d1 90 00 
<<<<
>>>>
13 77 00 00 08 00 00 00 00 00 00 02 37 
55 c6 83 78 7e 0b 22 90 bd 1f 2a 69 16 53 27 1f cf cb 84 1e 2c 3f b8 46 96 e8 90 ed 66 a8 8a 04 90 00 
<<<<
>>>>
13 75 00 00 00 
00 00 00 00 00 00 02 38 90 00 
<<<<
>>>>
13 77 00 00 08 00 00 00 00 00 00 02 38 
a1 9a 5c 46 c4 f1 a3 90 ff d8 f9 70 07 d9 dc bc 2d 54 de f7 b5 f2 76 bd 5c a3 44 39 38 38 98 d1 90 00 
<<<<
>>>>
13 76 00 00 00 
7d fe a6 ad cf 19 b9 5f 50 cc ba 50 60 18 0b 55 49 b7 57 83 c7 87 5f e7 59 24 4a 98 8d 73 b1 85 90 00 
<<<<
>>>>
13 75 00 00 00 
00 00 00 00 00 00 02 39 90 00 
<<<<
>>>>
13 76 00 00 00 
45 9c 47 8c 76 92 b8 e3 af 28 db f4 fa 85 e0 30 49 7a 35 62 1f 14 75 18 4a 96 5d 78 c5 0a d7 f2 90 00 
<<<<
>>>>
13 77 00 00 08 00 00 00 00 00 00 02 39 
7d fe a6 ad cf 19 b9 5f 50 cc ba 50 60 18 0b 55 49 b7 57 83 c7 87 5f e7 59 24 4a 98 8d 73 b1 85 90 00 
<<<<
>>>>
13 75 00 00 00 
00 00 00 00 00 00 02 3a 90 00 
<<<<
>>>>
13 77 00 00 08 00 00 00 00 00 00 02 3a 
45 9c 47 8c 76 92 b8 e3 af 28 db f4 fa 85 e0 30 49 7a 35 62 1f 14 75 18 4a 96 5d 78 c5 0a d7 f2 90 00 
<<<<
>>>>
13 76 00 00 00 
af 12 1c aa 95 2b cf 63 05 3f e8 3d e5 9c fd 8a 27 69 19 5c c2 c6 91 f8 1d 7c fd 9c 9c 7c 0a 19 90 00 
<<<<
>>>>
13 75 00 00 00 
00 00 00 00 00 00 02 3b 90 00 
<<<<
>>>>
13 76 00 00 00 
58 46 40 90 08 b4 6e 98 d0 6e b5 2e 21 88 42 f5 ac c5 15 42 a9 e1 22 76 90 1d 41 a3 b3 4b 12 2c 90 00 
<<<<
>>>>
13 77 00 00 08 00 00 00 00 00 00 02 3b 
af 12 1c aa 95 2b cf 63 05 3f e8 3d e5 9c fd 8a 27 69 19 5c c2 c6 91 f8 1d 7c fd 9c 9c 7c 0a 19 90 00 
<<<<
>>>>
13 75 00 00 00 
00 00 00 00 00 00 02 3c 90 00 
<<<<
>>>>
13 77 00 00 08 00 00 00 00 00 00 02 3c 
58 46 40 90 08 b4 6e 98 d0 6e b5 2e 21 88 42 f5 ac c5 15 42 a9 e1 22 76 90 1d 41 a3 b3 4b 12 2c 90 00 
<<<<
>>>>
13 76 00 00 00 
50 9d 6f d5 14 54 85 94 34 d6 80 1e 15 59 db 79 ad 8d e7 aa 12 93 97 ee 34 70 93 7a 43 9d f7 b0 90 00 
<<<<
>>>>
13 75 00 00 00 
00 00 00 00 00 00 02 3d 90 00 
<<<<
>>>>
13 76 00 00 00 
43 bc 52 95 5d d4 04 90 89 e1 27 63 64 4b 51 53 ff 19 b1 06 b2 0b 97 90 00 c4 e5 9d 72 33 ac eb 90 00 
<<<<
>>>>
13 77 00 00 08 00 00 00 00 00 00 02 3d 
50 9d 6f d5 14 54 85 94 34 d6 80 1e 15 59 db 79 ad 8d e7 aa 12 93 97 ee 34 70 93 7a 43 9d f7 b0 90 00 
<<<<
>>>>
13 75 00 00 00 
00 00 00 00 00 00 02 3e 90 00 
<<<<
>>>>
13 77 00 00 08 00 00 00 00 00 00 02 3e 
43 bc 52 95 5d d4 04 90 89 e1 27 63 64 4b 51 53 ff 19 b1 06 b2 0b 97 90 00 c4 e5 9d 72 33 ac eb 90 00 
<<<<
>>>>
13 76 00 00 00 
3f ee bb 7e 84 da 18 64 a8 19 58 49 e5 00 ab f2 9d 04 41 44 1f 99 3c 01 79 77 a2 d0 8a aa d1 6d 90 00 
<<<<
>>>>
13 75 00 00 00 
00 00 00 00 00 00 02 3f 90 00 
<<<<
>>>>
13 76 00 00 00 
54 b2 43 d1 46 0a 97 c1 21 a6 25 aa f9 7f e8 56 44 08 8e 4b 3f b0 80 6d 36 45 70 b8 a8 30 59 50 90 00 
<<<<
>>>>
13 77 00 00 08 00 00 00 00 00 00 02 3f 
3f ee bb 7e 84 da 18 64 a8 19 58 49 e5 00 ab f2 9d 04 41 44 1f 99 3c 01 79 77 a2 d0 8a aa d1 6d 90 00 
<<<<
>>>>
13 75 00 00 00 
00 00 00 00 00 00 02 40 90 00 
<<<<
>>>>
13 77 00 00 08 00 00 00 00 00 00 02 40 
54 b2 43 d1 46 0a 97 c1 21 a6 25 aa f9 7f e8 56 44 08 8e 4b 3f b0 80 6d 36 45 70 b8 a8 30 59 50 90 00 
<<<<
>>>>
13 76 00 00 00 
96 88 6d bd e7 b9 34 e8 c3 e4 ed 35 32 57 e7 6c e5 ff 7e 8b b7 b8 3f e3 2c a0 ff 8d 0f 87 ba 95 90 00 
<<<<
>>>>
13 75 00 00 00 
00 00 00 00 00 00 02 41 90 00 
<<<<
>>>>
13 76 00 00 00 
24 a6 cc bf a1 4f 5e d7 bd 8c 05 b9 1c 4f 14 b8 69 43 26 2b 2c a7 c1 bf 8c c4 8b e0 d1 4e 4a 99 90 00 
<<<<
>>>>
13 77 00 00 08 00 00 00 00 00 00 02 41 
96 88 6d bd e7 b9 34 e8 c3 e4 ed 35 32 57 e7 6c e5 ff 7e 8b b7 b8 3f e3 2c a0 ff 8d 0f 87 ba 95 90 00 
<<<<
>>>>
13 75 00 00 00 
00 00 00 00 00 00 02 42 90 00 
<<<<
>>>>
13 77 00 00 08 00 00 00 00 00 00 02 42 
24 a6 cc bf a1 4f 5e d7 bd 8c 05 b9 1c 4f 14 b8 69 43 26 2b 2c a7 c1 bf 8c c4 8b e0 d1 4e 4a 99 90 00 
<<<<
>>>>
13 76 00 00 00 
a4 94 48 e2 32 a9 fd 99 a8 3f bc c1 8d 8b 07 8f a5 73 f1 4c 01 21 2f 11 d4 72 1a e5 e5 ca 33 44 90 00 
<<<<
>>>>
13 75 00 00 00 
00 00 00 00 00 00 02 43 90 00 
<<<<
>>>>
13 76 00 00 00 
07 d3 9f 57 7f d8 38 38 d7 c0 cf 6c b2 37 99 98 88 70 e6 d8 e1 93 77 0f c6 cc ea 17 56 82 98 d8 90 00 
<<<<
>>>>
13 77 00 00 08 00 00 00 00 00 00 02 43 
a4 94 48 e2 32 a9 fd 99 a8 3f bc c1 8d 8b 07 8f a5 73 f1 4c 01 21 2f 11 d4 72 1a e5 e5 ca 33 44 90 00 
<<<<
>>>>
13 75 00 00 00 
00 00 00 00 00 00 02 44 90 00 
<<<<
>>>>
13 77 00 00 08 00 00 00 00 00 00 02 44 
07 d3 9f 57 7f d8 38 38 d7 c0 cf 6c b2 37 99 98 88 70 e6 d8 e1 93 77 0f c6 cc ea 17 56 82 98 d8 90 00 
<<<<
>>>>
13 76 00 00 00 
b1 b2 27 df 0d 75 6a 84 0a 9d 04 82 5b 56 94 3c 1c 2a be 5d 96 f7 fe 6e 6b d4 ab 74 7b 97 90 58 90 00 
<<<<
>>>>
13 75 00 00 00 
00 00 00 00 00 00 02 45 90 00 
<<<<
>>>>
13 76 00 00 00 
8a 2b 88 fb a6 6c 60 55 9c 2b 40 ac 42 0d 4f f3 fc c3 2f e0 b2 4e 8f b7 1d 83 ec 4c d9 c9 0d 10 90 00 
<<<<
>>>>
13 77 00 00 08 00 00 00 00 00 00 02 45 
b1 b2 27 df 0d 75 6a 84 0a 9d 04 82 5b 56 94 3c 1c 2a be 5d 96 f7 fe 6e 6b d4 ab 74 7b 97 90 58 90 00 
<<<<
>>>>
13 75 00 00 00 
00 00 00 00 00 00 02 46 90 00 
<<<<
>>>>
13 77 00 00 08 00 00 00 00 00 00 02 46 
8a 2b 88 fb a6 6c 60 55 9c 2b 40 ac 42 0d 4f f3 fc c3 2f e0 b2 4e 8f b7 1d 83 ec 4c d9 c9 0d 10 90 00 
<<<<
>>>>
13 76 00 00 00 
32 49 9e 3d 05 43 61 7c c7 f0 1a 7a ad 05 a0 d7 52 79 fb 43 5c 8d 5e 08 31 dc 5d 9f 0c fb 02 d7 90 00 
<<<<
>>>>
13 75 00 00 00 
00 00 00 00 00 00 02 47 90 00 
<<<<
>>>>
13 76 00 00 00 
fc 52 bb 71 4d b6 3f 18 77 f8 89 a9 00 ba 46 fe 95 c4 e0 a6 fd 72 3d a5 1d 2d a7 55 6f 2d 73 33 90 00 
<<<<
>>>>
13 77 00 00 08 00 00 00 00 00 00 02 47 
32 49 9e 3d 05 43 61 7c c7 f0 1a 7a ad 05 a0 d7 52 79 fb 43 5c 8d 5e 08 31 dc 5d 9f 0c fb 02 d7 90 00 
<<<<
>>>>
13 75 00 00 00 
00 00 00 00 00 00 02 48 90 00 
<<<<
>>>>
13 77 00 00 08 00 00 00 00 00 00 02 48 
fc 52 bb 71 4d b6 3f 18 77 f8 89 a9 00 ba 46 fe 95 c4 e0 a6 fd 72 3d a5 1d 2d a7 55 6f 2d 73 33 90 00 
<<<<
>>>>
13 76 00 00 00 
51 98 0f 69 7b 4e 7a 71 a1 91 c2 0a d1 bd 1e e4 08 a8 f9 dc 91 6b 7c 60 8b d8 e0 e4 d9 8f 3c 9d 90 00 
<<<<
>>>>
13 75 00 00 00 
00 00 00 00 00 00 02 49 90 00 
<<<<
>>>>
13 76 00 00 00 
3b 10 cc 79 07 bd 12 12 2d 86 0c eb 7f 3a 2e 5f 8d 8b cb 49 8a 95 b1 36 9d 71 87 8b c5 90 a5 f8 90 00 
<<<<
>>>>
13 77 00 00 08 00 00 00 00 00 00 02 49 
51 98 0f 69 7b 4e 7a 71 a1 91 c2 0a d1 bd 1e e4 08 a8 f9 dc 91 6b 7c 60 8b d8 e0 e4 d9 8f 3c 9d 90 00 
<<<<
>>>>
13 75 00 00 00 
00 00 00 00 00 00 02 4a 90 00 
<<<<
>>>>
13 77 00 00 08 00 00 00 00 00 00 02 4a 
3b 10 cc 79 07 bd 12 12 2d 86 0c eb 7f 3a 2e 5f 8d 8b cb 49 8a 95 b1 36 9d 71 87 8b c5 90 a5 f8 90 00 
<<<<
>>>>
13 76 00 00 00 
6a c6 6c b0 e9 a7 f9 6a d4 72 86 b8 b4 c0 66 6b 57 1d e2 b4 53 bd de ac 9b 65 08 e8 8e 77 b2 b5 90 00 
<<<<
>>>>
13 75 00 00 00 
00 00 00 00 00 00 02 4b 90 00 
<<<<
>>>>
13 76 00 00 00 
c9 73 19 55 08 04 ab 89 2a 1a ab a9 cd f4 3c 8e 8b fc 02 03 b3 ac 86 95 8a e8 ed 53 5b eb d2 0c 90 00 
<<<<
>>>>
13 77 00 00 08 00 00 00 00 00 00 02 4b 
6a c6 6c b0 e9 a7 f9 6a d4 72 86 b8 b4 c0 66 6b 57 1d e2 b4 53 bd de ac 9b 65 08 e8 8e 77 b2 b5 90 00 
<<<<
>>>>
13 75 00 00 00 
00 00 00 00 00 00 02 4c 90 00 
<<<<
>>>>
13 77 00 00 08 00 00 00 00 00 00 02 4c 
c9 73 19 55 08 04 ab 89 2a 1a ab a9 cd f4 3c 8e 8b fc 02 03 b3 ac 86 95 8a e8 ed 53 5b eb d2 0c 90 00 
<<<<
>>>>
13 76 00 00 00 
70 d5 1c f3 dc dd 0f a0 e6 b8 55 60 ea 51 26 a5 3f 63 f5 9b fc 0b 91 61 7d cd ca 64 c9 fe 8d 1d 90 00 
<<<<
>>>>
13 75 00 00 00 
00 00 00 00 00 00 02 4d 90 00 
<<<<
>>>>
13 76 00 00 00 
63 0c ed 58 7d 94 9a 99 f0 94 c7 2a ba e0 ef 4a 42 47 22 2b a0 fb dd f0 0f e2 76 2f a3 b7 17 23 90 00 
<<<<
>>>>
13 77 00 00 08 00 00 00 00 00 00 02 4d 
70 d5 1c f3 dc dd 0f a0 e6 b8 55 60 ea 51 26 a5 3f 63 f5 9b fc 0b 91 61 7d cd ca 64 c9 fe 8d 1d 90 00 
<<<<
>>>>
13 75 00 00 00 
00 00 00 00 00 00 02 4e 90 00 
<<<<
>>>>
13 77 00 00 08 00 00 00 00 00 00 02 4e 
63 0c ed 58 7d 94 9a 99 f0 94 c7 2a ba e0 ef 4a 42 47 22 2b a0 fb dd f0 0f e2 76 2f a3 b7 17 23 90 00 
<<<<
>>>>
13 76 00 00 00 
1e 0b cb 76 41 0e e0 17 98 d7 04 6f f2 35 1d 8a 47 36 ab 85 0f a1 5b 4c b8 4e 08 5d 99 f1 63 23 90 00 
<<<<
>>>>
13 75 00 00 00 
00 00 00 00 00 00 02 4f 90 00 
<<<<
>>>>
13 76 00 00 00 
ea 2b 2c ef 04 e9 9e a1 05 e3 16 18 72 2c 50 06 d9 58 af 8b c4 dc 19 20 fb 4f c1 c0 f4 d6 fb a5 90 00 
<<<<
>>>>
13 77 00 00 08 00 00 00 00 00 00 02 4f 
1e 0b cb 76 41 0e e0 17 98 d7 04 6f f2 35 1d 8a 47 36 ab 85 0f a1 5b 4c b8 4e 08 5d 99 f1 63 23 90 00 
<<<<
>>>>
13 75 00 00 00 
00 00 00 00 00 00 02 50 90 00 
<<<<
>>>>
13 77 00 00 08 00 00 00 00 00 00 02 50 
ea 2b 2c ef 04 e9 9e a1 05 e3 16 18 72 2c 50 06 d9 58 af 8b c4 dc 19 20 fb 4f c1 c0 f4 d6 fb a5 90 00 
<<<<
>>>>
13 76 00 00 00 
70 4d 4a c2 c1 e1 93 7a 06 16 9e d7 8e 8b 17 57 78 bc e3 f3 91 d5 89 20 9f be 32 eb 5a 0d 9e a5 90 00 
<<<<
>>>>
13 75 00 00 00 
00 00 00 00 00 00 02 51 90 00 
<<<<
>>>>
13 76 00 00 00 
45 02 f2 16 e2 f5 37 fe 45 3b b6 3c ad e3 f5 f1 fb d9 3d 9c d0 fe fd 88 ad f1 3a 77 40 a6 c5 bd 90 00 
<<<<
>>>>
13 77 00 00 08 00 00 00 00 00 00 02 51 
70 4d 4a c2 c1 e1 93 7a 06 16 9e d7 8e 8b 17 57 78 bc e3 f3 91 d5 89 20 9f be 32 eb 5a 0d 9e a5 90 00 
<<<<
>>>>
13 75 00 00 00 
00 00 00 00 00 00 02 52 90 00 
<<<<
>>>>
13 77 00 00 08 00 00 00 00 00 00 02 52 
45 02 f2 16 e2 f5 37 fe 45 3b b6 3c ad e3 f5 f1 fb d9 3d 9c d0 fe fd 88 ad f1 3a 77 40 a6 c5 bd 90 00 
<<<<
>>>>
13 76 00 00 00 
79 44 9e 15 96 cf 38 c0 2f 44 b1 0b 4d fd dd b8 c7 1b 3a 77 fb db 7e 30 b2 06 14 7a 22 7d 28 78 90 00 
<<<<
>>>>
13 75 00 00 00 
00 00 00 00 00 00 02 53 90 00 
<<<<
>>>>
13 76 00 00 00 
11 15 fb ca f6 76 92 d2 3b 2a c8 96 bf 5f 9d d7 1e 8a b1 b0 5e ad 24 8d 07 af 6f 64 a2 f3 ee 9b 90 00 
<<<<
>>>>
13 77 00 00 08 00 00 00 00 00 00 02 53 
79 44 9e 15 96 cf 38 c0 2f 44 b1 0b 4d fd dd b8 c7 1b 3a 77 fb db 7e 30 b2 06 14 7a 22 7d 28 78 90 00 
<<<<
>>>>
13 75 00 00 00 
00 00 00 00 00 00 02 54 90 00 
<<<<
>>>>
13 77 00 00 08 00 00 00 00 00 00 02 54 
11 15 fb ca f6 76 92 d2 3b 2a c8 96 bf 5f 9d d7 1e 8a b1 b0 5e ad 24 8d 07 af 6f 64 a2 f3 ee 9b 90 00 
<<<<
>>>>
13 76 00 00 00 
c4 ef ee ef fd 5e 0a cd b1 7f 21 1e d7 e6 1a 2f fc 70 9e 42 b0 a4 5f 86 ea 5f 18 a6 9b c3 5c 28 90 00 
<<<<
>>>>
13 75 00 00 00 
00 00 00 00 00 00 02 55 90 00 
<<<<
>>>>
13 76 00 00 00 
e2 60 80 74 16 f8 42 d8 a2 d6 bd c6 b6 13 26 08 c4 22 c6 f7 63 17 6d 4d 4c af 67 84 db 70 60 52 90 00 
<<<<
>>>>
13 77 00 00 08 00 00 00 00 00 00 02 55 
c4 ef ee ef fd 5e 0a cd b1 7f 21 1e d7 e6 1a 2f fc 70 9e 42 b0 a4 5f 86 ea 5f 18 a6 9b c3 5c 28 90 00 
<<<<
>>>>
13 75 00 00 00 
00 00 00 00 00 00 02 56 90 00 
<<<<
>>>>
13 77 00 00 08 00 00 00 00 00 00 02 56 
e2 60 80 74 16 f8 42 d8 a2 d6 bd c6 b6 13 26 08 c4 22 c6 f7 63 17 6d 4d 4c af 67 84 db 70 60 52 90 00 
<<<<
>>>>
13 76 00 00 00 
e6 46 d4 84 e5 42 21 d1 ad 68 6a c5 80 71 60 d8 4a ee 37 2a 31 90 15 cf e3 b8 14 26 60 0c 2b f0 90 00 
<<<<
>>>>
13 75 00 00 00 
00 00 00 00 00 00 02 57 90 00 
<<<<
>>>>
13 76 00 00 00 
98 2c fe e3 0e ff 30 0b 16 20 36 80 a0 98 d8 03 f4 c9 ba c2 a6 6f 66 e9 c5 b1 72 81 b1 ad 36 c6 90 00 
<<<<
>>>>
13 77 00 00 08 00 00 00 00 00 00 02 57 
e6 46 d4 84 e5 42 21 d1 ad 68 6a c5 80 71 60 d8 4a ee 37 2a 31 90 15 cf e3 b8 14 26 60 0c 2b f0 90 00 
<<<<
>>>>
13 75 00 00 00 
00 00 00 00 00 00 02 58 90 00 
<<<<
>>>>
13 77 00 00 08 00 00 00 00 00 00 02 58 
98 2c fe e3 0e ff 30 0b 16 20 36 80 a0 98 d8 03 f4 c9 ba c2 a6 6f 66 e9 c5 b1 72 81 b1 ad 36 c6 90 00 
<<<<
>>>>
13 76 00 00 00 
52 fe 8f 02 fa 31 43 b9 64 ad 23 77 dc 6f 6c b6 78 2d 1c 89 34 11 d8 3e af 32 a4 4b c5 01 f4 6c 90 00 
<<<<
>>>>
13 75 00 00 00 
00 00 00 00 00 00 02 59 90 00 
<<<<
>>>>
13 76 00 00 00 
a5 26 a4 66 f7 c9 8a a7 1d e1 b9 89 6d 70 a4 ed fe 3b 76 b5 d5 82 29 c2 13 5d 27 14 9a 84 33 ac 90 00 
<<<<
>>>>
13 77 00 00 08 00 00 00 00 00 00 02 59 
52 fe 8f 02 fa 31 43 b9 64 ad 23 77 dc 6f 6c b6 78 2d 1c 89 34 11 d8 3e af 32 a4 4b c5 01 f4 6c 90 00 
<<<<
>>>>
13 75 00 00 00 
00 00 00 00 00 00 02 5a 90 00 
<<<<
>>>>
13 77 00 00 08 00 00 00 00 00 00 02 5a 
a5 26 a4 66 f7 c9 8a a7 1d e1 b9 89 6d 70 a4 ed fe 3b 76 b5 d5 82 29 c2 13 5d 27 14 9a 84 33 ac 90 00 
<<<<
>>>>
13 76 00 00 00 
0b 2e aa d2 fe 67 fe 23 47 d0 c9 35 1b 29 1b 97 9c bf 42 8b ae cc 15 c3 49 d4 3f 1e 5d c9 8b a5 90 00 
<<<<
>>>>
13 75 00 00 00 
00 00 00 00 00 00 02 5b 90 00 
<<<<
>>>>
13 76 00 00 00 
e7 2e 73 44 40 be 75 16 22 9e 52 1d 12 40 b9 23 51 ec 30 46 0f 7e a0 0c 10 77 84 aa 96 08 95 a5 90 00 
<<<<
>>>>
13 77 00 00 08 00 00 00 00 00 00 02 5b 
0b 2e aa d2 fe 67 fe 23 47 d0 c9 35 1b 29 1b 97 9c bf 42 8b ae cc 15 c3 49 d4 3f 1e 5d c9 8b a5 90 00 
<<<<
>>>>
13 75 00 00 00 
00 00 00 00 00 00 02 5c 90 00 
<<<<
>>>>
13 77 00 00 08 00 00 00 00 00 00 02 5c 
e7 2e 73 44 40 be 75 16 22 9e 52 1d 12 40 b9 23 51 ec 30 46 0f 7e a0 0c 10 77 84 aa 96 08 95 a5 90 00 
<<<<
>>>>
13 76 00 00 00 
38 06 3a 3a f5 91 f4 78 a2 d4 41 e5 78 17 ac 1d 9d 1a b1 44 61 e8 3f 01 db e5 09 22 d4 0b 67 d1 90 00 
<<<<
>>>>
13 75 00 00 00 
00 00 00 00 00 00 02 5d 90 00 
<<<<
>>>>
13 76 00 00 00 
2e ed 08 1f a0 ca 64 e2 ea c0 2a 42 16 29 8e 73 69 6a 19 6c ee 20 02 f0 74 4d f1 fa 57 aa 04 9c 90 00 
<<<<
>>>>
13 77 00 00 08 00 00 00 00 00 00 02 5d 
38 06 3a 3a f5 91 f4 78 a2 d4 41 e5 78 17 ac 1d 9d 1a b1 44 61 e8 3f 01 db e5 09 22 d4 0b 67 d1 90 00 
<<<<
>>>>
13 75 00 00 00 
00 00 00 00 00 00 02 5e 90 00 
<<<<
>>>>
13 77 00 00 08 00 00 00 00 00 00 02 5e 
2e ed 08 1f a0 ca 64 e2 ea c0 2a 42 16 29 8e 73 69 6a 19 6c ee 20 02 f0 74 4d f1 fa 57 aa 04 9c 90 00 
<<<<
>>>>
13 76 00 00 00 
8a 92 4e 30 d1 c8 a6 42 9d f7 cb 6f e3 c3 4e 04 dc 83 f8 79 ae b1 f2 52 f2 e0 35 18 b4 1a c9 c8 90 00 
<<<<
>>>>
13 75 00 00 00 
00 00 00 00 00 00 02 5f 90 00 
<<<<
>>>>
13 76 00 00 00 
b4 78 b1 72 37 e4 93 ff a5 89 16 bc 24 65 73 06 55 7b df 0a 48 5b e9 88 72 09 93 6e e2 81 fe 68 90 00 
<<<<
>>>>
13 77 00 00 08 00 00 00 00 00 00 02 5f 
8a 92 4e 30 d1 c8 a6 42 9d f7 cb 6f e3 c3 4e 04 dc 83 f8 79 ae b1 f2 52 f2 e0 35 18 b4 1a c9 c8 90 00 
<<<<
>>>>
13 75 00 00 00 
00 00 00 00 00 00 02 60 90 00 
<<<<
>>>>
13 77 00 00 08 00 00 00 00 00 00 02 60 
b4 78 b1 72 37 e4 93 ff a5 89 16 bc 24 65 73 06 55 7b df 0a 48 5b e9 88 72 09 93 6e e2 81 fe 68 90 00 
<<<<
>>>>
13 76 00 00 00 
62 df f3 48 a0 34 94 2a 28 a1 80 4b bc 4f ef e8 9f 65 4d 48 10 c7 61 fb 1a 14 65 fe 99 e0 bb 28 90 00 
<<<<
>>>>
13 75 00 00 00 
00 00 00 00 00 00 02 61 90 00 
<<<<
>>>>
13 76 00 00 00 
7a e0 8d f2 b3 8a a4 bf 06 b8 b0 dc 77 14 32 14 1c 69 d5 d9 c6 4c f2 a3 06 b7 da 12 a2 04 cb c8 90 00 
<<<<
>>>>
13 77 00 00 08 00 00 00 00 00 00 02 61 
62 df f3 48 a0 34 94 2a 28 a1 80 4b bc 4f ef e8 9f 65 4d 48 10 c7 61 fb 1a 14 65 fe 99 e0 bb 28 90 00 
<<<<
>>>>
13 75 00 00 00 
00 00 00 00 00 00 02 62 90 00 
<<<<
>>>>
13 77 00 00 08 00 00 00 00 00 00 02 62 
7a e0 8d f2 b3 8a a4 bf 06 b8 b0 dc 77 14 32 14 1c 69 d5 d9 c6 4c f2 a3 06 b7 da 12 a2 04 cb c8 90 00 
<<<<
>>>>
13 76 00 00 00 
e0 d1 9f ca 9c 3a a8 7e 5f 94 56 ce 40 75 28 37 23 3f 3c 17 c2 e9 6c 26 bf bc 44 59 d4 f1 de df 90 00 
<<<<
>>>>
13 75 00 00 00 
00 00 00 00 00 00 02 63 90 00 
<<<<
>>>>
13 76 00 00 00 
32 1a 43 a7 88 5a 3a 16 2d ff 5c 32 a3 a9 2a e5 5f af 13 5b 22 51 c9 84 23 d0 0a 22 ab 70 68 c8 90 00 
<<<<
>>>>
13 77 00 00 08 00 00 00 00 00 00 02 63 
e0 d1 9f ca 9c 3a a8 7e 5f 94 56 ce 40 75 28 37 23 3f 3c 17 c2 e9 6c 26 bf bc 44 59 d4 f1 de df 90 00 
<<<<
>>>>
13 75 00 00 00 
00 00 00 00 00 00 02 64 90 00 
<<<<
>>>>
13 77 00 00 08 00 00 00 00 00 00 02 64 
32 1a 43 a7 88 5a 3a 16 2d ff 5c 32 a3 a9 2a e5 5f af 13 5b 22 51 c9 84 23 d0 0a 22 ab 70 68 c8 90 00 
<<<<
>>>>
13 76 00 00 00 
27 ab 8c 4d b9 43 9b 09 11 f3 52 d8 63 45 09 e0 be e8 88 7a 33 b8 4d 03 e3 cf 46 c7 18 6f 62 e1 90 00 
<<<<
>>>>
13 75 00 00 00 
00 00 00 00 00 00 02 65 90 00 
<<<<
>>>>
13 76 00 00 00 
85 e6 24 f6 f0 32 ad fe a4 17 d7 f6 01 01 52 ea 71 63 1b 5e 22 3b 5a d6 57 2e 9b a3 fc 35 6f 5f 90 00 
<<<<
>>>>
13 77 00 00 08 00 00 00 00 00 00 02 65 
27 ab 8c 4d b9 43 9b 09 11 f3 52 d8 63 45 09 e0 be e8 88 7a 33 b8 4d 03 e3 cf 46 c7 18 6f 62 e1 90 00 
<<<<
>>>>
13 75 00 00 00 
00 00 00 00 00 00 02 66 90 00 
<<<<
>>>>
13 77 00 00 08 00 00 00 00 00 00 02 66 
85 e6 24 f6 f0 32 ad fe a4 17 d7 f6 01 01 52 ea 71 63 1b 5e 22 3b 5a d6 57 2e 9b a3 fc 35 6f 5f 90 00 
<<<<
>>>>
13 76 00 00 00 
65 2d d8 2d ef 3e 51 97 5d 8a b6 22 1e a8 13 e1 4e 5e 6b 88 67 a3 e4 72 a1 33 d3 29 e9 95 bf dc 90 00 
<<<<
>>>>
13 75 00 00 00 
00 00 00 00 00 00 02 67 90 00 
<<<<
>>>>
13 76 00 00 00 
d8 9e 05 22 7e 25 08 dc 8c 9c 79 77 ae c6 6e 14 99 07 6d 86 38 14 4a 93 b2 18 9f 29 a2 0f 87 8d 90 00 
<<<<
>>>>
13 77 00 00 08 00 00 00 00 00 00 02 67 
65 2d d8 2d ef 3e 51 97 5d 8a b6 22 1e a8 13 e1 4e 5e 6b 88 67 a3 e4 72 a1 33 d3 29 e9 95 bf dc 90 00 
<<<<
>>>>
13 75 00 00 00 
00 00 00 00 00 00 02 68 90 00 
<<<<
>>>>
13 77 00 00 08 00 00 00 00 00 00 02 68 
d8 9e 05 22 7e 25 08 dc 8c 9c 79 77 ae c6 6e 14 99 07 6d 86 38 14 4a 93 b2 18 9f 29 a2 0f 87 8d 90 00 
<<<<
>>>>
13 76 00 00 00 
aa b9 53 a6 d8 61 cb 47 4c ff 04 12 44 40 17 9d 32 8e 2a c6 cc 96 2c c6 89 6e 52 eb 2e e9 b9 11 90 00 
<<<<
>>>>
13 75 00 00 00 
00 00 00 00 00 00 02 69 90 00 
<<<<
>>>>
13 76 00 00 00 
5a 9c 14 e8 77 0e dd bb fa fc f5 ed 7e 04 6e d2 a2 ab 2d b6 16 db d5 af d0 21 df f0 13 c5 a9 75 90 00 
<<<<
>>>>
13 77 00 00 08 00 00 00 00 00 00 02 69 
aa b9 53 a6 d8 61 cb 47 4c ff 04 12 44 40 17 9d 32 8e 2a c6 cc 96 2c c6 89 6e 52 eb 2e e9 b9 11 90 00 
<<<<
>>>>
13 75 00 00 00 
00 00 00 00 00 00 02 6a 90 00 
<<<<
>>>>
13 77 00 00 08 00 00 00 00 00 00 02 6a 
5a 9c 14 e8 77 0e dd bb fa fc f5 ed 7e 04 6e d2 a2 ab 2d b6 16 db d5 af d0 21 df f0 13 c5 a9 75 90 00 
<<<<
>>>>
13 76 00 00 00 
61 0c 8b cd df 90 51 d6 7f da 78 0b 52 ac c2 c3 00 11 c6 5e 3b 41 ca f8 29 fe 02 fd d6 f8 32 8f 90 00 
<<<<
>>>>
13 75 00 00 00 
00 00 00 00 00 00 02 6b 90 00 
<<<<
>>>>
13 76 00 00 00 
e1 38 99 b6 22 17 d1 44 a1 6f 76 b0 e8 4d a4 10 25 bb 74 47 98 d7 1b ca 35 14 59 1a bd 12 e3 13 90 00 
<<<<
>>>>
13 77 00 00 08 00 00 00 00 00 00 02 6b 
61 0c 8b cd df 90 51 d6 7f da 78 0b 52 ac c2 c3 00 11 c6 5e 3b 41 ca f8 29 fe 02 fd d6 f8 32 8f 90 00 
<<<<
>>>>
13 75 00 00 00 
00 00 00 00 00 00 02 6c 90 00 
<<<<
>>>>
13 77 00 00 08 00 00 00 00 00 00 02 6c 
e1 38 99 b6 22 17 d1 44 a1 6f 76 b0 e8 4d a4 10 25 bb 74 47 98 d7 1b ca 35 14 59 1a bd 12 e3 13 90 00 
<<<<
>>>>
13 76 00 00 00 
21 67 39 35 72 66 97 2d bb 78 c3 cc 79 e4 34 92 f6 57 d4 14 d1 03 96 2e 8b c0 a3 be 80 6a e2 04 90 00 
<<<<
>>>>
13 75 00 00 00 
00 00 00 00 00 00 02 6d 90 00 
<<<<
>>>>
13 76 00 00 00 
54 24 ec ae b8 d6 70 a1 17 01 8e 12 9c c8 3e b2 d9 e3 b5 83 72 c5 b2 28 d8 5d 45 de 35 a3 d3 d7 90 00 
<<<<
>>>>
13 77 00 00 08 00 00 00 00 00 00 02 6d 
21 67 39 35 72 66 97 2d bb 78 c3 cc 79 e4 34 92 f6 57 d4 14 d1 03 96 2e 8b c0 a3 be 80 6a e2 04 90 00 
<<<<
>>>>
13 75 00 00 00 
00 00 00 00 00 00 02 6e 90 00 
<<<<
>>>>
13 77 00 00 08 00 00 00 00 00 00 02 6e 
54 24 ec ae b8 d6 70 a1 17 01 8e 12 9c c8 3e b2 d9 e3 b5 83 72 c5 b2 28 d8 5d 45 de 35 a3 d3 d7 90 00 
<<<<
>>>>
13 76 00 00 00 
8b 97 b4 b7 f7 bc 00 14 10 22 df 01 7c cb fd 4b 78 75 88 7c bc b7 85 e3 90 2b f0 a3 9e 6b 8d 3b 90 00 
<<<<
>>>>
13 75 00 00 00 
00 00 00 00 00 00 02 6f 90 00 
<<<<
>>>>
13 76 00 00 00 
e3 40 98 08 5b 04 d1 d6 c3 0d b6 4c 16 e5 78 0d 51 e4 16 f8 5a 3f 08 9b cf 6f da 38 8f 0d ff bb 90 00 
<<<<
>>>>
13 77 00 00 08 00 00 00 00 00 00 02 6f 
8b 97 b4 b7 f7 bc 00 14 10 22 df 01 7c cb fd 4b 78 75 88 7c bc b7 85 e3 90 2b f0 a3 9e 6b 8d 3b 90 00 
<<<<
>>>>
13 75 00 00 00 
00 00 00 00 00 00 02 70 90 00 
<<<<
>>>>
13 77 00 00 08 00 00 00 00 00 00 02 70 
e3 40 98 08 5b 04 d1 d6 c3 0d b6 4c 16 e5 78 0d 51 e4 16 f8 5a 3f 08 9b cf 6f da 38 8f 0d ff bb 90 00 
<<<<
>>>>
13 76 00 00 00 
06 61 ab 4d c5 bd 18 cc 2d f1 3c 1d 38 3c bc e2 cb 03 3f 40 7e 3a 4f a5 70 6d 42 17 2b 81 9f 56 90 00 
<<<<
>>>>
13 75 00 00 00 
00 00 00 00 00 00 02 71 90 00 
<<<<
>>>>
13 76 00 00 00 
de b8 bb e7 0a 67 5f a3 ff c8 44 43 df f1 e8 65 86 80 91 0c ba ec 65 43 6a d6 58 15 de ea cb 6e 90 00 
<<<<
>>>>
13 77 00 00 08 00 00 00 00 00 00 02 71 
06 61 ab 4d c5 bd 18 cc 2d f1 3c 1d 38 3c bc e2 cb 03 3f 40 7e 3a 4f a5 70 6d 42 17 2b 81 9f 56 90 00 
<<<<
>>>>
13 75 00 00 00 
00 00 00 00 00 00 02 72 90 00 
<<<<
>>>>
13 77 00 00 08 00 00 00 00 00 00 02 72 
de b8 bb e7 0a 67 5f a3 ff c8 44 43 df f1 e8 65 86 80 91 0c ba ec 65 43 6a d6 58 15 de ea cb 6e 90 00 
<<<<
>>>>
13 76 00 00 00 
5a a0 7c 71 70 c6 9e af 07 ac d4 6b f8 2f 8b 2b f6 94 5d c2 75 bf c6 13 76 71 1b 0d 8c 2d f4 15 90 00 
<<<<
>>>>
13 75 00 00 00 
00 00 00 00 00 00 02 73 90 00 
<<<<
>>>>
13 76 00 00 00 
9a f9 09 d3 8e 43 66 75 14 1f 13 0d 66 ee 37 50 b5 dd 5c 29 d3 31 3d f9 5f eb 20 11 12 1b a4 ed 90 00 
<<<<
>>>>
13 77 00 00 08 00 00 00 00 00 00 02 73 
5a a0 7c 71 70 c6 9e af 07 ac d4 6b f8 2f 8b 2b f6 94 5d c2 75 bf c6 13 76 71 1b 0d 8c 2d f4 15 90 00 
<<<<
>>>>
13 75 00 00 00 
00 00 00 00 00 00 02 74 90 00 
<<<<
>>>>
13 77 00 00 08 00 00 00 00 00 00 02 74 
9a f9 09 d3 8e 43 66 75 14 1f 13 0d 66 ee 37 50 b5 dd 5c 29 d3 31 3d f9 5f eb 20 11 12 1b a4 ed 90 00 
<<<<
>>>>
13 76 00 00 00 
57 73 75 39 6e 41 c5 d4 75 78 da 5b b2 1c e7 00 e8 0b bf 04 a8 78 d4 aa 65 02 51 74 ed 4d 49 aa 90 00 
<<<<
>>>>
13 75 00 00 00 
00 00 00 00 00 00 02 75 90 00 
<<<<
>>>>
13 76 00 00 00 
e4 e0 49 be 2e a7 af 6f 9e 13 80 e9 85 ff f7 73 fa 22 8b 8e 22 eb 29 4e 70 cd 0f 37 16 d2 fe 4a 90 00 
<<<<
>>>>
13 77 00 00 08 00 00 00 00 00 00 02 75 
57 73 75 39 6e 41 c5 d4 75 78 da 5b b2 1c e7 00 e8 0b bf 04 a8 78 d4 aa 65 02 51 74 ed 4d 49 aa 90 00 
<<<<
>>>>
13 75 00 00 00 
00 00 00 00 00 00 02 76 90 00 
<<<<
>>>>
13 77 00 00 08 00 00 00 00 00 00 02 76 
e4 e0 49 be 2e a7 af 6f 9e 13 80 e9 85 ff f7 73 fa 22 8b 8e 22 eb 29 4e 70 cd 0f 37 16 d2 fe 4a 90 00 
<<<<
>>>>
13 76 00 00 00 
e5 41 5c 0d 3a 30 0e be c0 8f 4d 4c a9 6c 31 7c 93 32 05 4d c1 66 71 93 ca 6e c8 e8 ec 8c 0b a8 90 00 
<<<<
>>>>
13 75 00 00 00 
00 00 00 00 00 00 02 77 90 00 
<<<<
>>>>
13 76 00 00 00 
ca fc 78 e1 1a 60 6d 9c b2 83 f5 76 de c4 44 95 5c 49 c1 55 93 ca 11 9a e7 4f 14 d5 36 c6 21 07 90 00 
<<<<
>>>>
13 77 00 00 08 00 00 00 00 00 00 02 77 
e5 41 5c 0d 3a 30 0e be c0 8f 4d 4c a9 6c 31 7c 93 32 05 4d c1 66 71 93 ca 6e c8 e8 ec 8c 0b a8 90 00 
<<<<
>>>>
13 75 00 00 00 
00 00 00 00 00 00 02 78 90 00 
<<<<
>>>>
13 77 00 00 08 00 00 00 00 00 00 02 78 
ca fc 78 e1 1a 60 6d 9c b2 83 f5 76 de c4 44 95 5c 49 c1 55 93 ca 11 9a e7 4f 14 d5 36 c6 21 07 90 00 
<<<<
>>>>
13 76 00 00 00 
88 4e af 41 56 9c 2c 00 fb 5e db f6 23 36 21 d9 67 34 a7 7f 8b ef 2c 92 24 00 9a 0f 51 ee 45 dc 90 00 
<<<<
>>>>
13 75 00 00 00 
00 00 00 00 00 00 02 79 90 00 
<<<<
>>>>
13 76 00 00 00 
66 a7 85 36 0e 92 5d 77 f8 fe 03 ab 30 10 11 2c 73 52 e2 fa 84 a1 4a 0e 0b 22 9e d1 31 e8 01 53 90 00 
<<<<
>>>>
13 77 00 00 08 00 00 00 00 00 00 02 79 
88 4e af 41 56 9c 2c 00 fb 5e db f6 23 36 21 d9 67 34 a7 7f 8b ef 2c 92 24 00 9a 0f 51 ee 45 dc 90 00 
<<<<
>>>>
13 75 00 00 00 
00 00 00 00 00 00 02 7a 90 00 
<<<<
>>>>
13 77 00 00 08 00 00 00 00 00 00 02 7a 
66 a7 85 36 0e 92 5d 77 f8 fe 03 ab 30 10 11 2c 73 52 e2 fa 84 a1 4a 0e 0b 22 9e d1 31 e8 01 53 90 00 
<<<<
>>>>
13 76 00 00 00 
a7 e0 12 c9 5c 40 a5 04 ee 93 1b a9 d7 1e 4d 5f 44 34 bb 31 c6 3d 2b 5c be b0 6a 55 86 9a 78 3e 90 00 
<<<<
>>>>
13 75 00 00 00 
00 00 00 00 00 00 02 7b 90 00 
<<<<
>>>>
13 76 00 00 00 
8f 03 06 fc 78 e5 58 55 f0 fe 20 ea 32 bc 86 ab 9b 5d 7a 54 2d db d6 9a 35 7e bd e8 74 f3 bf 92 90 00 
<<<<
>>>>
13 77 00 00 08 00 00 00 00 00 00 02 7b 
a7 e0 12 c9 5c 40 a5 04 ee 93 1b a9 d7 1e 4d 5f 44 34 bb 31 c6 3d 2b 5c be b0 6a 55 86 9a 78 3e 90 00 
<<<<
>>>>
13 75 00 00 00 
00 00 00 00 00 00 02 7c 90 00 
<<<<
>>>>
13 77 00 00 08 00 00 00 00 00 00 02 7c 
8f 03 06 fc 78 e5 58 55 f0 fe 20 ea 32 bc 86 ab 9b 5d 7a 54 2d db d6 9a 35 7e bd e8 74 f3 bf 92 90 00 
<<<<
>>>>
13 76 00 00 00 
eb ea 93 ed e1 a6 59 1c b0 98 84 7e 06 fc de 1d 11 99 ec 70 e4 f7 c8 83 15 55 9b 80 3a 76 1b 12 90 00 
<<<<
>>>>
13 75 00 00 00 
00 00 00 00 00 00 02 7d 90 00 
<<<<
>>>>
13 76 00 00 00 
95 5e 54 3d 15 1a 0c 2e e8 0c e0 5f af b7 7c b7 34 d9 66 1a 73 2b 46 67 84 1a 0d 13 33 a6 43 44 90 00 
<<<<
>>>>
13 77 00 00 08 00 00 00 00 00 00 02 7d 
eb ea 93 ed e1 a6 59 1c b0 98 84 7e 06 fc de 1d 11 99 ec 70 e4 f7 c8 83 15 55 9b 80 3a 76 1b 12 90 00 
<<<<
>>>>
13 75 00 00 00 
00 00 00 00 00 00 02 7e 90 00 
<<<<
>>>>
13 77 00 00 08 00 00 00 00 00 00 02 7e 
95 5e 54 3d 15 1a 0c 2e e8 0c e0 5f af b7 7c b7 34 d9 66 1a 73 2b 46 67 84 1a 0d 13 33 a6 43 44 90 00 
<<<<
>>>>
13 76 00 00 00 
d9 f0 90 74 8f d3 e7 b4 09 f6 b4 f7 3f 24 6b 84 64 db 2c a0 85 39 f3 63 a5 a5 67 25 e5 49 cc b3 90 00 
<<<<
>>>>
13 75 00 00 00 
00 00 00 00 00 00 02 7f 90 00 
<<<<
>>>>
13 76 00 00 00 
7f d7 da 0e ef 88 94 4f 0d 62 d8 5c f7 d2 fb 41 ab 47 0c 46 0f d7 09 d9 9a 6d 2a a9 28 db 2a 61 90 00 
<<<<
>>>>
13 77 00 00 08 00 00 00 00 00 00 02 7f 
d9 f0 90 74 8f d3 e7 b4 09 f6 b4 f7 3f 24 6b 84 64 db 2c a0 85 39 f3 63 a5 a5 67 25 e5 49 cc b3 90 00 
<<<<
>>>>
13 75 00 00 00 
00 00 00 00 00 00 02 80 90 00 
<<<<
>>>>
13 77 00 00 08 00 00 00 00 00 00 02 80 
7f d7 da 0e ef 88 94 4f 0d 62 d8 5c f7 d2 fb 41 ab 47 0c 46 0f d7 09 d9 9a 6d 2a a9 28 db 2a 61 90 00 
<<<<
>>>>
13 76 00 00 00 
0b 70 03 c5 ea 2a d2 a2 b7 3b 98 57 3e 57 bb 88 fd 3f c3 55 9d fd af c2 53 13 6f 2a da a0 ff 6b 90 00 
<<<<
>>>>
13 75 00 00 00 
00 00 00 00 00 00 02 81 90 00 
<<<<
>>>>
13 76 00 00 00 
52 64 54 20 6c 76 56 66 59 13 2f 4f c2 eb 47 dc a6 94 50 14 a9 d8 06 2b 55 02 53 d8 1a ec 04 d2 90 00 
<<<<
>>>>
13 77 00 00 08 00 00 00 00 00 00 02 81 
0b 70 03 c5 ea 2a d2 a2 b7 3b 98 57 3e 57 bb 88 fd 3f c3 55 9d fd af c2 53 13 6f 2a da a0 ff 6b 90 00 
<<<<
>>>>
13 75 00 00 00 
00 00 00 00 00 00 02 82 90 00 
<<<<
>>>>
13 77 00 00 08 00 00 00 00 00 00 02 82 
52 64 54 20 6c 76 56 66 59 13 2f 4f c2 eb 47 dc a6 94 50 14 a9 d8 06 2b 55 02 53 d8 1a ec 04 d2 90 00 
<<<<
>>>>
13 76 00 00 00 
23 97 51 5d 4c c8 16 de 15 17 fa 2b eb 2d 7d a4 1f 64 a7 14 9f 96 00 d9 3e e1 1c 6f a1 56 29 c7 90 00 
<<<<
>>>>
13 75 00 00 00 
00 00 00 00 00 00 02 83 90 00 
<<<<
>>>>
13 76 00 00 00 
06 29 24 3c da 97 42 c5 0e 7b 68 78 e5 c3 15 09 3f 4b ef 4b 7b 9d 0b fd 64 81 50 a4 2f d1 1c 7d 90 00 
<<<<
>>>>
13 77 00 00 08 00 00 00 00 00 00 02 83 
23 97 51 5d 4c c8 16 de 15 17 fa 2b eb 2d 7d a4 1f 64 a7 14 9f 96 00 d9 3e e1 1c 6f a1 56 29 c7 90 00 
<<<<
>>>>
13 75 00 00 00 
00 00 00 00 00 00 02 84 90 00 
<<<<
>>>>
13 77 00 00 08 00 00 00 00 00 00 02 84 
06 29 24 3c da 97 42 c5 0e 7b 68 78 e5 c3 15 09 3f 4b ef 4b 7b 9d 0b fd 64 81 50 a4 2f d1 1c 7d 90 00 
<<<<
>>>>
13 76 00 00 00 
01 99 cc 9e 12 11 84 5d ae 5d 33 10 b1 9b e3 28 2a 52 18 c1 fc 1c bd ac 33 bf de fb 74 b1 8b b2 90 00 
<<<<
>>>>
13 75 00 00 00 
00 00 00 00 00 00 02 85 90 00 
<<<<
>>>>
13 76 00 00 00 
2f 84 c2 96 bc 84 9f 29 01 63 f7 83 ec cf 88 8b 2f b3 a1 65 68 83 e5 cc 3c 3b f3 76 82 e0 f5 77 90 00 
<<<<
>>>>
13 77 00 00 08 00 00 00 00 00 00 02 85 
01 99 cc 9e 12 11 84 5d ae 5d 33 10 b1 9b e3 28 2a 52 18 c1 fc 1c bd ac 33 bf de fb 74 b1 8b b2 90 00 
<<<<
>>>>
13 75 00 00 00 
00 00 00 00 00 00 02 86 90 00 
<<<<
>>>>
13 77 00 00 08 00 00 00 00 00 00 02 86 
2f 84 c2 96 bc 84 9f 29 01 63 f7 83 ec cf 88 8b 2f b3 a1 65 68 83 e5 cc 3c 3b f3 76 82 e0 f5 77 90 00 
<<<<
>>>>
13 76 00 00 00 
f6 2a 4b ff 01 38 80 98 4a 9a c6 bd 1e c1 34 d9 2c a4 9a b5 82 16 5e a9 37 93 8d 58 21 cc 60 01 90 00 
<<<<
>>>>
13 75 00 00 00 
00 00 00 00 00 00 02 87 90 00 
<<<<
>>>>
13 76 00 00 00 
5e 51 a7 3d 7e 03 bf da 3d 5d 3a 9b cd 83 51 45 eb d2 81 53 76 34 31 99 f6 ed fe ac b6 31 d9 73 90 00 
<<<<
>>>>
13 77 00 00 08 00 00 00 00 00 00 02 87 
f6 2a 4b ff 01 38 80 98 4a 9a c6 bd 1e c1 34 d9 2c a4 9a b5 82 16 5e a9 37 93 8d 58 21 cc 60 01 90 00 
<<<<
>>>>
13 75 00 00 00 
00 00 00 00 00 00 02 88 90 00 
<<<<
>>>>
13 77 00 00 08 00 00 00 00 00 00 02 88 
5e 51 a7 3d 7e 03 bf da 3d 5d 3a 9b cd 83 51 45 eb d2 81 53 76 34 31 99 f6 ed fe ac b6 31 d9 73 90 00 
<<<<
>>>>
13 76 00 00 00 
f1 4f 18 82 a6 79 f2 3f 2a a4 78 3a df af 2f b9 c1 49 13 b3 33 b0 ea ab d3 0e ad d1 17 c9 d7 b3 90 00 
<<<<
>>>>
13 75 00 00 00 
00 00 00 00 00 00 02 89 90 00 
<<<<
>>>>
13 76 00 00 00 
7d ba f6 8c 10 ce 84 f6 f0 01 68 ef 14 9a df 49 14 35 61 52 ab 7e c0 15 2a f6 92 b2 90 0b c8 82 90 00 
<<<<
>>>>
13 77 00 00 08 00 00 00 00 00 00 02 89 
f1 4f 18 82 a6 79 f2 3f 2a a4 78 3a df af 2f b9 c1 49 13 b3 33 b0 ea ab d3 0e ad d1 17 c9 d7 b3 90 00 
<<<<
>>>>
13 75 00 00 00 
00 00 00 00 00 00 02 8a 90 00 
<<<<
>>>>
13 77 00 00 08 00 00 00 00 00 00 02 8a 
7d ba f6 8c 10 ce 84 f6 f0 01 68 ef 14 9a df 49 14 35 61 52 ab 7e c0 15 2a f6 92 b2 90 0b c8 82 90 00 
<<<<
>>>>
13 76 00 00 00 
38 f9 f0 2d 0d d2 58 42 50 3e 94 6d 50 1f 4f f8 8a ed 31 6d 49 52 2b 28 75 4a 2e ff 83 57 d2 51 90 00 
<<<<
>>>>
13 75 00 00 00 
00 00 00 00 00 00 02 8b 90 00 
<<<<
>>>>
13 76 00 00 00 
de 36 56 e1 9c 69 b9 1f 49 82 ba 7c 50 14 ba 56 c7 3d 62 64 76 c9 cc 46 f8 ed 91 c3 1b 16 de 52 90 00 
<<<<
>>>>
13 77 00 00 08 00 00 00 00 00 00 02 8b 
38 f9 f0 2d 0d d2 58 42 50 3e 94 6d 50 1f 4f f8 8a ed 31 6d 49 52 2b 28 75 4a 2e ff 83 57 d2 51 90 00 
<<<<
>>>>
13 75 00 00 00 
00 00 00 00 00 00 02 8c 90 00 
<<<<
>>>>
13 77 00 00 08 00 00 00 00 00 00 02 8c 
de 36 56 e1 9c 69 b9 1f 49 82 ba 7c 50 14 ba 56 c7 3d 62 64 76 c9 cc 46 f8 ed 91 c3 1b 16 de 52 90 00 
<<<<
>>>>
13 76 00 00 00 
c9 d0 27 17 0e 90 2c 8d ee be 60 57 0e 6d 0f 6d 54 d4 68 99 78 5e 5d 38 54 e5 98 0e b4 b5 22 dd 90 00 
<<<<
>>>>
13 75 00 00 00 
00 00 00 00 00 00 02 8d 90 00 
<<<<
>>>>
13 76 00 00 00 
8e fb 5e f7 33 fb 6a 44 55 57 ae 89 09 98 17 69 cc 12 d8 6c e6 ff b6 c7 a1 2c 35 16 48 bf 60 17 90 00 
<<<<
>>>>
13 77 00 00 08 00 00 00 00 00 00 02 8d 
c9 d0 27 17 0e 90 2c 8d ee be 60 57 0e 6d 0f 6d 54 d4 68 99 78 5e 5d 38 54 e5 98 0e b4 b5 22 dd 90 00 
<<<<
>>>>
13 75 00 00 00 
00 00 00 00 00 00 02 8e 90 00 
<<<<
>>>>
13 77 00 00 08 00 00 00 00 00 00 02 8e 
8e fb 5e f7 33 fb 6a 44 55 57 ae 89 09 98 17 69 cc 12 d8 6c e6 ff b6 c7 a1 2c 35 16 48 bf 60 17 90 00 
<<<<
>>>>
13 76 00 00 00 
9b ef 9f 6b 11 83 6d aa ab ce 7c 56 61 81 5c 30 20 36 69 bc 09 f9 4f c9 bc 0e db 55 a8 7e 55 e6 90 00 
<<<<
>>>>
13 75 00 00 00 
00 00 00 00 00 00 02 8f 90 00 
<<<<
>>>>
13 76 00 00 00 
e0 44 9f 31 6d eb 64 04 bf b7 58 83 3c ae 0c eb a4 06 38 39 9e 75 3c 21 3c ba dd 3d 78 08 46 3e 90 00 
<<<<
>>>>
13 77 00 00 08 00 00 00 00 00 00 02 8f 
9b ef 9f 6b 11 83 6d aa ab ce 7c 56 61 81 5c 30 20 36 69 bc 09 f9 4f c9 bc 0e db 55 a8 7e 55 e6 90 00 
<<<<
>>>>
13 75 00 00 00 
00 00 00 00 00 00 02 90 90 00 
<<<<
>>>>
13 77 00 00 08 00 00 00 00 00 00 02 90 
e0 44 9f 31 6d eb 64 04 bf b7 58 83 3c ae 0c eb a4 06 38 39 9e 75 3c 21 3c ba dd 3d 78 08 46 3e 90 00 
<<<<
>>>>
13 76 00 00 00 
d3 21 04 05 ee b7 04 78 9a 30 12 3c ef 7c ab e9 b2 7c 61 7e b5 b1 2c b7 5b a4 4e 30 e2 21 1b e2 90 00 
<<<<
>>>>
13 75 00 00 00 
00 00 00 00 00 00 02 91 90 00 
<<<<
>>>>
13 76 00 00 00 
4b a6 da a8 7b 95 09 a3 59 d6 61 9d c8 6d 47 7f 5f ad 5a f2 fe 8a a7 43 40 d8 76 e7 38 28 79 99 90 00 
<<<<
>>>>
13 77 00 00 08 00 00 00 00 00 00 02 91 
d3 21 04 05 ee b7 04 78 9a 30 12 3c ef 7c ab e9 b2 7c 61 7e b5 b1 2c b7 5b a4 4e 30 e2 21 1b e2 90 00 
<<<<
>>>>
13 75 00 00 00 
00 00 00 00 00 00 02 92 90 00 
<<<<
>>>>
13 77 00 00 08 00 00 00 00 00 00 02 92 
4b a6 da a8 7b 95 09 a3 59 d6 61 9d c8 6d 47 7f 5f ad 5a f2 fe 8a a7 43 40 d8 76 e7 38 28 79 99 90 00 
<<<<
>>>>
13 76 00 00 00 
00 2c e0 ae 8c 5b 6b 7a fc f5 2b 0e 2f a6 8d 90 14 5d a3 2e 36 79 0e ed d6 1d da 2b aa 8a c7 ec 90 00 
<<<<
>>>>
13 75 00 00 00 
00 00 00 00 00 00 02 93 90 00 
<<<<
>>>>
13 76 00 00 00 
af 3b ca 1b 76 0d ce cd 4e 8f 2c dc d0 c0 61 6f 30 5e a2 5d 66 d6 9a 73 1a bf 19 44 60 93 57 fc 90 00 
<<<<
>>>>
13 77 00 00 08 00 00 00 00 00 00 02 93 
00 2c e0 ae 8c 5b 6b 7a fc f5 2b 0e 2f a6 8d 90 14 5d a3 2e 36 79 0e ed d6 1d da 2b aa 8a c7 ec 90 00 
<<<<
>>>>
13 75 00 00 00 
00 00 00 00 00 00 02 94 90 00 
<<<<
>>>>
13 77 00 00 08 00 00 00 00 00 00 02 94 
af 3b ca 1b 76 0d ce cd 4e 8f 2c dc d0 c0 61 6f 30 5e a2 5d 66 d6 9a 73 1a bf 19 44 60 93 57 fc 90 00 
<<<<
>>>>
13 76 00 00 00 
db 27 0f c9 cf 9d dd 5c 90 9d 32 4e 6c ca 95 f9 a6 78 3a 78 4e 41 e9 45 12 c8 99 19 89 b2 f6 4c 90 00 
<<<<
>>>>
13 75 00 00 00 
00 00 00 00 00 00 02 95 90 00 
<<<<
>>>>
13 76 00 00 00 
93 80 67 7b 50 28 22 6f af c0 de 28 18 4a 0c 44 d4 d8 52 12 aa 6f fa f6 60 15 81 f1 d8 28 29 77 90 00 
<<<<
>>>>
13 77 00 00 08 00 00 00 00 00 00 02 95 
db 27 0f c9 cf 9d dd 5c 90 9d 32 4e 6c ca 95 f9 a6 78 3a 78 4e 41 e9 45 12 c8 99 19 89 b2 f6 4c 90 00 
<<<<
>>>>
13 75 00 00 00 
00 00 00 00 00 00 02 96 90 00 
<<<<
>>>>
13 77 00 00 08 00 00 00 00 00 00 02 96 
93 80 67 7b 50 28 22 6f af c0 de 28 18 4a 0c 44 d4 d8 52 12 aa 6f fa f6 60 15 81 f1 d8 28 29 77 90 00 
<<<<
>>>>
13 76 00 00 00 
0a 58 d9 bf 56 71 19 c2 6d c0 ff d2 6f 91 33 49 f7 0a df bf de 43 d5 ef e1 15 56 5d d4 58 67 dc 90 00 
<<<<
>>>>
13 75 00 00 00 
00 00 00 00 00 00 02 97 90 00 
<<<<
>>>>
13 76 00 00 00 
14 2a 30 e4 49 4d c6 57 0f 03 d3 0e 27 78 53 a4 42 4f 03 6d 97 71 a6 b2 e7 12 15 e5 08 24 67 f6 90 00 
<<<<
>>>>
13 77 00 00 08 00 00 00 00 00 00 02 97 
0a 58 d9 bf 56 71 19 c2 6d c0 ff d2 6f 91 33 49 f7 0a df bf de 43 d5 ef e1 15 56 5d d4 58 67 dc 90 00 
<<<<
>>>>
13 75 00 00 00 
00 00 00 00 00 00 02 98 90 00 
<<<<
>>>>
13 77 00 00 08 00 00 00 00 00 00 02 98 
14 2a 30 e4 49 4d c6 57 0f 03 d3 0e 27 78 53 a4 42 4f 03 6d 97 71 a6 b2 e7 12 15 e5 08 24 67 f6 90 00 
<<<<
>>>>
13 76 00 00 00 
35 54 39 9c de 39 0c 08 0a 63 58 69 f3 c9 91 98 c3 8c 09 4b 29 5c b6 91 69 98 49 be 7a 35 28 5a 90 00 
<<<<
>>>>
13 75 00 00 00 
00 00 00 00 00 00 02 99 90 00 
<<<<
>>>>
13 76 00 00 00 
f9 7c 66 9a dc be 8b e6 28 b1 70 1d 45 b9 f1 d0 0e 46 c0 8e 0c e7 f5 55 09 6e c0 d0 6c 0b b1 67 90 00 
<<<<
>>>>
13 77 00 00 08 00 00 00 00 00 00 02 99 
35 54 39 9c de 39 0c 08 0a 63 58 69 f3 c9 91 98 c3 8c 09 4b 29 5c b6 91 69 98 49 be 7a 35 28 5a 90 00 
<<<<
>>>>
13 75 00 00 00 
00 00 00 00 00 00 02 9a 90 00 
<<<<
>>>>
13 77 00 00 08 00 00 00 00 00 00 02 9a 
f9 7c 66 9a dc be 8b e6 28 b1 70 1d 45 b9 f1 d0 0e 46 c0 8e 0c e7 f5 55 09 6e c0 d0 6c 0b b1 67 90 00 
<<<<
>>>>
13 76 00 00 00 
d1 5c 3f bf 6e ac 14 7a 04 0a a3 e5 8e be 29 f2 6f 30 96 18 90 42 17 0a 40 05 b7 d6 01 af f9 21 90 00 
<<<<
>>>>
13 75 00 00 00 
00 00 00 00 00 00 02 9b 90 00 
<<<<
>>>>
13 76 00 00 00 
1e 33 a1 78 9e b4 48 d0 6c eb 0d 34 d7 d5 03 0e 0d 44 66 26 3f 57 10 fc f1 a2 9b 23 a0 b5 15 7c 90 00 
<<<<
>>>>
13 77 00 00 08 00 00 00 00 00 00 02 9b 
d1 5c 3f bf 6e ac 14 7a 04 0a a3 e5 8e be 29 f2 6f 30 96 18 90 42 17 0a 40 05 b7 d6 01 af f9 21 90 00 
<<<<
>>>>
13 75 00 00 00 
00 00 00 00 00 00 02 9c 90 00 
<<<<
>>>>
13 77 00 00 08 00 00 00 00 00 00 02 9c 
1e 33 a1 78 9e b4 48 d0 6c eb 0d 34 d7 d5 03 0e 0d 44 66 26 3f 57 10 fc f1 a2 9b 23 a0 b5 15 7c 90 00 
<<<<
>>>>
13 76 00 00 00 
e4 a6 18 89 55 6a ea 6b 30 90 8b db 61 23 fe 7c 7a dd d3 c3 57 fc 2f 75 79 59 1a 54 bd ff 11 7e 90 00 
<<<<
>>>>
13 75 00 00 00 
00 00 00 00 00 00 02 9d 90 00 
<<<<
>>>>
13 76 00 00 00 
43 ba b4 c0 c9 7a 63 73 59 61 e9 49 48 d4 d8 e2 7e 89 8d 3c 47 68 13 9c d3 5c 01 5c 93 1b 56 46 90 00 
<<<<
>>>>
13 77 00 00 08 00 00 00 00 00 00 02 9d 
e4 a6 18 89 55 6a ea 6b 30 90 8b db 61 23 fe 7c 7a dd d3 c3 57 fc 2f 75 79 59 1a 54 bd ff 11 7e 90 00 
<<<<
>>>>
13 75 00 00 00 
00 00 00 00 00 00 02 9e 90 00 
<<<<
>>>>
13 77 00 00 08 00 00 00 00 00 00 02 9e 
43 ba b4 c0 c9 7a 63 73 59 61 e9 49 48 d4 d8 e2 7e 89 8d 3c 47 68 13 9c d3 5c 01 5c 93 1b 56 46 90 00 
<<<<
>>>>
13 76 00 00 00 
96 b2 2f b7 08 ae 68 89 29 ff a8 15 27 d1 65 b3 19 26 fd a0 9f 45 e9 39 6d 6d a0 10 bf 01 93 f0 90 00 
<<<<
>>>>
13 75 00 00 00 
00 00 00 00 00 00 02 9f 90 00 
<<<<
>>>>
13 76 00 00 00 
5e fa 3f 81 34 33 2f ab 0d 3c 89 6a ea 60 bb a6 52 30 e6 b3 c0 f9 81 79 06 ae 8d 8e 91 ae 03 83 90 00 
<<<<
>>>>
13 77 00 00 08 00 00 00 00 00 00 02 9f 
96 b2 2f b7 08 ae 68 89 29 ff a8 15 27 d1 65 b3 19 26 fd a0 9f 45 e9 39 6d 6d a0 10 bf 01 93 f0 90 00 
<<<<
>>>>
13 75 00 00 00 
00 00 00 00 00 00 02 a0 90 00 
<<<<
>>>>
13 77 00 00 08 00 00 00 00 00 00 02 a0 
5e fa 3f 81 34 33 2f ab 0d 3c 89 6a ea 60 bb a6 52 30 e6 b3 c0 f9 81 79 06 ae 8d 8e 91 ae 03 83 90 00 
<<<<
>>>>
13 76 00 00 00 
1f a1 17 ea 87 37 7f 28 1d 49 a9 e2 7b 1e a5 6e 78 53 e5 df 76 4e 3d a1 eb 8e 89 41 75 a7 17 7a 90 00 
<<<<
>>>>
13 75 00 00 00 
00 00 00 00 00 00 02 a1 90 00 
<<<<
>>>>
13 76 00 00 00 
bd 2a 36 c9 49 6e 02 ee c3 4f f3 b6 71 e6 1d 95 44 0d aa f1 89 07 cf 19 a2 32 81 ae e1 d7 ab c6 90 00 
<<<<
>>>>
13 77 00 00 08 00 00 00 00 00 00 02 a1 
1f a1 17 ea 87 37 7f 28 1d 49 a9 e2 7b 1e a5 6e 78 53 e5 df 76 4e 3d a1 eb 8e 89 41 75 a7 17 7a 90 00 
<<<<
>>>>
13 75 00 00 00 
00 00 00 00 00 00 02 a2 90 00 
<<<<
>>>>
13 77 00 00 08 00 00 00 00 00 00 02 a2 
bd 2a 36 c9 49 6e 02 ee c3 4f f3 b6 71 e6 1d 95 44 0d aa f1 89 07 cf 19 a2 32 81 ae e1 d7 ab c6 90 00 
<<<<
>>>>
13 76 00 00 00 
1f e5 cc 34 de 64 67 4c ac a6 42 5e f8 f0 5f 6e 9d b3 f7 56 8a c2 b8 c7 5a 80 6e 37 ae 8d 75 fc 90 00 
<<<<
>>>>
13 75 00 00 00 
00 00 00 00 00 00 02 a3 90 00 
<<<<
>>>>
13 76 00 00 00 
c9 47 bb 19 68 84 78 dd 21 6c 29 04 cc 6f 54 be cd 6c 33 0e 99 e1 bc 62 b9 a8 f1 85 9c 60 9d 13 90 00 
<<<<
>>>>
13 77 00 00 08 00 00 00 00 00 00 02 a3 
1f e5 cc 34 de 64 67 4c ac a6 42 5e f8 f0 5f 6e 9d b3 f7 56 8a c2 b8 c7 5a 80 6e 37 ae 8d 75 fc 90 00 
<<<<
>>>>
13 75 00 00 00 
00 00 00 00 00 00 02 a4 90 00 
<<<<
>>>>
13 77 00 00 08 00 00 00 00 00 00 02 a4 
c9 47 bb 19 68 84 78 dd 21 6c 29 04 cc 6f 54 be cd 6c 33 0e 99 e1 bc 62 b9 a8 f1 85 9c 60 9d 13 90 00 
<<<<
>>>>
13 76 00 00 00 
21 fc ba b8 7a 18 c7 74 25 3d 5c 5c 2f fb fb 6d 90 d3 17 b7 ee c1 fb a9 37 aa 1e ce be 89 98 f5 90 00 
<<<<
>>>>
13 75 00 00 00 
00 00 00 00 00 00 02 a5 90 00 
<<<<
>>>>
13 76 00 00 00 
02 99 5e ad d1 15 69 0d 1a 57 a3 b6 df e0 00 90 24 82 6b 1f dd ee 19 52 32 e3 ae e5 e0 cb 08 64 90 00 
<<<<
>>>>
13 77 00 00 08 00 00 00 00 00 00 02 a5 
21 fc ba b8 7a 18 c7 74 25 3d 5c 5c 2f fb fb 6d 90 d3 17 b7 ee c1 fb a9 37 aa 1e ce be 89 98 f5 90 00 
<<<<
>>>>
13 75 00 00 00 
00 00 00 00 00 00 02 a6 90 00 
<<<<
>>>>
13 77 00 00 08 00 00 00 00 00 00 02 a6 
02 99 5e ad d1 15 69 0d 1a 57 a3 b6 df e0 00 90 24 82 6b 1f dd ee 19 52 32 e3 ae e5 e0 cb 08 64 90 00 
<<<<
>>>>
13 76 00 00 00 
08 24 4f bf a7 7b 14 98 eb 34 b5 f3 e4 68 c0 b5 31 48 6d 75 40 8f a3 b9 02 e2 6a 00 56 16 b4 1b 90 00 
<<<<
>>>>
13 75 00 00 00 
00 00 00 00 00 00 02 a7 90 00 
<<<<
>>>>
13 76 00 00 00 
d3 9b 68 09 f0 1f be 63 8f 60 25 84 63 ed d2 5f 3f ca c7 66 fc 72 cb 16 c6 2f 93 b5 bc ef 2c 5d 90 00 
<<<<
>>>>
13 77 00 00 08 00 00 00 00 00 00 02 a7 
08 24 4f bf a7 7b 14 98 eb 34 b5 f3 e4 68 c0 b5 31 48 6d 75 40 8f a3 b9 02 e2 6a 00 56 16 b4 1b 90 00 
<<<<
>>>>
13 75 00 00 00 
00 00 00 00 00 00 02 a8 90 00 
<<<<
>>>>
13 77 00 00 08 00 00 00 00 00 00 02 a8 
d3 9b 68 09 f0 1f be 63 8f 60 25 84 63 ed d2 5f 3f ca c7 66 fc 72 cb 16 c6 2f 93 b5 bc ef 2c 5d 90 00 
<<<<
>>>>
13 76 00 00 00 
60 24 eb ac 1a 14 44 b3 46 18 42 83 9e 26 9e 1e 05 6e cb 05 8a b2 06 69 ee e4 92 54 ba 51 39 4f 90 00 
<<<<
>>>>
13 75 00 00 00 
00 00 00 00 00 00 02 a9 90 00 
<<<<
>>>>
13 76 00 00 00 
c3 57 81 a7 0d 45 af 77 20 b7 f1 59 46 49 56 25 0a 7a ba 5e e7 64 83 c2 90 4f 6d 48 53 e7 33 9a 90 00 
<<<<
>>>>
13 77 00 00 08 00 00 00 00 00 00 02 a9 
60 24 eb ac 1a 14 44 b3 46 18 42 83 9e 26 9e 1e 05 6e cb 05 8a b2 06 69 ee e4 92 54 ba 51 39 4f 90 00 
<<<<
>>>>
13 75 00 00 00 
00 00 00 00 00 00 02 aa 90 00 
<<<<
>>>>
13 77 00 00 08 00 00 00 00 00 00 02 aa 
c3 57 81 a7 0d 45 af 77 20 b7 f1 59 46 49 56 25 0a 7a ba 5e e7 64 83 c2 90 4f 6d 48 53 e7 33 9a 90 00 
<<<<
>>>>
13 76 00 00 00 
33 86 75 4d 36 1a f7 fb 83 b9 75 09 7f eb 22 b3 9b 6f 76 99 8a f5 9f 23 59 33 76 0e e2 d5 15 9a 90 00 
<<<<
>>>>
13 75 00 00 00 
00 00 00 00 00 00 02 ab 90 00 
<<<<
>>>>
13 76 00 00 00 
1a cf d9 0a d4 23 61 7c e9 fd 5f 4d af 72 ae b6 8f 86 08 ad 15 49 7b 3b 8a 70 bf ac 96 a9 bf 1b 90 00 
<<<<
>>>>
13 77 00 00 08 00 00 00 00 00 00 02 ab 
33 86 75 4d 36 1a f7 fb 83 b9 75 09 7f eb 22 b3 9b 6f 76 99 8a f5 9f 23 59 33 76 0e e2 d5 15 9a 90 00 
<<<<
>>>>
13 75 00 00 00 
00 00 00 00 00 00 02 ac 90 00 
<<<<
>>>>
13 77 00 00 08 00 00 00 00 00 00 02 ac 
1a cf d9 0a d4 23 61 7c e9 fd 5f 4d af 72 ae b6 8f 86 08 ad 15 49 7b 3b 8a 70 bf ac 96 a9 bf 1b 90 00 
<<<<
>>>>
13 76 00 00 00 
a5 9a 39 7c 5a 9b 8e 1e 94 5e b4 ea ae 45 37 ca ef 3b 22 83 15 7f 87 d1 7b 16 df eb e3 3f f4 cd 90 00 
<<<<
>>>>
13 75 00 00 00 
00 00 00 00 00 00 02 ad 90 00 
<<<<
>>>>
13 76 00 00 00 
03 fd 18 8f 2c 14 e1 ce 68 c2 83 92 20 74 e7 f8 6a f8 c1 06 8c ff f4 97 5c 26 35 6d 86 26 4c ea 90 00 
<<<<
>>>>
13 77 00 00 08 00 00 00 00 00 00 02 ad 
a5 9a 39 7c 5a 9b 8e 1e 94 5e b4 ea ae 45 37 ca ef 3b 22 83 15 7f 87 d1 7b 16 df eb e3 3f f4 cd 90 00 
<<<<
>>>>
13 75 00 00 00 
00 00 00 00 00 00 02 ae 90 00 
<<<<
>>>>
13 77 00 00 08 00 00 00 00 00 00 02 ae 
03 fd 18 8f 2c 14 e1 ce 68 c2 83 92 20 74 e7 f8 6a f8 c1 06 8c ff f4 97 5c 26 35 6d 86 26 4c ea 90 00 
<<<<
>>>>
13 76 00 00 00 
17 e8 2f ed e4 72 6f f9 f1 e2 01 a4 a4 f2 86 1b dc 4d a6 cd b7 7c ad 67 25 4b a4 75 0a 7b 1c 3a 90 00 
<<<<
>>>>
13 75 00 00 00 
00 00 00 00 00 00 02 af 90 00 
<<<<
>>>>
13 76 00 00 00 
58 3d 25 81 e1 8a 89 16 59 6c eb 53 d8 36 f6 8d bb dd f7 83 4c 15 12 47 15 32 4d 0a a7 70 dd c0 90 00 
<<<<
>>>>
13 77 00 00 08 00 00 00 00 00 00 02 af 
17 e8 2f ed e4 72 6f f9 f1 e2 01 a4 a4 f2 86 1b dc 4d a6 cd b7 7c ad 67 25 4b a4 75 0a 7b 1c 3a 90 00 
<<<<
>>>>
13 75 00 00 00 
00 00 00 00 00 00 02 b0 90 00 
<<<<
>>>>
13 77 00 00 08 00 00 00 00 00 00 02 b0 
58 3d 25 81 e1 8a 89 16 59 6c eb 53 d8 36 f6 8d bb dd f7 83 4c 15 12 47 15 32 4d 0a a7 70 dd c0 90 00 
<<<<
>>>>
13 76 00 00 00 
84 c2 21 33 7f b6 6d 31 66 57 67 fa 0c ba 4f b3 5d 9c f8 b1 a7 7d 30 38 dd a6 a3 05 c7 0f e2 f6 90 00 
<<<<
>>>>
13 75 00 00 00 
00 00 00 00 00 00 02 b1 90 00 
<<<<
>>>>
13 76 00 00 00 
d6 3f 36 29 d5 b2 cc 73 14 90 87 4b c7 45 97 09 a1 37 81 cd 20 01 b2 0e ca c2 30 77 17 01 9a 12 90 00 
<<<<
>>>>
13 77 00 00 08 00 00 00 00 00 00 02 b1 
84 c2 21 33 7f b6 6d 31 66 57 67 fa 0c ba 4f b3 5d 9c f8 b1 a7 7d 30 38 dd a6 a3 05 c7 0f e2 f6 90 00 
<<<<
>>>>
13 75 00 00 00 
00 00 00 00 00 00 02 b2 90 00 
<<<<
>>>>
13 77 00 00 08 00 00 00 00 00 00 02 b2 
d6 3f 36 29 d5 b2 cc 73 14 90 87 4b c7 45 97 09 a1 37 81 cd 20 01 b2 0e ca c2 30 77 17 01 9a 12 90 00 
<<<<
>>>>
13 76 00 00 00 
26 60 30 c0 76 e2 42 e2 0d e5 7f a4 fc 7e 2f cc 97 32 06 d0 3e cd 6e 2c 0e 92 23 54 33 e0 70 e1 90 00 
<<<<
>>>>
13 75 00 00 00 
00 00 00 00 00 00 02 b3 90 00 
<<<<
>>>>
13 76 00 00 00 
ea 7b d1 53 a3 7e 77 1a 68 e6 08 04 4d 47 7b 16 69 5e 3e 4d 84 60 29 6a 25 6c e0 49 cb 89 b9 7f 90 00 
<<<<
>>>>
13 77 00 00 08 00 00 00 00 00 00 02 b3 
26 60 30 c0 76 e2 42 e2 0d e5 7f a4 fc 7e 2f cc 97 32 06 d0 3e cd 6e 2c 0e 92 23 54 33 e0 70 e1 90 00 
<<<<
>>>>
13 75 00 00 00 
00 00 00 00 00 00 02 b4 90 00 
<<<<
>>>>
13 77 00 00 08 00 00 00 00 00 00 02 b4 
ea 7b d1 53 a3 7e 77 1a 68 e6 08 04 4d 47 7b 16 69 5e 3e 4d 84 60 29 6a 25 6c e0 49 cb 89 b9 7f 90 00 
<<<<
>>>>
13 76 00 00 00 
12 17 f7 cf 4e fa ea af 6a 96 2b 9b fb 26 a2 ee c2 e1 35 be 48 c0 71 a8 9d db 93 3d f6 f6 5c ab 90 00 
<<<<
>>>>
13 75 00 00 00 
00 00 00 00 00 00 02 b5 90 00 
<<<<
>>>>
13 76 00 00 00 
ae 0e ed f0 22 3f 45 01 b8 be 2b 91 48 c1 29 d7 0d 4e 3e ca 0d 4c 09 5f 76 11 dc c0 f6 d1 a7 cb 90 00 
<<<<
>>>>
13 77 00 00 08 00 00 00 00 00 00 02 b5 
12 17 f7 cf 4e fa ea af 6a 96 2b 9b fb 26 a2 ee c2 e1 35 be 48 c0 71 a8 9d db 93 3d f6 f6 5c ab 90 00 
<<<<
>>>>
13 75 00 00 00 
00 00 00 00 00 00 02 b6 90 00 
<<<<
>>>>
13 77 00 00 08 00 00 00 00 00 00 02 b6 
ae 0e ed f0 22 3f 45 01 b8 be 2b 91 48 c1 29 d7 0d 4e 3e ca 0d 4c 09 5f 76 11 dc c0 f6 d1 a7 cb 90 00 
<<<<
>>>>
13 76 00 00 00 
bf 40 e4 b8 9f 56 c3 1b bc bc e0 30 b0 f4 53 91 01 8c e7 08 3d 92 e8 0c b6 c8 4a 93 66 d5 9e ff 90 00 
<<<<
>>>>
13 75 00 00 00 
00 00 00 00 00 00 02 b7 90 00 
<<<<
>>>>
13 76 00 00 00 
c9 71 2a 0a 23 4c ca f9 e6 96 49 bb 00 38 48 3b 45 a2 1e 02 78 9c e8 cb 6b c7 c4 1f 68 5f 25 15 90 00 
<<<<
>>>>
13 77 00 00 08 00 00 00 00 00 00 02 b7 
bf 40 e4 b8 9f 56 c3 1b bc bc e0 30 b0 f4 53 91 01 8c e7 08 3d 92 e8 0c b6 c8 4a 93 66 d5 9e ff 90 00 
<<<<
>>>>
13 75 00 00 00 
00 00 00 00 00 00 02 b8 90 00 
<<<<
>>>>
13 77 00 00 08 00 00 00 00 00 00 02 b8 
c9 71 2a 0a 23 4c ca f9 e6 96 49 bb 00 38 48 3b 45 a2 1e 02 78 9c e8 cb 6b c7 c4 1f 68 5f 25 15 90 00 
<<<<
>>>>
13 76 00 00 00 
d9 25 e5 08 67 d4 e1 7b 34 f1 0c 12 8b b0 de ab 7f 5b d3 ea 4b 79 dc e2 21 9d c1 bf 67 58 55 81 90 00 
<<<<
>>>>
13 75 00 00 00 
00 00 00 00 00 00 02 b9 90 00 
<<<<
>>>>
13 76 00 00 00 
c5 54 5b 88 b1 02 b5 21 f6 5b 00 dc 7f da c4 6a ef 5b 57 cf e3 63 08 53 9b 51 94 0b 36 03 35 05 90 00 
<<<<
>>>>
13 77 00 00 08 00 00 00 00 00 00 02 b9 
d9 25 e5 08 67 d4 e1 7b 34 f1 0c 12 8b b0 de ab 7f 5b d3 ea 4b 79 dc e2 21 9d c1 bf 67 58 55 81 90 00 
<<<<
>>>>
13 75 00 00 00 
00 00 00 00 00 00 02 ba 90 00 
<<<<
>>>>
13 77 00 00 08 00 00 00 00 00 00 02 ba 
c5 54 5b 88 b1 02 b5 21 f6 5b 00 dc 7f da c4 6a ef 5b 57 cf e3 63 08 53 9b 51 94 0b 36 03 35 05 90 00 
<<<<
>>>>
13 76 00 00 00 
7e fa c3 2a e2 a4 70 c4 da 32 f5 8a e4 96 60 32 d5 eb 0b 29 d5 13 ba fa 78 b1 da e9 d4 7d e0 81 90 00 
<<<<
>>>>
13 75 00 00 00 
00 00 00 00 00 00 02 bb 90 00 
<<<<
>>>>
13 76 00 00 00 
53 6f ab b7 ef 12 8e d2 d3 95 f2 07 93 d1 92 45 f4 5b a8 7e d8 26 c9 a5 39 41 c3 ef 3e 12 87 5b 90 00 
<<<<
>>>>
13 77 00 00 08 00 00 00 00 00 00 02 bb 
7e fa c3 2a e2 a4 70 c4 da 32 f5 8a e4 96 60 32 d5 eb 0b 29 d5 13 ba fa 78 b1 da e9 d4 7d e0 81 90 00 
<<<<
>>>>
13 75 00 00 00 
00 00 00 00 00 00 02 bc 90 00 
<<<<
>>>>
13 77 00 00 08 00 00 00 00 00 00 02 bc 
53 6f ab b7 ef 12 8e d2 d3 95 f2 07 93 d1 92 45 f4 5b a8 7e d8 26 c9 a5 39 41 c3 ef 3e 12 87 5b 90 00 
<<<<
>>>>
13 76 00 00 00 
ba 23 17 6e bc b8 b4 c1 f6 7c b0 b7 46 bd 7d f7 e0 5a 4d 6a 02 c7 43 ce d2 71 e3 0e 45 37 22 a5 90 00 
<<<<
>>>>
13 75 00 00 00 
00 00 00 00 00 00 02 bd 90 00 
<<<<
>>>>
13 76 00 00 00 
ae 4a b6 77 5e 7c bd d3 77 3d 08 79 9b 07 7f 9d 03 3d 13 9a b1 aa 8d 90 9b f7 13 40 95 c9 6d 70 90 00 
<<<<
>>>>
13 77 00 00 08 00 00 00 00 00 00 02 bd 
ba 23 17 6e bc b8 b4 c1 f6 7c b0 b7 46 bd 7d f7 e0 5a 4d 6a 02 c7 43 ce d2 71 e3 0e 45 37 22 a5 90 00 
<<<<
>>>>
13 75 00 00 00 
00 00 00 00 00 00 02 be 90 00 
<<<<
>>>>
13 77 00 00 08 00 00 00 00 00 00 02 be 
ae 4a b6 77 5e 7c bd d3 77 3d 08 79 9b 07 7f 9d 03 3d 13 9a b1 aa 8d 90 9b f7 13 40 95 c9 6d 70 90 00 
<<<<
>>>>
13 76 00 00 00 
e0 9e 93 c0 b8 d8 0e 4a 0e fa 5b d1 bd 0a 50 fa 30 54 d1 4a 76 bd 15 da dd 52 11 53 92 2d c8 5c 90 00 
<<<<
>>>>
13 75 00 00 00 
00 00 00 00 00 00 02 bf 90 00 
<<<<
>>>>
13 76 00 00 00 
58 a2 e6 01 05 91 47 b8 cc b6 9a 2b ed 96 b1 0d 49 8c 1b 3c 2d 88 d8 83 53 84 cd 17 70 56 4e 09 90 00 
<<<<
>>>>
13 77 00 00 08 00 00 00 00 00 00 02 bf 
e0 9e 93 c0 b8 d8 0e 4a 0e fa 5b d1 bd 0a 50 fa 30 54 d1 4a 76 bd 15 da dd 52 11 53 92 2d c8 5c 90 00 
<<<<
>>>>
13 75 00 00 00 
00 00 00 00 00 00 02 c0 90 00 
<<<<
>>>>
13 77 00 00 08 00 00 00 00 00 00 02 c0 
58 a2 e6 01 05 91 47 b8 cc b6 9a 2b ed 96 b1 0d 49 8c 1b 3c 2d 88 d8 83 53 84 cd 17 70 56 4e 09 90 00 
<<<<
>>>>
13 76 00 00 00 
8b c4 4c df b4 cb a8 78 57 f9 8b cf c8 c6 fc 58 a1 96 91 45 8f 2f 36 57 0f f3 30 63 35 66 75 9c 90 00 
<<<<
>>>>
13 75 00 00 00 
00 00 00 00 00 00 02 c1 90 00 
<<<<
>>>>
13 76 00 00 00 
fc 9c aa 54 08 4c de 85 54 58 2d d5 41 2b b2 a4 00 8d df 92 7d a5 dc 18 9a 87 2f 1c f9 a2 a1 3d 90 00 
<<<<
>>>>
13 77 00 00 08 00 00 00 00 00 00 02 c1 
8b c4 4c df b4 cb a8 78 57 f9 8b cf c8 c6 fc 58 a1 96 91 45 8f 2f 36 57 0f f3 30 63 35 66 75 9c 90 00 
<<<<
>>>>
13 75 00 00 00 
00 00 00 00 00 00 02 c2 90 00 
<<<<
>>>>
13 77 00 00 08 00 00 00 00 00 00 02 c2 
fc 9c aa 54 08 4c de 85 54 58 2d d5 41 2b b2 a4 00 8d df 92 7d a5 dc 18 9a 87 2f 1c f9 a2 a1 3d 90 00 
<<<<
>>>>
13 76 00 00 00 
53 6a 41 f7 5e 07 c1 39 bb d9 55 f6 d2 f8 cc fe ff 0b 0e e5 6f 55 94 84 d5 a7 3f 53 dc dc 61 13 90 00 
<<<<
>>>>
13 75 00 00 00 
00 00 00 00 00 00 02 c3 90 00 
<<<<
>>>>
13 76 00 00 00 
46 c6 b1 6d 10 9d 72 dc 59 a0 50 bb 19 61 99 a7 42 2e e0 bc f3 2f ee 0e 92 07 3f c0 7c 94 59 a6 90 00 
<<<<
>>>>
13 77 00 00 08 00 00 00 00 00 00 02 c3 
53 6a 41 f7 5e 07 c1 39 bb d9 55 f6 d2 f8 cc fe ff 0b 0e e5 6f 55 94 84 d5 a7 3f 53 dc dc 61 13 90 00 
<<<<
>>>>
13 75 00 00 00 
00 00 00 00 00 00 02 c4 90 00 
<<<<
>>>>
13 77 00 00 08 00 00 00 00 00 00 02 c4 
46 c6 b1 6d 10 9d 72 dc 59 a0 50 bb 19 61 99 a7 42 2e e0 bc f3 2f ee 0e 92 07 3f c0 7c 94 59 a6 90 00 
<<<<
>>>>
13 76 00 00 00 
75 c0 a5 e1 12 44 ba 43 c6 c0 cc ad 39 26 f2 82 20 1e 20 92 69 6c 53 f5 91 7c 62 c6 c1 d0 c0 7c 90 00 
<<<<
>>>>
13 75 00 00 00 
00 00 00 00 00 00 02 c5 90 00 
<<<<
>>>>
13 76 00 00 00 
68 b6 19 b3 f3 df 8a e3 e4 63 34 a7 07 db 1d c9 59 c9 44 11 7c 02 ad 62 f3 e8 3e 19 84 52 2d b7 90 00 
<<<<
>>>>
13 77 00 00 08 00 00 00 00 00 00 02 c5 
75 c0 a5 e1 12 44 ba 43 c6 c0 cc ad 39 26 f2 82 20 1e 20 92 69 6c 53 f5 91 7c 62 c6 c1 d0 c0 7c 90 00 
<<<<
>>>>
13 75 00 00 00 
00 00 00 00 00 00 02 c6 90 00 
<<<<
>>>>
13 77 00 00 08 00 00 00 00 00 00 02 c6 
68 b6 19 b3 f3 df 8a e3 e4 63 34 a7 07 db 1d c9 59 c9 44 11 7c 02 ad 62 f3 e8 3e 19 84 52 2d b7 90 00 
<<<<
>>>>
13 76 00 00 00 
ec cd cb 37 a7 77 7a cd 3a 59 b2 9a b2 f8 bf 77 bd 28 5d 21 c5 64 95 9d 80 f3 d8 5a c6 f2 d9 7d 90 00 
<<<<
>>>>
13 75 00 00 00 
00 00 00 00 00 00 02 c7 90 00 
<<<<
>>>>
13 76 00 00 00 
24 bd ea 02 14 a9 9e 1c 90 72 fe 84 e4 ab a8 6e 6e cc 41 5b b1 24 34 ce c3 21 d0 34 6e db 3a eb 90 00 
<<<<
>>>>
13 77 00 00 08 00 00 00 00 00 00 02 c7 
ec cd cb 37 a7 77 7a cd 3a 59 b2 9a b2 f8 bf 77 bd 28 5d 21 c5 64 95 9d 80 f3 d8 5a c6 f2 d9 7d 90 00 
<<<<
>>>>
13 75 00 00 00 
00 00 00 00 00 00 02 c8 90 00 
<<<<
>>>>
13 77 00 00 08 00 00 00 00 00 00 02 c8 
24 bd ea 02 14 a9 9e 1c 90 72 fe 84 e4 ab a8 6e 6e cc 41 5b b1 24 34 ce c3 21 d0 34 6e db 3a eb 90 00 
<<<<
>>>>
13 76 00 00 00 
4a 13 2e 5a be 6a 6a 03 38 7b 2f 9a 21 e7 52 be 10 85 0e 13 9c db 3c 3b 13 65 15 1a 99 39 7d e9 90 00 
<<<<
>>>>
13 75 00 00 00 
00 00 00 00 00 00 02 c9 90 00 
<<<<
>>>>
13 76 00 00 00 
fb 93 50 5f 92 13 62 3c 2c fc b1 8b 7d 79 ce cf 07 50 9b 42 20 bd 69 f5 41 f5 c1 d7 52 b7 f8 25 90 00 
<<<<
>>>>
13 77 00 00 08 00 00 00 00 00 00 02 c9 
4a 13 2e 5a be 6a 6a 03 38 7b 2f 9a 21 e7 52 be 10 85 0e 13 9c db 3c 3b 13 65 15 1a 99 39 7d e9 90 00 
<<<<
>>>>
13 75 00 00 00 
00 00 00 00 00 00 02 ca 90 00 
<<<<
>>>>
13 77 00 00 08 00 00 00 00 00 00 02 ca 
fb 93 50 5f 92 13 62 3c 2c fc b1 8b 7d 79 ce cf 07 50 9b 42 20 bd 69 f5 41 f5 c1 d7 52 b7 f8 25 90 00 
<<<<
>>>>
13 76 00 00 00 
c3 38 b1 5b ac 83 c5 bd fb 2a 34 93 55 3a 3b dd e2 be 67 f4 b5 c4 a1 11 3a d4 a1 b6 5d 67 ad 01 90 00 
<<<<
>>>>
13 75 00 00 00 
00 00 00 00 00 00 02 cb 90 00 
<<<<
>>>>
13 76 00 00 00 
eb d2 b1 80 3a 27 64 9c 33 e7 75 d4 6a 91 80 eb 39 e6 96 1b d3 9d 34 88 e0 53 6d 16 e1 9f bf 02 90 00 
<<<<
>>>>
13 77 00 00 08 00 00 00 00 00 00 02 cb 
c3 38 b1 5b ac 83 c5 bd fb 2a 34 93 55 3a 3b dd e2 be 67 f4 b5 c4 a1 11 3a d4 a1 b6 5d 67 ad 01 90 00 
<<<<
>>>>
13 75 00 00 00 
00 00 00 00 00 00 02 cc 90 00 
<<<<
>>>>
13 77 00 00 08 00 00 00 00 00 00 02 cc 
eb d2 b1 80 3a 27 64 9c 33 e7 75 d4 6a 91 80 eb 39 e6 96 1b d3 9d 34 88 e0 53 6d 16 e1 9f bf 02 90 00 
<<<<
>>>>
13 76 00 00 00 
50 5c c3 94 c5 19 6b 56 7b a0 6f 84 e1 ca 8d 0c 9b 26 82 8b 5b a3 87 19 8a 32 f3 90 77 78 31 ad 90 00 
<<<<
>>>>
13 75 00 00 00 
00 00 00 00 00 00 02 cd 90 00 
<<<<
>>>>
13 76 00 00 00 
56 70 69 12 b3 29 c6 39 bd 7c c9 ef b7 ec 75 53 f4 4e c4 5a 25 88 bc 65 d1 5d 3e eb a2 87 7a 1d 90 00 
<<<<
>>>>
13 77 00 00 08 00 00 00 00 00 00 02 cd 
50 5c c3 94 c5 19 6b 56 7b a0 6f 84 e1 ca 8d 0c 9b 26 82 8b 5b a3 87 19 8a 32 f3 90 77 78 31 ad 90 00 
<<<<
>>>>
13 75 00 00 00 
00 00 00 00 00 00 02 ce 90 00 
<<<<
>>>>
13 77 00 00 08 00 00 00 00 00 00 02 ce 
56 70 69 12 b3 29 c6 39 bd 7c c9 ef b7 ec 75 53 f4 4e c4 5a 25 88 bc 65 d1 5d 3e eb a2 87 7a 1d 90 00 
<<<<
>>>>
13 76 00 00 00 
1b 50 0a 71 51 3a 9e 27 21 f1 9f f2 cb 51 e2 46 81 30 b0 6c ac 5e e8 12 9c 37 99 99 d1 d9 c4 56 90 00 
<<<<
>>>>
13 75 00 00 00 
00 00 00 00 00 00 02 cf 90 00 
<<<<
>>>>
13 76 00 00 00 
ce 0f 9c 79 8e 7b 22 2e de eb 80 20 e3 f6 3a 6a 5b 7f d9 05 59 18 ac e7 b9 1f d9 43 1c 32 84 6c 90 00 
<<<<
>>>>
13 77 00 00 08 00 00 00 00 00 00 02 cf 
1b 50 0a 71 51 3a 9e 27 21 f1 9f f2 cb 51 e2 46 81 30 b0 6c ac 5e e8 12 9c 37 99 99 d1 d9 c4 56 90 00 
<<<<
>>>>
13 75 00 00 00 
00 00 00 00 00 00 02 d0 90 00 
<<<<
>>>>
13 77 00 00 08 00 00 00 00 00 00 02 d0 
ce 0f 9c 79 8e 7b 22 2e de eb 80 20 e3 f6 3a 6a 5b 7f d9 05 59 18 ac e7 b9 1f d9 43 1c 32 84 6c 90 00 
<<<<
>>>>
13 76 00 00 00 
af c8 27 e9 10 85 d3 8e cb ce fa 06 39 c6 5e 70 ad ef 23 3f eb 09 c9 d8 0e f0 0c a1 f0 db 22 59 90 00 
<<<<
>>>>
13 75 00 00 00 
00 00 00 00 00 00 02 d1 90 00 
<<<<
>>>>
13 76 00 00 00 
01 a7 70 50 42 66 69 6d 3b 7f 54 c1 d5 59 63 5d 29 f3 67 f9 68 9e 5f e4 74 6b 2c 61 ef c4 c6 94 90 00 
<<<<
>>>>
13 77 00 00 08 00 00 00 00 00 00 02 d1 
af c8 27 e9 10 85 d3 8e cb ce fa 06 39 c6 5e 70 ad ef 23 3f eb 09 c9 d8 0e f0 0c a1 f0 db 22 59 90 00 
<<<<
>>>>
13 75 00 00 00 
00 00 00 00 00 00 02 d2 90 00 
<<<<
>>>>
13 77 00 00 08 00 00 00 00 00 00 02 d2 
01 a7 70 50 42 66 69 6d 3b 7f 54 c1 d5 59 63 5d 29 f3 67 f9 68 9e 5f e4 74 6b 2c 61 ef c4 c6 94 90 00 
<<<<
>>>>
13 76 00 00 00 
f6 47 2c f3 0d f7 29 37 fc 49 e8 1a f5 5d b2 e3 51 cf 25 8d b3 b2 fd 01 32 e3 b3 ba fd e9 fb f8 90 00 
<<<<
>>>>
13 75 00 00 00 
00 00 00 00 00 00 02 d3 90 00 
<<<<
>>>>
13 76 00 00 00 
9c f0 59 9a 29 3c ad a5 e6 64 4b b6 c9 1f 60 f6 92 4a 5c 46 e8 36 37 b1 2e 0b 42 a2 e0 b1 b9 26 90 00 
<<<<
>>>>
13 77 00 00 08 00 00 00 00 00 00 02 d3 
f6 47 2c f3 0d f7 29 37 fc 49 e8 1a f5 5d b2 e3 51 cf 25 8d b3 b2 fd 01 32 e3 b3 ba fd e9 fb f8 90 00 
<<<<
>>>>
13 75 00 00 00 
00 00 00 00 00 00 02 d4 90 00 
<<<<
>>>>
13 77 00 00 08 00 00 00 00 00 00 02 d4 
9c f0 59 9a 29 3c ad a5 e6 64 4b b6 c9 1f 60 f6 92 4a 5c 46 e8 36 37 b1 2e 0b 42 a2 e0 b1 b9 26 90 00 
<<<<
>>>>
13 76 00 00 00 
27 ae a0 22 f0 d9 ae 21 8c 7b 9f 65 cf ca 5b b2 28 cb 02 1d bb bd 0b c8 f2 61 9b 14 7a fa 45 b0 90 00 
<<<<
>>>>
13 75 00 00 00 
00 00 00 00 00 00 02 d5 90 00 
<<<<
>>>>
13 76 00 00 00 
ca 7e 07 21 fa 61 c3 66 72 38 de 65 f1 4f 72 81 e2 3a b7 3a 01 05 b8 b2 c5 47 83 e2 f4 80 d7 a6 90 00 
<<<<
>>>>
13 77 00 00 08 00 00 00 00 00 00 02 d5 
27 ae a0 22 f0 d9 ae 21 8c 7b 9f 65 cf ca 5b b2 28 cb 02 1d bb bd 0b c8 f2 61 9b 14 7a fa 45 b0 90 00 
<<<<
>>>>
13 75 00 00 00 
00 00 00 00 00 00 02 d6 90 00 
<<<<
>>>>
13 77 00 00 08 00 00 00 00 00 00 02 d6 
ca 7e 07 21 fa 61 c3 66 72 38 de 65 f1 4f 72 81 e2 3a b7 3a 01 05 b8 b2 c5 47 83 e2 f4 80 d7 a6 90 00 
<<<<
>>>>
13 76 00 00 00 
f9 4c fc d4 b3 0c bd dc b8 d6 a6 3a 86 9b 73 01 9f da a9 3f 86 87 82 5b c9 88 dd 5f 34 a8 b0 80 90 00 
<<<<
>>>>
13 75 00 00 00 
00 00 00 00 00 00 02 d7 90 00 
<<<<
>>>>
13 76 00 00 00 
28 29 6b c1 04 ff f2 7c e0 ce 76 7f c7 30 a1 29 5f 46 2c bb 7c 2e 03 ff 64 e6 68 4b 06 c1 48 b8 90 00 
<<<<
>>>>
13 77 00 00 08 00 00 00 00 00 00 02 d7 
f9 4c fc d4 b3 0c bd dc b8 d6 a6 3a 86 9b 73 01 9f da a9 3f 86 87 82 5b c9 88 dd 5f 34 a8 b0 80 90 00 
<<<<
>>>>
13 75 00 00 00 
00 00 00 00 00 00 02 d8 90 00 
<<<<
>>>>
13 77 00 00 08 00 00 00 00 00 00 02 d8 
28 29 6b c1 04 ff f2 7c e0 ce 76 7f c7 30 a1 29 5f 46 2c bb 7c 2e 03 ff 64 e6 68 4b 06 c1 48 b8 90 00 
<<<<
>>>>
13 76 00 00 00 
b8 7f 74 79 87 89 2f 76 fa 4f 6d 78 43 45 77 d9 ea 62 49 94 f5 ff 20 74 91 2b 49 95 36 a7 f1 ae 90 00 
<<<<
>>>>
13 75 00 00 00 
00 00 00 00 00 00 02 d9 90 00 
<<<<
>>>>
13 76 00 00 00 
4a 86 10 37 5a 7a f8 8c aa df 4b 62 44 98 56 35 98 07 21 0a 7d f3 2c a0 82 be 93 e1 ab fc 40 13 90 00 
<<<<
>>>>
13 77 00 00 08 00 00 00 00 00 00 02 d9 
b8 7f 74 79 87 89 2f 76 fa 4f 6d 78 43 45 77 d9 ea 62 49 94 f5 ff 20 74 91 2b 49 95 36 a7 f1 ae 90 00 
<<<<
>>>>
13 75 00 00 00 
00 00 00 00 00 00 02 da 90 00 
<<<<
>>>>
13 77 00 00 08 00 00 00 00 00 00 02 da 
4a 86 10 37 5a 7a f8 8c aa df 4b 62 44 98 56 35 98 07 21 0a 7d f3 2c a0 82 be 93 e1 ab fc 40 13 90 00 
<<<<
>>>>
13 76 00 00 00 
95 20 0f ff 84 33 de 30 21 5d b5 70 47 7b e5 63 c0 6d e4 c2 6c 12 5b 08 9a 15 d6 32 56 53 f2 9d 90 00 
<<<<
>>>>
13 75 00 00 00 
00 00 00 00 00 00 02 db 90 00 
<<<<
>>>>
13 76 00 00 00 
34 2b 54 bf 95 33 2f 0c c3 d6 fc 85 0d cb 27 88 9c 47 ec 56 57 bc 9e 75 47 70 54 8e ed 1c ed bf 90 00 
<<<<
>>>>
13 77 00 00 08 00 00 00 00 00 00 02 db 
95 20 0f ff 84 33 de 30 21 5d b5 70 47 7b e5 63 c0 6d e4 c2 6c 12 5b 08 9a 15 d6 32 56 53 f2 9d 90 00 
<<<<
>>>>
13 75 00 00 00 
00 00 00 00 00 00 02 dc 90 00 
<<<<
>>>>
13 77 00 00 08 00 00 00 00 00 00 02 dc 
34 2b 54 bf 95 33 2f 0c c3 d6 fc 85 0d cb 27 88 9c 47 ec 56 57 bc 9e 75 47 70 54 8e ed 1c ed bf 90 00 
<<<<
>>>>
13 76 00 00 00 
e2 b4 b0 42 65 44 34 cd b4 7a 3e 2a ee 50 5c 30 8b ee 55 91 6e 81 7f ee f7 cd f0 ab 1f 4c fe 9f 90 00 
<<<<
>>>>
13 75 00 00 00 
00 00 00 00 00 00 02 dd 90 00 
<<<<
>>>>
13 76 00 00 00 
1e b5 7e 2b a5 20 d0 7c 45 8f 95 14 71 1a e9 1d a4 a0 90 30 36 b1 09 f7 0d ce c3 31 c3 29 f6 33 90 00 
<<<<
>>>>
13 77 00 00 08 00 00 00 00 00 00 02 dd 
e2 b4 b0 42 65 44 34 cd b4 7a 3e 2a ee 50 5c 30 8b ee 55 91 6e 81 7f ee f7 cd f0 ab 1f 4c fe 9f 90 00 
<<<<
>>>>
13 75 00 00 00 
00 00 00 00 00 00 02 de 90 00 
<<<<
>>>>
13 77 00 00 08 00 00 00 00 00 00 02 de 
1e b5 7e 2b a5 20 d0 7c 45 8f 95 14 71 1a e9 1d a4 a0 90 30 36 b1 09 f7 0d ce c3 31 c3 29 f6 33 90 00 
<<<<
>>>>
13 76 00 00 00 
33 1a b3 c3 88 67 74 69 f1 a0 f7 eb 81 2d 59 8a b6 32 90 e3 90 fd 46 12 d4 98 5f 3f 97 05 0c 45 90 00 
<<<<
>>>>
13 75 00 00 00 
00 00 00 00 00 00 02 df 90 00 
<<<<
>>>>
13 76 00 00 00 
fe c9 c2 4a 4f cc 8e cc 26 97 78 ce 2e 5c 83 2e 2f eb 51 1e 0d 3b e6 25 18 f9 48 92 46 8f 4c e9 90 00 
<<<<
>>>>
13 77 00 00 08 00 00 00 00 00 00 02 df 
33 1a b3 c3 88 67 74 69 f1 a0 f7 eb 81 2d 59 8a b6 32 90 e3 90 fd 46 12 d4 98 5f 3f 97 05 0c 45 90 00 
<<<<
>>>>
13 75 00 00 00 
00 00 00 00 00 00 02 e0 90 00 
<<<<
>>>>
13 77 00 00 08 00 00 00 00 00 00 02 e0 
fe c9 c2 4a 4f cc 8e cc 26 97 78 ce 2e 5c 83 2e 2f eb 51 1e 0d 3b e6 25 18 f9 48 92 46 8f 4c e9 90 00 
<<<<
>>>>
13 76 00 00 00 
7c 22 1d a4 41 bb 27 9e 54 7d 36 d2 8d 67 b9 60 b0 b6 08 d1 bb 1a f1 f7 84 b5 30 32 f9 b9 67 00 90 00 
<<<<
>>>>
13 75 00 00 00 
00 00 00 00 00 00 02 e1 90 00 
<<<<
>>>>
13 76 00 00 00 
3d 2e bc 64 2e 98 87 43 7c 92 79 0d 85 76 92 1c 0a ac ce 8f 36 e4 18 47 58 b1 43 5f b5 54 66 07 90 00 
<<<<
>>>>
13 77 00 00 08 00 00 00 00 00 00 02 e1 
7c 22 1d a4 41 bb 27 9e 54 7d 36 d2 8d 67 b9 60 b0 b6 08 d1 bb 1a f1 f7 84 b5 30 32 f9 b9 67 00 90 00 
<<<<
>>>>
13 75 00 00 00 
00 00 00 00 00 00 02 e2 90 00 
<<<<
>>>>
13 77 00 00 08 00 00 00 00 00 00 02 e2 
3d 2e bc 64 2e 98 87 43 7c 92 79 0d 85 76 92 1c 0a ac ce 8f 36 e4 18 47 58 b1 43 5f b5 54 66 07 90 00 
<<<<
>>>>
13 76 00 00 00 
10 4e 1b da 0d 83 89 9c dc 3c 67 6f 96 df 94 9f c1 d6 31 0b 74 fd 72 18 ef 7c f1 55 6e ca 83 7c 90 00 
<<<<
>>>>
13 75 00 00 00 
00 00 00 00 00 00 02 e3 90 00 
<<<<
>>>>
13 76 00 00 00 
18 cb ee c4 70 13 44 96 bd 1d 83 6b 91 dd c5 80 82 51 38 de 33 a1 bd 4b 11 23 c2 88 9f 2b 2c 4c 90 00 
<<<<
>>>>
13 77 00 00 08 00 00 00 00 00 00 02 e3 
10 4e 1b da 0d 83 89 9c dc 3c 67 6f 96 df 94 9f c1 d6 31 0b 74 fd 72 18 ef 7c f1 55 6e ca 83 7c 90 00 
<<<<
>>>>
13 75 00 00 00 
00 00 00 00 00 00 02 e4 90 00 
<<<<
>>>>
13 77 00 00 08 00 00 00 00 00 00 02 e4 
18 cb ee c4 70 13 44 96 bd 1d 83 6b 91 dd c5 80 82 51 38 de 33 a1 bd 4b 11 23 c2 88 9f 2b 2c 4c 90 00 
<<<<
>>>>
13 76 00 00 00 
5b 89 c6 7c d5 67 44 1a e7 6d d7 9e 39 cd 4b ec a9 48 42 ce ab 78 b8 45 cb d2 fb 9f 59 7c 60 98 90 00 
<<<<
>>>>
13 75 00 00 00 
00 00 00 00 00 00 02 e5 90 00 
<<<<
>>>>
13 76 00 00 00 
f4 0f da a0 d9 40 8d 0e 39 48 f6 20 60 97 37 fd b9 41 b0 de 76 82 50 51 9a ca 71 eb a0 28 e4 13 90 00 
<<<<
>>>>
13 77 00 00 08 00 00 00 00 00 00 02 e5 
5b 89 c6 7c d5 67 44 1a e7 6d d7 9e 39 cd 4b ec a9 48 42 ce ab 78 b8 45 cb d2 fb 9f 59 7c 60 98 90 00 
<<<<
>>>>
13 75 00 00 00 
00 00 00 00 00 00 02 e6 90 00 
<<<<
>>>>
13 77 00 00 08 00 00 00 00 00 00 02 e6 
f4 0f da a0 d9 40 8d 0e 39 48 f6 20 60 97 37 fd b9 41 b0 de 76 82 50 51 9a ca 71 eb a0 28 e4 13 90 00 
<<<<
>>>>
13 76 00 00 00 
52 9f 9b 09 59 72 b9 ac d8 15 39 ba 34 6c 16 01 71 5a ac 4e 5b 1d c8 8f 20 51 69 2d de 99 a8 cd 90 00 
<<<<
>>>>
13 75 00 00 00 
00 00 00 00 00 00 02 e7 90 00 
<<<<
>>>>
13 76 00 00 00 
8d 71 40 be 34 74 81 4f d9 29 fe ea f4 62 e7 5c c3 60 83 ee cf fc b9 29 0e e7 3a 84 c9 d7 ca d7 90 00 
<<<<
>>>>
13 77 00 00 08 00 00 00 00 00 00 02 e7 
52 9f 9b 09 59 72 b9 ac d8 15 39 ba 34 6c 16 01 71 5a ac 4e 5b 1d c8 8f 20 51 69 2d de 99 a8 cd 90 00 
<<<<
>>>>
13 75 00 00 00 
00 00 00 00 00 00 02 e8 90 00 
<<<<
>>>>
13 77 00 00 08 00 00 00 00 00 00 02 e8 
8d 71 40 be 34 74 81 4f d9 29 fe ea f4 62 e7 5c c3 60 83 ee cf fc b9 29 0e e7 3a 84 c9 d7 ca d7 90 00 
<<<<
>>>>
13 76 00 00 00 
48 ea ba 36 76 66 4b ef 85 3a 91 76 d4 fc e6 2c 1c d5 3d 5e 27 d3 4f 69 25 3f 0c 68 1e 8b ee bb 90 00 
<<<<
>>>>
13 75 00 00 00 
00 00 00 00 00 00 02 e9 90 00 
<<<<
>>>>
13 76 00 00 00 
e4 9a ee f3 e4 c9 36 4d 8f e2 06 fe 9b f5 11 ca bf 31 ea 38 ff 13 ec 58 94 fc 69 78 89 db e6 aa 90 00 
<<<<
>>>>
13 77 00 00 08 00 00 00 00 00 00 02 e9 
48 ea ba 36 76 66 4b ef 85 3a 91 76 d4 fc e6 2c 1c d5 3d 5e 27 d3 4f 69 25 3f 0c 68 1e 8b ee bb 90 00 
<<<<
>>>>
13 75 00 00 00 
00 00 00 00 00 00 02 ea 90 00 
<<<<
>>>>
13 77 00 00 08 00 00 00 00 00 00 02 ea 
e4 9a ee f3 e4 c9 36 4d 8f e2 06 fe 9b f5 11 ca bf 31 ea 38 ff 13 ec 58 94 fc 69 78 89 db e6 aa 90 00 
<<<<
>>>>
13 76 00 00 00 
bf 11 69 5c 42 b0 b2 e1 05 f4 9b 48 71 3b f5 2c b6 38 86 b0 f8 5c 00 8c 56 c9 dc 42 cc e2 5e bb 90 00 
<<<<
>>>>
13 75 00 00 00 
00 00 00 00 00 00 02 eb 90 00 
<<<<
>>>>
13 76 00 00 00 
f5 12 2f bb 8c ac b7 96 70 7f 6d d8 c4 f3 42 c4 1e ff 1d a1 d4 07 7d 9e 84 4d 42 8c 05 bb c8 d0 90 00 
<<<<
>>>>
13 77 00 00 08 00 00 00 00 00 00 02 eb 
bf 11 69 5c 42 b0 b2 e1 05 f4 9b 48 71 3b f5 2c b6 38 86 b0 f8 5c 00 8c 56 c9 dc 42 cc e2 5e bb 90 00 
<<<<
>>>>
13 75 00 00 00 
00 00 00 00 00 00 02 ec 90 00 
<<<<
>>>>
13 77 00 00 08 00 00 00 00 00 00 02 ec 
f5 12 2f bb 8c ac b7 96 70 7f 6d d8 c4 f3 42 c4 1e ff 1d a1 d4 07 7d 9e 84 4d 42 8c 05 bb c8 d0 90 00 
<<<<
>>>>
13 76 00 00 00 
75 59 19 3d 1a 31 7d b2 b6 a7 a9 3d 78 c0 36 fb 3f b5 db 12 29 dc d0 74 f5 6e 33 25 3b 2b 56 72 90 00 
<<<<
>>>>
13 75 00 00 00 
00 00 00 00 00 00 02 ed 90 00 
<<<<
>>>>
13 76 00 00 00 
77 2c be 2b 4e 9c ac dc 66 6e b1 cc 17 47 a7 08 9f 04 04 7e c4 ea ce ff a8 e2 41 f2 bd 0a db 73 90 00 
<<<<
>>>>
13 77 00 00 08 00 00 00 00 00 00 02 ed 
75 59 19 3d 1a 31 7d b2 b6 a7 a9 3d 78 c0 36 fb 3f b5 db 12 29 dc d0 74 f5 6e 33 25 3b 2b 56 72 90 00 
<<<<
>>>>
13 75 00 00 00 
00 00 00 00 00 00 02 ee 90 00 
<<<<
>>>>
13 77 00 00 08 00 00 00 00 00 00 02 ee 
77 2c be 2b 4e 9c ac dc 66 6e b1 cc 17 47 a7 08 9f 04 04 7e c4 ea ce ff a8 e2 41 f2 bd 0a db 73 90 00 
<<<<
>>>>
13 76 00 00 00 
0f cb eb 56 1a 06 2c 8c 77 b2 e5 c6 71 16 67 ea 15 8b 79 de 47 9e b5 9a 20 c9 74 3f 83 08 cb 0e 90 00 
<<<<
>>>>
13 75 00 00 00 
00 00 00 00 00 00 02 ef 90 00 
<<<<
>>>>
13 76 00 00 00 
75 ad ee b6 8b 53 50 e9 dd 7f a3 9d de 37 80 b0 84 81 b8 a7 bb 98 71 c1 0c 3b 64 bd 19 89 ca 11 90 00 
<<<<
>>>>
13 77 00 00 08 00 00 00 00 00 00 02 ef 
0f cb eb 56 1a 06 2c 8c 77 b2 e5 c6 71 16 67 ea 15 8b 79 de 47 9e b5 9a 20 c9 74 3f 83 08 cb 0e 90 00 
<<<<
>>>>
13 75 00 00 00 
00 00 00 00 00 00 02 f0 90 00 
<<<<
>>>>
13 77 00 00 08 00 00 00 00 00 00 02 f0 
75 ad ee b6 8b 53 50 e9 dd 7f a3 9d de 37 80 b0 84 81 b8 a7 bb 98 71 c1 0c 3b 64 bd 19 89 ca 11 90 00 
<<<<
>>>>
13 76 00 00 00 
d6 51 64 56 0a 51 e0 80 1d 97 4c f4 d8 30 d9 5e df 56 d2 a1 9d 06 0e f4 dd de f1 6b ae 20 de 54 90 00 
<<<<
>>>>
13 75 00 00 00 
00 00 00 00 00 00 02 f1 90 00 
<<<<
>>>>
13 76 00 00 00 
9a 2c 2d f1 34 91 30 c0 75 a3 6d 2c 26 64 5d 0b 41 51 80 12 2e 56 da b4 ca 2c 05 bb 89 c6 7b 48 90 00 
<<<<
>>>>
13 77 00 00 08 00 00 00 00 00 00 02 f1 
d6 51 64 56 0a 51 e0 80 1d 97 4c f4 d8 30 d9 5e df 56 d2 a1 9d 06 0e f4 dd de f1 6b ae 20 de 54 90 00 
<<<<
>>>>
13 75 00 00 00 
00 00 00 00 00 00 02 f2 90 00 
<<<<
>>>>
13 77 00 00 08 00 00 00 00 00 00 02 f2 
9a 2c 2d f1 34 91 30 c0 75 a3 6d 2c 26 64 5d 0b 41 51 80 12 2e 56 da b4 ca 2c 05 bb 89 c6 7b 48 90 00 
<<<<
>>>>
13 76 00 00 00 
6e 6d 9d 95 4c 55 e2 f9 ae a1 9c 22 b3 b2 68 62 b2 83 ab e0 f8 bc 81 78 c6 b3 0e 70 bb a8 1b 38 90 00 
<<<<
>>>>
13 75 00 00 00 
00 00 00 00 00 00 02 f3 90 00 
<<<<
>>>>
13 76 00 00 00 
15 19 76 63 b1 b4 c8 b1 0e d6 5d 11 d4 7c 6d 2e c3 0d 0a 9f 04 c4 60 b2 ea 3b 4a d9 df 5a eb fd 90 00 
<<<<
>>>>
13 77 00 00 08 00 00 00 00 00 00 02 f3 
6e 6d 9d 95 4c 55 e2 f9 ae a1 9c 22 b3 b2 68 62 b2 83 ab e0 f8 bc 81 78 c6 b3 0e 70 bb a8 1b 38 90 00 
<<<<
>>>>
13 75 00 00 00 
00 00 00 00 00 00 02 f4 90 00 
<<<<
>>>>
13 77 00 00 08 00 00 00 00 00 00 02 f4 
15 19 76 63 b1 b4 c8 b1 0e d6 5d 11 d4 7c 6d 2e c3 0d 0a 9f 04 c4 60 b2 ea 3b 4a d9 df 5a eb fd 90 00 
<<<<
>>>>
13 76 00 00 00 
ea 5c 9e 9a 87 b1 34 82 7a 8f 8a 9d 32 c9 47 bf 24 51 81 5e 54 57 e5 35 24 40 a6 48 10 e6 06 68 90 00 
<<<<
>>>>
13 75 00 00 00 
00 00 00 00 00 00 02 f5 90 00 
<<<<
>>>>
13 76 00 00 00 
ed 9f e1 2a 72 09 40 d3 79 d8 72 77 c4 7c d8 09 12 ed 2f 9c 38 48 22 03 c9 7b 02 eb c8 b2 0c 76 90 00 
<<<<
>>>>
13 77 00 00 08 00 00 00 00 00 00 02 f5 
ea 5c 9e 9a 87 b1 34 82 7a 8f 8a 9d 32 c9 47 bf 24 51 81 5e 54 57 e5 35 24 40 a6 48 10 e6 06 68 90 00 
<<<<
>>>>
13 75 00 00 00 
00 00 00 00 00 00 02 f6 90 00 
<<<<
>>>>
13 77 00 00 08 00 00 00 00 00 00 02 f6 
ed 9f e1 2a 72 09 40 d3 79 d8 72 77 c4 7c d8 09 12 ed 2f 9c 38 48 22 03 c9 7b 02 eb c8 b2 0c 76 90 00 
<<<<
>>>>
13 76 00 00 00 
a9 41 2f 60 86 3e bc b7 e8 24 47 f4 a8 76 15 81 2b db ff 6c 97 1a ef de 45 5e db a1 86 e7 39 34 90 00 
<<<<
>>>>
13 75 00 00 00 
00 00 00 00 00 00 02 f7 90 00 
<<<<
>>>>
13 76 00 00 00 
76 d7 59 aa a9 cc 0f 81 c5 2a f5 99 4c f3 41 1a d2 06 58 a4 6d b1 7c d9 fc cb 6c e9 df 2c 49 b0 90 00 
<<<<
>>>>
13 77 00 00 08 00 00 00 00 00 00 02 f7 
a9 41 2f 60 86 3e bc b7 e8 24 47 f4 a8 76 15 81 2b db ff 6c 97 1a ef de 45 5e db a1 86 e7 39 34 90 00 
<<<<
>>>>
13 75 00 00 00 
00 00 00 00 00 00 02 f8 90 00 
<<<<
>>>>
13 77 00 00 08 00 00 00 00 00 00 02 f8 
76 d7 59 aa a9 cc 0f 81 c5 2a f5 99 4c f3 41 1a d2 06 58 a4 6d b1 7c d9 fc cb 6c e9 df 2c 49 b0 90 00 
<<<<
>>>>
13 76 00 00 00 
61 63 bb ff ca 3e f8 9c be 1d 8a 69 a3 70 19 87 0e 61 59 a7 7d 44 35 e4 4a e2 d9 e2 9a 4d 0e 24 90 00 
<<<<
>>>>
13 75 00 00 00 
00 00 00 00 00 00 02 f9 90 00 
<<<<
>>>>
13 76 00 00 00 
a7 e1 1f 27 04 a1 7a 1c b1 2d 06 03 02 2d 76 4c f7 7a 59 e7 2e 24 6f 12 bc a4 26 1c 77 82 ed 44 90 00 
<<<<
>>>>
13 77 00 00 08 00 00 00 00 00 00 02 f9 
61 63 bb ff ca 3e f8 9c be 1d 8a 69 a3 70 19 87 0e 61 59 a7 7d 44 35 e4 4a e2 d9 e2 9a 4d 0e 24 90 00 
<<<<
>>>>
13 75 00 00 00 
00 00 00 00 00 00 02 fa 90 00 
<<<<
>>>>
13 77 00 00 08 00 00 00 00 00 00 02 fa 
a7 e1 1f 27 04 a1 7a 1c b1 2d 06 03 02 2d 76 4c f7 7a 59 e7 2e 24 6f 12 bc a4 26 1c 77 82 ed 44 90 00 
<<<<
>>>>
13 76 00 00 00 
64 b2 d7 bb f5 b6 b1 6c 72 a5 0c 98 4a b7 4f bb c8 11 55 94 6e e5 2a 37 0a 35 47 e5 ef 1b 17 b4 90 00 
<<<<
>>>>
13 75 00 00 00 
00 00 00 00 00 00 02 fb 90 00 
<<<<
>>>>
13 76 00 00 00 
6d 7e 00 86 bc ea d0 13 7b 35 74 62 ad 84 3a 13 00 8c 2a 40 57 ab 80 2b 21 4e 4f 77 c4 1e 79 26 90 00 
<<<<
>>>>
13 77 00 00 08 00 00 00 00 00 00 02 fb 
64 b2 d7 bb f5 b6 b1 6c 72 a5 0c 98 4a b7 4f bb c8 11 55 94 6e e5 2a 37 0a 35 47 e5 ef 1b 17 b4 90 00 
<<<<
>>>>
13 75 00 00 00 
00 00 00 00 00 00 02 fc 90 00 
<<<<
>>>>
13 77 00 00 08 00 00 00 00 00 00 02 fc 
6d 7e 00 86 bc ea d0 13 7b 35 74 62 ad 84 3a 13 00 8c 2a 40 57 ab 80 2b 21 4e 4f 77 c4 1e 79 26 90 00 
<<<<
>>>>
13 76 00 00 00 
1c 8d bd 12 ec e3 f1 b6 e9 29 01 b9 f3 cf 97 b8 7c c9 fe 56 1f 0b 49 1c 01 84 a7 da e9 c0 2f 96 90 00 
<<<<
>>>>
13 75 00 00 00 
00 00 00 00 00 00 02 fd 90 00 
<<<<
>>>>
13 76 00 00 00 
78 e1 b1 ac b1 ca ac bf 08 08 da fe d7 12 21 e2 d9 39 31 12 9d 0f 43 b0 0b bc 56 48 b9 ef d5 3d 90 00 
<<<<
>>>>
13 77 00 00 08 00 00 00 00 00 00 02 fd 
1c 8d bd 12 ec e3 f1 b6 e9 29 01 b9 f3 cf 97 b8 7c c9 fe 56 1f 0b 49 1c 01 84 a7 da e9 c0 2f 96 90 00 
<<<<
>>>>
13 75 00 00 00 
00 00 00 00 00 00 02 fe 90 00 
<<<<
>>>>
13 77 00 00 08 00 00 00 00 00 00 02 fe 
78 e1 b1 ac b1 ca ac bf 08 08 da fe d7 12 21 e2 d9 39 31 12 9d 0f 43 b0 0b bc 56 48 b9 ef d5 3d 90 00 
<<<<
>>>>
13 76 00 00 00 
f4 0b 84 24 aa db c7 b0 87 bc e9 51 aa 9e 65 76 02 b6 a6 cf 91 ad fb 7e 91 6e 2d 8b bb ca 5f cb 90 00 
<<<<
>>>>
13 75 00 00 00 
00 00 00 00 00 00 02 ff 90 00 
<<<<
>>>>
13 76 00 00 00 
2d d6 3c 85 7f 82 f0 36 b0 24 a8 d3 40 79 02 89 af 1c a2 b0 42 e1 6b c6 aa 62 ad 13 5e 48 dd 41 90 00 
<<<<
>>>>
13 77 00 00 08 00 00 00 00 00 00 02 ff 
f4 0b 84 24 aa db c7 b0 87 bc e9 51 aa 9e 65 76 02 b6 a6 cf 91 ad fb 7e 91 6e 2d 8b bb ca 5f cb 90 00 
<<<<
>>>>
13 75 00 00 00 
00 00 00 00 00 00 03 00 90 00 
<<<<
>>>>
13 77 00 00 08 00 00 00 00 00 00 03 00 
2d d6 3c 85 7f 82 f0 36 b0 24 a8 d3 40 79 02 89 af 1c a2 b0 42 e1 6b c6 aa 62 ad 13 5e 48 dd 41 90 00 
<<<<
>>>>
13 76 00 00 00 
69 25 ee 50 92 35 4e 66 cb c5 6d dd 02 99 62 aa b4 b8 bc 6d c4 d2 d7 92 39 2e e3 1d 38 44 8e 63 90 00 
<<<<
>>>>
13 75 00 00 00 
00 00 00 00 00 00 03 01 90 00 
<<<<
>>>>
13 76 00 00 00 
36 e7 d4 71 53 dd eb 93 60 3f 69 f3 c3 60 27 ea 46 10 8a 4a 38 07 34 6e a9 28 c9 4a f4 43 4f 34 90 00 
<<<<
>>>>
13 77 00 00 08 00 00 00 00 00 00 03 01 
69 25 ee 50 92 35 4e 66 cb c5 6d dd 02 99 62 aa b4 b8 bc 6d c4 d2 d7 92 39 2e e3 1d 38 44 8e 63 90 00 
<<<<
>>>>
13 75 00 00 00 
00 00 00 00 00 00 03 02 90 00 
<<<<
>>>>
13 77 00 00 08 00 00 00 00 00 00 03 02 
36 e7 d4 71 53 dd eb 93 60 3f 69 f3 c3 60 27 ea 46 10 8a 4a 38 07 34 6e a9 28 c9 4a f4 43 4f 34 90 00 
<<<<
>>>>
13 76 00 00 00 
9d c2 11 2e ad 47 0f 96 8a 9e 7f 89 ba 14 26 91 71 bc 50 17 83 40 7a be 20 6d e8 3d 6c 9a 45 14 90 00 
<<<<
>>>>
13 75 00 00 00 
00 00 00 00 00 00 03 03 90 00 
<<<<
>>>>
13 76 00 00 00 
7c fc 18 5e 92 83 53 f8 d6 ec 7e cf b2 63 f3 6e 6b 47 ef 46 1b 97 aa f4 d6 a4 c7 55 fe 2f d5 a0 90 00 
<<<<
>>>>
13 77 00 00 08 00 00 00 00 00 00 03 03 
9d c2 11 2e ad 47 0f 96 8a 9e 7f 89 ba 14 26 91 71 bc 50 17 83 40 7a be 20 6d e8 3d 6c 9a 45 14 90 00 
<<<<
>>>>
13 75 00 00 00 
00 00 00 00 00 00 03 04 90 00 
<<<<
>>>>
13 77 00 00 08 00 00 00 00 00 00 03 04 
7c fc 18 5e 92 83 53 f8 d6 ec 7e cf b2 63 f3 6e 6b 47 ef 46 1b 97 aa f4 d6 a4 c7 55 fe 2f d5 a0 90 00 
<<<<
>>>>
13 76 00 00 00 
ac a3 42 41 0a 66 90 c6 e1 95 3f d4 fe ae 23 a2 49 00 05 1f 95 0f 89 6a 9a 43 64 e4 58 04 9f 6b 90 00 
<<<<
>>>>
13 75 00 00 00 
00 00 00 00 00 00 03 05 90 00 
<<<<
>>>>
13 76 00 00 00 
59 96 bf 9f 21 be 0d b8 0a 6f e7 be 1c ce e3 45 ad 36 4b d5 27 fe fd c0 f9 51 9e 9a f9 3a b9 f6 90 00 
<<<<
>>>>
13 77 00 00 08 00 00 00 00 00 00 03 05 
ac a3 42 41 0a 66 90 c6 e1 95 3f d4 fe ae 23 a2 49 00 05 1f 95 0f 89 6a 9a 43 64 e4 58 04 9f 6b 90 00 
<<<<
>>>>
13 75 00 00 00 
00 00 00 00 00 00 03 06 90 00 
<<<<
>>>>
13 77 00 00 08 00 00 00 00 00 00 03 06 
59 96 bf 9f 21 be 0d b8 0a 6f e7 be 1c ce e3 45 ad 36 4b d5 27 fe fd c0 f9 51 9e 9a f9 3a b9 f6 90 00 
<<<<
>>>>
13 76 00 00 00 
2b 47 d2 66 60 57 36 ea e7 98 79 c2 15 9c 19 b6 ed 72 28 85 63 f5 87 83 64 c9 77 51 97 d3 f0 b6 90 00 
<<<<
>>>>
13 75 00 00 00 
00 00 00 00 00 00 03 07 90 00 
<<<<
>>>>
13 76 00 00 00 
fa 39 78 b0 ff 31 68 47 11 4a 27 71 6c 55 01 3a 15 f0 f6 e5 60 75 74 92 1a 16 d7 bf f4 18 bf 1f 90 00 
<<<<
>>>>
13 77 00 00 08 00 00 00 00 00 00 03 07 
2b 47 d2 66 60 57 36 ea e7 98 79 c2 15 9c 19 b6 ed 72 28 85 63 f5 87 83 64 c9 77 51 97 d3 f0 b6 90 00 
<<<<
>>>>
13 75 00 00 00 
00 00 00 00 00 00 03 08 90 00 
<<<<
>>>>
13 77 00 00 08 00 00 00 00 00 00 03 08 
fa 39 78 b0 ff 31 68 47 11 4a 27 71 6c 55 01 3a 15 f0 f6 e5 60 75 74 92 1a 16 d7 bf f4 18 bf 1f 90 00 
<<<<
>>>>
13 76 00 00 00 
38 36 f0 2c bb b0 cc e1 37 be cc 0a 71 db c6 6d 4f 8b ae 06 ed 2c 0c fb 0d 53 11 b4 f7 2d 5e d7 90 00 
<<<<
>>>>
13 75 00 00 00 
00 00 00 00 00 00 03 09 90 00 
<<<<
>>>>
13 76 00 00 00 
2d b6 a1 86 a8 d8 dd 60 b9 6f ed c4 20 c7 0a fb 19 04 e4 31 19 1c b5 d5 50 08 49 e8 30 e9 f5 e6 90 00 
<<<<
>>>>
13 77 00 00 08 00 00 00 00 00 00 03 09 
38 36 f0 2c bb b0 cc e1 37 be cc 0a 71 db c6 6d 4f 8b ae 06 ed 2c 0c fb 0d 53 11 b4 f7 2d 5e d7 90 00 
<<<<
>>>>
13 75 00 00 00 
00 00 00 00 00 00 03 0a 90 00 
<<<<
>>>>
13 77 00 00 08 00 00 00 00 00 00 03 0a 
2d b6 a1 86 a8 d8 dd 60 b9 6f ed c4 20 c7 0a fb 19 04 e4 31 19 1c b5 d5 50 08 49 e8 30 e9 f5 e6 90 00 
<<<<
>>>>
13 76 00 00 00 
65 f3 de 91 60 7d c9 af eb 9d fb 10 c8 a3 4b dc 30 de 76 24 86 f6 c4 d8 4a f5 d4 0e 29 d9 da 37 90 00 
<<<<
>>>>
13 75 00 00 00 
00 00 00 00 00 00 03 0b 90 00 
<<<<
>>>>
13 76 00 00 00 
a1 cf 98 01 7d 32 ef dd 6c 39 10 11 95 04 5c c1 1a 5b 4a f4 46 7e e3 61 8e e0 5f e9 b5 fc 09 68 90 00 
<<<<
>>>>
13 77 00 00 08 00 00 00 00 00 00 03 0b 
65 f3 de 91 60 7d c9 af eb 9d fb 10 c8 a3 4b dc 30 de 76 24 86 f6 c4 d8 4a f5 d4 0e 29 d9 da 37 90 00 
<<<<
>>>>
13 75 00 00 00 
00 00 00 00 00 00 03 0c 90 00 
<<<<
>>>>
13 77 00 00 08 00 00 00 00 00 00 03 0c 
a1 cf 98 01 7d 32 ef dd 6c 39 10 11 95 04 5c c1 1a 5b 4a f4 46 7e e3 61 8e e0 5f e9 b5 fc 09 68 90 00 
<<<<
>>>>
13 76 00 00 00 
a4 77 7a 85 82 e1 43 5b fe db 9f 5c 86 46 ba b3 e5 d2 81 0e d4 53 bb 63 8e dd 6e be 19 5a 31 93 90 00 
<<<<
>>>>
13 75 00 00 00 
00 00 00 00 00 00 03 0d 90 00 
<<<<
>>>>
13 76 00 00 00 
85 23 4a 16 da c4 94 e5 d2 00 e4 00 14 8a b7 56 32 41 fb a2 c3 0f 0d 68 81 0b df dd f9 55 68 d2 90 00 
<<<<
>>>>
13 77 00 00 08 00 00 00 00 00 00 03 0d 
a4 77 7a 85 82 e1 43 5b fe db 9f 5c 86 46 ba b3 e5 d2 81 0e d4 53 bb 63 8e dd 6e be 19 5a 31 93 90 00 
<<<<
>>>>
13 75 00 00 00 
00 00 00 00 00 00 03 0e 90 00 
<<<<
>>>>
13 77 00 00 08 00 00 00 00 00 00 03 0e 
85 23 4a 16 da c4 94 e5 d2 00 e4 00 14 8a b7 56 32 41 fb a2 c3 0f 0d 68 81 0b df dd f9 55 68 d2 90 00 
<<<<
>>>>
13 76 00 00 00 
59 76 6a cb a0 24 f9 2b b1 f2 d1 7c ae 16 8e bd 1f a1 d1 55 4c 18 6c a4 ee e8 88 d4 5a 97 1b 6a 90 00 
<<<<
>>>>
13 75 00 00 00 
00 00 00 00 00 00 03 0f 90 00 
<<<<
>>>>
13 76 00 00 00 
8b 13 15 23 ab 03 6b c7 f6 f9 d7 80 95 d0 7c 64 d7 c0 42 26 5a ef f9 8c 15 cb 2c ab 7f 62 72 9e 90 00 
<<<<
>>>>
13 77 00 00 08 00 00 00 00 00 00 03 0f 
59 76 6a cb a0 24 f9 2b b1 f2 d1 7c ae 16 8e bd 1f a1 d1 55 4c 18 6c a4 ee e8 88 d4 5a 97 1b 6a 90 00 
<<<<
>>>>
13 75 00 00 00 
00 00 00 00 00 00 03 10 90 00 
<<<<
>>>>
13 77 00 00 08 00 00 00 00 00 00 03 10 
8b 13 15 23 ab 03 6b c7 f6 f9 d7 80 95 d0 7c 64 d7 c0 42 26 5a ef f9 8c 15 cb 2c ab 7f 62 72 9e 90 00 
<<<<
>>>>
13 76 00 00 00 
20 03 63 fd 99 79 a5 59 6c 1e 13 af 2b 08 5e 7c d3 1c 0d 5d 99 37 68 25 2d 95 33 b6 6f 94 ed 44 90 00 
<<<<
>>>>
13 75 00 00 00 
00 00 00 00 00 00 03 11 90 00 
<<<<
>>>>
13 76 00 00 00 
a8 21 29 11 39 93 cd 02 a8 42 eb 63 83 18 f3 6f 57 13 79 f0 35 ee 2d ec d4 37 98 8e f2 f2 f6 7f 90 00 
<<<<
>>>>
13 77 00 00 08 00 00 00 00 00 00 03 11 
20 03 63 fd 99 79 a5 59 6c 1e 13 af 2b 08 5e 7c d3 1c 0d 5d 99 37 68 25 2d 95 33 b6 6f 94 ed 44 90 00 
<<<<
>>>>
13 75 00 00 00 
00 00 00 00 00 00 03 12 90 00 
<<<<
>>>>
13 77 00 00 08 00 00 00 00 00 00 03 12 
a8 21 29 11 39 93 cd 02 a8 42 eb 63 83 18 f3 6f 57 13 79 f0 35 ee 2d ec d4 37 98 8e f2 f2 f6 7f 90 00 
<<<<
>>>>
13 76 00 00 00 
44 72 67 d7 bc ee 4a fc 08 bf 9c 43 dc 20 b4 4d 61 f6 e6 5b 21 75 ec 33 e5 c9 33 ac 2b 75 26 09 90 00 
<<<<
>>>>
13 75 00 00 00 
00 00 00 00 00 00 03 13 90 00 
<<<<
>>>>
13 76 00 00 00 
6e 47 05 6a 64 7a 4b 46 d0 57 00 cd b3 c4 4a 02 06 c5 71 a8 e0 11 7d 2a fe 9e 01 e1 e0 bf c8 b5 90 00 
<<<<
>>>>
13 77 00 00 08 00 00 00 00 00 00 03 13 
44 72 67 d7 bc ee 4a fc 08 bf 9c 43 dc 20 b4 4d 61 f6 e6 5b 21 75 ec 33 e5 c9 33 ac 2b 75 26 09 90 00 
<<<<
>>>>
13 75 00 00 00 
00 00 00 00 00 00 03 14 90 00 
<<<<
>>>>
13 77 00 00 08 00 00 00 00 00 00 03 14 
6e 47 05 6a 64 7a 4b 46 d0 57 00 cd b3 c4 4a 02 06 c5 71 a8 e0 11 7d 2a fe 9e 01 e1 e0 bf c8 b5 90 00 
<<<<
>>>>
13 76 00 00 00 
47 6d 61 2b d6 47 14 4b be 74 3e 7c 30 86 e4 e3 e4 0c 5f 9a 95 fa d5 69 90 c6 62 c4 e3 af e7 64 90 00 
<<<<
>>>>
13 75 00 00 00 
00 00 00 00 00 00 03 15 90 00 
<<<<
>>>>
13 76 00 00 00 
82 e3 84 02 bd b7 56 26 a5 a0 c8 60 3d 2b 01 24 38 42 10 ef 23 cc a7 87 a9 23 55 b5 ed 80 6d cf 90 00 
<<<<
>>>>
13 77 00 00 08 00 00 00 00 00 00 03 15 
47 6d 61 2b d6 47 14 4b be 74 3e 7c 30 86 e4 e3 e4 0c 5f 9a 95 fa d5 69 90 c6 62 c4 e3 af e7 64 90 00 
<<<<
>>>>
13 75 00 00 00 
00 00 00 00 00 00 03 16 90 00 
<<<<
>>>>
13 77 00 00 08 00 00 00 00 00 00 03 16 
82 e3 84 02 bd b7 56 26 a5 a0 c8 60 3d 2b 01 24 38 42 10 ef 23 cc a7 87 a9 23 55 b5 ed 80 6d cf 90 00 
<<<<
>>>>
13 76 00 00 00 
4b b6 93 b5 a3 e8 e4 86 6c c9 9f e4 46 72 68 4d 05 29 69 61 08 d4 ba 4c f5 88 59 5b 01 be 67 7a 90 00 
<<<<
>>>>
13 75 00 00 00 
00 00 00 00 00 00 03 17 90 00 
<<<<
>>>>
13 76 00 00 00 
08 d3 64 22 f0 d9 b2 0c 93 12 ad 7d 7c 9c a4 60 bd 5f 81 42 58 bb cd 3b f5 ae f5 16 ac e6 27 7b 90 00 
<<<<
>>>>
13 77 00 00 08 00 00 00 00 00 00 03 17 
4b b6 93 b5 a3 e8 e4 86 6c c9 9f e4 46 72 68 4d 05 29 69 61 08 d4 ba 4c f5 88 59 5b 01 be 67 7a 90 00 
<<<<
>>>>
13 75 00 00 00 
00 00 00 00 00 00 03 18 90 00 
<<<<
>>>>
13 77 00 00 08 00 00 00 00 00 00 03 18 
08 d3 64 22 f0 d9 b2 0c 93 12 ad 7d 7c 9c a4 60 bd 5f 81 42 58 bb cd 3b f5 ae f5 16 ac e6 27 7b 90 00 
<<<<
>>>>
13 76 00 00 00 
f2 d3 d9 38 70 bd 37 ea 3f a3 67 25 6b b9 80 47 f2 7c 9e 9c d1 08 08 25 b6 a8 b1 ee b2 c5 ba f4 90 00 
<<<<
>>>>
13 75 00 00 00 
00 00 00 00 00 00 03 19 90 00 
<<<<
>>>>
13 76 00 00 00 
a4 a0 97 b4 13 a3 5e d3 a5 7a 53 db b5 d4 c4 03 8e 16 43 46 5b b9 45 e4 fe 13 db 72 69 d4 57 4a 90 00 
<<<<
>>>>
13 77 00 00 08 00 00 00 00 00 00 03 19 
f2 d3 d9 38 70 bd 37 ea 3f a3 67 25 6b b9 80 47 f2 7c 9e 9c d1 08 08 25 b6 a8 b1 ee b2 c5 ba f4 90 00 
<<<<
>>>>
13 75 00 00 00 
00 00 00 00 00 00 03 1a 90 00 
<<<<
>>>>
13 77 00 00 08 00 00 00 00 00 00 03 1a 
a4 a0 97 b4 13 a3 5e d3 a5 7a 53 db b5 d4 c4 03 8e 16 43 46 5b b9 45 e4 fe 13 db 72 69 d4 57 4a 90 00 
<<<<
>>>>
13 76 00 00 00 
60 63 9b 13 16 ae 4e ba 68 83 6b dd 47 c4 c7 8d 63 68 f8 b9 d3 60 f0 fb d7 c9 8b 95 00 79 34 92 90 00 
<<<<
>>>>
13 75 00 00 00 
00 00 00 00 00 00 03 1b 90 00 
<<<<
>>>>
13 76 00 00 00 
cb 7d d7 d4 72 17 76 74 b4 c0 c6 10 38 5e 89 a5 5d 7b b6 fe 09 63 40 cd eb ef 13 96 5e cb 94 d8 90 00 
<<<<
>>>>
13 77 00 00 08 00 00 00 00 00 00 03 1b 
60 63 9b 13 16 ae 4e ba 68 83 6b dd 47 c4 c7 8d 63 68 f8 b9 d3 60 f0 fb d7 c9 8b 95 00 79 34 92 90 00 
<<<<
>>>>
13 75 00 00 00 
00 00 00 00 00 00 03 1c 90 00 
<<<<
>>>>
13 77 00 00 08 00 00 00 00 00 00 03 1c 
cb 7d d7 d4 72 17 76 74 b4 c0 c6 10 38 5e 89 a5 5d 7b b6 fe 09 63 40 cd eb ef 13 96 5e cb 94 d8 90 00 
<<<<
>>>>
13 76 00 00 00 
d8 44 16 04 df d3 99 3c 58 e4 55 1f 39 36 f8 06 51 29 4b 16 f9 1b 91 cf e8 a2 a3 de 1d 84 e6 88 90 00 
<<<<
>>>>
13 75 00 00 00 
00 00 00 00 00 00 03 1d 90 00 
<<<<
>>>>
13 76 00 00 00 
6a e0 6e 0a 87 ea 08 27 ef 6e e7 db 1a 88 26 f8 a1 a2 bd f9 b1 e9 de d4 2b de d1 ee 90 a2 53 56 90 00 
<<<<
>>>>
13 77 00 00 08 00 00 00 00 00 00 03 1d 
d8 44 16 04 df d3 99 3c 58 e4 55 1f 39 36 f8 06 51 29 4b 16 f9 1b 91 cf e8 a2 a3 de 1d 84 e6 88 90 00 
<<<<
>>>>
13 75 00 00 00 
00 00 00 00 00 00 03 1e 90 00 
<<<<
>>>>
13 77 00 00 08 00 00 00 00 00 00 03 1e 
6a e0 6e 0a 87 ea 08 27 ef 6e e7 db 1a 88 26 f8 a1 a2 bd f9 b1 e9 de d4 2b de d1 ee 90 a2 53 56 90 00 
<<<<
>>>>
13 76 00 00 00 
d6 34 25 db a1 2b 21 77 ea 34 e6 e1 74 be 3c 3b d9 ae 2f f3 d0 ff 10 cf a1 a6 2c 51 88 81 9f ca 90 00 
<<<<
>>>>
13 75 00 00 00 
00 00 00 00 00 00 03 1f 90 00 
<<<<
>>>>
13 76 00 00 00 
ec 1f 26 ae 1e 4c 73 c2 25 26 be f7 4c 82 9c 90 3f ac cc 42 85 67 e4 fd 62 07 c0 d5 0c ae de ef 90 00 
<<<<
>>>>
13 77 00 00 08 00 00 00 00 00 00 03 1f 
d6 34 25 db a1 2b 21 77 ea 34 e6 e1 74 be 3c 3b d9 ae 2f f3 d0 ff 10 cf a1 a6 2c 51 88 81 9f ca 90 00 
<<<<
>>>>
13 75 00 00 00 
00 00 00 00 00 00 03 20 90 00 
<<<<
>>>>
13 77 00 00 08 00 00 00 00 00 00 03 20 
ec 1f 26 ae 1e 4c 73 c2 25 26 be f7 4c 82 9c 90 3f ac cc 42 85 67 e4 fd 62 07 c0 d5 0c ae de ef 90 00 
<<<<
>>>>
13 76 00 00 00 
7a 16 18 d9 d0 fb 5d 48 6b 4c db 32 1b dd cf 5e 5c 62 ba 8d 83 c2 9f f4 ba d8 4b 21 bc af bc 3b 90 00 
<<<<
>>>>
13 75 00 00 00 
00 00 00 00 00 00 03 21 90 00 
<<<<
>>>>
13 76 00 00 00 
ac 3e 63 f1 30 b7 3a f5 0c a0 a1 99 aa d9 a6 4e 7a 47 fb 5d c8 0a bf 0e 0e 44 99 cc 13 6e ed 07 90 00 
<<<<
>>>>
13 77 00 00 08 00 00 00 00 00 00 03 21 
7a 16 18 d9 d0 fb 5d 48 6b 4c db 32 1b dd cf 5e 5c 62 ba 8d 83 c2 9f f4 ba d8 4b 21 bc af bc 3b 90 00 
<<<<
>>>>
13 75 00 00 00 
00 00 00 00 00 00 03 22 90 00 
<<<<
>>>>
13 77 00 00 08 00 00 00 00 00 00 03 22 
ac 3e 63 f1 30 b7 3a f5 0c a0 a1 99 aa d9 a6 4e 7a 47 fb 5d c8 0a bf 0e 0e 44 99 cc 13 6e ed 07 90 00 
<<<<
>>>>
13 76 00 00 00 
69 b0 d3 df 11 79 9a c8 b1 9c d8 bd 3d a8 72 66 64 58 a3 ae a7 7d 2a 60 63 e6 12 1d 1f 80 f2 73 90 00 
<<<<
>>>>
13 75 00 00 00 
00 00 00 00 00 00 03 23 90 00 
<<<<
>>>>
13 76 00 00 00 
f6 50 24 24 6f 75 f4 88 83 94 e6 b1 23 b5 39 41 a1 44 11 37 0d 82 29 a0 8f 45 a6 18 06 04 6e 55 90 00 
<<<<
>>>>
13 77 00 00 08 00 00 00 00 00 00 03 23 
69 b0 d3 df 11 79 9a c8 b1 9c d8 bd 3d a8 72 66 64 58 a3 ae a7 7d 2a 60 63 e6 12 1d 1f 80 f2 73 90 00 
<<<<
>>>>
13 75 00 00 00 
00 00 00 00 00 00 03 24 90 00 
<<<<
>>>>
13 77 00 00 08 00 00 00 00 00 00 03 24 
f6 50 24 24 6f 75 f4 88 83 94 e6 b1 23 b5 39 41 a1 44 11 37 0d 82 29 a0 8f 45 a6 18 06 04 6e 55 90 00 
<<<<
>>>>
13 76 00 00 00 
a4 e6 e2 40 d3 be 86 31 fa 40 77 e8 87 8f 30 b9 27 8f 23 db 5b e7 c4 ed 87 fd 60 38 32 53 c0 6a 90 00 
<<<<
>>>>
13 75 00 00 00 
00 00 00 00 00 00 03 25 90 00 
<<<<
>>>>
13 76 00 00 00 
66 0a 08 8b 28 9a 4d b1 16 d5 3d a0 8f a7 4d 14 c2 a9 58 fd 2b cf ea c1 54 a2 46 84 c1 05 4c dc 90 00 
<<<<
>>>>
13 77 00 00 08 00 00 00 00 00 00 03 25 
a4 e6 e2 40 d3 be 86 31 fa 40 77 e8 87 8f 30 b9 27 8f 23 db 5b e7 c4 ed 87 fd 60 38 32 53 c0 6a 90 00 
<<<<
>>>>
13 75 00 00 00 
00 00 00 00 00 00 03 26 90 00 
<<<<
>>>>
13 77 00 00 08 00 00 00 00 00 00 03 26 
66 0a 08 8b 28 9a 4d b1 16 d5 3d a0 8f a7 4d 14 c2 a9 58 fd 2b cf ea c1 54 a2 46 84 c1 05 4c dc 90 00 
<<<<
>>>>
13 76 00 00 00 
03 45 58 e9 d8 65 c8 62 b3 9c 4e d6 8d c7 28 53 3b c0 bd 7c 30 8a 4e 41 4e 8b 20 fa 48 cf c8 33 90 00 
<<<<
>>>>
13 75 00 00 00 
00 00 00 00 00 00 03 27 90 00 
<<<<
>>>>
13 76 00 00 00 
cd 36 8d 07 77 89 08 a3 33 1c b2 20 fc 5f 75 21 95 cd 04 a1 d3 22 e0 52 68 6a 4d 2e b6 b9 b4 2b 90 00 
<<<<
>>>>
13 77 00 00 08 00 00 00 00 00 00 03 27 
03 45 58 e9 d8 65 c8 62 b3 9c 4e d6 8d c7 28 53 3b c0 bd 7c 30 8a 4e 41 4e 8b 20 fa 48 cf c8 33 90 00 
<<<<
>>>>
13 75 00 00 00 
00 00 00 00 00 00 03 28 90 00 
<<<<
>>>>
13 77 00 00 08 00 00 00 00 00 00 03 28 
cd 36 8d 07 77 89 08 a3 33 1c b2 20 fc 5f 75 21 95 cd 04 a1 d3 22 e0 52 68 6a 4d 2e b6 b9 b4 2b 90 00 
<<<<
>>>>
13 76 00 00 00 
20 ac 56 e1 21 2c 18 91 38 09 f4 d5 68 eb f6 4e ef 40 bb df 21 5f e8 90 73 2b 14 ae 9c 0f c2 c2 90 00 
<<<<
>>>>
13 75 00 00 00 
00 00 00 00 00 00 03 29 90 00 
<<<<
>>>>
13 76 00 00 00 
c1 b5 0a 42 11 7d 58 6f 36 53 e0 31 67 48 9c 48 2d 81 28 ab 5b 2e 84 02 10 68 37 f7 99 2c 5f 87 90 00 
<<<<
>>>>
13 77 00 00 08 00 00 00 00 00 00 03 29 
20 ac 56 e1 21 2c 18 91 38 09 f4 d5 68 eb f6 4e ef 40 bb df 21 5f e8 90 73 2b 14 ae 9c 0f c2 c2 90 00 
<<<<
>>>>
13 75 00 00 00 
00 00 00 00 00 00 03 2a 90 00 
<<<<
>>>>
13 77 00 00 08 00 00 00 00 00 00 03 2a 
c1 b5 0a 42 11 7d 58 6f 36 53 e0 31 67 48 9c 48 2d 81 28 ab 5b 2e 84 02 10 68 37 f7 99 2c 5f 87 90 00 
<<<<
>>>>
13 76 00 00 00 
60 29 4a a8 b7 eb 3c 8b 14 e8 12 6a 71 c8 ea 82 9c bc fa 7e 21 74 66 14 38 55 dd 49 17 68 f9 2f 90 00 
<<<<
>>>>
13 75 00 00 00 
00 00 00 00 00 00 03 2b 90 00 
<<<<
>>>>
13 76 00 00 00 
a4 ec 65 6e 7f ca fd d7 95 b8 cd d8 c1 2e bb bf 6e 9d 58 5a 6e 4b 69 c2 27 d7 f9 45 8f bf 03 4f 90 00 
<<<<
>>>>
13 77 00 00 08 00 00 00 00 00 00 03 2b 
60 29 4a a8 b7 eb 3c 8b 14 e8 12 6a 71 c8 ea 82 9c bc fa 7e 21 74 66 14 38 55 dd 49 17 68 f9 2f 90 00 
<<<<
>>>>
13 75 00 00 00 
00 00 00 00 00 00 03 2c 90 00 
<<<<
>>>>
13 77 00 00 08 00 00 00 00 00 00 03 2c 
a4 ec 65 6e 7f ca fd d7 95 b8 cd d8 c1 2e bb bf 6e 9d 58 5a 6e 4b 69 c2 27 d7 f9 45 8f bf 03 4f 90 00 
<<<<
>>>>
13 76 00 00 00 
fc 7d 7d 96 5a 0c 6a 62 49 9e 5b 2c e6 89 83 0a 74 55 ff 9e 95 07 a0 0b dd 67 12 ec 30 44 73 22 90 00 
<<<<
>>>>
13 75 00 00 00 
00 00 00 00 00 00 03 2d 90 00 
<<<<
>>>>
13 76 00 00 00 
fb 5b 39 e7 3e ad f6 7f 18 d4 6f 36 db 3d 0a 6a 81 75 8b 3d bd 66 4f 99 c7 33 0c 01 ed 98 38 57 90 00 
<<<<
>>>>
13 77 00 00 08 00 00 00 00 00 00 03 2d 
fc 7d 7d 96 5a 0c 6a 62 49 9e 5b 2c e6 89 83 0a 74 55 ff 9e 95 07 a0 0b dd 67 12 ec 30 44 73 22 90 00 
<<<<
>>>>
13 75 00 00 00 
00 00 00 00 00 00 03 2e 90 00 
<<<<
>>>>
13 77 00 00 08 00 00 00 00 00 00 03 2e 
fb 5b 39 e7 3e ad f6 7f 18 d4 6f 36 db 3d 0a 6a 81 75 8b 3d bd 66 4f 99 c7 33 0c 01 ed 98 38 57 90 00 
<<<<
>>>>
13 76 00 00 00 
61 9a 33 07 83 98 a8 5b 48 f2 f4 a6 14 79 f4 29 c3 af da fb fc d0 d6 1a 88 73 79 71 dc ef ea 35 90 00 
<<<<
>>>>
13 75 00 00 00 
00 00 00 00 00 00 03 2f 90 00 
<<<<
>>>>
13 76 00 00 00 
ff 6e e1 86 f7 07 17 e3 37 03 61 f1 0d 5b fd 34 90 42 82 c3 cf 50 48 b3 9a 82 dc 25 30 98 47 57 90 00 
<<<<
>>>>
13 77 00 00 08 00 00 00 00 00 00 03 2f 
61 9a 33 07 83 98 a8 5b 48 f2 f4 a6 14 79 f4 29 c3 af da fb fc d0 d6 1a 88 73 79 71 dc ef ea 35 90 00 
<<<<
>>>>
13 75 00 00 00 
00 00 00 00 00 00 03 30 90 00 
<<<<
>>>>
13 77 00 00 08 00 00 00 00 00 00 03 30 
ff 6e e1 86 f7 07 17 e3 37 03 61 f1 0d 5b fd 34 90 42 82 c3 cf 50 48 b3 9a 82 dc 25 30 98 47 57 90 00 
<<<<
>>>>
13 76 00 00 00 
96 03 cf 9a 49 5b 73 4c 4c 6a 9a 36 ae 33 3f b9 61 dc c4 b5 7b 47 f1 54 f0 91 cc cc 45 6b b0 28 90 00 
<<<<
>>>>
13 75 00 00 00 
00 00 00 00 00 00 03 31 90 00 
<<<<
>>>>
13 76 00 00 00 
e4 fe 60 66 82 80 6e a2 67 ce 96 80 e8 82 36 fc 08 b5 b4 64 c1 fc fc 9a 22 d0 fe f8 3c 1a df a5 90 00 
<<<<
>>>>
13 77 00 00 08 00 00 00 00 00 00 03 31 
96 03 cf 9a 49 5b 73 4c 4c 6a 9a 36 ae 33 3f b9 61 dc c4 b5 7b 47 f1 54 f0 91 cc cc 45 6b b0 28 90 00 
<<<<
>>>>
13 75 00 00 00 
00 00 00 00 00 00 03 32 90 00 
<<<<
>>>>
13 77 00 00 08 00 00 00 00 00 00 03 32 
e4 fe 60 66 82 80 6e a2 67 ce 96 80 e8 82 36 fc 08 b5 b4 64 c1 fc fc 9a 22 d0 fe f8 3c 1a df a5 90 00 
<<<<
>>>>
13 76 00 00 00 
71 7e 87 cd 95 ce 23 d8 c1 0b 06 de 46 7f 95 dd 17 37 35 96 30 8d 99 3c a9 44 1a 25 29 f0 39 fb 90 00 
<<<<
>>>>
13 75 00 00 00 
00 00 00 00 00 00 03 33 90 00 
<<<<
>>>>
13 76 00 00 00 
c4 fc e4 e3 8b ca b5 de fa 28 5b 43 8d 77 9e d5 67 a0 f9 17 87 a3 89 91 7f bb 2c 03 f8 21 12 80 90 00 
<<<<
>>>>
13 77 00 00 08 00 00 00 00 00 00 03 33 
71 7e 87 cd 95 ce 23 d8 c1 0b 06 de 46 7f 95 dd 17 37 35 96 30 8d 99 3c a9 44 1a 25 29 f0 39 fb 90 00 
<<<<
>>>>
13 75 00 00 00 
00 00 00 00 00 00 03 34 90 00 
<<<<
>>>>
13 77 00 00 08 00 00 00 00 00 00 03 34 
c4 fc e4 e3 8b ca b5 de fa 28 5b 43 8d 77 9e d5 67 a0 f9 17 87 a3 89 91 7f bb 2c 03 f8 21 12 80 90 00 
<<<<
>>>>
13 76 00 00 00 
90 ab ae 52 da 6a 6e 70 b2 b1 84 7d 52 bc a7 af fd bc 02 f8 df 52 4c ed 9d 35 24 81 a1 b9 30 c3 90 00 
<<<<
>>>>
13 75 00 00 00 
00 00 00 00 00 00 03 35 90 00 
<<<<
>>>>
13 76 00 00 00 
97 bc e0 f2 cb 65 83 40 43 15 3b 63 18 e7 12 c0 64 dd 46 c1 d8 f4 26 b5 f7 ef fc c9 63 83 36 4f 90 00 
<<<<
>>>>
13 77 00 00 08 00 00 00 00 00 00 03 35 
90 ab ae 52 da 6a 6e 70 b2 b1 84 7d 52 bc a7 af fd bc 02 f8 df 52 4c ed 9d 35 24 81 a1 b9 30 c3 90 00 
<<<<
>>>>
13 75 00 00 00 
00 00 00 00 00 00 03 36 90 00 
<<<<
>>>>
13 77 00 00 08 00 00 00 00 00 00 03 36 
97 bc e0 f2 cb 65 83 40 43 15 3b 63 18 e7 12 c0 64 dd 46 c1 d8 f4 26 b5 f7 ef fc c9 63 83 36 4f 90 00 
<<<<
>>>>
13 76 00 00 00 
a0 86 04 96 08 b7 69 10 fb 11 4a 64 e5 9c c8 cc 86 92 9a 0d f6 ec e6 9c 38 e7 b7 67 48 66 03 02 90 00 
<<<<
>>>>
13 75 00 00 00 
00 00 00 00 00 00 03 37 90 00 
<<<<
>>>>
13 76 00 00 00 
12 44 23 a6 9b 35 d3 c6 d2 a2 13 26 79 0f 8d 28 56 13 9a dc 5b 1a 0c d2 e5 96 c0 18 d1 75 b8 0d 90 00 
<<<<
>>>>
13 77 00 00 08 00 00 00 00 00 00 03 37 
a0 86 04 96 08 b7 69 10 fb 11 4a 64 e5 9c c8 cc 86 92 9a 0d f6 ec e6 9c 38 e7 b7 67 48 66 03 02 90 00 
<<<<
>>>>
13 75 00 00 00 
00 00 00 00 00 00 03 38 90 00 
<<<<
>>>>
13 77 00 00 08 00 00 00 00 00 00 03 38 
12 44 23 a6 9b 35 d3 c6 d2 a2 13 26 79 0f 8d 28 56 13 9a dc 5b 1a 0c d2 e5 96 c0 18 d1 75 b8 0d 90 00 
<<<<
>>>>
13 76 00 00 00 
e7 be 5a 87 47 5f 58 6c 95 98 aa d2 1a f8 2c ae b8 d1 aa c9 0b b2 da dc a9 a3 b1 b9 52 aa 42 f4 90 00 
<<<<
>>>>
13 75 00 00 00 
00 00 00 00 00 00 03 39 90 00 
<<<<
>>>>
13 76 00 00 00 
ab 54 83 b1 96 5a c8 16 bd 2f 74 da 1f c3 bd 28 de 94 25 b4 44 a5 34 52 a4 56 02 11 a0 59 1a ba 90 00 
<<<<
>>>>
13 77 00 00 08 00 00 00 00 00 00 03 39 
e7 be 5a 87 47 5f 58 6c 95 98 aa d2 1a f8 2c ae b8 d1 aa c9 0b b2 da dc a9 a3 b1 b9 52 aa 42 f4 90 00 
<<<<
>>>>
13 75 00 00 00 
00 00 00 00 00 00 03 3a 90 00 
<<<<
>>>>
13 77 00 00 08 00 00 00 00 00 00 03 3a 
ab 54 83 b1 96 5a c8 16 bd 2f 74 da 1f c3 bd 28 de 94 25 b4 44 a5 34 52 a4 56 02 11 a0 59 1a ba 90 00 
<<<<
>>>>
13 76 00 00 00 
60 8f 8d 0c 0c 42 2b 17 5a 01 25 ad 5e e8 42 cd f0 ab 93 39 03 9d e2 31 bb d6 68 7e 58 c6 c9 3c 90 00 
<<<<
>>>>
13 75 00 00 00 
00 00 00 00 00 00 03 3b 90 00 
<<<<
>>>>
13 76 00 00 00 
29 9a 8e 79 92 68 f5 1b e2 a0 b9 39 ce 9e f6 2e 2e 51 aa 0a 29 17 aa b0 dd c9 45 31 f8 b9 b6 6f 90 00 
<<<<
>>>>
13 77 00 00 08 00 00 00 00 00 00 03 3b 
60 8f 8d 0c 0c 42 2b 17 5a 01 25 ad 5e e8 42 cd f0 ab 93 39 03 9d e2 31 bb d6 68 7e 58 c6 c9 3c 90 00 
<<<<
>>>>
13 75 00 00 00 
00 00 00 00 00 00 03 3c 90 00 
<<<<
>>>>
13 77 00 00 08 00 00 00 00 00 00 03 3c 
29 9a 8e 79 92 68 f5 1b e2 a0 b9 39 ce 9e f6 2e 2e 51 aa 0a 29 17 aa b0 dd c9 45 31 f8 b9 b6 6f 90 00 
<<<<
>>>>
13 76 00 00 00 
79 e9 57 35 a0 8d 36 44 cc ef cc 6a b4 0a e3 aa dd 87 0b 13 a5 43 24 86 ac c1 39 22 86 78 e0 00 90 00 
<<<<
>>>>
13 75 00 00 00 
00 00 00 00 00 00 03 3d 90 00 
<<<<
>>>>
13 76 00 00 00 
a2 53 27 49 f0 b7 19 37 c8 e9 15 b7 f9 6d 56 e8 35 33 41 74 bb 49 10 1f 7d db ac e1 f3 e4 21 e0 90 00 
<<<<
>>>>
13 77 00 00 08 00 00 00 00 00 00 03 3d 
79 e9 57 35 a0 8d 36 44 cc ef cc 6a b4 0a e3 aa dd 87 0b 13 a5 43 24 86 ac c1 39 22 86 78 e0 00 90 00 
<<<<
>>>>
13 75 00 00 00 
00 00 00 00 00 00 03 3e 90 00 
<<<<
>>>>
13 77 00 00 08 00 00 00 00 00 00 03 3e 
a2 53 27 49 f0 b7 19 37 c8 e9 15 b7 f9 6d 56 e8 35 33 41 74 bb 49 10 1f 7d db ac e1 f3 e4 21 e0 90 00 
<<<<
>>>>
13 76 00 00 00 
54 d9 a6 ee 08 d5 99 de cb 6b 04 e3 68 01 e9 86 e3 63 b3 0b a1 ee 00 41 cc 45 94 c4 1a df 41 37 90 00 
<<<<
>>>>
13 75 00 00 00 
00 00 00 00 00 00 03 3f 90 00 
<<<<
>>>>
13 76 00 00 00 
6a e0 82 fc f6 83 4d 22 ab 36 a5 3a 26 f5 5a cd 67 2a ce 36 99 34 e3 83 f4 9b 3b ce 0c 30 a8 94 90 00 
<<<<
>>>>
13 77 00 00 08 00 00 00 00 00 00 03 3f 
54 d9 a6 ee 08 d5 99 de cb 6b 04 e3 68 01 e9 86 e3 63 b3 0b a1 ee 00 41 cc 45 94 c4 1a df 41 37 90 00 
<<<<
>>>>
13 75 00 00 00 
00 00 00 00 00 00 03 40 90 00 
<<<<
>>>>
13 77 00 00 08 00 00 00 00 00 00 03 40 
6a e0 82 fc f6 83 4d 22 ab 36 a5 3a 26 f5 5a cd 67 2a ce 36 99 34 e3 83 f4 9b 3b ce 0c 30 a8 94 90 00 
<<<<
>>>>
13 76 00 00 00 
7d b7 bd b1 7e d5 9f 4e bb 87 6f 87 bc ab 77 55 e2 c0 ba 8d 10 fd 63 cc 99 ad 0b 5d 49 70 c9 29 90 00 
<<<<
>>>>
13 75 00 00 00 
00 00 00 00 00 00 03 41 90 00 
<<<<
>>>>
13 76 00 00 00 
5e 23 ce 9f 45 24 76 9b 20 d4 98 ae d0 7f c9 0e b1 9f 9e f2 8b d0 c9 7a 3c a9 b1 94 40 e8 b9 c4 90 00 
<<<<
>>>>
13 77 00 00 08 00 00 00 00 00 00 03 41 
7d b7 bd b1 7e d5 9f 4e bb 87 6f 87 bc ab 77 55 e2 c0 ba 8d 10 fd 63 cc 99 ad 0b 5d 49 70 c9 29 90 00 
<<<<
>>>>
13 75 00 00 00 
00 00 00 00 00 00 03 42 90 00 
<<<<
>>>>
13 77 00 00 08 00 00 00 00 00 00 03 42 
5e 23 ce 9f 45 24 76 9b 20 d4 98 ae d0 7f c9 0e b1 9f 9e f2 8b d0 c9 7a 3c a9 b1 94 40 e8 b9 c4 90 00 
<<<<
>>>>
13 76 00 00 00 
0a a2 91 c7 e8 ac ae df 65 df 9e e9 a6 a5 65 52 03 bb 1c 42 80 d6 f1 bd b1 4e a8 24 6b 02 3f e8 90 00 
<<<<
>>>>
13 75 00 00 00 
00 00 00 00 00 00 03 43 90 00 
<<<<
>>>>
13 76 00 00 00 
a5 76 6c 79 60 ff 33 bb b5 95 fc e0 9f ab 8d 5e 7e ec c8 ab c9 20 6d 5a dd c9 5f 3e 74 1f 54 b0 90 00 
<<<<
>>>>
13 77 00 00 08 00 00 00 00 00 00 03 43 
0a a2 91 c7 e8 ac ae df 65 df 9e e9 a6 a5 65 52 03 bb 1c 42 80 d6 f1 bd b1 4e a8 24 6b 02 3f e8 90 00 
<<<<
>>>>
13 75 00 00 00 
00 00 00 00 00 00 03 44 90 00 
<<<<
>>>>
13 77 00 00 08 00 00 00 00 00 00 03 44 
a5 76 6c 79 60 ff 33 bb b5 95 fc e0 9f ab 8d 5e 7e ec c8 ab c9 20 6d 5a dd c9 5f 3e 74 1f 54 b0 90 00 
<<<<
>>>>
13 76 00 00 00 
ca a4 0b 0b 38 45 99 14 45 b0 6e cc e0 ed 33 5e 61 0e af 8e 6f 58 28 51 4e bd 11 8d cc eb 5c 36 90 00 
<<<<
>>>>
13 75 00 00 00 
00 00 00 00 00 00 03 45 90 00 
<<<<
>>>>
13 76 00 00 00 
43 0b 32 dd 63 a3 46 bd 8f f1 ed 6c d6 98 dd e4 55 46 c6 54 e5 36 a3 b9 56 89 c9 85 3c cd 21 71 90 00 
<<<<
>>>>
13 77 00 00 08 00 00 00 00 00 00 03 45 
ca a4 0b 0b 38 45 99 14 45 b0 6e cc e0 ed 33 5e 61 0e af 8e 6f 58 28 51 4e bd 11 8d cc eb 5c 36 90 00 
<<<<
>>>>
13 75 00 00 00 
00 00 00 00 00 00 03 46 90 00 
<<<<
>>>>
13 77 00 00 08 00 00 00 00 00 00 03 46 
43 0b 32 dd 63 a3 46 bd 8f f1 ed 6c d6 98 dd e4 55 46 c6 54 e5 36 a3 b9 56 89 c9 85 3c cd 21 71 90 00 
<<<<
>>>>
13 76 00 00 00 
63 17 7f f2 3f e3 f8 33 59 95 90 a0 dd 17 ef 02 2a 66 29 c2 2b de 7b 1f ca dc 5d 94 9f 0a 46 c6 90 00 
<<<<
>>>>
13 75 00 00 00 
00 00 00 00 00 00 03 47 90 00 
<<<<
>>>>
13 76 00 00 00 
67 c4 b0 e5 7e ef d2 dd 1c 06 45 eb 17 fb cc 36 24 2c b8 1a f8 42 0e ef 97 fd 55 c3 30 f3 d5 70 90 00 
<<<<
>>>>
13 77 00 00 08 00 00 00 00 00 00 03 47 
63 17 7f f2 3f e3 f8 33 59 95 90 a0 dd 17 ef 02 2a 66 29 c2 2b de 7b 1f ca dc 5d 94 9f 0a 46 c6 90 00 
<<<<
>>>>
13 75 00 00 00 
00 00 00 00 00 00 03 48 90 00 
<<<<
>>>>
13 77 00 00 08 00 00 00 00 00 00 03 48 
67 c4 b0 e5 7e ef d2 dd 1c 06 45 eb 17 fb cc 36 24 2c b8 1a f8 42 0e ef 97 fd 55 c3 30 f3 d5 70 90 00 
<<<<
>>>>
13 76 00 00 00 
9f e7 d8 96 d4 b4 88 bb 88 d2 92 86 7c ff 20 f5 7c 36 de 5b 4b 17 13 29 4b 4a 24 3a 1d da 34 a6 90 00 
<<<<
>>>>
13 75 00 00 00 
00 00 00 00 00 00 03 49 90 00 
<<<<
>>>>
13 76 00 00 00 
a7 d3 9f 08 63 de 17 9c 3e 9f 26 1f 52 bc 70 cf ec a1 bd 8c 8a cf ec 5d 16 c5 60 e6 ca 48 b7 0f 90 00 
<<<<
>>>>
13 77 00 00 08 00 00 00 00 00 00 03 49 
9f e7 d8 96 d4 b4 88 bb 88 d2 92 86 7c ff 20 f5 7c 36 de 5b 4b 17 13 29 4b 4a 24 3a 1d da 34 a6 90 00 
<<<<
>>>>
13 75 00 00 00 
00 00 00 00 00 00 03 4a 90 00 
<<<<
>>>>
13 77 00 00 08 00 00 00 00 00 00 03 4a 
a7 d3 9f 08 63 de 17 9c 3e 9f 26 1f 52 bc 70 cf ec a1 bd 8c 8a cf ec 5d 16 c5 60 e6 ca 48 b7 0f 90 00 
<<<<
>>>>
13 76 00 00 00 
dd a8 66 d7 f1 5a 3c 0d 93 ee ed ff 4d de 2c b3 f3 e7 07 1a 7f 6a e3 2a 31 fa b9 56 33 89 45 ba 90 00 
<<<<
>>>>
13 75 00 00 00 
00 00 00 00 00 00 03 4b 90 00 
<<<<
>>>>
13 76 00 00 00 
f1 3a 09 d5 b5 02 b3 34 2f bb 05 e3 65 d4 31 3e 86 dc a0 b6 60 dc af 90 3a a3 14 de c4 ad e9 99 90 00 
<<<<
>>>>
13 77 00 00 08 00 00 00 00 00 00 03 4b 
dd a8 66 d7 f1 5a 3c 0d 93 ee ed ff 4d de 2c b3 f3 e7 07 1a 7f 6a e3 2a 31 fa b9 56 33 89 45 ba 90 00 
<<<<
>>>>
13 75 00 00 00 
00 00 00 00 00 00 03 4c 90 00 
<<<<
>>>>
13 77 00 00 08 00 00 00 00 00 00 03 4c 
f1 3a 09 d5 b5 02 b3 34 2f bb 05 e3 65 d4 31 3e 86 dc a0 b6 60 dc af 90 3a a3 14 de c4 ad e9 99 90 00 
<<<<
>>>>
13 76 00 00 00 
59 de 11 e8 40 24 b4 35 f9 cc ab 65 23 5f 50 45 82 bd 8e 0e 01 23 f9 16 6a f3 8e 29 8f f6 39 1d 90 00 
<<<<
>>>>
13 75 00 00 00 
00 00 00 00 00 00 03 4d 90 00 
<<<<
>>>>
13 76 00 00 00 
85 a0 3d 73 7d 47 14 a7 91 b6 7c f1 ae 65 89 ad 4f 6d 5a 0b 1f 3a 76 58 62 b7 60 6d b7 d7 db 33 90 00 
<<<<
>>>>
13 77 00 00 08 00 00 00 00 00 00 03 4d 
59 de 11 e8 40 24 b4 35 f9 cc ab 65 23 5f 50 45 82 bd 8e 0e 01 23 f9 16 6a f3 8e 29 8f f6 39 1d 90 00 
<<<<
>>>>
13 75 00 00 00 
00 00 00 00 00 00 03 4e 90 00 
<<<<
>>>>
13 77 00 00 08 00 00 00 00 00 00 03 4e 
85 a0 3d 73 7d 47 14 a7 91 b6 7c f1 ae 65 89 ad 4f 6d 5a 0b 1f 3a 76 58 62 b7 60 6d b7 d7 db 33 90 00 
<<<<
>>>>
13 76 00 00 00 
3f 45 85 9e 6e e0 3f 7a fa 01 91 1f a9 56 99 18 07 a8 92 6f 3a 88 ad 25 52 b2 12 e4 04 ae b8 dc 90 00 
<<<<
>>>>
13 75 00 00 00 
00 00 00 00 00 00 03 4f 90 00 
<<<<
>>>>
13 76 00 00 00 
0b a2 2b 08 75 a7 ec 2b 83 05 7c 2d 5e 75 77 98 0b 6f 01 49 93 fc a6 fe d2 a0 3e 7c 13 ee 85 2c 90 00 
<<<<
>>>>
13 77 00 00 08 00 00 00 00 00 00 03 4f 
3f 45 85 9e 6e e0 3f 7a fa 01 91 1f a9 56 99 18 07 a8 92 6f 3a 88 ad 25 52 b2 12 e4 04 ae b8 dc 90 00 
<<<<
>>>>
13 75 00 00 00 
00 00 00 00 00 00 03 50 90 00 
<<<<
>>>>
13 77 00 00 08 00 00 00 00 00 00 03 50 
0b a2 2b 08 75 a7 ec 2b 83 05 7c 2d 5e 75 77 98 0b 6f 01 49 93 fc a6 fe d2 a0 3e 7c 13 ee 85 2c 90 00 
<<<<
>>>>
13 76 00 00 00 
d1 04 57 7a 6d 8f 57 26 0a cc 5c 8f 3d b3 40 14 b5 8c 9c 39 76 17 88 b1 16 b5 66 7d 20 53 2e a8 90 00 
<<<<
>>>>
13 75 00 00 00 
00 00 00 00 00 00 03 51 90 00 
<<<<
>>>>
13 76 00 00 00 
b4 06 25 6d 17 38 6f ef 1d 34 85 aa 71 b9 30 e2 e8 a4 c7 c7 1c 63 20 1e 8f b3 de 39 5c 63 2e 3e 90 00 
<<<<
>>>>
13 77 00 00 08 00 00 00 00 00 00 03 51 
d1 04 57 7a 6d 8f 57 26 0a cc 5c 8f 3d b3 40 14 b5 8c 9c 39 76 17 88 b1 16 b5 66 7d 20 53 2e a8 90 00 
<<<<
>>>>
13 75 00 00 00 
00 00 00 00 00 00 03 52 90 00 
<<<<
>>>>
13 77 00 00 08 00 00 00 00 00 00 03 52 
b4 06 25 6d 17 38 6f ef 1d 34 85 aa 71 b9 30 e2 e8 a4 c7 c7 1c 63 20 1e 8f b3 de 39 5c 63 2e 3e 90 00 
<<<<
>>>>
13 76 00 00 00 
0b 0c 60 84 70 6d 30 0a 80 37 1f f9 2e 5d ab b4 4a 2e dc bf e3 de 30 9b 37 c2 81 4d b3 f4 15 1c 90 00 
<<<<
>>>>
13 75 00 00 00 
00 00 00 00 00 00 03 53 90 00 
<<<<
>>>>
13 76 00 00 00 
c4 04 e4 68 d0 8c b4 3b fe 88 42 23 f6 81 47 2a 98 57 43 df 5b ff 43 82 c0 b1 13 5c f3 66 bd 9c 90 00 
<<<<
>>>>
13 77 00 00 08 00 00 00 00 00 00 03 53 
0b 0c 60 84 70 6d 30 0a 80 37 1f f9 2e 5d ab b4 4a 2e dc bf e3 de 30 9b 37 c2 81 4d b3 f4 15 1c 90 00 
<<<<
>>>>
13 75 00 00 00 
00 00 00 00 00 00 03 54 90 00 
<<<<
>>>>
13 77 00 00 08 00 00 00 00 00 00 03 54 
c4 04 e4 68 d0 8c b4 3b fe 88 42 23 f6 81 47 2a 98 57 43 df 5b ff 43 82 c0 b1 13 5c f3 66 bd 9c 90 00 
<<<<
>>>>
13 76 00 00 00 
85 d8 92 6c cc 26 b7 90 fc 49 71 68 29 e9 6b c1 09 ae 90 50 99 70 1f f5 c5 0e 2c 64 98 35 98 6f 90 00 
<<<<
>>>>
13 75 00 00 00 
00 00 00 00 00 00 03 55 90 00 
<<<<
>>>>
13 76 00 00 00 
ac de 94 16 60 94 d6 13 30 a0 21 a1 47 53 49 ca 30 68 1a 78 ca bf 2d 58 84 77 3f c8 dd 39 7a a4 90 00 
<<<<
>>>>
13 77 00 00 08 00 00 00 00 00 00 03 55 
85 d8 92 6c cc 26 b7 90 fc 49 71 68 29 e9 6b c1 09 ae 90 50 99 70 1f f5 c5 0e 2c 64 98 35 98 6f 90 00 
<<<<
>>>>
13 75 00 00 00 
00 00 00 00 00 00 03 56 90 00 
<<<<
>>>>
13 77 00 00 08 00 00 00 00 00 00 03 56 
ac de 94 16 60 94 d6 13 30 a0 21 a1 47 53 49 ca 30 68 1a 78 ca bf 2d 58 84 77 3f c8 dd 39 7a a4 90 00 
<<<<
>>>>
13 76 00 00 00 
09 dc 36 1f e9 69 f1 fe 58 0c 66 c3 9f 2e 4c b2 da 40 f4 c9 3c bb 0e 50 a8 77 49 ba 7c fc e4 d7 90 00 
<<<<
>>>>
13 75 00 00 00 
00 00 00 00 00 00 03 57 90 00 
<<<<
>>>>
13 76 00 00 00 
5e 0d ad c3 40 75 77 6b 7a ac c2 03 20 21 ed b2 3b 86 8c ce dd fa eb 01 17 60 f6 26 cf d1 2d ac 90 00 
<<<<
>>>>
13 77 00 00 08 00 00 00 00 00 00 03 57 
09 dc 36 1f e9 69 f1 fe 58 0c 66 c3 9f 2e 4c b2 da 40 f4 c9 3c bb 0e 50 a8 77 49 ba 7c fc e4 d7 90 00 
<<<<
>>>>
13 75 00 00 00 
00 00 00 00 00 00 03 58 90 00 
<<<<
>>>>
13 77 00 00 08 00 00 00 00 00 00 03 58 
5e 0d ad c3 40 75 77 6b 7a ac c2 03 20 21 ed b2 3b 86 8c ce dd fa eb 01 17 60 f6 26 cf d1 2d ac 90 00 
<<<<
>>>>
13 76 00 00 00 
83 1c 93 e1 ad 92 33 a3 ae 4f 8a 71 78 11 74 8c c5 73 69 52 0d dd 1a 5a a1 20 f2 19 05 f6 4d b5 90 00 
<<<<
>>>>
13 75 00 00 00 
00 00 00 00 00 00 03 59 90 00 
<<<<
>>>>
13 76 00 00 00 
46 f1 59 37 9e 65 47 00 2b 38 4d 8d df 81 2c e9 48 bd 70 13 f6 cc e5 6f ec 42 5d f7 11 e0 93 86 90 00 
<<<<
>>>>
13 77 00 00 08 00 00 00 00 00 00 03 59 
83 1c 93 e1 ad 92 33 a3 ae 4f 8a 71 78 11 74 8c c5 73 69 52 0d dd 1a 5a a1 20 f2 19 05 f6 4d b5 90 00 
<<<<
>>>>
13 75 00 00 00 
00 00 00 00 00 00 03 5a 90 00 
<<<<
>>>>
13 77 00 00 08 00 00 00 00 00 00 03 5a 
46 f1 59 37 9e 65 47 00 2b 38 4d 8d df 81 2c e9 48 bd 70 13 f6 cc e5 6f ec 42 5d f7 11 e0 93 86 90 00 
<<<<
>>>>
13 76 00 00 00 
37 7a 41 0c 57 12 fb 0a ae 72 d7 9f 4e b0 0a 57 66 e9 6f b6 6d cb 00 c6 9c 07 b2 55 00 52 60 ec 90 00 
<<<<
>>>>
13 75 00 00 00 
00 00 00 00 00 00 03 5b 90 00 
<<<<
>>>>
13 76 00 00 00 
d7 62 3d e3 b5 d0 26 0a 31 d9 c9 8c 17 a2 68 fe 80 16 b6 ee 72 60 da 47 bc c1 e5 02 db b5 94 a0 90 00 
<<<<
>>>>
13 77 00 00 08 00 00 00 00 00 00 03 5b 
37 7a 41 0c 57 12 fb 0a ae 72 d7 9f 4e b0 0a 57 66 e9 6f b6 6d cb 00 c6 9c 07 b2 55 00 52 60 ec 90 00 
<<<<
>>>>
13 75 00 00 00 
00 00 00 00 00 00 03 5c 90 00 
<<<<
>>>>
13 77 00 00 08 00 00 00 00 00 00 03 5c 
d7 62 3d e3 b5 d0 26 0a 31 d9 c9 8c 17 a2 68 fe 80 16 b6 ee 72 60 da 47 bc c1 e5 02 db b5 94 a0 90 00 
<<<<
>>>>
13 76 00 00 00 
c7 59 c8 54 ea 97 f2 86 39 2a 42 47 2b 8c 6c 48 b8 de 93 26 eb 69 55 66 74 c4 fa 3a 1e 66 7c c5 90 00 
<<<<
>>>>
13 75 00 00 00 
00 00 00 00 00 00 03 5d 90 00 
<<<<
>>>>
13 76 00 00 00 
81 05 f2 79 90 c4 9d d5 a4 ab 1c d0 62 7f 24 cf 4c 58 fb 05 9a 6b 25 f3 d0 c9 58 5a 53 02 c7 ae 90 00 
<<<<
>>>>
13 77 00 00 08 00 00 00 00 00 00 03 5d 
c7 59 c8 54 ea 97 f2 86 39 2a 42 47 2b 8c 6c 48 b8 de 93 26 eb 69 55 66 74 c4 fa 3a 1e 66 7c c5 90 00 
<<<<
>>>>
13 75 00 00 00 
00 00 00 00 00 00 03 5e 90 00 
<<<<
>>>>
13 77 00 00 08 00 00 00 00 00 00 03 5e 
81 05 f2 79 90 c4 9d d5 a4 ab 1c d0 62 7f 24 cf 4c 58 fb 05 9a 6b 25 f3 d0 c9 58 5a 53 02 c7 ae 90 00 
<<<<
>>>>
13 76 00 00 00 
b2 48 7f 69 85 6b f0 d6 b5 c0 af 77 b0 ee 36 b8 2d 0b 65 28 cf 7f 85 3b e2 9b 2f 06 75 71 38 ac 90 00 
<<<<
>>>>
13 75 00 00 00 
00 00 00 00 00 00 03 5f 90 00 
<<<<
>>>>
13 76 00 00 00 
19 05 1a c7 63 7c e6 fb c2 04 bf 0d ee 06 de 21 4e fa 3a 67 7b 32 f6 fb 8f b8 2e b5 86 8f af ab 90 00 
<<<<
>>>>
13 77 00 00 08 00 00 00 00 00 00 03 5f 
b2 48 7f 69 85 6b f0 d6 b5 c0 af 77 b0 ee 36 b8 2d 0b 65 28 cf 7f 85 3b e2 9b 2f 06 75 71 38 ac 90 00 
<<<<
>>>>
13 75 00 00 00 
00 00 00 00 00 00 03 60 90 00 
<<<<
>>>>
13 77 00 00 08 00 00 00 00 00 00 03 60 
19 05 1a c7 63 7c e6 fb c2 04 bf 0d ee 06 de 21 4e fa 3a 67 7b 32 f6 fb 8f b8 2e b5 86 8f af ab 90 00 
<<<<
>>>>
13 76 00 00 00 
6f 7c b0 36 0f 47 6a a2 2f 3f 0c 4c e6 41 2d 79 26 40 8b 2a 68 61 b8 ec 03 a0 8b 11 ed 30 ae c6 90 00 
<<<<
>>>>
13 75 00 00 00 
00 00 00 00 00 00 03 61 90 00 
<<<<
>>>>
13 76 00 00 00 
33 7a 93 47 a2 e1 22 3b 4f 3b 0c 1f 25 6e 21 29 86 03 d7 5f c6 37 bc ba 8c 7c 68 e6 aa 42 e6 83 90 00 
<<<<
>>>>
13 77 00 00 08 00 00 00 00 00 00 03 61 
6f 7c b0 36 0f 47 6a a2 2f 3f 0c 4c e6 41 2d 79 26 40 8b 2a 68 61 b8 ec 03 a0 8b 11 ed 30 ae c6 90 00 
<<<<
>>>>
13 75 00 00 00 
00 00 00 00 00 00 03 62 90 00 
<<<<
>>>>
13 77 00 00 08 00 00 00 00 00 00 03 62 
33 7a 93 47 a2 e1 22 3b 4f 3b 0c 1f 25 6e 21 29 86 03 d7 5f c6 37 bc ba 8c 7c 68 e6 aa 42 e6 83 90 00 
<<<<
>>>>
13 76 00 00 00 
eb 5a de b1 8f 5d 3e a5 c8 54 16 9b 01 e4 43 c4 38 26 f8 f6 06 5f 9c 54 8f 3e 09 07 7a a3 48 49 90 00 
<<<<
>>>>
13 75 00 00 00 
00 00 00 00 00 00 03 63 90 00 
<<<<
>>>>
13 76 00 00 00 
3d 31 87 ad b0 a3 f9 f8 84 28 77 6f 6f 17 20 c7 ea a1 cc 44 70 3a c1 0a d5 cb 40 5e 7d e5 ec 4c 90 00 
<<<<
>>>>
13 77 00 00 08 00 00 00 00 00 00 03 63 
eb 5a de b1 8f 5d 3e a5 c8 54 16 9b 01 e4 43 c4 38 26 f8 f6 06 5f 9c 54 8f 3e 09 07 7a a3 48 49 90 00 
<<<<
>>>>
13 75 00 00 00 
00 00 00 00 00 00 03 64 90 00 
<<<<
>>>>
13 77 00 00 08 00 00 00 00 00 00 03 64 
3d 31 87 ad b0 a3 f9 f8 84 28 77 6f 6f 17 20 c7 ea a1 cc 44 70 3a c1 0a d5 cb 40 5e 7d e5 ec 4c 90 00 
<<<<
>>>>
13 76 00 00 00 
90 5a 06 4f c1 53 14 92 e7 d9 4f 9f 8d b9 4d 73 ac 21 ce 74 74 31 9f 85 85 75 ca 8f 6e 0f f7 fa 90 00 
<<<<
>>>>
13 75 00 00 00 
00 00 00 00 00 00 03 65 90 00 
<<<<
>>>>
13 76 00 00 00 
47 28 32 81 05 c9 a7 f5 57 9c b3 f7 e3 98 dc fa 12 9a 84 b0 69 0a 31 2e 92 b4 32 b0 46 2e ac aa 90 00 
<<<<
>>>>
13 77 00 00 08 00 00 00 00 00 00 03 65 
90 5a 06 4f c1 53 14 92 e7 d9 4f 9f 8d b9 4d 73 ac 21 ce 74 74 31 9f 85 85 75 ca 8f 6e 0f f7 fa 90 00 
<<<<
>>>>
13 75 00 00 00 
00 00 00 00 00 00 03 66 90 00 
<<<<
>>>>
13 77 00 00 08 00 00 00 00 00 00 03 66 
47 28 32 81 05 c9 a7 f5 57 9c b3 f7 e3 98 dc fa 12 9a 84 b0 69 0a 31 2e 92 b4 32 b0 46 2e ac aa 90 00 
<<<<
>>>>
13 76 00 00 00 
26 2d 1c e0 f6 96 b5 f2 64 5a 0f a3 26 32 0b 53 b8 71 d1 d5 77 23 ae 17 ee cd 6b 4d ea 25 9a 04 90 00 
<<<<
>>>>
13 75 00 00 00 
00 00 00 00 00 00 03 67 90 00 
<<<<
>>>>
13 76 00 00 00 
f5 f6 1d b7 9a 14 7f 11 a5 dd c1 f8 a4 36 7d 26 ac e4 cf c9 90 f7 4e 35 52 2f 49 34 5d 18 d8 d0 90 00 
<<<<
>>>>
13 77 00 00 08 00 00 00 00 00 00 03 67 
26 2d 1c e0 f6 96 b5 f2 64 5a 0f a3 26 32 0b 53 b8 71 d1 d5 77 23 ae 17 ee cd 6b 4d ea 25 9a 04 90 00 
<<<<
>>>>
13 75 00 00 00 
00 00 00 00 00 00 03 68 90 00 
<<<<
>>>>
13 77 00 00 08 00 00 00 00 00 00 03 68 
f5 f6 1d b7 9a 14 7f 11 a5 dd c1 f8 a4 36 7d 26 ac e4 cf c9 90 f7 4e 35 52 2f 49 34 5d 18 d8 d0 90 00 
<<<<
>>>>
13 76 00 00 00 
95 59 01 e0 54 29 d3 6a bd 08 27 52 e3 2e 3e f7 2b 7d ff f9 2b eb 75 24 45 ab bd 73 73 85 ec de 90 00 
<<<<
>>>>
13 75 00 00 00 
00 00 00 00 00 00 03 69 90 00 
<<<<
>>>>
13 76 00 00 00 
d3 ed 8a 34 28 2a f7 e9 00 37 d0 f6 f8 82 80 70 22 f7 0c 03 e5 c8 64 ba 10 a4 20 91 65 8b 51 8d 90 00 
<<<<
>>>>
13 77 00 00 08 00 00 00 00 00 00 03 69 
95 59 01 e0 54 29 d3 6a bd 08 27 52 e3 2e 3e f7 2b 7d ff f9 2b eb 75 24 45 ab bd 73 73 85 ec de 90 00 
<<<<
>>>>
13 75 00 00 00 
00 00 00 00 00 00 03 6a 90 00 
<<<<
>>>>
13 77 00 00 08 00 00 00 00 00 00 03 6a 
d3 ed 8a 34 28 2a f7 e9 00 37 d0 f6 f8 82 80 70 22 f7 0c 03 e5 c8 64 ba 10 a4 20 91 65 8b 51 8d 90 00 
<<<<
>>>>
13 76 00 00 00 
34 e6 55 29 c1 b4 91 7d 67 66 3f 38 bc 4e 62 57 a1 d0 7e 6e e8 76 0f 8a 96 fc 1a 17 95 ca 0a 07 90 00 
<<<<
>>>>
13 75 00 00 00 
00 00 00 00 00 00 03 6b 90 00 
<<<<
>>>>
13 76 00 00 00 
21 0c 58 ea 7d 0d a6 50 9c bb 49 6c e2 04 30 89 cf 1c 7e ae 52 bc a1 4e 10 51 b9 91 10 57 b3 09 90 00 
<<<<
>>>>
13 77 00 00 08 00 00 00 00 00 00 03 6b 
34 e6 55 29 c1 b4 91 7d 67 66 3f 38 bc 4e 62 57 a1 d0 7e 6e e8 76 0f 8a 96 fc 1a 17 95 ca 0a 07 90 00 
<<<<
>>>>
13 75 00 00 00 
00 00 00 00 00 00 03 6c 90 00 
<<<<
>>>>
13 77 00 00 08 00 00 00 00 00 00 03 6c 
21 0c 58 ea 7d 0d a6 50 9c bb 49 6c e2 04 30 89 cf 1c 7e ae 52 bc a1 4e 10 51 b9 91 10 57 b3 09 90 00 
<<<<
>>>>
13 76 00 00 00 
c4 45 23 56 c0 40 f3 9a 4f f4 7f b4 7c b0 d2 f3 d0 2e d6 61 d4 bc 3e 33 69 d1 6d 5b da 32 72 62 90 00 
<<<<
>>>>
13 75 00 00 00 
00 00 00 00 00 00 03 6d 90 00 
<<<<
>>>>
13 76 00 00 00 
9c 7c 7d 50 25 dc 44 5c 6e cf 94 06 33 4c 8f 11 81 8b 0b 8e 01 48 67 b2 b2 5a 2a 74 9b 06 b0 04 90 00 
<<<<
>>>>
13 77 00 00 08 00 00 00 00 00 00 03 6d 
c4 45 23 56 c0 40 f3 9a 4f f4 7f b4 7c b0 d2 f3 d0 2e d6 61 d4 bc 3e 33 69 d1 6d 5b da 32 72 62 90 00 
<<<<
>>>>
13 75 00 00 00 
00 00 00 00 00 00 03 6e 90 00 
<<<<
>>>>
13 77 00 00 08 00 00 00 00 00 00 03 6e 
9c 7c 7d 50 25 dc 44 5c 6e cf 94 06 33 4c 8f 11 81 8b 0b 8e 01 48 67 b2 b2 5a 2a 74 9b 06 b0 04 90 00 
<<<<
>>>>
13 76 00 00 00 
43 78 71 c2 80 8e 04 99 d0 db 23 ff b7 44 52 66 a8 26 1e 56 60 76 79 68 5a 74 32 d6 06 f4 93 f0 90 00 
<<<<
>>>>
13 75 00 00 00 
00 00 00 00 00 00 03 6f 90 00 
<<<<
>>>>
13 76 00 00 00 
6a 97 e0 e4 77 3d 07 5d 78 b1 15 bc 96 19 23 8a 0a 3f 3b a2 bd a4 e3 eb 8c 33 77 ba c8 0f 86 89 90 00 
<<<<
>>>>
13 77 00 00 08 00 00 00 00 00 00 03 6f 
43 78 71 c2 80 8e 04 99 d0 db 23 ff b7 44 52 66 a8 26 1e 56 60 76 79 68 5a 74 32 d6 06 f4 93 f0 90 00 
<<<<
>>>>
13 75 00 00 00 
00 00 00 00 00 00 03 70 90 00 
<<<<
>>>>
13 77 00 00 08 00 00 00 00 00 00 03 70 
6a 97 e0 e4 77 3d 07 5d 78 b1 15 bc 96 19 23 8a 0a 3f 3b a2 bd a4 e3 eb 8c 33 77 ba c8 0f 86 89 90 00 
<<<<
>>>>
13 76 00 00 00 
3c a6 c4 66 e6 e2 8d 77 a2 1c be 27 1c 04 2f f8 cf b5 36 68 b9 b6 0c c9 c4 f8 17 2e 5c 80 8f 8c 90 00 
<<<<
>>>>
13 75 00 00 00 
00 00 00 00 00 00 03 71 90 00 
<<<<
>>>>
13 76 00 00 00 
66 fa cf 82 28 98 11 c2 e3 0b 74 72 a8 dd bf 52 2b f9 8a c8 f4 d4 98 51 f9 f7 f6 4f 4b 82 81 0f 90 00 
<<<<
>>>>
13 77 00 00 08 00 00 00 00 00 00 03 71 
3c a6 c4 66 e6 e2 8d 77 a2 1c be 27 1c 04 2f f8 cf b5 36 68 b9 b6 0c c9 c4 f8 17 2e 5c 80 8f 8c 90 00 
<<<<
>>>>
13 75 00 00 00 
00 00 00 00 00 00 03 72 90 00 
<<<<
>>>>
13 77 00 00 08 00 00 00 00 00 00 03 72 
66 fa cf 82 28 98 11 c2 e3 0b 74 72 a8 dd bf 52 2b f9 8a c8 f4 d4 98 51 f9 f7 f6 4f 4b 82 81 0f 90 00 
<<<<
>>>>
13 76 00 00 00 
1e 3d 58 f5 84 91 7e 24 75 bd 5c 49 66 1b 2c 88 54 60 f7 08 8a f9 c7 ce 12 15 93 8f 16 be 7a dd 90 00 
<<<<
>>>>
13 75 00 00 00 
00 00 00 00 00 00 03 73 90 00 
<<<<
>>>>
13 76 00 00 00 
e6 36 24 df f4 af 0b e3 2c 10 7d 51 94 25 75 e3 0a 72 a2 32 93 41 8d cd 00 2c cd f8 1e 9c e1 80 90 00 
<<<<
>>>>
13 77 00 00 08 00 00 00 00 00 00 03 73 
1e 3d 58 f5 84 91 7e 24 75 bd 5c 49 66 1b 2c 88 54 60 f7 08 8a f9 c7 ce 12 15 93 8f 16 be 7a dd 90 00 
<<<<
>>>>
13 75 00 00 00 
00 00 00 00 00 00 03 74 90 00 
<<<<
>>>>
13 77 00 00 08 00 00 00 00 00 00 03 74 
e6 36 24 df f4 af 0b e3 2c 10 7d 51 94 25 75 e3 0a 72 a2 32 93 41 8d cd 00 2c cd f8 1e 9c e1 80 90 00 
<<<<
>>>>
13 76 00 00 00 
08 6b 96 84 c0 d0 83 1a 3a fb 43 9e 21 d3 a1 79 47 68 f5 11 d6 ba f2 a2 1e be de 82 ca 27 75 ad 90 00 
<<<<
>>>>
13 75 00 00 00 
00 00 00 00 00 00 03 75 90 00 
<<<<
>>>>
13 76 00 00 00 
00 f1 7d 87 a5 1a 5e c2 fd a8 47 9d c8 a4 8c 7e d6 8b 29 ba 5b da 98 44 32 b9 1e 53 4c 46 90 35 90 00 
<<<<
>>>>
13 77 00 00 08 00 00 00 00 00 00 03 75 
08 6b 96 84 c0 d0 83 1a 3a fb 43 9e 21 d3 a1 79 47 68 f5 11 d6 ba f2 a2 1e be de 82 ca 27 75 ad 90 00 
<<<<
>>>>
13 75 00 00 00 
00 00 00 00 00 00 03 76 90 00 
<<<<
>>>>
13 77 00 00 08 00 00 00 00 00 00 03 76 
00 f1 7d 87 a5 1a 5e c2 fd a8 47 9d c8 a4 8c 7e d6 8b 29 ba 5b da 98 44 32 b9 1e 53 4c 46 90 35 90 00 
<<<<
>>>>
13 76 00 00 00 
62 64 f3 70 72 fb d2 9b af 02 c7 a7 49 f8 30 0c 03 b7 e4 54 3a a8 ea 6b 57 77 ed 1b 06 e4 fe 35 90 00 
<<<<
>>>>
13 75 00 00 00 
00 00 00 00 00 00 03 77 90 00 
<<<<
>>>>
13 76 00 00 00 
77 18 c4 b4 d7 02 4b 93 64 cb b8 7b be 5c 0e 86 af 49 c8 64 b8 ab 6b 20 ba 3e 1b 81 3d df 78 a5 90 00 
<<<<
>>>>
13 77 00 00 08 00 00 00 00 00 00 03 77 
62 64 f3 70 72 fb d2 9b af 02 c7 a7 49 f8 30 0c 03 b7 e4 54 3a a8 ea 6b 57 77 ed 1b 06 e4 fe 35 90 00 
<<<<
>>>>
13 75 00 00 00 
00 00 00 00 00 00 03 78 90 00 
<<<<
>>>>
13 77 00 00 08 00 00 00 00 00 00 03 78 
77 18 c4 b4 d7 02 4b 93 64 cb b8 7b be 5c 0e 86 af 49 c8 64 b8 ab 6b 20 ba 3e 1b 81 3d df 78 a5 90 00 
<<<<
>>>>
13 76 00 00 00 
a1 25 50 71 96 ea ed f1 96 a9 90 fa 3f 80 0f c1 68 37 d0 be b3 74 dd a2 90 66 81 b7 b1 0b 14 82 90 00 
<<<<
>>>>
13 75 00 00 00 
00 00 00 00 00 00 03 79 90 00 
<<<<
>>>>
13 76 00 00 00 
e2 f7 41 9d 1a 25 4f c8 84 cf c3 b6 ee 25 af 4d 27 be b0 d5 f0 0a aa 8e c8 fa 62 76 7c 9b cf 7f 90 00 
<<<<
>>>>
13 77 00 00 08 00 00 00 00 00 00 03 79 
a1 25 50 71 96 ea ed f1 96 a9 90 fa 3f 80 0f c1 68 37 d0 be b3 74 dd a2 90 66 81 b7 b1 0b 14 82 90 00 
<<<<
>>>>
13 75 00 00 00 
00 00 00 00 00 00 03 7a 90 00 
<<<<
>>>>
13 77 00 00 08 00 00 00 00 00 00 03 7a 
e2 f7 41 9d 1a 25 4f c8 84 cf c3 b6 ee 25 af 4d 27 be b0 d5 f0 0a aa 8e c8 fa 62 76 7c 9b cf 7f 90 00 
<<<<
>>>>
13 76 00 00 00 
d4 a0 5a 69 c7 8a 3a bf 00 3d 94 59 fe d1 4e f0 3b 36 5f e2 55 69 61 25 b5 90 ea 3c 92 bd c0 c0 90 00 
<<<<
>>>>
13 75 00 00 00 
00 00 00 00 00 00 03 7b 90 00 
<<<<
>>>>
13 76 00 00 00 
1b ff e8 7f 56 e1 9a 9d a9 57 55 1f ba e7 6e 72 53 21 90 bc f4 f8 d5 03 8f ee 97 b8 ce 52 9e 03 90 00 
<<<<
>>>>
13 77 00 00 08 00 00 00 00 00 00 03 7b 
d4 a0 5a 69 c7 8a 3a bf 00 3d 94 59 fe d1 4e f0 3b 36 5f e2 55 69 61 25 b5 90 ea 3c 92 bd c0 c0 90 00 
<<<<
>>>>
13 75 00 00 00 
00 00 00 00 00 00 03 7c 90 00 
<<<<
>>>>
13 77 00 00 08 00 00 00 00 00 00 03 7c 
1b ff e8 7f 56 e1 9a 9d a9 57 55 1f ba e7 6e 72 53 21 90 bc f4 f8 d5 03 8f ee 97 b8 ce 52 9e 03 90 00 
<<<<
>>>>
13 76 00 00 00 
62 9b da ae 93 f0 57 b2 23 9f 6c 4f c0 3d 93 cd e5 2e ca 71 78 a9 57 a7 ef 6d 09 07 8d a1 41 57 90 00 
<<<<
>>>>
13 75 00 00 00 
00 00 00 00 00 00 03 7d 90 00 
<<<<
>>>>
13 76 00 00 00 
83 c1 a2 6c f0 24 b0 16 a2 d3 e9 69 11 ed 58 10 19 2a 6f 32 6f e7 cf b2 76 0f f2 53 6b 8d 82 8b 90 00 
<<<<
>>>>
13 77 00 00 08 00 00 00 00 00 00 03 7d 
62 9b da ae 93 f0 57 b2 23 9f 6c 4f c0 3d 93 cd e5 2e ca 71 78 a9 57 a7 ef 6d 09 07 8d a1 41 57 90 00 
<<<<
>>>>
13 75 00 00 00 
00 00 00 00 00 00 03 7e 90 00 
<<<<
>>>>
13 77 00 00 08 00 00 00 00 00 00 03 7e 
83 c1 a2 6c f0 24 b0 16 a2 d3 e9 69 11 ed 58 10 19 2a 6f 32 6f e7 cf b2 76 0f f2 53 6b 8d 82 8b 90 00 
<<<<
>>>>
13 76 00 00 00 
4a b6 10 c6 4d 2c f0 ed 73 0f 86 c4 31 a4 cd 8b 52 a0 08 9b c9 45 89 ec 37 d7 de f1 ce 4f d9 b9 90 00 
<<<<
>>>>
13 75 00 00 00 
00 00 00 00 00 00 03 7f 90 00 
<<<<
>>>>
13 76 00 00 00 
69 72 2c 23 10 18 08 ba e4 24 5b b8 f6 53 41 53 68 56 6c b1 0d c9 1d 5b a2 8d 4e 65 16 05 bf 4c 90 00 
<<<<
>>>>
13 77 00 00 08 00 00 00 00 00 00 03 7f 
4a b6 10 c6 4d 2c f0 ed 73 0f 86 c4 31 a4 cd 8b 52 a0 08 9b c9 45 89 ec 37 d7 de f1 ce 4f d9 b9 90 00 
<<<<
>>>>
13 75 00 00 00 
00 00 00 00 00 00 03 80 90 00 
<<<<
>>>>
13 77 00 00 08 00 00 00 00 00 00 03 80 
69 72 2c 23 10 18 08 ba e4 24 5b b8 f6 53 41 53 68 56 6c b1 0d c9 1d 5b a2 8d 4e 65 16 05 bf 4c 90 00 
<<<<
>>>>
13 76 00 00 00 
b4 af 8e ad a8 69 71 7d cc 30 0f 10 80 29 fd e6 f3 98 1b 7f a5 4d 5a f0 3a 8d 8f 80 4f 19 7b 37 90 00 
<<<<
>>>>
13 75 00 00 00 
00 00 00 00 00 00 03 81 90 00 
<<<<
>>>>
13 76 00 00 00 
a6 00 21 ad 11 43 72 c8 0e 4e 6c 4d 11 cb 1d 64 26 30 9a 0e 49 f8 7d c7 43 28 63 03 47 01 79 18 90 00 
<<<<
>>>>
13 77 00 00 08 00 00 00 00 00 00 03 81 
b4 af 8e ad a8 69 71 7d cc 30 0f 10 80 29 fd e6 f3 98 1b 7f a5 4d 5a f0 3a 8d 8f 80 4f 19 7b 37 90 00 
<<<<
>>>>
13 75 00 00 00 
00 00 00 00 00 00 03 82 90 00 
<<<<
>>>>
13 77 00 00 08 00 00 00 00 00 00 03 82 
a6 00 21 ad 11 43 72 c8 0e 4e 6c 4d 11 cb 1d 64 26 30 9a 0e 49 f8 7d c7 43 28 63 03 47 01 79 18 90 00 
<<<<
>>>>
13 76 00 00 00 
b1 fb 3b 94 60 85 a5 70 43 23 ea 41 2c 70 d1 5c 96 0a c5 03 c3 3d 5b ca 2b ac 0f 99 e0 a7 1b 75 90 00 
<<<<
>>>>
13 75 00 00 00 
00 00 00 00 00 00 03 83 90 00 
<<<<
>>>>
13 76 00 00 00 
c0 61 2b b2 35 2c e8 e6 5c 1f 21 6d 8c 6c 20 25 b5 17 5b f0 55 ba 63 5f 7f a7 c2 5b b5 64 2f e8 90 00 
<<<<
>>>>
13 77 00 00 08 00 00 00 00 00 00 03 83 
b1 fb 3b 94 60 85 a5 70 43 23 ea 41 2c 70 d1 5c 96 0a c5 03 c3 3d 5b ca 2b ac 0f 99 e0 a7 1b 75 90 00 
<<<<
>>>>
13 75 00 00 00 
00 00 00 00 00 00 03 84 90 00 
<<<<
>>>>
13 77 00 00 08 00 00 00 00 00 00 03 84 
c0 61 2b b2 35 2c e8 e6 5c 1f 21 6d 8c 6c 20 25 b5 17 5b f0 55 ba 63 5f 7f a7 c2 5b b5 64 2f e8 90 00 
<<<<
>>>>
13 76 00 00 00 
13 15 72 3a c1 76 5a 71 3a 0c 4f 77 33 7a f1 49 ca e1 18 b5 8c c4 0b 9c b4 bd 0e ec 7c 73 b8 2b 90 00 
<<<<
>>>>
13 75 00 00 00 
00 00 00 00 00 00 03 85 90 00 
<<<<
>>>>
13 76 00 00 00 
ef 17 66 25 dc 07 91 4d f7 fd 18 85 d2 53 fd c5 e7 65 af 36 00 58 2f a3 97 34 93 3b de 6c bd 88 90 00 
<<<<
>>>>
13 77 00 00 08 00 00 00 00 00 00 03 85 
13 15 72 3a c1 76 5a 71 3a 0c 4f 77 33 7a f1 49 ca e1 18 b5 8c c4 0b 9c b4 bd 0e ec 7c 73 b8 2b 90 00 
<<<<
>>>>
13 75 00 00 00 
00 00 00 00 00 00 03 86 90 00 
<<<<
>>>>
13 77 00 00 08 00 00 00 00 00 00 03 86 
ef 17 66 25 dc 07 91 4d f7 fd 18 85 d2 53 fd c5 e7 65 af 36 00 58 2f a3 97 34 93 3b de 6c bd 88 90 00 
<<<<
>>>>
13 76 00 00 00 
27 db a9 32 3c bc 1d 39 db 25 93 74 07 13 62 8a bd bf 8e 18 e8 6d c5 cd 29 d2 39 9e 28 24 9a f8 90 00 
<<<<
>>>>
13 75 00 00 00 
00 00 00 00 00 00 03 87 90 00 
<<<<
>>>>
13 76 00 00 00 
70 16 f2 3f 77 42 2a 4a 92 ce a9 39 b2 e5 be 29 5b 3b ac 76 33 b0 fc a1 3a 06 53 20 57 e9 7b dc 90 00 
<<<<
>>>>
13 77 00 00 08 00 00 00 00 00 00 03 87 
27 db a9 32 3c bc 1d 39 db 25 93 74 07 13 62 8a bd bf 8e 18 e8 6d c5 cd 29 d2 39 9e 28 24 9a f8 90 00 
<<<<
>>>>
13 75 00 00 00 
00 00 00 00 00 00 03 88 90 00 
<<<<
>>>>
13 77 00 00 08 00 00 00 00 00 00 03 88 
70 16 f2 3f 77 42 2a 4a 92 ce a9 39 b2 e5 be 29 5b 3b ac 76 33 b0 fc a1 3a 06 53 20 57 e9 7b dc 90 00 
<<<<
>>>>
13 76 00 00 00 
db 09 e1 b7 1b fa 25 55 b5 93 4a 57 ea 30 98 06 01 3e 7f 44 28 1b 4b 34 84 98 e9 54 30 cc 2b e1 90 00 
<<<<
>>>>
13 75 00 00 00 
00 00 00 00 00 00 03 89 90 00 
<<<<
>>>>
13 76 00 00 00 
d7 73 c6 f7 bb 2e 8c 58 0a 8c 4c 0d 3c 37 6d bd af a4 18 2b 65 51 02 cc d9 28 9a 68 f3 5d fd 3b 90 00 
<<<<
>>>>
13 77 00 00 08 00 00 00 00 00 00 03 89 
db 09 e1 b7 1b fa 25 55 b5 93 4a 57 ea 30 98 06 01 3e 7f 44 28 1b 4b 34 84 98 e9 54 30 cc 2b e1 90 00 
<<<<
>>>>
13 75 00 00 00 
00 00 00 00 00 00 03 8a 90 00 
<<<<
>>>>
13 77 00 00 08 00 00 00 00 00 00 03 8a 
d7 73 c6 f7 bb 2e 8c 58 0a 8c 4c 0d 3c 37 6d bd af a4 18 2b 65 51 02 cc d9 28 9a 68 f3 5d fd 3b 90 00 
<<<<
>>>>
13 76 00 00 00 
0a c0 6d 93 77 74 dc dc 93 ff b8 1b db a5 b8 5a 49 db db 93 24 2f a1 7b da 39 de ce be aa d2 a6 90 00 
<<<<
>>>>
13 75 00 00 00 
00 00 00 00 00 00 03 8b 90 00 
<<<<
>>>>
13 76 00 00 00 
a4 a6 f7 86 ec 1c 0a 92 b4 2f 84 14 77 e8 a2 7d 7b 6a 5d dc 49 c6 b7 8c 92 23 c6 d1 d3 35 c9 97 90 00 
<<<<
>>>>
13 77 00 00 08 00 00 00 00 00 00 03 8b 
0a c0 6d 93 77 74 dc dc 93 ff b8 1b db a5 b8 5a 49 db db 93 24 2f a1 7b da 39 de ce be aa d2 a6 90 00 
<<<<
>>>>
13 75 00 00 00 
00 00 00 00 00 00 03 8c 90 00 
<<<<
>>>>
13 77 00 00 08 00 00 00 00 00 00 03 8c 
a4 a6 f7 86 ec 1c 0a 92 b4 2f 84 14 77 e8 a2 7d 7b 6a 5d dc 49 c6 b7 8c 92 23 c6 d1 d3 35 c9 97 90 00 
<<<<
>>>>
13 76 00 00 00 
4d 20 e6 2e 07 a3 b1 1a f1 bc 8c 2d cc 8a 7e e0 2c 42 87 9e 96 20 7f 3f 7b b8 76 b0 42 83 61 43 90 00 
<<<<
>>>>
13 75 00 00 00 
00 00 00 00 00 00 03 8d 90 00 
<<<<
>>>>
13 76 00 00 00 
0b 50 05 fa 46 a8 e1 c6 62 0f df f8 b2 f3 bc 01 20 f2 57 76 cc e2 1f 82 0f f8 a3 c8 4c 70 c5 1a 90 00 
<<<<
>>>>
13 77 00 00 08 00 00 00 00 00 00 03 8d 
4d 20 e6 2e 07 a3 b1 1a f1 bc 8c 2d cc 8a 7e e0 2c 42 87 9e 96 20 7f 3f 7b b8 76 b0 42 83 61 43 90 00 
<<<<
>>>>
13 75 00 00 00 
00 00 00 00 00 00 03 8e 90 00 
<<<<
>>>>
13 77 00 00 08 00 00 00 00 00 00 03 8e 
0b 50 05 fa 46 a8 e1 c6 62 0f df f8 b2 f3 bc 01 20 f2 57 76 cc e2 1f 82 0f f8 a3 c8 4c 70 c5 1a 90 00 
<<<<
>>>>
13 76 00 00 00 
54 b2 93 a0 b5 e4 6b 4f e0 d7 d0 c7 f7 5a 03 e5 c7 6c 41 ed d4 17 2d 21 65 b2 dd 98 59 74 e6 4f 90 00 
<<<<
>>>>
13 75 00 00 00 
00 00 00 00 00 00 03 8f 90 00 
<<<<
>>>>
13 76 00 00 00 
9b 6e 0b 85 69 ba c5 15 d5 f4 7c 3f b0 ad 5b 03 66 5f f4 09 eb 56 06 ea 7e 31 f8 48 9c 91 cc 36 90 00 
<<<<
>>>>
13 77 00 00 08 00 00 00 00 00 00 03 8f 
54 b2 93 a0 b5 e4 6b 4f e0 d7 d0 c7 f7 5a 03 e5 c7 6c 41 ed d4 17 2d 21 65 b2 dd 98 59 74 e6 4f 90 00 
<<<<
>>>>
13 75 00 00 00 
00 00 00 00 00 00 03 90 90 00 
<<<<
>>>>
13 77 00 00 08 00 00 00 00 00 00 03 90 
9b 6e 0b 85 69 ba c5 15 d5 f4 7c 3f b0 ad 5b 03 66 5f f4 09 eb 56 06 ea 7e 31 f8 48 9c 91 cc 36 90 00 
<<<<
>>>>
13 76 00 00 00 
b1 6e 16 1e c1 aa 76 06 de 99 bf af 7a 62 f1 08 26 9e 4c fd f7 86 03 83 a5 63 e6 69 69 c6 b7 dc 90 00 
<<<<
>>>>
13 75 00 00 00 
00 00 00 00 00 00 03 91 90 00 
<<<<
>>>>
13 76 00 00 00 
03 49 64 35 66 4b be 1e ae 71 6f dc 61 f5 cb bf 20 ff 49 e0 a6 5a ba c7 ec c9 00 ef 89 6a cd e0 90 00 
<<<<
>>>>
13 77 00 00 08 00 00 00 00 00 00 03 91 
b1 6e 16 1e c1 aa 76 06 de 99 bf af 7a 62 f1 08 26 9e 4c fd f7 86 03 83 a5 63 e6 69 69 c6 b7 dc 90 00 
<<<<
>>>>
13 75 00 00 00 
00 00 00 00 00 00 03 92 90 00 
<<<<
>>>>
13 77 00 00 08 00 00 00 00 00 00 03 92 
03 49 64 35 66 4b be 1e ae 71 6f dc 61 f5 cb bf 20 ff 49 e0 a6 5a ba c7 ec c9 00 ef 89 6a cd e0 90 00 
<<<<
>>>>
13 76 00 00 00 
d3 56 72 5c 65 c8 9a ff 1b 4a 5a e3 21 71 c6 e2 5a f5 90 b7 ea d1 8d a6 3e 4f b5 57 0f 5f 3a 4b 90 00 
<<<<
>>>>
13 75 00 00 00 
00 00 00 00 00 00 03 93 90 00 
<<<<
>>>>
13 76 00 00 00 
fb 51 ce ed 18 c0 fd dc d8 dd 59 b0 4b e9 76 b4 c9 a5 2d 7a d2 a7 13 b5 9b 95 b2 23 22 2a b4 a4 90 00 
<<<<
>>>>
13 77 00 00 08 00 00 00 00 00 00 03 93 
d3 56 72 5c 65 c8 9a ff 1b 4a 5a e3 21 71 c6 e2 5a f5 90 b7 ea d1 8d a6 3e 4f b5 57 0f 5f 3a 4b 90 00 
<<<<
>>>>
13 75 00 00 00 
00 00 00 00 00 00 03 94 90 00 
<<<<
>>>>
13 77 00 00 08 00 00 00 00 00 00 03 94 
fb 51 ce ed 18 c0 fd dc d8 dd 59 b0 4b e9 76 b4 c9 a5 2d 7a d2 a7 13 b5 9b 95 b2 23 22 2a b4 a4 90 00 
<<<<
>>>>
13 76 00 00 00 
d2 56 7a 23 53 32 70 a6 2e 6c ca bb 12 9e 6d ce 38 e3 2c d3 04 82 26 a6 f5 e3 09 d5 af d9 08 15 90 00 
<<<<
>>>>
13 75 00 00 00 
00 00 00 00 00 00 03 95 90 00 
<<<<
>>>>
13 76 00 00 00 
c0 7b 3a ff 3d be 34 2b 7c fb 76 11 8f 90 67 49 83 84 fa 1d dd ea 3c bf 3d 5e 88 63 12 af 52 5e 90 00 
<<<<
>>>>
13 77 00 00 08 00 00 00 00 00 00 03 95 
d2 56 7a 23 53 32 70 a6 2e 6c ca bb 12 9e 6d ce 38 e3 2c d3 04 82 26 a6 f5 e3 09 d5 af d9 08 15 90 00 
<<<<
>>>>
13 75 00 00 00 
00 00 00 00 00 00 03 96 90 00 
<<<<
>>>>
13 77 00 00 08 00 00 00 00 00 00 03 96 
c0 7b 3a ff 3d be 34 2b 7c fb 76 11 8f 90 67 49 83 84 fa 1d dd ea 3c bf 3d 5e 88 63 12 af 52 5e 90 00 
<<<<
>>>>
13 76 00 00 00 
30 03 72 64 a3 ea 06 6b ec 3b 58 bd f4 62 28 06 09 d0 1e c6 be 48 b0 83 91 35 3b 17 17 1a 7e 8e 90 00 
<<<<
>>>>
13 75 00 00 00 
00 00 00 00 00 00 03 97 90 00 
<<<<
>>>>
13 76 00 00 00 
1a 2b 94 53 20 98 b4 79 8f 17 d5 fa 2f 9a 52 38 ac 2a 65 d2 99 a3 34 6e d6 e7 43 fb fe 34 f4 fb 90 00 
<<<<
>>>>
13 77 00 00 08 00 00 00 00 00 00 03 97 
30 03 72 64 a3 ea 06 6b ec 3b 58 bd f4 62 28 06 09 d0 1e c6 be 48 b0 83 91 35 3b 17 17 1a 7e 8e 90 00 
<<<<
>>>>
13 75 00 00 00 
00 00 00 00 00 00 03 98 90 00 
<<<<
>>>>
13 77 00 00 08 00 00 00 00 00 00 03 98 
1a 2b 94 53 20 98 b4 79 8f 17 d5 fa 2f 9a 52 38 ac 2a 65 d2 99 a3 34 6e d6 e7 43 fb fe 34 f4 fb 90 00 
<<<<
>>>>
13 76 00 00 00 
20 57 27 b3 58 f3 ae 2e 03 9c 3f ce 14 f6 f4 e3 4f af 73 5f 45 39 5e 4c ac f8 ae 8a c8 ff dc 01 90 00 
<<<<
>>>>
13 75 00 00 00 
00 00 00 00 00 00 03 99 90 00 
<<<<
>>>>
13 76 00 00 00 
4b f3 a5 50 3c e0 37 ec 1f 3d 60 83 1d 39 5c e0 81 99 4a 95 c0 b8 1e 57 67 81 f2 08 79 07 6a f5 90 00 
<<<<
>>>>
13 77 00 00 08 00 00 00 00 00 00 03 99 
20 57 27 b3 58 f3 ae 2e 03 9c 3f ce 14 f6 f4 e3 4f af 73 5f 45 39 5e 4c ac f8 ae 8a c8 ff dc 01 90 00 
<<<<
>>>>
13 75 00 00 00 
00 00 00 00 00 00 03 9a 90 00 
<<<<
>>>>
13 77 00 00 08 00 00 00 00 00 00 03 9a 
4b f3 a5 50 3c e0 37 ec 1f 3d 60 83 1d 39 5c e0 81 99 4a 95 c0 b8 1e 57 67 81 f2 08 79 07 6a f5 90 00 
<<<<
>>>>
13 76 00 00 00 
c7 9f 92 0f 18 33 1c cb bd 1b bf 88 00 91 69 0f 88 a9 38 b4 cc 5a 83 0c ff 12 cd 90 21 ee af 84 90 00 
<<<<
>>>>
13 75 00 00 00 
00 00 00 00 00 00 03 9b 90 00 
<<<<
>>>>
13 76 00 00 00 
44 0e 27 16 9c 93 48 0e 5b 11 ac 38 25 b0 ec 53 c2 f9 96 9d 9e a4 22 cf 56 9d e9 1d 76 14 02 2d 90 00 
<<<<
>>>>
13 77 00 00 08 00 00 00 00 00 00 03 9b 
c7 9f 92 0f 18 33 1c cb bd 1b bf 88 00 91 69 0f 88 a9 38 b4 cc 5a 83 0c ff 12 cd 90 21 ee af 84 90 00 
<<<<
>>>>
13 75 00 00 00 
00 00 00 00 00 00 03 9c 90 00 
<<<<
>>>>
13 77 00 00 08 00 00 00 00 00 00 03 9c 
44 0e 27 16 9c 93 48 0e 5b 11 ac 38 25 b0 ec 53 c2 f9 96 9d 9e a4 22 cf 56 9d e9 1d 76 14 02 2d 90 00 
<<<<
>>>>
13 76 00 00 00 
94 d8 bd 47 3d 59 a0 d6 c4 7e f9 42 2d 08 de 79 c8 e1 1d a0 df 61 17 7e 4a 64 fb 6c db b8 b1 df 90 00 
<<<<
>>>>
13 75 00 00 00 
00 00 00 00 00 00 03 9d 90 00 
<<<<
>>>>
13 76 00 00 00 
ca e7 39 cd ef ab 4c 5f ff d1 a1 d5 de 5b 84 49 e3 3d 3d 47 4e b2 fd 14 f3 58 74 9d 91 97 73 1b 90 00 
<<<<
>>>>
13 77 00 00 08 00 00 00 00 00 00 03 9d 
94 d8 bd 47 3d 59 a0 d6 c4 7e f9 42 2d 08 de 79 c8 e1 1d a0 df 61 17 7e 4a 64 fb 6c db b8 b1 df 90 00 
<<<<
>>>>
13 75 00 00 00 
00 00 00 00 00 00 03 9e 90 00 
<<<<
>>>>
13 77 00 00 08 00 00 00 00 00 00 03 9e 
ca e7 39 cd ef ab 4c 5f ff d1 a1 d5 de 5b 84 49 e3 3d 3d 47 4e b2 fd 14 f3 58 74 9d 91 97 73 1b 90 00 
<<<<
>>>>
13 76 00 00 00 
cc a9 36 19 ef 6d e3 09 fb dd f0 e8 72 31 c6 0f 0d 79 9d 55 a6 51 1c f1 a6 5d c6 6d 38 1d f0 14 90 00 
<<<<
>>>>
13 75 00 00 00 
00 00 00 00 00 00 03 9f 90 00 
<<<<
>>>>
13 76 00 00 00 
a9 67 ba 65 ad c3 9a 00 dd b3 ad fe 14 26 be d4 60 11 2d 36 12 47 97 a3 33 ed 52 d9 27 59 6f 72 90 00 
<<<<
>>>>
13 77 00 00 08 00 00 00 00 00 00 03 9f 
cc a9 36 19 ef 6d e3 09 fb dd f0 e8 72 31 c6 0f 0d 79 9d 55 a6 51 1c f1 a6 5d c6 6d 38 1d f0 14 90 00 
<<<<
>>>>
13 75 00 00 00 
00 00 00 00 00 00 03 a0 90 00 
<<<<
>>>>
13 77 00 00 08 00 00 00 00 00 00 03 a0 
a9 67 ba 65 ad c3 9a 00 dd b3 ad fe 14 26 be d4 60 11 2d 36 12 47 97 a3 33 ed 52 d9 27 59 6f 72 90 00 
<<<<
>>>>
13 76 00 00 00 
c2 c6 65 f7 d2 80 a9 df 23 c9 93 6e fc ab 16 52 18 45 ab 5e a2 c6 1c 27 01 08 df 0f fb 91 b0 c0 90 00 
<<<<
>>>>
13 75 00 00 00 
00 00 00 00 00 00 03 a1 90 00 
<<<<
>>>>
13 76 00 00 00 
2f f4 fe 11 04 ff af c5 e4 92 d9 b8 27 b6 3e db 77 47 38 0e 7b ee 37 ce 80 b4 4c 73 69 55 00 2d 90 00 
<<<<
>>>>
13 77 00 00 08 00 00 00 00 00 00 03 a1 
c2 c6 65 f7 d2 80 a9 df 23 c9 93 6e fc ab 16 52 18 45 ab 5e a2 c6 1c 27 01 08 df 0f fb 91 b0 c0 90 00 
<<<<
>>>>
13 75 00 00 00 
00 00 00 00 00 00 03 a2 90 00 
<<<<
>>>>
13 77 00 00 08 00 00 00 00 00 00 03 a2 
2f f4 fe 11 04 ff af c5 e4 92 d9 b8 27 b6 3e db 77 47 38 0e 7b ee 37 ce 80 b4 4c 73 69 55 00 2d 90 00 
<<<<
>>>>
13 76 00 00 00 
c4 d1 90 ce 85 6d 14 96 87 ea f5 c2 33 ee 1b 2c 58 de bf 10 06 fb 7b 12 9a 24 c3 f1 a9 82 a8 d6 90 00 
<<<<
>>>>
13 75 00 00 00 
00 00 00 00 00 00 03 a3 90 00 
<<<<
>>>>
13 76 00 00 00 
11 b7 b5 1d f6 37 07 12 62 3b b7 af 45 28 83 4b 06 04 b3 b0 04 01 da 0d 15 c1 65 bd 35 60 78 f4 90 00 
<<<<
>>>>
13 77 00 00 08 00 00 00 00 00 00 03 a3 
c4 d1 90 ce 85 6d 14 96 87 ea f5 c2 33 ee 1b 2c 58 de bf 10 06 fb 7b 12 9a 24 c3 f1 a9 82 a8 d6 90 00 
<<<<
>>>>
13 75 00 00 00 
00 00 00 00 00 00 03 a4 90 00 
<<<<
>>>>
13 77 00 00 08 00 00 00 00 00 00 03 a4 
11 b7 b5 1d f6 37 07 12 62 3b b7 af 45 28 83 4b 06 04 b3 b0 04 01 da 0d 15 c1 65 bd 35 60 78 f4 90 00 
<<<<
>>>>
13 76 00 00 00 
62 c7 94 92 7a 24 10 a9 a0 3e 5b b8 8a 6f e5 47 8c a2 e8 e9 be 39 bb c2 40 12 23 23 4c 9a 46 22 90 00 
<<<<
>>>>
13 75 00 00 00 
00 00 00 00 00 00 03 a5 90 00 
<<<<
>>>>
13 76 00 00 00 
ce db 34 04 29 1c 30 8e 06 92 14 a1 59 71 a9 98 80 c1 83 79 7f d9 db 7c 84 d5 d7 84 35 4c 76 79 90 00 
<<<<
>>>>
13 77 00 00 08 00 00 00 00 00 00 03 a5 
62 c7 94 92 7a 24 10 a9 a0 3e 5b b8 8a 6f e5 47 8c a2 e8 e9 be 39 bb c2 40 12 23 23 4c 9a 46 22 90 00 
<<<<
>>>>
13 75 00 00 00 
00 00 00 00 00 00 03 a6 90 00 
<<<<
>>>>
13 77 00 00 08 00 00 00 00 00 00 03 a6 
ce db 34 04 29 1c 30 8e 06 92 14 a1 59 71 a9 98 80 c1 83 79 7f d9 db 7c 84 d5 d7 84 35 4c 76 79 90 00 
<<<<
>>>>
13 76 00 00 00 
1e 2e 86 83 b5 bf cb b6 0b a6 b5 f4 a4 a4 2c f2 90 f9 1b 06 34 3d 47 ad b3 15 75 56 33 56 55 7a 90 00 
<<<<
>>>>
13 75 00 00 00 
00 00 00 00 00 00 03 a7 90 00 
<<<<
>>>>
13 76 00 00 00 
df 59 f5 ca 22 e4 f6 c3 a6 e0 d0 45 e8 df 9d 37 70 f1 25 1f bd e9 2a 21 c0 a4 19 87 4d 81 0e 12 90 00 
<<<<
>>>>
13 77 00 00 08 00 00 00 00 00 00 03 a7 
1e 2e 86 83 b5 bf cb b6 0b a6 b5 f4 a4 a4 2c f2 90 f9 1b 06 34 3d 47 ad b3 15 75 56 33 56 55 7a 90 00 
<<<<
>>>>
13 75 00 00 00 
00 00 00 00 00 00 03 a8 90 00 
<<<<
>>>>
13 77 00 00 08 00 00 00 00 00 00 03 a8 
df 59 f5 ca 22 e4 f6 c3 a6 e0 d0 45 e8 df 9d 37 70 f1 25 1f bd e9 2a 21 c0 a4 19 87 4d 81 0e 12 90 00 
<<<<
>>>>
13 76 00 00 00 
fb 2f a1 01 c4 c2 73 76 92 34 5c 29 83 46 fd c2 1a d6 6d 3b 8e f9 9b c2 48 f6 d5 d6 0d df 85 ff 90 00 
<<<<
>>>>
13 75 00 00 00 
00 00 00 00 00 00 03 a9 90 00 
<<<<
>>>>
13 76 00 00 00 
0e 17 c3 4c a2 a3 8c fe b4 e8 dd 66 ef a8 a3 b9 24 1a 32 17 d2 32 4e e3 08 39 63 d0 a1 1e 50 36 90 00 
<<<<
>>>>
13 77 00 00 08 00 00 00 00 00 00 03 a9 
fb 2f a1 01 c4 c2 73 76 92 34 5c 29 83 46 fd c2 1a d6 6d 3b 8e f9 9b c2 48 f6 d5 d6 0d df 85 ff 90 00 
<<<<
>>>>
13 75 00 00 00 
00 00 00 00 00 00 03 aa 90 00 
<<<<
>>>>
13 77 00 00 08 00 00 00 00 00 00 03 aa 
0e 17 c3 4c a2 a3 8c fe b4 e8 dd 66 ef a8 a3 b9 24 1a 32 17 d2 32 4e e3 08 39 63 d0 a1 1e 50 36 90 00 
<<<<
>>>>
13 76 00 00 00 
4b c6 c7 0c 5a 0c a5 d3 9a d5 0b ae 7f 25 12 09 f0 77 5b fd 87 ee 45 e3 c0 e2 65 73 b0 45 32 fe 90 00 
<<<<
>>>>
13 75 00 00 00 
00 00 00 00 00 00 03 ab 90 00 
<<<<
>>>>
13 76 00 00 00 
46 1b 2b 4b cc 48 c5 5c 23 15 79 e8 f9 dd 19 ed 32 0e 6c 01 0f cb dd 89 c6 b9 74 0c 22 94 d9 eb 90 00 
<<<<
>>>>
13 77 00 00 08 00 00 00 00 00 00 03 ab 
4b c6 c7 0c 5a 0c a5 d3 9a d5 0b ae 7f 25 12 09 f0 77 5b fd 87 ee 45 e3 c0 e2 65 73 b0 45 32 fe 90 00 
<<<<
>>>>
13 75 00 00 00 
00 00 00 00 00 00 03 ac 90 00 
<<<<
>>>>
13 77 00 00 08 00 00 00 00 00 00 03 ac 
46 1b 2b 4b cc 48 c5 5c 23 15 79 e8 f9 dd 19 ed 32 0e 6c 01 0f cb dd 89 c6 b9 74 0c 22 94 d9 eb 90 00 
<<<<
>>>>
13 76 00 00 00 
68 c8 f5 cb 63 99 c9 78 e3 35 1a bf 4c de 4f d6 04 ee ae 41 74 90 ca 23 2f 47 0e 39 30 1d 7a 8e 90 00 
<<<<
>>>>
13 75 00 00 00 
00 00 00 00 00 00 03 ad 90 00 
<<<<
>>>>
13 76 00 00 00 
9f da ec cf 09 8e 09 2d 33 90 de bc 82 09 31 e4 12 f2 f2 d5 06 fd ca a5 36 5b d7 30 40 d5 a3 d9 90 00 
<<<<
>>>>
13 77 00 00 08 00 00 00 00 00 00 03 ad 
68 c8 f5 cb 63 99 c9 78 e3 35 1a bf 4c de 4f d6 04 ee ae 41 74 90 ca 23 2f 47 0e 39 30 1d 7a 8e 90 00 
<<<<
>>>>
13 75 00 00 00 
00 00 00 00 00 00 03 ae 90 00 
<<<<
>>>>
13 77 00 00 08 00 00 00 00 00 00 03 ae 
9f da ec cf 09 8e 09 2d 33 90 de bc 82 09 31 e4 12 f2 f2 d5 06 fd ca a5 36 5b d7 30 40 d5 a3 d9 90 00 
<<<<
>>>>
13 76 00 00 00 
1c c3 e5 f1 48 0a fe a2 4e 69 d9 e9 d1 b4 e1 7c 5e ef 36 56 12 1f 69 1a 1e 61 12 07 f8 4d 56 4e 90 00 
<<<<
>>>>
13 75 00 00 00 
00 00 00 00 00 00 03 af 90 00 
<<<<
>>>>
13 76 00 00 00 
b4 4c 51 d1 ea c3 11 01 30 f1 26 e5 4f 00 be c4 95 8c dc 96 68 3b 5a e9 d4 2b 16 83 de e7 79 67 90 00 
<<<<
>>>>
13 77 00 00 08 00 00 00 00 00 00 03 af 
1c c3 e5 f1 48 0a fe a2 4e 69 d9 e9 d1 b4 e1 7c 5e ef 36 56 12 1f 69 1a 1e 61 12 07 f8 4d 56 4e 90 00 
<<<<
>>>>
13 75 00 00 00 
00 00 00 00 00 00 03 b0 90 00 
<<<<
>>>>
13 77 00 00 08 00 00 00 00 00 00 03 b0 
b4 4c 51 d1 ea c3 11 01 30 f1 26 e5 4f 00 be c4 95 8c dc 96 68 3b 5a e9 d4 2b 16 83 de e7 79 67 90 00 
<<<<
>>>>
13 76 00 00 00 
09 53 41 5e 84 b3 3f c4 e4 a5 7b c1 8b c8 65 de 16 f8 88 fe 64 67 e1 c0 90 56 e5 90 fe f7 5b bc 90 00 
<<<<
>>>>
13 75 00 00 00 
00 00 00 00 00 00 03 b1 90 00 
<<<<
>>>>
13 76 00 00 00 
d9 5d a0 ec 91 03 dc 26 c2 18 69 a8 70 60 48 ba 57 39 9d be d5 05 33 01 29 f5 3b c8 95 fb d1 a1 90 00 
<<<<
>>>>
13 77 00 00 08 00 00 00 00 00 00 03 b1 
09 53 41 5e 84 b3 3f c4 e4 a5 7b c1 8b c8 65 de 16 f8 88 fe 64 67 e1 c0 90 56 e5 90 fe f7 5b bc 90 00 
<<<<
>>>>
13 75 00 00 00 
00 00 00 00 00 00 03 b2 90 00 
<<<<
>>>>
13 77 00 00 08 00 00 00 00 00 00 03 b2 
d9 5d a0 ec 91 03 dc 26 c2 18 69 a8 70 60 48 ba 57 39 9d be d5 05 33 01 29 f5 3b c8 95 fb d1 a1 90 00 
<<<<
>>>>
13 76 00 00 00 
84 d0 80 26 f0 be c9 a5 da 19 61 05 12 f5 13 ac fc c8 97 ac 98 20 35 5c 23 62 a9 29 a1 eb 35 4b 90 00 
<<<<
>>>>
13 75 00 00 00 
00 00 00 00 00 00 03 b3 90 00 
<<<<
>>>>
13 76 00 00 00 
6b a8 52 43 5a f5 86 ec a0 35 ae 68 02 a8 53 2e 4c 1f ab c0 3c ee 1c 93 78 0d 90 b8 5e 5d 6c 0c 90 00 
<<<<
>>>>
13 77 00 00 08 00 00 00 00 00 00 03 b3 
84 d0 80 26 f0 be c9 a5 da 19 61 05 12 f5 13 ac fc c8 97 ac 98 20 35 5c 23 62 a9 29 a1 eb 35 4b 90 00 
<<<<
>>>>
13 75 00 00 00 
00 00 00 00 00 00 03 b4 90 00 
<<<<
>>>>
13 77 00 00 08 00 00 00 00 00 00 03 b4 
6b a8 52 43 5a f5 86 ec a0 35 ae 68 02 a8 53 2e 4c 1f ab c0 3c ee 1c 93 78 0d 90 b8 5e 5d 6c 0c 90 00 
<<<<
>>>>
13 76 00 00 00 
e7 ee de fd 02 55 0f 14 49 58 69 c6 2e 59 bc 20 70 c8 f7 89 32 4f 4f 0f 52 98 d8 44 eb e7 7e 04 90 00 
<<<<
>>>>
13 75 00 00 00 
00 00 00 00 00 00 03 b5 90 00 
<<<<
>>>>
13 76 00 00 00 
87 e4 a3 d8 b0 59 df 19 7e c7 67 5b b7 0c 55 4f 31 4d f3 cd 33 b9 0a 30 7e 41 06 5b 57 dd 15 90 90 00 
<<<<
>>>>
13 77 00 00 08 00 00 00 00 00 00 03 b5 
e7 ee de fd 02 55 0f 14 49 58 69 c6 2e 59 bc 20 70 c8 f7 89 32 4f 4f 0f 52 98 d8 44 eb e7 7e 04 90 00 
<<<<
>>>>
13 75 00 00 00 
00 00 00 00 00 00 03 b6 90 00 
<<<<
>>>>
13 77 00 00 08 00 00 00 00 00 00 03 b6 
87 e4 a3 d8 b0 59 df 19 7e c7 67 5b b7 0c 55 4f 31 4d f3 cd 33 b9 0a 30 7e 41 06 5b 57 dd 15 90 90 00 
<<<<
>>>>
13 76 00 00 00 
02 91 34 0d 1a 93 d9 0f 01 2d cc f8 ef e1 2c 57 2d ca b9 8c a3 73 b8 91 fd a2 cc ae 22 ed 7f 57 90 00 
<<<<
>>>>
13 75 00 00 00 
00 00 00 00 00 00 03 b7 90 00 
<<<<
>>>>
13 76 00 00 00 
00 26 6f 30 38 d9 23 10 48 0d bc 5c 22 b2 66 13 5b 33 42 ee 7a 54 05 4c 8c f6 b4 e1 2f 84 88 65 90 00 
<<<<
>>>>
13 77 00 00 08 00 00 00 00 00 00 03 b7 
02 91 34 0d 1a 93 d9 0f 01 2d cc f8 ef e1 2c 57 2d ca b9 8c a3 73 b8 91 fd a2 cc ae 22 ed 7f 57 90 00 
<<<<
>>>>
13 75 00 00 00 
00 00 00 00 00 00 03 b8 90 00 
<<<<
>>>>
13 77 00 00 08 00 00 00 00 00 00 03 b8 
00 26 6f 30 38 d9 23 10 48 0d bc 5c 22 b2 66 13 5b 33 42 ee 7a 54 05 4c 8c f6 b4 e1 2f 84 88 65 90 00 
<<<<
>>>>
13 76 00 00 00 
60 00 63 9a 83 ce be 97 93 20 9b 86 a1 b5 9f 1f 05 18 d1 a5 d7 10 f9 63 9a ef 52 0d 94 01 19 2e 90 00 
<<<<
>>>>
13 75 00 00 00 
00 00 00 00 00 00 03 b9 90 00 
<<<<
>>>>
13 76 00 00 00 
5b 83 e2 75 cf 70 24 8f d0 5c a1 03 c9 f1 1b be e8 80 9f 08 22 1f 66 65 17 a2 7c ad 9a f2 ef 29 90 00 
<<<<
>>>>
13 77 00 00 08 00 00 00 00 00 00 03 b9 
60 00 63 9a 83 ce be 97 93 20 9b 86 a1 b5 9f 1f 05 18 d1 a5 d7 10 f9 63 9a ef 52 0d 94 01 19 2e 90 00 
<<<<
>>>>
13 75 00 00 00 
00 00 00 00 00 00 03 ba 90 00 
<<<<
>>>>
13 77 00 00 08 00 00 00 00 00 00 03 ba 
5b 83 e2 75 cf 70 24 8f d0 5c a1 03 c9 f1 1b be e8 80 9f 08 22 1f 66 65 17 a2 7c ad 9a f2 ef 29 90 00 
<<<<
>>>>
13 76 00 00 00 
e8 4c ec c8 77 a1 83 05 1f f7 f4 72 27 ed 57 a5 91 54 31 13 f3 91 98 6f d7 31 61 d7 65 98 c3 2c 90 00 
<<<<
>>>>
13 75 00 00 00 
00 00 00 00 00 00 03 bb 90 00 
<<<<
>>>>
13 76 00 00 00 
4e e6 45 b0 18 96 fd cf b6 64 84 d3 50 4f 4a 74 2c 25 cb ae 3b ff e8 f9 97 27 5a 36 db c9 6c 52 90 00 
<<<<
>>>>
13 77 00 00 08 00 00 00 00 00 00 03 bb 
e8 4c ec c8 77 a1 83 05 1f f7 f4 72 27 ed 57 a5 91 54 31 13 f3 91 98 6f d7 31 61 d7 65 98 c3 2c 90 00 
<<<<
>>>>
13 75 00 00 00 
00 00 00 00 00 00 03 bc 90 00 
<<<<
>>>>
13 77 00 00 08 00 00 00 00 00 00 03 bc 
4e e6 45 b0 18 96 fd cf b6 64 84 d3 50 4f 4a 74 2c 25 cb ae 3b ff e8 f9 97 27 5a 36 db c9 6c 52 90 00 
<<<<
>>>>
13 76 00 00 00 
b9 81 26 cf 2a 92 3a 79 90 89 61 14 c3 58 e3 a7 62 c1 e9 ae b5 ca a4 85 43 c6 4f f9 95 25 bf ce 90 00 
<<<<
>>>>
13 75 00 00 00 
00 00 00 00 00 00 03 bd 90 00 
<<<<
>>>>
13 76 00 00 00 
a6 c8 01 81 87 2a 4d 49 8e 79 1a 81 16 75 17 61 d8 2d 17 d0 77 b9 fa c0 84 69 1f 23 db 2c 8a fa 90 00 
<<<<
>>>>
13 77 00 00 08 00 00 00 00 00 00 03 bd 
b9 81 26 cf 2a 92 3a 79 90 89 61 14 c3 58 e3 a7 62 c1 e9 ae b5 ca a4 85 43 c6 4f f9 95 25 bf ce 90 00 
<<<<
>>>>
13 75 00 00 00 
00 00 00 00 00 00 03 be 90 00 
<<<<
>>>>
13 77 00 00 08 00 00 00 00 00 00 03 be 
a6 c8 01 81 87 2a 4d 49 8e 79 1a 81 16 75 17 61 d8 2d 17 d0 77 b9 fa c0 84 69 1f 23 db 2c 8a fa 90 00 
<<<<
>>>>
13 76 00 00 00 
70 b1 fa 27 ce 40 17 c7 d8 7c 75 d5 27 e5 e5 fa 05 95 0a cf 52 b8 59 fc 63 9f 1d b5 5b 2a dc 33 90 00 
<<<<
>>>>
13 75 00 00 00 
00 00 00 00 00 00 03 bf 90 00 
<<<<
>>>>
13 76 00 00 00 
6a 1c 78 83 6f 3e 78 5f dc af 4b c4 17 35 dc 0b ee 1f 99 57 0d d6 b5 eb e3 30 98 c0 dc f0 da 6d 90 00 
<<<<
>>>>
13 77 00 00 08 00 00 00 00 00 00 03 bf 
70 b1 fa 27 ce 40 17 c7 d8 7c 75 d5 27 e5 e5 fa 05 95 0a cf 52 b8 59 fc 63 9f 1d b5 5b 2a dc 33 90 00 
<<<<
>>>>
13 75 00 00 00 
00 00 00 00 00 00 03 c0 90 00 
<<<<
>>>>
13 77 00 00 08 00 00 00 00 00 00 03 c0 
6a 1c 78 83 6f 3e 78 5f dc af 4b c4 17 35 dc 0b ee 1f 99 57 0d d6 b5 eb e3 30 98 c0 dc f0 da 6d 90 00 
<<<<
>>>>
13 76 00 00 00 
9e 48 d7 ef db 2a f4 40 0c 89 53 fb 2a 70 8c 2d 04 4a df 48 4d 86 24 42 25 6e 9a fb 58 47 1b e3 90 00 
<<<<
>>>>
13 75 00 00 00 
00 00 00 00 00 00 03 c1 90 00 
<<<<
>>>>
13 76 00 00 00 
e1 5d 1c 17 7b ec 5f 66 9c 1b 30 28 8c 74 0b 38 90 58 51 4d 12 a5 00 e3 05 74 dc ef ba f2 c6 0e 90 00 
<<<<
>>>>
13 77 00 00 08 00 00 00 00 00 00 03 c1 
9e 48 d7 ef db 2a f4 40 0c 89 53 fb 2a 70 8c 2d 04 4a df 48 4d 86 24 42 25 6e 9a fb 58 47 1b e3 90 00 
<<<<
>>>>
13 75 00 00 00 
00 00 00 00 00 00 03 c2 90 00 
<<<<
>>>>
13 77 00 00 08 00 00 00 00 00 00 03 c2 
e1 5d 1c 17 7b ec 5f 66 9c 1b 30 28 8c 74 0b 38 90 58 51 4d 12 a5 00 e3 05 74 dc ef ba f2 c6 0e 90 00 
<<<<
>>>>
13 76 00 00 00 
e0 ed 96 4f 04 e5 7a 17 c1 a3 6d fb 67 25 f9 6d fe 1c 3a a7 9d 8b c6 e7 f1 9c c0 c1 d4 de 88 2e 90 00 
<<<<
>>>>
13 75 00 00 00 
00 00 00 00 00 00 03 c3 90 00 
<<<<
>>>>
13 76 00 00 00 
93 a2 04 b1 9f 73 03 32 a4 48 24 5b 78 13 9b 89 dc 3a a2 49 76 c7 21 0c f0 45 d4 69 7c 9b b2 ca 90 00 
<<<<
>>>>
13 77 00 00 08 00 00 00 00 00 00 03 c3 
e0 ed 96 4f 04 e5 7a 17 c1 a3 6d fb 67 25 f9 6d fe 1c 3a a7 9d 8b c6 e7 f1 9c c0 c1 d4 de 88 2e 90 00 
<<<<
>>>>
13 75 00 00 00 
00 00 00 00 00 00 03 c4 90 00 
<<<<
>>>>
13 77 00 00 08 00 00 00 00 00 00 03 c4 
93 a2 04 b1 9f 73 03 32 a4 48 24 5b 78 13 9b 89 dc 3a a2 49 76 c7 21 0c f0 45 d4 69 7c 9b b2 ca 90 00 
<<<<
>>>>
13 76 00 00 00 
21 c2 08 37 51 54 a1 49 37 82 91 7f 87 1a 92 2c 11 9e 8f 0d aa cc cd 74 37 c1 6b 6e 30 26 3d 7e 90 00 
<<<<
>>>>
13 75 00 00 00 
00 00 00 00 00 00 03 c5 90 00 
<<<<
>>>>
13 76 00 00 00 
3f f5 c5 d0 13 48 43 ad b9 d2 cf 0a 55 96 57 74 ad f8 47 02 f1 fc 22 fb ed 6a 58 d1 d9 fc 8d 2c 90 00 
<<<<
>>>>
13 77 00 00 08 00 00 00 00 00 00 03 c5 
21 c2 08 37 51 54 a1 49 37 82 91 7f 87 1a 92 2c 11 9e 8f 0d aa cc cd 74 37 c1 6b 6e 30 26 3d 7e 90 00 
<<<<
>>>>
13 75 00 00 00 
00 00 00 00 00 00 03 c6 90 00 
<<<<
>>>>
13 77 00 00 08 00 00 00 00 00 00 03 c6 
3f f5 c5 d0 13 48 43 ad b9 d2 cf 0a 55 96 57 74 ad f8 47 02 f1 fc 22 fb ed 6a 58 d1 d9 fc 8d 2c 90 00 
<<<<
>>>>
13 76 00 00 00 
21 62 6c a7 fd 61 b4 52 6e 32 a8 b8 08 73 93 6f 4e 3f 55 0a 8c 29 63 e5 aa 4a 28 6b 53 cb bb 8a 90 00 
<<<<
>>>>
13 75 00 00 00 
00 00 00 00 00 00 03 c7 90 00 
<<<<
>>>>
13 76 00 00 00 
68 65 db 40 43 06 08 1e a1 c1 fc ef af 0f 87 24 99 81 04 b5 35 2a 11 59 68 f1 81 16 93 6c 90 7d 90 00 
<<<<
>>>>
13 77 00 00 08 00 00 00 00 00 00 03 c7 
21 62 6c a7 fd 61 b4 52 6e 32 a8 b8 08 73 93 6f 4e 3f 55 0a 8c 29 63 e5 aa 4a 28 6b 53 cb bb 8a 90 00 
<<<<
>>>>
13 75 00 00 00 
00 00 00 00 00 00 03 c8 90 00 
<<<<
>>>>
13 77 00 00 08 00 00 00 00 00 00 03 c8 
68 65 db 40 43 06 08 1e a1 c1 fc ef af 0f 87 24 99 81 04 b5 35 2a 11 59 68 f1 81 16 93 6c 90 7d 90 00 
<<<<
>>>>
13 76 00 00 00 
ff 6f 8f d1 b1 37 f4 39 5f 98 98 fb 2b db 0b df 46 92 6b 71 28 46 e0 4e f9 b8 04 b0 16 f6 92 ee 90 00 
<<<<
>>>>
13 75 00 00 00 
00 00 00 00 00 00 03 c9 90 00 
<<<<
>>>>
13 76 00 00 00 
7b 09 a9 2f 69 35 a8 70 01 db bd 6a 1d 36 27 65 54 a1 18 a4 2c 6b 33 eb b1 eb 93 1d d8 20 f7 da 90 00 
<<<<
>>>>
13 77 00 00 08 00 00 00 00 00 00 03 c9 
ff 6f 8f d1 b1 37 f4 39 5f 98 98 fb 2b db 0b df 46 92 6b 71 28 46 e0 4e f9 b8 04 b0 16 f6 92 ee 90 00 
<<<<
>>>>
13 75 00 00 00 
00 00 00 00 00 00 03 ca 90 00 
<<<<
>>>>
13 77 00 00 08 00 00 00 00 00 00 03 ca 
7b 09 a9 2f 69 35 a8 70 01 db bd 6a 1d 36 27 65 54 a1 18 a4 2c 6b 33 eb b1 eb 93 1d d8 20 f7 da 90 00 
<<<<
>>>>
13 76 00 00 00 
8e 87 13 d9 29 6d e2 dd fe b6 d9 ec aa 86 7a fc d9 8a be 3a 50 90 b3 1c ad 59 aa b1 5d 5c 3d 51 90 00 
<<<<
>>>>
13 75 00 00 00 
00 00 00 00 00 00 03 cb 90 00 
<<<<
>>>>
13 76 00 00 00 
51 56 e1 e8 2b ae f8 0f 84 38 f3 13 56 92 f1 03 0f 44 ad 83 85 e8 75 70 db a1 97 5b 03 98 d4 31 90 00 
<<<<
>>>>
13 77 00 00 08 00 00 00 00 00 00 03 cb 
8e 87 13 d9 29 6d e2 dd fe b6 d9 ec aa 86 7a fc d9 8a be 3a 50 90 b3 1c ad 59 aa b1 5d 5c 3d 51 90 00 
<<<<
>>>>
13 75 00 00 00 
00 00 00 00 00 00 03 cc 90 00 
<<<<
>>>>
13 77 00 00 08 00 00 00 00 00 00 03 cc 
51 56 e1 e8 2b ae f8 0f 84 38 f3 13 56 92 f1 03 0f 44 ad 83 85 e8 75 70 db a1 97 5b 03 98 d4 31 90 00 
<<<<
>>>>
13 76 00 00 00 
9f 4a 17 1e b1 70 7d 04 f0 bb b6 29 7f c2 0b 87 e7 7a db 18 a2 e0 e7 eb 05 d5 ec 04 7b eb 64 96 90 00 
<<<<
>>>>
13 75 00 00 00 
00 00 00 00 00 00 03 cd 90 00 
<<<<
>>>>
13 76 00 00 00 
df 70 75 bd a3 9a c8 b0 23 aa b6 6d d2 83 0e 18 56 cb a1 10 fb 80 37 20 d6 d1 f3 a6 23 5b 1b d9 90 00 
<<<<
>>>>
13 77 00 00 08 00 00 00 00 00 00 03 cd 
9f 4a 17 1e b1 70 7d 04 f0 bb b6 29 7f c2 0b 87 e7 7a db 18 a2 e0 e7 eb 05 d5 ec 04 7b eb 64 96 90 00 
<<<<
>>>>
13 75 00 00 00 
00 00 00 00 00 00 03 ce 90 00 
<<<<
>>>>
13 77 00 00 08 00 00 00 00 00 00 03 ce 
df 70 75 bd a3 9a c8 b0 23 aa b6 6d d2 83 0e 18 56 cb a1 10 fb 80 37 20 d6 d1 f3 a6 23 5b 1b d9 90 00 
<<<<
>>>>
13 76 00 00 00 
f0 9f 2d c0 8a cb 6e cf d4 d2 60 e0 69 9e 32 f9 ea 02 ff fe e7 cd fd 43 53 8a 25 27 4b 8b 8f dd 90 00 
<<<<
>>>>
13 75 00 00 00 
00 00 00 00 00 00 03 cf 90 00 
<<<<
>>>>
13 76 00 00 00 
91 f5 24 92 aa fb 48 55 87 bf 70 25 48 d6 f5 f9 5d 39 eb 74 8d 17 71 5e 80 3e 1d dc be 47 0c a8 90 00 
<<<<
>>>>
13 77 00 00 08 00 00 00 00 00 00 03 cf 
f0 9f 2d c0 8a cb 6e cf d4 d2 60 e0 69 9e 32 f9 ea 02 ff fe e7 cd fd 43 53 8a 25 27 4b 8b 8f dd 90 00 
<<<<
>>>>
13 75 00 00 00 
00 00 00 00 00 00 03 d0 90 00 
<<<<
>>>>
13 77 00 00 08 00 00 00 00 00 00 03 d0 
91 f5 24 92 aa fb 48 55 87 bf 70 25 48 d6 f5 f9 5d 39 eb 74 8d 17 71 5e 80 3e 1d dc be 47 0c a8 90 00 
<<<<
>>>>
13 76 00 00 00 
4f 74 95 7f 1a a4 ea dc b5 6d 33 70 20 14 b4 ff 99 ff 05 de b0 64 dc fa 9f 83 9d bc 09 fa 93 39 90 00 
<<<<
>>>>
13 75 00 00 00 
00 00 00 00 00 00 03 d1 90 00 
<<<<
>>>>
13 76 00 00 00 
99 07 37 51 e2 65 fc af b2 42 9a f5 bd 59 e2 a0 bc d7 4e 7e d5 78 58 ee f5 ee 9e 2c 0e a5 f9 3e 90 00 
<<<<
>>>>
13 77 00 00 08 00 00 00 00 00 00 03 d1 
4f 74 95 7f 1a a4 ea dc b5 6d 33 70 20 14 b4 ff 99 ff 05 de b0 64 dc fa 9f 83 9d bc 09 fa 93 39 90 00 
<<<<
>>>>
13 75 00 00 00 
00 00 00 00 00 00 03 d2 90 00 
<<<<
>>>>
13 77 00 00 08 00 00 00 00 00 00 03 d2 
99 07 37 51 e2 65 fc af b2 42 9a f5 bd 59 e2 a0 bc d7 4e 7e d5 78 58 ee f5 ee 9e 2c 0e a5 f9 3e 90 00 
<<<<
>>>>
13 76 00 00 00 
a7 b9 78 8f b6 0c 79 dc ea 32 9d cd 1e c4 21 64 aa 58 e7 4d 69 30 89 6a 64 62 45 30 c8 9a 6b 70 90 00 
<<<<
>>>>
13 75 00 00 00 
00 00 00 00 00 00 03 d3 90 00 
<<<<
>>>>
13 76 00 00 00 
86 5c b2 53 95 bf 92 fd da e9 b4 d0 93 6b 22 90 3f 13 89 64 12 9c da d9 d9 7b 88 f1 bb 20 f7 6b 90 00 
<<<<
>>>>
13 77 00 00 08 00 00 00 00 00 00 03 d3 
a7 b9 78 8f b6 0c 79 dc ea 32 9d cd 1e c4 21 64 aa 58 e7 4d 69 30 89 6a 64 62 45 30 c8 9a 6b 70 90 00 
<<<<
>>>>
13 75 00 00 00 
00 00 00 00 00 00 03 d4 90 00 
<<<<
>>>>
13 77 00 00 08 00 00 00 00 00 00 03 d4 
86 5c b2 53 95 bf 92 fd da e9 b4 d0 93 6b 22 90 3f 13 89 64 12 9c da d9 d9 7b 88 f1 bb 20 f7 6b 90 00 
<<<<
>>>>
13 76 00 00 00 
73 47 cd b9 2f 63 7e 36 ae a1 84 d1 56 1e 4e 69 51 25 e3 58 90 7b d1 04 8e 63 c5 f8 20 da 66 b8 90 00 
<<<<
>>>>
13 75 00 00 00 
00 00 00 00 00 00 03 d5 90 00 
<<<<
>>>>
13 76 00 00 00 
12 22 bf ce 1c d2 3d e8 5b af f3 fa 01 91 c1 fc 04 57 8c 01 ec 47 52 d8 a7 89 70 a1 be 17 80 20 90 00 
<<<<
>>>>
13 77 00 00 08 00 00 00 00 00 00 03 d5 
73 47 cd b9 2f 63 7e 36 ae a1 84 d1 56 1e 4e 69 51 25 e3 58 90 7b d1 04 8e 63 c5 f8 20 da 66 b8 90 00 
<<<<
>>>>
13 75 00 00 00 
00 00 00 00 00 00 03 d6 90 00 
<<<<
>>>>
13 77 00 00 08 00 00 00 00 00 00 03 d6 
12 22 bf ce 1c d2 3d e8 5b af f3 fa 01 91 c1 fc 04 57 8c 01 ec 47 52 d8 a7 89 70 a1 be 17 80 20 90 00 
<<<<
>>>>
13 76 00 00 00 
64 3f 7a 92 26 1d b4 cd 68 89 28 9b ee b4 95 55 49 a4 f0 87 e6 11 21 7e 32 dd 13 bd a2 bf 3f 26 90 00 
<<<<
>>>>
13 75 00 00 00 
00 00 00 00 00 00 03 d7 90 00 
<<<<
>>>>
13 76 00 00 00 
59 42 49 fb 5a ff 78 22 d5 54 8d 74 3a 3d 5f 8b 26 57 da 1c 17 38 2d 17 88 84 6e ff 55 9f 5f 88 90 00 
<<<<
>>>>
13 77 00 00 08 00 00 00 00 00 00 03 d7 
64 3f 7a 92 26 1d b4 cd 68 89 28 9b ee b4 95 55 49 a4 f0 87 e6 11 21 7e 32 dd 13 bd a2 bf 3f 26 90 00 
<<<<
>>>>
13 75 00 00 00 
00 00 00 00 00 00 03 d8 90 00 
<<<<
>>>>
13 77 00 00 08 00 00 00 00 00 00 03 d8 
59 42 49 fb 5a ff 78 22 d5 54 8d 74 3a 3d 5f 8b 26 57 da 1c 17 38 2d 17 88 84 6e ff 55 9f 5f 88 90 00 
<<<<
>>>>
13 76 00 00 00 
bf e3 ff f7 01 af 70 19 dd cd 49 e7 53 ee f8 10 25 da d8 cb 99 a8 3d b7 90 3f c9 93 0c fd 15 11 90 00 
<<<<
>>>>
13 75 00 00 00 
00 00 00 00 00 00 03 d9 90 00 
<<<<
>>>>
13 76 00 00 00 
12 a2 1d b0 a7 03 90 a6 96 ee c3 d3 ac 92 0a 41 6e f1 50 98 6a 27 34 cb 6d b1 ed 62 3c 0d 8f 9a 90 00 
<<<<
>>>>
13 77 00 00 08 00 00 00 00 00 00 03 d9 
bf e3 ff f7 01 af 70 19 dd cd 49 e7 53 ee f8 10 25 da d8 cb 99 a8 3d b7 90 3f c9 93 0c fd 15 11 90 00 
<<<<
>>>>
13 75 00 00 00 
00 00 00 00 00 00 03 da 90 00 
<<<<
>>>>
13 77 00 00 08 00 00 00 00 00 00 03 da 
12 a2 1d b0 a7 03 90 a6 96 ee c3 d3 ac 92 0a 41 6e f1 50 98 6a 27 34 cb 6d b1 ed 62 3c 0d 8f 9a 90 00 
<<<<
>>>>
13 76 00 00 00 
5e 44 08 59 35 27 72 d2 18 19 74 7e a2 ba b8 0f 94 e5 92 90 90 f9 90 a7 91 9b df b7 7f ce de 57 90 00 
<<<<
>>>>
13 75 00 00 00 
00 00 00 00 00 00 03 db 90 00 
<<<<
>>>>
13 76 00 00 00 
fd 05 ac 0b 3d 6f e6 d2 57 99 68 71 ee 18 06 77 dd cc e1 2d 76 c8 3e 3a bc f8 eb 1c ad 16 81 48 90 00 
<<<<
>>>>
13 77 00 00 08 00 00 00 00 00 00 03 db 
5e 44 08 59 35 27 72 d2 18 19 74 7e a2 ba b8 0f 94 e5 92 90 90 f9 90 a7 91 9b df b7 7f ce de 57 90 00 
<<<<
>>>>
13 75 00 00 00 
00 00 00 00 00 00 03 dc 90 00 
<<<<
>>>>
13 77 00 00 08 00 00 00 00 00 00 03 dc 
fd 05 ac 0b 3d 6f e6 d2 57 99 68 71 ee 18 06 77 dd cc e1 2d 76 c8 3e 3a bc f8 eb 1c ad 16 81 48 90 00 
<<<<
>>>>
13 76 00 00 00 
bf ab 2c 75 58 ce a1 1c d3 48 7e a9 bd 29 f7 8d 8b cb a5 57 34 f5 85 30 df 9a 30 0a 6d 00 8a ec 90 00 
<<<<
>>>>
13 75 00 00 00 
00 00 00 00 00 00 03 dd 90 00 
<<<<
>>>>
13 76 00 00 00 
c2 9d 5c 73 f4 09 bf 5c f5 8b cd 0a f6 59 2c 48 d0 e6 08 2a 8c 93 c6 4c 67 55 dd 4e ab b3 4e 71 90 00 
<<<<
>>>>
13 77 00 00 08 00 00 00 00 00 00 03 dd 
bf ab 2c 75 58 ce a1 1c d3 48 7e a9 bd 29 f7 8d 8b cb a5 57 34 f5 85 30 df 9a 30 0a 6d 00 8a ec 90 00 
<<<<
>>>>
13 75 00 00 00 
00 00 00 00 00 00 03 de 90 00 
<<<<
>>>>
13 77 00 00 08 00 00 00 00 00 00 03 de 
c2 9d 5c 73 f4 09 bf 5c f5 8b cd 0a f6 59 2c 48 d0 e6 08 2a 8c 93 c6 4c 67 55 dd 4e ab b3 4e 71 90 00 
<<<<
>>>>
13 76 00 00 00 
50 d5 bb 29 eb 5f fd bf ef 91 bf 23 3c 6a 89 77 3f 1c 0c b9 f9 82 45 37 fd 16 32 90 f6 e6 23 8e 90 00 
<<<<
>>>>
13 75 00 00 00 
00 00 00 00 00 00 03 df 90 00 
<<<<
>>>>
13 76 00 00 00 
30 e9 7b 7d fe 15 89 dc f8 75 6a 45 65 7f dc 71 0f ea 8b 12 4d a6 21 47 da 82 57 14 1d 11 da ef 90 00 
<<<<
>>>>
13 77 00 00 08 00 00 00 00 00 00 03 df 
50 d5 bb 29 eb 5f fd bf ef 91 bf 23 3c 6a 89 77 3f 1c 0c b9 f9 82 45 37 fd 16 32 90 f6 e6 23 8e 90 00 
<<<<
>>>>
13 75 00 00 00 
00 00 00 00 00 00 03 e0 90 00 
<<<<
>>>>
13 77 00 00 08 00 00 00 00 00 00 03 e0 
30 e9 7b 7d fe 15 89 dc f8 75 6a 45 65 7f dc 71 0f ea 8b 12 4d a6 21 47 da 82 57 14 1d 11 da ef 90 00 
<<<<
>>>>
13 76 00 00 00 
4e 5d 63 7b d3 17 91 ac d0 8b 2d 2b 7a f1 64 0f 0f cd 5a 28 d5 d2 16 bd 87 7d a4 77 83 1f 95 bc 90 00 
<<<<
>>>>
13 75 00 00 00 
00 00 00 00 00 00 03 e1 90 00 
<<<<
>>>>
13 76 00 00 00 
db 17 ba b8 ea 59 7e 85 34 55 71 7a 50 55 13 a5 1d 4a 79 0e 9a 12 6e c4 22 2b e6 90 dd 4f 11 f3 90 00 
<<<<
>>>>
13 77 00 00 08 00 00 00 00 00 00 03 e1 
4e 5d 63 7b d3 17 91 ac d0 8b 2d 2b 7a f1 64 0f 0f cd 5a 28 d5 d2 16 bd 87 7d a4 77 83 1f 95 bc 90 00 
<<<<
>>>>
13 75 00 00 00 
00 00 00 00 00 00 03 e2 90 00 
<<<<
>>>>
13 77 00 00 08 00 00 00 00 00 00 03 e2 
db 17 ba b8 ea 59 7e 85 34 55 71 7a 50 55 13 a5 1d 4a 79 0e 9a 12 6e c4 22 2b e6 90 dd 4f 11 f3 90 00 
<<<<
>>>>
13 76 00 00 00 
c5 16 0d 18 f9 d6 d3 ca 91 ac 65 a2 c7 96 6e 2b 78 61 a8 5c d9 3d 82 d7 63 28 1c 7f bc 36 29 41 90 00 
<<<<
>>>>
13 75 00 00 00 
00 00 00 00 00 00 03 e3 90 00 
<<<<
>>>>
13 76 00 00 00 
d8 72 ae 07 52 8a c1 72 e9 67 6f 43 bf e2 dc 10 1d e5 2d 38 10 af 72 af 89 3a 64 9e 9e 91 69 88 90 00 
<<<<
>>>>
13 77 00 00 08 00 00 00 00 00 00 03 e3 
c5 16 0d 18 f9 d6 d3 ca 91 ac 65 a2 c7 96 6e 2b 78 61 a8 5c d9 3d 82 d7 63 28 1c 7f bc 36 29 41 90 00 
<<<<
>>>>
13 75 00 00 00 
00 00 00 00 00 00 03 e4 90 00 
<<<<
>>>>
13 77 00 00 08 00 00 00 00 00 00 03 e4 
d8 72 ae 07 52 8a c1 72 e9 67 6f 43 bf e2 dc 10 1d e5 2d 38 10 af 72 af 89 3a 64 9e 9e 91 69 88 90 00 
<<<<
>>>>
13 76 00 00 00 
69 65 ae f9 d6 a3 ab 03 cc d3 34 fe d7 79 de c8 25 40 cf 50 75 79 d2 ad 15 4a a5 b5 8f 3c c4 a2 90 00 
<<<<
>>>>
13 75 00 00 00 
00 00 00 00 00 00 03 e5 90 00 
<<<<
>>>>
13 76 00 00 00 
bf cf d1 ef 5b f6 82 67 cf 48 e3 28 20 07 5e 27 d3 a7 f5 42 fa 16 8d 8e e3 41 09 ca 85 24 06 c5 90 00 
<<<<
>>>>
13 77 00 00 08 00 00 00 00 00 00 03 e5 
69 65 ae f9 d6 a3 ab 03 cc d3 34 fe d7 79 de c8 25 40 cf 50 75 79 d2 ad 15 4a a5 b5 8f 3c c4 a2 90 00 
<<<<
>>>>
13 75 00 00 00 
00 00 00 00 00 00 03 e6 90 00 
<<<<
>>>>
13 77 00 00 08 00 00 00 00 00 00 03 e6 
bf cf d1 ef 5b f6 82 67 cf 48 e3 28 20 07 5e 27 d3 a7 f5 42 fa 16 8d 8e e3 41 09 ca 85 24 06 c5 90 00 
<<<<
>>>>
13 76 00 00 00 
f3 44 e4 d8 fb c6 98 ec 1e ba b4 49 18 9a 52 d6 cf 07 9c 2b 10 ee ba 4f 7e e3 22 7f a0 8f b2 2a 90 00 
<<<<
>>>>
13 75 00 00 00 
00 00 00 00 00 00 03 e7 90 00 
<<<<
>>>>
13 76 00 00 00 
2d ca b4 d0 20 38 e6 a5 bc 57 56 f4 dd 89 fa 28 cf 1e 19 99 8d 71 f4 4b 85 cf f9 07 3e 12 6d 4c 90 00 
<<<<
>>>>
13 77 00 00 08 00 00 00 00 00 00 03 e7 
f3 44 e4 d8 fb c6 98 ec 1e ba b4 49 18 9a 52 d6 cf 07 9c 2b 10 ee ba 4f 7e e3 22 7f a0 8f b2 2a 90 00 
<<<<
>>>>
13 75 00 00 00 
00 00 00 00 00 00 03 e8 90 00 
<<<<
>>>>
13 77 00 00 08 00 00 00 00 00 00 03 e8 
2d ca b4 d0 20 38 e6 a5 bc 57 56 f4 dd 89 fa 28 cf 1e 19 99 8d 71 f4 4b 85 cf f9 07 3e 12 6d 4c 90 00 
<<<<
>>>>
13 76 00 00 00 
e9 a3 f1 43 5f 91 28 3b 7d 63 aa ef 3c e3 ea 1c 25 78 e7 3c 3d 36 47 e0 24 2d aa 9c 1f 91 97 a5 90 00 
<<<<
>>>>
13 75 00 00 00 
00 00 00 00 00 00 03 e9 90 00 
<<<<
>>>>
13 76 00 00 00 
a8 00 da 04 11 57 d6 18 cc 9d 6f 56 9f 46 17 91 b0 4d 44 7c 1c 26 5a 08 35 b2 27 ef d9 b6 e6 1d 90 00 
<<<<
>>>>
13 77 00 00 08 00 00 00 00 00 00 03 e9 
e9 a3 f1 43 5f 91 28 3b 7d 63 aa ef 3c e3 ea 1c 25 78 e7 3c 3d 36 47 e0 24 2d aa 9c 1f 91 97 a5 90 00 
<<<<
>>>>
13 75 00 00 00 
00 00 00 00 00 00 03 ea 90 00 
<<<<
>>>>
13 77 00 00 08 00 00 00 00 00 00 03 ea 
a8 00 da 04 11 57 d6 18 cc 9d 6f 56 9f 46 17 91 b0 4d 44 7c 1c 26 5a 08 35 b2 27 ef d9 b6 e6 1d 90 00 
<<<<
>>>>
13 76 00 00 00 
f3 f0 40 ed 37 04 5a 6b 49 91 c8 55 6f 9e b4 9a 00 7f eb f3 0f 0e 64 ac 9e 07 4a 3a ad eb 70 f9 90 00 
<<<<
>>>>
13 75 00 00 00 
00 00 00 00 00 00 03 eb 90 00 
<<<<
>>>>
13 76 00 00 00 
56 c7 41 08 f5 09 6c 7d 1a 7b ac 24 42 4e 2b a7 88 67 8b 0f bf b0 1a e8 85 92 43 ca d1 16 92 c2 90 00 
<<<<
>>>>
13 77 00 00 08 00 00 00 00 00 00 03 eb 
f3 f0 40 ed 37 04 5a 6b 49 91 c8 55 6f 9e b4 9a 00 7f eb f3 0f 0e 64 ac 9e 07 4a 3a ad eb 70 f9 90 00 
<<<<
>>>>
13 75 00 00 00 
00 00 00 00 00 00 03 ec 90 00 
<<<<
>>>>
13 77 00 00 08 00 00 00 00 00 00 03 ec 
56 c7 41 08 f5 09 6c 7d 1a 7b ac 24 42 4e 2b a7 88 67 8b 0f bf b0 1a e8 85 92 43 ca d1 16 92 c2 90 00 
<<<<
>>>>
13 76 00 00 00 
f9 ea 6d 65 e8 71 aa 4f b7 18 0d 50 4a 48 85 a7 6d b6 24 6f 11 d2 14 67 d7 4d be 48 b0 89 48 65 90 00 
<<<<
>>>>
13 75 00 00 00 
00 00 00 00 00 00 03 ed 90 00 
<<<<
>>>>
13 76 00 00 00 
83 de 20 a6 5c e2 44 6d 9c 3c 1e ae a1 9f ca 92 11 f6 25 8f 5b c3 ae 35 ba a1 71 98 e9 3e 5c ef 90 00 
<<<<
>>>>
13 77 00 00 08 00 00 00 00 00 00 03 ed 
f9 ea 6d 65 e8 71 aa 4f b7 18 0d 50 4a 48 85 a7 6d b6 24 6f 11 d2 14 67 d7 4d be 48 b0 89 48 65 90 00 
<<<<
>>>>
13 75 00 00 00 
00 00 00 00 00 00 03 ee 90 00 
<<<<
>>>>
13 77 00 00 08 00 00 00 00 00 00 03 ee 
83 de 20 a6 5c e2 44 6d 9c 3c 1e ae a1 9f ca 92 11 f6 25 8f 5b c3 ae 35 ba a1 71 98 e9 3e 5c ef 90 00 
<<<<
>>>>
13 76 00 00 00 
f9 1d a3 a8 ad 7a a0 86 96 33 d0 aa 43 e2 f5 05 e2 ac 64 11 1c 14 aa 99 eb 0c d1 36 36 86 b1 c2 90 00 
<<<<
>>>>
13 75 00 00 00 
00 00 00 00 00 00 03 ef 90 00 
<<<<
>>>>
13 76 00 00 00 
6b e0 a2 18 c4 d5 2e 8d fa de e2 e8 22 33 e4 a2 24 96 97 ce 4b a6 57 46 63 cf a4 20 62 1f a1 71 90 00 
<<<<
>>>>
13 77 00 00 08 00 00 00 00 00 00 03 ef 
f9 1d a3 a8 ad 7a a0 86 96 33 d0 aa 43 e2 f5 05 e2 ac 64 11 1c 14 aa 99 eb 0c d1 36 36 86 b1 c2 90 00 
<<<<
>>>>
13 75 00 00 00 
00 00 00 00 00 00 03 f0 90 00 
<<<<
>>>>
13 77 00 00 08 00 00 00 00 00 00 03 f0 
6b e0 a2 18 c4 d5 2e 8d fa de e2 e8 22 33 e4 a2 24 96 97 ce 4b a6 57 46 63 cf a4 20 62 1f a1 71 90 00 
<<<<
>>>>
13 76 00 00 00 
1e 5e ae b6 35 37 08 e6 6b 49 0f e7 7e 0b 4c 41 56 60 b4 ce f8 1e 9c 71 be 21 66 11 5f c9 f6 01 90 00 
<<<<
>>>>
13 75 00 00 00 
00 00 00 00 00 00 03 f1 90 00 
<<<<
>>>>
13 76 00 00 00 
6a f4 e8 69 a7 85 df 0e 7e 0f 92 b7 31 ef fd f6 fb 7c 68 f4 03 92 9e c2 d7 56 df d5 05 a6 d5 b8 90 00 
<<<<
>>>>
13 77 00 00 08 00 00 00 00 00 00 03 f1 
1e 5e ae b6 35 37 08 e6 6b 49 0f e7 7e 0b 4c 41 56 60 b4 ce f8 1e 9c 71 be 21 66 11 5f c9 f6 01 90 00 
<<<<
>>>>
13 75 00 00 00 
00 00 00 00 00 00 03 f2 90 00 
<<<<
>>>>
13 77 00 00 08 00 00 00 00 00 00 03 f2 
6a f4 e8 69 a7 85 df 0e 7e 0f 92 b7 31 ef fd f6 fb 7c 68 f4 03 92 9e c2 d7 56 df d5 05 a6 d5 b8 90 00 
<<<<
>>>>
13 76 00 00 00 
a6 2f 7b a2 45 95 2d 79 9f 31 3e 66 75 e7 a3 bd 09 23 7d 81 d5 09 f1 f9 65 f3 7b 1e 26 06 a1 c6 90 00 
<<<<
>>>>
13 75 00 00 00 
00 00 00 00 00 00 03 f3 90 00 
<<<<
>>>>
13 76 00 00 00 
3f 38 20 fb 02 15 ac 31 72 4c a9 81 54 bd 51 80 e3 c2 f3 6a f4 15 0c 1f 9f fb bf da 69 1b 63 4d 90 00 
<<<<
>>>>
13 77 00 00 08 00 00 00 00 00 00 03 f3 
a6 2f 7b a2 45 95 2d 79 9f 31 3e 66 75 e7 a3 bd 09 23 7d 81 d5 09 f1 f9 65 f3 7b 1e 26 06 a1 c6 90 00 
<<<<
>>>>
13 75 00 00 00 
00 00 00 00 00 00 03 f4 90 00 
<<<<
>>>>
13 77 00 00 08 00 00 00 00 00 00 03 f4 
3f 38 20 fb 02 15 ac 31 72 4c a9 81 54 bd 51 80 e3 c2 f3 6a f4 15 0c 1f 9f fb bf da 69 1b 63 4d 90 00 
<<<<
>>>>
13 76 00 00 00 
e2 a5 d6 9a ab d6 d3 6b d5 f3 21 6a 12 52 34 a5 ab 6a ac a7 d7 3d 11 f7 11 b2 d2 c6 da d6 b9 66 90 00 
<<<<
>>>>
13 75 00 00 00 
00 00 00 00 00 00 03 f5 90 00 
<<<<
>>>>
13 76 00 00 00 
23 6f 73 16 00 9b b9 fe 05 6b fa bf 88 57 b3 b2 fe 5f 56 2b 74 5b 76 85 31 fb 4a a5 a2 7a 93 2d 90 00 
<<<<
>>>>
13 77 00 00 08 00 00 00 00 00 00 03 f5 
e2 a5 d6 9a ab d6 d3 6b d5 f3 21 6a 12 52 34 a5 ab 6a ac a7 d7 3d 11 f7 11 b2 d2 c6 da d6 b9 66 90 00 
<<<<
>>>>
13 75 00 00 00 
00 00 00 00 00 00 03 f6 90 00 
<<<<
>>>>
13 77 00 00 08 00 00 00 00 00 00 03 f6 
23 6f 73 16 00 9b b9 fe 05 6b fa bf 88 57 b3 b2 fe 5f 56 2b 74 5b 76 85 31 fb 4a a5 a2 7a 93 2d 90 00 
<<<<
>>>>
13 76 00 00 00 
9b 1e e7 25 a5 1d bc e5 6a ba bc 1c b3 33 be a1 d5 5e 02 79 c4 66 18 bc df ac 25 ef e9 55 27 cc 90 00 
<<<<
>>>>
13 75 00 00 00 
00 00 00 00 00 00 03 f7 90 00 
<<<<
>>>>
13 76 00 00 00 
73 bd 1d f7 39 9d 05 dd 35 ee 60 20 0a b5 9a 3b 5a 4a e2 1a 1f 00 7e 28 70 cf 1a 30 d1 ae 5b 6a 90 00 
<<<<
>>>>
13 77 00 00 08 00 00 00 00 00 00 03 f7 
9b 1e e7 25 a5 1d bc e5 6a ba bc 1c b3 33 be a1 d5 5e 02 79 c4 66 18 bc df ac 25 ef e9 55 27 cc 90 00 
<<<<
>>>>
13 75 00 00 00 
00 00 00 00 00 00 03 f8 90 00 
<<<<
>>>>
13 77 00 00 08 00 00 00 00 00 00 03 f8 
73 bd 1d f7 39 9d 05 dd 35 ee 60 20 0a b5 9a 3b 5a 4a e2 1a 1f 00 7e 28 70 cf 1a 30 d1 ae 5b 6a 90 00 
<<<<
>>>>
13 76 00 00 00 
1b bc fd f4 22 fa 04 df 04 fc c1 01 dd 45 2e ed 4b 4a 86 16 8c 0b 1c 61 9c 05 7e df 79 41 26 ff 90 00 
<<<<
>>>>
13 75 00 00 00 
00 00 00 00 00 00 03 f9 90 00 
<<<<
>>>>
13 76 00 00 00 
29 99 fa 18 2f a0 58 91 95 41 1b 19 82 03 18 37 78 d0 05 71 3b 05 cb 84 04 ed ae 5d 09 97 94 b0 90 00 
<<<<
>>>>
13 77 00 00 08 00 00 00 00 00 00 03 f9 
1b bc fd f4 22 fa 04 df 04 fc c1 01 dd 45 2e ed 4b 4a 86 16 8c 0b 1c 61 9c 05 7e df 79 41 26 ff 90 00 
<<<<
>>>>
13 75 00 00 00 
00 00 00 00 00 00 03 fa 90 00 
<<<<
>>>>
13 77 00 00 08 00 00 00 00 00 00 03 fa 
29 99 fa 18 2f a0 58 91 95 41 1b 19 82 03 18 37 78 d0 05 71 3b 05 cb 84 04 ed ae 5d 09 97 94 b0 90 00 
<<<<
>>>>
13 76 00 00 00 
22 7c e6 8e 15 8d 46 b4 e2 ec 51 0a a2 24 b6 bd f9 1a f5 23 2d 4a 90 3d e2 18 b8 1e 6c 51 a4 56 90 00 
<<<<
>>>>
13 75 00 00 00 
00 00 00 00 00 00 03 fb 90 00 
<<<<
>>>>
13 76 00 00 00 
5d bb 9d 20 43 ee 45 6a 77 a7 2e 1a f3 69 d7 f3 bf 3e 2d 6b ae e8 a7 56 03 d7 94 b0 8d 79 75 4d 90 00 
<<<<
>>>>
13 77 00 00 08 00 00 00 00 00 00 03 fb 
22 7c e6 8e 15 8d 46 b4 e2 ec 51 0a a2 24 b6 bd f9 1a f5 23 2d 4a 90 3d e2 18 b8 1e 6c 51 a4 56 90 00 
<<<<
>>>>
13 75 00 00 00 
00 00 00 00 00 00 03 fc 90 00 
<<<<
>>>>
13 77 00 00 08 00 00 00 00 00 00 03 fc 
5d bb 9d 20 43 ee 45 6a 77 a7 2e 1a f3 69 d7 f3 bf 3e 2d 6b ae e8 a7 56 03 d7 94 b0 8d 79 75 4d 90 00 
<<<<
>>>>
13 76 00 00 00 
1a b4 27 1b a7 ed fc 08 40 e1 9c a2 c8 dc 5f da b4 40 96 6d 39 ab 49 7b 2e b6 1e 58 ea 7d 67 13 90 00 
<<<<
>>>>
13 75 00 00 00 
00 00 00 00 00 00 03 fd 90 00 
<<<<
>>>>
13 76 00 00 00 
21 61 63 ec 2e a1 05 21 8d 52 ce f8 3d 82 12 f6 b0 80 a3 9d d4 fe f4 e2 69 25 00 30 9b 06 dd 52 90 00 
<<<<
>>>>
13 77 00 00 08 00 00 00 00 00 00 03 fd 
1a b4 27 1b a7 ed fc 08 40 e1 9c a2 c8 dc 5f da b4 40 96 6d 39 ab 49 7b 2e b6 1e 58 ea 7d 67 13 90 00 
<<<<
>>>>
13 75 00 00 00 
00 00 00 00 00 00 03 fe 90 00 
<<<<
>>>>
13 77 00 00 08 00 00 00 00 00 00 03 fe 
21 61 63 ec 2e a1 05 21 8d 52 ce f8 3d 82 12 f6 b0 80 a3 9d d4 fe f4 e2 69 25 00 30 9b 06 dd 52 90 00 
<<<<
>>>>
13 76 00 00 00 
c9 99 ec 7d 15 cf 76 53 83 9b 70 86 ed 91 f6 47 9d c2 2b 6d d9 ec d7 51 c0 89 cc 7e 1a 4d fe 91 90 00 
<<<<
>>>>
13 75 00 00 00 
00 00 00 00 00 00 03 ff 90 00 
<<<<
>>>>
13 76 00 00 00 
c1 da 86 39 42 c8 ea c0 33 04 d4 b9 d6 e2 30 73 8d 8b 7b ca 33 c9 cb f2 fa 0e b7 5d 0f 4e 90 e2 90 00 
<<<<
>>>>
13 77 00 00 08 00 00 00 00 00 00 03 ff 
c9 99 ec 7d 15 cf 76 53 83 9b 70 86 ed 91 f6 47 9d c2 2b 6d d9 ec d7 51 c0 89 cc 7e 1a 4d fe 91 90 00 
<<<<
>>>>
13 75 00 00 00 
00 00 00 00 00 00 04 00 90 00 
<<<<
>>>>
13 77 00 00 08 00 00 00 00 00 00 04 00 
c1 da 86 39 42 c8 ea c0 33 04 d4 b9 d6 e2 30 73 8d 8b 7b ca 33 c9 cb f2 fa 0e b7 5d 0f 4e 90 e2 90 00 
<<<<
>>>>
13 76 00 00 00 
9b 66 26 9a 7d 7a 03 7f e2 ba 0a 57 fd 20 91 d3 e8 e1 cc 0f b5 45 b3 4b f4 bb 23 4d 8f 1d ed 9e 90 00 
<<<<
>>>>
13 75 00 00 00 
00 00 00 00 00 00 04 01 90 00 
<<<<
>>>>
13 76 00 00 00 
3e 62 07 f8 83 a9 9e 8e a7 27 b7 8b c0 f9 39 d8 8c 2a 2f f4 e5 49 73 09 55 1b 6e 99 7e 94 74 6e 90 00 
<<<<
>>>>
13 77 00 00 08 00 00 00 00 00 00 04 01 
9b 66 26 9a 7d 7a 03 7f e2 ba 0a 57 fd 20 91 d3 e8 e1 cc 0f b5 45 b3 4b f4 bb 23 4d 8f 1d ed 9e 90 00 
<<<<
>>>>
13 75 00 00 00 
00 00 00 00 00 00 04 02 90 00 
<<<<
>>>>
13 77 00 00 08 00 00 00 00 00 00 04 02 
3e 62 07 f8 83 a9 9e 8e a7 27 b7 8b c0 f9 39 d8 8c 2a 2f f4 e5 49 73 09 55 1b 6e 99 7e 94 74 6e 90 00 
<<<<
>>>>
13 76 00 00 00 
b4 c5 a7 41 3b 3f f4 d7 98 0b bd d3 23 9b 16 f8 9b 42 b8 6e 4b c5 3a 69 d2 f8 80 15 24 d2 09 70 90 00 
<<<<
>>>>
13 75 00 00 00 
00 00 00 00 00 00 04 03 90 00 
<<<<
>>>>
13 76 00 00 00 
3d d1 e6 cf 2e f6 48 46 98 5d c7 31 c3 8a 7e a5 b0 ae ef 70 e6 f8 54 4c 2e 1e 21 68 5e 7c 6a a4 90 00 
<<<<
>>>>
13 77 00 00 08 00 00 00 00 00 00 04 03 
b4 c5 a7 41 3b 3f f4 d7 98 0b bd d3 23 9b 16 f8 9b 42 b8 6e 4b c5 3a 69 d2 f8 80 15 24 d2 09 70 90 00 
<<<<
>>>>
13 75 00 00 00 
00 00 00 00 00 00 04 04 90 00 
<<<<
>>>>
13 77 00 00 08 00 00 00 00 00 00 04 04 
3d d1 e6 cf 2e f6 48 46 98 5d c7 31 c3 8a 7e a5 b0 ae ef 70 e6 f8 54 4c 2e 1e 21 68 5e 7c 6a a4 90 00 
<<<<
>>>>
13 76 00 00 00 
b8 19 06 ad 1e 33 74 1e ff 9b da e8 5b c3 a4 36 6c 83 0f f2 71 3f ad 39 33 9a 47 e6 b6 d2 d5 52 90 00 
<<<<
>>>>
13 75 00 00 00 
00 00 00 00 00 00 04 05 90 00 
<<<<
>>>>
13 76 00 00 00 
bc 75 39 8b 6e 33 fc 98 22 b3 5b 80 48 58 58 7e 23 b4 81 c8 ae 79 f7 ef b6 c9 45 92 74 3d ad 3d 90 00 
<<<<
>>>>
13 77 00 00 08 00 00 00 00 00 00 04 05 
b8 19 06 ad 1e 33 74 1e ff 9b da e8 5b c3 a4 36 6c 83 0f f2 71 3f ad 39 33 9a 47 e6 b6 d2 d5 52 90 00 
<<<<
>>>>
13 75 00 00 00 
00 00 00 00 00 00 04 06 90 00 
<<<<
>>>>
13 77 00 00 08 00 00 00 00 00 00 04 06 
bc 75 39 8b 6e 33 fc 98 22 b3 5b 80 48 58 58 7e 23 b4 81 c8 ae 79 f7 ef b6 c9 45 92 74 3d ad 3d 90 00 
<<<<
>>>>
13 76 00 00 00 
20 42 80 3f d5 88 a3 36 04 c3 79 62 c5 05 55 f6 4e 60 b2 33 a5 d7 c6 99 bb cd 0d ab 50 b8 63 22 90 00 
<<<<
>>>>
13 75 00 00 00 
00 00 00 00 00 00 04 07 90 00 
<<<<
>>>>
13 76 00 00 00 
c8 50 81 4c ab 33 bf 71 c1 26 c7 cf ac 2d 9e c9 2f 0c b5 38 f1 82 9c 93 d1 49 14 a6 2d 9d 07 70 90 00 
<<<<
>>>>
13 77 00 00 08 00 00 00 00 00 00 04 07 
20 42 80 3f d5 88 a3 36 04 c3 79 62 c5 05 55 f6 4e 60 b2 33 a5 d7 c6 99 bb cd 0d ab 50 b8 63 22 90 00 
<<<<
>>>>
13 75 00 00 00 
00 00 00 00 00 00 04 08 90 00 
<<<<
>>>>
13 77 00 00 08 00 00 00 00 00 00 04 08 
c8 50 81 4c ab 33 bf 71 c1 26 c7 cf ac 2d 9e c9 2f 0c b5 38 f1 82 9c 93 d1 49 14 a6 2d 9d 07 70 90 00 
<<<<
>>>>
13 76 00 00 00 
74 68 1d 9b ec 00 c2 bb b2 78 0e db f8 11 47 f2 ad 30 7a 30 22 64 bf 12 71 fd 1a 34 36 74 56 e2 90 00 
<<<<
>>>>
13 75 00 00 00 
00 00 00 00 00 00 04 09 90 00 
<<<<
>>>>
13 76 00 00 00 
85 43 91 34 91 f7 ab f8 3f 72 31 2b f9 d5 e1 0d 11 7f be 09 57 50 db e8 16 5a 8e 9c 87 09 26 d0 90 00 
<<<<
>>>>
13 77 00 00 08 00 00 00 00 00 00 04 09 
74 68 1d 9b ec 00 c2 bb b2 78 0e db f8 11 47 f2 ad 30 7a 30 22 64 bf 12 71 fd 1a 34 36 74 56 e2 90 00 
<<<<
>>>>
13 75 00 00 00 
00 00 00 00 00 00 04 0a 90 00 
<<<<
>>>>
13 77 00 00 08 00 00 00 00 00 00 04 0a 
85 43 91 34 91 f7 ab f8 3f 72 31 2b f9 d5 e1 0d 11 7f be 09 57 50 db e8 16 5a 8e 9c 87 09 26 d0 90 00 
<<<<
>>>>
13 76 00 00 00 
9f e7 b5 f5 ad 1f 61 99 f1 fb 84 5f d4 bc 58 63 15 70 21 8c e4 df 86 e4 68 43 97 a6 74 5c 98 72 90 00 
<<<<
>>>>
13 75 00 00 00 
00 00 00 00 00 00 04 0b 90 00 
<<<<
>>>>
13 76 00 00 00 
ea 3a 5c d8 4f 0c 52 ab f9 15 d2 ae be ca 54 2e 6c 68 b5 19 53 da bf 25 29 96 c6 a1 5f ef 8e 35 90 00 
<<<<
>>>>
13 77 00 00 08 00 00 00 00 00 00 04 0b 
9f e7 b5 f5 ad 1f 61 99 f1 fb 84 5f d4 bc 58 63 15 70 21 8c e4 df 86 e4 68 43 97 a6 74 5c 98 72 90 00 
<<<<
>>>>
13 75 00 00 00 
00 00 00 00 00 00 04 0c 90 00 
<<<<
>>>>
13 77 00 00 08 00 00 00 00 00 00 04 0c 
ea 3a 5c d8 4f 0c 52 ab f9 15 d2 ae be ca 54 2e 6c 68 b5 19 53 da bf 25 29 96 c6 a1 5f ef 8e 35 90 00 
<<<<
>>>>
13 76 00 00 00 
5d b4 d9 8b 69 54 f0 17 6c f0 aa 69 f1 44 05 bf ff 39 22 cd 48 92 d9 52 e8 ff b7 24 dc 01 08 3e 90 00 
<<<<
>>>>
13 75 00 00 00 
00 00 00 00 00 00 04 0d 90 00 
<<<<
>>>>
13 76 00 00 00 
af e7 89 62 2f e4 88 40 b2 84 e4 67 ce f2 2a b0 e1 17 25 0b 19 42 b4 99 8b 0f eb af 0e 6b 46 a1 90 00 
<<<<
>>>>
13 77 00 00 08 00 00 00 00 00 00 04 0d 
5d b4 d9 8b 69 54 f0 17 6c f0 aa 69 f1 44 05 bf ff 39 22 cd 48 92 d9 52 e8 ff b7 24 dc 01 08 3e 90 00 
<<<<
>>>>
13 75 00 00 00 
00 00 00 00 00 00 04 0e 90 00 
<<<<
>>>>
13 77 00 00 08 00 00 00 00 00 00 04 0e 
af e7 89 62 2f e4 88 40 b2 84 e4 67 ce f2 2a b0 e1 17 25 0b 19 42 b4 99 8b 0f eb af 0e 6b 46 a1 90 00 
<<<<
>>>>
13 76 00 00 00 
bc 94 5a d9 09 bb 39 2d 78 02 77 9f 59 f5 6c 57 70 fd 8d 14 86 49 0f ae e2 2a 16 e7 dc 15 ec 06 90 00 
<<<<
>>>>
13 75 00 00 00 
00 00 00 00 00 00 04 0f 90 00 
<<<<
>>>>
13 76 00 00 00 
5a 72 cb be 63 d5 ce 3b ce a5 da 37 54 03 72 f0 c0 c6 5e a1 f4 de ec 8c e4 8d 3d 37 db 75 4c 28 90 00 
<<<<
>>>>
13 77 00 00 08 00 00 00 00 00 00 04 0f 
bc 94 5a d9 09 bb 39 2d 78 02 77 9f 59 f5 6c 57 70 fd 8d 14 86 49 0f ae e2 2a 16 e7 dc 15 ec 06 90 00 
<<<<
>>>>
13 75 00 00 00 
00 00 00 00 00 00 04 10 90 00 
<<<<
>>>>
13 77 00 00 08 00 00 00 00 00 00 04 10 
5a 72 cb be 63 d5 ce 3b ce a5 da 37 54 03 72 f0 c0 c6 5e a1 f4 de ec 8c e4 8d 3d 37 db 75 4c 28 90 00 
<<<<
>>>>
13 76 00 00 00 
00 7b 89 4c a4 61 ae e7 f0 e2 c9 b2 3f 1f 2d be 62 2a cc 50 f4 57 94 eb 4a 1d 52 b3 5b 5a 24 9e 90 00 
<<<<
>>>>
13 75 00 00 00 
00 00 00 00 00 00 04 11 90 00 
<<<<
>>>>
13 76 00 00 00 
8d 54 94 d1 16 a1 02 3f 54 e9 5f 76 72 d6 5a 7c da 37 07 86 63 39 b2 bb 68 48 cc b0 e5 c4 50 74 90 00 
<<<<
>>>>
13 77 00 00 08 00 00 00 00 00 00 04 11 
00 7b 89 4c a4 61 ae e7 f0 e2 c9 b2 3f 1f 2d be 62 2a cc 50 f4 57 94 eb 4a 1d 52 b3 5b 5a 24 9e 90 00 
<<<<
>>>>
13 75 00 00 00 
00 00 00 00 00 00 04 12 90 00 
<<<<
>>>>
13 77 00 00 08 00 00 00 00 00 00 04 12 
8d 54 94 d1 16 a1 02 3f 54 e9 5f 76 72 d6 5a 7c da 37 07 86 63 39 b2 bb 68 48 cc b0 e5 c4 50 74 90 00 
<<<<
>>>>
13 76 00 00 00 
6c 9b c1 7a 70 74 03 10 10 bd 93 1e 3e e9 04 65 e5 09 ac 5a a4 ab be 66 c0 0d 79 73 39 a0 f8 53 90 00 
<<<<
>>>>
13 75 00 00 00 
00 00 00 00 00 00 04 13 90 00 
<<<<
>>>>
13 76 00 00 00 
2b 1e 20 51 cf 6a 88 de ec ca 91 d0 8d f4 45 4a c3 1c b6 9a 9e 97 79 b5 8a 1c 7c 7f d0 5b 5a 62 90 00 
<<<<
>>>>
13 77 00 00 08 00 00 00 00 00 00 04 13 
6c 9b c1 7a 70 74 03 10 10 bd 93 1e 3e e9 04 65 e5 09 ac 5a a4 ab be 66 c0 0d 79 73 39 a0 f8 53 90 00 
<<<<
>>>>
13 75 00 00 00 
00 00 00 00 00 00 04 14 90 00 
<<<<
>>>>
13 77 00 00 08 00 00 00 00 00 00 04 14 
2b 1e 20 51 cf 6a 88 de ec ca 91 d0 8d f4 45 4a c3 1c b6 9a 9e 97 79 b5 8a 1c 7c 7f d0 5b 5a 62 90 00 
<<<<
>>>>
13 76 00 00 00 
bf 17 75 60 be 29 22 c7 37 3b 0b 48 6c 37 82 d5 a5 bd 62 ac 10 05 93 58 fb 6f c9 38 bc a9 37 a1 90 00 
<<<<
>>>>
13 75 00 00 00 
00 00 00 00 00 00 04 15 90 00 
<<<<
>>>>
13 76 00 00 00 
44 fe bb 7e ce 01 a7 98 b1 0b 34 9f 97 a2 f0 fa fa 93 7a 0c 9a a5 46 bd 3f a1 86 a6 c9 65 20 fd 90 00 
<<<<
>>>>
13 77 00 00 08 00 00 00 00 00 00 04 15 
bf 17 75 60 be 29 22 c7 37 3b 0b 48 6c 37 82 d5 a5 bd 62 ac 10 05 93 58 fb 6f c9 38 bc a9 37 a1 90 00 
<<<<
>>>>
13 75 00 00 00 
00 00 00 00 00 00 04 16 90 00 
<<<<
>>>>
13 77 00 00 08 00 00 00 00 00 00 04 16 
44 fe bb 7e ce 01 a7 98 b1 0b 34 9f 97 a2 f0 fa fa 93 7a 0c 9a a5 46 bd 3f a1 86 a6 c9 65 20 fd 90 00 
<<<<
>>>>
13 76 00 00 00 
17 4c 87 05 58 3d 58 07 f0 af 9d d1 83 b1 ec db a0 4c 82 ca ea a8 6a c2 28 de f8 d1 8a da 8a 79 90 00 
<<<<
>>>>
13 75 00 00 00 
00 00 00 00 00 00 04 17 90 00 
<<<<
>>>>
13 76 00 00 00 
f5 8a 8a fd de 7e 48 e9 da 3a de e9 88 98 4b 43 17 db ed 12 62 ce 1c d3 45 50 10 12 bd f4 de bf 90 00 
<<<<
>>>>
13 77 00 00 08 00 00 00 00 00 00 04 17 
17 4c 87 05 58 3d 58 07 f0 af 9d d1 83 b1 ec db a0 4c 82 ca ea a8 6a c2 28 de f8 d1 8a da 8a 79 90 00 
<<<<
>>>>
13 75 00 00 00 
00 00 00 00 00 00 04 18 90 00 
<<<<
>>>>
13 77 00 00 08 00 00 00 00 00 00 04 18 
f5 8a 8a fd de 7e 48 e9 da 3a de e9 88 98 4b 43 17 db ed 12 62 ce 1c d3 45 50 10 12 bd f4 de bf 90 00 
<<<<
>>>>
13 76 00 00 00 
63 ef c2 d7 ac 8d ca 97 a4 bf 58 87 95 c5 fc 6f 3b 57 47 76 b2 2c ec b8 0f 8a 8f 58 b8 97 72 10 90 00 
<<<<
>>>>
13 75 00 00 00 
00 00 00 00 00 00 04 19 90 00 
<<<<
>>>>
13 76 00 00 00 
c0 20 96 b2 91 47 fd 59 8a b3 ee 91 00 ae a1 60 88 39 5b 0e c2 ff 2f 21 7c c7 e9 a6 79 7a b4 0f 90 00 
<<<<
>>>>
13 77 00 00 08 00 00 00 00 00 00 04 19 
63 ef c2 d7 ac 8d ca 97 a4 bf 58 87 95 c5 fc 6f 3b 57 47 76 b2 2c ec b8 0f 8a 8f 58 b8 97 72 10 90 00 
<<<<
>>>>
13 75 00 00 00 
00 00 00 00 00 00 04 1a 90 00 
<<<<
>>>>
13 77 00 00 08 00 00 00 00 00 00 04 1a 
c0 20 96 b2 91 47 fd 59 8a b3 ee 91 00 ae a1 60 88 39 5b 0e c2 ff 2f 21 7c c7 e9 a6 79 7a b4 0f 90 00 
<<<<
>>>>
13 76 00 00 00 
14 63 cd 82 68 b3 86 85 d7 03 73 6e f7 5f 51 ff 34 0d 7b 26 0f 29 a7 b3 20 5a 9e 3e e2 72 6f f3 90 00 
<<<<
>>>>
13 75 00 00 00 
00 00 00 00 00 00 04 1b 90 00 
<<<<
>>>>
13 76 00 00 00 
3d f7 d0 5d 5d 6c 3f 98 13 02 3e b9 a4 e5 34 e4 50 05 e6 5f e2 c6 e7 e8 f8 ea b5 d1 64 4d 32 5a 90 00 
<<<<
>>>>
13 77 00 00 08 00 00 00 00 00 00 04 1b 
14 63 cd 82 68 b3 86 85 d7 03 73 6e f7 5f 51 ff 34 0d 7b 26 0f 29 a7 b3 20 5a 9e 3e e2 72 6f f3 90 00 
<<<<
>>>>
13 75 00 00 00 
00 00 00 00 00 00 04 1c 90 00 
<<<<
>>>>
13 77 00 00 08 00 00 00 00 00 00 04 1c 
3d f7 d0 5d 5d 6c 3f 98 13 02 3e b9 a4 e5 34 e4 50 05 e6 5f e2 c6 e7 e8 f8 ea b5 d1 64 4d 32 5a 90 00 
<<<<
>>>>
13 76 00 00 00 
d6 3b 28 62 f0 db db 66 de 94 8c bd 9e 2f d4 83 11 67 14 35 b3 6d d2 d6 9e b4 1a b6 47 7d a0 8f 90 00 
<<<<
>>>>
13 75 00 00 00 
00 00 00 00 00 00 04 1d 90 00 
<<<<
>>>>
13 76 00 00 00 
d6 45 6a 33 a1 20 14 ba 32 02 13 7e 93 f8 8e f7 2d ec 82 4f ff d7 b3 d2 f2 1a db ba 09 6d b8 45 90 00 
<<<<
>>>>
13 77 00 00 08 00 00 00 00 00 00 04 1d 
d6 3b 28 62 f0 db db 66 de 94 8c bd 9e 2f d4 83 11 67 14 35 b3 6d d2 d6 9e b4 1a b6 47 7d a0 8f 90 00 
<<<<
>>>>
13 75 00 00 00 
00 00 00 00 00 00 04 1e 90 00 
<<<<
>>>>
13 77 00 00 08 00 00 00 00 00 00 04 1e 
d6 45 6a 33 a1 20 14 ba 32 02 13 7e 93 f8 8e f7 2d ec 82 4f ff d7 b3 d2 f2 1a db ba 09 6d b8 45 90 00 
<<<<
>>>>
13 76 00 00 00 
53 0f 2d d4 54 c4 07 74 79 b6 39 59 3b 55 31 09 87 fb f7 ca a0 48 07 93 26 25 b3 9a 49 32 e8 d5 90 00 
<<<<
>>>>
13 75 00 00 00 
00 00 00 00 00 00 04 1f 90 00 
<<<<
>>>>
13 76 00 00 00 
6b ae 9c 0d 9c 88 6c ce 71 86 60 64 62 31 ec a0 34 2a c7 0a 11 cc 15 36 a9 6b f3 a1 75 f2 50 95 90 00 
<<<<
>>>>
13 77 00 00 08 00 00 00 00 00 00 04 1f 
53 0f 2d d4 54 c4 07 74 79 b6 39 59 3b 55 31 09 87 fb f7 ca a0 48 07 93 26 25 b3 9a 49 32 e8 d5 90 00 
<<<<
>>>>
13 75 00 00 00 
00 00 00 00 00 00 04 20 90 00 
<<<<
>>>>
13 77 00 00 08 00 00 00 00 00 00 04 20 
6b ae 9c 0d 9c 88 6c ce 71 86 60 64 62 31 ec a0 34 2a c7 0a 11 cc 15 36 a9 6b f3 a1 75 f2 50 95 90 00 
<<<<
>>>>
13 76 00 00 00 
fb 1a ff 50 eb 4f d8 82 d0 f3 6e ff 70 ca d4 e1 7a 5e a1 b7 59 f7 0b c8 09 93 da 48 e8 8d 07 6c 90 00 
<<<<
>>>>
13 75 00 00 00 
00 00 00 00 00 00 04 21 90 00 
<<<<
>>>>
13 76 00 00 00 
cb 49 f5 52 3f be 70 b5 9e a4 c4 26 c5 bf 6c a8 24 26 e7 71 0f d1 d1 e4 6c f1 e5 a8 d9 c1 d4 fa 90 00 
<<<<
>>>>
13 77 00 00 08 00 00 00 00 00 00 04 21 
fb 1a ff 50 eb 4f d8 82 d0 f3 6e ff 70 ca d4 e1 7a 5e a1 b7 59 f7 0b c8 09 93 da 48 e8 8d 07 6c 90 00 
<<<<
>>>>
13 75 00 00 00 
00 00 00 00 00 00 04 22 90 00 
<<<<
>>>>
13 77 00 00 08 00 00 00 00 00 00 04 22 
cb 49 f5 52 3f be 70 b5 9e a4 c4 26 c5 bf 6c a8 24 26 e7 71 0f d1 d1 e4 6c f1 e5 a8 d9 c1 d4 fa 90 00 
<<<<
>>>>
13 76 00 00 00 
18 02 37 83 fc 30 98 df af c7 7a 34 e4 80 b5 86 64 59 64 44 fd 80 3f a2 3d f3 9f 59 ae a3 fa e0 90 00 
<<<<
>>>>
13 75 00 00 00 
00 00 00 00 00 00 04 23 90 00 
<<<<
>>>>
13 76 00 00 00 
6a ed 35 7e 9e 7a ca 80 4a 92 b8 b0 45 be 45 48 63 bb 34 0e ed 2f 7a 8d 06 21 57 43 0b 67 ba 27 90 00 
<<<<
>>>>
13 77 00 00 08 00 00 00 00 00 00 04 23 
18 02 37 83 fc 30 98 df af c7 7a 34 e4 80 b5 86 64 59 64 44 fd 80 3f a2 3d f3 9f 59 ae a3 fa e0 90 00 
<<<<
>>>>
13 75 00 00 00 
00 00 00 00 00 00 04 24 90 00 
<<<<
>>>>
13 77 00 00 08 00 00 00 00 00 00 04 24 
6a ed 35 7e 9e 7a ca 80 4a 92 b8 b0 45 be 45 48 63 bb 34 0e ed 2f 7a 8d 06 21 57 43 0b 67 ba 27 90 00 
<<<<
>>>>
13 76 00 00 00 
ea 95 57 67 d3 13 82 31 e3 06 13 52 f3 92 77 e2 9f b5 bb a4 91 50 c0 f0 1c c6 07 e2 e6 be 8c 13 90 00 
<<<<
>>>>
13 75 00 00 00 
00 00 00 00 00 00 04 25 90 00 
<<<<
>>>>
13 76 00 00 00 
73 33 fd 3b d6 98 a8 79 d0 f1 b6 4f b4 bd b8 26 e5 13 03 5c ff eb 5c a9 9c 7f c6 ef 1a c4 fe 3e 90 00 
<<<<
>>>>
13 77 00 00 08 00 00 00 00 00 00 04 25 
ea 95 57 67 d3 13 82 31 e3 06 13 52 f3 92 77 e2 9f b5 bb a4 91 50 c0 f0 1c c6 07 e2 e6 be 8c 13 90 00 
<<<<
>>>>
13 75 00 00 00 
00 00 00 00 00 00 04 26 90 00 
<<<<
>>>>
13 77 00 00 08 00 00 00 00 00 00 04 26 
73 33 fd 3b d6 98 a8 79 d0 f1 b6 4f b4 bd b8 26 e5 13 03 5c ff eb 5c a9 9c 7f c6 ef 1a c4 fe 3e 90 00 
<<<<
>>>>
13 76 00 00 00 
4c eb 3e 73 db ea 3e 9c e8 9d 82 c0 8c ae 28 51 f5 50 71 f1 3f bc 65 d4 5d 46 7c 72 6e 5d e8 76 90 00 
<<<<
>>>>
13 75 00 00 00 
00 00 00 00 00 00 04 27 90 00 
<<<<
>>>>
13 76 00 00 00 
2b 4d 92 8a ed d9 69 bf f7 6c 3e d5 23 6e ee f8 61 d4 89 f5 dc 1e c6 f8 4d b2 79 16 d2 e9 49 8e 90 00 
<<<<
>>>>
13 77 00 00 08 00 00 00 00 00 00 04 27 
4c eb 3e 73 db ea 3e 9c e8 9d 82 c0 8c ae 28 51 f5 50 71 f1 3f bc 65 d4 5d 46 7c 72 6e 5d e8 76 90 00 
<<<<
>>>>
13 75 00 00 00 
00 00 00 00 00 00 04 28 90 00 
<<<<
>>>>
13 77 00 00 08 00 00 00 00 00 00 04 28 
2b 4d 92 8a ed d9 69 bf f7 6c 3e d5 23 6e ee f8 61 d4 89 f5 dc 1e c6 f8 4d b2 79 16 d2 e9 49 8e 90 00 
<<<<
>>>>
13 76 00 00 00 
e3 cc 89 5e 39 43 fe 46 26 bb 67 24 d2 35 75 1d a9 2a 75 cd 1b 34 71 26 8c e8 62 18 16 41 32 22 90 00 
<<<<
>>>>
13 75 00 00 00 
00 00 00 00 00 00 04 29 90 00 
<<<<
>>>>
13 76 00 00 00 
66 eb 29 73 1c 51 1c 97 b9 53 b6 df 77 a2 2a b2 d8 2f 4f 50 ee a8 e6 29 d1 41 be d3 a2 72 3a 33 90 00 
<<<<
>>>>
13 77 00 00 08 00 00 00 00 00 00 04 29 
e3 cc 89 5e 39 43 fe 46 26 bb 67 24 d2 35 75 1d a9 2a 75 cd 1b 34 71 26 8c e8 62 18 16 41 32 22 90 00 
<<<<
>>>>
13 75 00 00 00 
00 00 00 00 00 00 04 2a 90 00 
<<<<
>>>>
13 77 00 00 08 00 00 00 00 00 00 04 2a 
66 eb 29 73 1c 51 1c 97 b9 53 b6 df 77 a2 2a b2 d8 2f 4f 50 ee a8 e6 29 d1 41 be d3 a2 72 3a 33 90 00 
<<<<
>>>>
13 76 00 00 00 
24 df 03 2c 99 d4 1b 8a 30 15 f4 46 0d b2 6f 95 9d 28 eb 4e e5 ab 57 21 70 ce 9c e3 9d a1 1c 99 90 00 
<<<<
>>>>
13 75 00 00 00 
00 00 00 00 00 00 04 2b 90 00 
<<<<
>>>>
13 76 00 00 00 
d9 72 72 99 7f 7f 82 5e 5a aa 11 b4 b3 b8 a2 ff b6 0c 5c 1a 5f 0e 34 54 75 96 bc 99 06 61 a6 17 90 00 
<<<<
>>>>
13 77 00 00 08 00 00 00 00 00 00 04 2b 
24 df 03 2c 99 d4 1b 8a 30 15 f4 46 0d b2 6f 95 9d 28 eb 4e e5 ab 57 21 70 ce 9c e3 9d a1 1c 99 90 00 
<<<<
>>>>
13 75 00 00 00 
00 00 00 00 00 00 04 2c 90 00 
<<<<
>>>>
13 77 00 00 08 00 00 00 00 00 00 04 2c 
d9 72 72 99 7f 7f 82 5e 5a aa 11 b4 b3 b8 a2 ff b6 0c 5c 1a 5f 0e 34 54 75 96 bc 99 06 61 a6 17 90 00 
<<<<
>>>>
13 76 00 00 00 
e8 2f e8 c5 c0 a8 42 fc 98 af 06 28 5d 65 b3 43 18 da a9 dc 2b f0 01 f4 c3 aa 74 03 fd d5 23 f9 90 00 
<<<<
>>>>
13 75 00 00 00 
00 00 00 00 00 00 04 2d 90 00 
<<<<
>>>>
13 76 00 00 00 
86 6f 32 6c 27 41 d7 c8 d9 32 c1 90 bd 9a 40 da b7 88 2c 83 d6 8c 7c 31 87 5a 8c 22 03 46 d2 87 90 00 
<<<<
>>>>
13 77 00 00 08 00 00 00 00 00 00 04 2d 
e8 2f e8 c5 c0 a8 42 fc 98 af 06 28 5d 65 b3 43 18 da a9 dc 2b f0 01 f4 c3 aa 74 03 fd d5 23 f9 90 00 
<<<<
>>>>
13 75 00 00 00 
00 00 00 00 00 00 04 2e 90 00 
<<<<
>>>>
13 77 00 00 08 00 00 00 00 00 00 04 2e 
86 6f 32 6c 27 41 d7 c8 d9 32 c1 90 bd 9a 40 da b7 88 2c 83 d6 8c 7c 31 87 5a 8c 22 03 46 d2 87 90 00 
<<<<
>>>>
13 76 00 00 00 
d2 64 02 23 ff 80 87 e2 75 bb f4 72 21 49 65 c0 87 7c d0 ed 14 17 b6 44 52 85 d3 5d 17 84 1b 5b 90 00 
<<<<
>>>>
13 75 00 00 00 
00 00 00 00 00 00 04 2f 90 00 
<<<<
>>>>
13 76 00 00 00 
5e 21 47 9d 4f c4 ae 0b f8 47 31 a5 8d b7 69 33 42 92 f6 74 a3 a3 16 1d 63 6c 33 80 32 85 96 e7 90 00 
<<<<
>>>>
13 77 00 00 08 00 00 00 00 00 00 04 2f 
d2 64 02 23 ff 80 87 e2 75 bb f4 72 21 49 65 c0 87 7c d0 ed 14 17 b6 44 52 85 d3 5d 17 84 1b 5b 90 00 
<<<<
>>>>
13 75 00 00 00 
00 00 00 00 00 00 04 30 90 00 
<<<<
>>>>
13 77 00 00 08 00 00 00 00 00 00 04 30 
5e 21 47 9d 4f c4 ae 0b f8 47 31 a5 8d b7 69 33 42 92 f6 74 a3 a3 16 1d 63 6c 33 80 32 85 96 e7 90 00 
<<<<
>>>>
13 76 00 00 00 
57 41 22 e1 b1 e9 55 6c c3 49 36 f7 42 5e 0c b3 a2 71 8c 76 55 64 98 d2 c1 74 28 63 41 66 d3 54 90 00 
<<<<
>>>>
13 75 00 00 00 
00 00 00 00 00 00 04 31 90 00 
<<<<
>>>>
13 76 00 00 00 
b9 c7 f0 c8 c8 ae 1f bb ee 6d 6f 82 99 bd 6e 4c 32 70 f1 75 ab 74 75 a9 a6 bd a7 4b 0d 44 17 7e 90 00 
<<<<
>>>>
13 77 00 00 08 00 00 00 00 00 00 04 31 
57 41 22 e1 b1 e9 55 6c c3 49 36 f7 42 5e 0c b3 a2 71 8c 76 55 64 98 d2 c1 74 28 63 41 66 d3 54 90 00 
<<<<
>>>>
13 75 00 00 00 
00 00 00 00 00 00 04 32 90 00 
<<<<
>>>>
13 77 00 00 08 00 00 00 00 00 00 04 32 
b9 c7 f0 c8 c8 ae 1f bb ee 6d 6f 82 99 bd 6e 4c 32 70 f1 75 ab 74 75 a9 a6 bd a7 4b 0d 44 17 7e 90 00 
<<<<
>>>>
13 76 00 00 00 
59 e6 2d 7f 52 57 82 fc 47 62 a4 3b c9 d5 9e 62 66 65 87 52 44 76 6b 0e d6 19 a1 ba a4 90 ae f3 90 00 
<<<<
>>>>
13 75 00 00 00 
00 00 00 00 00 00 04 33 90 00 
<<<<
>>>>
13 76 00 00 00 
63 1a 93 0b 4a 3b 6f d0 42 dc 09 dd e8 f9 d6 9a 7c a5 3f 27 5c da 1d 23 04 df 5a 9a 10 43 78 04 90 00 
<<<<
>>>>
13 77 00 00 08 00 00 00 00 00 00 04 33 
59 e6 2d 7f 52 57 82 fc 47 62 a4 3b c9 d5 9e 62 66 65 87 52 44 76 6b 0e d6 19 a1 ba a4 90 ae f3 90 00 
<<<<
>>>>
13 75 00 00 00 
00 00 00 00 00 00 04 34 90 00 
<<<<
>>>>
13 77 00 00 08 00 00 00 00 00 00 04 34 
63 1a 93 0b 4a 3b 6f d0 42 dc 09 dd e8 f9 d6 9a 7c a5 3f 27 5c da 1d 23 04 df 5a 9a 10 43 78 04 90 00 
<<<<
>>>>
13 76 00 00 00 
55 8b 58 b6 b2 a2 34 9f 50 fc ed 4c 04 a2 72 2b f2 b5 29 1f 8b 1c 40 4c 7d b1 d6 cf c0 a2 09 f5 90 00 
<<<<
>>>>
13 75 00 00 00 
00 00 00 00 00 00 04 35 90 00 
<<<<
>>>>
13 76 00 00 00 
55 dc 83 46 d7 99 59 c1 ec 82 44 25 b8 fd 55 26 05 6b df b5 60 84 a9 1b a8 31 ce 6b 18 92 35 6d 90 00 
<<<<
>>>>
13 77 00 00 08 00 00 00 00 00 00 04 35 
55 8b 58 b6 b2 a2 34 9f 50 fc ed 4c 04 a2 72 2b f2 b5 29 1f 8b 1c 40 4c 7d b1 d6 cf c0 a2 09 f5 90 00 
<<<<
>>>>
13 75 00 00 00 
00 00 00 00 00 00 04 36 90 00 
<<<<
>>>>
13 77 00 00 08 00 00 00 00 00 00 04 36 
55 dc 83 46 d7 99 59 c1 ec 82 44 25 b8 fd 55 26 05 6b df b5 60 84 a9 1b a8 31 ce 6b 18 92 35 6d 90 00 
<<<<
>>>>
13 76 00 00 00 
ef 28 11 42 f0 45 79 7b 4a 67 a4 73 b4 dd a3 54 63 c7 0f 29 bb 61 e8 d5 82 04 6b da 72 0c 3d e6 90 00 
<<<<
>>>>
13 75 00 00 00 
00 00 00 00 00 00 04 37 90 00 
<<<<
>>>>
13 76 00 00 00 
8a 1c 44 f6 29 6e 58 46 55 49 89 4b 84 34 b9 36 5e 43 71 20 65 cc dd 03 74 ed 60 51 f4 3c 5d de 90 00 
<<<<
>>>>
13 77 00 00 08 00 00 00 00 00 00 04 37 
ef 28 11 42 f0 45 79 7b 4a 67 a4 73 b4 dd a3 54 63 c7 0f 29 bb 61 e8 d5 82 04 6b da 72 0c 3d e6 90 00 
<<<<
>>>>
13 75 00 00 00 
00 00 00 00 00 00 04 38 90 00 
<<<<
>>>>
13 77 00 00 08 00 00 00 00 00 00 04 38 
8a 1c 44 f6 29 6e 58 46 55 49 89 4b 84 34 b9 36 5e 43 71 20 65 cc dd 03 74 ed 60 51 f4 3c 5d de 90 00 
<<<<
>>>>
13 76 00 00 00 
84 47 9a 5e f6 dc 9b 5a 6c 7c 38 3f f0 46 de f2 06 1f 96 a5 0e 20 99 d5 46 c5 f2 82 c2 1a 9c d9 90 00 
<<<<
>>>>
13 75 00 00 00 
00 00 00 00 00 00 04 39 90 00 
<<<<
>>>>
13 76 00 00 00 
26 68 83 da a8 52 b8 31 e3 36 a7 e2 6a f1 0d d9 df 0a ad 1f 9b 5d 85 16 32 ec f7 7c 66 94 a7 b5 90 00 
<<<<
>>>>
13 77 00 00 08 00 00 00 00 00 00 04 39 
84 47 9a 5e f6 dc 9b 5a 6c 7c 38 3f f0 46 de f2 06 1f 96 a5 0e 20 99 d5 46 c5 f2 82 c2 1a 9c d9 90 00 
<<<<
>>>>
13 75 00 00 00 
00 00 00 00 00 00 04 3a 90 00 
<<<<
>>>>
13 77 00 00 08 00 00 00 00 00 00 04 3a 
26 68 83 da a8 52 b8 31 e3 36 a7 e2 6a f1 0d d9 df 0a ad 1f 9b 5d 85 16 32 ec f7 7c 66 94 a7 b5 90 00 
<<<<
>>>>
13 76 00 00 00 
ff db 3b 7a 18 89 b3 aa 81 e1 c5 88 1f 46 49 d3 3b 0d 63 e6 91 2c 70 72 e9 d4 0f 2e 06 8f a5 0c 90 00 
<<<<
>>>>
13 75 00 00 00 
00 00 00 00 00 00 04 3b 90 00 
<<<<
>>>>
13 76 00 00 00 
f8 78 57 8a 58 39 db 51 27 0d 02 b8 c0 c9 a0 a4 93 5d 75 df 94 b5 7d da 6a 97 5c 58 1e e1 fc c4 90 00 
<<<<
>>>>
13 77 00 00 08 00 00 00 00 00 00 04 3b 
ff db 3b 7a 18 89 b3 aa 81 e1 c5 88 1f 46 49 d3 3b 0d 63 e6 91 2c 70 72 e9 d4 0f 2e 06 8f a5 0c 90 00 
<<<<
>>>>
13 75 00 00 00 
00 00 00 00 00 00 04 3c 90 00 
<<<<
>>>>
13 77 00 00 08 00 00 00 00 00 00 04 3c 
f8 78 57 8a 58 39 db 51 27 0d 02 b8 c0 c9 a0 a4 93 5d 75 df 94 b5 7d da 6a 97 5c 58 1e e1 fc c4 90 00 
<<<<
>>>>
13 76 00 00 00 
6b 28 ff 86 ad 28 21 b3 46 f8 92 23 85 00 d7 71 b3 47 2e dd 9a 11 a6 d3 08 cd 6a 4a d0 1c be 3c 90 00 
<<<<
>>>>
13 75 00 00 00 
00 00 00 00 00 00 04 3d 90 00 
<<<<
>>>>
13 76 00 00 00 
4d 09 b6 86 f7 ec 69 76 fc 02 a2 b8 ce 3e 19 4d 79 82 e9 fe 37 c4 d1 40 f9 1e 41 cd b2 e2 8e 6b 90 00 
<<<<
>>>>
13 77 00 00 08 00 00 00 00 00 00 04 3d 
6b 28 ff 86 ad 28 21 b3 46 f8 92 23 85 00 d7 71 b3 47 2e dd 9a 11 a6 d3 08 cd 6a 4a d0 1c be 3c 90 00 
<<<<
>>>>
13 75 00 00 00 
00 00 00 00 00 00 04 3e 90 00 
<<<<
>>>>
13 77 00 00 08 00 00 00 00 00 00 04 3e 
4d 09 b6 86 f7 ec 69 76 fc 02 a2 b8 ce 3e 19 4d 79 82 e9 fe 37 c4 d1 40 f9 1e 41 cd b2 e2 8e 6b 90 00 
<<<<
>>>>
13 76 00 00 00 
a8 dc ff 3d 59 b6 94 7a 27 e2 03 da 08 eb d3 e9 5a 74 7d 63 91 8b e2 60 fe 10 a8 09 12 24 bb 2c 90 00 
<<<<
>>>>
13 75 00 00 00 
00 00 00 00 00 00 04 3f 90 00 
<<<<
>>>>
13 76 00 00 00 
e6 b9 8d d5 8a cd de 00 15 9b d0 69 de 2f 21 bf 15 c2 d5 4e b8 f5 9b d1 4d 43 7c f4 a8 fa e7 c1 90 00 
<<<<
>>>>
13 77 00 00 08 00 00 00 00 00 00 04 3f 
a8 dc ff 3d 59 b6 94 7a 27 e2 03 da 08 eb d3 e9 5a 74 7d 63 91 8b e2 60 fe 10 a8 09 12 24 bb 2c 90 00 
<<<<
>>>>
13 75 00 00 00 
00 00 00 00 00 00 04 40 90 00 
<<<<
>>>>
13 77 00 00 08 00 00 00 00 00 00 04 40 
e6 b9 8d d5 8a cd de 00 15 9b d0 69 de 2f 21 bf 15 c2 d5 4e b8 f5 9b d1 4d 43 7c f4 a8 fa e7 c1 90 00 
<<<<
>>>>
13 76 00 00 00 
12 29 87 c5 0a e1 b9 15 c6 04 fb 6e 5c 94 c9 94 67 6f cf 01 4d 8e 61 8d 3c 47 63 f0 34 39 69 47 90 00 
<<<<
>>>>
13 75 00 00 00 
00 00 00 00 00 00 04 41 90 00 
<<<<
>>>>
13 76 00 00 00 
b9 0f 7a b0 89 bc f8 b9 d8 2b 65 c4 63 ff e4 38 f2 ff 59 e4 25 b0 54 58 61 f5 cd 88 8a bf ca 83 90 00 
<<<<
>>>>
13 77 00 00 08 00 00 00 00 00 00 04 41 
12 29 87 c5 0a e1 b9 15 c6 04 fb 6e 5c 94 c9 94 67 6f cf 01 4d 8e 61 8d 3c 47 63 f0 34 39 69 47 90 00 
<<<<
>>>>
13 75 00 00 00 
00 00 00 00 00 00 04 42 90 00 
<<<<
>>>>
13 77 00 00 08 00 00 00 00 00 00 04 42 
b9 0f 7a b0 89 bc f8 b9 d8 2b 65 c4 63 ff e4 38 f2 ff 59 e4 25 b0 54 58 61 f5 cd 88 8a bf ca 83 90 00 
<<<<
>>>>
13 76 00 00 00 
02 16 a7 0c 03 7b d1 56 ca ea e6 c8 84 e6 eb 24 c5 99 6a c4 0d 19 d0 3e a9 f7 53 41 67 c3 f2 37 90 00 
<<<<
>>>>
13 75 00 00 00 
00 00 00 00 00 00 04 43 90 00 
<<<<
>>>>
13 76 00 00 00 
9b 12 d7 70 39 05 e1 9c 03 2a c2 ba a8 7b 3b ac 0c 2b 25 5e 46 a6 11 1c c4 2d 41 c3 35 e7 3a 6b 90 00 
<<<<
>>>>
13 77 00 00 08 00 00 00 00 00 00 04 43 
02 16 a7 0c 03 7b d1 56 ca ea e6 c8 84 e6 eb 24 c5 99 6a c4 0d 19 d0 3e a9 f7 53 41 67 c3 f2 37 90 00 
<<<<
>>>>
13 75 00 00 00 
00 00 00 00 00 00 04 44 90 00 
<<<<
>>>>
13 77 00 00 08 00 00 00 00 00 00 04 44 
9b 12 d7 70 39 05 e1 9c 03 2a c2 ba a8 7b 3b ac 0c 2b 25 5e 46 a6 11 1c c4 2d 41 c3 35 e7 3a 6b 90 00 
<<<<
>>>>
13 76 00 00 00 
53 22 13 6a 25 c5 9c f8 13 e9 d4 76 73 e0 d1 1a 18 9e ae 62 bc 23 a2 5f 5f 77 b7 d4 25 e1 7b 33 90 00 
<<<<
>>>>
13 75 00 00 00 
00 00 00 00 00 00 04 45 90 00 
<<<<
>>>>
13 76 00 00 00 
c7 3e e8 d8 0c c9 ab ad 11 e7 c5 55 cc a9 ac 62 3a 63 0c e3 23 df 01 f6 ce 55 d4 ee af 5c 81 b8 90 00 
<<<<
>>>>
13 77 00 00 08 00 00 00 00 00 00 04 45 
53 22 13 6a 25 c5 9c f8 13 e9 d4 76 73 e0 d1 1a 18 9e ae 62 bc 23 a2 5f 5f 77 b7 d4 25 e1 7b 33 90 00 
<<<<
>>>>
13 75 00 00 00 
00 00 00 00 00 00 04 46 90 00 
<<<<
>>>>
13 77 00 00 08 00 00 00 00 00 00 04 46 
c7 3e e8 d8 0c c9 ab ad 11 e7 c5 55 cc a9 ac 62 3a 63 0c e3 23 df 01 f6 ce 55 d4 ee af 5c 81 b8 90 00 
<<<<
>>>>
13 76 00 00 00 
3d 2b 3c ac 07 c3 2d 61 3d a2 04 2b 57 62 23 07 93 c1 a8 91 50 f6 42 f9 6b 15 a3 76 7c b1 1c 7a 90 00 
<<<<
>>>>
13 75 00 00 00 
00 00 00 00 00 00 04 47 90 00 
<<<<
>>>>
13 76 00 00 00 
0d 8f 24 b0 63 79 28 1f aa 5c 46 f5 d7 cc cc f3 74 e6 59 f8 7f 25 f4 48 fd a8 96 7c 1b d6 94 0d 90 00 
<<<<
>>>>
13 77 00 00 08 00 00 00 00 00 00 04 47 
3d 2b 3c ac 07 c3 2d 61 3d a2 04 2b 57 62 23 07 93 c1 a8 91 50 f6 42 f9 6b 15 a3 76 7c b1 1c 7a 90 00 
<<<<
>>>>
13 75 00 00 00 
00 00 00 00 00 00 04 48 90 00 
<<<<
>>>>
13 77 00 00 08 00 00 00 00 00 00 04 48 
0d 8f 24 b0 63 79 28 1f aa 5c 46 f5 d7 cc cc f3 74 e6 59 f8 7f 25 f4 48 fd a8 96 7c 1b d6 94 0d 90 00 
<<<<
>>>>
13 76 00 00 00 
03 61 08 c7 94 de 4e 55 dd 30 a4 c0 2a 58 42 a7 fa 93 28 13 f3 6f 6a f8 f8 ea ba 08 95 90 be 87 90 00 
<<<<
>>>>
13 75 00 00 00 
00 00 00 00 00 00 04 49 90 00 
<<<<
>>>>
13 76 00 00 00 
55 ca 13 d4 35 d7 14 3d e8 18 12 0b 40 70 76 94 fe b9 5c d1 b7 be 3f 17 f3 ab 06 41 a8 95 7a 2d 90 00 
<<<<
>>>>
13 77 00 00 08 00 00 00 00 00 00 04 49 
03 61 08 c7 94 de 4e 55 dd 30 a4 c0 2a 58 42 a7 fa 93 28 13 f3 6f 6a f8 f8 ea ba 08 95 90 be 87 90 00 
<<<<
>>>>
13 75 00 00 00 
00 00 00 00 00 00 04 4a 90 00 
<<<<
>>>>
13 77 00 00 08 00 00 00 00 00 00 04 4a 
55 ca 13 d4 35 d7 14 3d e8 18 12 0b 40 70 76 94 fe b9 5c d1 b7 be 3f 17 f3 ab 06 41 a8 95 7a 2d 90 00 
<<<<
>>>>
13 76 00 00 00 
8b f4 ba ae a7 af d1 9f 20 71 02 10 85 68 bf e5 d1 d4 22 41 d8 99 35 b4 23 af 85 fd 5b 7a 1f e4 90 00 
<<<<
>>>>
13 75 00 00 00 
00 00 00 00 00 00 04 4b 90 00 
<<<<
>>>>
13 76 00 00 00 
e9 cc 65 5a dc b7 8c 06 af 3a dd 17 ca 43 c6 e4 a6 ad 8f 3a ce 4e 8d d1 7e 09 bd 43 31 44 19 3c 90 00 
<<<<
>>>>
13 77 00 00 08 00 00 00 00 00 00 04 4b 
8b f4 ba ae a7 af d1 9f 20 71 02 10 85 68 bf e5 d1 d4 22 41 d8 99 35 b4 23 af 85 fd 5b 7a 1f e4 90 00 
<<<<
>>>>
13 75 00 00 00 
00 00 00 00 00 00 04 4c 90 00 
<<<<
>>>>
13 77 00 00 08 00 00 00 00 00 00 04 4c 
e9 cc 65 5a dc b7 8c 06 af 3a dd 17 ca 43 c6 e4 a6 ad 8f 3a ce 4e 8d d1 7e 09 bd 43 31 44 19 3c 90 00 
<<<<
>>>>
13 76 00 00 00 
6c 1b a9 f5 64 dd 51 66 d0 6c 27 d0 a2 39 ae 86 99 17 a2 67 4f 7c 77 5e 3a 0a 7e 5f b5 7c 93 64 90 00 
<<<<
>>>>
13 75 00 00 00 
00 00 00 00 00 00 04 4d 90 00 
<<<<
>>>>
13 76 00 00 00 
60 89 e5 04 88 2b 43 2c cf da ab 96 51 03 ca 05 ce d8 d3 36 e0 10 f2 f2 54 a8 d3 d5 9b 41 da 4b 90 00 
<<<<
>>>>
13 77 00 00 08 00 00 00 00 00 00 04 4d 
6c 1b a9 f5 64 dd 51 66 d0 6c 27 d0 a2 39 ae 86 99 17 a2 67 4f 7c 77 5e 3a 0a 7e 5f b5 7c 93 64 90 00 
<<<<
>>>>
13 75 00 00 00 
00 00 00 00 00 00 04 4e 90 00 
<<<<
>>>>
13 77 00 00 08 00 00 00 00 00 00 04 4e 
60 89 e5 04 88 2b 43 2c cf da ab 96 51 03 ca 05 ce d8 d3 36 e0 10 f2 f2 54 a8 d3 d5 9b 41 da 4b 90 00 
<<<<
>>>>
13 76 00 00 00 
aa 6e cc b4 db 06 59 d5 29 16 c8 3f 19 24 40 38 ed 69 5e 5c 48 d7 00 43 0f 7e f1 e7 09 4f 31 cc 90 00 
<<<<
>>>>
13 75 00 00 00 
00 00 00 00 00 00 04 4f 90 00 
<<<<
>>>>
13 76 00 00 00 
44 d5 2e 5e 23 41 0c 4f ea e7 34 17 a8 65 01 53 3a 6d f7 fb e2 5f 40 80 c2 1d 47 d2 ea bf c8 e6 90 00 
<<<<
>>>>
13 77 00 00 08 00 00 00 00 00 00 04 4f 
aa 6e cc b4 db 06 59 d5 29 16 c8 3f 19 24 40 38 ed 69 5e 5c 48 d7 00 43 0f 7e f1 e7 09 4f 31 cc 90 00 
<<<<
>>>>
13 75 00 00 00 
00 00 00 00 00 00 04 50 90 00 
<<<<
>>>>
13 77 00 00 08 00 00 00 00 00 00 04 50 
44 d5 2e 5e 23 41 0c 4f ea e7 34 17 a8 65 01 53 3a 6d f7 fb e2 5f 40 80 c2 1d 47 d2 ea bf c8 e6 90 00 
<<<<
>>>>
13 76 00 00 00 
7a 16 64 78 e4 67 52 a6 23 6d 35 27 b0 10 f4 53 8d 4e e6 0b d2 ee 00 cc f4 aa 48 04 8a bd 10 03 90 00 
<<<<
>>>>
13 75 00 00 00 
00 00 00 00 00 00 04 51 90 00 
<<<<
>>>>
13 76 00 00 00 
22 00 99 fe 4c 52 ce 4c bf 78 e3 85 f4 d2 d6 34 96 57 d7 f9 a8 23 bb 59 d7 35 8a 9d 46 98 46 9f 90 00 
<<<<
>>>>
13 77 00 00 08 00 00 00 00 00 00 04 51 
7a 16 64 78 e4 67 52 a6 23 6d 35 27 b0 10 f4 53 8d 4e e6 0b d2 ee 00 cc f4 aa 48 04 8a bd 10 03 90 00 
<<<<
>>>>
13 75 00 00 00 
00 00 00 00 00 00 04 52 90 00 
<<<<
>>>>
13 77 00 00 08 00 00 00 00 00 00 04 52 
22 00 99 fe 4c 52 ce 4c bf 78 e3 85 f4 d2 d6 34 96 57 d7 f9 a8 23 bb 59 d7 35 8a 9d 46 98 46 9f 90 00 
<<<<
>>>>
13 76 00 00 00 
8d c7 c4 15 f1 56 be 7d 76 38 ca da f5 6c ee c0 9f 14 68 7e ea 03 96 8c 61 db f9 08 8a e5 a6 77 90 00 
<<<<
>>>>
13 75 00 00 00 
00 00 00 00 00 00 04 53 90 00 
<<<<
>>>>
13 76 00 00 00 
5b d8 64 f4 d4 a4 3a 2c e8 26 10 c0 a0 3e cf 7f 97 81 cc 01 39 18 4b 95 89 90 10 cd 57 58 6e a8 90 00 
<<<<
>>>>
13 77 00 00 08 00 00 00 00 00 00 04 53 
8d c7 c4 15 f1 56 be 7d 76 38 ca da f5 6c ee c0 9f 14 68 7e ea 03 96 8c 61 db f9 08 8a e5 a6 77 90 00 
<<<<
>>>>
13 75 00 00 00 
00 00 00 00 00 00 04 54 90 00 
<<<<
>>>>
13 77 00 00 08 00 00 00 00 00 00 04 54 
5b d8 64 f4 d4 a4 3a 2c e8 26 10 c0 a0 3e cf 7f 97 81 cc 01 39 18 4b 95 89 90 10 cd 57 58 6e a8 90 00 
<<<<
>>>>
13 76 00 00 00 
60 7b 44 55 86 a1 c8 35 35 2f d7 69 a4 f7 c9 cd 48 0e a1 50 36 2b 21 2f d3 a2 d1 c6 e9 23 04 b9 90 00 
<<<<
>>>>
13 75 00 00 00 
00 00 00 00 00 00 04 55 90 00 
<<<<
>>>>
13 76 00 00 00 
ec 0f 76 f2 31 bc 15 a7 bd 4a 77 2f 41 e5 19 4c 9b 31 f7 90 19 93 13 c4 c5 2a 3c 80 fe 5c b0 8e 90 00 
<<<<
>>>>
13 77 00 00 08 00 00 00 00 00 00 04 55 
60 7b 44 55 86 a1 c8 35 35 2f d7 69 a4 f7 c9 cd 48 0e a1 50 36 2b 21 2f d3 a2 d1 c6 e9 23 04 b9 90 00 
<<<<
>>>>
13 75 00 00 00 
00 00 00 00 00 00 04 56 90 00 
<<<<
>>>>
13 77 00 00 08 00 00 00 00 00 00 04 56 
ec 0f 76 f2 31 bc 15 a7 bd 4a 77 2f 41 e5 19 4c 9b 31 f7 90 19 93 13 c4 c5 2a 3c 80 fe 5c b0 8e 90 00 
<<<<
>>>>
13 76 00 00 00 
61 ce d8 38 80 38 d0 e5 d8 50 6d b7 e4 19 63 7b a3 ce 14 12 27 b9 57 4d ee 77 76 96 c6 69 62 7e 90 00 
<<<<
>>>>
13 75 00 00 00 
00 00 00 00 00 00 04 57 90 00 
<<<<
>>>>
13 76 00 00 00 
e9 06 7e 66 a6 11 f2 73 dd 1f b1 f5 a6 fa 90 cb 05 ec de 24 7e ce 98 d2 03 83 87 23 92 d0 52 b4 90 00 
<<<<
>>>>
13 77 00 00 08 00 00 00 00 00 00 04 57 
61 ce d8 38 80 38 d0 e5 d8 50 6d b7 e4 19 63 7b a3 ce 14 12 27 b9 57 4d ee 77 76 96 c6 69 62 7e 90 00 
<<<<
>>>>
13 75 00 00 00 
00 00 00 00 00 00 04 58 90 00 
<<<<
>>>>
13 77 00 00 08 00 00 00 00 00 00 04 58 
e9 06 7e 66 a6 11 f2 73 dd 1f b1 f5 a6 fa 90 cb 05 ec de 24 7e ce 98 d2 03 83 87 23 92 d0 52 b4 90 00 
<<<<
>>>>
13 76 00 00 00 
b8 e5 ac 72 b5 a3 70 15 53 c4 7f 66 e9 de 61 66 36 e9 8e 8d 02 75 87 99 fc fb 2e 50 64 2a 79 fb 90 00 
<<<<
>>>>
13 75 00 00 00 
00 00 00 00 00 00 04 59 90 00 
<<<<
>>>>
13 76 00 00 00 
8e e6 84 f1 96 77 73 4b 91 48 e3 b8 57 bf a1 1e 6c 3b d7 d8 d9 ad 03 f9 ed 45 68 04 f0 f6 08 f3 90 00 
<<<<
>>>>
13 77 00 00 08 00 00 00 00 00 00 04 59 
b8 e5 ac 72 b5 a3 70 15 53 c4 7f 66 e9 de 61 66 36 e9 8e 8d 02 75 87 99 fc fb 2e 50 64 2a 79 fb 90 00 
<<<<
>>>>
13 75 00 00 00 
00 00 00 00 00 00 04 5a 90 00 
<<<<
>>>>
13 77 00 00 08 00 00 00 00 00 00 04 5a 
8e e6 84 f1 96 77 73 4b 91 48 e3 b8 57 bf a1 1e 6c 3b d7 d8 d9 ad 03 f9 ed 45 68 04 f0 f6 08 f3 90 00 
<<<<
>>>>
13 76 00 00 00 
8f 0a 79 4f ba 6d 99 45 90 79 05 72 a7 c4 25 cd 38 a8 b1 a4 11 ca dd 13 b3 71 4b f1 f2 9f c4 e1 90 00 
<<<<
>>>>
13 75 00 00 00 
00 00 00 00 00 00 04 5b 90 00 
<<<<
>>>>
13 76 00 00 00 
14 d3 1f 22 64 33 a0 90 cb 39 1b 5b dc 42 24 84 ba 19 aa 59 e5 ae 48 48 08 f7 45 0c 7d cc 20 83 90 00 
<<<<
>>>>
13 77 00 00 08 00 00 00 00 00 00 04 5b 
8f 0a 79 4f ba 6d 99 45 90 79 05 72 a7 c4 25 cd 38 a8 b1 a4 11 ca dd 13 b3 71 4b f1 f2 9f c4 e1 90 00 
<<<<
>>>>
13 75 00 00 00 
00 00 00 00 00 00 04 5c 90 00 
<<<<
>>>>
13 77 00 00 08 00 00 00 00 00 00 04 5c 
14 d3 1f 22 64 33 a0 90 cb 39 1b 5b dc 42 24 84 ba 19 aa 59 e5 ae 48 48 08 f7 45 0c 7d cc 20 83 90 00 
<<<<
>>>>
13 76 00 00 00 
b2 d7 1e 5c 85 35 42 0d c0 d4 90 96 96 40 5a b8 81 65 14 07 42 db e4 45 76 79 58 66 e3 68 71 12 90 00 
<<<<
>>>>
13 75 00 00 00 
00 00 00 00 00 00 04 5d 90 00 
<<<<
>>>>
13 76 00 00 00 
73 4c 1b f9 e4 ad 28 12 7d c9 51 0e 9c f6 46 62 69 ab ad 1b 83 e9 2e 7f b7 2f 14 26 e2 2e 81 89 90 00 
<<<<
>>>>
13 77 00 00 08 00 00 00 00 00 00 04 5d 
b2 d7 1e 5c 85 35 42 0d c0 d4 90 96 96 40 5a b8 81 65 14 07 42 db e4 45 76 79 58 66 e3 68 71 12 90 00 
<<<<
>>>>
13 75 00 00 00 
00 00 00 00 00 00 04 5e 90 00 
<<<<
>>>>
13 77 00 00 08 00 00 00 00 00 00 04 5e 
73 4c 1b f9 e4 ad 28 12 7d c9 51 0e 9c f6 46 62 69 ab ad 1b 83 e9 2e 7f b7 2f 14 26 e2 2e 81 89 90 00 
<<<<
>>>>
13 76 00 00 00 
d6 d6 de 75 28 92 54 45 e7 a4 65 21 f9 81 2d 2c e6 2a 7e b8 0d 02 8d c9 32 43 5e 8c 32 5a 1f ac 90 00 
<<<<
>>>>
13 75 00 00 00 
00 00 00 00 00 00 04 5f 90 00 
<<<<
>>>>
13 76 00 00 00 
92 71 0b 71 dc 2d e2 5b 58 c6 3d a3 c4 95 bf 04 bb f7 f6 9b 59 c9 48 13 6b 5c 82 82 34 e3 c5 5a 90 00 
<<<<
>>>>
13 77 00 00 08 00 00 00 00 00 00 04 5f 
d6 d6 de 75 28 92 54 45 e7 a4 65 21 f9 81 2d 2c e6 2a 7e b8 0d 02 8d c9 32 43 5e 8c 32 5a 1f ac 90 00 
<<<<
>>>>
13 75 00 00 00 
00 00 00 00 00 00 04 60 90 00 
<<<<
>>>>
13 77 00 00 08 00 00 00 00 00 00 04 60 
92 71 0b 71 dc 2d e2 5b 58 c6 3d a3 c4 95 bf 04 bb f7 f6 9b 59 c9 48 13 6b 5c 82 82 34 e3 c5 5a 90 00 
<<<<
>>>>
13 76 00 00 00 
83 2f dc 9a 4f c9 73 07 e6 2d 64 73 ac de ea e2 74 98 fd 9d e6 a0 bd e4 f7 f1 60 3c 46 59 79 03 90 00 
<<<<
>>>>
13 75 00 00 00 
00 00 00 00 00 00 04 61 90 00 
<<<<
>>>>
13 76 00 00 00 
b3 bb f4 4a a9 ef 20 74 db d0 ff 06 75 7e f4 31 87 45 ae 2d 07 d8 75 06 6f 88 e0 66 38 15 be db 90 00 
<<<<
>>>>
13 77 00 00 08 00 00 00 00 00 00 04 61 
83 2f dc 9a 4f c9 73 07 e6 2d 64 73 ac de ea e2 74 98 fd 9d e6 a0 bd e4 f7 f1 60 3c 46 59 79 03 90 00 
<<<<
>>>>
13 75 00 00 00 
00 00 00 00 00 00 04 62 90 00 
<<<<
>>>>
13 77 00 00 08 00 00 00 00 00 00 04 62 
b3 bb f4 4a a9 ef 20 74 db d0 ff 06 75 7e f4 31 87 45 ae 2d 07 d8 75 06 6f 88 e0 66 38 15 be db 90 00 
<<<<
>>>>
13 76 00 00 00 
fe 9c c8 da fa 5e cc 34 75 aa eb d8 f8 93 9d da 14 86 eb c8 ba c9 e8 80 63 a7 16 06 85 60 5e 1c 90 00 
<<<<
>>>>
13 75 00 00 00 
00 00 00 00 00 00 04 63 90 00 
<<<<
>>>>
13 76 00 00 00 
88 62 b3 89 1c 0a 29 db f6 9e 43 0d 18 5e 66 d5 af cf 49 69 aa ed c4 5e 41 5b 8c a2 5b 88 eb 72 90 00 
<<<<
>>>>
13 77 00 00 08 00 00 00 00 00 00 04 63 
fe 9c c8 da fa 5e cc 34 75 aa eb d8 f8 93 9d da 14 86 eb c8 ba c9 e8 80 63 a7 16 06 85 60 5e 1c 90 00 
<<<<
>>>>
13 75 00 00 00 
00 00 00 00 00 00 04 64 90 00 
<<<<
>>>>
13 77 00 00 08 00 00 00 00 00 00 04 64 
88 62 b3 89 1c 0a 29 db f6 9e 43 0d 18 5e 66 d5 af cf 49 69 aa ed c4 5e 41 5b 8c a2 5b 88 eb 72 90 00 
<<<<
>>>>
13 76 00 00 00 
51 5b 37 65 df 2c 8d d0 d1 21 12 f5 99 f4 bb 0d 57 b5 3a 92 58 20 93 1a 66 37 46 13 40 10 c2 80 90 00 
<<<<
>>>>
13 75 00 00 00 
00 00 00 00 00 00 04 65 90 00 
<<<<
>>>>
13 76 00 00 00 
c0 f9 a2 e5 0e 2b 7d 97 66 4a 13 eb 94 fa 01 4d 10 0c d4 fd 9d 70 6a fd 2e 7c e0 57 b5 46 8e a9 90 00 
<<<<
>>>>
13 77 00 00 08 00 00 00 00 00 00 04 65 
51 5b 37 65 df 2c 8d d0 d1 21 12 f5 99 f4 bb 0d 57 b5 3a 92 58 20 93 1a 66 37 46 13 40 10 c2 80 90 00 
<<<<
>>>>
13 75 00 00 00 
00 00 00 00 00 00 04 66 90 00 
<<<<
>>>>
13 77 00 00 08 00 00 00 00 00 00 04 66 
c0 f9 a2 e5 0e 2b 7d 97 66 4a 13 eb 94 fa 01 4d 10 0c d4 fd 9d 70 6a fd 2e 7c e0 57 b5 46 8e a9 90 00 
<<<<
>>>>
13 76 00 00 00 
2e 3c be 80 32 a3 40 24 8a be 71 c9 42 c6 27 1a 33 81 0b b2 92 2a 22 76 ec 43 5a 8f 13 d8 18 87 90 00 
<<<<
>>>>
13 75 00 00 00 
00 00 00 00 00 00 04 67 90 00 
<<<<
>>>>
13 76 00 00 00 
35 7e 68 31 9c 29 8a e1 b7 f6 9e fb bd 4c d8 16 2b eb 06 3c b4 a2 ae 1a 4f c6 f6 be 7e 5c c7 90 90 00 
<<<<
>>>>
13 77 00 00 08 00 00 00 00 00 00 04 67 
2e 3c be 80 32 a3 40 24 8a be 71 c9 42 c6 27 1a 33 81 0b b2 92 2a 22 76 ec 43 5a 8f 13 d8 18 87 90 00 
<<<<
>>>>
13 75 00 00 00 
00 00 00 00 00 00 04 68 90 00 
<<<<
>>>>
13 77 00 00 08 00 00 00 00 00 00 04 68 
35 7e 68 31 9c 29 8a e1 b7 f6 9e fb bd 4c d8 16 2b eb 06 3c b4 a2 ae 1a 4f c6 f6 be 7e 5c c7 90 90 00 
<<<<
>>>>
13 76 00 00 00 
b0 ad fb 66 78 4b b5 4f a8 bd bc 25 02 50 b8 cc cc 16 61 ab 05 f7 97 8f ec 89 a0 5c a8 09 32 6a 90 00 
<<<<
>>>>
13 75 00 00 00 
00 00 00 00 00 00 04 69 90 00 
<<<<
>>>>
13 76 00 00 00 
cb 9e 02 65 10 d5 06 11 8e 92 b7 18 7f fd 97 a4 b1 7c bb 3d 5b d8 60 a7 54 f6 68 34 30 c8 38 0b 90 00 
<<<<
>>>>
13 77 00 00 08 00 00 00 00 00 00 04 69 
b0 ad fb 66 78 4b b5 4f a8 bd bc 25 02 50 b8 cc cc 16 61 ab 05 f7 97 8f ec 89 a0 5c a8 09 32 6a 90 00 
<<<<
>>>>
13 75 00 00 00 
00 00 00 00 00 00 04 6a 90 00 
<<<<
>>>>
13 77 00 00 08 00 00 00 00 00 00 04 6a 
cb 9e 02 65 10 d5 06 11 8e 92 b7 18 7f fd 97 a4 b1 7c bb 3d 5b d8 60 a7 54 f6 68 34 30 c8 38 0b 90 00 
<<<<
>>>>
13 76 00 00 00 
bb e6 b4 33 31 1c c5 a1 82 6f e7 6a 0a c4 eb 1e 73 c5 b3 af d8 35 cd 32 ae da c6 f9 07 ab e9 3b 90 00 
<<<<
>>>>
13 75 00 00 00 
00 00 00 00 00 00 04 6b 90 00 
<<<<
>>>>
13 76 00 00 00 
21 f1 d7 da 7e 33 44 45 41 22 4e c2 7b a7 e8 f2 6d 13 c6 02 f2 01 10 35 a3 e0 e2 3e ad 7a 5d 55 90 00 
<<<<
>>>>
13 77 00 00 08 00 00 00 00 00 00 04 6b 
bb e6 b4 33 31 1c c5 a1 82 6f e7 6a 0a c4 eb 1e 73 c5 b3 af d8 35 cd 32 ae da c6 f9 07 ab e9 3b 90 00 
<<<<
>>>>
13 75 00 00 00 
00 00 00 00 00 00 04 6c 90 00 
<<<<
>>>>
13 77 00 00 08 00 00 00 00 00 00 04 6c 
21 f1 d7 da 7e 33 44 45 41 22 4e c2 7b a7 e8 f2 6d 13 c6 02 f2 01 10 35 a3 e0 e2 3e ad 7a 5d 55 90 00 
<<<<
>>>>
13 76 00 00 00 
09 2f 7d 1f fa fa fd 50 9f 7a a2 01 06 98 8e 9c cd 46 f2 c2 b7 60 61 5e 36 d5 d2 4a 16 3a e6 d6 90 00 
<<<<
>>>>
13 75 00 00 00 
00 00 00 00 00 00 04 6d 90 00 
<<<<
>>>>
13 76 00 00 00 
df d8 75 3e 02 a2 8e 91 91 db 64 b6 f8 79 ee 0c 8b 0e 63 0d aa b1 a7 4d da a9 85 42 40 c6 cb 00 90 00 
<<<<
>>>>
13 77 00 00 08 00 00 00 00 00 00 04 6d 
09 2f 7d 1f fa fa fd 50 9f 7a a2 01 06 98 8e 9c cd 46 f2 c2 b7 60 61 5e 36 d5 d2 4a 16 3a e6 d6 90 00 
<<<<
>>>>
13 75 00 00 00 
00 00 00 00 00 00 04 6e 90 00 
<<<<
>>>>
13 77 00 00 08 00 00 00 00 00 00 04 6e 
df d8 75 3e 02 a2 8e 91 91 db 64 b6 f8 79 ee 0c 8b 0e 63 0d aa b1 a7 4d da a9 85 42 40 c6 cb 00 90 00 
<<<<
>>>>
13 76 00 00 00 
f6 b5 95 09 21 38 90 b9 f4 a9 ad 3e 62 58 56 51 c5 6d 92 80 59 b8 59 24 da 1e 59 f5 37 20 b0 26 90 00 
<<<<
>>>>
13 75 00 00 00 
00 00 00 00 00 00 04 6f 90 00 
<<<<
>>>>
13 76 00 00 00 
7b ec ad ce 67 b9 ce b2 1b 38 f6 26 90 b4 3c 6c b9 2a 1f 41 96 6f 05 94 13 d0 44 20 8d 31 9c 17 90 00 
<<<<
>>>>
13 77 00 00 08 00 00 00 00 00 00 04 6f 
f6 b5 95 09 21 38 90 b9 f4 a9 ad 3e 62 58 56 51 c5 6d 92 80 59 b8 59 24 da 1e 59 f5 37 20 b0 26 90 00 
<<<<
>>>>
13 75 00 00 00 
00 00 00 00 00 00 04 70 90 00 
<<<<
>>>>
13 77 00 00 08 00 00 00 00 00 00 04 70 
7b ec ad ce 67 b9 ce b2 1b 38 f6 26 90 b4 3c 6c b9 2a 1f 41 96 6f 05 94 13 d0 44 20 8d 31 9c 17 90 00 
<<<<
>>>>
13 76 00 00 00 
7b f9 85 00 38 61 cb 4c 42 05 9f bb 5e 89 a3 53 75 65 3b 06 f2 21 5c 14 a6 08 7e f1 4b c5 66 d1 90 00 
<<<<
>>>>
13 75 00 00 00 
00 00 00 00 00 00 04 71 90 00 
<<<<
>>>>
13 76 00 00 00 
27 aa 7d 0e 4b fa b5 37 b3 2e 9d 64 7c 93 dd d0 95 16 de c3 6e 00 03 e3 88 19 93 27 78 1f 41 41 90 00 
<<<<
>>>>
13 77 00 00 08 00 00 00 00 00 00 04 71 
7b f9 85 00 38 61 cb 4c 42 05 9f bb 5e 89 a3 53 75 65 3b 06 f2 21 5c 14 a6 08 7e f1 4b c5 66 d1 90 00 
<<<<
>>>>
13 75 00 00 00 
00 00 00 00 00 00 04 72 90 00 
<<<<
>>>>
13 77 00 00 08 00 00 00 00 00 00 04 72 
27 aa 7d 0e 4b fa b5 37 b3 2e 9d 64 7c 93 dd d0 95 16 de c3 6e 00 03 e3 88 19 93 27 78 1f 41 41 90 00 
<<<<
>>>>
13 76 00 00 00 
9f 1f 61 d2 d4 e7 9e 96 d7 3d 11 72 9a 15 94 07 28 60 63 a0 36 b5 f5 55 fc 6e 99 1f d0 6d 24 5e 90 00 
<<<<
>>>>
13 75 00 00 00 
00 00 00 00 00 00 04 73 90 00 
<<<<
>>>>
13 76 00 00 00 
86 d8 9f 45 12 e8 1f a0 14 1b d4 8e 52 d8 7a 28 fa 5d 54 0c f1 ba 97 9f 22 de 64 41 2f b8 7e 27 90 00 
<<<<
>>>>
13 77 00 00 08 00 00 00 00 00 00 04 73 
9f 1f 61 d2 d4 e7 9e 96 d7 3d 11 72 9a 15 94 07 28 60 63 a0 36 b5 f5 55 fc 6e 99 1f d0 6d 24 5e 90 00 
<<<<
>>>>
13 75 00 00 00 
00 00 00 00 00 00 04 74 90 00 
<<<<
>>>>
13 77 00 00 08 00 00 00 00 00 00 04 74 
86 d8 9f 45 12 e8 1f a0 14 1b d4 8e 52 d8 7a 28 fa 5d 54 0c f1 ba 97 9f 22 de 64 41 2f b8 7e 27 90 00 
<<<<
>>>>
13 76 00 00 00 
fe f8 fd ce 79 23 f6 6c aa 62 5f f1 c2 ab f7 14 93 d7 8b 9c ba f0 9e 63 7f 7e c3 5d b0 ce fb 28 90 00 
<<<<
>>>>
13 75 00 00 00 
00 00 00 00 00 00 04 75 90 00 
<<<<
>>>>
13 76 00 00 00 
08 2e 75 0e 8b 98 13 a2 a4 fb d4 3a dd 5c fb 73 b3 da 3b e6 bb 1f 3a f5 8e f8 fc 24 aa 27 f3 de 90 00 
<<<<
>>>>
13 77 00 00 08 00 00 00 00 00 00 04 75 
fe f8 fd ce 79 23 f6 6c aa 62 5f f1 c2 ab f7 14 93 d7 8b 9c ba f0 9e 63 7f 7e c3 5d b0 ce fb 28 90 00 
<<<<
>>>>
13 75 00 00 00 
00 00 00 00 00 00 04 76 90 00 
<<<<
>>>>
13 77 00 00 08 00 00 00 00 00 00 04 76 
08 2e 75 0e 8b 98 13 a2 a4 fb d4 3a dd 5c fb 73 b3 da 3b e6 bb 1f 3a f5 8e f8 fc 24 aa 27 f3 de 90 00 
<<<<
>>>>
13 76 00 00 00 
54 6f 4e 6f 8d fe d7 92 ba ed 7b ef d1 bc e8 01 e8 28 62 33 54 f7 36 71 7e 29 40 d4 57 bf ab 3e 90 00 
<<<<
>>>>
13 75 00 00 00 
00 00 00 00 00 00 04 77 90 00 
<<<<
>>>>
13 76 00 00 00 
9e 4e e2 76 01 ac 04 5b c2 bd ad 90 e2 c8 34 24 d4 3b a8 11 fa 20 be dc 9f fd 1b 2c 36 66 fc 03 90 00 
<<<<
>>>>
13 77 00 00 08 00 00 00 00 00 00 04 77 
54 6f 4e 6f 8d fe d7 92 ba ed 7b ef d1 bc e8 01 e8 28 62 33 54 f7 36 71 7e 29 40 d4 57 bf ab 3e 90 00 
<<<<
>>>>
13 75 00 00 00 
00 00 00 00 00 00 04 78 90 00 
<<<<
>>>>
13 77 00 00 08 00 00 00 00 00 00 04 78 
9e 4e e2 76 01 ac 04 5b c2 bd ad 90 e2 c8 34 24 d4 3b a8 11 fa 20 be dc 9f fd 1b 2c 36 66 fc 03 90 00 
<<<<
>>>>
13 76 00 00 00 
ab b8 1b be 18 ee 8f 7d e0 44 26 3e f6 e9 97 de 6c 7d 15 59 be 07 47 b9 eb 52 fa 72 6f 25 48 d7 90 00 
<<<<
>>>>
13 75 00 00 00 
00 00 00 00 00 00 04 79 90 00 
<<<<
>>>>
13 76 00 00 00 
73 87 78 c8 4a 04 76 53 aa 07 6a 4c 9a 86 fe ae 57 1f 7a c5 b5 ef 73 0b ab 15 54 6b 18 8b d9 33 90 00 
<<<<
>>>>
13 77 00 00 08 00 00 00 00 00 00 04 79 
ab b8 1b be 18 ee 8f 7d e0 44 26 3e f6 e9 97 de 6c 7d 15 59 be 07 47 b9 eb 52 fa 72 6f 25 48 d7 90 00 
<<<<
>>>>
13 75 00 00 00 
00 00 00 00 00 00 04 7a 90 00 
<<<<
>>>>
13 77 00 00 08 00 00 00 00 00 00 04 7a 
73 87 78 c8 4a 04 76 53 aa 07 6a 4c 9a 86 fe ae 57 1f 7a c5 b5 ef 73 0b ab 15 54 6b 18 8b d9 33 90 00 
<<<<
>>>>
13 76 00 00 00 
21 2a fb be 7f 11 b1 b7 5c 7b 90 f3 f1 b8 32 12 ef 28 06 b2 28 c2 8a 15 3a d3 10 9f 61 c2 05 56 90 00 
<<<<
>>>>
13 75 00 00 00 
00 00 00 00 00 00 04 7b 90 00 
<<<<
>>>>
13 76 00 00 00 
5e d8 10 57 45 c5 34 d3 ef 79 fb 80 80 af 22 a6 32 28 f1 da 0d 5c 61 fb 0d cf 74 2e 2f ba 76 0e 90 00 
<<<<
>>>>
13 77 00 00 08 00 00 00 00 00 00 04 7b 
21 2a fb be 7f 11 b1 b7 5c 7b 90 f3 f1 b8 32 12 ef 28 06 b2 28 c2 8a 15 3a d3 10 9f 61 c2 05 56 90 00 
<<<<
>>>>
13 75 00 00 00 
00 00 00 00 00 00 04 7c 90 00 
<<<<
>>>>
13 77 00 00 08 00 00 00 00 00 00 04 7c 
5e d8 10 57 45 c5 34 d3 ef 79 fb 80 80 af 22 a6 32 28 f1 da 0d 5c 61 fb 0d cf 74 2e 2f ba 76 0e 90 00 
<<<<
>>>>
13 76 00 00 00 
28 a2 50 08 43 f4 5a 61 25 c8 57 1f cb 06 3b e5 5b bf d6 de 6c 0f 12 36 a9 08 17 a4 e5 63 66 a7 90 00 
<<<<
>>>>
13 75 00 00 00 
00 00 00 00 00 00 04 7d 90 00 
<<<<
>>>>
13 76 00 00 00 
44 17 16 1a 88 45 60 c7 62 1e 70 74 49 81 0b 1f 80 a3 c0 07 17 2c 04 91 d9 9d 2d f2 e6 b0 24 b0 90 00 
<<<<
>>>>
13 77 00 00 08 00 00 00 00 00 00 04 7d 
28 a2 50 08 43 f4 5a 61 25 c8 57 1f cb 06 3b e5 5b bf d6 de 6c 0f 12 36 a9 08 17 a4 e5 63 66 a7 90 00 
<<<<
>>>>
13 75 00 00 00 
00 00 00 00 00 00 04 7e 90 00 
<<<<
>>>>
13 77 00 00 08 00 00 00 00 00 00 04 7e 
44 17 16 1a 88 45 60 c7 62 1e 70 74 49 81 0b 1f 80 a3 c0 07 17 2c 04 91 d9 9d 2d f2 e6 b0 24 b0 90 00 
<<<<
>>>>
13 76 00 00 00 
1b 3a f5 56 58 7f 88 d6 91 93 a7 37 40 88 43 ac 82 82 f0 b5 c5 18 36 eb 78 1a be 8d 83 e9 33 ca 90 00 
<<<<
>>>>
13 75 00 00 00 
00 00 00 00 00 00 04 7f 90 00 
<<<<
>>>>
13 76 00 00 00 
04 0a fa af 9f ed a8 70 52 1a 04 b2 3d 1e fd 9d ba 25 ed b9 ae 92 e0 6c c6 02 cd f7 9d f6 e7 7b 90 00 
<<<<
>>>>
13 77 00 00 08 00 00 00 00 00 00 04 7f 
1b 3a f5 56 58 7f 88 d6 91 93 a7 37 40 88 43 ac 82 82 f0 b5 c5 18 36 eb 78 1a be 8d 83 e9 33 ca 90 00 
<<<<
>>>>
13 75 00 00 00 
00 00 00 00 00 00 04 80 90 00 
<<<<
>>>>
13 77 00 00 08 00 00 00 00 00 00 04 80 
04 0a fa af 9f ed a8 70 52 1a 04 b2 3d 1e fd 9d ba 25 ed b9 ae 92 e0 6c c6 02 cd f7 9d f6 e7 7b 90 00 
<<<<
>>>>
13 76 00 00 00 
8b e8 82 f0 26 8a 9e ba a9 87 70 05 3e d4 eb f0 d3 26 de 50 0f ae de 1b ef a4 e5 1f 67 78 9b a4 90 00 
<<<<
>>>>
13 75 00 00 00 
00 00 00 00 00 00 04 81 90 00 
<<<<
>>>>
13 76 00 00 00 
de d7 e0 26 1d 6b 2a a7 0c 4c 6e 1c bd b0 41 84 4e da ad 7c 06 5a 99 b3 e1 16 f1 e7 4d 11 0c 51 90 00 
<<<<
>>>>
13 77 00 00 08 00 00 00 00 00 00 04 81 
8b e8 82 f0 26 8a 9e ba a9 87 70 05 3e d4 eb f0 d3 26 de 50 0f ae de 1b ef a4 e5 1f 67 78 9b a4 90 00 
<<<<
>>>>
13 75 00 00 00 
00 00 00 00 00 00 04 82 90 00 
<<<<
>>>>
13 77 00 00 08 00 00 00 00 00 00 04 82 
de d7 e0 26 1d 6b 2a a7 0c 4c 6e 1c bd b0 41 84 4e da ad 7c 06 5a 99 b3 e1 16 f1 e7 4d 11 0c 51 90 00 
<<<<
>>>>
13 76 00 00 00 
99 4e 31 5f 50 c9 26 0f 12 92 9d 35 dc 93 97 75 ec cf c9 c8 25 33 91 eb b3 b2 9d ec 47 de c1 80 90 00 
<<<<
>>>>
13 75 00 00 00 
00 00 00 00 00 00 04 83 90 00 
<<<<
>>>>
13 76 00 00 00 
5d c0 00 26 a8 33 7b 2e de 7f 97 b7 13 3a ea c8 3b e0 76 f7 0b bc dd 1a 6e 18 94 89 6c d8 87 0d 90 00 
<<<<
>>>>
13 77 00 00 08 00 00 00 00 00 00 04 83 
99 4e 31 5f 50 c9 26 0f 12 92 9d 35 dc 93 97 75 ec cf c9 c8 25 33 91 eb b3 b2 9d ec 47 de c1 80 90 00 
<<<<
>>>>
13 75 00 00 00 
00 00 00 00 00 00 04 84 90 00 
<<<<
>>>>
13 77 00 00 08 00 00 00 00 00 00 04 84 
5d c0 00 26 a8 33 7b 2e de 7f 97 b7 13 3a ea c8 3b e0 76 f7 0b bc dd 1a 6e 18 94 89 6c d8 87 0d 90 00 
<<<<
>>>>
13 76 00 00 00 
33 bf ce 5e 76 b8 bd 63 75 78 8c 3b 2a 22 1b 11 bc e0 f2 1f cf af 12 67 83 2b 2d 69 ff 1f 02 62 90 00 
<<<<
>>>>
13 75 00 00 00 
00 00 00 00 00 00 04 85 90 00 
<<<<
>>>>
13 76 00 00 00 
b9 c1 9d 7f 10 36 6d 02 90 65 d9 6b 94 f1 37 24 c5 e9 0b ca 37 70 4c b1 d3 24 61 cb 92 66 0c a1 90 00 
<<<<
>>>>
13 77 00 00 08 00 00 00 00 00 00 04 85 
33 bf ce 5e 76 b8 bd 63 75 78 8c 3b 2a 22 1b 11 bc e0 f2 1f cf af 12 67 83 2b 2d 69 ff 1f 02 62 90 00 
<<<<
>>>>
13 75 00 00 00 
00 00 00 00 00 00 04 86 90 00 
<<<<
>>>>
13 77 00 00 08 00 00 00 00 00 00 04 86 
b9 c1 9d 7f 10 36 6d 02 90 65 d9 6b 94 f1 37 24 c5 e9 0b ca 37 70 4c b1 d3 24 61 cb 92 66 0c a1 90 00 
<<<<
>>>>
13 76 00 00 00 
b1 56 b3 87 c0 b7 3c 96 17 c3 2a 0c 04 3e 6d f0 8b 16 0d 15 c4 8e 89 d2 17 e8 aa d0 f7 02 25 d8 90 00 
<<<<
>>>>
13 75 00 00 00 
00 00 00 00 00 00 04 87 90 00 
<<<<
>>>>
13 76 00 00 00 
cc ea f2 0b 9e 11 94 31 f0 ad 19 ad 8b 3b 6a f7 09 b8 d9 a6 d5 5d d2 d6 ce 35 11 a7 1c 3b 8b cb 90 00 
<<<<
>>>>
13 77 00 00 08 00 00 00 00 00 00 04 87 
b1 56 b3 87 c0 b7 3c 96 17 c3 2a 0c 04 3e 6d f0 8b 16 0d 15 c4 8e 89 d2 17 e8 aa d0 f7 02 25 d8 90 00 
<<<<
>>>>
13 75 00 00 00 
00 00 00 00 00 00 04 88 90 00 
<<<<
>>>>
13 77 00 00 08 00 00 00 00 00 00 04 88 
cc ea f2 0b 9e 11 94 31 f0 ad 19 ad 8b 3b 6a f7 09 b8 d9 a6 d5 5d d2 d6 ce 35 11 a7 1c 3b 8b cb 90 00 
<<<<
>>>>
13 76 00 00 00 
cb 1d 27 24 35 30 d4 15 1e 35 52 1f 2f 01 4e 32 1b 21 9e 55 b1 e0 24 35 04 9a b5 67 e6 ca ed 95 90 00 
<<<<
>>>>
13 75 00 00 00 
00 00 00 00 00 00 04 89 90 00 
<<<<
>>>>
13 76 00 00 00 
41 71 68 09 dd d0 d7 41 75 4a 30 db 56 3f aa ee 4f 49 9d be d3 67 82 c9 b7 30 bf 90 5b 50 d4 0e 90 00 
<<<<
>>>>
13 77 00 00 08 00 00 00 00 00 00 04 89 
cb 1d 27 24 35 30 d4 15 1e 35 52 1f 2f 01 4e 32 1b 21 9e 55 b1 e0 24 35 04 9a b5 67 e6 ca ed 95 90 00 
<<<<
>>>>
13 75 00 00 00 
00 00 00 00 00 00 04 8a 90 00 
<<<<
>>>>
13 77 00 00 08 00 00 00 00 00 00 04 8a 
41 71 68 09 dd d0 d7 41 75 4a 30 db 56 3f aa ee 4f 49 9d be d3 67 82 c9 b7 30 bf 90 5b 50 d4 0e 90 00 
<<<<
>>>>
13 76 00 00 00 
86 e1 9a 4c 0f d5 d0 f6 51 07 84 8f 28 9a bb e0 97 7a 77 d0 07 fb 40 36 2f b5 fa d4 82 df 14 78 90 00 
<<<<
>>>>
13 75 00 00 00 
00 00 00 00 00 00 04 8b 90 00 
<<<<
>>>>
13 76 00 00 00 
7d 96 30 24 63 a0 6d f4 67 f5 19 1b bb 89 8f 78 fc 3a dc df 7b 61 97 0c 00 05 c5 9e c2 0e 29 e0 90 00 
<<<<
>>>>
13 77 00 00 08 00 00 00 00 00 00 04 8b 
86 e1 9a 4c 0f d5 d0 f6 51 07 84 8f 28 9a bb e0 97 7a 77 d0 07 fb 40 36 2f b5 fa d4 82 df 14 78 90 00 
<<<<
>>>>
13 75 00 00 00 
00 00 00 00 00 00 04 8c 90 00 
<<<<
>>>>
13 77 00 00 08 00 00 00 00 00 00 04 8c 
7d 96 30 24 63 a0 6d f4 67 f5 19 1b bb 89 8f 78 fc 3a dc df 7b 61 97 0c 00 05 c5 9e c2 0e 29 e0 90 00 
<<<<
>>>>
13 76 00 00 00 
b5 9a 0c 11 5c 87 3a 98 08 91 8d 0c 3b 54 ba e3 b1 6d c6 49 1e 86 8c 5e 14 2e 6a 78 ff 4a 8d 1e 90 00 
<<<<
>>>>
13 75 00 00 00 
00 00 00 00 00 00 04 8d 90 00 
<<<<
>>>>
13 76 00 00 00 
01 a6 57 06 bc 65 49 43 ab ce 4b 5b 9e f5 47 3b a2 77 a3 52 25 e2 c2 17 39 f5 30 5b de e1 45 5a 90 00 
<<<<
>>>>
13 77 00 00 08 00 00 00 00 00 00 04 8d 
b5 9a 0c 11 5c 87 3a 98 08 91 8d 0c 3b 54 ba e3 b1 6d c6 49 1e 86 8c 5e 14 2e 6a 78 ff 4a 8d 1e 90 00 
<<<<
>>>>
13 75 00 00 00 
00 00 00 00 00 00 04 8e 90 00 
<<<<
>>>>
13 77 00 00 08 00 00 00 00 00 00 04 8e 
01 a6 57 06 bc 65 49 43 ab ce 4b 5b 9e f5 47 3b a2 77 a3 52 25 e2 c2 17 39 f5 30 5b de e1 45 5a 90 00 
<<<<
>>>>
13 76 00 00 00 
46 c5 6b 2a 9a 48 ea 04 b1 0e 1c 72 d8 ee 0b 31 b6 70 25 9e 86 88 0a b8 ac d5 83 db 8f c4 1a 94 90 00 
<<<<
>>>>
13 75 00 00 00 
00 00 00 00 00 00 04 8f 90 00 
<<<<
>>>>
13 76 00 00 00 
52 7b 3e 4f 45 f4 8e 2e a3 4a 9b a8 7c 08 85 13 87 78 e8 e2 ef a1 48 51 00 9c e7 13 80 05 9c b8 90 00 
<<<<
>>>>
13 77 00 00 08 00 00 00 00 00 00 04 8f 
46 c5 6b 2a 9a 48 ea 04 b1 0e 1c 72 d8 ee 0b 31 b6 70 25 9e 86 88 0a b8 ac d5 83 db 8f c4 1a 94 90 00 
<<<<
>>>>
13 75 00 00 00 
00 00 00 00 00 00 04 90 90 00 
<<<<
>>>>
13 77 00 00 08 00 00 00 00 00 00 04 90 
52 7b 3e 4f 45 f4 8e 2e a3 4a 9b a8 7c 08 85 13 87 78 e8 e2 ef a1 48 51 00 9c e7 13 80 05 9c b8 90 00 
<<<<
>>>>
13 76 00 00 00 
64 cf b1 ef a0 a1 2b 37 f0 2f 79 80 6d b8 3c a1 4d f0 05 9d 26 d5 f5 7d 0f 2c a5 3b 65 63 81 82 90 00 
<<<<
>>>>
13 75 00 00 00 
00 00 00 00 00 00 04 91 90 00 
<<<<
>>>>
13 76 00 00 00 
bf b4 53 0f 22 e8 a6 3b dc 40 7d cb ae 99 72 61 4c 8f e6 62 93 fe 5f 63 df 95 5a 48 e6 c4 19 7e 90 00 
<<<<
>>>>
13 77 00 00 08 00 00 00 00 00 00 04 91 
64 cf b1 ef a0 a1 2b 37 f0 2f 79 80 6d b8 3c a1 4d f0 05 9d 26 d5 f5 7d 0f 2c a5 3b 65 63 81 82 90 00 
<<<<
>>>>
13 75 00 00 00 
00 00 00 00 00 00 04 92 90 00 
<<<<
>>>>
13 77 00 00 08 00 00 00 00 00 00 04 92 
bf b4 53 0f 22 e8 a6 3b dc 40 7d cb ae 99 72 61 4c 8f e6 62 93 fe 5f 63 df 95 5a 48 e6 c4 19 7e 90 00 
<<<<
>>>>
13 76 00 00 00 
59 c3 c2 96 99 61 0f f1 98 86 a7 70 9a 8d ba 3e 40 66 09 57 b7 4b e2 a4 ca 45 88 4a 59 4c 3a c1 90 00 
<<<<
>>>>
13 75 00 00 00 
00 00 00 00 00 00 04 93 90 00 
<<<<
>>>>
13 76 00 00 00 
eb be c4 37 72 91 a8 23 39 d6 c2 c9 aa 1f 5f 2b b5 02 d1 e3 fd 98 32 0c b9 f2 7d 19 38 fe 27 09 90 00 
<<<<
>>>>
13 77 00 00 08 00 00 00 00 00 00 04 93 
59 c3 c2 96 99 61 0f f1 98 86 a7 70 9a 8d ba 3e 40 66 09 57 b7 4b e2 a4 ca 45 88 4a 59 4c 3a c1 90 00 
<<<<
>>>>
13 75 00 00 00 
00 00 00 00 00 00 04 94 90 00 
<<<<
>>>>
13 77 00 00 08 00 00 00 00 00 00 04 94 
eb be c4 37 72 91 a8 23 39 d6 c2 c9 aa 1f 5f 2b b5 02 d1 e3 fd 98 32 0c b9 f2 7d 19 38 fe 27 09 90 00 
<<<<
>>>>
13 76 00 00 00 
90 b0 a2 86 61 10 6b 9a 13 6e 63 4e 60 56 eb 8d 57 1b 65 77 b8 42 b1 2e 2c 0d b7 13 6c a8 b6 6a 90 00 
<<<<
>>>>
13 75 00 00 00 
00 00 00 00 00 00 04 95 90 00 
<<<<
>>>>
13 76 00 00 00 
a1 21 6f 6c 45 54 f1 58 7d 23 c1 cf 7a 07 1d e2 66 0e 46 3a ce 52 a2 01 1c 7a e4 15 64 43 4a 83 90 00 
<<<<
>>>>
13 77 00 00 08 00 00 00 00 00 00 04 95 
90 b0 a2 86 61 10 6b 9a 13 6e 63 4e 60 56 eb 8d 57 1b 65 77 b8 42 b1 2e 2c 0d b7 13 6c a8 b6 6a 90 00 
<<<<
>>>>
13 75 00 00 00 
00 00 00 00 00 00 04 96 90 00 
<<<<
>>>>
13 77 00 00 08 00 00 00 00 00 00 04 96 
a1 21 6f 6c 45 54 f1 58 7d 23 c1 cf 7a 07 1d e2 66 0e 46 3a ce 52 a2 01 1c 7a e4 15 64 43 4a 83 90 00 
<<<<
>>>>
13 76 00 00 00 
83 d0 59 50 a6 6d 5c 22 4b 85 f1 66 80 fe b9 24 31 b0 fd a5 f5 14 c7 0c 83 9d bc 03 72 ac f0 b2 90 00 
<<<<
>>>>
13 75 00 00 00 
00 00 00 00 00 00 04 97 90 00 
<<<<
>>>>
13 76 00 00 00 
af 32 95 12 77 51 1e ae 5e 02 a4 0a a0 e1 e8 66 ad 95 fb 33 83 80 3c 05 32 ea d9 b0 1c 8b 6d 20 90 00 
<<<<
>>>>
13 77 00 00 08 00 00 00 00 00 00 04 97 
83 d0 59 50 a6 6d 5c 22 4b 85 f1 66 80 fe b9 24 31 b0 fd a5 f5 14 c7 0c 83 9d bc 03 72 ac f0 b2 90 00 
<<<<
>>>>
13 75 00 00 00 
00 00 00 00 00 00 04 98 90 00 
<<<<
>>>>
13 77 00 00 08 00 00 00 00 00 00 04 98 
af 32 95 12 77 51 1e ae 5e 02 a4 0a a0 e1 e8 66 ad 95 fb 33 83 80 3c 05 32 ea d9 b0 1c 8b 6d 20 90 00 
<<<<
>>>>
13 76 00 00 00 
b0 66 d1 30 4e 57 42 4d 87 ac 71 10 6e ba e1 ba b3 06 e0 b3 3a 48 10 8f 7f 71 79 92 58 45 e2 85 90 00 
<<<<
>>>>
13 75 00 00 00 
00 00 00 00 00 00 04 99 90 00 
<<<<
>>>>
13 76 00 00 00 
77 6e 63 82 a9 e2 77 f4 1a a0 fc 78 33 70 ac 71 2d 30 5e 20 04 30 55 52 3e d2 d6 30 44 a0 15 b4 90 00 
<<<<
>>>>
13 77 00 00 08 00 00 00 00 00 00 04 99 
b0 66 d1 30 4e 57 42 4d 87 ac 71 10 6e ba e1 ba b3 06 e0 b3 3a 48 10 8f 7f 71 79 92 58 45 e2 85 90 00 
<<<<
>>>>
13 75 00 00 00 
00 00 00 00 00 00 04 9a 90 00 
<<<<
>>>>
13 77 00 00 08 00 00 00 00 00 00 04 9a 
77 6e 63 82 a9 e2 77 f4 1a a0 fc 78 33 70 ac 71 2d 30 5e 20 04 30 55 52 3e d2 d6 30 44 a0 15 b4 90 00 
<<<<
>>>>
13 76 00 00 00 
fe 46 98 1a fa 84 31 58 8b 50 17 c4 6f 22 73 c2 46 f6 c6 bb e4 b9 0b 0e 5e 1d 7f 57 69 cb eb de 90 00 
<<<<
>>>>
13 75 00 00 00 
00 00 00 00 00 00 04 9b 90 00 
<<<<
>>>>
13 76 00 00 00 
13 ac d3 db 21 00 0b cc 65 81 41 eb 31 a7 c0 df 35 82 b4 df f5 72 87 5d 17 86 86 48 4e 8e 3a 2e 90 00 
<<<<
>>>>
13 77 00 00 08 00 00 00 00 00 00 04 9b 
fe 46 98 1a fa 84 31 58 8b 50 17 c4 6f 22 73 c2 46 f6 c6 bb e4 b9 0b 0e 5e 1d 7f 57 69 cb eb de 90 00 
<<<<
>>>>
13 75 00 00 00 
00 00 00 00 00 00 04 9c 90 00 
<<<<
>>>>
13 77 00 00 08 00 00 00 00 00 00 04 9c 
13 ac d3 db 21 00 0b cc 65 81 41 eb 31 a7 c0 df 35 82 b4 df f5 72 87 5d 17 86 86 48 4e 8e 3a 2e 90 00 
<<<<
>>>>
13 76 00 00 00 
88 16 fb 67 6a 84 e7 85 fc 75 dc ff e8 7d 20 3b e6 fc 84 95 7b 5f e7 fc e9 c0 f6 4b d4 ba 2b 58 90 00 
<<<<
>>>>
13 75 00 00 00 
00 00 00 00 00 00 04 9d 90 00 
<<<<
>>>>
13 76 00 00 00 
44 1d b8 77 d3 8b 7f be 42 5a dc c4 36 8b d7 63 1e 57 60 3d b4 d5 17 0a 22 42 1b a7 ee e0 20 00 90 00 
<<<<
>>>>
13 77 00 00 08 00 00 00 00 00 00 04 9d 
88 16 fb 67 6a 84 e7 85 fc 75 dc ff e8 7d 20 3b e6 fc 84 95 7b 5f e7 fc e9 c0 f6 4b d4 ba 2b 58 90 00 
<<<<
>>>>
13 75 00 00 00 
00 00 00 00 00 00 04 9e 90 00 
<<<<
>>>>
13 77 00 00 08 00 00 00 00 00 00 04 9e 
44 1d b8 77 d3 8b 7f be 42 5a dc c4 36 8b d7 63 1e 57 60 3d b4 d5 17 0a 22 42 1b a7 ee e0 20 00 90 00 
<<<<
>>>>
13 76 00 00 00 
97 e0 08 9a 2b ae cd da f7 a0 30 27 54 23 c9 4d e2 9d 11 1c 38 f9 50 54 a6 9c 41 e5 1e 87 da 3c 90 00 
<<<<
>>>>
13 75 00 00 00 
00 00 00 00 00 00 04 9f 90 00 
<<<<
>>>>
13 76 00 00 00 
80 9c a4 0d e7 6e a7 53 04 d4 d3 54 71 d2 ce 28 be 42 8f 37 9d 8e ae 25 34 3d 3a 17 a0 f9 de e3 90 00 
<<<<
>>>>
13 77 00 00 08 00 00 00 00 00 00 04 9f 
97 e0 08 9a 2b ae cd da f7 a0 30 27 54 23 c9 4d e2 9d 11 1c 38 f9 50 54 a6 9c 41 e5 1e 87 da 3c 90 00 
<<<<
>>>>
13 75 00 00 00 
00 00 00 00 00 00 04 a0 90 00 
<<<<
>>>>
13 77 00 00 08 00 00 00 00 00 00 04 a0 
80 9c a4 0d e7 6e a7 53 04 d4 d3 54 71 d2 ce 28 be 42 8f 37 9d 8e ae 25 34 3d 3a 17 a0 f9 de e3 90 00 
<<<<
>>>>
13 76 00 00 00 
40 83 0a 39 16 de 26 9a 3f 82 79 4e fd f8 c0 e4 76 71 fc 05 21 70 9f c1 10 8b 4a a6 c1 6d 63 27 90 00 
<<<<
>>>>
13 75 00 00 00 
00 00 00 00 00 00 04 a1 90 00 
<<<<
>>>>
13 76 00 00 00 
2b a7 8e 34 39 97 30 a6 6f d1 cd ea 57 e0 39 30 bb 69 8a df 4f 17 da fd b4 a7 60 5e d9 bc 3d 21 90 00 
<<<<
>>>>
13 77 00 00 08 00 00 00 00 00 00 04 a1 
40 83 0a 39 16 de 26 9a 3f 82 79 4e fd f8 c0 e4 76 71 fc 05 21 70 9f c1 10 8b 4a a6 c1 6d 63 27 90 00 
<<<<
>>>>
13 75 00 00 00 
00 00 00 00 00 00 04 a2 90 00 
<<<<
>>>>
13 77 00 00 08 00 00 00 00 00 00 04 a2 
2b a7 8e 34 39 97 30 a6 6f d1 cd ea 57 e0 39 30 bb 69 8a df 4f 17 da fd b4 a7 60 5e d9 bc 3d 21 90 00 
<<<<
>>>>
13 76 00 00 00 
4d bf 0f 1e c9 5f 41 78 ae 3f af 63 f0 6b 5d 8e 11 12 09 4c f4 70 b9 d1 88 96 94 e4 89 ac 92 c0 90 00 
<<<<
>>>>
13 75 00 00 00 
00 00 00 00 00 00 04 a3 90 00 
<<<<
>>>>
13 76 00 00 00 
fd ee 5c 4a f5 1d 7b 42 fa 44 c1 d2 aa c4 e1 10 c1 69 4f 16 24 9d 5d 19 2e 03 a1 64 a6 aa 6f ba 90 00 
<<<<
>>>>
13 77 00 00 08 00 00 00 00 00 00 04 a3 
4d bf 0f 1e c9 5f 41 78 ae 3f af 63 f0 6b 5d 8e 11 12 09 4c f4 70 b9 d1 88 96 94 e4 89 ac 92 c0 90 00 
<<<<
>>>>
13 75 00 00 00 
00 00 00 00 00 00 04 a4 90 00 
<<<<
>>>>
13 77 00 00 08 00 00 00 00 00 00 04 a4 
fd ee 5c 4a f5 1d 7b 42 fa 44 c1 d2 aa c4 e1 10 c1 69 4f 16 24 9d 5d 19 2e 03 a1 64 a6 aa 6f ba 90 00 
<<<<
>>>>
13 76 00 00 00 
20 b1 f5 66 bc 9b a8 52 87 d9 49 06 87 e5 33 a1 7b e5 22 c5 df dd 2f f6 df e1 55 12 71 d7 44 0b 90 00 
<<<<
>>>>
13 75 00 00 00 
00 00 00 00 00 00 04 a5 90 00 
<<<<
>>>>
13 76 00 00 00 
4b 6c d0 57 c1 b6 c9 7e 29 69 db ba ff c0 05 53 d1 56 f1 4a 5a 45 4c 8b a9 01 99 d8 02 96 39 9d 90 00 
<<<<
>>>>
13 77 00 00 08 00 00 00 00 00 00 04 a5 
20 b1 f5 66 bc 9b a8 52 87 d9 49 06 87 e5 33 a1 7b e5 22 c5 df dd 2f f6 df e1 55 12 71 d7 44 0b 90 00 
<<<<
>>>>
13 75 00 00 00 
00 00 00 00 00 00 04 a6 90 00 
<<<<
>>>>
13 77 00 00 08 00 00 00 00 00 00 04 a6 
4b 6c d0 57 c1 b6 c9 7e 29 69 db ba ff c0 05 53 d1 56 f1 4a 5a 45 4c 8b a9 01 99 d8 02 96 39 9d 90 00 
<<<<
>>>>
13 76 00 00 00 
0c fe 2f de df c7 19 8e 56 d3 bc fb 7b a8 56 35 da ab df 35 0d 2a 66 ce 65 79 56 82 25 a0 16 b5 90 00 
<<<<
>>>>
13 75 00 00 00 
00 00 00 00 00 00 04 a7 90 00 
<<<<
>>>>
13 76 00 00 00 
37 35 28 ea 14 ac 73 97 1c d6 41 87 6f ee 80 01 d5 6d 18 df 50 a2 06 11 c3 5b a9 83 4b 1b 05 0b 90 00 
<<<<
>>>>
13 77 00 00 08 00 00 00 00 00 00 04 a7 
0c fe 2f de df c7 19 8e 56 d3 bc fb 7b a8 56 35 da ab df 35 0d 2a 66 ce 65 79 56 82 25 a0 16 b5 90 00 
<<<<
>>>>
13 75 00 00 00 
00 00 00 00 00 00 04 a8 90 00 
<<<<
>>>>
13 77 00 00 08 00 00 00 00 00 00 04 a8 
37 35 28 ea 14 ac 73 97 1c d6 41 87 6f ee 80 01 d5 6d 18 df 50 a2 06 11 c3 5b a9 83 4b 1b 05 0b 90 00 
<<<<
>>>>
13 76 00 00 00 
c8 02 da 3c 8c dc c0 f0 ba 83 87 08 96 11 a3 8e 61 d5 c9 d0 57 a9 96 1a 2c 4e a3 d6 15 04 80 11 90 00 
<<<<
>>>>
13 75 00 00 00 
00 00 00 00 00 00 04 a9 90 00 
<<<<
>>>>
13 76 00 00 00 
d3 b7 22 75 75 0a 37 61 e0 14 a4 46 03 c0 ae a8 44 da 5d 55 e2 fa a3 ab 2f 59 fe 13 33 ea 45 13 90 00 
<<<<
>>>>
13 77 00 00 08 00 00 00 00 00 00 04 a9 
c8 02 da 3c 8c dc c0 f0 ba 83 87 08 96 11 a3 8e 61 d5 c9 d0 57 a9 96 1a 2c 4e a3 d6 15 04 80 11 90 00 
<<<<
>>>>
13 75 00 00 00 
00 00 00 00 00 00 04 aa 90 00 
<<<<
>>>>
13 77 00 00 08 00 00 00 00 00 00 04 aa 
d3 b7 22 75 75 0a 37 61 e0 14 a4 46 03 c0 ae a8 44 da 5d 55 e2 fa a3 ab 2f 59 fe 13 33 ea 45 13 90 00 
<<<<
>>>>
13 76 00 00 00 
3d 3b 81 5a 77 01 bc 3e 8f 53 dc 6c 66 f0 6d 4e 1d 1d ea 49 6f 41 b4 27 fe 31 80 ab 3c f0 21 46 90 00 
<<<<
>>>>
13 75 00 00 00 
00 00 00 00 00 00 04 ab 90 00 
<<<<
>>>>
13 76 00 00 00 
e9 8e 83 72 9a 87 1f ed 16 af dc 6b e2 ca 83 c2 0e 4a b9 72 fe 3a 07 04 5a a1 11 b3 ac c5 1f 36 90 00 
<<<<
>>>>
13 77 00 00 08 00 00 00 00 00 00 04 ab 
3d 3b 81 5a 77 01 bc 3e 8f 53 dc 6c 66 f0 6d 4e 1d 1d ea 49 6f 41 b4 27 fe 31 80 ab 3c f0 21 46 90 00 
<<<<
>>>>
13 75 00 00 00 
00 00 00 00 00 00 04 ac 90 00 
<<<<
>>>>
13 77 00 00 08 00 00 00 00 00 00 04 ac 
e9 8e 83 72 9a 87 1f ed 16 af dc 6b e2 ca 83 c2 0e 4a b9 72 fe 3a 07 04 5a a1 11 b3 ac c5 1f 36 90 00 
<<<<
>>>>
13 76 00 00 00 
37 b3 3e c5 eb 9d b7 b5 bb 0d b9 1c 5e ab ef 8f e3 ba 52 42 85 71 c5 1b 6e f6 26 e2 07 6a f0 e0 90 00 
<<<<
>>>>
13 75 00 00 00 
00 00 00 00 00 00 04 ad 90 00 
<<<<
>>>>
13 76 00 00 00 
90 5c 07 76 59 a4 a8 4f ca e6 27 2a ff 5c 15 21 bd 87 7a 4a c6 4f 6e f8 a0 fd 58 58 36 b5 ab 57 90 00 
<<<<
>>>>
13 77 00 00 08 00 00 00 00 00 00 04 ad 
37 b3 3e c5 eb 9d b7 b5 bb 0d b9 1c 5e ab ef 8f e3 ba 52 42 85 71 c5 1b 6e f6 26 e2 07 6a f0 e0 90 00 
<<<<
>>>>
13 75 00 00 00 
00 00 00 00 00 00 04 ae 90 00 
<<<<
>>>>
13 77 00 00 08 00 00 00 00 00 00 04 ae 
90 5c 07 76 59 a4 a8 4f ca e6 27 2a ff 5c 15 21 bd 87 7a 4a c6 4f 6e f8 a0 fd 58 58 36 b5 ab 57 90 00 
<<<<
>>>>
13 76 00 00 00 
53 f8 e2 d1 ae 33 c0 99 3e aa b5 47 47 e1 a8 64 5d 77 9d 30 9c 95 db fe 66 6d dd 88 d1 00 42 8c 90 00 
<<<<
>>>>
13 75 00 00 00 
00 00 00 00 00 00 04 af 90 00 
<<<<
>>>>
13 76 00 00 00 
04 fb 59 d2 e2 17 b8 ee 5a 1d e5 2f 08 a2 d0 76 9e 31 b6 02 19 42 85 da 7a e3 62 15 8e e7 d3 2b 90 00 
<<<<
>>>>
13 77 00 00 08 00 00 00 00 00 00 04 af 
53 f8 e2 d1 ae 33 c0 99 3e aa b5 47 47 e1 a8 64 5d 77 9d 30 9c 95 db fe 66 6d dd 88 d1 00 42 8c 90 00 
<<<<
>>>>
13 75 00 00 00 
00 00 00 00 00 00 04 b0 90 00 
<<<<
>>>>
13 77 00 00 08 00 00 00 00 00 00 04 b0 
04 fb 59 d2 e2 17 b8 ee 5a 1d e5 2f 08 a2 d0 76 9e 31 b6 02 19 42 85 da 7a e3 62 15 8e e7 d3 2b 90 00 
<<<<
>>>>
13 76 00 00 00 
07 fe 0e 2d 9a 88 54 90 fd f9 95 b3 79 c1 5c 74 aa 7d f1 49 8f 58 d5 88 73 2b 2b 38 c0 66 8e 9a 90 00 
<<<<
>>>>
13 75 00 00 00 
00 00 00 00 00 00 04 b1 90 00 
<<<<
>>>>
13 76 00 00 00 
a3 04 4d b9 1c 8b 27 26 70 b9 a5 e4 ad ce 28 dd b3 01 45 8b ac 80 4c f1 18 b5 ea f0 e9 79 4c 54 90 00 
<<<<
>>>>
13 77 00 00 08 00 00 00 00 00 00 04 b1 
07 fe 0e 2d 9a 88 54 90 fd f9 95 b3 79 c1 5c 74 aa 7d f1 49 8f 58 d5 88 73 2b 2b 38 c0 66 8e 9a 90 00 
<<<<
>>>>
13 75 00 00 00 
00 00 00 00 00 00 04 b2 90 00 
<<<<
>>>>
13 77 00 00 08 00 00 00 00 00 00 04 b2 
a3 04 4d b9 1c 8b 27 26 70 b9 a5 e4 ad ce 28 dd b3 01 45 8b ac 80 4c f1 18 b5 ea f0 e9 79 4c 54 90 00 
<<<<
>>>>
13 76 00 00 00 
4c cc 6a a3 e1 b3 8f de c0 90 4c af 7e b7 85 09 25 1a 0f d6 3f ae 49 b1 1d c9 a7 ff a3 7d c8 d8 90 00 
<<<<
>>>>
13 75 00 00 00 
00 00 00 00 00 00 04 b3 90 00 
<<<<
>>>>
13 76 00 00 00 
9e 4d b7 0a bd 2e b5 ab 27 88 dc 81 fd dc a8 09 81 b7 20 29 f3 ac 71 42 be 3f ac 80 14 c2 a8 a6 90 00 
<<<<
>>>>
13 77 00 00 08 00 00 00 00 00 00 04 b3 
4c cc 6a a3 e1 b3 8f de c0 90 4c af 7e b7 85 09 25 1a 0f d6 3f ae 49 b1 1d c9 a7 ff a3 7d c8 d8 90 00 
<<<<
>>>>
13 75 00 00 00 
00 00 00 00 00 00 04 b4 90 00 
<<<<
>>>>
13 77 00 00 08 00 00 00 00 00 00 04 b4 
9e 4d b7 0a bd 2e b5 ab 27 88 dc 81 fd dc a8 09 81 b7 20 29 f3 ac 71 42 be 3f ac 80 14 c2 a8 a6 90 00 
<<<<
>>>>
13 76 00 00 00 
53 06 8b 2f 9c 6b f3 c4 5d 48 07 74 57 bd b0 c0 fb eb f1 4b a0 a9 1b 28 2f 4b e3 a4 cf 1c f5 bf 90 00 
<<<<
>>>>
13 75 00 00 00 
00 00 00 00 00 00 04 b5 90 00 
<<<<
>>>>
13 76 00 00 00 
83 87 f4 27 01 93 6e be 6f 82 21 14 07 12 09 aa e5 8a d0 6e cb 28 19 8e e6 ef d6 c6 67 8f 2f 38 90 00 
<<<<
>>>>
13 77 00 00 08 00 00 00 00 00 00 04 b5 
53 06 8b 2f 9c 6b f3 c4 5d 48 07 74 57 bd b0 c0 fb eb f1 4b a0 a9 1b 28 2f 4b e3 a4 cf 1c f5 bf 90 00 
<<<<
>>>>
13 75 00 00 00 
00 00 00 00 00 00 04 b6 90 00 
<<<<
>>>>
13 77 00 00 08 00 00 00 00 00 00 04 b6 
83 87 f4 27 01 93 6e be 6f 82 21 14 07 12 09 aa e5 8a d0 6e cb 28 19 8e e6 ef d6 c6 67 8f 2f 38 90 00 
<<<<
>>>>
13 76 00 00 00 
73 cd 3c d6 51 3c a0 93 14 5f 14 73 8a 44 d0 58 94 54 c8 91 68 10 97 85 17 1e 20 e5 46 de a8 fa 90 00 
<<<<
>>>>
13 75 00 00 00 
00 00 00 00 00 00 04 b7 90 00 
<<<<
>>>>
13 76 00 00 00 
43 b3 27 b2 82 b5 c0 73 83 7d 72 dd 99 83 15 3c c7 62 ef ca 3a d4 c0 32 86 03 a8 c3 27 64 4d 93 90 00 
<<<<
>>>>
13 77 00 00 08 00 00 00 00 00 00 04 b7 
73 cd 3c d6 51 3c a0 93 14 5f 14 73 8a 44 d0 58 94 54 c8 91 68 10 97 85 17 1e 20 e5 46 de a8 fa 90 00 
<<<<
>>>>
13 75 00 00 00 
00 00 00 00 00 00 04 b8 90 00 
<<<<
>>>>
13 77 00 00 08 00 00 00 00 00 00 04 b8 
43 b3 27 b2 82 b5 c0 73 83 7d 72 dd 99 83 15 3c c7 62 ef ca 3a d4 c0 32 86 03 a8 c3 27 64 4d 93 90 00 
<<<<
>>>>
13 76 00 00 00 
f6 d3 92 39 37 08 25 df 89 f2 36 01 e7 63 08 57 f4 18 38 a2 9d 23 45 7a 27 57 72 45 c3 18 5e ab 90 00 
<<<<
>>>>
13 75 00 00 00 
00 00 00 00 00 00 04 b9 90 00 
<<<<
>>>>
13 76 00 00 00 
0a 28 15 52 0e f6 84 f6 9b dc 33 fa 43 c2 76 1a a1 9e 89 13 9f 7a 8a 07 45 47 7b 3d 07 0c 52 73 90 00 
<<<<
>>>>
13 77 00 00 08 00 00 00 00 00 00 04 b9 
f6 d3 92 39 37 08 25 df 89 f2 36 01 e7 63 08 57 f4 18 38 a2 9d 23 45 7a 27 57 72 45 c3 18 5e ab 90 00 
<<<<
>>>>
13 75 00 00 00 
00 00 00 00 00 00 04 ba 90 00 
<<<<
>>>>
13 77 00 00 08 00 00 00 00 00 00 04 ba 
0a 28 15 52 0e f6 84 f6 9b dc 33 fa 43 c2 76 1a a1 9e 89 13 9f 7a 8a 07 45 47 7b 3d 07 0c 52 73 90 00 
<<<<
>>>>
13 76 00 00 00 
ed 4e 7f 9e 70 15 dc 8e 76 5f 56 fd bd 70 77 c6 a5 6f 0d bf 75 14 b1 ce 54 fd 92 e3 aa 8c e3 b6 90 00 
<<<<
>>>>
13 75 00 00 00 
00 00 00 00 00 00 04 bb 90 00 
<<<<
>>>>
13 76 00 00 00 
d6 46 f9 6d 9b 29 7b 48 4f a4 38 a6 c3 33 89 78 a0 06 e7 8a b2 b3 dc 5e ec aa c1 fd 5e 24 66 18 90 00 
<<<<
>>>>
13 77 00 00 08 00 00 00 00 00 00 04 bb 
ed 4e 7f 9e 70 15 dc 8e 76 5f 56 fd bd 70 77 c6 a5 6f 0d bf 75 14 b1 ce 54 fd 92 e3 aa 8c e3 b6 90 00 
<<<<
>>>>
13 75 00 00 00 
00 00 00 00 00 00 04 bc 90 00 
<<<<
>>>>
13 77 00 00 08 00 00 00 00 00 00 04 bc 
d6 46 f9 6d 9b 29 7b 48 4f a4 38 a6 c3 33 89 78 a0 06 e7 8a b2 b3 dc 5e ec aa c1 fd 5e 24 66 18 90 00 
<<<<
>>>>
13 76 00 00 00 
30 2d f9 07 2e 7f e8 73 e2 9d e0 17 68 c2 16 d9 e1 0c bc 1f 70 0e b8 91 b9 11 2e d3 f9 98 16 f8 90 00 
<<<<
>>>>
13 75 00 00 00 
00 00 00 00 00 00 04 bd 90 00 
<<<<
>>>>
13 76 00 00 00 
e1 d5 0a 8f 12 92 d3 f9 bb 14 ee ee cf 9d fb 0a 90 af e5 c3 e4 a6 f1 70 2d 6f 86 47 33 aa c2 61 90 00 
<<<<
>>>>
13 77 00 00 08 00 00 00 00 00 00 04 bd 
30 2d f9 07 2e 7f e8 73 e2 9d e0 17 68 c2 16 d9 e1 0c bc 1f 70 0e b8 91 b9 11 2e d3 f9 98 16 f8 90 00 
<<<<
>>>>
13 75 00 00 00 
00 00 00 00 00 00 04 be 90 00 
<<<<
>>>>
13 77 00 00 08 00 00 00 00 00 00 04 be 
e1 d5 0a 8f 12 92 d3 f9 bb 14 ee ee cf 9d fb 0a 90 af e5 c3 e4 a6 f1 70 2d 6f 86 47 33 aa c2 61 90 00 
<<<<
>>>>
13 76 00 00 00 
68 32 88 79 c9 ce 5e 36 de 41 dd 84 d4 e7 70 72 6d b6 20 46 31 1e f6 ab 30 f4 da ab eb a8 f0 6c 90 00 
<<<<
>>>>
13 75 00 00 00 
00 00 00 00 00 00 04 bf 90 00 
<<<<
>>>>
13 76 00 00 00 
82 d6 c9 c6 1e 8e 45 7b 24 d5 0d 2b 2b 4d f8 21 4b 33 2b 94 29 e9 9d bd 31 46 e9 bb 18 5f 8a dd 90 00 
<<<<
>>>>
13 77 00 00 08 00 00 00 00 00 00 04 bf 
68 32 88 79 c9 ce 5e 36 de 41 dd 84 d4 e7 70 72 6d b6 20 46 31 1e f6 ab 30 f4 da ab eb a8 f0 6c 90 00 
<<<<
>>>>
13 75 00 00 00 
00 00 00 00 00 00 04 c0 90 00 
<<<<
>>>>
13 77 00 00 08 00 00 00 00 00 00 04 c0 
82 d6 c9 c6 1e 8e 45 7b 24 d5 0d 2b 2b 4d f8 21 4b 33 2b 94 29 e9 9d bd 31 46 e9 bb 18 5f 8a dd 90 00 
<<<<
>>>>
13 76 00 00 00 
f9 ad dc 55 2e e7 62 7f 7a 94 30 0e b3 84 ad f6 df 0a 71 fc 1f fb f0 1b e8 d6 3b 70 59 8c 52 91 90 00 
<<<<
>>>>
13 75 00 00 00 
00 00 00 00 00 00 04 c1 90 00 
<<<<
>>>>
13 76 00 00 00 
a5 bd 9f c5 e5 cd 14 a2 5a 7e bb 5b de dd fe 4e b8 04 c3 57 64 cd a2 43 96 d3 65 b8 5f b7 a1 7d 90 00 
<<<<
>>>>
13 77 00 00 08 00 00 00 00 00 00 04 c1 
f9 ad dc 55 2e e7 62 7f 7a 94 30 0e b3 84 ad f6 df 0a 71 fc 1f fb f0 1b e8 d6 3b 70 59 8c 52 91 90 00 
<<<<
>>>>
13 75 00 00 00 
00 00 00 00 00 00 04 c2 90 00 
<<<<
>>>>
13 77 00 00 08 00 00 00 00 00 00 04 c2 
a5 bd 9f c5 e5 cd 14 a2 5a 7e bb 5b de dd fe 4e b8 04 c3 57 64 cd a2 43 96 d3 65 b8 5f b7 a1 7d 90 00 
<<<<
>>>>
13 76 00 00 00 
84 a5 e4 f2 24 32 c3 d3 bd d2 ee 9b 22 a1 df 6c d6 03 6a 9c fb 39 64 d7 44 e6 4f ce f2 1d 0c 7d 90 00 
<<<<
>>>>
13 75 00 00 00 
00 00 00 00 00 00 04 c3 90 00 
<<<<
>>>>
13 76 00 00 00 
1f 3f 44 25 20 0a 31 df 91 d0 e0 40 29 96 28 22 59 4e b4 a9 b1 0f 3b dc c8 20 4b 4c 82 f6 1c 4d 90 00 
<<<<
>>>>
13 77 00 00 08 00 00 00 00 00 00 04 c3 
84 a5 e4 f2 24 32 c3 d3 bd d2 ee 9b 22 a1 df 6c d6 03 6a 9c fb 39 64 d7 44 e6 4f ce f2 1d 0c 7d 90 00 
<<<<
>>>>
13 75 00 00 00 
00 00 00 00 00 00 04 c4 90 00 
<<<<
>>>>
13 77 00 00 08 00 00 00 00 00 00 04 c4 
1f 3f 44 25 20 0a 31 df 91 d0 e0 40 29 96 28 22 59 4e b4 a9 b1 0f 3b dc c8 20 4b 4c 82 f6 1c 4d 90 00 
<<<<
>>>>
13 76 00 00 00 
f6 39 bf 14 9d 04 55 11 bb 69 a8 f8 d0 17 9a 33 8a 6e f7 b2 23 f3 43 db 0a e7 01 08 d1 cd b8 c4 90 00 
<<<<
>>>>
13 75 00 00 00 
00 00 00 00 00 00 04 c5 90 00 
<<<<
>>>>
13 76 00 00 00 
5f f6 b3 30 f2 7f 06 c9 aa a9 ae ce ae c2 12 34 8c 32 10 ec 5e 8a 18 9b 63 a6 25 17 a6 3c 55 0a 90 00 
<<<<
>>>>
13 77 00 00 08 00 00 00 00 00 00 04 c5 
f6 39 bf 14 9d 04 55 11 bb 69 a8 f8 d0 17 9a 33 8a 6e f7 b2 23 f3 43 db 0a e7 01 08 d1 cd b8 c4 90 00 
<<<<
>>>>
13 75 00 00 00 
00 00 00 00 00 00 04 c6 90 00 
<<<<
>>>>
13 77 00 00 08 00 00 00 00 00 00 04 c6 
5f f6 b3 30 f2 7f 06 c9 aa a9 ae ce ae c2 12 34 8c 32 10 ec 5e 8a 18 9b 63 a6 25 17 a6 3c 55 0a 90 00 
<<<<
>>>>
13 76 00 00 00 
9a 74 33 85 9e 2f da fa 8e 95 a8 63 a1 88 8b d7 81 f4 c3 e3 cf 76 dd c1 cf ad d7 fa c3 89 04 9d 90 00 
<<<<
>>>>
13 75 00 00 00 
00 00 00 00 00 00 04 c7 90 00 
<<<<
>>>>
13 76 00 00 00 
7e 35 99 c6 b3 89 cf f1 5c 14 8c e3 7c b7 f2 8f be d4 2b d5 e6 7e 64 69 ad 81 47 88 23 a9 41 06 90 00 
<<<<
>>>>
13 77 00 00 08 00 00 00 00 00 00 04 c7 
9a 74 33 85 9e 2f da fa 8e 95 a8 63 a1 88 8b d7 81 f4 c3 e3 cf 76 dd c1 cf ad d7 fa c3 89 04 9d 90 00 
<<<<
>>>>
13 75 00 00 00 
00 00 00 00 00 00 04 c8 90 00 
<<<<
>>>>
13 77 00 00 08 00 00 00 00 00 00 04 c8 
7e 35 99 c6 b3 89 cf f1 5c 14 8c e3 7c b7 f2 8f be d4 2b d5 e6 7e 64 69 ad 81 47 88 23 a9 41 06 90 00 
<<<<
>>>>
13 76 00 00 00 
8b ce 4f 83 ba 93 40 3e 24 fd 73 35 76 b5 f4 f5 d4 81 68 08 ad b9 98 13 e6 97 28 63 1b 27 fb da 90 00 
<<<<
>>>>
13 75 00 00 00 
00 00 00 00 00 00 04 c9 90 00 
<<<<
>>>>
13 76 00 00 00 
c1 43 76 8f bb 6a f8 4b e5 c2 65 0a e5 7d 58 71 93 66 97 7a 61 c1 fc 16 26 77 2f ed 1b 62 96 7f 90 00 
<<<<
>>>>
13 77 00 00 08 00 00 00 00 00 00 04 c9 
8b ce 4f 83 ba 93 40 3e 24 fd 73 35 76 b5 f4 f5 d4 81 68 08 ad b9 98 13 e6 97 28 63 1b 27 fb da 90 00 
<<<<
>>>>
13 75 00 00 00 
00 00 00 00 00 00 04 ca 90 00 
<<<<
>>>>
13 77 00 00 08 00 00 00 00 00 00 04 ca 
c1 43 76 8f bb 6a f8 4b e5 c2 65 0a e5 7d 58 71 93 66 97 7a 61 c1 fc 16 26 77 2f ed 1b 62 96 7f 90 00 
<<<<
>>>>
13 76 00 00 00 
af b7 28 30 75 97 96 fe 13 e7 d5 0c 6d be 74 bb 6f 61 47 c6 fd 01 98 61 43 c3 2d 00 17 d6 24 13 90 00 
<<<<
>>>>
13 75 00 00 00 
00 00 00 00 00 00 04 cb 90 00 
<<<<
>>>>
13 76 00 00 00 
a8 74 5b 98 0b 01 92 0a d5 dd 3a b8 6d df 4f e4 8d 91 18 53 c3 db 03 0a ce f2 c3 5b 01 78 d7 0b 90 00 
<<<<
>>>>
13 77 00 00 08 00 00 00 00 00 00 04 cb 
af b7 28 30 75 97 96 fe 13 e7 d5 0c 6d be 74 bb 6f 61 47 c6 fd 01 98 61 43 c3 2d 00 17 d6 24 13 90 00 
<<<<
>>>>
13 75 00 00 00 
00 00 00 00 00 00 04 cc 90 00 
<<<<
>>>>
13 77 00 00 08 00 00 00 00 00 00 04 cc 
a8 74 5b 98 0b 01 92 0a d5 dd 3a b8 6d df 4f e4 8d 91 18 53 c3 db 03 0a ce f2 c3 5b 01 78 d7 0b 90 00 
<<<<
>>>>
13 76 00 00 00 
43 1f d5 1a df ee 5a f4 a6 48 0a e3 44 13 9a f1 b0 82 d1 67 70 57 cc d5 1a 75 f9 12 65 e3 8f da 90 00 
<<<<
>>>>
13 75 00 00 00 
00 00 00 00 00 00 04 cd 90 00 
<<<<
>>>>
13 76 00 00 00 
e0 95 ac 6b d3 fa c4 ee bd 44 b4 d3 69 53 ee 7a f7 2f 1a 41 2a 76 21 f8 5e b7 2d 36 71 51 26 3c 90 00 
<<<<
>>>>
13 77 00 00 08 00 00 00 00 00 00 04 cd 
43 1f d5 1a df ee 5a f4 a6 48 0a e3 44 13 9a f1 b0 82 d1 67 70 57 cc d5 1a 75 f9 12 65 e3 8f da 90 00 
<<<<
>>>>
13 75 00 00 00 
00 00 00 00 00 00 04 ce 90 00 
<<<<
>>>>
13 77 00 00 08 00 00 00 00 00 00 04 ce 
e0 95 ac 6b d3 fa c4 ee bd 44 b4 d3 69 53 ee 7a f7 2f 1a 41 2a 76 21 f8 5e b7 2d 36 71 51 26 3c 90 00 
<<<<
>>>>
13 76 00 00 00 
c0 2e da c2 30 90 af 71 b9 4a 4f 61 0a 02 fa 26 86 8e 06 66 03 e1 bd 2c 8e 37 50 db b9 a2 d7 c8 90 00 
<<<<
>>>>
13 75 00 00 00 
00 00 00 00 00 00 04 cf 90 00 
<<<<
>>>>
13 76 00 00 00 
40 43 d6 8f 8b c0 1b 40 c5 a9 62 fb 52 a5 39 0e 51 71 9a 57 03 ef 54 ea ac 9e 2b c7 1d 6b 21 45 90 00 
<<<<
>>>>
13 77 00 00 08 00 00 00 00 00 00 04 cf 
c0 2e da c2 30 90 af 71 b9 4a 4f 61 0a 02 fa 26 86 8e 06 66 03 e1 bd 2c 8e 37 50 db b9 a2 d7 c8 90 00 
<<<<
>>>>
13 75 00 00 00 
00 00 00 00 00 00 04 d0 90 00 
<<<<
>>>>
13 77 00 00 08 00 00 00 00 00 00 04 d0 
40 43 d6 8f 8b c0 1b 40 c5 a9 62 fb 52 a5 39 0e 51 71 9a 57 03 ef 54 ea ac 9e 2b c7 1d 6b 21 45 90 00 
<<<<
>>>>
13 76 00 00 00 
69 12 6d 5b b9 51 d7 e0 0a bf d4 38 cb 95 e8 3b 13 b8 3a 95 ef 8b 89 4a 21 d9 e9 dd 66 75 55 e3 90 00 
<<<<
>>>>
13 75 00 00 00 
00 00 00 00 00 00 04 d1 90 00 
<<<<
>>>>
13 76 00 00 00 
d7 28 2e e7 21 5f 85 dc e6 c0 c5 59 51 dd 1a 68 6c 6d 80 f0 a6 74 8d 77 ae ac 60 a1 a5 78 b5 c9 90 00 
<<<<
>>>>
13 77 00 00 08 00 00 00 00 00 00 04 d1 
69 12 6d 5b b9 51 d7 e0 0a bf d4 38 cb 95 e8 3b 13 b8 3a 95 ef 8b 89 4a 21 d9 e9 dd 66 75 55 e3 90 00 
<<<<
>>>>
13 75 00 00 00 
00 00 00 00 00 00 04 d2 90 00 
<<<<
>>>>
13 77 00 00 08 00 00 00 00 00 00 04 d2 
d7 28 2e e7 21 5f 85 dc e6 c0 c5 59 51 dd 1a 68 6c 6d 80 f0 a6 74 8d 77 ae ac 60 a1 a5 78 b5 c9 90 00 
<<<<
>>>>
13 76 00 00 00 
9a 0f 45 b8 c0 6d d6 ad a4 7a 26 0b dc 89 98 31 30 53 79 39 eb ca a2 c4 12 ca 8b ca 76 44 4a 58 90 00 
<<<<
>>>>
13 75 00 00 00 
00 00 00 00 00 00 04 d3 90 00 
<<<<
>>>>
13 76 00 00 00 
e2 98 fd 60 6a 65 3e fa ef 69 34 6c eb f4 74 d4 34 3c 17 54 4e 3a b4 6d 2f f5 bb 3d 72 c9 b8 f2 90 00 
<<<<
>>>>
13 77 00 00 08 00 00 00 00 00 00 04 d3 
9a 0f 45 b8 c0 6d d6 ad a4 7a 26 0b dc 89 98 31 30 53 79 39 eb ca a2 c4 12 ca 8b ca 76 44 4a 58 90 00 
<<<<
>>>>
13 75 00 00 00 
00 00 00 00 00 00 04 d4 90 00 
<<<<
>>>>
13 77 00 00 08 00 00 00 00 00 00 04 d4 
e2 98 fd 60 6a 65 3e fa ef 69 34 6c eb f4 74 d4 34 3c 17 54 4e 3a b4 6d 2f f5 bb 3d 72 c9 b8 f2 90 00 
<<<<
>>>>
13 76 00 00 00 
cf 2d bf 41 cf 32 32 29 ef 09 e5 85 9d 28 be f8 81 ff d3 68 41 91 03 08 47 d6 f3 d0 1d bf da 23 90 00 
<<<<
>>>>
13 75 00 00 00 
00 00 00 00 00 00 04 d5 90 00 
<<<<
>>>>
13 76 00 00 00 
8c d1 06 76 a2 95 20 10 25 a3 05 92 b4 6e 03 f9 d1 64 2c f8 cc ce b9 1d d3 9c 6d 30 8b 3a df 8a 90 00 
<<<<
>>>>
13 77 00 00 08 00 00 00 00 00 00 04 d5 
cf 2d bf 41 cf 32 32 29 ef 09 e5 85 9d 28 be f8 81 ff d3 68 41 91 03 08 47 d6 f3 d0 1d bf da 23 90 00 
<<<<
>>>>
13 75 00 00 00 
00 00 00 00 00 00 04 d6 90 00 
<<<<
>>>>
13 77 00 00 08 00 00 00 00 00 00 04 d6 
8c d1 06 76 a2 95 20 10 25 a3 05 92 b4 6e 03 f9 d1 64 2c f8 cc ce b9 1d d3 9c 6d 30 8b 3a df 8a 90 00 
<<<<
>>>>
13 76 00 00 00 
16 87 3a 6e bc 8d df f9 5d fd 2b 04 85 86 e0 0d d2 73 0e db e6 49 cb da 68 5b 38 92 11 ab 2e e1 90 00 
<<<<
>>>>
13 75 00 00 00 
00 00 00 00 00 00 04 d7 90 00 
<<<<
>>>>
13 76 00 00 00 
88 d7 4b 38 54 98 73 ab d4 ea 50 d4 a5 9f b7 32 de 17 41 97 35 c2 61 c8 67 4c 20 85 66 4a 54 0f 90 00 
<<<<
>>>>
13 77 00 00 08 00 00 00 00 00 00 04 d7 
16 87 3a 6e bc 8d df f9 5d fd 2b 04 85 86 e0 0d d2 73 0e db e6 49 cb da 68 5b 38 92 11 ab 2e e1 90 00 
<<<<
>>>>
13 75 00 00 00 
00 00 00 00 00 00 04 d8 90 00 
<<<<
>>>>
13 77 00 00 08 00 00 00 00 00 00 04 d8 
88 d7 4b 38 54 98 73 ab d4 ea 50 d4 a5 9f b7 32 de 17 41 97 35 c2 61 c8 67 4c 20 85 66 4a 54 0f 90 00 
<<<<
>>>>
13 76 00 00 00 
4a 52 fa 37 64 bd 47 66 a1 f6 09 03 d9 ea 2d 7e 74 ba 00 1c 79 8c a1 ee 68 26 e7 90 f7 52 bd 97 90 00 
<<<<
>>>>
13 75 00 00 00 
00 00 00 00 00 00 04 d9 90 00 
<<<<
>>>>
13 76 00 00 00 
b4 7d a8 6b 75 5f 2b d4 54 a4 a6 15 63 54 27 c3 52 0f d6 8c ef b7 05 61 53 4c 32 1a 67 f1 f1 35 90 00 
<<<<
>>>>
13 77 00 00 08 00 00 00 00 00 00 04 d9 
4a 52 fa 37 64 bd 47 66 a1 f6 09 03 d9 ea 2d 7e 74 ba 00 1c 79 8c a1 ee 68 26 e7 90 f7 52 bd 97 90 00 
<<<<
>>>>
13 75 00 00 00 
00 00 00 00 00 00 04 da 90 00 
<<<<
>>>>
13 77 00 00 08 00 00 00 00 00 00 04 da 
b4 7d a8 6b 75 5f 2b d4 54 a4 a6 15 63 54 27 c3 52 0f d6 8c ef b7 05 61 53 4c 32 1a 67 f1 f1 35 90 00 
<<<<
>>>>
13 76 00 00 00 
f1 1d 3b fe a3 02 80 50 5f fa 82 b4 2c 52 53 cd 8f 07 b3 3f 46 ad 3e db e1 34 ac a1 ba 2d 60 bd 90 00 
<<<<
>>>>
13 75 00 00 00 
00 00 00 00 00 00 04 db 90 00 
<<<<
>>>>
13 76 00 00 00 
fc 29 d5 bd ce 3c f3 32 3e 52 0a f6 cc 19 26 dc ea 23 17 23 a5 97 1d 5c 9b 5d 1a bd 3a f1 24 c8 90 00 
<<<<
>>>>
13 77 00 00 08 00 00 00 00 00 00 04 db 
f1 1d 3b fe a3 02 80 50 5f fa 82 b4 2c 52 53 cd 8f 07 b3 3f 46 ad 3e db e1 34 ac a1 ba 2d 60 bd 90 00 
<<<<
>>>>
13 75 00 00 00 
00 00 00 00 00 00 04 dc 90 00 
<<<<
>>>>
13 77 00 00 08 00 00 00 00 00 00 04 dc 
fc 29 d5 bd ce 3c f3 32 3e 52 0a f6 cc 19 26 dc ea 23 17 23 a5 97 1d 5c 9b 5d 1a bd 3a f1 24 c8 90 00 
<<<<
>>>>
13 76 00 00 00 
22 b5 5d 06 fc 78 d9 d0 64 fc d8 14 76 c3 42 6d 78 7e db f5 5e 9c fa 74 d7 f4 bb 5e 66 eb 36 97 90 00 
<<<<
>>>>
13 75 00 00 00 
00 00 00 00 00 00 04 dd 90 00 
<<<<
>>>>
13 76 00 00 00 
99 6a a0 89 26 71 c3 9b 70 45 8d 1a d7 08 e3 2a dc a6 55 fd d9 e3 f5 fa 7c 71 35 9c 64 09 4e 58 90 00 
<<<<
>>>>
13 77 00 00 08 00 00 00 00 00 00 04 dd 
22 b5 5d 06 fc 78 d9 d0 64 fc d8 14 76 c3 42 6d 78 7e db f5 5e 9c fa 74 d7 f4 bb 5e 66 eb 36 97 90 00 
<<<<
>>>>
13 75 00 00 00 
00 00 00 00 00 00 04 de 90 00 
<<<<
>>>>
13 77 00 00 08 00 00 00 00 00 00 04 de 
99 6a a0 89 26 71 c3 9b 70 45 8d 1a d7 08 e3 2a dc a6 55 fd d9 e3 f5 fa 7c 71 35 9c 64 09 4e 58 90 00 
<<<<
>>>>
13 76 00 00 00 
0b 8e 0b 6f c2 e2 53 a2 b1 f8 4b a4 e0 59 52 a9 2d 33 d8 f2 18 cf 14 cd 47 de 15 5f 32 4a f1 aa 90 00 
<<<<
>>>>
13 75 00 00 00 
00 00 00 00 00 00 04 df 90 00 
<<<<
>>>>
13 76 00 00 00 
6b 04 26 8d 14 3a 3f 4c c3 34 89 c1 9f 0f 60 54 a8 76 85 e9 18 29 54 72 bf f2 36 a7 8c 60 b5 30 90 00 
<<<<
>>>>
13 77 00 00 08 00 00 00 00 00 00 04 df 
0b 8e 0b 6f c2 e2 53 a2 b1 f8 4b a4 e0 59 52 a9 2d 33 d8 f2 18 cf 14 cd 47 de 15 5f 32 4a f1 aa 90 00 
<<<<
>>>>
13 75 00 00 00 
00 00 00 00 00 00 04 e0 90 00 
<<<<
>>>>
13 77 00 00 08 00 00 00 00 00 00 04 e0 
6b 04 26 8d 14 3a 3f 4c c3 34 89 c1 9f 0f 60 54 a8 76 85 e9 18 29 54 72 bf f2 36 a7 8c 60 b5 30 90 00 
<<<<
>>>>
13 76 00 00 00 
8f 92 a0 e2 a3 2a b8 6d 63 50 66 e1 f0 8e 1b df 01 d0 c8 64 5e da 72 04 af 30 85 c6 cc 40 a1 f3 90 00 
<<<<
>>>>
13 75 00 00 00 
00 00 00 00 00 00 04 e1 90 00 
<<<<
>>>>
13 76 00 00 00 
4f 40 66 79 e5 2b 65 51 17 72 19 d0 99 ce 68 a2 90 d6 5d ce 66 42 b1 c3 83 d0 fd f7 c6 3d 59 26 90 00 
<<<<
>>>>
13 77 00 00 08 00 00 00 00 00 00 04 e1 
8f 92 a0 e2 a3 2a b8 6d 63 50 66 e1 f0 8e 1b df 01 d0 c8 64 5e da 72 04 af 30 85 c6 cc 40 a1 f3 90 00 
<<<<
>>>>
13 75 00 00 00 
00 00 00 00 00 00 04 e2 90 00 
<<<<
>>>>
13 77 00 00 08 00 00 00 00 00 00 04 e2 
4f 40 66 79 e5 2b 65 51 17 72 19 d0 99 ce 68 a2 90 d6 5d ce 66 42 b1 c3 83 d0 fd f7 c6 3d 59 26 90 00 
<<<<
>>>>
13 76 00 00 00 
8c df 43 e8 8a c3 4a 6f 51 df 28 75 e3 00 7a e1 2f 91 8a d2 26 9c fa 8e b4 a2 69 e2 81 83 49 2c 90 00 
<<<<
>>>>
13 75 00 00 00 
00 00 00 00 00 00 04 e3 90 00 
<<<<
>>>>
13 76 00 00 00 
26 8d 14 8d 78 51 89 8e f1 19 2d aa 4d 3b 33 2b b6 28 fc bc 63 ae 86 3e d7 20 ed 7d a1 35 b0 3d 90 00 
<<<<
>>>>
13 77 00 00 08 00 00 00 00 00 00 04 e3 
8c df 43 e8 8a c3 4a 6f 51 df 28 75 e3 00 7a e1 2f 91 8a d2 26 9c fa 8e b4 a2 69 e2 81 83 49 2c 90 00 
<<<<
>>>>
13 75 00 00 00 
00 00 00 00 00 00 04 e4 90 00 
<<<<
>>>>
13 77 00 00 08 00 00 00 00 00 00 04 e4 
26 8d 14 8d 78 51 89 8e f1 19 2d aa 4d 3b 33 2b b6 28 fc bc 63 ae 86 3e d7 20 ed 7d a1 35 b0 3d 90 00 
<<<<
>>>>
13 76 00 00 00 
2b fa 5e cb a8 d8 d4 07 1e 1d a7 8d 97 52 2a 59 fb 41 88 a5 b6 12 23 32 5b 80 4c 21 44 e0 cd 8b 90 00 
<<<<
>>>>
13 75 00 00 00 
00 00 00 00 00 00 04 e5 90 00 
<<<<
>>>>
13 76 00 00 00 
22 97 7c 14 36 fb d2 87 fb 5f 6c 22 fc 26 a8 76 38 64 a9 ae e6 c4 5e b9 3a a4 0b d9 15 34 27 8e 90 00 
<<<<
>>>>
13 77 00 00 08 00 00 00 00 00 00 04 e5 
2b fa 5e cb a8 d8 d4 07 1e 1d a7 8d 97 52 2a 59 fb 41 88 a5 b6 12 23 32 5b 80 4c 21 44 e0 cd 8b 90 00 
<<<<
>>>>
13 75 00 00 00 
00 00 00 00 00 00 04 e6 90 00 
<<<<
>>>>
13 77 00 00 08 00 00 00 00 00 00 04 e6 
22 97 7c 14 36 fb d2 87 fb 5f 6c 22 fc 26 a8 76 38 64 a9 ae e6 c4 5e b9 3a a4 0b d9 15 34 27 8e 90 00 
<<<<
>>>>
13 76 00 00 00 
02 2f d5 de c8 5c 4e ba 12 0f 0c b8 0a af 9c 57 e8 2f f1 04 0c 70 f3 6d 75 ef 8e d2 c3 56 6c 73 90 00 
<<<<
>>>>
13 75 00 00 00 
00 00 00 00 00 00 04 e7 90 00 
<<<<
>>>>
13 76 00 00 00 
56 b5 ca 2c ad bb f7 34 8b 15 31 44 a9 3c 8a 5d 4f 98 37 a5 74 13 c3 65 77 15 df c6 3f 32 24 8b 90 00 
<<<<
>>>>
13 77 00 00 08 00 00 00 00 00 00 04 e7 
02 2f d5 de c8 5c 4e ba 12 0f 0c b8 0a af 9c 57 e8 2f f1 04 0c 70 f3 6d 75 ef 8e d2 c3 56 6c 73 90 00 
<<<<
>>>>
13 75 00 00 00 
00 00 00 00 00 00 04 e8 90 00 
<<<<
>>>>
13 77 00 00 08 00 00 00 00 00 00 04 e8 
56 b5 ca 2c ad bb f7 34 8b 15 31 44 a9 3c 8a 5d 4f 98 37 a5 74 13 c3 65 77 15 df c6 3f 32 24 8b 90 00 
<<<<
>>>>
13 76 00 00 00 
36 f4 e6 62 8a b3 ae 9f e7 0f a7 76 54 8f 7d cb 17 4c 38 bf 90 23 32 d4 a0 42 cc 98 2f f0 78 51 90 00 
<<<<
>>>>
13 75 00 00 00 
00 00 00 00 00 00 04 e9 90 00 
<<<<
>>>>
13 76 00 00 00 
a0 7e 5e 1d 71 0a d9 28 cd 87 0f 3f 0e 96 29 af 7a 14 e2 08 24 82 d8 c8 c9 ec 5c 40 22 51 6e 7d 90 00 
<<<<
>>>>
13 77 00 00 08 00 00 00 00 00 00 04 e9 
36 f4 e6 62 8a b3 ae 9f e7 0f a7 76 54 8f 7d cb 17 4c 38 bf 90 23 32 d4 a0 42 cc 98 2f f0 78 51 90 00 
<<<<
>>>>
13 75 00 00 00 
00 00 00 00 00 00 04 ea 90 00 
<<<<
>>>>
13 77 00 00 08 00 00 00 00 00 00 04 ea 
a0 7e 5e 1d 71 0a d9 28 cd 87 0f 3f 0e 96 29 af 7a 14 e2 08 24 82 d8 c8 c9 ec 5c 40 22 51 6e 7d 90 00 
<<<<
>>>>
13 76 00 00 00 
7c 0f 80 33 60 44 68 d7 21 05 5c 55 25 66 cd 67 9a 60 52 9f e8 cc 67 3e ec d4 12 b6 8f 06 54 2f 90 00 
<<<<
>>>>
13 75 00 00 00 
00 00 00 00 00 00 04 eb 90 00 
<<<<
>>>>
13 76 00 00 00 
c9 af 16 f0 83 98 93 26 ef d3 de 63 40 02 7f 13 da f9 db c6 25 cd 32 60 ee 87 d7 e9 8a 1d 08 50 90 00 
<<<<
>>>>
13 77 00 00 08 00 00 00 00 00 00 04 eb 
7c 0f 80 33 60 44 68 d7 21 05 5c 55 25 66 cd 67 9a 60 52 9f e8 cc 67 3e ec d4 12 b6 8f 06 54 2f 90 00 
<<<<
>>>>
13 75 00 00 00 
00 00 00 00 00 00 04 ec 90 00 
<<<<
>>>>
13 77 00 00 08 00 00 00 00 00 00 04 ec 
c9 af 16 f0 83 98 93 26 ef d3 de 63 40 02 7f 13 da f9 db c6 25 cd 32 60 ee 87 d7 e9 8a 1d 08 50 90 00 
<<<<
>>>>
13 76 00 00 00 
23 9f 36 f2 84 9b 02 fc cb f5 aa 73 60 60 1a 66 4b 97 71 d3 c7 49 76 18 a3 e5 4c e5 72 d9 88 9d 90 00 
<<<<
>>>>
13 75 00 00 00 
00 00 00 00 00 00 04 ed 90 00 
<<<<
>>>>
13 76 00 00 00 
7d cb 76 6c 4c 67 10 e5 6f 63 9a df f2 1a 87 8b e0 b2 05 cf 5f 96 88 53 ea 18 58 e7 ac 14 b8 64 90 00 
<<<<
>>>>
13 77 00 00 08 00 00 00 00 00 00 04 ed 
23 9f 36 f2 84 9b 02 fc cb f5 aa 73 60 60 1a 66 4b 97 71 d3 c7 49 76 18 a3 e5 4c e5 72 d9 88 9d 90 00 
<<<<
>>>>
13 75 00 00 00 
00 00 00 00 00 00 04 ee 90 00 
<<<<
>>>>
13 77 00 00 08 00 00 00 00 00 00 04 ee 
7d cb 76 6c 4c 67 10 e5 6f 63 9a df f2 1a 87 8b e0 b2 05 cf 5f 96 88 53 ea 18 58 e7 ac 14 b8 64 90 00 
<<<<
>>>>
13 76 00 00 00 
e1 56 9a 53 61 75 2b 53 7b e0 19 82 06 c2 ef 09 30 bc 99 89 12 87 de 07 15 1e 03 fa a6 43 c9 b9 90 00 
<<<<
>>>>
13 75 00 00 00 
00 00 00 00 00 00 04 ef 90 00 
<<<<
>>>>
13 76 00 00 00 
3a 30 9e 97 67 a3 69 32 a8 cb a2 c7 c7 f1 39 0e 59 72 54 d8 6f 92 40 c5 4b 1a 8f c5 ee 23 bf ad 90 00 
<<<<
>>>>
13 77 00 00 08 00 00 00 00 00 00 04 ef 
e1 56 9a 53 61 75 2b 53 7b e0 19 82 06 c2 ef 09 30 bc 99 89 12 87 de 07 15 1e 03 fa a6 43 c9 b9 90 00 
<<<<
>>>>
13 75 00 00 00 
00 00 00 00 00 00 04 f0 90 00 
<<<<
>>>>
13 77 00 00 08 00 00 00 00 00 00 04 f0 
3a 30 9e 97 67 a3 69 32 a8 cb a2 c7 c7 f1 39 0e 59 72 54 d8 6f 92 40 c5 4b 1a 8f c5 ee 23 bf ad 90 00 
<<<<
>>>>
13 76 00 00 00 
85 72 23 36 e0 12 cf 53 75 bb 91 45 c3 c9 ca 78 fd 54 7d 5d fb 0f 0f 36 49 63 8f 97 7f ac a3 b8 90 00 
<<<<
>>>>
13 75 00 00 00 
00 00 00 00 00 00 04 f1 90 00 
<<<<
>>>>
13 76 00 00 00 
e9 9e e9 47 fd 2c 91 5e 22 04 b3 82 9e 7c 39 3d 13 1e de be 2d 67 8e 5d ae 18 4e cc 7b 8b 70 4d 90 00 
<<<<
>>>>
13 77 00 00 08 00 00 00 00 00 00 04 f1 
85 72 23 36 e0 12 cf 53 75 bb 91 45 c3 c9 ca 78 fd 54 7d 5d fb 0f 0f 36 49 63 8f 97 7f ac a3 b8 90 00 
<<<<
>>>>
13 75 00 00 00 
00 00 00 00 00 00 04 f2 90 00 
<<<<
>>>>
13 77 00 00 08 00 00 00 00 00 00 04 f2 
e9 9e e9 47 fd 2c 91 5e 22 04 b3 82 9e 7c 39 3d 13 1e de be 2d 67 8e 5d ae 18 4e cc 7b 8b 70 4d 90 00 
<<<<
>>>>
13 76 00 00 00 
96 48 53 02 05 b3 2a 5b 0e d8 ba 15 7f 86 49 6d 93 2c 0b f5 00 9e 11 a1 18 d3 1a dd d7 c4 e0 85 90 00 
<<<<
>>>>
13 75 00 00 00 
00 00 00 00 00 00 04 f3 90 00 
<<<<
>>>>
13 76 00 00 00 
87 de 53 ec 1a 54 bd 9f 9d 2c 63 84 03 09 e6 22 c9 f7 d3 d3 35 df 0a 65 fa cf a4 93 25 08 3c 29 90 00 
<<<<
>>>>
13 77 00 00 08 00 00 00 00 00 00 04 f3 
96 48 53 02 05 b3 2a 5b 0e d8 ba 15 7f 86 49 6d 93 2c 0b f5 00 9e 11 a1 18 d3 1a dd d7 c4 e0 85 90 00 
<<<<
>>>>
13 75 00 00 00 
00 00 00 00 00 00 04 f4 90 00 
<<<<
>>>>
13 77 00 00 08 00 00 00 00 00 00 04 f4 
87 de 53 ec 1a 54 bd 9f 9d 2c 63 84 03 09 e6 22 c9 f7 d3 d3 35 df 0a 65 fa cf a4 93 25 08 3c 29 90 00 
<<<<
>>>>
13 76 00 00 00 
ea fd 90 4b 0f 9a 70 7f 20 c4 f5 75 0f d4 25 a5 af 3c 6a 21 c1 c3 35 b0 ad c7 50 12 ab d6 8d 9b 90 00 
<<<<
>>>>
13 75 00 00 00 
00 00 00 00 00 00 04 f5 90 00 
<<<<
>>>>
13 76 00 00 00 
63 69 e6 10 59 db 57 37 17 f5 8c e9 7b fb 1d 3b 2b df 62 b5 b2 c1 a3 24 99 e5 2d 66 fd 12 05 8f 90 00 
<<<<
>>>>
13 77 00 00 08 00 00 00 00 00 00 04 f5 
ea fd 90 4b 0f 9a 70 7f 20 c4 f5 75 0f d4 25 a5 af 3c 6a 21 c1 c3 35 b0 ad c7 50 12 ab d6 8d 9b 90 00 
<<<<
>>>>
13 75 00 00 00 
00 00 00 00 00 00 04 f6 90 00 
<<<<
>>>>
13 77 00 00 08 00 00 00 00 00 00 04 f6 
63 69 e6 10 59 db 57 37 17 f5 8c e9 7b fb 1d 3b 2b df 62 b5 b2 c1 a3 24 99 e5 2d 66 fd 12 05 8f 90 00 
<<<<
>>>>
13 76 00 00 00 
16 79 dd 7f 9a 60 e1 45 e1 6e 9e bc ef 54 c9 65 02 63 83 7e 13 fa ca b4 39 ad 28 b8 9b 87 f2 4c 90 00 
<<<<
>>>>
13 75 00 00 00 
00 00 00 00 00 00 04 f7 90 00 
<<<<
>>>>
13 76 00 00 00 
9e 76 86 52 5c 7f 8b 68 0b 3c ba 97 56 ba e4 c4 0b 88 00 13 89 55 dd 2f a7 3f 3b fe f4 30 ce cd 90 00 
<<<<
>>>>
13 77 00 00 08 00 00 00 00 00 00 04 f7 
16 79 dd 7f 9a 60 e1 45 e1 6e 9e bc ef 54 c9 65 02 63 83 7e 13 fa ca b4 39 ad 28 b8 9b 87 f2 4c 90 00 
<<<<
>>>>
13 75 00 00 00 
00 00 00 00 00 00 04 f8 90 00 
<<<<
>>>>
13 77 00 00 08 00 00 00 00 00 00 04 f8 
9e 76 86 52 5c 7f 8b 68 0b 3c ba 97 56 ba e4 c4 0b 88 00 13 89 55 dd 2f a7 3f 3b fe f4 30 ce cd 90 00 
<<<<
>>>>
13 76 00 00 00 
59 66 a5 df 20 5a 5f 01 a5 b9 70 f0 65 d6 23 db 2c 96 37 e0 a6 00 7d 80 46 17 da a9 19 8b be af 90 00 
<<<<
>>>>
13 75 00 00 00 
00 00 00 00 00 00 04 f9 90 00 
<<<<
>>>>
13 76 00 00 00 
01 50 5c 49 ca a1 cc 78 c7 f4 39 07 a8 c0 33 00 c9 82 92 65 82 b3 71 f9 8a 61 53 2d 82 98 e1 3d 90 00 
<<<<
>>>>
13 77 00 00 08 00 00 00 00 00 00 04 f9 
59 66 a5 df 20 5a 5f 01 a5 b9 70 f0 65 d6 23 db 2c 96 37 e0 a6 00 7d 80 46 17 da a9 19 8b be af 90 00 
<<<<
>>>>
13 75 00 00 00 
00 00 00 00 00 00 04 fa 90 00 
<<<<
>>>>
13 77 00 00 08 00 00 00 00 00 00 04 fa 
01 50 5c 49 ca a1 cc 78 c7 f4 39 07 a8 c0 33 00 c9 82 92 65 82 b3 71 f9 8a 61 53 2d 82 98 e1 3d 90 00 
<<<<
>>>>
13 76 00 00 00 
a1 59 64 d5 1f 0b 41 1b 7e 58 6b 6b 49 84 58 bb 3e e1 38 7d a7 14 78 a3 94 f4 4f f0 99 4b 91 58 90 00 
<<<<
>>>>
13 75 00 00 00 
00 00 00 00 00 00 04 fb 90 00 
<<<<
>>>>
13 76 00 00 00 
80 6f 6a 05 97 a8 99 fd a7 16 2c 74 e1 e9 87 d5 3f 70 59 21 af ce 6d cb 5e 0b 0b f8 64 3a 80 1d 90 00 
<<<<
>>>>
13 77 00 00 08 00 00 00 00 00 00 04 fb 
a1 59 64 d5 1f 0b 41 1b 7e 58 6b 6b 49 84 58 bb 3e e1 38 7d a7 14 78 a3 94 f4 4f f0 99 4b 91 58 90 00 
<<<<
>>>>
13 75 00 00 00 
00 00 00 00 00 00 04 fc 90 00 
<<<<
>>>>
13 77 00 00 08 00 00 00 00 00 00 04 fc 
80 6f 6a 05 97 a8 99 fd a7 16 2c 74 e1 e9 87 d5 3f 70 59 21 af ce 6d cb 5e 0b 0b f8 64 3a 80 1d 90 00 
<<<<
>>>>
13 76 00 00 00 
c8 a0 e9 a0 14 c9 02 f3 87 bd 95 92 4e a5 06 94 db 34 6e 75 95 54 7f d0 70 28 68 99 46 48 d1 16 90 00 
<<<<
>>>>
13 75 00 00 00 
00 00 00 00 00 00 04 fd 90 00 
<<<<
>>>>
13 76 00 00 00 
46 a2 19 37 c1 71 90 a6 c8 c0 eb 74 92 24 4e a6 7d 33 62 8e a1 33 4c d7 fb 7e 20 3d bb 74 3a 52 90 00 
<<<<
>>>>
13 77 00 00 08 00 00 00 00 00 00 04 fd 
c8 a0 e9 a0 14 c9 02 f3 87 bd 95 92 4e a5 06 94 db 34 6e 75 95 54 7f d0 70 28 68 99 46 48 d1 16 90 00 
<<<<
>>>>
13 75 00 00 00 
00 00 00 00 00 00 04 fe 90 00 
<<<<
>>>>
13 77 00 00 08 00 00 00 00 00 00 04 fe 
46 a2 19 37 c1 71 90 a6 c8 c0 eb 74 92 24 4e a6 7d 33 62 8e a1 33 4c d7 fb 7e 20 3d bb 74 3a 52 90 00 
<<<<
>>>>
13 76 00 00 00 
fd 5c 54 2d 77 08 2a d6 36 0c 77 0a 80 36 cb be 2e e7 0c cd 18 c3 19 18 0b de 9c 39 a8 a4 a1 5b 90 00 
<<<<
>>>>
13 75 00 00 00 
00 00 00 00 00 00 04 ff 90 00 
<<<<
>>>>
13 76 00 00 00 
a4 ca 41 ca d4 48 04 aa 1f 45 1b 8d 6e b8 1c 1d 55 5a 2b aa 58 f4 f8 59 9b cd 0f d5 55 c7 83 99 90 00 
<<<<
>>>>
13 77 00 00 08 00 00 00 00 00 00 04 ff 
fd 5c 54 2d 77 08 2a d6 36 0c 77 0a 80 36 cb be 2e e7 0c cd 18 c3 19 18 0b de 9c 39 a8 a4 a1 5b 90 00 
<<<<
>>>>
13 75 00 00 00 
00 00 00 00 00 00 05 00 90 00 
<<<<
>>>>
13 77 00 00 08 00 00 00 00 00 00 05 00 
a4 ca 41 ca d4 48 04 aa 1f 45 1b 8d 6e b8 1c 1d 55 5a 2b aa 58 f4 f8 59 9b cd 0f d5 55 c7 83 99 90 00 
<<<<
>>>>
13 76 00 00 00 
0d 30 11 da 89 6c 8f ef 80 45 94 00 02 cc 0e cf 6d 27 8e 9d ec a0 1b 28 1a 0c 36 45 72 37 23 67 90 00 
<<<<
>>>>
13 75 00 00 00 
00 00 00 00 00 00 05 01 90 00 
<<<<
>>>>
13 76 00 00 00 
ba be 45 a3 d7 c0 10 87 8f 87 fb ae 9f 8a 8b d3 ff e3 02 f8 f6 b1 f6 55 93 bb aa da 90 46 9b 4b 90 00 
<<<<
>>>>
13 77 00 00 08 00 00 00 00 00 00 05 01 
0d 30 11 da 89 6c 8f ef 80 45 94 00 02 cc 0e cf 6d 27 8e 9d ec a0 1b 28 1a 0c 36 45 72 37 23 67 90 00 
<<<<
>>>>
13 75 00 00 00 
00 00 00 00 00 00 05 02 90 00 
<<<<
>>>>
13 77 00 00 08 00 00 00 00 00 00 05 02 
ba be 45 a3 d7 c0 10 87 8f 87 fb ae 9f 8a 8b d3 ff e3 02 f8 f6 b1 f6 55 93 bb aa da 90 46 9b 4b 90 00 
<<<<
>>>>
13 76 00 00 00 
1f ea 02 79 3f b8 1b ce 70 78 5d aa ef 0d 34 d1 6d 19 f1 3a ef ea 8e 52 4c d0 79 70 82 0b d9 b9 90 00 
<<<<
>>>>
13 75 00 00 00 
00 00 00 00 00 00 05 03 90 00 
<<<<
>>>>
13 76 00 00 00 
8c 27 4a ae 92 81 bb ea 45 08 c4 01 ea 4f 55 d5 84 41 58 57 2a 48 b8 d0 3c 34 7b 4e 71 de f6 99 90 00 
<<<<
>>>>
13 77 00 00 08 00 00 00 00 00 00 05 03 
1f ea 02 79 3f b8 1b ce 70 78 5d aa ef 0d 34 d1 6d 19 f1 3a ef ea 8e 52 4c d0 79 70 82 0b d9 b9 90 00 
<<<<
>>>>
13 75 00 00 00 
00 00 00 00 00 00 05 04 90 00 
<<<<
>>>>
13 77 00 00 08 00 00 00 00 00 00 05 04 
8c 27 4a ae 92 81 bb ea 45 08 c4 01 ea 4f 55 d5 84 41 58 57 2a 48 b8 d0 3c 34 7b 4e 71 de f6 99 90 00 
<<<<
>>>>
13 76 00 00 00 
9c d4 ae c7 dc fc e4 65 c0 25 61 6c d2 e6 9c 03 b4 93 5c 0c e0 5e a8 9f 67 e0 ad 11 5d 4a f8 e0 90 00 
<<<<
>>>>
13 75 00 00 00 
00 00 00 00 00 00 05 05 90 00 
<<<<
>>>>
13 76 00 00 00 
58 e4 06 71 df 78 4f d1 c2 40 eb 13 94 64 30 28 b8 07 4f 6f 34 16 19 c7 b0 63 84 8e 08 fb 38 44 90 00 
<<<<
>>>>
13 77 00 00 08 00 00 00 00 00 00 05 05 
9c d4 ae c7 dc fc e4 65 c0 25 61 6c d2 e6 9c 03 b4 93 5c 0c e0 5e a8 9f 67 e0 ad 11 5d 4a f8 e0 90 00 
<<<<
>>>>
13 75 00 00 00 
00 00 00 00 00 00 05 06 90 00 
<<<<
>>>>
13 77 00 00 08 00 00 00 00 00 00 05 06 
58 e4 06 71 df 78 4f d1 c2 40 eb 13 94 64 30 28 b8 07 4f 6f 34 16 19 c7 b0 63 84 8e 08 fb 38 44 90 00 
<<<<
>>>>
13 76 00 00 00 
72 fd 79 99 ae 29 16 6f de ea 17 02 df b6 f4 d5 8d 4b 13 6e a8 73 bf d9 96 54 56 74 6f 4a 6a 82 90 00 
<<<<
>>>>
13 75 00 00 00 
00 00 00 00 00 00 05 07 90 00 
<<<<
>>>>
13 76 00 00 00 
ac a3 5d c8 a1 95 39 bb 66 fa 65 58 74 bf 80 95 65 63 52 30 f7 f6 2e 92 91 2c 17 98 52 b8 14 9b 90 00 
<<<<
>>>>
13 77 00 00 08 00 00 00 00 00 00 05 07 
72 fd 79 99 ae 29 16 6f de ea 17 02 df b6 f4 d5 8d 4b 13 6e a8 73 bf d9 96 54 56 74 6f 4a 6a 82 90 00 
<<<<
>>>>
13 75 00 00 00 
00 00 00 00 00 00 05 08 90 00 
<<<<
>>>>
13 77 00 00 08 00 00 00 00 00 00 05 08 
ac a3 5d c8 a1 95 39 bb 66 fa 65 58 74 bf 80 95 65 63 52 30 f7 f6 2e 92 91 2c 17 98 52 b8 14 9b 90 00 
<<<<
>>>>
13 76 00 00 00 
43 34 25 c1 bd fb 1e 5d 6d de 9b ca 74 d6 62 44 52 f5 41 fa a7 3a a8 88 c4 48 b0 bb 60 ec dd 6b 90 00 
<<<<
>>>>
13 75 00 00 00 
00 00 00 00 00 00 05 09 90 00 
<<<<
>>>>
13 76 00 00 00 
6b 98 ed b8 6a 0a 06 d9 e4 58 6b 97 89 a1 a3 7a a1 32 49 d3 90 eb cb bb 8d cb 27 a7 ae ef 62 f0 90 00 
<<<<
>>>>
13 77 00 00 08 00 00 00 00 00 00 05 09 
43 34 25 c1 bd fb 1e 5d 6d de 9b ca 74 d6 62 44 52 f5 41 fa a7 3a a8 88 c4 48 b0 bb 60 ec dd 6b 90 00 
<<<<
>>>>
13 75 00 00 00 
00 00 00 00 00 00 05 0a 90 00 
<<<<
>>>>
13 77 00 00 08 00 00 00 00 00 00 05 0a 
6b 98 ed b8 6a 0a 06 d9 e4 58 6b 97 89 a1 a3 7a a1 32 49 d3 90 eb cb bb 8d cb 27 a7 ae ef 62 f0 90 00 
<<<<
>>>>
13 76 00 00 00 
15 35 ef 77 5a 3e 40 dd 35 fc b4 ac c9 8c 19 32 26 a7 54 30 11 c9 0c bb 07 2d 4f 5d 93 13 32 f4 90 00 
<<<<
>>>>
13 75 00 00 00 
00 00 00 00 00 00 05 0b 90 00 
<<<<
>>>>
13 76 00 00 00 
39 e9 8a 57 dc e8 8b d3 f5 a0 2b 54 54 16 17 a6 60 29 6d 5e 90 d4 1c 0d 2c b8 71 e2 9a d9 dc d1 90 00 
<<<<
>>>>
13 77 00 00 08 00 00 00 00 00 00 05 0b 
15 35 ef 77 5a 3e 40 dd 35 fc b4 ac c9 8c 19 32 26 a7 54 30 11 c9 0c bb 07 2d 4f 5d 93 13 32 f4 90 00 
<<<<
>>>>
13 75 00 00 00 
00 00 00 00 00 00 05 0c 90 00 
<<<<
>>>>
13 77 00 00 08 00 00 00 00 00 00 05 0c 
39 e9 8a 57 dc e8 8b d3 f5 a0 2b 54 54 16 17 a6 60 29 6d 5e 90 d4 1c 0d 2c b8 71 e2 9a d9 dc d1 90 00 
<<<<
>>>>
13 76 00 00 00 
49 59 9f 78 da 1f bb 59 2d eb 3b ec ae 93 95 0f 29 f7 4a f9 cf 98 78 c4 52 27 7d 17 8c 1b ba 6f 90 00 
<<<<
>>>>
13 75 00 00 00 
00 00 00 00 00 00 05 0d 90 00 
<<<<
>>>>
13 76 00 00 00 
57 74 e9 9a 64 59 66 aa f9 14 6d 15 76 6a c9 f7 a8 7e 1e 83 ed cc 1f 0a ab 6d 00 56 45 36 cb 1b 90 00 
<<<<
>>>>
13 77 00 00 08 00 00 00 00 00 00 05 0d 
49 59 9f 78 da 1f bb 59 2d eb 3b ec ae 93 95 0f 29 f7 4a f9 cf 98 78 c4 52 27 7d 17 8c 1b ba 6f 90 00 
<<<<
>>>>
13 75 00 00 00 
00 00 00 00 00 00 05 0e 90 00 
<<<<
>>>>
13 77 00 00 08 00 00 00 00 00 00 05 0e 
57 74 e9 9a 64 59 66 aa f9 14 6d 15 76 6a c9 f7 a8 7e 1e 83 ed cc 1f 0a ab 6d 00 56 45 36 cb 1b 90 00 
<<<<
>>>>
13 76 00 00 00 
57 a4 24 a5 36 8e e3 31 5b a3 b4 ec 1a e0 36 ba 3f 77 bd f2 6f cb b7 8c 7d 94 7a eb 47 ed 3c 6e 90 00 
<<<<
>>>>
13 75 00 00 00 
00 00 00 00 00 00 05 0f 90 00 
<<<<
>>>>
13 76 00 00 00 
93 33 e1 79 e2 a0 2c ee 68 d5 b0 43 45 d2 53 fa 69 c2 2e 4c 3d df 46 29 8f f7 61 a5 da 89 0e 4b 90 00 
<<<<
>>>>
13 77 00 00 08 00 00 00 00 00 00 05 0f 
57 a4 24 a5 36 8e e3 31 5b a3 b4 ec 1a e0 36 ba 3f 77 bd f2 6f cb b7 8c 7d 94 7a eb 47 ed 3c 6e 90 00 
<<<<
>>>>
13 75 00 00 00 
00 00 00 00 00 00 05 10 90 00 
<<<<
>>>>
13 77 00 00 08 00 00 00 00 00 00 05 10 
93 33 e1 79 e2 a0 2c ee 68 d5 b0 43 45 d2 53 fa 69 c2 2e 4c 3d df 46 29 8f f7 61 a5 da 89 0e 4b 90 00 
<<<<
>>>>
13 76 00 00 00 
bc 8d fe ec 96 e1 e4 a8 6e 15 bb 99 0b b3 93 9f c3 65 45 16 78 b4 2d 4b 92 25 14 c5 a2 14 fc 53 90 00 
<<<<
>>>>
13 75 00 00 00 
00 00 00 00 00 00 05 11 90 00 
<<<<
>>>>
13 76 00 00 00 
38 74 e8 ee 53 59 d8 4a 22 3f bc 9f ec 3f de 08 0b 3f 4a 08 00 85 3c 48 fd 3d 52 b3 78 fe 36 17 90 00 
<<<<
>>>>
13 77 00 00 08 00 00 00 00 00 00 05 11 
bc 8d fe ec 96 e1 e4 a8 6e 15 bb 99 0b b3 93 9f c3 65 45 16 78 b4 2d 4b 92 25 14 c5 a2 14 fc 53 90 00 
<<<<
>>>>
13 75 00 00 00 
00 00 00 00 00 00 05 12 90 00 
<<<<
>>>>
13 77 00 00 08 00 00 00 00 00 00 05 12 
38 74 e8 ee 53 59 d8 4a 22 3f bc 9f ec 3f de 08 0b 3f 4a 08 00 85 3c 48 fd 3d 52 b3 78 fe 36 17 90 00 
<<<<
>>>>
13 76 00 00 00 
cb 8f 10 25 83 6b 9d 14 c2 f2 77 9f 31 41 a2 78 97 c9 fe 2f 07 a8 4e e7 bb 20 95 e7 66 9f 11 fb 90 00 
<<<<
>>>>
13 75 00 00 00 
00 00 00 00 00 00 05 13 90 00 
<<<<
>>>>
13 76 00 00 00 
8f ad 52 60 82 f1 e4 01 8e 5f a8 7d 2b 3f b4 f0 fa e8 24 6e 72 05 49 ab 9d b6 70 9d 80 a3 d1 92 90 00 
<<<<
>>>>
13 77 00 00 08 00 00 00 00 00 00 05 13 
cb 8f 10 25 83 6b 9d 14 c2 f2 77 9f 31 41 a2 78 97 c9 fe 2f 07 a8 4e e7 bb 20 95 e7 66 9f 11 fb 90 00 
<<<<
>>>>
13 75 00 00 00 
00 00 00 00 00 00 05 14 90 00 
<<<<
>>>>
13 77 00 00 08 00 00 00 00 00 00 05 14 
8f ad 52 60 82 f1 e4 01 8e 5f a8 7d 2b 3f b4 f0 fa e8 24 6e 72 05 49 ab 9d b6 70 9d 80 a3 d1 92 90 00 
<<<<
>>>>
13 76 00 00 00 
d2 56 60 9b e0 08 58 be 12 19 83 a3 0e 80 9b e7 ee ca 79 c7 8c 47 f0 5a 43 32 6a 29 e5 63 7a 6f 90 00 
<<<<
>>>>
13 75 00 00 00 
00 00 00 00 00 00 05 15 90 00 
<<<<
>>>>
13 76 00 00 00 
19 21 84 55 af 85 86 67 50 a8 46 29 45 ab 46 c9 70 6e a6 68 2d 20 37 30 1b f3 77 a2 50 87 d6 1e 90 00 
<<<<
>>>>
13 77 00 00 08 00 00 00 00 00 00 05 15 
d2 56 60 9b e0 08 58 be 12 19 83 a3 0e 80 9b e7 ee ca 79 c7 8c 47 f0 5a 43 32 6a 29 e5 63 7a 6f 90 00 
<<<<
>>>>
13 75 00 00 00 
00 00 00 00 00 00 05 16 90 00 
<<<<
>>>>
13 77 00 00 08 00 00 00 00 00 00 05 16 
19 21 84 55 af 85 86 67 50 a8 46 29 45 ab 46 c9 70 6e a6 68 2d 20 37 30 1b f3 77 a2 50 87 d6 1e 90 00 
<<<<
>>>>
13 76 00 00 00 
11 65 c3 b5 e0 64 0d 6e 10 42 e8 c2 87 be 62 be 0c da 0c ca 35 da 5c 17 17 ac 36 c5 ca b3 d9 03 90 00 
<<<<
>>>>
13 75 00 00 00 
00 00 00 00 00 00 05 17 90 00 
<<<<
>>>>
13 76 00 00 00 
e4 3c 45 f2 cc c3 d6 4e fa c2 b2 14 52 01 a9 f8 e9 de c2 39 2d 5e ec f5 12 0c a7 5e 89 fc 49 89 90 00 
<<<<
>>>>
13 77 00 00 08 00 00 00 00 00 00 05 17 
11 65 c3 b5 e0 64 0d 6e 10 42 e8 c2 87 be 62 be 0c da 0c ca 35 da 5c 17 17 ac 36 c5 ca b3 d9 03 90 00 
<<<<
>>>>
13 75 00 00 00 
00 00 00 00 00 00 05 18 90 00 
<<<<
>>>>
13 77 00 00 08 00 00 00 00 00 00 05 18 
e4 3c 45 f2 cc c3 d6 4e fa c2 b2 14 52 01 a9 f8 e9 de c2 39 2d 5e ec f5 12 0c a7 5e 89 fc 49 89 90 00 
<<<<
>>>>
13 76 00 00 00 
3b 7a 21 24 e6 2b 2a 5c 1a cb 74 56 0b 4d 44 f1 62 cf 15 2d 88 48 9f 2c 47 c0 c3 32 f2 60 11 6e 90 00 
<<<<
>>>>
13 75 00 00 00 
00 00 00 00 00 00 05 19 90 00 
<<<<
>>>>
13 76 00 00 00 
f9 fe 07 6d 86 e9 bf 11 37 f0 39 71 dc b4 0d 1f d9 b5 04 03 0d 8c 22 79 2a e8 9f 17 4b ad 64 59 90 00 
<<<<
>>>>
13 77 00 00 08 00 00 00 00 00 00 05 19 
3b 7a 21 24 e6 2b 2a 5c 1a cb 74 56 0b 4d 44 f1 62 cf 15 2d 88 48 9f 2c 47 c0 c3 32 f2 60 11 6e 90 00 
<<<<
>>>>
13 75 00 00 00 
00 00 00 00 00 00 05 1a 90 00 
<<<<
>>>>
13 77 00 00 08 00 00 00 00 00 00 05 1a 
f9 fe 07 6d 86 e9 bf 11 37 f0 39 71 dc b4 0d 1f d9 b5 04 03 0d 8c 22 79 2a e8 9f 17 4b ad 64 59 90 00 
<<<<
>>>>
13 76 00 00 00 
47 42 da 6f dc f4 bf 98 10 a1 fc a5 3a ad 90 c2 06 19 12 88 ed db 4d 28 25 57 2c 6d a7 ed 8a c0 90 00 
<<<<
>>>>
13 75 00 00 00 
00 00 00 00 00 00 05 1b 90 00 
<<<<
>>>>
13 76 00 00 00 
e0 ec fb 2a 7e f0 23 15 8c a0 30 6e c4 ad dc 05 15 d4 51 5b f6 8f 9c b0 85 55 b0 45 b3 a5 22 ab 90 00 
<<<<
>>>>
13 77 00 00 08 00 00 00 00 00 00 05 1b 
47 42 da 6f dc f4 bf 98 10 a1 fc a5 3a ad 90 c2 06 19 12 88 ed db 4d 28 25 57 2c 6d a7 ed 8a c0 90 00 
<<<<
>>>>
13 75 00 00 00 
00 00 00 00 00 00 05 1c 90 00 
<<<<
>>>>
13 77 00 00 08 00 00 00 00 00 00 05 1c 
e0 ec fb 2a 7e f0 23 15 8c a0 30 6e c4 ad dc 05 15 d4 51 5b f6 8f 9c b0 85 55 b0 45 b3 a5 22 ab 90 00 
<<<<
>>>>
13 76 00 00 00 
42 8a 47 9a b4 27 03 15 94 34 bb 61 fe 81 c0 06 de 8b 21 90 15 2e 05 f4 28 e2 30 3e ba 97 61 e9 90 00 
<<<<
>>>>
13 75 00 00 00 
00 00 00 00 00 00 05 1d 90 00 
<<<<
>>>>
13 76 00 00 00 
6a 81 62 ae 2b 52 11 3e 50 59 fe c6 d0 6c 0f e3 7b 47 e9 56 a6 a7 4c 93 09 dc 91 73 c8 85 e0 c9 90 00 
<<<<
>>>>
13 77 00 00 08 00 00 00 00 00 00 05 1d 
42 8a 47 9a b4 27 03 15 94 34 bb 61 fe 81 c0 06 de 8b 21 90 15 2e 05 f4 28 e2 30 3e ba 97 61 e9 90 00 
<<<<
>>>>
13 75 00 00 00 
00 00 00 00 00 00 05 1e 90 00 
<<<<
>>>>
13 77 00 00 08 00 00 00 00 00 00 05 1e 
6a 81 62 ae 2b 52 11 3e 50 59 fe c6 d0 6c 0f e3 7b 47 e9 56 a6 a7 4c 93 09 dc 91 73 c8 85 e0 c9 90 00 
<<<<
>>>>
13 76 00 00 00 
8e 1b 53 8a 38 f4 31 0a 91 b9 a4 4d 08 6d 90 3e f3 96 c1 e2 87 cb 69 a0 15 a9 c3 42 37 69 f9 8b 90 00 
<<<<
>>>>
13 75 00 00 00 
00 00 00 00 00 00 05 1f 90 00 
<<<<
>>>>
13 76 00 00 00 
73 b7 cd f5 70 11 b3 2b 8c dd 8c 3a 68 15 6d 63 70 5b ee d5 26 4d 74 67 09 ac 25 13 10 1a 1b e7 90 00 
<<<<
>>>>
13 77 00 00 08 00 00 00 00 00 00 05 1f 
8e 1b 53 8a 38 f4 31 0a 91 b9 a4 4d 08 6d 90 3e f3 96 c1 e2 87 cb 69 a0 15 a9 c3 42 37 69 f9 8b 90 00 
<<<<
>>>>
13 75 00 00 00 
00 00 00 00 00 00 05 20 90 00 
<<<<
>>>>
13 77 00 00 08 00 00 00 00 00 00 05 20 
73 b7 cd f5 70 11 b3 2b 8c dd 8c 3a 68 15 6d 63 70 5b ee d5 26 4d 74 67 09 ac 25 13 10 1a 1b e7 90 00 
<<<<
>>>>
13 76 00 00 00 
4a 76 a5 84 24 02 07 10 7f bc 4b b3 fa 16 c8 29 f4 35 a8 4c bb 83 5b 21 f5 e3 b9 00 f2 ea b8 d5 90 00 
<<<<
>>>>
13 75 00 00 00 
00 00 00 00 00 00 05 21 90 00 
<<<<
>>>>
13 76 00 00 00 
b4 bb 40 5f bb b5 a8 a1 77 b3 2a 02 54 55 63 c7 df ff 08 a4 ed 90 67 30 fa ef 8a 63 83 69 db c8 90 00 
<<<<
>>>>
13 77 00 00 08 00 00 00 00 00 00 05 21 
4a 76 a5 84 24 02 07 10 7f bc 4b b3 fa 16 c8 29 f4 35 a8 4c bb 83 5b 21 f5 e3 b9 00 f2 ea b8 d5 90 00 
<<<<
>>>>
13 75 00 00 00 
00 00 00 00 00 00 05 22 90 00 
<<<<
>>>>
13 77 00 00 08 00 00 00 00 00 00 05 22 
b4 bb 40 5f bb b5 a8 a1 77 b3 2a 02 54 55 63 c7 df ff 08 a4 ed 90 67 30 fa ef 8a 63 83 69 db c8 90 00 
<<<<
>>>>
13 76 00 00 00 
68 27 01 ac 3f 64 6a 21 9a 1d dc 4c 34 3c 66 11 a2 ad 66 67 3c 40 02 db fc 1d 2c 9d 3c d9 8e 48 90 00 
<<<<
>>>>
13 75 00 00 00 
00 00 00 00 00 00 05 23 90 00 
<<<<
>>>>
13 76 00 00 00 
15 f7 13 38 c1 13 0f db 5d 23 39 f0 db 0e 59 fb 6a bd 54 d9 c9 57 58 93 6b e2 1b ce bf af 1f 64 90 00 
<<<<
>>>>
13 77 00 00 08 00 00 00 00 00 00 05 23 
68 27 01 ac 3f 64 6a 21 9a 1d dc 4c 34 3c 66 11 a2 ad 66 67 3c 40 02 db fc 1d 2c 9d 3c d9 8e 48 90 00 
<<<<
>>>>
13 75 00 00 00 
00 00 00 00 00 00 05 24 90 00 
<<<<
>>>>
13 77 00 00 08 00 00 00 00 00 00 05 24 
15 f7 13 38 c1 13 0f db 5d 23 39 f0 db 0e 59 fb 6a bd 54 d9 c9 57 58 93 6b e2 1b ce bf af 1f 64 90 00 
<<<<
>>>>
13 76 00 00 00 
78 46 a0 fa 8c bb e3 31 24 6f e5 f7 b3 36 ee 33 cd 08 b5 e2 09 d3 01 2d e2 21 53 a7 ec e2 cd 07 90 00 
<<<<
>>>>
13 75 00 00 00 
00 00 00 00 00 00 05 25 90 00 
<<<<
>>>>
13 76 00 00 00 
ca 40 d4 ed 91 fd 27 bc af 04 80 19 f1 9b 33 2c 19 b0 ee 75 66 98 c6 6b 56 ad 1f 79 2e a3 c9 84 90 00 
<<<<
>>>>
13 77 00 00 08 00 00 00 00 00 00 05 25 
78 46 a0 fa 8c bb e3 31 24 6f e5 f7 b3 36 ee 33 cd 08 b5 e2 09 d3 01 2d e2 21 53 a7 ec e2 cd 07 90 00 
<<<<
>>>>
13 75 00 00 00 
00 00 00 00 00 00 05 26 90 00 
<<<<
>>>>
13 77 00 00 08 00 00 00 00 00 00 05 26 
ca 40 d4 ed 91 fd 27 bc af 04 80 19 f1 9b 33 2c 19 b0 ee 75 66 98 c6 6b 56 ad 1f 79 2e a3 c9 84 90 00 
<<<<
>>>>
13 76 00 00 00 
8d 5f ef 11 e7 1c d7 fd 90 36 3a 4f b2 ed 7d fb df 3f fa 47 1d 97 18 13 76 77 f9 de 98 a9 70 27 90 00 
<<<<
>>>>
13 75 00 00 00 
00 00 00 00 00 00 05 27 90 00 
<<<<
>>>>
13 76 00 00 00 
c7 d9 ba 1e de c9 00 dc 29 2b fc 0b a8 70 36 79 2a 5f f9 2d 2a 2f fc e8 55 a4 84 19 4c 4b ec 02 90 00 
<<<<
>>>>
13 77 00 00 08 00 00 00 00 00 00 05 27 
8d 5f ef 11 e7 1c d7 fd 90 36 3a 4f b2 ed 7d fb df 3f fa 47 1d 97 18 13 76 77 f9 de 98 a9 70 27 90 00 
<<<<
>>>>
13 75 00 00 00 
00 00 00 00 00 00 05 28 90 00 
<<<<
>>>>
13 77 00 00 08 00 00 00 00 00 00 05 28 
c7 d9 ba 1e de c9 00 dc 29 2b fc 0b a8 70 36 79 2a 5f f9 2d 2a 2f fc e8 55 a4 84 19 4c 4b ec 02 90 00 
<<<<
>>>>
13 76 00 00 00 
57 75 1a f2 f0 be 51 5f 86 2f f7 36 21 39 db 21 b9 57 b4 00 7f 9e 07 0f b1 e2 2f b1 51 7f 08 e1 90 00 
<<<<
>>>>
13 75 00 00 00 
00 00 00 00 00 00 05 29 90 00 
<<<<
>>>>
13 76 00 00 00 
b1 70 27 e2 df 3a 5b 49 68 83 f9 62 86 36 d4 fd 9c 1b 81 d2 65 18 e6 38 23 61 0d fa 78 9f 8d d8 90 00 
<<<<
>>>>
13 77 00 00 08 00 00 00 00 00 00 05 29 
57 75 1a f2 f0 be 51 5f 86 2f f7 36 21 39 db 21 b9 57 b4 00 7f 9e 07 0f b1 e2 2f b1 51 7f 08 e1 90 00 
<<<<
>>>>
13 75 00 00 00 
00 00 00 00 00 00 05 2a 90 00 
<<<<
>>>>
13 77 00 00 08 00 00 00 00 00 00 05 2a 
b1 70 27 e2 df 3a 5b 49 68 83 f9 62 86 36 d4 fd 9c 1b 81 d2 65 18 e6 38 23 61 0d fa 78 9f 8d d8 90 00 
<<<<
>>>>
13 76 00 00 00 
01 35 e4 54 df 20 7a 69 62 26 1f b2 62 3f 7c e7 12 74 4e 54 0a 74 48 0f 4c b8 20 5c 11 46 3c e1 90 00 
<<<<
>>>>
13 75 00 00 00 
00 00 00 00 00 00 05 2b 90 00 
<<<<
>>>>
13 76 00 00 00 
88 3d 6e 3a a8 db af 7a cf 58 b0 7b 68 e5 0c 51 cd 67 91 85 3b 92 a5 26 f7 dc b7 1f 10 46 26 41 90 00 
<<<<
>>>>
13 77 00 00 08 00 00 00 00 00 00 05 2b 
01 35 e4 54 df 20 7a 69 62 26 1f b2 62 3f 7c e7 12 74 4e 54 0a 74 48 0f 4c b8 20 5c 11 46 3c e1 90 00 
<<<<
>>>>
13 75 00 00 00 
00 00 00 00 00 00 05 2c 90 00 
<<<<
>>>>
13 77 00 00 08 00 00 00 00 00 00 05 2c 
88 3d 6e 3a a8 db af 7a cf 58 b0 7b 68 e5 0c 51 cd 67 91 85 3b 92 a5 26 f7 dc b7 1f 10 46 26 41 90 00 
<<<<
>>>>
13 76 00 00 00 
3f 66 9d 47 f0 0e 58 5e a8 c9 91 cf 18 24 b8 a7 91 1f af d4 5d 06 5e b6 c8 90 e8 66 1c f8 42 24 90 00 
<<<<
>>>>
13 75 00 00 00 
00 00 00 00 00 00 05 2d 90 00 
<<<<
>>>>
13 76 00 00 00 
d5 9b ec 4e 22 31 14 49 7e 3f c2 70 15 91 ab d8 31 94 ad f7 eb c6 8e 74 fb f2 37 89 60 3b 17 05 90 00 
<<<<
>>>>
13 77 00 00 08 00 00 00 00 00 00 05 2d 
3f 66 9d 47 f0 0e 58 5e a8 c9 91 cf 18 24 b8 a7 91 1f af d4 5d 06 5e b6 c8 90 e8 66 1c f8 42 24 90 00 
<<<<
>>>>
13 75 00 00 00 
00 00 00 00 00 00 05 2e 90 00 
<<<<
>>>>
13 77 00 00 08 00 00 00 00 00 00 05 2e 
d5 9b ec 4e 22 31 14 49 7e 3f c2 70 15 91 ab d8 31 94 ad f7 eb c6 8e 74 fb f2 37 89 60 3b 17 05 90 00 
<<<<
>>>>
13 76 00 00 00 
bc 38 0b f0 2e bb ab 74 9c 69 1b 6a 5f 64 dc c9 26 b7 ca b3 31 04 3f fc 74 12 ff a8 96 23 cb 01 90 00 
<<<<
>>>>
13 75 00 00 00 
00 00 00 00 00 00 05 2f 90 00 
<<<<
>>>>
13 76 00 00 00 
97 65 b9 e4 30 99 0c 1a 7d 52 62 ff 8b 90 01 9e 76 ca 50 3d 4f f2 c8 7d 69 3a 6b 76 75 0f 49 8b 90 00 
<<<<
>>>>
13 77 00 00 08 00 00 00 00 00 00 05 2f 
bc 38 0b f0 2e bb ab 74 9c 69 1b 6a 5f 64 dc c9 26 b7 ca b3 31 04 3f fc 74 12 ff a8 96 23 cb 01 90 00 
<<<<
>>>>
13 75 00 00 00 
00 00 00 00 00 00 05 30 90 00 
<<<<
>>>>
13 77 00 00 08 00 00 00 00 00 00 05 30 
97 65 b9 e4 30 99 0c 1a 7d 52 62 ff 8b 90 01 9e 76 ca 50 3d 4f f2 c8 7d 69 3a 6b 76 75 0f 49 8b 90 00 
<<<<
>>>>
13 76 00 00 00 
31 bb cb 03 55 51 3b 1b df 7f 96 20 15 a1 e5 72 11 32 8a b2 18 61 a3 f8 e3 4a d7 d4 27 e1 96 fe 90 00 
<<<<
>>>>
13 75 00 00 00 
00 00 00 00 00 00 05 31 90 00 
<<<<
>>>>
13 76 00 00 00 
66 b0 0f 3a 41 33 d5 3b ea 57 85 96 3f b9 b5 12 9a 86 65 68 8a 85 c9 58 b3 62 6d b6 2d 5a e3 bf 90 00 
<<<<
>>>>
13 77 00 00 08 00 00 00 00 00 00 05 31 
31 bb cb 03 55 51 3b 1b df 7f 96 20 15 a1 e5 72 11 32 8a b2 18 61 a3 f8 e3 4a d7 d4 27 e1 96 fe 90 00 
<<<<
>>>>
13 75 00 00 00 
00 00 00 00 00 00 05 32 90 00 
<<<<
>>>>
13 77 00 00 08 00 00 00 00 00 00 05 32 
66 b0 0f 3a 41 33 d5 3b ea 57 85 96 3f b9 b5 12 9a 86 65 68 8a 85 c9 58 b3 62 6d b6 2d 5a e3 bf 90 00 
<<<<
>>>>
13 76 00 00 00 
32 bb 62 d0 b6 dd a7 07 d3 e2 90 3f 48 3c e9 1d ed 63 26 fb 9e 4e eb aa b1 5d ee 9e 73 27 96 1d 90 00 
<<<<
>>>>
13 75 00 00 00 
00 00 00 00 00 00 05 33 90 00 
<<<<
>>>>
13 76 00 00 00 
6e aa 36 40 00 da 97 59 7a 58 24 80 52 b0 a3 e4 06 79 f8 b3 c7 28 07 be 60 92 27 c6 63 ce ae 89 90 00 
<<<<
>>>>
13 77 00 00 08 00 00 00 00 00 00 05 33 
32 bb 62 d0 b6 dd a7 07 d3 e2 90 3f 48 3c e9 1d ed 63 26 fb 9e 4e eb aa b1 5d ee 9e 73 27 96 1d 90 00 
<<<<
>>>>
13 75 00 00 00 
00 00 00 00 00 00 05 34 90 00 
<<<<
>>>>
13 77 00 00 08 00 00 00 00 00 00 05 34 
6e aa 36 40 00 da 97 59 7a 58 24 80 52 b0 a3 e4 06 79 f8 b3 c7 28 07 be 60 92 27 c6 63 ce ae 89 90 00 
<<<<
>>>>
13 76 00 00 00 
52 92 ad df 22 45 ed a3 26 96 fd c7 1f 19 fe b7 8d 6e b4 2a 8b 93 f6 b4 23 f2 1f 12 d5 62 d0 c7 90 00 
<<<<
>>>>
13 75 00 00 00 
00 00 00 00 00 00 05 35 90 00 
<<<<
>>>>
13 76 00 00 00 
80 e2 c0 d0 61 4e ed c4 c8 83 36 40 25 68 34 f4 75 9e a7 44 61 3f 6e b8 8d 3c a0 b9 fa fe 9f 34 90 00 
<<<<
>>>>
13 77 00 00 08 00 00 00 00 00 00 05 35 
52 92 ad df 22 45 ed a3 26 96 fd c7 1f 19 fe b7 8d 6e b4 2a 8b 93 f6 b4 23 f2 1f 12 d5 62 d0 c7 90 00 
<<<<
>>>>
13 75 00 00 00 
00 00 00 00 00 00 05 36 90 00 
<<<<
>>>>
13 77 00 00 08 00 00 00 00 00 00 05 36 
80 e2 c0 d0 61 4e ed c4 c8 83 36 40 25 68 34 f4 75 9e a7 44 61 3f 6e b8 8d 3c a0 b9 fa fe 9f 34 90 00 
<<<<
>>>>
13 76 00 00 00 
cb 1d 6f 28 72 b0 da 60 8d dd 97 30 11 b0 ce 63 86 c1 db 41 35 d3 11 bd 87 93 16 db 53 a4 4d 04 90 00 
<<<<
>>>>
13 75 00 00 00 
00 00 00 00 00 00 05 37 90 00 
<<<<
>>>>
13 76 00 00 00 
eb 07 31 4a 89 ba 95 6c 6f 69 87 f0 bf f4 a3 b0 08 52 9d 4d 44 95 a8 e7 c8 ef 25 15 2d 4c b9 71 90 00 
<<<<
>>>>
13 77 00 00 08 00 00 00 00 00 00 05 37 
cb 1d 6f 28 72 b0 da 60 8d dd 97 30 11 b0 ce 63 86 c1 db 41 35 d3 11 bd 87 93 16 db 53 a4 4d 04 90 00 
<<<<
>>>>
13 75 00 00 00 
00 00 00 00 00 00 05 38 90 00 
<<<<
>>>>
13 77 00 00 08 00 00 00 00 00 00 05 38 
eb 07 31 4a 89 ba 95 6c 6f 69 87 f0 bf f4 a3 b0 08 52 9d 4d 44 95 a8 e7 c8 ef 25 15 2d 4c b9 71 90 00 
<<<<
>>>>
13 76 00 00 00 
eb 04 9b be ed 40 26 bc 29 2b 6c ee e8 ad e8 81 2c b2 89 3e 61 aa 93 f0 79 4a 06 c5 49 23 df fc 90 00 
<<<<
>>>>
13 75 00 00 00 
00 00 00 00 00 00 05 39 90 00 
<<<<
>>>>
13 76 00 00 00 
a7 c7 20 db 78 5b f5 21 b0 21 71 e9 14 18 f8 1e 23 9c 28 0a 13 28 02 7c 93 51 9a 52 36 d6 4e 9c 90 00 
<<<<
>>>>
13 77 00 00 08 00 00 00 00 00 00 05 39 
eb 04 9b be ed 40 26 bc 29 2b 6c ee e8 ad e8 81 2c b2 89 3e 61 aa 93 f0 79 4a 06 c5 49 23 df fc 90 00 
<<<<
>>>>
13 75 00 00 00 
00 00 00 00 00 00 05 3a 90 00 
<<<<
>>>>
13 77 00 00 08 00 00 00 00 00 00 05 3a 
a7 c7 20 db 78 5b f5 21 b0 21 71 e9 14 18 f8 1e 23 9c 28 0a 13 28 02 7c 93 51 9a 52 36 d6 4e 9c 90 00 
<<<<
>>>>
13 76 00 00 00 
0d f6 ba a9 fc b5 cd 82 51 e6 e5 1d 74 98 0a 5b 28 a8 32 d2 ac 69 be 5c b0 bd 3d 04 01 bf 8b e3 90 00 
<<<<
>>>>
13 75 00 00 00 
00 00 00 00 00 00 05 3b 90 00 
<<<<
>>>>
13 76 00 00 00 
76 13 d6 fb a7 f1 f9 b8 40 76 42 2d fb 0b a0 00 30 ed d5 bf f4 98 33 37 bf dd 0d f3 e1 30 67 2c 90 00 
<<<<
>>>>
13 77 00 00 08 00 00 00 00 00 00 05 3b 
0d f6 ba a9 fc b5 cd 82 51 e6 e5 1d 74 98 0a 5b 28 a8 32 d2 ac 69 be 5c b0 bd 3d 04 01 bf 8b e3 90 00 
<<<<
>>>>
13 75 00 00 00 
00 00 00 00 00 00 05 3c 90 00 
<<<<
>>>>
13 77 00 00 08 00 00 00 00 00 00 05 3c 
76 13 d6 fb a7 f1 f9 b8 40 76 42 2d fb 0b a0 00 30 ed d5 bf f4 98 33 37 bf dd 0d f3 e1 30 67 2c 90 00 
<<<<
>>>>
13 76 00 00 00 
fb c7 ba 10 39 37 8c 9f ad bd af c8 6f 1c e3 2c 10 f4 a9 e1 5c 1e db b5 13 19 ea 6a dd 45 f2 fa 90 00 
<<<<
>>>>
13 75 00 00 00 
00 00 00 00 00 00 05 3d 90 00 
<<<<
>>>>
13 76 00 00 00 
74 77 c6 c8 ed 85 ad 69 ac b7 2e 21 bc bc fd 3d f7 48 ae 4a 09 06 9c c4 cc 13 2b 3f 30 c5 aa 2b 90 00 
<<<<
>>>>
13 77 00 00 08 00 00 00 00 00 00 05 3d 
fb c7 ba 10 39 37 8c 9f ad bd af c8 6f 1c e3 2c 10 f4 a9 e1 5c 1e db b5 13 19 ea 6a dd 45 f2 fa 90 00 
<<<<
>>>>
13 75 00 00 00 
00 00 00 00 00 00 05 3e 90 00 
<<<<
>>>>
13 77 00 00 08 00 00 00 00 00 00 05 3e 
74 77 c6 c8 ed 85 ad 69 ac b7 2e 21 bc bc fd 3d f7 48 ae 4a 09 06 9c c4 cc 13 2b 3f 30 c5 aa 2b 90 00 
<<<<
>>>>
13 76 00 00 00 
42 92 c4 5c 9b 0e d6 77 fc f2 55 c3 d5 a7 ec 99 77 4c 71 0c fa a0 eb fe 15 54 62 a4 00 70 78 02 90 00 
<<<<
>>>>
13 75 00 00 00 
00 00 00 00 00 00 05 3f 90 00 
<<<<
>>>>
13 76 00 00 00 
62 32 c0 c4 12 da f2 13 52 54 87 f4 51 35 ec 02 8e 79 4c 11 e2 ec 12 15 2c cb e1 5e bb 8e 18 36 90 00 
<<<<
>>>>
13 77 00 00 08 00 00 00 00 00 00 05 3f 
42 92 c4 5c 9b 0e d6 77 fc f2 55 c3 d5 a7 ec 99 77 4c 71 0c fa a0 eb fe 15 54 62 a4 00 70 78 02 90 00 
<<<<
>>>>
13 75 00 00 00 
00 00 00 00 00 00 05 40 90 00 
<<<<
>>>>
13 77 00 00 08 00 00 00 00 00 00 05 40 
62 32 c0 c4 12 da f2 13 52 54 87 f4 51 35 ec 02 8e 79 4c 11 e2 ec 12 15 2c cb e1 5e bb 8e 18 36 90 00 
<<<<
>>>>
13 76 00 00 00 
91 36 4a 3c ac 24 46 96 4b cc cf 24 c9 0c 7b a0 4b ad 38 40 63 7e dc 08 00 9a 3a 44 c9 85 38 e3 90 00 
<<<<
>>>>
13 75 00 00 00 
00 00 00 00 00 00 05 41 90 00 
<<<<
>>>>
13 76 00 00 00 
2f a2 50 fb 3f 75 bd ca f6 4f 48 d9 6d 9f bd b4 89 1d 61 b7 30 42 48 01 f0 e5 ab b5 b1 5f 13 e1 90 00 
<<<<
>>>>
13 77 00 00 08 00 00 00 00 00 00 05 41 
91 36 4a 3c ac 24 46 96 4b cc cf 24 c9 0c 7b a0 4b ad 38 40 63 7e dc 08 00 9a 3a 44 c9 85 38 e3 90 00 
<<<<
>>>>
13 75 00 00 00 
00 00 00 00 00 00 05 42 90 00 
<<<<
>>>>
13 77 00 00 08 00 00 00 00 00 00 05 42 
2f a2 50 fb 3f 75 bd ca f6 4f 48 d9 6d 9f bd b4 89 1d 61 b7 30 42 48 01 f0 e5 ab b5 b1 5f 13 e1 90 00 
<<<<
>>>>
13 76 00 00 00 
6d 61 57 ad 5b dd 7e 6b 6e 43 c9 cb 78 20 2e 95 d7 4a fd d3 0d 2f 0a 1f 2c 19 83 36 bb c3 b0 92 90 00 
<<<<
>>>>
13 75 00 00 00 
00 00 00 00 00 00 05 43 90 00 
<<<<
>>>>
13 76 00 00 00 
9d 97 0b 70 a1 bc e5 10 35 1d 6e 95 b9 ce 95 d9 05 de 13 9e 5c 74 26 a5 6d 4f a4 af b3 83 07 07 90 00 
<<<<
>>>>
13 77 00 00 08 00 00 00 00 00 00 05 43 
6d 61 57 ad 5b dd 7e 6b 6e 43 c9 cb 78 20 2e 95 d7 4a fd d3 0d 2f 0a 1f 2c 19 83 36 bb c3 b0 92 90 00 
<<<<
>>>>
13 75 00 00 00 
00 00 00 00 00 00 05 44 90 00 
<<<<
>>>>
13 77 00 00 08 00 00 00 00 00 00 05 44 
9d 97 0b 70 a1 bc e5 10 35 1d 6e 95 b9 ce 95 d9 05 de 13 9e 5c 74 26 a5 6d 4f a4 af b3 83 07 07 90 00 
<<<<
>>>>
13 76 00 00 00 
b5 e2 d6 fb 3a 2f b4 dc 3a ed ef 22 dc 79 ec 5c c2 c5 73 1d 39 12 26 0d 18 fe 31 6a c3 fd f9 19 90 00 
<<<<
>>>>
13 75 00 00 00 
00 00 00 00 00 00 05 45 90 00 
<<<<
>>>>
13 76 00 00 00 
27 8a 4a e1 2a 3d 0b d9 a3 f1 c9 11 9a 13 8d b9 e7 44 9b 7d 14 0e 40 32 8f cd 6f a5 bb e1 94 33 90 00 
<<<<
>>>>
13 77 00 00 08 00 00 00 00 00 00 05 45 
b5 e2 d6 fb 3a 2f b4 dc 3a ed ef 22 dc 79 ec 5c c2 c5 73 1d 39 12 26 0d 18 fe 31 6a c3 fd f9 19 90 00 
<<<<
>>>>
13 75 00 00 00 
00 00 00 00 00 00 05 46 90 00 
<<<<
>>>>
13 77 00 00 08 00 00 00 00 00 00 05 46 
27 8a 4a e1 2a 3d 0b d9 a3 f1 c9 11 9a 13 8d b9 e7 44 9b 7d 14 0e 40 32 8f cd 6f a5 bb e1 94 33 90 00 
<<<<
>>>>
13 76 00 00 00 
f1 68 ff 5c fa b9 6f 70 24 02 e0 c2 df 9a 99 05 a1 63 34 b3 fd d9 e7 96 fc 02 6a 2f df 95 64 41 90 00 
<<<<
>>>>
13 75 00 00 00 
00 00 00 00 00 00 05 47 90 00 
<<<<
>>>>
13 76 00 00 00 
66 da 24 43 f0 39 15 5d ed 4c 71 49 09 24 57 56 cc 2c 28 6e d1 b8 7d a6 ce 23 71 c6 a9 e4 00 7c 90 00 
<<<<
>>>>
13 77 00 00 08 00 00 00 00 00 00 05 47 
f1 68 ff 5c fa b9 6f 70 24 02 e0 c2 df 9a 99 05 a1 63 34 b3 fd d9 e7 96 fc 02 6a 2f df 95 64 41 90 00 
<<<<
>>>>
13 75 00 00 00 
00 00 00 00 00 00 05 48 90 00 
<<<<
>>>>
13 77 00 00 08 00 00 00 00 00 00 05 48 
66 da 24 43 f0 39 15 5d ed 4c 71 49 09 24 57 56 cc 2c 28 6e d1 b8 7d a6 ce 23 71 c6 a9 e4 00 7c 90 00 
<<<<
>>>>
13 76 00 00 00 
50 55 45 d5 d2 e6 7e af b3 a0 1c cc 6e b3 98 b4 62 30 25 2e 30 08 d8 29 a2 ac ef 11 52 4c f7 dc 90 00 
<<<<
>>>>
13 75 00 00 00 
00 00 00 00 00 00 05 49 90 00 
<<<<
>>>>
13 76 00 00 00 
77 4d 73 0d 3c 3b ef 8f e9 16 43 ff 85 47 20 4c ac e7 8e 01 4d 1d de ac 9c 78 01 a2 41 48 f0 f4 90 00 
<<<<
>>>>
13 77 00 00 08 00 00 00 00 00 00 05 49 
50 55 45 d5 d2 e6 7e af b3 a0 1c cc 6e b3 98 b4 62 30 25 2e 30 08 d8 29 a2 ac ef 11 52 4c f7 dc 90 00 
<<<<
>>>>
13 75 00 00 00 
00 00 00 00 00 00 05 4a 90 00 
<<<<
>>>>
13 77 00 00 08 00 00 00 00 00 00 05 4a 
77 4d 73 0d 3c 3b ef 8f e9 16 43 ff 85 47 20 4c ac e7 8e 01 4d 1d de ac 9c 78 01 a2 41 48 f0 f4 90 00 
<<<<
>>>>
13 76 00 00 00 
3d f9 01 c9 50 23 1e 7a f7 49 35 df 3e 2b 65 2a 10 99 51 b9 ab 05 fe 4b 93 e7 67 86 5e d2 74 6c 90 00 
<<<<
>>>>
13 75 00 00 00 
00 00 00 00 00 00 05 4b 90 00 
<<<<
>>>>
13 76 00 00 00 
38 18 b5 fd e0 d0 f2 ef 03 38 13 90 ef f4 ea 76 b1 13 5f 69 95 0b cd 05 23 7d 9e c7 a2 df 03 df 90 00 
<<<<
>>>>
13 77 00 00 08 00 00 00 00 00 00 05 4b 
3d f9 01 c9 50 23 1e 7a f7 49 35 df 3e 2b 65 2a 10 99 51 b9 ab 05 fe 4b 93 e7 67 86 5e d2 74 6c 90 00 
<<<<
>>>>
13 75 00 00 00 
00 00 00 00 00 00 05 4c 90 00 
<<<<
>>>>
13 77 00 00 08 00 00 00 00 00 00 05 4c 
38 18 b5 fd e0 d0 f2 ef 03 38 13 90 ef f4 ea 76 b1 13 5f 69 95 0b cd 05 23 7d 9e c7 a2 df 03 df 90 00 
<<<<
>>>>
13 76 00 00 00 
4f d5 bc da 01 61 98 ff ee b1 fd f2 9c 7d b3 50 be 89 9b d8 3e ca 0a 99 32 39 9a 84 ed 75 92 1a 90 00 
<<<<
>>>>
13 75 00 00 00 
00 00 00 00 00 00 05 4d 90 00 
<<<<
>>>>
13 76 00 00 00 
c0 b2 08 58 5b 9e 18 43 96 56 6e 08 96 4e b7 66 91 ab 5e 45 68 6a ae 5d 03 32 7f bd 95 d7 ae bf 90 00 
<<<<
>>>>
13 77 00 00 08 00 00 00 00 00 00 05 4d 
4f d5 bc da 01 61 98 ff ee b1 fd f2 9c 7d b3 50 be 89 9b d8 3e ca 0a 99 32 39 9a 84 ed 75 92 1a 90 00 
<<<<
>>>>
13 75 00 00 00 
00 00 00 00 00 00 05 4e 90 00 
<<<<
>>>>
13 77 00 00 08 00 00 00 00 00 00 05 4e 
c0 b2 08 58 5b 9e 18 43 96 56 6e 08 96 4e b7 66 91 ab 5e 45 68 6a ae 5d 03 32 7f bd 95 d7 ae bf 90 00 
<<<<
>>>>
13 76 00 00 00 
e5 7f c0 f3 37 f7 b4 36 3c 20 10 d7 57 68 bf 4d c4 18 9e cc 3a cb e1 ab b9 b9 2f 37 24 01 40 3c 90 00 
<<<<
>>>>
13 75 00 00 00 
00 00 00 00 00 00 05 4f 90 00 
<<<<
>>>>
13 76 00 00 00 
49 9c 12 07 d9 42 34 82 4e 53 52 5a fa 13 e4 0a e4 c0 62 01 a9 1e a5 a6 0b 95 80 0d 65 01 a3 ae 90 00 
<<<<
>>>>
13 77 00 00 08 00 00 00 00 00 00 05 4f 
e5 7f c0 f3 37 f7 b4 36 3c 20 10 d7 57 68 bf 4d c4 18 9e cc 3a cb e1 ab b9 b9 2f 37 24 01 40 3c 90 00 
<<<<
>>>>
13 75 00 00 00 
00 00 00 00 00 00 05 50 90 00 
<<<<
>>>>
13 77 00 00 08 00 00 00 00 00 00 05 50 
49 9c 12 07 d9 42 34 82 4e 53 52 5a fa 13 e4 0a e4 c0 62 01 a9 1e a5 a6 0b 95 80 0d 65 01 a3 ae 90 00 
<<<<
>>>>
13 76 00 00 00 
1e d8 18 d6 cd 61 64 78 08 2b 64 e4 99 d0 df b8 b5 46 4f 92 5b b5 96 44 cf 56 c7 20 83 f5 fd a8 90 00 
<<<<
>>>>
13 75 00 00 00 
00 00 00 00 00 00 05 51 90 00 
<<<<
>>>>
13 76 00 00 00 
bb 7d 17 5c 9a 3c e6 d7 d5 35 1d cc e3 43 ef fc cc 1b b9 fd 68 2f 3e a9 4b b7 64 06 ea 89 c7 5d 90 00 
<<<<
>>>>
13 77 00 00 08 00 00 00 00 00 00 05 51 
1e d8 18 d6 cd 61 64 78 08 2b 64 e4 99 d0 df b8 b5 46 4f 92 5b b5 96 44 cf 56 c7 20 83 f5 fd a8 90 00 
<<<<
>>>>
13 75 00 00 00 
00 00 00 00 00 00 05 52 90 00 
<<<<
>>>>
13 77 00 00 08 00 00 00 00 00 00 05 52 
bb 7d 17 5c 9a 3c e6 d7 d5 35 1d cc e3 43 ef fc cc 1b b9 fd 68 2f 3e a9 4b b7 64 06 ea 89 c7 5d 90 00 
<<<<
>>>>
13 76 00 00 00 
8d c2 0f 29 3b 82 e9 ba 39 f0 d4 c7 6f d1 0b 86 ea f7 62 9f f6 e9 68 78 47 40 cc 20 54 9d ce 00 90 00 
<<<<
>>>>
13 75 00 00 00 
00 00 00 00 00 00 05 53 90 00 
<<<<
>>>>
13 76 00 00 00 
d9 06 56 77 84 1e ab c7 05 2d 6a a2 8b 52 ac a3 cb 3c b2 e9 27 4d d2 e3 1c ea c7 2b 99 bc 07 01 90 00 
<<<<
>>>>
13 77 00 00 08 00 00 00 00 00 00 05 53 
8d c2 0f 29 3b 82 e9 ba 39 f0 d4 c7 6f d1 0b 86 ea f7 62 9f f6 e9 68 78 47 40 cc 20 54 9d ce 00 90 00 
<<<<
>>>>
13 75 00 00 00 
00 00 00 00 00 00 05 54 90 00 
<<<<
>>>>
13 77 00 00 08 00 00 00 00 00 00 05 54 
d9 06 56 77 84 1e ab c7 05 2d 6a a2 8b 52 ac a3 cb 3c b2 e9 27 4d d2 e3 1c ea c7 2b 99 bc 07 01 90 00 
<<<<
>>>>
13 76 00 00 00 
b9 46 c5 90 10 3e 3d aa 35 c3 92 78 2f 23 27 1d c1 aa 42 36 a2 06 79 3d 12 be ad 6f 0b d0 f1 21 90 00 
<<<<
>>>>
13 75 00 00 00 
00 00 00 00 00 00 05 55 90 00 
<<<<
>>>>
13 76 00 00 00 
eb 39 96 f3 f0 f9 c0 ec d6 bf 50 7d 3f 81 67 8e d0 f9 3d b5 2f 68 cd 46 58 5c c0 2d f7 30 a2 e8 90 00 
<<<<
>>>>
13 77 00 00 08 00 00 00 00 00 00 05 55 
b9 46 c5 90 10 3e 3d aa 35 c3 92 78 2f 23 27 1d c1 aa 42 36 a2 06 79 3d 12 be ad 6f 0b d0 f1 21 90 00 
<<<<
>>>>
13 75 00 00 00 
00 00 00 00 00 00 05 56 90 00 
<<<<
>>>>
13 77 00 00 08 00 00 00 00 00 00 05 56 
eb 39 96 f3 f0 f9 c0 ec d6 bf 50 7d 3f 81 67 8e d0 f9 3d b5 2f 68 cd 46 58 5c c0 2d f7 30 a2 e8 90 00 
<<<<
>>>>
13 76 00 00 00 
ea 87 6e 18 c3 e5 89 20 9a 62 01 27 f9 b6 5a b3 aa 21 cb 80 99 8b 0d d3 e8 3f 46 49 ed f8 c6 c5 90 00 
<<<<
>>>>
13 75 00 00 00 
00 00 00 00 00 00 05 57 90 00 
<<<<
>>>>
13 76 00 00 00 
44 a5 ab ed 44 6c 1b bc ea c9 95 a6 ad 83 01 ac a1 6c 86 2e 4e d9 75 fb eb bf 41 27 f3 ac e3 1f 90 00 
<<<<
>>>>
13 77 00 00 08 00 00 00 00 00 00 05 57 
ea 87 6e 18 c3 e5 89 20 9a 62 01 27 f9 b6 5a b3 aa 21 cb 80 99 8b 0d d3 e8 3f 46 49 ed f8 c6 c5 90 00 
<<<<
>>>>
13 75 00 00 00 
00 00 00 00 00 00 05 58 90 00 
<<<<
>>>>
13 77 00 00 08 00 00 00 00 00 00 05 58 
44 a5 ab ed 44 6c 1b bc ea c9 95 a6 ad 83 01 ac a1 6c 86 2e 4e d9 75 fb eb bf 41 27 f3 ac e3 1f 90 00 
<<<<
>>>>
13 76 00 00 00 
1d 60 ed 8a 40 c9 32 e0 9e c5 1d d5 57 36 77 7c f0 19 51 4f 16 e4 99 8e bd 44 4a 04 b9 1b 7e 37 90 00 
<<<<
>>>>
13 75 00 00 00 
00 00 00 00 00 00 05 59 90 00 
<<<<
>>>>
13 76 00 00 00 
05 40 b0 8e b0 06 bd 1e 57 aa 90 d6 fa f5 c6 d3 07 78 17 f1 32 3c 54 ca cd 2c ea f8 f2 02 39 09 90 00 
<<<<
>>>>
13 77 00 00 08 00 00 00 00 00 00 05 59 
1d 60 ed 8a 40 c9 32 e0 9e c5 1d d5 57 36 77 7c f0 19 51 4f 16 e4 99 8e bd 44 4a 04 b9 1b 7e 37 90 00 
<<<<
>>>>
13 75 00 00 00 
00 00 00 00 00 00 05 5a 90 00 
<<<<
>>>>
13 77 00 00 08 00 00 00 00 00 00 05 5a 
05 40 b0 8e b0 06 bd 1e 57 aa 90 d6 fa f5 c6 d3 07 78 17 f1 32 3c 54 ca cd 2c ea f8 f2 02 39 09 90 00 
<<<<
>>>>
13 76 00 00 00 
67 32 ec 9b 45 ee 9a bc 07 a2 cc cf 17 bf 00 af fa 92 c9 30 72 21 38 51 e6 46 69 06 f7 a7 19 09 90 00 
<<<<
>>>>
13 75 00 00 00 
00 00 00 00 00 00 05 5b 90 00 
<<<<
>>>>
13 76 00 00 00 
6f 4f 10 cb 01 65 7c 7c c6 d4 4f 3b 34 d7 52 37 79 f0 22 60 7e 8c 3d 6e 69 89 da 6f c6 48 10 f9 90 00 
<<<<
>>>>
13 77 00 00 08 00 00 00 00 00 00 05 5b 
67 32 ec 9b 45 ee 9a bc 07 a2 cc cf 17 bf 00 af fa 92 c9 30 72 21 38 51 e6 46 69 06 f7 a7 19 09 90 00 
<<<<
>>>>
13 75 00 00 00 
00 00 00 00 00 00 05 5c 90 00 
<<<<
>>>>
13 77 00 00 08 00 00 00 00 00 00 05 5c 
6f 4f 10 cb 01 65 7c 7c c6 d4 4f 3b 34 d7 52 37 79 f0 22 60 7e 8c 3d 6e 69 89 da 6f c6 48 10 f9 90 00 
<<<<
>>>>
13 76 00 00 00 
55 3b 40 a1 8a e6 cd dc d7 7f c3 94 96 f2 1e 3d 01 cd 6a 97 77 1a 5f a9 55 b0 c0 75 62 63 fd dc 90 00 
<<<<
>>>>
13 75 00 00 00 
00 00 00 00 00 00 05 5d 90 00 
<<<<
>>>>
13 76 00 00 00 
05 b6 34 79 60 4b f3 0f 9b b1 bc d2 68 0d 0f 42 6d a6 1f 9f 64 41 63 d3 99 85 41 d0 08 eb c2 3a 90 00 
<<<<
>>>>
13 77 00 00 08 00 00 00 00 00 00 05 5d 
55 3b 40 a1 8a e6 cd dc d7 7f c3 94 96 f2 1e 3d 01 cd 6a 97 77 1a 5f a9 55 b0 c0 75 62 63 fd dc 90 00 
<<<<
>>>>
13 75 00 00 00 
00 00 00 00 00 00 05 5e 90 00 
<<<<
>>>>
13 77 00 00 08 00 00 00 00 00 00 05 5e 
05 b6 34 79 60 4b f3 0f 9b b1 bc d2 68 0d 0f 42 6d a6 1f 9f 64 41 63 d3 99 85 41 d0 08 eb c2 3a 90 00 
<<<<
>>>>
13 76 00 00 00 
db d5 92 d2 04 90 43 f6 84 74 c5 4a 99 b8 58 15 b2 57 3f 69 f5 8d 7c ed 9e ac 26 52 74 d7 c7 f5 90 00 
<<<<
>>>>
13 75 00 00 00 
00 00 00 00 00 00 05 5f 90 00 
<<<<
>>>>
13 76 00 00 00 
68 bd 65 db 57 33 80 26 67 d1 a5 ef e9 fc d7 68 be c9 e5 cb da a9 43 9f 7a ad 8c a3 14 de 97 a3 90 00 
<<<<
>>>>
13 77 00 00 08 00 00 00 00 00 00 05 5f 
db d5 92 d2 04 90 43 f6 84 74 c5 4a 99 b8 58 15 b2 57 3f 69 f5 8d 7c ed 9e ac 26 52 74 d7 c7 f5 90 00 
<<<<
>>>>
13 75 00 00 00 
00 00 00 00 00 00 05 60 90 00 
<<<<
>>>>
13 77 00 00 08 00 00 00 00 00 00 05 60 
68 bd 65 db 57 33 80 26 67 d1 a5 ef e9 fc d7 68 be c9 e5 cb da a9 43 9f 7a ad 8c a3 14 de 97 a3 90 00 
<<<<
>>>>
13 76 00 00 00 
15 a9 82 1d b9 a4 84 80 4c c5 22 24 53 d0 73 33 ed 49 f2 05 d8 85 3c 3c bd 05 c1 83 53 80 68 78 90 00 
<<<<
>>>>
13 75 00 00 00 
00 00 00 00 00 00 05 61 90 00 
<<<<
>>>>
13 76 00 00 00 
11 a6 49 e6 55 17 f7 53 bf 45 53 e7 e0 74 b3 07 96 8d cb b8 06 18 28 99 a2 72 6c 05 5e d2 c2 bb 90 00 
<<<<
>>>>
13 77 00 00 08 00 00 00 00 00 00 05 61 
15 a9 82 1d b9 a4 84 80 4c c5 22 24 53 d0 73 33 ed 49 f2 05 d8 85 3c 3c bd 05 c1 83 53 80 68 78 90 00 
<<<<
>>>>
13 75 00 00 00 
00 00 00 00 00 00 05 62 90 00 
<<<<
>>>>
13 77 00 00 08 00 00 00 00 00 00 05 62 
11 a6 49 e6 55 17 f7 53 bf 45 53 e7 e0 74 b3 07 96 8d cb b8 06 18 28 99 a2 72 6c 05 5e d2 c2 bb 90 00 
<<<<
>>>>
13 76 00 00 00 
08 33 5b 03 5e e7 0d 25 8a 98 f8 36 6c 66 d3 70 66 13 da 76 a7 e0 14 f1 35 45 bb 21 44 41 0b d9 90 00 
<<<<
>>>>
13 75 00 00 00 
00 00 00 00 00 00 05 63 90 00 
<<<<
>>>>
13 76 00 00 00 
58 60 c7 f3 e4 bf cf dd 7c cc b2 20 19 f8 00 b0 ce 80 51 3c f3 f4 d5 fd 11 1e e6 6d 19 88 af 87 90 00 
<<<<
>>>>
13 77 00 00 08 00 00 00 00 00 00 05 63 
08 33 5b 03 5e e7 0d 25 8a 98 f8 36 6c 66 d3 70 66 13 da 76 a7 e0 14 f1 35 45 bb 21 44 41 0b d9 90 00 
<<<<
>>>>
13 75 00 00 00 
00 00 00 00 00 00 05 64 90 00 
<<<<
>>>>
13 77 00 00 08 00 00 00 00 00 00 05 64 
58 60 c7 f3 e4 bf cf dd 7c cc b2 20 19 f8 00 b0 ce 80 51 3c f3 f4 d5 fd 11 1e e6 6d 19 88 af 87 90 00 
<<<<
>>>>
13 76 00 00 00 
72 84 d2 b3 c5 ca 88 b5 b9 f3 51 bb e7 f8 fe d5 b5 3b 39 d1 25 5f b6 00 b1 9e f5 27 cc 1a cb 59 90 00 
<<<<
>>>>
13 75 00 00 00 
00 00 00 00 00 00 05 65 90 00 
<<<<
>>>>
13 76 00 00 00 
44 f8 8e a6 38 43 c5 32 fd 62 d6 d2 03 96 b7 f2 65 0b 76 89 2d 40 52 42 1b 13 74 f6 4e 06 9a e1 90 00 
<<<<
>>>>
13 77 00 00 08 00 00 00 00 00 00 05 65 
72 84 d2 b3 c5 ca 88 b5 b9 f3 51 bb e7 f8 fe d5 b5 3b 39 d1 25 5f b6 00 b1 9e f5 27 cc 1a cb 59 90 00 
<<<<
>>>>
13 75 00 00 00 
00 00 00 00 00 00 05 66 90 00 
<<<<
>>>>
13 77 00 00 08 00 00 00 00 00 00 05 66 
44 f8 8e a6 38 43 c5 32 fd 62 d6 d2 03 96 b7 f2 65 0b 76 89 2d 40 52 42 1b 13 74 f6 4e 06 9a e1 90 00 
<<<<
>>>>
13 76 00 00 00 
3c 1c f1 ac 7a 5f 33 1b 08 65 bd 5c c5 00 dc ef c6 40 41 1a 1f a3 54 72 b1 ae ec 3b d4 0c 9f d8 90 00 
<<<<
>>>>
13 75 00 00 00 
00 00 00 00 00 00 05 67 90 00 
<<<<
>>>>
13 76 00 00 00 
83 de 48 0b 55 ab 85 8c fc 40 06 03 fd c2 19 0b c0 f4 f6 55 33 11 d9 c7 5c 36 1d 5e f5 a3 78 22 90 00 
<<<<
>>>>
13 77 00 00 08 00 00 00 00 00 00 05 67 
3c 1c f1 ac 7a 5f 33 1b 08 65 bd 5c c5 00 dc ef c6 40 41 1a 1f a3 54 72 b1 ae ec 3b d4 0c 9f d8 90 00 
<<<<
>>>>
13 75 00 00 00 
00 00 00 00 00 00 05 68 90 00 
<<<<
>>>>
13 77 00 00 08 00 00 00 00 00 00 05 68 
83 de 48 0b 55 ab 85 8c fc 40 06 03 fd c2 19 0b c0 f4 f6 55 33 11 d9 c7 5c 36 1d 5e f5 a3 78 22 90 00 
<<<<
>>>>
13 76 00 00 00 
b3 40 03 77 d6 38 03 b9 43 bf be 39 d2 78 20 9c 19 d2 e5 bc b3 f5 ac cb 90 7f e8 70 e1 14 66 d7 90 00 
<<<<
>>>>
13 75 00 00 00 
00 00 00 00 00 00 05 69 90 00 
<<<<
>>>>
13 76 00 00 00 
28 a6 15 d8 21 31 64 b9 e0 e9 35 4c e0 42 d9 fa 71 bf 1b 04 7e a8 ae 49 ff bb 52 ad dc 70 7e c4 90 00 
<<<<
>>>>
13 77 00 00 08 00 00 00 00 00 00 05 69 
b3 40 03 77 d6 38 03 b9 43 bf be 39 d2 78 20 9c 19 d2 e5 bc b3 f5 ac cb 90 7f e8 70 e1 14 66 d7 90 00 
<<<<
>>>>
13 75 00 00 00 
00 00 00 00 00 00 05 6a 90 00 
<<<<
>>>>
13 77 00 00 08 00 00 00 00 00 00 05 6a 
28 a6 15 d8 21 31 64 b9 e0 e9 35 4c e0 42 d9 fa 71 bf 1b 04 7e a8 ae 49 ff bb 52 ad dc 70 7e c4 90 00 
<<<<
>>>>
13 76 00 00 00 
a9 63 5d 0d 46 92 96 a9 c7 88 2f cd e1 1c 71 87 08 4b cb ff 9f 76 f9 3d 61 fc 02 bc 50 19 56 68 90 00 
<<<<
>>>>
13 75 00 00 00 
00 00 00 00 00 00 05 6b 90 00 
<<<<
>>>>
13 76 00 00 00 
1d af 4c 35 d8 ab ad b0 cb 4b 3a 1a df b7 a6 64 d2 74 8f 93 69 e8 c3 0b a0 65 6f 36 e2 c3 50 10 90 00 
<<<<
>>>>
13 77 00 00 08 00 00 00 00 00 00 05 6b 
a9 63 5d 0d 46 92 96 a9 c7 88 2f cd e1 1c 71 87 08 4b cb ff 9f 76 f9 3d 61 fc 02 bc 50 19 56 68 90 00 
<<<<
>>>>
13 75 00 00 00 
00 00 00 00 00 00 05 6c 90 00 
<<<<
>>>>
13 77 00 00 08 00 00 00 00 00 00 05 6c 
1d af 4c 35 d8 ab ad b0 cb 4b 3a 1a df b7 a6 64 d2 74 8f 93 69 e8 c3 0b a0 65 6f 36 e2 c3 50 10 90 00 
<<<<
>>>>
13 76 00 00 00 
6c fe b8 8a 4e 6e 9b 60 35 f5 e0 3d 07 b8 bd 88 5a 6a e8 88 12 64 69 8d 65 25 6c d5 c5 b8 96 83 90 00 
<<<<
>>>>
13 75 00 00 00 
00 00 00 00 00 00 05 6d 90 00 
<<<<
>>>>
13 76 00 00 00 
d7 f2 93 ce ef 38 e9 c6 9e 1b d8 fe 9b 36 f3 2a e0 dc be 7f 03 ad 9a 34 f0 95 d0 c6 ae 36 b6 3e 90 00 
<<<<
>>>>
13 77 00 00 08 00 00 00 00 00 00 05 6d 
6c fe b8 8a 4e 6e 9b 60 35 f5 e0 3d 07 b8 bd 88 5a 6a e8 88 12 64 69 8d 65 25 6c d5 c5 b8 96 83 90 00 
<<<<
>>>>
13 75 00 00 00 
00 00 00 00 00 00 05 6e 90 00 
<<<<
>>>>
13 77 00 00 08 00 00 00 00 00 00 05 6e 
d7 f2 93 ce ef 38 e9 c6 9e 1b d8 fe 9b 36 f3 2a e0 dc be 7f 03 ad 9a 34 f0 95 d0 c6 ae 36 b6 3e 90 00 
<<<<
>>>>
13 76 00 00 00 
61 e5 9d 51 53 46 93 3e 92 c4 cd 08 d5 ad ba 26 69 39 c0 6c cc 9f d2 45 4a fb be 12 36 c1 13 b7 90 00 
<<<<
>>>>
13 75 00 00 00 
00 00 00 00 00 00 05 6f 90 00 
<<<<
>>>>
13 76 00 00 00 
24 69 1d ea 1c 9f ab d4 54 d2 fa 92 28 a0 4a a4 03 4c 3d 4f 07 65 97 4c f9 bf e7 2d 92 27 e3 63 90 00 
<<<<
>>>>
13 77 00 00 08 00 00 00 00 00 00 05 6f 
61 e5 9d 51 53 46 93 3e 92 c4 cd 08 d5 ad ba 26 69 39 c0 6c cc 9f d2 45 4a fb be 12 36 c1 13 b7 90 00 
<<<<
>>>>
13 75 00 00 00 
00 00 00 00 00 00 05 70 90 00 
<<<<
>>>>
13 77 00 00 08 00 00 00 00 00 00 05 70 
24 69 1d ea 1c 9f ab d4 54 d2 fa 92 28 a0 4a a4 03 4c 3d 4f 07 65 97 4c f9 bf e7 2d 92 27 e3 63 90 00 
<<<<
>>>>
13 76 00 00 00 
1b 08 6c ea f6 d9 66 93 27 24 00 db 01 b8 ea a1 da 94 e6 69 37 57 08 ea 05 c0 55 e7 db 29 97 19 90 00 
<<<<
>>>>
13 75 00 00 00 
00 00 00 00 00 00 05 71 90 00 
<<<<
>>>>
13 76 00 00 00 
ac 94 25 f5 06 6e 9d eb 07 eb e7 dd 64 90 12 9b 04 98 b9 9d 7a 57 64 26 aa 6e 4c 83 bb 5b cd 17 90 00 
<<<<
>>>>
13 77 00 00 08 00 00 00 00 00 00 05 71 
1b 08 6c ea f6 d9 66 93 27 24 00 db 01 b8 ea a1 da 94 e6 69 37 57 08 ea 05 c0 55 e7 db 29 97 19 90 00 
<<<<
>>>>
13 75 00 00 00 
00 00 00 00 00 00 05 72 90 00 
<<<<
>>>>
13 77 00 00 08 00 00 00 00 00 00 05 72 
ac 94 25 f5 06 6e 9d eb 07 eb e7 dd 64 90 12 9b 04 98 b9 9d 7a 57 64 26 aa 6e 4c 83 bb 5b cd 17 90 00 
<<<<
>>>>
13 76 00 00 00 
f8 52 d0 0c 0e 59 06 c7 14 a5 63 35 a5 4b 6c 10 56 d8 37 bf d8 c0 7a a8 39 b0 6a 6b 86 34 fc 04 90 00 
<<<<
>>>>
13 75 00 00 00 
00 00 00 00 00 00 05 73 90 00 
<<<<
>>>>
13 76 00 00 00 
b9 6e 64 fb 65 1d 39 b4 d7 85 3d 4c 5b 02 25 5b d5 8f 21 30 ae 35 0a 15 3e c0 59 5b 50 27 a6 73 90 00 
<<<<
>>>>
13 77 00 00 08 00 00 00 00 00 00 05 73 
f8 52 d0 0c 0e 59 06 c7 14 a5 63 35 a5 4b 6c 10 56 d8 37 bf d8 c0 7a a8 39 b0 6a 6b 86 34 fc 04 90 00 
<<<<
>>>>
13 75 00 00 00 
00 00 00 00 00 00 05 74 90 00 
<<<<
>>>>
13 77 00 00 08 00 00 00 00 00 00 05 74 
b9 6e 64 fb 65 1d 39 b4 d7 85 3d 4c 5b 02 25 5b d5 8f 21 30 ae 35 0a 15 3e c0 59 5b 50 27 a6 73 90 00 
<<<<
>>>>
13 76 00 00 00 
b8 97 49 1e 82 62 d6 04 0f 86 ba 4c 82 23 26 9a ee f4 62 7e d2 bc e1 e7 2c 2b cc b4 65 83 37 ec 90 00 
<<<<
>>>>
13 75 00 00 00 
00 00 00 00 00 00 05 75 90 00 
<<<<
>>>>
13 76 00 00 00 
d3 25 4f ef c3 c4 f1 a4 c3 33 3c 5d b9 6b 5a a9 bf 87 33 5d 0b 62 5f 9e 82 d5 58 c9 f0 bb 47 a3 90 00 
<<<<
>>>>
13 77 00 00 08 00 00 00 00 00 00 05 75 
b8 97 49 1e 82 62 d6 04 0f 86 ba 4c 82 23 26 9a ee f4 62 7e d2 bc e1 e7 2c 2b cc b4 65 83 37 ec 90 00 
<<<<
>>>>
13 75 00 00 00 
00 00 00 00 00 00 05 76 90 00 
<<<<
>>>>
13 77 00 00 08 00 00 00 00 00 00 05 76 
d3 25 4f ef c3 c4 f1 a4 c3 33 3c 5d b9 6b 5a a9 bf 87 33 5d 0b 62 5f 9e 82 d5 58 c9 f0 bb 47 a3 90 00 
<<<<
>>>>
13 76 00 00 00 
2a bd da e6 ae b6 30 b1 ba a2 e1 3a a0 41 f3 94 95 a4 5c 3c 30 0c 66 49 b9 9d 4d c6 15 fc 58 a0 90 00 
<<<<
>>>>
13 75 00 00 00 
00 00 00 00 00 00 05 77 90 00 
<<<<
>>>>
13 76 00 00 00 
1c ac 97 4b 9b 74 8a 52 fe d8 5d 08 3d 1f 48 a2 a1 47 d1 5d 02 4b 73 eb 48 66 a5 39 a9 0f 93 dd 90 00 
<<<<
>>>>
13 77 00 00 08 00 00 00 00 00 00 05 77 
2a bd da e6 ae b6 30 b1 ba a2 e1 3a a0 41 f3 94 95 a4 5c 3c 30 0c 66 49 b9 9d 4d c6 15 fc 58 a0 90 00 
<<<<
>>>>
13 75 00 00 00 
00 00 00 00 00 00 05 78 90 00 
<<<<
>>>>
13 77 00 00 08 00 00 00 00 00 00 05 78 
1c ac 97 4b 9b 74 8a 52 fe d8 5d 08 3d 1f 48 a2 a1 47 d1 5d 02 4b 73 eb 48 66 a5 39 a9 0f 93 dd 90 00 
<<<<
>>>>
13 76 00 00 00 
16 9a 8f 20 9a 81 cf 2c 24 09 3b d3 76 51 44 49 70 a6 86 3c 41 2b 23 81 70 2b 01 b8 4f ce 5c 9c 90 00 
<<<<
>>>>
13 75 00 00 00 
00 00 00 00 00 00 05 79 90 00 
<<<<
>>>>
13 76 00 00 00 
5b 00 e0 7f 44 9f 39 fd 57 92 34 3d d3 14 9f 6a 4c 39 6a de 10 01 80 7f aa d7 24 ae 88 f7 68 07 90 00 
<<<<
>>>>
13 77 00 00 08 00 00 00 00 00 00 05 79 
16 9a 8f 20 9a 81 cf 2c 24 09 3b d3 76 51 44 49 70 a6 86 3c 41 2b 23 81 70 2b 01 b8 4f ce 5c 9c 90 00 
<<<<
>>>>
13 75 00 00 00 
00 00 00 00 00 00 05 7a 90 00 
<<<<
>>>>
13 77 00 00 08 00 00 00 00 00 00 05 7a 
5b 00 e0 7f 44 9f 39 fd 57 92 34 3d d3 14 9f 6a 4c 39 6a de 10 01 80 7f aa d7 24 ae 88 f7 68 07 90 00 
<<<<
>>>>
13 76 00 00 00 
9c 37 05 f9 30 00 c7 79 3b a5 48 52 a4 aa 4b c6 5e 9b a1 25 05 f2 ac 07 1e 04 e8 3b ca c5 41 03 90 00 
<<<<
>>>>
13 75 00 00 00 
00 00 00 00 00 00 05 7b 90 00 
<<<<
>>>>
13 76 00 00 00 
0f 1e 40 85 07 1e 76 6a e9 39 cb f8 e2 d4 16 86 62 b3 3e 03 08 41 66 2c 70 70 3f e6 7b 26 fa 6c 90 00 
<<<<
>>>>
13 77 00 00 08 00 00 00 00 00 00 05 7b 
9c 37 05 f9 30 00 c7 79 3b a5 48 52 a4 aa 4b c6 5e 9b a1 25 05 f2 ac 07 1e 04 e8 3b ca c5 41 03 90 00 
<<<<
>>>>
13 75 00 00 00 
00 00 00 00 00 00 05 7c 90 00 
<<<<
>>>>
13 77 00 00 08 00 00 00 00 00 00 05 7c 
0f 1e 40 85 07 1e 76 6a e9 39 cb f8 e2 d4 16 86 62 b3 3e 03 08 41 66 2c 70 70 3f e6 7b 26 fa 6c 90 00 
<<<<
>>>>
13 76 00 00 00 
7d 76 05 b7 e2 79 f9 87 15 2c a9 b1 75 36 53 b4 a9 01 c8 40 87 1c ed 1b 61 78 f8 92 02 f0 46 4c 90 00 
<<<<
>>>>
13 75 00 00 00 
00 00 00 00 00 00 05 7d 90 00 
<<<<
>>>>
13 76 00 00 00 
6a 00 80 f0 da 49 90 27 6b d6 06 9b c5 a4 3c 6b 9b 81 ad 8b c0 13 07 17 f2 c9 d3 36 3b 71 b7 89 90 00 
<<<<
>>>>
13 77 00 00 08 00 00 00 00 00 00 05 7d 
7d 76 05 b7 e2 79 f9 87 15 2c a9 b1 75 36 53 b4 a9 01 c8 40 87 1c ed 1b 61 78 f8 92 02 f0 46 4c 90 00 
<<<<
>>>>
13 75 00 00 00 
00 00 00 00 00 00 05 7e 90 00 
<<<<
>>>>
13 77 00 00 08 00 00 00 00 00 00 05 7e 
6a 00 80 f0 da 49 90 27 6b d6 06 9b c5 a4 3c 6b 9b 81 ad 8b c0 13 07 17 f2 c9 d3 36 3b 71 b7 89 90 00 
<<<<
>>>>
13 76 00 00 00 
cf ef 77 c8 a4 6f eb 78 03 82 8d c8 fa b3 74 cf 01 2b 1c f7 81 3d 65 12 dd a6 fc 7f 6e 45 f9 f1 90 00 
<<<<
>>>>
13 75 00 00 00 
00 00 00 00 00 00 05 7f 90 00 
<<<<
>>>>
13 76 00 00 00 
91 8d dc 9e 85 fb 3d b2 77 a5 34 ff c3 61 8b 5f 1e 63 1a 76 f6 a9 66 35 34 50 c4 e3 c0 f1 b9 48 90 00 
<<<<
>>>>
13 77 00 00 08 00 00 00 00 00 00 05 7f 
cf ef 77 c8 a4 6f eb 78 03 82 8d c8 fa b3 74 cf 01 2b 1c f7 81 3d 65 12 dd a6 fc 7f 6e 45 f9 f1 90 00 
<<<<
>>>>
13 75 00 00 00 
00 00 00 00 00 00 05 80 90 00 
<<<<
>>>>
13 77 00 00 08 00 00 00 00 00 00 05 80 
91 8d dc 9e 85 fb 3d b2 77 a5 34 ff c3 61 8b 5f 1e 63 1a 76 f6 a9 66 35 34 50 c4 e3 c0 f1 b9 48 90 00 
<<<<
>>>>
13 76 00 00 00 
5e e1 14 3e 8e 6a c1 99 b0 a5 08 02 56 80 2a 7c 5b 88 97 f0 cb 19 85 8a c9 70 92 b0 6e a8 d0 0f 90 00 
<<<<
>>>>
13 75 00 00 00 
00 00 00 00 00 00 05 81 90 00 
<<<<
>>>>
13 76 00 00 00 
b4 fe ca ce 8e 6b b6 ac 93 7d f8 aa 42 61 8b 22 12 0d 1d ee 55 7f bb a0 93 06 59 1d b7 e7 4e f0 90 00 
<<<<
>>>>
13 77 00 00 08 00 00 00 00 00 00 05 81 
5e e1 14 3e 8e 6a c1 99 b0 a5 08 02 56 80 2a 7c 5b 88 97 f0 cb 19 85 8a c9 70 92 b0 6e a8 d0 0f 90 00 
<<<<
>>>>
13 75 00 00 00 
00 00 00 00 00 00 05 82 90 00 
<<<<
>>>>
13 77 00 00 08 00 00 00 00 00 00 05 82 
b4 fe ca ce 8e 6b b6 ac 93 7d f8 aa 42 61 8b 22 12 0d 1d ee 55 7f bb a0 93 06 59 1d b7 e7 4e f0 90 00 
<<<<
>>>>
13 76 00 00 00 
ca 1a 98 16 76 f4 c5 17 24 91 aa de 6a e4 11 0f e4 88 3f 3c 03 82 24 5e fb 42 82 c3 3e d4 a5 aa 90 00 
<<<<
>>>>
13 75 00 00 00 
00 00 00 00 00 00 05 83 90 00 
<<<<
>>>>
13 76 00 00 00 
62 14 5c d5 0b 8f e5 f9 71 9f 2d 2c 09 45 0d 87 6c cb 62 d9 66 bc f2 ec 64 45 9b e4 0f 49 cf 01 90 00 
<<<<
>>>>
13 77 00 00 08 00 00 00 00 00 00 05 83 
ca 1a 98 16 76 f4 c5 17 24 91 aa de 6a e4 11 0f e4 88 3f 3c 03 82 24 5e fb 42 82 c3 3e d4 a5 aa 90 00 
<<<<
>>>>
13 75 00 00 00 
00 00 00 00 00 00 05 84 90 00 
<<<<
>>>>
13 77 00 00 08 00 00 00 00 00 00 05 84 
62 14 5c d5 0b 8f e5 f9 71 9f 2d 2c 09 45 0d 87 6c cb 62 d9 66 bc f2 ec 64 45 9b e4 0f 49 cf 01 90 00 
<<<<
>>>>
13 76 00 00 00 
c5 08 b2 69 8e 8a 1d 15 ad cd 2a b8 b0 25 0d 93 30 4d cc c5 b2 cf 26 8a 3b 35 0a e9 b1 e5 7f e6 90 00 
<<<<
>>>>
13 75 00 00 00 
00 00 00 00 00 00 05 85 90 00 
<<<<
>>>>
13 76 00 00 00 
48 d7 4e bc e8 6d 8f 6c 88 a7 38 f7 fc 0a 26 1b ba ca 68 f8 31 f7 de a5 1c 95 8c 6d fe 17 52 6b 90 00 
<<<<
>>>>
13 77 00 00 08 00 00 00 00 00 00 05 85 
c5 08 b2 69 8e 8a 1d 15 ad cd 2a b8 b0 25 0d 93 30 4d cc c5 b2 cf 26 8a 3b 35 0a e9 b1 e5 7f e6 90 00 
<<<<
>>>>
13 75 00 00 00 
00 00 00 00 00 00 05 86 90 00 
<<<<
>>>>
13 77 00 00 08 00 00 00 00 00 00 05 86 
48 d7 4e bc e8 6d 8f 6c 88 a7 38 f7 fc 0a 26 1b ba ca 68 f8 31 f7 de a5 1c 95 8c 6d fe 17 52 6b 90 00 
<<<<
>>>>
13 76 00 00 00 
aa dd 36 e3 66 73 70 58 ab 64 f5 6c fa 86 42 8d 05 ad e7 1a 7e b8 8c f9 5b b5 53 7c 03 ae 44 08 90 00 
<<<<
>>>>
13 75 00 00 00 
00 00 00 00 00 00 05 87 90 00 
<<<<
>>>>
13 76 00 00 00 
26 6e d7 10 6d c1 c7 90 ca 81 8b 36 21 5b 89 b6 1c 05 5d c1 e3 5d a0 50 91 92 6e e5 74 e2 1e 6d 90 00 
<<<<
>>>>
13 77 00 00 08 00 00 00 00 00 00 05 87 
aa dd 36 e3 66 73 70 58 ab 64 f5 6c fa 86 42 8d 05 ad e7 1a 7e b8 8c f9 5b b5 53 7c 03 ae 44 08 90 00 
<<<<
>>>>
13 75 00 00 00 
00 00 00 00 00 00 05 88 90 00 
<<<<
>>>>
13 77 00 00 08 00 00 00 00 00 00 05 88 
26 6e d7 10 6d c1 c7 90 ca 81 8b 36 21 5b 89 b6 1c 05 5d c1 e3 5d a0 50 91 92 6e e5 74 e2 1e 6d 90 00 
<<<<
>>>>
13 76 00 00 00 
86 2b 41 ce 3f e3 ed 76 54 2e 6b 9b ab 38 f3 23 8c f1 b5 70 16 c4 28 cb e3 b5 39 c5 55 79 4d ed 90 00 
<<<<
>>>>
13 75 00 00 00 
00 00 00 00 00 00 05 89 90 00 
<<<<
>>>>
13 76 00 00 00 
c0 5f 9f e0 9c 69 97 63 e8 31 aa 68 42 40 ba 95 49 a4 56 f5 ad 55 c4 ac 6a 87 c3 6b 37 05 82 8c 90 00 
<<<<
>>>>
13 77 00 00 08 00 00 00 00 00 00 05 89 
86 2b 41 ce 3f e3 ed 76 54 2e 6b 9b ab 38 f3 23 8c f1 b5 70 16 c4 28 cb e3 b5 39 c5 55 79 4d ed 90 00 
<<<<
>>>>
13 75 00 00 00 
00 00 00 00 00 00 05 8a 90 00 
<<<<
>>>>
13 77 00 00 08 00 00 00 00 00 00 05 8a 
c0 5f 9f e0 9c 69 97 63 e8 31 aa 68 42 40 ba 95 49 a4 56 f5 ad 55 c4 ac 6a 87 c3 6b 37 05 82 8c 90 00 
<<<<
>>>>
13 76 00 00 00 
40 ed fe bb 75 41 d4 61 6f 75 66 db 4a 8c 70 ec 16 23 30 07 e4 67 fa 1c 95 c7 5c 76 3b 7d e9 cb 90 00 
<<<<
>>>>
13 75 00 00 00 
00 00 00 00 00 00 05 8b 90 00 
<<<<
>>>>
13 76 00 00 00 
b9 c4 46 20 de db 5f 3b 34 c3 a4 99 67 ed 52 be 16 e1 06 d8 8b 13 38 ef 6a 79 ee d9 d5 03 7a 0a 90 00 
<<<<
>>>>
13 77 00 00 08 00 00 00 00 00 00 05 8b 
40 ed fe bb 75 41 d4 61 6f 75 66 db 4a 8c 70 ec 16 23 30 07 e4 67 fa 1c 95 c7 5c 76 3b 7d e9 cb 90 00 
<<<<
>>>>
13 75 00 00 00 
00 00 00 00 00 00 05 8c 90 00 
<<<<
>>>>
13 77 00 00 08 00 00 00 00 00 00 05 8c 
b9 c4 46 20 de db 5f 3b 34 c3 a4 99 67 ed 52 be 16 e1 06 d8 8b 13 38 ef 6a 79 ee d9 d5 03 7a 0a 90 00 
<<<<
>>>>
13 76 00 00 00 
6e 9d 07 88 9b 1c a3 1f 0d f4 9a c0 a1 c7 a2 af d5 e7 a6 ea f7 00 96 b5 da ab b7 56 05 06 24 22 90 00 
<<<<
>>>>
13 75 00 00 00 
00 00 00 00 00 00 05 8d 90 00 
<<<<
>>>>
13 76 00 00 00 
f1 e8 cb 48 12 89 33 04 b4 6f 58 e2 32 cb 13 da 0c cd 24 97 2a fc 4c 0d 48 55 00 15 0e 6b 55 ea 90 00 
<<<<
>>>>
13 77 00 00 08 00 00 00 00 00 00 05 8d 
6e 9d 07 88 9b 1c a3 1f 0d f4 9a c0 a1 c7 a2 af d5 e7 a6 ea f7 00 96 b5 da ab b7 56 05 06 24 22 90 00 
<<<<
>>>>
13 75 00 00 00 
00 00 00 00 00 00 05 8e 90 00 
<<<<
>>>>
13 77 00 00 08 00 00 00 00 00 00 05 8e 
f1 e8 cb 48 12 89 33 04 b4 6f 58 e2 32 cb 13 da 0c cd 24 97 2a fc 4c 0d 48 55 00 15 0e 6b 55 ea 90 00 
<<<<
>>>>
13 76 00 00 00 
87 9a ff 05 32 84 9f 8b ae 86 10 e0 07 dd 29 8c d5 bb 5e 11 04 72 b3 bc 76 24 39 ba ba 7d 69 ed 90 00 
<<<<
>>>>
13 75 00 00 00 
00 00 00 00 00 00 05 8f 90 00 
<<<<
>>>>
13 76 00 00 00 
96 6f 5d 62 53 d1 43 5c 41 24 8a 33 34 ad d0 b0 a4 fb 1c 0e 51 63 b7 a0 56 cd 33 04 64 fb 10 e4 90 00 
<<<<
>>>>
13 77 00 00 08 00 00 00 00 00 00 05 8f 
87 9a ff 05 32 84 9f 8b ae 86 10 e0 07 dd 29 8c d5 bb 5e 11 04 72 b3 bc 76 24 39 ba ba 7d 69 ed 90 00 
<<<<
>>>>
13 75 00 00 00 
00 00 00 00 00 00 05 90 90 00 
<<<<
>>>>
13 77 00 00 08 00 00 00 00 00 00 05 90 
96 6f 5d 62 53 d1 43 5c 41 24 8a 33 34 ad d0 b0 a4 fb 1c 0e 51 63 b7 a0 56 cd 33 04 64 fb 10 e4 90 00 
<<<<
>>>>
13 76 00 00 00 
e2 73 04 ef a2 fd c2 43 ad 50 31 43 02 d1 6a d3 6f 3e 51 04 59 b0 9b af 9e 24 95 00 fc 86 bd c5 90 00 
<<<<
>>>>
13 75 00 00 00 
00 00 00 00 00 00 05 91 90 00 
<<<<
>>>>
13 76 00 00 00 
c6 03 27 ee 5e 4f 92 37 55 bd 69 2a 99 e3 fa 0c 33 b6 6d d9 34 4b b3 b7 5f 26 9c d0 a5 a2 f0 bc 90 00 
<<<<
>>>>
13 77 00 00 08 00 00 00 00 00 00 05 91 
e2 73 04 ef a2 fd c2 43 ad 50 31 43 02 d1 6a d3 6f 3e 51 04 59 b0 9b af 9e 24 95 00 fc 86 bd c5 90 00 
<<<<
>>>>
13 75 00 00 00 
00 00 00 00 00 00 05 92 90 00 
<<<<
>>>>
13 77 00 00 08 00 00 00 00 00 00 05 92 
c6 03 27 ee 5e 4f 92 37 55 bd 69 2a 99 e3 fa 0c 33 b6 6d d9 34 4b b3 b7 5f 26 9c d0 a5 a2 f0 bc 90 00 
<<<<
>>>>
13 76 00 00 00 
33 eb 21 f5 c3 5c cd c6 10 b4 e6 23 cf 57 73 83 be ba dc 9d 00 eb 1a e3 ea 13 4f 93 c0 c1 97 68 90 00 
<<<<
>>>>
13 75 00 00 00 
00 00 00 00 00 00 05 93 90 00 
<<<<
>>>>
13 76 00 00 00 
ad 3a 98 89 06 8a 89 06 af ce a6 f2 ab 02 49 74 24 cd 60 c2 6f 98 3e 43 fa 69 1b 51 c1 ab c8 57 90 00 
<<<<
>>>>
13 77 00 00 08 00 00 00 00 00 00 05 93 
33 eb 21 f5 c3 5c cd c6 10 b4 e6 23 cf 57 73 83 be ba dc 9d 00 eb 1a e3 ea 13 4f 93 c0 c1 97 68 90 00 
<<<<
>>>>
13 75 00 00 00 
00 00 00 00 00 00 05 94 90 00 
<<<<
>>>>
13 77 00 00 08 00 00 00 00 00 00 05 94 
ad 3a 98 89 06 8a 89 06 af ce a6 f2 ab 02 49 74 24 cd 60 c2 6f 98 3e 43 fa 69 1b 51 c1 ab c8 57 90 00 
<<<<
>>>>
13 76 00 00 00 
63 7f 00 d2 76 9e 30 98 c3 8e 5e 4c 10 4e d6 f0 1f 98 2d 85 be ec 6f df 57 38 79 4c 2d 94 22 4a 90 00 
<<<<
>>>>
13 75 00 00 00 
00 00 00 00 00 00 05 95 90 00 
<<<<
>>>>
13 76 00 00 00 
3e e9 c0 4b ec d3 e0 26 53 46 56 f3 ed 23 87 9c 85 6a 93 39 c0 0b bf 17 c0 ff 77 01 53 9d 92 f2 90 00 
<<<<
>>>>
13 77 00 00 08 00 00 00 00 00 00 05 95 
63 7f 00 d2 76 9e 30 98 c3 8e 5e 4c 10 4e d6 f0 1f 98 2d 85 be ec 6f df 57 38 79 4c 2d 94 22 4a 90 00 
<<<<
>>>>
13 75 00 00 00 
00 00 00 00 00 00 05 96 90 00 
<<<<
>>>>
13 77 00 00 08 00 00 00 00 00 00 05 96 
3e e9 c0 4b ec d3 e0 26 53 46 56 f3 ed 23 87 9c 85 6a 93 39 c0 0b bf 17 c0 ff 77 01 53 9d 92 f2 90 00 
<<<<
>>>>
13 76 00 00 00 
a0 d4 57 c9 97 f9 f0 f7 74 fe aa b6 c7 e7 63 b8 0d a5 9b fb 2b 3b 69 29 1d 2b 17 a7 ba fb 9a 59 90 00 
<<<<
>>>>
13 75 00 00 00 
00 00 00 00 00 00 05 97 90 00 
<<<<
>>>>
13 76 00 00 00 
21 60 df 2e 8a 50 ad 40 61 2f 6c c3 0d a8 5c 07 dc b8 06 d1 ff ce 74 f1 0b 26 c6 a4 85 d3 92 61 90 00 
<<<<
>>>>
13 77 00 00 08 00 00 00 00 00 00 05 97 
a0 d4 57 c9 97 f9 f0 f7 74 fe aa b6 c7 e7 63 b8 0d a5 9b fb 2b 3b 69 29 1d 2b 17 a7 ba fb 9a 59 90 00 
<<<<
>>>>
13 75 00 00 00 
00 00 00 00 00 00 05 98 90 00 
<<<<
>>>>
13 77 00 00 08 00 00 00 00 00 00 05 98 
21 60 df 2e 8a 50 ad 40 61 2f 6c c3 0d a8 5c 07 dc b8 06 d1 ff ce 74 f1 0b 26 c6 a4 85 d3 92 61 90 00 
<<<<
>>>>
13 76 00 00 00 
29 18 eb e8 18 f4 10 99 cc 2e 96 14 d9 a7 0a 25 59 6a 51 24 29 5f 46 0a a5 93 0e 62 04 47 82 7e 90 00 
<<<<
>>>>
13 75 00 00 00 
00 00 00 00 00 00 05 99 90 00 
<<<<
>>>>
13 76 00 00 00 
a5 7e 55 4f c6 ab e5 01 34 60 7b ea de 65 ef dc 75 ab ee ec 74 63 14 5d 53 07 5b af 06 da ca d5 90 00 
<<<<
>>>>
13 77 00 00 08 00 00 00 00 00 00 05 99 
29 18 eb e8 18 f4 10 99 cc 2e 96 14 d9 a7 0a 25 59 6a 51 24 29 5f 46 0a a5 93 0e 62 04 47 82 7e 90 00 
<<<<
>>>>
13 75 00 00 00 
00 00 00 00 00 00 05 9a 90 00 
<<<<
>>>>
13 77 00 00 08 00 00 00 00 00 00 05 9a 
a5 7e 55 4f c6 ab e5 01 34 60 7b ea de 65 ef dc 75 ab ee ec 74 63 14 5d 53 07 5b af 06 da ca d5 90 00 
<<<<
>>>>
13 76 00 00 00 
b6 89 77 2b 7c a5 fc 56 f6 f9 1f ff 3f 9c 79 c7 d6 ed bf 04 c9 41 1c 22 cd ae 2f 2b 34 5c 8a e0 90 00 
<<<<
>>>>
13 75 00 00 00 
00 00 00 00 00 00 05 9b 90 00 
<<<<
>>>>
13 76 00 00 00 
7d 9c 0a 28 9f d3 c2 ca 53 50 7b 26 d2 da 88 d3 a9 0a cb 02 87 6f 6e c0 ed 83 c8 3b 63 02 c0 e1 90 00 
<<<<
>>>>
13 77 00 00 08 00 00 00 00 00 00 05 9b 
b6 89 77 2b 7c a5 fc 56 f6 f9 1f ff 3f 9c 79 c7 d6 ed bf 04 c9 41 1c 22 cd ae 2f 2b 34 5c 8a e0 90 00 
<<<<
>>>>
13 75 00 00 00 
00 00 00 00 00 00 05 9c 90 00 
<<<<
>>>>
13 77 00 00 08 00 00 00 00 00 00 05 9c 
7d 9c 0a 28 9f d3 c2 ca 53 50 7b 26 d2 da 88 d3 a9 0a cb 02 87 6f 6e c0 ed 83 c8 3b 63 02 c0 e1 90 00 
<<<<
>>>>
13 76 00 00 00 
be 5a 3e 13 f9 43 f5 5c dc 79 45 58 19 86 42 a8 cd 36 f6 0d 89 a0 11 78 9c fe bb be 4b 08 9c a9 90 00 
<<<<
>>>>
13 75 00 00 00 
00 00 00 00 00 00 05 9d 90 00 
<<<<
>>>>
13 76 00 00 00 
7f e4 21 6f eb d3 ee fa 17 46 df ae b3 dc 3f 29 57 ba 48 75 32 bd f5 f2 d9 ae 5c 13 23 67 9a 81 90 00 
<<<<
>>>>
13 77 00 00 08 00 00 00 00 00 00 05 9d 
be 5a 3e 13 f9 43 f5 5c dc 79 45 58 19 86 42 a8 cd 36 f6 0d 89 a0 11 78 9c fe bb be 4b 08 9c a9 90 00 
<<<<
>>>>
13 75 00 00 00 
00 00 00 00 00 00 05 9e 90 00 
<<<<
>>>>
13 77 00 00 08 00 00 00 00 00 00 05 9e 
7f e4 21 6f eb d3 ee fa 17 46 df ae b3 dc 3f 29 57 ba 48 75 32 bd f5 f2 d9 ae 5c 13 23 67 9a 81 90 00 
<<<<
>>>>
13 76 00 00 00 
08 2b eb 41 dc 40 15 b8 ed 0f d6 73 03 b2 5a 8e 16 b4 d5 7c cf d7 c2 b9 ed 2e fe ce e4 f8 12 41 90 00 
<<<<
>>>>
13 75 00 00 00 
00 00 00 00 00 00 05 9f 90 00 
<<<<
>>>>
13 76 00 00 00 
cd 97 6b 5c 12 a9 36 69 30 3d b4 43 ea 21 e5 13 9d b4 50 05 8a 53 6d e0 59 b8 f8 1c 3e 51 ca 28 90 00 
<<<<
>>>>
13 77 00 00 08 00 00 00 00 00 00 05 9f 
08 2b eb 41 dc 40 15 b8 ed 0f d6 73 03 b2 5a 8e 16 b4 d5 7c cf d7 c2 b9 ed 2e fe ce e4 f8 12 41 90 00 
<<<<
>>>>
13 75 00 00 00 
00 00 00 00 00 00 05 a0 90 00 
<<<<
>>>>
13 77 00 00 08 00 00 00 00 00 00 05 a0 
cd 97 6b 5c 12 a9 36 69 30 3d b4 43 ea 21 e5 13 9d b4 50 05 8a 53 6d e0 59 b8 f8 1c 3e 51 ca 28 90 00 
<<<<
>>>>
13 76 00 00 00 
8e 72 b0 3c d2 77 4d 59 f1 f3 cb 99 21 a3 6d b3 68 c8 8c a3 43 5d f6 f1 70 c4 f4 9d 1b dd c4 b6 90 00 
<<<<
>>>>
13 75 00 00 00 
00 00 00 00 00 00 05 a1 90 00 
<<<<
>>>>
13 76 00 00 00 
94 de c5 db a0 ea c6 ba 73 fa 6c 27 35 8d 90 90 e5 b6 c3 45 2a 21 ba 5f 94 1b d3 e7 0a 45 56 82 90 00 
<<<<
>>>>
13 77 00 00 08 00 00 00 00 00 00 05 a1 
8e 72 b0 3c d2 77 4d 59 f1 f3 cb 99 21 a3 6d b3 68 c8 8c a3 43 5d f6 f1 70 c4 f4 9d 1b dd c4 b6 90 00 
<<<<
>>>>
13 75 00 00 00 
00 00 00 00 00 00 05 a2 90 00 
<<<<
>>>>
13 77 00 00 08 00 00 00 00 00 00 05 a2 
94 de c5 db a0 ea c6 ba 73 fa 6c 27 35 8d 90 90 e5 b6 c3 45 2a 21 ba 5f 94 1b d3 e7 0a 45 56 82 90 00 
<<<<
>>>>
13 76 00 00 00 
b4 29 76 fe 80 e1 db f7 ac 55 2c 25 84 62 c1 0e 89 0f 26 84 c6 b6 04 c2 d0 4a 1a 81 d5 b5 61 00 90 00 
<<<<
>>>>
13 75 00 00 00 
00 00 00 00 00 00 05 a3 90 00 
<<<<
>>>>
13 76 00 00 00 
d5 70 03 c5 26 30 30 2d f3 7f 0f 21 c3 66 47 55 99 7a 96 1c 46 71 e0 23 e1 58 a8 86 53 6b 73 8f 90 00 
<<<<
>>>>
13 77 00 00 08 00 00 00 00 00 00 05 a3 
b4 29 76 fe 80 e1 db f7 ac 55 2c 25 84 62 c1 0e 89 0f 26 84 c6 b6 04 c2 d0 4a 1a 81 d5 b5 61 00 90 00 
<<<<
>>>>
13 75 00 00 00 
00 00 00 00 00 00 05 a4 90 00 
<<<<
>>>>
13 77 00 00 08 00 00 00 00 00 00 05 a4 
d5 70 03 c5 26 30 30 2d f3 7f 0f 21 c3 66 47 55 99 7a 96 1c 46 71 e0 23 e1 58 a8 86 53 6b 73 8f 90 00 
<<<<
>>>>
13 76 00 00 00 
00 66 68 69 e2 a0 c3 67 96 b6 00 fe 5e ed 05 6a fb 1e d1 37 0a d8 14 03 98 eb b2 52 60 0d 55 9d 90 00 
<<<<
>>>>
13 75 00 00 00 
00 00 00 00 00 00 05 a5 90 00 
<<<<
>>>>
13 76 00 00 00 
0f f9 33 aa 97 84 ca a2 40 74 0e 71 ce 56 c3 60 02 ea da 0c 24 ba 60 7a fc 9d 51 87 6d ff 56 ea 90 00 
<<<<
>>>>
13 77 00 00 08 00 00 00 00 00 00 05 a5 
00 66 68 69 e2 a0 c3 67 96 b6 00 fe 5e ed 05 6a fb 1e d1 37 0a d8 14 03 98 eb b2 52 60 0d 55 9d 90 00 
<<<<
>>>>
13 75 00 00 00 
00 00 00 00 00 00 05 a6 90 00 
<<<<
>>>>
13 77 00 00 08 00 00 00 00 00 00 05 a6 
0f f9 33 aa 97 84 ca a2 40 74 0e 71 ce 56 c3 60 02 ea da 0c 24 ba 60 7a fc 9d 51 87 6d ff 56 ea 90 00 
<<<<
>>>>
13 76 00 00 00 
4b 23 1b be cb 71 b8 53 67 e2 ed 64 e2 f3 32 2a 3a 2f 2c d4 4a cf 9c 82 e2 bd b7 8b 75 4f 14 85 90 00 
<<<<
>>>>
13 75 00 00 00 
00 00 00 00 00 00 05 a7 90 00 
<<<<
>>>>
13 76 00 00 00 
c7 34 71 a1 2f 78 d4 a9 d4 c2 b4 b4 3e 34 92 2d fc 43 19 24 be 19 08 7c 6c 2d 5b ea a9 ee c5 46 90 00 
<<<<
>>>>
13 77 00 00 08 00 00 00 00 00 00 05 a7 
4b 23 1b be cb 71 b8 53 67 e2 ed 64 e2 f3 32 2a 3a 2f 2c d4 4a cf 9c 82 e2 bd b7 8b 75 4f 14 85 90 00 
<<<<
>>>>
13 75 00 00 00 
00 00 00 00 00 00 05 a8 90 00 
<<<<
>>>>
13 77 00 00 08 00 00 00 00 00 00 05 a8 
c7 34 71 a1 2f 78 d4 a9 d4 c2 b4 b4 3e 34 92 2d fc 43 19 24 be 19 08 7c 6c 2d 5b ea a9 ee c5 46 90 00 
<<<<
>>>>
13 76 00 00 00 
1e eb 00 9c 61 91 30 f9 62 68 2a 40 e7 19 d8 42 fa b5 40 da 02 ec 6e 97 0a 6c 28 f5 55 88 ef 17 90 00 
<<<<
>>>>
13 75 00 00 00 
00 00 00 00 00 00 05 a9 90 00 
<<<<
>>>>
13 76 00 00 00 
44 c8 90 bf 22 cd a1 b4 17 5b ad 23 0e 10 25 c0 7f 05 8d 04 79 87 be 04 bc e5 ff 4f a5 5d d4 18 90 00 
<<<<
>>>>
13 77 00 00 08 00 00 00 00 00 00 05 a9 
1e eb 00 9c 61 91 30 f9 62 68 2a 40 e7 19 d8 42 fa b5 40 da 02 ec 6e 97 0a 6c 28 f5 55 88 ef 17 90 00 
<<<<
>>>>
13 75 00 00 00 
00 00 00 00 00 00 05 aa 90 00 
<<<<
>>>>
13 77 00 00 08 00 00 00 00 00 00 05 aa 
44 c8 90 bf 22 cd a1 b4 17 5b ad 23 0e 10 25 c0 7f 05 8d 04 79 87 be 04 bc e5 ff 4f a5 5d d4 18 90 00 
<<<<
>>>>
13 76 00 00 00 
22 4c 7a 2f 03 23 c6 3d 17 cb d0 68 5b e4 8a 4b e8 7b 0d ff af 6f 00 60 ac fb 12 4a 51 19 b1 1c 90 00 
<<<<
>>>>
13 75 00 00 00 
00 00 00 00 00 00 05 ab 90 00 
<<<<
>>>>
13 76 00 00 00 
47 80 7f a3 5f dd af 90 c7 8e 41 28 bf 2e c2 13 23 f6 bb e6 56 b4 30 ba 40 7d 35 1a dc 26 8b 55 90 00 
<<<<
>>>>
13 77 00 00 08 00 00 00 00 00 00 05 ab 
22 4c 7a 2f 03 23 c6 3d 17 cb d0 68 5b e4 8a 4b e8 7b 0d ff af 6f 00 60 ac fb 12 4a 51 19 b1 1c 90 00 
<<<<
>>>>
13 75 00 00 00 
00 00 00 00 00 00 05 ac 90 00 
<<<<
>>>>
13 77 00 00 08 00 00 00 00 00 00 05 ac 
47 80 7f a3 5f dd af 90 c7 8e 41 28 bf 2e c2 13 23 f6 bb e6 56 b4 30 ba 40 7d 35 1a dc 26 8b 55 90 00 
<<<<
>>>>
13 76 00 00 00 
e6 1f fe d5 4c 80 7b 46 9d 71 83 79 4a 9e 9f f8 92 10 05 64 59 5f 54 f2 8b 00 6b d2 6e 1b e5 72 90 00 
<<<<
>>>>
13 75 00 00 00 
00 00 00 00 00 00 05 ad 90 00 
<<<<
>>>>
13 76 00 00 00 
c4 ae b7 5a 88 7f 53 02 ad f4 b4 27 ed df 61 da 7f 4b d2 06 0f bd 42 02 24 20 8c 72 27 d6 ed be 90 00 
<<<<
>>>>
13 77 00 00 08 00 00 00 00 00 00 05 ad 
e6 1f fe d5 4c 80 7b 46 9d 71 83 79 4a 9e 9f f8 92 10 05 64 59 5f 54 f2 8b 00 6b d2 6e 1b e5 72 90 00 
<<<<
>>>>
13 75 00 00 00 
00 00 00 00 00 00 05 ae 90 00 
<<<<
>>>>
13 77 00 00 08 00 00 00 00 00 00 05 ae 
c4 ae b7 5a 88 7f 53 02 ad f4 b4 27 ed df 61 da 7f 4b d2 06 0f bd 42 02 24 20 8c 72 27 d6 ed be 90 00 
<<<<
>>>>
13 76 00 00 00 
b6 84 ba 9d 51 b2 5d 3b 96 6d 23 cb 2b 9f bf 59 4f 9f 37 78 23 cf 20 ae 2e bc 5f 9f ef 14 3f db 90 00 
<<<<
>>>>
13 75 00 00 00 
00 00 00 00 00 00 05 af 90 00 
<<<<
>>>>
13 76 00 00 00 
8a 5c b5 b1 11 42 1e 8f 0d 10 3e d6 69 a5 24 77 1f b3 65 df bc 2e 1c c5 8f e2 2a 27 1a 02 63 a3 90 00 
<<<<
>>>>
13 77 00 00 08 00 00 00 00 00 00 05 af 
b6 84 ba 9d 51 b2 5d 3b 96 6d 23 cb 2b 9f bf 59 4f 9f 37 78 23 cf 20 ae 2e bc 5f 9f ef 14 3f db 90 00 
<<<<
>>>>
13 75 00 00 00 
00 00 00 00 00 00 05 b0 90 00 
<<<<
>>>>
13 77 00 00 08 00 00 00 00 00 00 05 b0 
8a 5c b5 b1 11 42 1e 8f 0d 10 3e d6 69 a5 24 77 1f b3 65 df bc 2e 1c c5 8f e2 2a 27 1a 02 63 a3 90 00 
<<<<
>>>>
13 76 00 00 00 
f3 e0 ff d7 d1 44 c5 ab 65 e3 26 b0 4d 23 c8 36 79 7e 1b 70 f5 23 26 81 d5 37 96 30 8d ad 61 6d 90 00 
<<<<
>>>>
13 75 00 00 00 
00 00 00 00 00 00 05 b1 90 00 
<<<<
>>>>
13 76 00 00 00 
85 a8 98 78 98 1e d7 c6 b7 11 4c 65 94 aa 27 59 40 3b ce 86 75 42 fa dd 1a 94 91 9d 02 90 3d 9c 90 00 
<<<<
>>>>
13 77 00 00 08 00 00 00 00 00 00 05 b1 
f3 e0 ff d7 d1 44 c5 ab 65 e3 26 b0 4d 23 c8 36 79 7e 1b 70 f5 23 26 81 d5 37 96 30 8d ad 61 6d 90 00 
<<<<
>>>>
13 75 00 00 00 
00 00 00 00 00 00 05 b2 90 00 
<<<<
>>>>
13 77 00 00 08 00 00 00 00 00 00 05 b2 
85 a8 98 78 98 1e d7 c6 b7 11 4c 65 94 aa 27 59 40 3b ce 86 75 42 fa dd 1a 94 91 9d 02 90 3d 9c 90 00 
<<<<
>>>>
13 76 00 00 00 
da 50 be fe c3 61 3c bc 29 6b 2e 6b 2b 50 ba c1 ff 7e 3b 5e 98 8b 6a d8 b7 85 27 85 ec 52 85 e7 90 00 
<<<<
>>>>
13 75 00 00 00 
00 00 00 00 00 00 05 b3 90 00 
<<<<
>>>>
13 76 00 00 00 
7f cf 39 da e5 de 50 31 e3 03 66 38 ac 92 40 01 a5 8b 4b e6 5d e2 ab 4b 03 e4 83 56 47 f4 cb b2 90 00 
<<<<
>>>>
13 77 00 00 08 00 00 00 00 00 00 05 b3 
da 50 be fe c3 61 3c bc 29 6b 2e 6b 2b 50 ba c1 ff 7e 3b 5e 98 8b 6a d8 b7 85 27 85 ec 52 85 e7 90 00 
<<<<
>>>>
13 75 00 00 00 
00 00 00 00 00 00 05 b4 90 00 
<<<<
>>>>
13 77 00 00 08 00 00 00 00 00 00 05 b4 
7f cf 39 da e5 de 50 31 e3 03 66 38 ac 92 40 01 a5 8b 4b e6 5d e2 ab 4b 03 e4 83 56 47 f4 cb b2 90 00 
<<<<
>>>>
13 76 00 00 00 
c7 27 8c c8 fc 88 a0 da 2a db 5f b5 a4 79 bb 8a 70 19 58 03 c5 a2 cd 76 41 3c 3d 67 64 b4 b9 ee 90 00 
<<<<
>>>>
13 75 00 00 00 
00 00 00 00 00 00 05 b5 90 00 
<<<<
>>>>
13 76 00 00 00 
72 4a 40 89 aa 21 33 d7 ab 58 17 24 f1 68 bd 7a 0c 85 33 05 3a f1 60 18 d3 f1 f1 05 31 14 9c a2 90 00 
<<<<
>>>>
13 77 00 00 08 00 00 00 00 00 00 05 b5 
c7 27 8c c8 fc 88 a0 da 2a db 5f b5 a4 79 bb 8a 70 19 58 03 c5 a2 cd 76 41 3c 3d 67 64 b4 b9 ee 90 00 
<<<<
>>>>
13 75 00 00 00 
00 00 00 00 00 00 05 b6 90 00 
<<<<
>>>>
13 77 00 00 08 00 00 00 00 00 00 05 b6 
72 4a 40 89 aa 21 33 d7 ab 58 17 24 f1 68 bd 7a 0c 85 33 05 3a f1 60 18 d3 f1 f1 05 31 14 9c a2 90 00 
<<<<
>>>>
13 76 00 00 00 
3e 48 0b 29 f5 cc b2 8a b2 a8 c5 30 f5 75 a6 50 ef d4 fe e7 98 c8 81 da 99 d2 70 cd e6 3d 11 78 90 00 
<<<<
>>>>
13 75 00 00 00 
00 00 00 00 00 00 05 b7 90 00 
<<<<
>>>>
13 76 00 00 00 
6e e2 cd 41 34 15 6d 7f ce 37 28 ee 85 8c 5f 6a 6b 4f 27 20 ee a0 ed d1 6b 3f 89 cc 1b 87 82 08 90 00 
<<<<
>>>>
13 77 00 00 08 00 00 00 00 00 00 05 b7 
3e 48 0b 29 f5 cc b2 8a b2 a8 c5 30 f5 75 a6 50 ef d4 fe e7 98 c8 81 da 99 d2 70 cd e6 3d 11 78 90 00 
<<<<
>>>>
13 75 00 00 00 
00 00 00 00 00 00 05 b8 90 00 
<<<<
>>>>
13 77 00 00 08 00 00 00 00 00 00 05 b8 
6e e2 cd 41 34 15 6d 7f ce 37 28 ee 85 8c 5f 6a 6b 4f 27 20 ee a0 ed d1 6b 3f 89 cc 1b 87 82 08 90 00 
<<<<
>>>>
13 76 00 00 00 
19 c6 fb ae 58 e4 49 0e 75 2e 1d 1e 67 8e f2 a0 95 5c e2 70 4a 09 61 f4 ec e6 7e ff 74 66 17 a4 90 00 
<<<<
>>>>
13 75 00 00 00 
00 00 00 00 00 00 05 b9 90 00 
<<<<
>>>>
13 76 00 00 00 
72 e9 1f 55 9e e8 c2 e1 2f ec c8 1c fb 68 63 71 d9 ef ac 3f f3 d3 46 7b 37 3c 1b d3 1a c0 02 ce 90 00 
<<<<
>>>>
13 77 00 00 08 00 00 00 00 00 00 05 b9 
19 c6 fb ae 58 e4 49 0e 75 2e 1d 1e 67 8e f2 a0 95 5c e2 70 4a 09 61 f4 ec e6 7e ff 74 66 17 a4 90 00 
<<<<
>>>>
13 75 00 00 00 
00 00 00 00 00 00 05 ba 90 00 
<<<<
>>>>
13 77 00 00 08 00 00 00 00 00 00 05 ba 
72 e9 1f 55 9e e8 c2 e1 2f ec c8 1c fb 68 63 71 d9 ef ac 3f f3 d3 46 7b 37 3c 1b d3 1a c0 02 ce 90 00 
<<<<
>>>>
13 76 00 00 00 
57 89 84 28 c7 dd 2e ee 6c 6a 51 ae 66 1a 9d 1c 7a 05 71 dc 56 35 4a 5a b6 0f 1b 2c d5 91 99 c3 90 00 
<<<<
>>>>
13 75 00 00 00 
00 00 00 00 00 00 05 bb 90 00 
<<<<
>>>>
13 76 00 00 00 
55 7f 55 a7 e0 c7 1e b4 da 84 a0 61 9e 3c b1 98 8d ee d9 c2 1c 49 5d 27 1e 9b 41 b7 d5 b7 9a 9a 90 00 
<<<<
>>>>
13 77 00 00 08 00 00 00 00 00 00 05 bb 
57 89 84 28 c7 dd 2e ee 6c 6a 51 ae 66 1a 9d 1c 7a 05 71 dc 56 35 4a 5a b6 0f 1b 2c d5 91 99 c3 90 00 
<<<<
>>>>
13 75 00 00 00 
00 00 00 00 00 00 05 bc 90 00 
<<<<
>>>>
13 77 00 00 08 00 00 00 00 00 00 05 bc 
55 7f 55 a7 e0 c7 1e b4 da 84 a0 61 9e 3c b1 98 8d ee d9 c2 1c 49 5d 27 1e 9b 41 b7 d5 b7 9a 9a 90 00 
<<<<
>>>>
13 76 00 00 00 
7e 5c fa 65 0b 32 39 ff 70 f8 76 d0 d8 a3 9b b0 30 f2 80 58 15 3f 7d ba 78 b7 7d 05 6c d0 ac 6e 90 00 
<<<<
>>>>
13 75 00 00 00 
00 00 00 00 00 00 05 bd 90 00 
<<<<
>>>>
13 76 00 00 00 
df 91 52 1f d5 75 67 99 5c 2d 39 48 27 b7 c5 54 b3 0e f5 e3 71 73 e2 52 1f fe 58 04 c2 25 62 35 90 00 
<<<<
>>>>
13 77 00 00 08 00 00 00 00 00 00 05 bd 
7e 5c fa 65 0b 32 39 ff 70 f8 76 d0 d8 a3 9b b0 30 f2 80 58 15 3f 7d ba 78 b7 7d 05 6c d0 ac 6e 90 00 
<<<<
>>>>
13 75 00 00 00 
00 00 00 00 00 00 05 be 90 00 
<<<<
>>>>
13 77 00 00 08 00 00 00 00 00 00 05 be 
df 91 52 1f d5 75 67 99 5c 2d 39 48 27 b7 c5 54 b3 0e f5 e3 71 73 e2 52 1f fe 58 04 c2 25 62 35 90 00 
<<<<
>>>>
13 76 00 00 00 
de 20 14 2d 27 cc 3f 26 54 75 5c 3a 71 d3 16 a2 f7 57 93 c8 a6 e7 fa 1f 8d 29 5c cd 1f 9b 16 8f 90 00 
<<<<
>>>>
13 75 00 00 00 
00 00 00 00 00 00 05 bf 90 00 
<<<<
>>>>
13 76 00 00 00 
ec 24 b5 33 af aa b2 82 38 89 b6 77 6d 29 c0 95 eb e7 cc 43 b9 de 64 de 0a 52 72 c5 33 d0 c7 28 90 00 
<<<<
>>>>
13 77 00 00 08 00 00 00 00 00 00 05 bf 
de 20 14 2d 27 cc 3f 26 54 75 5c 3a 71 d3 16 a2 f7 57 93 c8 a6 e7 fa 1f 8d 29 5c cd 1f 9b 16 8f 90 00 
<<<<
>>>>
13 75 00 00 00 
00 00 00 00 00 00 05 c0 90 00 
<<<<
>>>>
13 77 00 00 08 00 00 00 00 00 00 05 c0 
ec 24 b5 33 af aa b2 82 38 89 b6 77 6d 29 c0 95 eb e7 cc 43 b9 de 64 de 0a 52 72 c5 33 d0 c7 28 90 00 
<<<<
>>>>
13 76 00 00 00 
b5 f4 e1 96 55 f3 5d fd d9 34 74 0d c3 7e 7b 02 a8 30 79 69 71 f2 34 5a ad 87 ea 12 ff db 46 fd 90 00 
<<<<
>>>>
13 75 00 00 00 
00 00 00 00 00 00 05 c1 90 00 
<<<<
>>>>
13 76 00 00 00 
80 cd ab 4d 9b 22 fe 4e 7e 05 18 1e c8 4c db 85 ce 56 38 5e 49 e4 9a 08 1a fb 36 0b d7 f0 2b 35 90 00 
<<<<
>>>>
13 77 00 00 08 00 00 00 00 00 00 05 c1 
b5 f4 e1 96 55 f3 5d fd d9 34 74 0d c3 7e 7b 02 a8 30 79 69 71 f2 34 5a ad 87 ea 12 ff db 46 fd 90 00 
<<<<
>>>>
13 75 00 00 00 
00 00 00 00 00 00 05 c2 90 00 
<<<<
>>>>
13 77 00 00 08 00 00 00 00 00 00 05 c2 
80 cd ab 4d 9b 22 fe 4e 7e 05 18 1e c8 4c db 85 ce 56 38 5e 49 e4 9a 08 1a fb 36 0b d7 f0 2b 35 90 00 
<<<<
>>>>
13 76 00 00 00 
84 f3 44 b8 91 d8 81 1a a3 c3 92 a6 02 fe 90 88 a1 44 c6 0a 89 50 58 d4 ea 07 d2 54 3b 65 8a 8c 90 00 
<<<<
>>>>
13 75 00 00 00 
00 00 00 00 00 00 05 c3 90 00 
<<<<
>>>>
13 76 00 00 00 
7d c7 1a 7e 02 4a fa f5 2f 97 12 ce e9 ca 1e 74 02 ed 3f da 55 6b d8 f1 13 3b 43 85 33 2e a6 6a 90 00 
<<<<
>>>>
13 77 00 00 08 00 00 00 00 00 00 05 c3 
84 f3 44 b8 91 d8 81 1a a3 c3 92 a6 02 fe 90 88 a1 44 c6 0a 89 50 58 d4 ea 07 d2 54 3b 65 8a 8c 90 00 
<<<<
>>>>
13 75 00 00 00 
00 00 00 00 00 00 05 c4 90 00 
<<<<
>>>>
13 77 00 00 08 00 00 00 00 00 00 05 c4 
7d c7 1a 7e 02 4a fa f5 2f 97 12 ce e9 ca 1e 74 02 ed 3f da 55 6b d8 f1 13 3b 43 85 33 2e a6 6a 90 00 
<<<<
>>>>
13 76 00 00 00 
97 7a c9 8d b4 e2 5b c1 8e 21 c5 82 06 88 90 64 cb 03 ac b7 bc a2 eb ef 89 44 37 d1 4a 26 43 9e 90 00 
<<<<
>>>>
13 75 00 00 00 
00 00 00 00 00 00 05 c5 90 00 
<<<<
>>>>
13 76 00 00 00 
ca b2 1f 62 53 3a 79 ef 99 a3 e0 d2 49 0f f9 0a b5 d3 60 75 17 82 d7 c2 d1 16 0d 93 c4 17 a1 0a 90 00 
<<<<
>>>>
13 77 00 00 08 00 00 00 00 00 00 05 c5 
97 7a c9 8d b4 e2 5b c1 8e 21 c5 82 06 88 90 64 cb 03 ac b7 bc a2 eb ef 89 44 37 d1 4a 26 43 9e 90 00 
<<<<
>>>>
13 75 00 00 00 
00 00 00 00 00 00 05 c6 90 00 
<<<<
>>>>
13 77 00 00 08 00 00 00 00 00 00 05 c6 
ca b2 1f 62 53 3a 79 ef 99 a3 e0 d2 49 0f f9 0a b5 d3 60 75 17 82 d7 c2 d1 16 0d 93 c4 17 a1 0a 90 00 
<<<<
>>>>
13 76 00 00 00 
03 a6 88 11 97 ff 3d ca 0e 72 04 52 1b f2 e4 0f 2d e3 bf 78 32 b8 fb 88 96 a2 a6 da 9a 25 3d 75 90 00 
<<<<
>>>>
13 75 00 00 00 
00 00 00 00 00 00 05 c7 90 00 
<<<<
>>>>
13 76 00 00 00 
7c 0d 27 87 71 51 f3 20 da 4c d5 08 1c 2e 9a 66 34 38 b3 32 05 ba bc 12 d3 e9 6c 3a 5b 00 e6 b7 90 00 
<<<<
>>>>
13 77 00 00 08 00 00 00 00 00 00 05 c7 
03 a6 88 11 97 ff 3d ca 0e 72 04 52 1b f2 e4 0f 2d e3 bf 78 32 b8 fb 88 96 a2 a6 da 9a 25 3d 75 90 00 
<<<<
>>>>
13 75 00 00 00 
00 00 00 00 00 00 05 c8 90 00 
<<<<
>>>>
13 77 00 00 08 00 00 00 00 00 00 05 c8 
7c 0d 27 87 71 51 f3 20 da 4c d5 08 1c 2e 9a 66 34 38 b3 32 05 ba bc 12 d3 e9 6c 3a 5b 00 e6 b7 90 00 
<<<<
>>>>
13 76 00 00 00 
ac 16 79 90 38 62 7f 0d 0c f7 81 97 44 83 0f a0 53 cc 80 63 03 f1 83 13 05 1b 98 07 05 2f 61 64 90 00 
<<<<
>>>>
13 75 00 00 00 
00 00 00 00 00 00 05 c9 90 00 
<<<<
>>>>
13 76 00 00 00 
56 a3 4c ac 27 e1 5d 5c 6c a4 f3 83 ad 42 af 35 21 fb 33 e1 90 67 a1 b1 fd c0 96 ef fe e9 db 62 90 00 
<<<<
>>>>
13 77 00 00 08 00 00 00 00 00 00 05 c9 
ac 16 79 90 38 62 7f 0d 0c f7 81 97 44 83 0f a0 53 cc 80 63 03 f1 83 13 05 1b 98 07 05 2f 61 64 90 00 
<<<<
>>>>
13 75 00 00 00 
00 00 00 00 00 00 05 ca 90 00 
<<<<
>>>>
13 77 00 00 08 00 00 00 00 00 00 05 ca 
56 a3 4c ac 27 e1 5d 5c 6c a4 f3 83 ad 42 af 35 21 fb 33 e1 90 67 a1 b1 fd c0 96 ef fe e9 db 62 90 00 
<<<<
>>>>
13 76 00 00 00 
75 c7 0f 09 cd 94 be da 01 37 f8 31 d4 4d 2d 3c 71 a4 19 85 ef 6a 2b 51 ce c8 d0 ec bc 47 c0 cb 90 00 
<<<<
>>>>
13 75 00 00 00 
00 00 00 00 00 00 05 cb 90 00 
<<<<
>>>>
13 76 00 00 00 
b8 86 92 0a ae d0 c5 e2 6e c9 08 d5 b2 59 c2 30 45 1f c1 34 9d 1a 82 03 3a ec a7 a0 fb 93 d2 6c 90 00 
<<<<
>>>>
13 77 00 00 08 00 00 00 00 00 00 05 cb 
75 c7 0f 09 cd 94 be da 01 37 f8 31 d4 4d 2d 3c 71 a4 19 85 ef 6a 2b 51 ce c8 d0 ec bc 47 c0 cb 90 00 
<<<<
>>>>
13 75 00 00 00 
00 00 00 00 00 00 05 cc 90 00 
<<<<
>>>>
13 77 00 00 08 00 00 00 00 00 00 05 cc 
b8 86 92 0a ae d0 c5 e2 6e c9 08 d5 b2 59 c2 30 45 1f c1 34 9d 1a 82 03 3a ec a7 a0 fb 93 d2 6c 90 00 
<<<<
>>>>
13 76 00 00 00 
48 05 8e 85 92 ee 90 d0 3f 81 1d 32 bb 2a 72 78 83 f7 a5 e2 3b 78 84 69 77 aa d0 46 a8 89 c8 58 90 00 
<<<<
>>>>
13 75 00 00 00 
00 00 00 00 00 00 05 cd 90 00 
<<<<
>>>>
13 76 00 00 00 
77 f7 d3 79 3c ed fe 2d 1e 47 6e d4 20 01 6c 76 29 cf 7d 2c 83 53 f5 b9 23 56 dd 92 09 8d 27 26 90 00 
<<<<
>>>>
13 77 00 00 08 00 00 00 00 00 00 05 cd 
48 05 8e 85 92 ee 90 d0 3f 81 1d 32 bb 2a 72 78 83 f7 a5 e2 3b 78 84 69 77 aa d0 46 a8 89 c8 58 90 00 
<<<<
>>>>
13 75 00 00 00 
00 00 00 00 00 00 05 ce 90 00 
<<<<
>>>>
13 77 00 00 08 00 00 00 00 00 00 05 ce 
77 f7 d3 79 3c ed fe 2d 1e 47 6e d4 20 01 6c 76 29 cf 7d 2c 83 53 f5 b9 23 56 dd 92 09 8d 27 26 90 00 
<<<<
>>>>
13 76 00 00 00 
7d 95 e1 bf 76 3e 44 e1 16 b3 73 62 95 d4 1d d2 cb 97 30 8b b9 67 00 9e d1 b0 bf 4c 36 3b 5b dd 90 00 
<<<<
>>>>
13 75 00 00 00 
00 00 00 00 00 00 05 cf 90 00 
<<<<
>>>>
13 76 00 00 00 
a6 46 f7 51 b5 16 4b c0 3c b6 81 c8 21 89 f5 a5 d3 cc 47 0f b9 18 bb 66 49 d3 87 1f 8e 29 7f db 90 00 
<<<<
>>>>
13 77 00 00 08 00 00 00 00 00 00 05 cf 
7d 95 e1 bf 76 3e 44 e1 16 b3 73 62 95 d4 1d d2 cb 97 30 8b b9 67 00 9e d1 b0 bf 4c 36 3b 5b dd 90 00 
<<<<
>>>>
13 75 00 00 00 
00 00 00 00 00 00 05 d0 90 00 
<<<<
>>>>
13 77 00 00 08 00 00 00 00 00 00 05 d0 
a6 46 f7 51 b5 16 4b c0 3c b6 81 c8 21 89 f5 a5 d3 cc 47 0f b9 18 bb 66 49 d3 87 1f 8e 29 7f db 90 00 
<<<<
>>>>
13 76 00 00 00 
d1 84 ec 4c 25 3e 93 c8 4d dc 89 c1 ac c7 30 c8 38 d3 53 31 52 0a bb 28 99 90 34 87 72 94 d0 b0 90 00 
<<<<
>>>>
13 75 00 00 00 
00 00 00 00 00 00 05 d1 90 00 
<<<<
>>>>
13 76 00 00 00 
90 7f 7e b5 22 45 7a 71 31 b2 ad dc f1 eb 85 bc 83 4f 6f e6 7d b7 5e f5 16 e6 21 15 16 78 e7 b6 90 00 
<<<<
>>>>
13 77 00 00 08 00 00 00 00 00 00 05 d1 
d1 84 ec 4c 25 3e 93 c8 4d dc 89 c1 ac c7 30 c8 38 d3 53 31 52 0a bb 28 99 90 34 87 72 94 d0 b0 90 00 
<<<<
>>>>
13 75 00 00 00 
00 00 00 00 00 00 05 d2 90 00 
<<<<
>>>>
13 77 00 00 08 00 00 00 00 00 00 05 d2 
90 7f 7e b5 22 45 7a 71 31 b2 ad dc f1 eb 85 bc 83 4f 6f e6 7d b7 5e f5 16 e6 21 15 16 78 e7 b6 90 00 
<<<<
>>>>
13 76 00 00 00 
5a 5a d6 00 92 0b b0 ee 9e 5f 77 7b 36 9d 7e b8 d4 d3 df a9 1a a5 40 6f 0c 60 14 61 6b 26 9e 9d 90 00 
<<<<
>>>>
13 75 00 00 00 
00 00 00 00 00 00 05 d3 90 00 
<<<<
>>>>
13 76 00 00 00 
23 f7 51 de 17 23 8b 23 ef 29 d4 23 11 33 a3 b9 d3 98 22 fa 9c 2a c0 5f 13 03 d1 14 9e 05 62 9e 90 00 
<<<<
>>>>
13 77 00 00 08 00 00 00 00 00 00 05 d3 
5a 5a d6 00 92 0b b0 ee 9e 5f 77 7b 36 9d 7e b8 d4 d3 df a9 1a a5 40 6f 0c 60 14 61 6b 26 9e 9d 90 00 
<<<<
>>>>
13 75 00 00 00 
00 00 00 00 00 00 05 d4 90 00 
<<<<
>>>>
13 77 00 00 08 00 00 00 00 00 00 05 d4 
23 f7 51 de 17 23 8b 23 ef 29 d4 23 11 33 a3 b9 d3 98 22 fa 9c 2a c0 5f 13 03 d1 14 9e 05 62 9e 90 00 
<<<<
>>>>
13 76 00 00 00 
04 b3 ab 8b fc 8e 2f 70 fb b5 0c 38 db 6f a9 c5 a6 23 18 b2 aa 8d 8b 8f 95 a7 30 63 70 e8 b2 af 90 00 
<<<<
>>>>
13 75 00 00 00 
00 00 00 00 00 00 05 d5 90 00 
<<<<
>>>>
13 76 00 00 00 
d8 3b 53 21 e3 56 82 9f c8 e5 4d 63 19 cd 7b 91 e3 41 88 c6 f0 16 56 22 d8 7d b8 f6 e2 23 83 f8 90 00 
<<<<
>>>>
13 77 00 00 08 00 00 00 00 00 00 05 d5 
04 b3 ab 8b fc 8e 2f 70 fb b5 0c 38 db 6f a9 c5 a6 23 18 b2 aa 8d 8b 8f 95 a7 30 63 70 e8 b2 af 90 00 
<<<<
>>>>
13 75 00 00 00 
00 00 00 00 00 00 05 d6 90 00 
<<<<
>>>>
13 77 00 00 08 00 00 00 00 00 00 05 d6 
d8 3b 53 21 e3 56 82 9f c8 e5 4d 63 19 cd 7b 91 e3 41 88 c6 f0 16 56 22 d8 7d b8 f6 e2 23 83 f8 90 00 
<<<<
>>>>
13 76 00 00 00 
69 98 93 a4 f3 b5 ac 5b 66 bf 09 96 bc 2c 09 3b 28 9a dc a9 c9 ab b7 fb 79 58 09 5e dd fb b4 40 90 00 
<<<<
>>>>
13 75 00 00 00 
00 00 00 00 00 00 05 d7 90 00 
<<<<
>>>>
13 76 00 00 00 
a6 2f 02 9c 1f 49 5a 5c e0 cc f7 41 20 c2 ca 73 04 09 0f 6f b2 88 ff 49 bd a2 c7 23 76 b4 1d 91 90 00 
<<<<
>>>>
13 77 00 00 08 00 00 00 00 00 00 05 d7 
69 98 93 a4 f3 b5 ac 5b 66 bf 09 96 bc 2c 09 3b 28 9a dc a9 c9 ab b7 fb 79 58 09 5e dd fb b4 40 90 00 
<<<<
>>>>
13 75 00 00 00 
00 00 00 00 00 00 05 d8 90 00 
<<<<
>>>>
13 77 00 00 08 00 00 00 00 00 00 05 d8 
a6 2f 02 9c 1f 49 5a 5c e0 cc f7 41 20 c2 ca 73 04 09 0f 6f b2 88 ff 49 bd a2 c7 23 76 b4 1d 91 90 00 
<<<<
>>>>
13 76 00 00 00 
bf 52 16 b2 2f 51 ce 34 70 fc f4 b7 67 60 d3 a4 fa 03 bb 04 c3 e0 89 bb d5 d0 ed db 44 bb 76 13 90 00 
<<<<
>>>>
13 75 00 00 00 
00 00 00 00 00 00 05 d9 90 00 
<<<<
>>>>
13 76 00 00 00 
8a 1b 94 7c d9 0c b8 cc 97 17 bc 69 76 84 66 f0 1a 86 19 c5 9b 1b b4 46 a7 53 61 7a 23 9b 51 39 90 00 
<<<<
>>>>
13 77 00 00 08 00 00 00 00 00 00 05 d9 
bf 52 16 b2 2f 51 ce 34 70 fc f4 b7 67 60 d3 a4 fa 03 bb 04 c3 e0 89 bb d5 d0 ed db 44 bb 76 13 90 00 
<<<<
>>>>
13 75 00 00 00 
00 00 00 00 00 00 05 da 90 00 
<<<<
>>>>
13 77 00 00 08 00 00 00 00 00 00 05 da 
8a 1b 94 7c d9 0c b8 cc 97 17 bc 69 76 84 66 f0 1a 86 19 c5 9b 1b b4 46 a7 53 61 7a 23 9b 51 39 90 00 
<<<<
>>>>
13 76 00 00 00 
75 bb c9 97 8b a3 4d 55 d5 f4 7c 5b ee 3c b2 72 8c f5 99 86 4b 9b 62 55 c9 2f 17 f1 3d b3 93 db 90 00 
<<<<
>>>>
13 75 00 00 00 
00 00 00 00 00 00 05 db 90 00 
<<<<
>>>>
13 76 00 00 00 
4f 69 16 5e 27 82 6c 0a 5b dd d0 f4 d9 66 c7 c4 a9 e8 f0 81 9f d9 e3 e6 ce 9e 8f 5a 9e f5 00 9e 90 00 
<<<<
>>>>
13 77 00 00 08 00 00 00 00 00 00 05 db 
75 bb c9 97 8b a3 4d 55 d5 f4 7c 5b ee 3c b2 72 8c f5 99 86 4b 9b 62 55 c9 2f 17 f1 3d b3 93 db 90 00 
<<<<
>>>>
13 75 00 00 00 
00 00 00 00 00 00 05 dc 90 00 
<<<<
>>>>
13 77 00 00 08 00 00 00 00 00 00 05 dc 
4f 69 16 5e 27 82 6c 0a 5b dd d0 f4 d9 66 c7 c4 a9 e8 f0 81 9f d9 e3 e6 ce 9e 8f 5a 9e f5 00 9e 90 00 
<<<<
>>>>
13 76 00 00 00 
1a ea 51 64 fd c7 21 37 ec ba 0a e1 a2 fe 96 22 dc 63 f1 a5 f1 1f f8 ae 2e 9c 77 c3 78 57 24 7a 90 00 
<<<<
>>>>
13 75 00 00 00 
00 00 00 00 00 00 05 dd 90 00 
<<<<
>>>>
13 76 00 00 00 
ef 42 12 e4 a1 0b b1 8e eb 46 61 00 a1 9f 9e 9d 11 0c c6 a4 c7 4b 4d 14 d7 a4 31 1a 3f 19 2f 57 90 00 
<<<<
>>>>
13 77 00 00 08 00 00 00 00 00 00 05 dd 
1a ea 51 64 fd c7 21 37 ec ba 0a e1 a2 fe 96 22 dc 63 f1 a5 f1 1f f8 ae 2e 9c 77 c3 78 57 24 7a 90 00 
<<<<
>>>>
13 75 00 00 00 
00 00 00 00 00 00 05 de 90 00 
<<<<
>>>>
13 77 00 00 08 00 00 00 00 00 00 05 de 
ef 42 12 e4 a1 0b b1 8e eb 46 61 00 a1 9f 9e 9d 11 0c c6 a4 c7 4b 4d 14 d7 a4 31 1a 3f 19 2f 57 90 00 
<<<<
>>>>
13 76 00 00 00 
7d bc a5 2b 8a 92 6d 1e 13 e9 99 f8 04 36 6b f0 c8 00 cd b4 07 49 b4 05 3f 8b 81 2c 38 0e 08 44 90 00 
<<<<
>>>>
13 75 00 00 00 
00 00 00 00 00 00 05 df 90 00 
<<<<
>>>>
13 76 00 00 00 
9c dc 3a 4e 77 ec 9f 1f 16 9c b7 b1 fa 6f da 5a 60 38 b8 39 3a c6 29 bf f9 d8 f6 79 8a 45 13 5b 90 00 
<<<<
>>>>
13 77 00 00 08 00 00 00 00 00 00 05 df 
7d bc a5 2b 8a 92 6d 1e 13 e9 99 f8 04 36 6b f0 c8 00 cd b4 07 49 b4 05 3f 8b 81 2c 38 0e 08 44 90 00 
<<<<
>>>>
13 75 00 00 00 
00 00 00 00 00 00 05 e0 90 00 
<<<<
>>>>
13 77 00 00 08 00 00 00 00 00 00 05 e0 
9c dc 3a 4e 77 ec 9f 1f 16 9c b7 b1 fa 6f da 5a 60 38 b8 39 3a c6 29 bf f9 d8 f6 79 8a 45 13 5b 90 00 
<<<<
>>>>
13 76 00 00 00 
01 46 99 da 49 12 01 7c 4b 77 4a cb 83 9c e5 68 c9 62 7a 48 ac 47 65 59 54 4b 4a c8 ef 09 14 18 90 00 
<<<<
>>>>
13 75 00 00 00 
00 00 00 00 00 00 05 e1 90 00 
<<<<
>>>>
13 76 00 00 00 
e2 8f 42 fe ec b0 a5 dd 9a a7 59 57 d5 34 04 d8 58 06 95 12 42 b8 92 9b 64 3e 94 02 d5 b4 22 73 90 00 
<<<<
>>>>
13 77 00 00 08 00 00 00 00 00 00 05 e1 
01 46 99 da 49 12 01 7c 4b 77 4a cb 83 9c e5 68 c9 62 7a 48 ac 47 65 59 54 4b 4a c8 ef 09 14 18 90 00 
<<<<
>>>>
13 75 00 00 00 
00 00 00 00 00 00 05 e2 90 00 
<<<<
>>>>
13 77 00 00 08 00 00 00 00 00 00 05 e2 
e2 8f 42 fe ec b0 a5 dd 9a a7 59 57 d5 34 04 d8 58 06 95 12 42 b8 92 9b 64 3e 94 02 d5 b4 22 73 90 00 
<<<<
>>>>
13 76 00 00 00 
be 7b 93 ac 45 c3 8f e0 8e 30 e7 f3 39 c8 31 ef a1 aa 25 38 86 73 8f 2e d2 9b 45 94 56 a7 37 09 90 00 
<<<<
>>>>
13 75 00 00 00 
00 00 00 00 00 00 05 e3 90 00 
<<<<
>>>>
13 76 00 00 00 
30 02 46 17 c2 5a 73 91 d7 a8 24 20 94 b8 3e 2c 9e e9 0c 05 39 95 b3 1a 04 63 c6 03 86 4a 50 74 90 00 
<<<<
>>>>
13 77 00 00 08 00 00 00 00 00 00 05 e3 
be 7b 93 ac 45 c3 8f e0 8e 30 e7 f3 39 c8 31 ef a1 aa 25 38 86 73 8f 2e d2 9b 45 94 56 a7 37 09 90 00 
<<<<
>>>>
13 75 00 00 00 
00 00 00 00 00 00 05 e4 90 00 
<<<<
>>>>
13 77 00 00 08 00 00 00 00 00 00 05 e4 
30 02 46 17 c2 5a 73 91 d7 a8 24 20 94 b8 3e 2c 9e e9 0c 05 39 95 b3 1a 04 63 c6 03 86 4a 50 74 90 00 
<<<<
>>>>
13 76 00 00 00 
19 b5 be c4 ec 63 11 5d 34 c6 77 36 1a fa 6e ba 8a 2e 39 0c ac bb 2c 8f ee a7 f9 c9 03 b8 0e 4d 90 00 
<<<<
>>>>
13 75 00 00 00 
00 00 00 00 00 00 05 e5 90 00 
<<<<
>>>>
13 76 00 00 00 
6b 4e 35 10 3f 60 46 96 6a 86 ae a5 8c d7 55 60 33 f3 7a 73 e1 19 a8 28 29 7d 0f c9 69 6b c1 82 90 00 
<<<<
>>>>
13 77 00 00 08 00 00 00 00 00 00 05 e5 
19 b5 be c4 ec 63 11 5d 34 c6 77 36 1a fa 6e ba 8a 2e 39 0c ac bb 2c 8f ee a7 f9 c9 03 b8 0e 4d 90 00 
<<<<
>>>>
13 75 00 00 00 
00 00 00 00 00 00 05 e6 90 00 
<<<<
>>>>
13 77 00 00 08 00 00 00 00 00 00 05 e6 
6b 4e 35 10 3f 60 46 96 6a 86 ae a5 8c d7 55 60 33 f3 7a 73 e1 19 a8 28 29 7d 0f c9 69 6b c1 82 90 00 
<<<<
>>>>
13 76 00 00 00 
ec 7e ad cb 01 61 c7 90 59 28 27 5d a4 18 94 d8 71 c7 d3 8c 7c 47 44 c1 fa b8 bc f3 90 10 dc c2 90 00 
<<<<
>>>>
13 75 00 00 00 
00 00 00 00 00 00 05 e7 90 00 
<<<<
>>>>
13 76 00 00 00 
9a 7f 2b bc 9a 1d 05 39 4f 43 28 88 4b b6 81 a2 8b b0 57 94 f7 5e 80 9f 33 ed d8 c1 7e a5 f0 d5 90 00 
<<<<
>>>>
13 77 00 00 08 00 00 00 00 00 00 05 e7 
ec 7e ad cb 01 61 c7 90 59 28 27 5d a4 18 94 d8 71 c7 d3 8c 7c 47 44 c1 fa b8 bc f3 90 10 dc c2 90 00 
<<<<
>>>>
13 75 00 00 00 
00 00 00 00 00 00 05 e8 90 00 
<<<<
>>>>
13 77 00 00 08 00 00 00 00 00 00 05 e8 
9a 7f 2b bc 9a 1d 05 39 4f 43 28 88 4b b6 81 a2 8b b0 57 94 f7 5e 80 9f 33 ed d8 c1 7e a5 f0 d5 90 00 
<<<<
>>>>
13 76 00 00 00 
3d aa 32 04 78 07 0a 8e eb d4 7d 56 eb 04 22 ef b2 15 55 91 36 84 d7 e7 7a cd fe 68 da 55 d6 8d 90 00 
<<<<
>>>>
13 75 00 00 00 
00 00 00 00 00 00 05 e9 90 00 
<<<<
>>>>
13 76 00 00 00 
45 63 d0 cc 2c 39 95 24 a8 0f 18 a0 5a ea 01 ba 55 32 69 e3 45 0d f3 7e c2 3d 1c c4 58 9b e0 c8 90 00 
<<<<
>>>>
13 77 00 00 08 00 00 00 00 00 00 05 e9 
3d aa 32 04 78 07 0a 8e eb d4 7d 56 eb 04 22 ef b2 15 55 91 36 84 d7 e7 7a cd fe 68 da 55 d6 8d 90 00 
<<<<
>>>>
13 75 00 00 00 
00 00 00 00 00 00 05 ea 90 00 
<<<<
>>>>
13 77 00 00 08 00 00 00 00 00 00 05 ea 
45 63 d0 cc 2c 39 95 24 a8 0f 18 a0 5a ea 01 ba 55 32 69 e3 45 0d f3 7e c2 3d 1c c4 58 9b e0 c8 90 00 
<<<<
>>>>
13 76 00 00 00 
8a 1d 93 ea 44 d1 78 16 8d 56 ce 27 29 b6 e5 3b b9 c0 c7 06 8b 43 ee da 51 0e 6e 7d 27 65 d2 e5 90 00 
<<<<
>>>>
13 75 00 00 00 
00 00 00 00 00 00 05 eb 90 00 
<<<<
>>>>
13 76 00 00 00 
2a 0c 6a 05 51 54 7a 6a 52 d4 ab d5 a2 cf b3 b6 9b cd 8e e1 b6 c9 d0 88 bd cb a1 40 40 0e d8 13 90 00 
<<<<
>>>>
13 77 00 00 08 00 00 00 00 00 00 05 eb 
8a 1d 93 ea 44 d1 78 16 8d 56 ce 27 29 b6 e5 3b b9 c0 c7 06 8b 43 ee da 51 0e 6e 7d 27 65 d2 e5 90 00 
<<<<
>>>>
13 75 00 00 00 
00 00 00 00 00 00 05 ec 90 00 
<<<<
>>>>
13 77 00 00 08 00 00 00 00 00 00 05 ec 
2a 0c 6a 05 51 54 7a 6a 52 d4 ab d5 a2 cf b3 b6 9b cd 8e e1 b6 c9 d0 88 bd cb a1 40 40 0e d8 13 90 00 
<<<<
>>>>
13 76 00 00 00 
8e f7 5a 40 9a 17 81 63 0c e8 57 48 6f 9f 05 50 1e fb 8a fe 51 be 54 4a d0 7c a5 9e 0c 89 e2 eb 90 00 
<<<<
>>>>
13 75 00 00 00 
00 00 00 00 00 00 05 ed 90 00 
<<<<
>>>>
13 76 00 00 00 
11 62 e3 e6 63 71 94 78 d4 3d 70 e2 73 99 5c 5a 5a bb 2b 83 20 d3 de 86 ab 8c 3a 77 6e 51 10 86 90 00 
<<<<
>>>>
13 77 00 00 08 00 00 00 00 00 00 05 ed 
8e f7 5a 40 9a 17 81 63 0c e8 57 48 6f 9f 05 50 1e fb 8a fe 51 be 54 4a d0 7c a5 9e 0c 89 e2 eb 90 00 
<<<<
>>>>
13 75 00 00 00 
00 00 00 00 00 00 05 ee 90 00 
<<<<
>>>>
13 77 00 00 08 00 00 00 00 00 00 05 ee 
11 62 e3 e6 63 71 94 78 d4 3d 70 e2 73 99 5c 5a 5a bb 2b 83 20 d3 de 86 ab 8c 3a 77 6e 51 10 86 90 00 
<<<<
>>>>
13 76 00 00 00 
a3 f9 bd 10 ce ca 4e b0 d9 e4 e3 11 8e c7 b0 99 1e ee d3 b7 2d f4 44 a8 1c ab 9d f8 f7 03 47 2f 90 00 
<<<<
>>>>
13 75 00 00 00 
00 00 00 00 00 00 05 ef 90 00 
<<<<
>>>>
13 76 00 00 00 
cb 8c 05 3e 93 8a df 16 a5 46 15 45 9b 51 54 a2 45 87 20 0a 9d ee 62 4d 12 01 97 54 ed 4c fe 8e 90 00 
<<<<
>>>>
13 77 00 00 08 00 00 00 00 00 00 05 ef 
a3 f9 bd 10 ce ca 4e b0 d9 e4 e3 11 8e c7 b0 99 1e ee d3 b7 2d f4 44 a8 1c ab 9d f8 f7 03 47 2f 90 00 
<<<<
>>>>
13 75 00 00 00 
00 00 00 00 00 00 05 f0 90 00 
<<<<
>>>>
13 77 00 00 08 00 00 00 00 00 00 05 f0 
cb 8c 05 3e 93 8a df 16 a5 46 15 45 9b 51 54 a2 45 87 20 0a 9d ee 62 4d 12 01 97 54 ed 4c fe 8e 90 00 
<<<<
>>>>
13 76 00 00 00 
4b 4e d0 0f 5e 7c 2f dd 98 93 7e 96 a9 ab aa 80 dc 6f 00 6a 25 28 01 8a 5b 35 e4 36 b9 dd 68 77 90 00 
<<<<
>>>>
13 75 00 00 00 
00 00 00 00 00 00 05 f1 90 00 
<<<<
>>>>
13 76 00 00 00 
72 1e 9f cc 87 01 9b 61 02 d4 d8 e4 f6 ad eb 01 d5 a4 5b b2 b1 69 e6 ec 7e b7 c1 0f 56 cd a3 d5 90 00 
<<<<
>>>>
13 77 00 00 08 00 00 00 00 00 00 05 f1 
4b 4e d0 0f 5e 7c 2f dd 98 93 7e 96 a9 ab aa 80 dc 6f 00 6a 25 28 01 8a 5b 35 e4 36 b9 dd 68 77 90 00 
<<<<
>>>>
13 75 00 00 00 
00 00 00 00 00 00 05 f2 90 00 
<<<<
>>>>
13 77 00 00 08 00 00 00 00 00 00 05 f2 
72 1e 9f cc 87 01 9b 61 02 d4 d8 e4 f6 ad eb 01 d5 a4 5b b2 b1 69 e6 ec 7e b7 c1 0f 56 cd a3 d5 90 00 
<<<<
>>>>
13 76 00 00 00 
f7 42 c3 68 6a c4 18 03 ab c9 5a 22 5e 59 e5 e8 73 a5 7b ba ee fc b9 15 0d a5 ea 6e b4 30 06 25 90 00 
<<<<
>>>>
13 75 00 00 00 
00 00 00 00 00 00 05 f3 90 00 
<<<<
>>>>
13 76 00 00 00 
f2 c9 81 81 4e 04 4d bd eb 92 e8 30 fd 7a 4c 63 47 cb bd e5 b5 33 1a 4a 13 1f a1 da 62 98 98 32 90 00 
<<<<
>>>>
13 77 00 00 08 00 00 00 00 00 00 05 f3 
f7 42 c3 68 6a c4 18 03 ab c9 5a 22 5e 59 e5 e8 73 a5 7b ba ee fc b9 15 0d a5 ea 6e b4 30 06 25 90 00 
<<<<
>>>>
13 75 00 00 00 
00 00 00 00 00 00 05 f4 90 00 
<<<<
>>>>
13 77 00 00 08 00 00 00 00 00 00 05 f4 
f2 c9 81 81 4e 04 4d bd eb 92 e8 30 fd 7a 4c 63 47 cb bd e5 b5 33 1a 4a 13 1f a1 da 62 98 98 32 90 00 
<<<<
>>>>
13 76 00 00 00 
70 33 f2 76 41 dd be b9 39 1b 5f 1e 7a 78 56 1a f9 89 5c ba 78 85 45 3e 0d eb 32 0c 3a 81 9b 8b 90 00 
<<<<
>>>>
13 75 00 00 00 
00 00 00 00 00 00 05 f5 90 00 
<<<<
>>>>
13 76 00 00 00 
91 9d 93 01 b6 e7 dc 5b 39 15 1b 14 09 c9 2c 4b 8a 3d 9c b6 09 bd ae e1 db e4 50 59 74 df a6 8f 90 00 
<<<<
>>>>
13 77 00 00 08 00 00 00 00 00 00 05 f5 
70 33 f2 76 41 dd be b9 39 1b 5f 1e 7a 78 56 1a f9 89 5c ba 78 85 45 3e 0d eb 32 0c 3a 81 9b 8b 90 00 
<<<<
>>>>
13 75 00 00 00 
00 00 00 00 00 00 05 f6 90 00 
<<<<
>>>>
13 77 00 00 08 00 00 00 00 00 00 05 f6 
91 9d 93 01 b6 e7 dc 5b 39 15 1b 14 09 c9 2c 4b 8a 3d 9c b6 09 bd ae e1 db e4 50 59 74 df a6 8f 90 00 
<<<<
>>>>
13 76 00 00 00 
47 e2 f8 fe ba d6 35 47 70 f2 06 d9 eb 54 5f 72 1a cc 39 7e 29 a6 2b fd 76 dd ff e5 39 0b 3a f1 90 00 
<<<<
>>>>
13 75 00 00 00 
00 00 00 00 00 00 05 f7 90 00 
<<<<
>>>>
13 76 00 00 00 
81 b5 d3 d0 5e 81 87 76 23 23 01 f2 c5 18 a1 42 71 df 87 88 c3 9f ee e8 73 c6 41 4f 07 23 ea 15 90 00 
<<<<
>>>>
13 77 00 00 08 00 00 00 00 00 00 05 f7 
47 e2 f8 fe ba d6 35 47 70 f2 06 d9 eb 54 5f 72 1a cc 39 7e 29 a6 2b fd 76 dd ff e5 39 0b 3a f1 90 00 
<<<<
>>>>
13 75 00 00 00 
00 00 00 00 00 00 05 f8 90 00 
<<<<
>>>>
13 77 00 00 08 00 00 00 00 00 00 05 f8 
81 b5 d3 d0 5e 81 87 76 23 23 01 f2 c5 18 a1 42 71 df 87 88 c3 9f ee e8 73 c6 41 4f 07 23 ea 15 90 00 
<<<<
>>>>
13 76 00 00 00 
2c 11 c3 7d 1d cf f5 96 55 46 32 b2 1e 0e 14 bd 39 38 34 cc 41 1a d5 e2 af 78 98 87 18 ca 62 b5 90 00 
<<<<
>>>>
13 75 00 00 00 
00 00 00 00 00 00 05 f9 90 00 
<<<<
>>>>
13 76 00 00 00 
5b 39 18 47 b9 5e 7d 0d a8 de 33 cf fc 7e ae 01 a2 cb f8 96 79 25 50 e3 22 d8 e2 6a e3 ad 8c 5d 90 00 
<<<<
>>>>
13 77 00 00 08 00 00 00 00 00 00 05 f9 
2c 11 c3 7d 1d cf f5 96 55 46 32 b2 1e 0e 14 bd 39 38 34 cc 41 1a d5 e2 af 78 98 87 18 ca 62 b5 90 00 
<<<<
>>>>
13 75 00 00 00 
00 00 00 00 00 00 05 fa 90 00 
<<<<
>>>>
13 77 00 00 08 00 00 00 00 00 00 05 fa 
5b 39 18 47 b9 5e 7d 0d a8 de 33 cf fc 7e ae 01 a2 cb f8 96 79 25 50 e3 22 d8 e2 6a e3 ad 8c 5d 90 00 
<<<<
>>>>
13 76 00 00 00 
6e 06 ee 90 88 1a c7 06 f4 df 61 38 73 2a 94 05 33 3c 08 cd 60 c1 f3 28 31 94 74 5b a9 bb 98 03 90 00 
<<<<
>>>>
13 75 00 00 00 
00 00 00 00 00 00 05 fb 90 00 
<<<<
>>>>
13 76 00 00 00 
16 ca 8f fe b8 c2 74 8d 53 99 b1 2b e7 5a 90 f9 a3 0e da 83 6c af 60 a2 25 33 3c 7c 45 f0 d5 88 90 00 
<<<<
>>>>
13 77 00 00 08 00 00 00 00 00 00 05 fb 
6e 06 ee 90 88 1a c7 06 f4 df 61 38 73 2a 94 05 33 3c 08 cd 60 c1 f3 28 31 94 74 5b a9 bb 98 03 90 00 
<<<<
>>>>
13 75 00 00 00 
00 00 00 00 00 00 05 fc 90 00 
<<<<
>>>>
13 77 00 00 08 00 00 00 00 00 00 05 fc 
16 ca 8f fe b8 c2 74 8d 53 99 b1 2b e7 5a 90 f9 a3 0e da 83 6c af 60 a2 25 33 3c 7c 45 f0 d5 88 90 00 
<<<<
>>>>
13 76 00 00 00 
f5 17 70 13 14 4b 15 51 93 0e 83 cd be 26 bb c0 88 73 a2 3d 0f 4d ca 16 28 f1 5c 06 da b9 a0 3e 90 00 
<<<<
>>>>
13 75 00 00 00 
00 00 00 00 00 00 05 fd 90 00 
<<<<
>>>>
13 76 00 00 00 
85 f4 f4 9a 4e 7f 13 99 bd 68 3a e5 b6 bd b2 b3 16 e6 a3 ac bd 50 cd 84 b8 72 0a ca 6b db 6f 05 90 00 
<<<<
>>>>
13 77 00 00 08 00 00 00 00 00 00 05 fd 
f5 17 70 13 14 4b 15 51 93 0e 83 cd be 26 bb c0 88 73 a2 3d 0f 4d ca 16 28 f1 5c 06 da b9 a0 3e 90 00 
<<<<
>>>>
13 75 00 00 00 
00 00 00 00 00 00 05 fe 90 00 
<<<<
>>>>
13 77 00 00 08 00 00 00 00 00 00 05 fe 
85 f4 f4 9a 4e 7f 13 99 bd 68 3a e5 b6 bd b2 b3 16 e6 a3 ac bd 50 cd 84 b8 72 0a ca 6b db 6f 05 90 00 
<<<<
>>>>
13 76 00 00 00 
75 3d 90 71 8d 9a 57 5b 70 88 7f 40 aa ef ce b2 2d 3a eb 2c 07 d6 be ce 68 80 f1 4f e4 43 7e 07 90 00 
<<<<
>>>>
13 75 00 00 00 
00 00 00 00 00 00 05 ff 90 00 
<<<<
>>>>
13 76 00 00 00 
3d fe 3c cc 3c 79 7b 23 96 47 f9 bc 35 0b 44 c4 08 87 ab 6a 3f 00 b9 6e b6 aa 3d e4 e2 67 86 43 90 00 
<<<<
>>>>
13 77 00 00 08 00 00 00 00 00 00 05 ff 
75 3d 90 71 8d 9a 57 5b 70 88 7f 40 aa ef ce b2 2d 3a eb 2c 07 d6 be ce 68 80 f1 4f e4 43 7e 07 90 00 
<<<<
>>>>
13 75 00 00 00 
00 00 00 00 00 00 06 00 90 00 
<<<<
>>>>
13 77 00 00 08 00 00 00 00 00 00 06 00 
3d fe 3c cc 3c 79 7b 23 96 47 f9 bc 35 0b 44 c4 08 87 ab 6a 3f 00 b9 6e b6 aa 3d e4 e2 67 86 43 90 00 
<<<<
>>>>
13 76 00 00 00 
ec 36 04 c3 5b d0 64 93 5e ab fe 4f 0d 96 ef 75 8a 12 e4 0a 4f 65 cd d7 bb c4 ca 30 db d4 1b fd 90 00 
<<<<
>>>>
13 75 00 00 00 
00 00 00 00 00 00 06 01 90 00 
<<<<
>>>>
13 76 00 00 00 
d3 33 b6 fb 2d fe 17 34 7f 1e 2c 5a 6f c2 7f aa 11 7c 35 52 46 98 c0 0c 1f b2 fb 5a c0 05 09 09 90 00 
<<<<
>>>>
13 77 00 00 08 00 00 00 00 00 00 06 01 
ec 36 04 c3 5b d0 64 93 5e ab fe 4f 0d 96 ef 75 8a 12 e4 0a 4f 65 cd d7 bb c4 ca 30 db d4 1b fd 90 00 
<<<<
>>>>
13 75 00 00 00 
00 00 00 00 00 00 06 02 90 00 
<<<<
>>>>
13 77 00 00 08 00 00 00 00 00 00 06 02 
d3 33 b6 fb 2d fe 17 34 7f 1e 2c 5a 6f c2 7f aa 11 7c 35 52 46 98 c0 0c 1f b2 fb 5a c0 05 09 09 90 00 
<<<<
>>>>
13 76 00 00 00 
a6 c8 e1 54 01 89 45 b3 db 21 e8 62 88 3a 68 2f e2 a4 cc 72 60 8d f4 f5 b5 84 f9 de 2e 8a 03 d0 90 00 
<<<<
>>>>
13 75 00 00 00 
00 00 00 00 00 00 06 03 90 00 
<<<<
>>>>
13 76 00 00 00 
95 76 f5 c4 de a9 dd 11 58 d7 25 35 9f ed 06 32 c2 1b fd a3 bd 8b a4 c2 a2 a2 34 40 88 77 df 1e 90 00 
<<<<
>>>>
13 77 00 00 08 00 00 00 00 00 00 06 03 
a6 c8 e1 54 01 89 45 b3 db 21 e8 62 88 3a 68 2f e2 a4 cc 72 60 8d f4 f5 b5 84 f9 de 2e 8a 03 d0 90 00 
<<<<
>>>>
13 75 00 00 00 
00 00 00 00 00 00 06 04 90 00 
<<<<
>>>>
13 77 00 00 08 00 00 00 00 00 00 06 04 
95 76 f5 c4 de a9 dd 11 58 d7 25 35 9f ed 06 32 c2 1b fd a3 bd 8b a4 c2 a2 a2 34 40 88 77 df 1e 90 00 
<<<<
>>>>
13 76 00 00 00 
39 07 fe a2 30 da 8f c3 5e 17 f7 d7 9e 99 90 4f 25 e9 4c 86 4a af 5e 4c e8 a2 00 8c ed 80 a2 9e 90 00 
<<<<
>>>>
13 75 00 00 00 
00 00 00 00 00 00 06 05 90 00 
<<<<
>>>>
13 76 00 00 00 
24 94 54 bf 0d 4a 44 60 c4 64 51 81 b5 c0 58 13 be 51 10 a6 86 8c c8 9f f7 88 35 2d 07 92 b0 47 90 00 
<<<<
>>>>
13 77 00 00 08 00 00 00 00 00 00 06 05 
39 07 fe a2 30 da 8f c3 5e 17 f7 d7 9e 99 90 4f 25 e9 4c 86 4a af 5e 4c e8 a2 00 8c ed 80 a2 9e 90 00 
<<<<
>>>>
13 75 00 00 00 
00 00 00 00 00 00 06 06 90 00 
<<<<
>>>>
13 77 00 00 08 00 00 00 00 00 00 06 06 
24 94 54 bf 0d 4a 44 60 c4 64 51 81 b5 c0 58 13 be 51 10 a6 86 8c c8 9f f7 88 35 2d 07 92 b0 47 90 00 
<<<<
>>>>
13 76 00 00 00 
d7 56 c1 89 e6 f6 8f a5 75 33 25 c4 7f ed c4 7a ed c7 ee 0d a3 6b f4 7d 01 88 10 0a bb 0a ed 70 90 00 
<<<<
>>>>
13 75 00 00 00 
00 00 00 00 00 00 06 07 90 00 
<<<<
>>>>
13 76 00 00 00 
00 40 77 5b ec 2c 28 62 0a 58 dd f7 25 64 90 67 c2 31 e3 83 f9 14 24 aa c7 56 38 76 7a b0 02 60 90 00 
<<<<
>>>>
13 77 00 00 08 00 00 00 00 00 00 06 07 
d7 56 c1 89 e6 f6 8f a5 75 33 25 c4 7f ed c4 7a ed c7 ee 0d a3 6b f4 7d 01 88 10 0a bb 0a ed 70 90 00 
<<<<
>>>>
13 75 00 00 00 
00 00 00 00 00 00 06 08 90 00 
<<<<
>>>>
13 77 00 00 08 00 00 00 00 00 00 06 08 
00 40 77 5b ec 2c 28 62 0a 58 dd f7 25 64 90 67 c2 31 e3 83 f9 14 24 aa c7 56 38 76 7a b0 02 60 90 00 
<<<<
>>>>
13 76 00 00 00 
12 4d f8 6f 5a 51 dd 14 20 c7 7e 5b aa 11 3d 3a 08 84 2d ef 90 1d c3 73 42 44 52 3a 41 a9 df 8f 90 00 
<<<<
>>>>
13 75 00 00 00 
00 00 00 00 00 00 06 09 90 00 
<<<<
>>>>
13 76 00 00 00 
e2 14 b5 c6 53 9d d0 33 fd 4c 7e e3 f5 be ec 33 14 09 2c 36 d2 92 fe a3 d3 97 65 49 48 99 af 24 90 00 
<<<<
>>>>
13 77 00 00 08 00 00 00 00 00 00 06 09 
12 4d f8 6f 5a 51 dd 14 20 c7 7e 5b aa 11 3d 3a 08 84 2d ef 90 1d c3 73 42 44 52 3a 41 a9 df 8f 90 00 
<<<<
>>>>
13 75 00 00 00 
00 00 00 00 00 00 06 0a 90 00 
<<<<
>>>>
13 77 00 00 08 00 00 00 00 00 00 06 0a 
e2 14 b5 c6 53 9d d0 33 fd 4c 7e e3 f5 be ec 33 14 09 2c 36 d2 92 fe a3 d3 97 65 49 48 99 af 24 90 00 
<<<<
>>>>
13 76 00 00 00 
7e 9d f0 46 1a f5 e3 d6 5b 26 a0 45 71 9a 21 8f 57 d3 ca 72 fe 49 e0 8e 57 6f d8 27 92 18 05 65 90 00 
<<<<
>>>>
13 75 00 00 00 
00 00 00 00 00 00 06 0b 90 00 
<<<<
>>>>
13 76 00 00 00 
35 aa 37 2f 40 45 a8 97 95 9c 8f 7e d5 18 8f fd 07 99 23 6f 24 0e 46 d1 32 83 8d e4 cc 5f cb cb 90 00 
<<<<
>>>>
13 77 00 00 08 00 00 00 00 00 00 06 0b 
7e 9d f0 46 1a f5 e3 d6 5b 26 a0 45 71 9a 21 8f 57 d3 ca 72 fe 49 e0 8e 57 6f d8 27 92 18 05 65 90 00 
<<<<
>>>>
13 75 00 00 00 
00 00 00 00 00 00 06 0c 90 00 
<<<<
>>>>
13 77 00 00 08 00 00 00 00 00 00 06 0c 
35 aa 37 2f 40 45 a8 97 95 9c 8f 7e d5 18 8f fd 07 99 23 6f 24 0e 46 d1 32 83 8d e4 cc 5f cb cb 90 00 
<<<<
>>>>
13 76 00 00 00 
a5 d4 30 fc b0 6f 05 1d 0f 9b 8c a6 3b 72 72 27 83 dc 5f c5 66 b2 cf e1 97 76 d6 df 7d c8 44 c7 90 00 
<<<<
>>>>
13 75 00 00 00 
00 00 00 00 00 00 06 0d 90 00 
<<<<
>>>>
13 76 00 00 00 
a4 33 cb 1c 1b 54 65 ad 9b b5 32 06 7f 0e 59 04 6f 49 ea 48 3c 61 f1 95 bc 21 12 5b fb bc 8b 46 90 00 
<<<<
>>>>
13 77 00 00 08 00 00 00 00 00 00 06 0d 
a5 d4 30 fc b0 6f 05 1d 0f 9b 8c a6 3b 72 72 27 83 dc 5f c5 66 b2 cf e1 97 76 d6 df 7d c8 44 c7 90 00 
<<<<
>>>>
13 75 00 00 00 
00 00 00 00 00 00 06 0e 90 00 
<<<<
>>>>
13 77 00 00 08 00 00 00 00 00 00 06 0e 
a4 33 cb 1c 1b 54 65 ad 9b b5 32 06 7f 0e 59 04 6f 49 ea 48 3c 61 f1 95 bc 21 12 5b fb bc 8b 46 90 00 
<<<<
>>>>
13 76 00 00 00 
83 44 e8 37 4b ec cf ce 1a 19 9c 8f a4 1f 00 08 15 4a 81 4b 7b 40 cf 5a b7 39 d0 0d cf e0 72 40 90 00 
<<<<
>>>>
13 75 00 00 00 
00 00 00 00 00 00 06 0f 90 00 
<<<<
>>>>
13 76 00 00 00 
dd 01 61 f9 fc 18 6d df b6 e6 9e 66 3f cb 4b 2c c9 10 75 18 63 42 58 6c 6f 48 d9 3d d0 70 66 34 90 00 
<<<<
>>>>
13 77 00 00 08 00 00 00 00 00 00 06 0f 
83 44 e8 37 4b ec cf ce 1a 19 9c 8f a4 1f 00 08 15 4a 81 4b 7b 40 cf 5a b7 39 d0 0d cf e0 72 40 90 00 
<<<<
>>>>
13 75 00 00 00 
00 00 00 00 00 00 06 10 90 00 
<<<<
>>>>
13 77 00 00 08 00 00 00 00 00 00 06 10 
dd 01 61 f9 fc 18 6d df b6 e6 9e 66 3f cb 4b 2c c9 10 75 18 63 42 58 6c 6f 48 d9 3d d0 70 66 34 90 00 
<<<<
>>>>
13 76 00 00 00 
f3 53 d9 29 6f 47 d2 1c 64 35 ac fa f6 50 ed 1c a1 78 f5 d4 85 53 96 39 22 79 d4 b4 b7 ad 2e 16 90 00 
<<<<
>>>>
13 75 00 00 00 
00 00 00 00 00 00 06 11 90 00 
<<<<
>>>>
13 76 00 00 00 
16 37 b0 98 1d 55 f1 71 e6 b1 52 d5 e2 04 31 39 e4 06 b7 79 2d fe 5d 9c 32 ab 4f 12 30 02 8b bc 90 00 
<<<<
>>>>
13 77 00 00 08 00 00 00 00 00 00 06 11 
f3 53 d9 29 6f 47 d2 1c 64 35 ac fa f6 50 ed 1c a1 78 f5 d4 85 53 96 39 22 79 d4 b4 b7 ad 2e 16 90 00 
<<<<
>>>>
13 75 00 00 00 
00 00 00 00 00 00 06 12 90 00 
<<<<
>>>>
13 77 00 00 08 00 00 00 00 00 00 06 12 
16 37 b0 98 1d 55 f1 71 e6 b1 52 d5 e2 04 31 39 e4 06 b7 79 2d fe 5d 9c 32 ab 4f 12 30 02 8b bc 90 00 
<<<<
>>>>
13 76 00 00 00 
e7 d0 e0 2a 0f 01 0c 34 af e1 ef 41 de db 37 65 41 25 01 1a e4 97 3e 86 d8 06 e1 dc 30 56 50 57 90 00 
<<<<
>>>>
13 75 00 00 00 
00 00 00 00 00 00 06 13 90 00 
<<<<
>>>>
13 76 00 00 00 
01 ae 89 c2 64 6f 64 5b f0 fc 3f 27 65 50 7a a9 ae c1 13 3f 57 72 58 b4 bc e9 68 ff e6 6a 81 36 90 00 
<<<<
>>>>
13 77 00 00 08 00 00 00 00 00 00 06 13 
e7 d0 e0 2a 0f 01 0c 34 af e1 ef 41 de db 37 65 41 25 01 1a e4 97 3e 86 d8 06 e1 dc 30 56 50 57 90 00 
<<<<
>>>>
13 75 00 00 00 
00 00 00 00 00 00 06 14 90 00 
<<<<
>>>>
13 77 00 00 08 00 00 00 00 00 00 06 14 
01 ae 89 c2 64 6f 64 5b f0 fc 3f 27 65 50 7a a9 ae c1 13 3f 57 72 58 b4 bc e9 68 ff e6 6a 81 36 90 00 
<<<<
>>>>
13 76 00 00 00 
af e6 ad be c7 fb 31 85 3e 16 f4 f1 6d 7c 64 a7 aa 3b 7e 15 4e b9 fe 08 c1 54 0a 12 4f b9 ec 4e 90 00 
<<<<
>>>>
13 75 00 00 00 
00 00 00 00 00 00 06 15 90 00 
<<<<
>>>>
13 76 00 00 00 
2c a5 36 ac 6b 0d 71 05 df ee 7c ee bb 69 9a 99 7b 84 34 b8 c2 36 8c d6 d4 2f 84 fb 21 ed 08 a1 90 00 
<<<<
>>>>
13 77 00 00 08 00 00 00 00 00 00 06 15 
af e6 ad be c7 fb 31 85 3e 16 f4 f1 6d 7c 64 a7 aa 3b 7e 15 4e b9 fe 08 c1 54 0a 12 4f b9 ec 4e 90 00 
<<<<
>>>>
13 75 00 00 00 
00 00 00 00 00 00 06 16 90 00 
<<<<
>>>>
13 77 00 00 08 00 00 00 00 00 00 06 16 
2c a5 36 ac 6b 0d 71 05 df ee 7c ee bb 69 9a 99 7b 84 34 b8 c2 36 8c d6 d4 2f 84 fb 21 ed 08 a1 90 00 
<<<<
>>>>
13 76 00 00 00 
4f ff 87 5a ed 23 e6 c7 4f 56 e6 e4 98 85 83 ec 80 9c 7f 53 c1 cf d7 f1 9f a6 8e 40 89 b0 41 aa 90 00 
<<<<
>>>>
13 75 00 00 00 
00 00 00 00 00 00 06 17 90 00 
<<<<
>>>>
13 76 00 00 00 
32 4f cb f6 6b 3b 82 1a 01 83 a6 a6 5e 57 20 af ad ec a1 f8 7d 8f 7c bf 3e 08 3f fb bc a0 ca 9d 90 00 
<<<<
>>>>
13 77 00 00 08 00 00 00 00 00 00 06 17 
4f ff 87 5a ed 23 e6 c7 4f 56 e6 e4 98 85 83 ec 80 9c 7f 53 c1 cf d7 f1 9f a6 8e 40 89 b0 41 aa 90 00 
<<<<
>>>>
13 75 00 00 00 
00 00 00 00 00 00 06 18 90 00 
<<<<
>>>>
13 77 00 00 08 00 00 00 00 00 00 06 18 
32 4f cb f6 6b 3b 82 1a 01 83 a6 a6 5e 57 20 af ad ec a1 f8 7d 8f 7c bf 3e 08 3f fb bc a0 ca 9d 90 00 
<<<<
>>>>
13 76 00 00 00 
e1 48 3b 9a 66 01 a7 f1 99 c0 57 e7 f2 77 4c a8 8d 01 dd 9a db f6 95 f6 a2 7d c6 1a 91 8b f9 65 90 00 
<<<<
>>>>
13 75 00 00 00 
00 00 00 00 00 00 06 19 90 00 
<<<<
>>>>
13 76 00 00 00 
eb 90 89 1e 0b 6b 67 3d 2b f4 5e 03 42 13 b0 1b dd 3e a4 4b d5 10 31 34 72 aa da c1 65 0d ae ff 90 00 
<<<<
>>>>
13 77 00 00 08 00 00 00 00 00 00 06 19 
e1 48 3b 9a 66 01 a7 f1 99 c0 57 e7 f2 77 4c a8 8d 01 dd 9a db f6 95 f6 a2 7d c6 1a 91 8b f9 65 90 00 
<<<<
>>>>
13 75 00 00 00 
00 00 00 00 00 00 06 1a 90 00 
<<<<
>>>>
13 77 00 00 08 00 00 00 00 00 00 06 1a 
eb 90 89 1e 0b 6b 67 3d 2b f4 5e 03 42 13 b0 1b dd 3e a4 4b d5 10 31 34 72 aa da c1 65 0d ae ff 90 00 
<<<<
>>>>
13 76 00 00 00 
89 8a fe 2a 0d e8 cc fe 31 9e 96 90 d4 23 e1 cc b6 87 00 e9 22 98 a5 69 d3 69 ab 09 49 29 bf 31 90 00 
<<<<
>>>>
13 75 00 00 00 
00 00 00 00 00 00 06 1b 90 00 
<<<<
>>>>
13 76 00 00 00 
05 31 a7 cb 01 e8 dd d8 40 2c 14 0c 19 73 23 13 ca fe d0 0e be a2 13 e8 0b af 6f 00 e0 f0 3c 8c 90 00 
<<<<
>>>>
13 77 00 00 08 00 00 00 00 00 00 06 1b 
89 8a fe 2a 0d e8 cc fe 31 9e 96 90 d4 23 e1 cc b6 87 00 e9 22 98 a5 69 d3 69 ab 09 49 29 bf 31 90 00 
<<<<
>>>>
13 75 00 00 00 
00 00 00 00 00 00 06 1c 90 00 
<<<<
>>>>
13 77 00 00 08 00 00 00 00 00 00 06 1c 
05 31 a7 cb 01 e8 dd d8 40 2c 14 0c 19 73 23 13 ca fe d0 0e be a2 13 e8 0b af 6f 00 e0 f0 3c 8c 90 00 
<<<<
>>>>
13 76 00 00 00 
85 63 79 b4 a5 3a 83 1f e9 82 19 00 37 e0 5f cf 8c 8b d2 65 a2 fc 3f 38 ae 7e 97 6c 47 dc aa f1 90 00 
<<<<
>>>>
13 75 00 00 00 
00 00 00 00 00 00 06 1d 90 00 
<<<<
>>>>
13 76 00 00 00 
00 9a fd c7 cc 35 ff eb 14 87 be de d0 b3 3b ac 53 2f b0 b3 6f b9 1c ff 07 c1 8f 01 7e a3 65 10 90 00 
<<<<
>>>>
13 77 00 00 08 00 00 00 00 00 00 06 1d 
85 63 79 b4 a5 3a 83 1f e9 82 19 00 37 e0 5f cf 8c 8b d2 65 a2 fc 3f 38 ae 7e 97 6c 47 dc aa f1 90 00 
<<<<
>>>>
13 75 00 00 00 
00 00 00 00 00 00 06 1e 90 00 
<<<<
>>>>
13 77 00 00 08 00 00 00 00 00 00 06 1e 
00 9a fd c7 cc 35 ff eb 14 87 be de d0 b3 3b ac 53 2f b0 b3 6f b9 1c ff 07 c1 8f 01 7e a3 65 10 90 00 
<<<<
>>>>
13 76 00 00 00 
6b 04 d9 97 9d ee 81 51 37 30 25 0a c9 b5 c3 fa d9 cf 2b 6f a9 0d 34 a2 e5 15 27 21 ed cd f5 05 90 00 
<<<<
>>>>
13 75 00 00 00 
00 00 00 00 00 00 06 1f 90 00 
<<<<
>>>>
13 76 00 00 00 
6b 79 89 bf 87 38 5e a6 c7 7f 52 3f da 3b 94 64 60 90 21 a2 ab 4e 15 71 ab 14 5f 61 8b b9 87 31 90 00 
<<<<
>>>>
13 77 00 00 08 00 00 00 00 00 00 06 1f 
6b 04 d9 97 9d ee 81 51 37 30 25 0a c9 b5 c3 fa d9 cf 2b 6f a9 0d 34 a2 e5 15 27 21 ed cd f5 05 90 00 
<<<<
>>>>
13 75 00 00 00 
00 00 00 00 00 00 06 20 90 00 
<<<<
>>>>
13 77 00 00 08 00 00 00 00 00 00 06 20 
6b 79 89 bf 87 38 5e a6 c7 7f 52 3f da 3b 94 64 60 90 21 a2 ab 4e 15 71 ab 14 5f 61 8b b9 87 31 90 00 
<<<<
>>>>
13 76 00 00 00 
09 8e 13 30 10 b3 06 25 03 9b b8 2f ba 2e 2b 88 18 ae 2b 47 e1 ef bd 4f a3 30 a8 e2 7e fc ea 00 90 00 
<<<<
>>>>
13 75 00 00 00 
00 00 00 00 00 00 06 21 90 00 
<<<<
>>>>
13 76 00 00 00 
39 1e 7c 29 81 27 8e d7 6e c1 e3 71 b4 2a 15 c8 f6 ba 34 f8 d6 1c b4 e5 46 5d ac ed c5 b3 7e 34 90 00 
<<<<
>>>>
13 77 00 00 08 00 00 00 00 00 00 06 21 
09 8e 13 30 10 b3 06 25 03 9b b8 2f ba 2e 2b 88 18 ae 2b 47 e1 ef bd 4f a3 30 a8 e2 7e fc ea 00 90 00 
<<<<
>>>>
13 75 00 00 00 
00 00 00 00 00 00 06 22 90 00 
<<<<
>>>>
13 77 00 00 08 00 00 00 00 00 00 06 22 
39 1e 7c 29 81 27 8e d7 6e c1 e3 71 b4 2a 15 c8 f6 ba 34 f8 d6 1c b4 e5 46 5d ac ed c5 b3 7e 34 90 00 
<<<<
>>>>
13 76 00 00 00 
ba 98 f3 85 c4 bf 40 95 b6 e5 85 81 01 6c f2 5c 39 fc 91 42 05 6b b3 4c 43 e1 9b 42 13 5f fb ea 90 00 
<<<<
>>>>
13 75 00 00 00 
00 00 00 00 00 00 06 23 90 00 
<<<<
>>>>
13 76 00 00 00 
d0 08 52 c3 fc 35 17 f0 4b 37 df c9 60 8f e4 df db d4 d0 70 ff 92 e2 f3 84 8f 82 cb 66 cd 1d d8 90 00 
<<<<
>>>>
13 77 00 00 08 00 00 00 00 00 00 06 23 
ba 98 f3 85 c4 bf 40 95 b6 e5 85 81 01 6c f2 5c 39 fc 91 42 05 6b b3 4c 43 e1 9b 42 13 5f fb ea 90 00 
<<<<
>>>>
13 75 00 00 00 
00 00 00 00 00 00 06 24 90 00 
<<<<
>>>>
13 77 00 00 08 00 00 00 00 00 00 06 24 
d0 08 52 c3 fc 35 17 f0 4b 37 df c9 60 8f e4 df db d4 d0 70 ff 92 e2 f3 84 8f 82 cb 66 cd 1d d8 90 00 
<<<<
>>>>
13 76 00 00 00 
28 ed 65 47 8b 05 b5 58 af cb b4 c7 50 29 b8 2a 13 5c e6 19 c2 37 0f 54 94 8a 3b c0 13 05 51 ad 90 00 
<<<<
>>>>
13 75 00 00 00 
00 00 00 00 00 00 06 25 90 00 
<<<<
>>>>
13 76 00 00 00 
ef d5 2e 7b a9 2f a4 11 e9 b4 aa f1 df d1 e0 05 2c 2f 1f 7a 11 6d ca 5b e8 69 93 23 bd 64 da f6 90 00 
<<<<
>>>>
13 77 00 00 08 00 00 00 00 00 00 06 25 
28 ed 65 47 8b 05 b5 58 af cb b4 c7 50 29 b8 2a 13 5c e6 19 c2 37 0f 54 94 8a 3b c0 13 05 51 ad 90 00 
<<<<
>>>>
13 75 00 00 00 
00 00 00 00 00 00 06 26 90 00 
<<<<
>>>>
13 77 00 00 08 00 00 00 00 00 00 06 26 
ef d5 2e 7b a9 2f a4 11 e9 b4 aa f1 df d1 e0 05 2c 2f 1f 7a 11 6d ca 5b e8 69 93 23 bd 64 da f6 90 00 
<<<<
>>>>
13 76 00 00 00 
f5 1d 6b 77 24 06 9e 70 e0 c2 d2 03 79 be f4 81 b9 30 0d 29 8b 0b 91 9f 41 c0 cd 8b e0 95 5f c0 90 00 
<<<<
>>>>
13 75 00 00 00 
00 00 00 00 00 00 06 27 90 00 
<<<<
>>>>
13 76 00 00 00 
08 02 6f d6 24 cf ef 00 98 6f 44 ee a9 7c 9d 88 eb 37 1b d2 c7 3b bf 49 69 16 de 20 56 1d 77 c7 90 00 
<<<<
>>>>
13 77 00 00 08 00 00 00 00 00 00 06 27 
f5 1d 6b 77 24 06 9e 70 e0 c2 d2 03 79 be f4 81 b9 30 0d 29 8b 0b 91 9f 41 c0 cd 8b e0 95 5f c0 90 00 
<<<<
>>>>
13 75 00 00 00 
00 00 00 00 00 00 06 28 90 00 
<<<<
>>>>
13 77 00 00 08 00 00 00 00 00 00 06 28 
08 02 6f d6 24 cf ef 00 98 6f 44 ee a9 7c 9d 88 eb 37 1b d2 c7 3b bf 49 69 16 de 20 56 1d 77 c7 90 00 
<<<<
>>>>
13 76 00 00 00 
e6 67 d6 b8 89 3a ea 3d 0b 43 b5 d4 12 56 03 36 83 81 32 fd 8e bc 4b 2d 17 a5 7a 3d ae 84 e4 93 90 00 
<<<<
>>>>
13 75 00 00 00 
00 00 00 00 00 00 06 29 90 00 
<<<<
>>>>
13 76 00 00 00 
3c e5 ce 70 cb 35 02 85 b6 a9 67 22 f6 ea 15 a1 f4 e8 39 f7 f5 c8 d7 c3 66 d5 b8 1a 0c 8b 99 78 90 00 
<<<<
>>>>
13 77 00 00 08 00 00 00 00 00 00 06 29 
e6 67 d6 b8 89 3a ea 3d 0b 43 b5 d4 12 56 03 36 83 81 32 fd 8e bc 4b 2d 17 a5 7a 3d ae 84 e4 93 90 00 
<<<<
>>>>
13 75 00 00 00 
00 00 00 00 00 00 06 2a 90 00 
<<<<
>>>>
13 77 00 00 08 00 00 00 00 00 00 06 2a 
3c e5 ce 70 cb 35 02 85 b6 a9 67 22 f6 ea 15 a1 f4 e8 39 f7 f5 c8 d7 c3 66 d5 b8 1a 0c 8b 99 78 90 00 
<<<<
>>>>
13 76 00 00 00 
98 7f 0f 3f 4c c1 40 63 98 26 68 d9 7a 25 a1 1f cf 05 24 1e 10 15 53 e3 ee 70 66 91 fb c9 3b e7 90 00 
<<<<
>>>>
13 75 00 00 00 
00 00 00 00 00 00 06 2b 90 00 
<<<<
>>>>
13 76 00 00 00 
5c 34 2f 36 0c e9 d0 12 65 47 89 f2 ac d8 1f 92 6c 3f 3f 29 49 e7 bf 8f da a7 a5 57 14 52 5b 69 90 00 
<<<<
>>>>
13 77 00 00 08 00 00 00 00 00 00 06 2b 
98 7f 0f 3f 4c c1 40 63 98 26 68 d9 7a 25 a1 1f cf 05 24 1e 10 15 53 e3 ee 70 66 91 fb c9 3b e7 90 00 
<<<<
>>>>
13 75 00 00 00 
00 00 00 00 00 00 06 2c 90 00 
<<<<
>>>>
13 77 00 00 08 00 00 00 00 00 00 06 2c 
5c 34 2f 36 0c e9 d0 12 65 47 89 f2 ac d8 1f 92 6c 3f 3f 29 49 e7 bf 8f da a7 a5 57 14 52 5b 69 90 00 
<<<<
>>>>
13 76 00 00 00 
49 56 4e d4 55 59 64 cd 5d 85 96 ae 88 45 de 2a c3 64 ef 0c a5 e6 20 6d 1a d7 50 94 6b 7c ac c7 90 00 
<<<<
>>>>
13 75 00 00 00 
00 00 00 00 00 00 06 2d 90 00 
<<<<
>>>>
13 76 00 00 00 
8a f3 63 87 49 59 7e 40 38 1c e0 74 09 0e c9 97 f1 d7 8d 89 d9 59 c0 c5 18 d8 bc 5e df da e0 71 90 00 
<<<<
>>>>
13 77 00 00 08 00 00 00 00 00 00 06 2d 
49 56 4e d4 55 59 64 cd 5d 85 96 ae 88 45 de 2a c3 64 ef 0c a5 e6 20 6d 1a d7 50 94 6b 7c ac c7 90 00 
<<<<
>>>>
13 75 00 00 00 
00 00 00 00 00 00 06 2e 90 00 
<<<<
>>>>
13 77 00 00 08 00 00 00 00 00 00 06 2e 
8a f3 63 87 49 59 7e 40 38 1c e0 74 09 0e c9 97 f1 d7 8d 89 d9 59 c0 c5 18 d8 bc 5e df da e0 71 90 00 
<<<<
>>>>
13 76 00 00 00 
0e 7e af f0 38 db d8 1d 8e 69 15 77 31 b9 13 04 e7 8f e5 43 4f d1 a4 2f 7c 8f f0 4c cb e8 13 81 90 00 
<<<<
>>>>
13 75 00 00 00 
00 00 00 00 00 00 06 2f 90 00 
<<<<
>>>>
13 76 00 00 00 
49 6f 81 c1 19 c5 34 4b 98 c7 1d f1 23 30 da 69 67 47 92 8e b1 ab 1c f5 16 01 0c 33 41 f0 ad b8 90 00 
<<<<
>>>>
13 77 00 00 08 00 00 00 00 00 00 06 2f 
0e 7e af f0 38 db d8 1d 8e 69 15 77 31 b9 13 04 e7 8f e5 43 4f d1 a4 2f 7c 8f f0 4c cb e8 13 81 90 00 
<<<<
>>>>
13 75 00 00 00 
00 00 00 00 00 00 06 30 90 00 
<<<<
>>>>
13 77 00 00 08 00 00 00 00 00 00 06 30 
49 6f 81 c1 19 c5 34 4b 98 c7 1d f1 23 30 da 69 67 47 92 8e b1 ab 1c f5 16 01 0c 33 41 f0 ad b8 90 00 
<<<<
>>>>
13 76 00 00 00 
04 04 1c 25 7c f0 57 82 ae 6b 0d 26 37 48 d8 8c 28 bd 77 0d c0 83 a5 eb 23 ad 5f 20 df c1 8b f2 90 00 
<<<<
>>>>
13 75 00 00 00 
00 00 00 00 00 00 06 31 90 00 
<<<<
>>>>
13 76 00 00 00 
76 fa 53 68 02 10 c1 2d f0 98 5d 24 39 e0 fe 60 5f bc 50 e0 60 25 a2 0e 1a 91 7a dc 98 4d 4d 7b 90 00 
<<<<
>>>>
13 77 00 00 08 00 00 00 00 00 00 06 31 
04 04 1c 25 7c f0 57 82 ae 6b 0d 26 37 48 d8 8c 28 bd 77 0d c0 83 a5 eb 23 ad 5f 20 df c1 8b f2 90 00 
<<<<
>>>>
13 75 00 00 00 
00 00 00 00 00 00 06 32 90 00 
<<<<
>>>>
13 77 00 00 08 00 00 00 00 00 00 06 32 
76 fa 53 68 02 10 c1 2d f0 98 5d 24 39 e0 fe 60 5f bc 50 e0 60 25 a2 0e 1a 91 7a dc 98 4d 4d 7b 90 00 
<<<<
>>>>
13 76 00 00 00 
36 97 6c 7f 82 19 52 68 a5 05 86 a1 19 5d 6f e8 88 25 b4 29 1f 55 1f 72 70 7d 59 21 01 00 a0 e1 90 00 
<<<<
>>>>
13 75 00 00 00 
00 00 00 00 00 00 06 33 90 00 
<<<<
>>>>
13 76 00 00 00 
0a 51 52 fa c0 4b a1 11 5f 77 83 ab 2c 69 9a 3e d6 99 8d 50 1b 5d 65 2a 6f 05 82 40 22 f9 32 1c 90 00 
<<<<
>>>>
13 77 00 00 08 00 00 00 00 00 00 06 33 
36 97 6c 7f 82 19 52 68 a5 05 86 a1 19 5d 6f e8 88 25 b4 29 1f 55 1f 72 70 7d 59 21 01 00 a0 e1 90 00 
<<<<
>>>>
13 75 00 00 00 
00 00 00 00 00 00 06 34 90 00 
<<<<
>>>>
13 77 00 00 08 00 00 00 00 00 00 06 34 
0a 51 52 fa c0 4b a1 11 5f 77 83 ab 2c 69 9a 3e d6 99 8d 50 1b 5d 65 2a 6f 05 82 40 22 f9 32 1c 90 00 
<<<<
>>>>
13 76 00 00 00 
11 0c 18 63 b2 6d f1 d7 bf ce db e0 96 ef e8 d4 ff 02 b5 e9 71 b8 0b ba 9c 58 a9 e8 bc ec 73 cf 90 00 
<<<<
>>>>
13 75 00 00 00 
00 00 00 00 00 00 06 35 90 00 
<<<<
>>>>
13 76 00 00 00 
21 f7 76 75 50 48 b0 4b 1f a4 d4 84 b2 30 c6 b7 dd a5 2a ef c3 ae 03 14 c0 9d 81 0d ef ed 27 76 90 00 
<<<<
>>>>
13 77 00 00 08 00 00 00 00 00 00 06 35 
11 0c 18 63 b2 6d f1 d7 bf ce db e0 96 ef e8 d4 ff 02 b5 e9 71 b8 0b ba 9c 58 a9 e8 bc ec 73 cf 90 00 
<<<<
>>>>
13 75 00 00 00 
00 00 00 00 00 00 06 36 90 00 
<<<<
>>>>
13 77 00 00 08 00 00 00 00 00 00 06 36 
21 f7 76 75 50 48 b0 4b 1f a4 d4 84 b2 30 c6 b7 dd a5 2a ef c3 ae 03 14 c0 9d 81 0d ef ed 27 76 90 00 
<<<<
>>>>
13 76 00 00 00 
49 d9 85 77 ed be 00 c2 67 05 88 53 fc ab fc ff 81 5d 20 e3 81 e5 a5 c5 3b 6d a5 24 15 25 a5 c4 90 00 
<<<<
>>>>
13 75 00 00 00 
00 00 00 00 00 00 06 37 90 00 
<<<<
>>>>
13 76 00 00 00 
db 33 0f 90 ce a6 8b 7b 57 ad 66 bb ea 32 4e ee 9a 9a 26 11 6a ce 16 41 c2 7c 67 35 20 8a 2c 75 90 00 
<<<<
>>>>
13 77 00 00 08 00 00 00 00 00 00 06 37 
49 d9 85 77 ed be 00 c2 67 05 88 53 fc ab fc ff 81 5d 20 e3 81 e5 a5 c5 3b 6d a5 24 15 25 a5 c4 90 00 
<<<<
>>>>
13 75 00 00 00 
00 00 00 00 00 00 06 38 90 00 
<<<<
>>>>
13 77 00 00 08 00 00 00 00 00 00 06 38 
db 33 0f 90 ce a6 8b 7b 57 ad 66 bb ea 32 4e ee 9a 9a 26 11 6a ce 16 41 c2 7c 67 35 20 8a 2c 75 90 00 
<<<<
>>>>
13 76 00 00 00 
6e df 60 83 e6 04 d7 1c 4c 74 6a 99 7f e8 21 07 81 c1 cb 5d 16 dd 71 3f be 78 de 16 a2 1b 3a 78 90 00 
<<<<
>>>>
13 75 00 00 00 
00 00 00 00 00 00 06 39 90 00 
<<<<
>>>>
13 76 00 00 00 
00 0a 2e a1 32 19 96 20 29 90 5e 8f 50 f8 1c 03 d9 40 b3 3a 78 91 c6 88 22 21 a0 c3 a6 c6 1f 0a 90 00 
<<<<
>>>>
13 77 00 00 08 00 00 00 00 00 00 06 39 
6e df 60 83 e6 04 d7 1c 4c 74 6a 99 7f e8 21 07 81 c1 cb 5d 16 dd 71 3f be 78 de 16 a2 1b 3a 78 90 00 
<<<<
>>>>
13 75 00 00 00 
00 00 00 00 00 00 06 3a 90 00 
<<<<
>>>>
13 77 00 00 08 00 00 00 00 00 00 06 3a 
00 0a 2e a1 32 19 96 20 29 90 5e 8f 50 f8 1c 03 d9 40 b3 3a 78 91 c6 88 22 21 a0 c3 a6 c6 1f 0a 90 00 
<<<<
>>>>
13 76 00 00 00 
23 b6 f3 8e ed 91 f7 a3 c4 4e 87 0d 77 ed 6a d6 0e f6 18 57 53 ae 8d 8f 63 67 ba 42 5c 73 b8 37 90 00 
<<<<
>>>>
13 75 00 00 00 
00 00 00 00 00 00 06 3b 90 00 
<<<<
>>>>
13 76 00 00 00 
6a 30 66 75 3c 2a 08 73 7d bf 2d 66 11 13 0f e8 92 21 d0 bb 2d 5a e2 48 7c 23 4a 47 57 7e 4c 58 90 00 
<<<<
>>>>
13 77 00 00 08 00 00 00 00 00 00 06 3b 
23 b6 f3 8e ed 91 f7 a3 c4 4e 87 0d 77 ed 6a d6 0e f6 18 57 53 ae 8d 8f 63 67 ba 42 5c 73 b8 37 90 00 
<<<<
>>>>
13 75 00 00 00 
00 00 00 00 00 00 06 3c 90 00 
<<<<
>>>>
13 77 00 00 08 00 00 00 00 00 00 06 3c 
6a 30 66 75 3c 2a 08 73 7d bf 2d 66 11 13 0f e8 92 21 d0 bb 2d 5a e2 48 7c 23 4a 47 57 7e 4c 58 90 00 
<<<<
>>>>
13 76 00 00 00 
c3 ea 9b 9d ae f9 6d 28 13 dc 80 14 20 e8 2f 15 d6 70 64 d0 5f 56 ce 1f 7d 16 d0 5b b7 57 59 e7 90 00 
<<<<
>>>>
13 75 00 00 00 
00 00 00 00 00 00 06 3d 90 00 
<<<<
>>>>
13 76 00 00 00 
ab 82 7d 16 fe 1f db 84 24 33 96 24 3c 00 84 bb ca 1a 83 86 bd b2 45 0d c3 32 18 6b fc ce 05 a2 90 00 
<<<<
>>>>
13 77 00 00 08 00 00 00 00 00 00 06 3d 
c3 ea 9b 9d ae f9 6d 28 13 dc 80 14 20 e8 2f 15 d6 70 64 d0 5f 56 ce 1f 7d 16 d0 5b b7 57 59 e7 90 00 
<<<<
>>>>
13 75 00 00 00 
00 00 00 00 00 00 06 3e 90 00 
<<<<
>>>>
13 77 00 00 08 00 00 00 00 00 00 06 3e 
ab 82 7d 16 fe 1f db 84 24 33 96 24 3c 00 84 bb ca 1a 83 86 bd b2 45 0d c3 32 18 6b fc ce 05 a2 90 00 
<<<<
>>>>
13 76 00 00 00 
d1 73 b5 ab bf 9a 51 d5 08 5d 14 18 5e 99 13 88 16 2c 39 56 49 3e ab 75 2c a3 d2 e0 f7 54 fd 4d 90 00 
<<<<
>>>>
13 75 00 00 00 
00 00 00 00 00 00 06 3f 90 00 
<<<<
>>>>
13 76 00 00 00 
c3 c9 93 9d bc e7 98 bf 52 c9 a2 2d a0 23 85 af b2 22 aa 57 a6 6f 19 e4 c5 2a ed 18 9a f4 a1 f9 90 00 
<<<<
>>>>
13 77 00 00 08 00 00 00 00 00 00 06 3f 
d1 73 b5 ab bf 9a 51 d5 08 5d 14 18 5e 99 13 88 16 2c 39 56 49 3e ab 75 2c a3 d2 e0 f7 54 fd 4d 90 00 
<<<<
>>>>
13 75 00 00 00 
00 00 00 00 00 00 06 40 90 00 
<<<<
>>>>
13 77 00 00 08 00 00 00 00 00 00 06 40 
c3 c9 93 9d bc e7 98 bf 52 c9 a2 2d a0 23 85 af b2 22 aa 57 a6 6f 19 e4 c5 2a ed 18 9a f4 a1 f9 90 00 
<<<<
>>>>
13 76 00 00 00 
24 85 37 73 32 5f 80 53 c6 1d 59 ff 54 56 b6 c1 2d 8c 46 40 a6 c1 b3 14 9e c9 b3 b5 b9 b3 1c b7 90 00 
<<<<
>>>>
13 75 00 00 00 
00 00 00 00 00 00 06 41 90 00 
<<<<
>>>>
13 76 00 00 00 
ff ad f3 bc a8 13 f4 d1 bb 5f 42 79 f1 fa 18 f0 1c 7e 21 23 2d a0 2e c3 09 2a 6f b7 9c fc ce 3b 90 00 
<<<<
>>>>
13 77 00 00 08 00 00 00 00 00 00 06 41 
24 85 37 73 32 5f 80 53 c6 1d 59 ff 54 56 b6 c1 2d 8c 46 40 a6 c1 b3 14 9e c9 b3 b5 b9 b3 1c b7 90 00 
<<<<
>>>>
13 75 00 00 00 
00 00 00 00 00 00 06 42 90 00 
<<<<
>>>>
13 77 00 00 08 00 00 00 00 00 00 06 42 
ff ad f3 bc a8 13 f4 d1 bb 5f 42 79 f1 fa 18 f0 1c 7e 21 23 2d a0 2e c3 09 2a 6f b7 9c fc ce 3b 90 00 
<<<<
>>>>
13 76 00 00 00 
88 5b 87 a5 c0 f5 b0 03 e9 6e 98 00 42 1d 7e 15 bd ac 51 37 03 0d a5 e2 31 39 3e 9a 72 d4 0f c3 90 00 
<<<<
>>>>
13 75 00 00 00 
00 00 00 00 00 00 06 43 90 00 
<<<<
>>>>
13 76 00 00 00 
82 52 1e 32 d6 e8 a7 36 ae 17 8e a1 e4 e4 02 54 b8 86 5a f6 d6 87 e9 3b c6 52 0f 1b b3 27 29 6f 90 00 
<<<<
>>>>
13 77 00 00 08 00 00 00 00 00 00 06 43 
88 5b 87 a5 c0 f5 b0 03 e9 6e 98 00 42 1d 7e 15 bd ac 51 37 03 0d a5 e2 31 39 3e 9a 72 d4 0f c3 90 00 
<<<<
>>>>
13 75 00 00 00 
00 00 00 00 00 00 06 44 90 00 
<<<<
>>>>
13 77 00 00 08 00 00 00 00 00 00 06 44 
82 52 1e 32 d6 e8 a7 36 ae 17 8e a1 e4 e4 02 54 b8 86 5a f6 d6 87 e9 3b c6 52 0f 1b b3 27 29 6f 90 00 
<<<<
>>>>
13 76 00 00 00 
46 81 32 e7 71 d9 38 04 93 f1 a6 68 b0 13 ae 8e e7 6f 81 d6 dd 6a ff 85 5a ff d2 8b a0 54 05 89 90 00 
<<<<
>>>>
13 75 00 00 00 
00 00 00 00 00 00 06 45 90 00 
<<<<
>>>>
13 76 00 00 00 
34 a6 d0 b2 74 b9 16 b8 99 14 0c 2a b3 61 5c 19 45 f8 e7 69 41 32 fd f2 f6 37 92 04 7c eb 52 c8 90 00 
<<<<
>>>>
13 77 00 00 08 00 00 00 00 00 00 06 45 
46 81 32 e7 71 d9 38 04 93 f1 a6 68 b0 13 ae 8e e7 6f 81 d6 dd 6a ff 85 5a ff d2 8b a0 54 05 89 90 00 
<<<<
>>>>
13 75 00 00 00 
00 00 00 00 00 00 06 46 90 00 
<<<<
>>>>
13 77 00 00 08 00 00 00 00 00 00 06 46 
34 a6 d0 b2 74 b9 16 b8 99 14 0c 2a b3 61 5c 19 45 f8 e7 69 41 32 fd f2 f6 37 92 04 7c eb 52 c8 90 00 
<<<<
>>>>
13 76 00 00 00 
39 a7 51 10 11 63 8c 90 fd 8d 82 4b 33 47 ff 36 78 73 37 52 13 a8 1a 2c 64 06 0e d6 50 cb fb 7c 90 00 
<<<<
>>>>
13 75 00 00 00 
00 00 00 00 00 00 06 47 90 00 
<<<<
>>>>
13 76 00 00 00 
b6 55 7b e7 66 4d cb e5 0d 18 21 94 a2 2d 44 eb 4d a8 c7 48 bf 11 d4 15 1f 19 0e 97 3b ce 17 22 90 00 
<<<<
>>>>
13 77 00 00 08 00 00 00 00 00 00 06 47 
39 a7 51 10 11 63 8c 90 fd 8d 82 4b 33 47 ff 36 78 73 37 52 13 a8 1a 2c 64 06 0e d6 50 cb fb 7c 90 00 
<<<<
>>>>
13 75 00 00 00 
00 00 00 00 00 00 06 48 90 00 
<<<<
>>>>
13 77 00 00 08 00 00 00 00 00 00 06 48 
b6 55 7b e7 66 4d cb e5 0d 18 21 94 a2 2d 44 eb 4d a8 c7 48 bf 11 d4 15 1f 19 0e 97 3b ce 17 22 90 00 
<<<<
>>>>
13 76 00 00 00 
c3 57 b9 e3 0b 29 6c de 64 6a 49 f5 c6 ac b2 fc 4e 36 e6 b4 57 12 d3 46 37 80 26 54 56 0f 39 49 90 00 
<<<<
>>>>
13 75 00 00 00 
00 00 00 00 00 00 06 49 90 00 
<<<<
>>>>
13 76 00 00 00 
e3 2a 45 8b ae e2 34 59 06 ce b3 17 25 a5 b7 7a 45 32 14 68 85 df ee d7 7b e4 09 db ce 14 8e 3a 90 00 
<<<<
>>>>
13 77 00 00 08 00 00 00 00 00 00 06 49 
c3 57 b9 e3 0b 29 6c de 64 6a 49 f5 c6 ac b2 fc 4e 36 e6 b4 57 12 d3 46 37 80 26 54 56 0f 39 49 90 00 
<<<<
>>>>
13 75 00 00 00 
00 00 00 00 00 00 06 4a 90 00 
<<<<
>>>>
13 77 00 00 08 00 00 00 00 00 00 06 4a 
e3 2a 45 8b ae e2 34 59 06 ce b3 17 25 a5 b7 7a 45 32 14 68 85 df ee d7 7b e4 09 db ce 14 8e 3a 90 00 
<<<<
>>>>
13 76 00 00 00 
34 8e f9 36 80 61 91 fb 93 96 d1 cd 18 5e ab d0 4a 62 8d 74 e0 0d 54 86 b0 0b 8b cf 4b 00 c4 ef 90 00 
<<<<
>>>>
13 75 00 00 00 
00 00 00 00 00 00 06 4b 90 00 
<<<<
>>>>
13 76 00 00 00 
7e bb ec e1 7b e5 f4 32 d5 be df ee e4 f1 f3 25 39 56 38 ff 56 05 00 39 ca e2 b6 9e 3f b1 0c d1 90 00 
<<<<
>>>>
13 77 00 00 08 00 00 00 00 00 00 06 4b 
34 8e f9 36 80 61 91 fb 93 96 d1 cd 18 5e ab d0 4a 62 8d 74 e0 0d 54 86 b0 0b 8b cf 4b 00 c4 ef 90 00 
<<<<
>>>>
13 75 00 00 00 
00 00 00 00 00 00 06 4c 90 00 
<<<<
>>>>
13 77 00 00 08 00 00 00 00 00 00 06 4c 
7e bb ec e1 7b e5 f4 32 d5 be df ee e4 f1 f3 25 39 56 38 ff 56 05 00 39 ca e2 b6 9e 3f b1 0c d1 90 00 
<<<<
>>>>
13 76 00 00 00 
22 89 8c 7f 26 8d d5 29 ee 65 bc 94 5a 79 64 e8 98 6a 8c e2 18 54 08 6a bf 09 01 a2 4a ba 19 53 90 00 
<<<<
>>>>
13 75 00 00 00 
00 00 00 00 00 00 06 4d 90 00 
<<<<
>>>>
13 76 00 00 00 
0e d7 06 27 c1 cc d5 e2 5e 42 ee 1a 6e 5f eb 02 9e d7 a6 a9 4b c7 c6 1e 26 69 a2 07 ee 10 76 ba 90 00 
<<<<
>>>>
13 77 00 00 08 00 00 00 00 00 00 06 4d 
22 89 8c 7f 26 8d d5 29 ee 65 bc 94 5a 79 64 e8 98 6a 8c e2 18 54 08 6a bf 09 01 a2 4a ba 19 53 90 00 
<<<<
>>>>
13 75 00 00 00 
00 00 00 00 00 00 06 4e 90 00 
<<<<
>>>>
13 77 00 00 08 00 00 00 00 00 00 06 4e 
0e d7 06 27 c1 cc d5 e2 5e 42 ee 1a 6e 5f eb 02 9e d7 a6 a9 4b c7 c6 1e 26 69 a2 07 ee 10 76 ba 90 00 
<<<<
>>>>
13 76 00 00 00 
32 78 4f 5c 02 03 23 fb fc 61 ae ad dc 34 7a 3d 17 cd 01 f4 2c 57 70 40 b6 9a 8a a2 31 28 c4 f4 90 00 
<<<<
>>>>
13 75 00 00 00 
00 00 00 00 00 00 06 4f 90 00 
<<<<
>>>>
13 76 00 00 00 
76 2d fe fc 7b 6a 68 89 15 93 5f 70 61 36 e9 c7 63 fb cb 99 ee 80 91 ac 33 09 98 88 29 a8 c7 7f 90 00 
<<<<
>>>>
13 77 00 00 08 00 00 00 00 00 00 06 4f 
32 78 4f 5c 02 03 23 fb fc 61 ae ad dc 34 7a 3d 17 cd 01 f4 2c 57 70 40 b6 9a 8a a2 31 28 c4 f4 90 00 
<<<<
>>>>
13 75 00 00 00 
00 00 00 00 00 00 06 50 90 00 
<<<<
>>>>
13 77 00 00 08 00 00 00 00 00 00 06 50 
76 2d fe fc 7b 6a 68 89 15 93 5f 70 61 36 e9 c7 63 fb cb 99 ee 80 91 ac 33 09 98 88 29 a8 c7 7f 90 00 
<<<<
>>>>
13 76 00 00 00 
64 b5 a6 be 97 e1 e9 76 7e e0 c7 c5 69 78 75 c4 51 69 23 7a 37 05 40 ab f4 65 f0 21 e6 f3 15 15 90 00 
<<<<
>>>>
13 75 00 00 00 
00 00 00 00 00 00 06 51 90 00 
<<<<
>>>>
13 76 00 00 00 
99 b1 2b 81 79 aa 36 0d b9 aa cd ef ad 3c ec 0a 25 1b 07 51 59 77 92 2b 31 75 f0 54 06 95 24 b2 90 00 
<<<<
>>>>
13 77 00 00 08 00 00 00 00 00 00 06 51 
64 b5 a6 be 97 e1 e9 76 7e e0 c7 c5 69 78 75 c4 51 69 23 7a 37 05 40 ab f4 65 f0 21 e6 f3 15 15 90 00 
<<<<
>>>>
13 75 00 00 00 
00 00 00 00 00 00 06 52 90 00 
<<<<
>>>>
13 77 00 00 08 00 00 00 00 00 00 06 52 
99 b1 2b 81 79 aa 36 0d b9 aa cd ef ad 3c ec 0a 25 1b 07 51 59 77 92 2b 31 75 f0 54 06 95 24 b2 90 00 
<<<<
>>>>
13 76 00 00 00 
45 0a 61 4e e4 bb eb 3b 8a 35 78 b6 c2 b2 f3 73 ec 30 2e 53 40 b2 75 2e af 39 ce 15 83 cf 9d ca 90 00 
<<<<
>>>>
13 75 00 00 00 
00 00 00 00 00 00 06 53 90 00 
<<<<
>>>>
13 76 00 00 00 
56 b5 1b 64 6f 41 d1 80 1b de c0 d9 13 88 83 7d ad ef c9 97 dd 27 b2 5f 57 26 0d 1b 4f 1b 7f 59 90 00 
<<<<
>>>>
13 77 00 00 08 00 00 00 00 00 00 06 53 
45 0a 61 4e e4 bb eb 3b 8a 35 78 b6 c2 b2 f3 73 ec 30 2e 53 40 b2 75 2e af 39 ce 15 83 cf 9d ca 90 00 
<<<<
>>>>
13 75 00 00 00 
00 00 00 00 00 00 06 54 90 00 
<<<<
>>>>
13 77 00 00 08 00 00 00 00 00 00 06 54 
56 b5 1b 64 6f 41 d1 80 1b de c0 d9 13 88 83 7d ad ef c9 97 dd 27 b2 5f 57 26 0d 1b 4f 1b 7f 59 90 00 
<<<<
>>>>
13 76 00 00 00 
3c 9a ba b0 d3 b6 91 bb 57 f1 34 ab 87 f7 4a d9 c9 db c4 9c c8 8b 2f 56 7f d8 2e 53 fc 6a 3c 34 90 00 
<<<<
>>>>
13 75 00 00 00 
00 00 00 00 00 00 06 55 90 00 
<<<<
>>>>
13 76 00 00 00 
2d 13 95 4a 36 f1 b9 b2 9b 68 4b 44 11 7a 57 ad 77 1f 7d d5 11 f4 f9 af 0c c1 88 c6 24 0a 2f d8 90 00 
<<<<
>>>>
13 77 00 00 08 00 00 00 00 00 00 06 55 
3c 9a ba b0 d3 b6 91 bb 57 f1 34 ab 87 f7 4a d9 c9 db c4 9c c8 8b 2f 56 7f d8 2e 53 fc 6a 3c 34 90 00 
<<<<
>>>>
13 75 00 00 00 
00 00 00 00 00 00 06 56 90 00 
<<<<
>>>>
13 77 00 00 08 00 00 00 00 00 00 06 56 
2d 13 95 4a 36 f1 b9 b2 9b 68 4b 44 11 7a 57 ad 77 1f 7d d5 11 f4 f9 af 0c c1 88 c6 24 0a 2f d8 90 00 
<<<<
>>>>
13 76 00 00 00 
14 d9 e9 cb 9a 68 37 c3 b9 d0 52 85 0f c9 53 e5 7a f5 05 b9 44 f3 fc fb 59 ea f1 56 db 71 2c 5b 90 00 
<<<<
>>>>
13 75 00 00 00 
00 00 00 00 00 00 06 57 90 00 
<<<<
>>>>
13 76 00 00 00 
63 aa 7d ae 0d 8e 3d e6 ac a2 7a eb 99 7d 9f 4c 87 a1 52 7e ed 42 f6 74 01 5e cc 82 50 16 c7 30 90 00 
<<<<
>>>>
13 77 00 00 08 00 00 00 00 00 00 06 57 
14 d9 e9 cb 9a 68 37 c3 b9 d0 52 85 0f c9 53 e5 7a f5 05 b9 44 f3 fc fb 59 ea f1 56 db 71 2c 5b 90 00 
<<<<
>>>>
13 75 00 00 00 
00 00 00 00 00 00 06 58 90 00 
<<<<
>>>>
13 77 00 00 08 00 00 00 00 00 00 06 58 
63 aa 7d ae 0d 8e 3d e6 ac a2 7a eb 99 7d 9f 4c 87 a1 52 7e ed 42 f6 74 01 5e cc 82 50 16 c7 30 90 00 
<<<<
>>>>
13 76 00 00 00 
47 8d 31 08 9d ff 06 cd 41 9f 4c 7d c2 4d d1 df 6b b5 dc f6 a0 75 77 95 b9 83 d7 ab fc bf 61 3c 90 00 
<<<<
>>>>
13 75 00 00 00 
00 00 00 00 00 00 06 59 90 00 
<<<<
>>>>
13 76 00 00 00 
da 6e 2d 75 29 49 4b 8d 57 71 05 2f 5a 99 01 29 2e d3 f5 76 de b3 4d db b1 3e 70 fb a0 c4 3b 9d 90 00 
<<<<
>>>>
13 77 00 00 08 00 00 00 00 00 00 06 59 
47 8d 31 08 9d ff 06 cd 41 9f 4c 7d c2 4d d1 df 6b b5 dc f6 a0 75 77 95 b9 83 d7 ab fc bf 61 3c 90 00 
<<<<
>>>>
13 75 00 00 00 
00 00 00 00 00 00 06 5a 90 00 
<<<<
>>>>
13 77 00 00 08 00 00 00 00 00 00 06 5a 
da 6e 2d 75 29 49 4b 8d 57 71 05 2f 5a 99 01 29 2e d3 f5 76 de b3 4d db b1 3e 70 fb a0 c4 3b 9d 90 00 
<<<<
>>>>
13 76 00 00 00 
53 fe d9 56 d4 4f 26 d7 c4 eb 4f 3a 88 1f ba 0b ba 10 68 dc 8b 9d 1a 7a 3c bb ca f4 c7 a5 55 ee 90 00 
<<<<
>>>>
13 75 00 00 00 
00 00 00 00 00 00 06 5b 90 00 
<<<<
>>>>
13 76 00 00 00 
5e 8f 7f 47 9b 5c 5d 94 a6 8c 76 57 a7 89 c0 d5 e8 4d 20 4b 1c 75 6f 92 18 b7 f8 d0 47 45 71 a4 90 00 
<<<<
>>>>
13 77 00 00 08 00 00 00 00 00 00 06 5b 
53 fe d9 56 d4 4f 26 d7 c4 eb 4f 3a 88 1f ba 0b ba 10 68 dc 8b 9d 1a 7a 3c bb ca f4 c7 a5 55 ee 90 00 
<<<<
>>>>
13 75 00 00 00 
00 00 00 00 00 00 06 5c 90 00 
<<<<
>>>>
13 77 00 00 08 00 00 00 00 00 00 06 5c 
5e 8f 7f 47 9b 5c 5d 94 a6 8c 76 57 a7 89 c0 d5 e8 4d 20 4b 1c 75 6f 92 18 b7 f8 d0 47 45 71 a4 90 00 
<<<<
>>>>
13 76 00 00 00 
b5 09 c6 3d 1c eb 3d eb fa 5f 80 82 f5 d1 fa 99 21 d9 cf 77 7f 83 f2 06 71 a8 ee 1d d9 d2 02 6a 90 00 
<<<<
>>>>
13 75 00 00 00 
00 00 00 00 00 00 06 5d 90 00 
<<<<
>>>>
13 76 00 00 00 
f0 4d 78 4b ef 7d e9 c4 1d ab 84 c7 7e 30 02 a4 ed ae 30 f3 58 38 1b 49 f0 eb 1e 12 55 e3 38 7e 90 00 
<<<<
>>>>
13 77 00 00 08 00 00 00 00 00 00 06 5d 
b5 09 c6 3d 1c eb 3d eb fa 5f 80 82 f5 d1 fa 99 21 d9 cf 77 7f 83 f2 06 71 a8 ee 1d d9 d2 02 6a 90 00 
<<<<
>>>>
13 75 00 00 00 
00 00 00 00 00 00 06 5e 90 00 
<<<<
>>>>
13 77 00 00 08 00 00 00 00 00 00 06 5e 
f0 4d 78 4b ef 7d e9 c4 1d ab 84 c7 7e 30 02 a4 ed ae 30 f3 58 38 1b 49 f0 eb 1e 12 55 e3 38 7e 90 00 
<<<<
>>>>
13 76 00 00 00 
b1 bc 80 94 fc 4e bb 51 c9 8e a1 bc 55 cc c7 51 0b ea ed 21 84 b8 0e 57 5e c1 eb ca 27 33 c1 fa 90 00 
<<<<
>>>>
13 75 00 00 00 
00 00 00 00 00 00 06 5f 90 00 
<<<<
>>>>
13 76 00 00 00 
5d 03 81 aa 0c 30 65 fa 2a 1c 64 62 ab ac a5 c9 58 70 71 ba 66 f1 97 f4 8d ea 66 da 46 a2 a4 f9 90 00 
<<<<
>>>>
13 77 00 00 08 00 00 00 00 00 00 06 5f 
b1 bc 80 94 fc 4e bb 51 c9 8e a1 bc 55 cc c7 51 0b ea ed 21 84 b8 0e 57 5e c1 eb ca 27 33 c1 fa 90 00 
<<<<
>>>>
13 75 00 00 00 
00 00 00 00 00 00 06 60 90 00 
<<<<
>>>>
13 77 00 00 08 00 00 00 00 00 00 06 60 
5d 03 81 aa 0c 30 65 fa 2a 1c 64 62 ab ac a5 c9 58 70 71 ba 66 f1 97 f4 8d ea 66 da 46 a2 a4 f9 90 00 
<<<<
>>>>
13 76 00 00 00 
02 eb 80 de 04 07 e3 50 a0 c9 cf b6 c5 cb 35 8b e9 72 12 98 22 d0 d0 e6 3e 69 05 d8 aa e1 14 45 90 00 
<<<<
>>>>
13 75 00 00 00 
00 00 00 00 00 00 06 61 90 00 
<<<<
>>>>
13 76 00 00 00 
4a 6e 13 67 d4 c7 41 91 f2 d1 48 31 95 2c de 51 78 74 4a 75 c4 e9 93 f5 61 ed f3 ed 46 87 ec f0 90 00 
<<<<
>>>>
13 77 00 00 08 00 00 00 00 00 00 06 61 
02 eb 80 de 04 07 e3 50 a0 c9 cf b6 c5 cb 35 8b e9 72 12 98 22 d0 d0 e6 3e 69 05 d8 aa e1 14 45 90 00 
<<<<
>>>>
13 75 00 00 00 
00 00 00 00 00 00 06 62 90 00 
<<<<
>>>>
13 77 00 00 08 00 00 00 00 00 00 06 62 
4a 6e 13 67 d4 c7 41 91 f2 d1 48 31 95 2c de 51 78 74 4a 75 c4 e9 93 f5 61 ed f3 ed 46 87 ec f0 90 00 
<<<<
>>>>
13 76 00 00 00 
ba 5e 83 3a 05 29 e0 11 0f 55 92 57 9d 31 3e 71 bd 66 88 34 e6 cf 5f 65 33 55 fc f9 57 6e e9 85 90 00 
<<<<
>>>>
13 75 00 00 00 
00 00 00 00 00 00 06 63 90 00 
<<<<
>>>>
13 76 00 00 00 
14 82 dd 2d f3 a9 c9 44 10 b6 12 86 cd 2d 6a 95 0b 46 5d b4 9a 07 ce d6 b4 90 51 c5 74 ec ed 30 90 00 
<<<<
>>>>
13 77 00 00 08 00 00 00 00 00 00 06 63 
ba 5e 83 3a 05 29 e0 11 0f 55 92 57 9d 31 3e 71 bd 66 88 34 e6 cf 5f 65 33 55 fc f9 57 6e e9 85 90 00 
<<<<
>>>>
13 75 00 00 00 
00 00 00 00 00 00 06 64 90 00 
<<<<
>>>>
13 77 00 00 08 00 00 00 00 00 00 06 64 
14 82 dd 2d f3 a9 c9 44 10 b6 12 86 cd 2d 6a 95 0b 46 5d b4 9a 07 ce d6 b4 90 51 c5 74 ec ed 30 90 00 
<<<<
>>>>
13 76 00 00 00 
69 3f 05 69 56 df 2b 49 55 81 11 42 be af 14 74 ac b7 76 14 3e c4 66 dd ae 61 e6 00 02 b1 d3 ce 90 00 
<<<<
>>>>
13 75 00 00 00 
00 00 00 00 00 00 06 65 90 00 
<<<<
>>>>
13 76 00 00 00 
9d d2 a5 39 9a fa e9 db 75 8a fc 15 57 5c cf 7a 76 67 ae cb 72 27 17 bd 53 3a 1c b6 76 ed 9a 14 90 00 
<<<<
>>>>
13 77 00 00 08 00 00 00 00 00 00 06 65 
69 3f 05 69 56 df 2b 49 55 81 11 42 be af 14 74 ac b7 76 14 3e c4 66 dd ae 61 e6 00 02 b1 d3 ce 90 00 
<<<<
>>>>
13 75 00 00 00 
00 00 00 00 00 00 06 66 90 00 
<<<<
>>>>
13 77 00 00 08 00 00 00 00 00 00 06 66 
9d d2 a5 39 9a fa e9 db 75 8a fc 15 57 5c cf 7a 76 67 ae cb 72 27 17 bd 53 3a 1c b6 76 ed 9a 14 90 00 
<<<<
>>>>
13 76 00 00 00 
47 d0 cc 96 b3 d6 54 fd cc fe 23 f2 b1 1c 63 18 f2 18 01 26 93 bc 09 81 5d ce 2d 01 55 f8 4d 20 90 00 
<<<<
>>>>
13 75 00 00 00 
00 00 00 00 00 00 06 67 90 00 
<<<<
>>>>
13 76 00 00 00 
dd bc 0d b9 7b ad 53 b7 3e 7e 64 49 9e ad e9 c5 86 c8 e9 19 23 ab 03 51 14 1a 91 b8 92 df dd cc 90 00 
<<<<
>>>>
13 77 00 00 08 00 00 00 00 00 00 06 67 
47 d0 cc 96 b3 d6 54 fd cc fe 23 f2 b1 1c 63 18 f2 18 01 26 93 bc 09 81 5d ce 2d 01 55 f8 4d 20 90 00 
<<<<
>>>>
13 75 00 00 00 
00 00 00 00 00 00 06 68 90 00 
<<<<
>>>>
13 77 00 00 08 00 00 00 00 00 00 06 68 
dd bc 0d b9 7b ad 53 b7 3e 7e 64 49 9e ad e9 c5 86 c8 e9 19 23 ab 03 51 14 1a 91 b8 92 df dd cc 90 00 
<<<<
>>>>
13 76 00 00 00 
fe e0 b1 fa 95 9d b3 d2 25 91 3c a7 b5 4e de 55 44 2d 6e f5 bc 83 4f ce 4a 27 ee da 74 6e 48 22 90 00 
<<<<
>>>>
13 75 00 00 00 
00 00 00 00 00 00 06 69 90 00 
<<<<
>>>>
13 76 00 00 00 
6b 7f 2f ad ed 90 22 32 8a d0 d3 f6 9c 28 ec 97 86 58 a2 9d 17 f6 7c c7 1b b1 b5 d0 df 75 7b dd 90 00 
<<<<
>>>>
13 77 00 00 08 00 00 00 00 00 00 06 69 
fe e0 b1 fa 95 9d b3 d2 25 91 3c a7 b5 4e de 55 44 2d 6e f5 bc 83 4f ce 4a 27 ee da 74 6e 48 22 90 00 
<<<<
>>>>
13 75 00 00 00 
00 00 00 00 00 00 06 6a 90 00 
<<<<
>>>>
13 77 00 00 08 00 00 00 00 00 00 06 6a 
6b 7f 2f ad ed 90 22 32 8a d0 d3 f6 9c 28 ec 97 86 58 a2 9d 17 f6 7c c7 1b b1 b5 d0 df 75 7b dd 90 00 
<<<<
>>>>
13 76 00 00 00 
2a fd c4 c1 36 f3 2f 33 4b 94 b1 1e b1 a1 f2 2a 84 0b e0 69 dc aa 2e f8 89 3f 9b d7 64 e1 ba b5 90 00 
<<<<
>>>>
13 75 00 00 00 
00 00 00 00 00 00 06 6b 90 00 
<<<<
>>>>
13 76 00 00 00 
e9 95 ae ba 48 23 18 e6 c9 73 5e 0a 51 8a 76 e0 9a 8b 10 c7 fc f1 93 1f 22 3a 0b 8f d6 bc 28 a0 90 00 
<<<<
>>>>
13 77 00 00 08 00 00 00 00 00 00 06 6b 
2a fd c4 c1 36 f3 2f 33 4b 94 b1 1e b1 a1 f2 2a 84 0b e0 69 dc aa 2e f8 89 3f 9b d7 64 e1 ba b5 90 00 
<<<<
>>>>
13 75 00 00 00 
00 00 00 00 00 00 06 6c 90 00 
<<<<
>>>>
13 77 00 00 08 00 00 00 00 00 00 06 6c 
e9 95 ae ba 48 23 18 e6 c9 73 5e 0a 51 8a 76 e0 9a 8b 10 c7 fc f1 93 1f 22 3a 0b 8f d6 bc 28 a0 90 00 
<<<<
>>>>
13 76 00 00 00 
15 e8 38 f9 51 04 1d 7f 33 1f ed a2 15 af fc c8 a2 67 4a ae a9 0f 41 2a e3 7d 6d 91 63 bb c5 b1 90 00 
<<<<
>>>>
13 75 00 00 00 
00 00 00 00 00 00 06 6d 90 00 
<<<<
>>>>
13 76 00 00 00 
eb f2 5c d8 2f 50 2f 5f b5 25 1b e1 3f 1a 86 09 50 22 4a 6e 3b 8a 4c 57 d9 96 35 26 c6 b6 ea 92 90 00 
<<<<
>>>>
13 77 00 00 08 00 00 00 00 00 00 06 6d 
15 e8 38 f9 51 04 1d 7f 33 1f ed a2 15 af fc c8 a2 67 4a ae a9 0f 41 2a e3 7d 6d 91 63 bb c5 b1 90 00 
<<<<
>>>>
13 75 00 00 00 
00 00 00 00 00 00 06 6e 90 00 
<<<<
>>>>
13 77 00 00 08 00 00 00 00 00 00 06 6e 
eb f2 5c d8 2f 50 2f 5f b5 25 1b e1 3f 1a 86 09 50 22 4a 6e 3b 8a 4c 57 d9 96 35 26 c6 b6 ea 92 90 00 
<<<<
>>>>
13 76 00 00 00 
a6 f9 62 30 30 ae 92 b4 42 9f 56 f4 cc 88 ed 8b ae 9e 99 fd fc ac f6 5e e1 5b 60 42 20 3c da 6f 90 00 
<<<<
>>>>
13 75 00 00 00 
00 00 00 00 00 00 06 6f 90 00 
<<<<
>>>>
13 76 00 00 00 
9a ab 5b d4 f4 c4 d9 ff 04 b2 dd ec 8e 45 45 53 a3 7d 3f 57 9e 62 9e a9 1d 43 21 0c 7c c1 f1 d6 90 00 
<<<<
>>>>
13 77 00 00 08 00 00 00 00 00 00 06 6f 
a6 f9 62 30 30 ae 92 b4 42 9f 56 f4 cc 88 ed 8b ae 9e 99 fd fc ac f6 5e e1 5b 60 42 20 3c da 6f 90 00 
<<<<
>>>>
13 75 00 00 00 
00 00 00 00 00 00 06 70 90 00 
<<<<
>>>>
13 77 00 00 08 00 00 00 00 00 00 06 70 
9a ab 5b d4 f4 c4 d9 ff 04 b2 dd ec 8e 45 45 53 a3 7d 3f 57 9e 62 9e a9 1d 43 21 0c 7c c1 f1 d6 90 00 
<<<<
>>>>
13 76 00 00 00 
90 29 fd b4 9b e4 63 2e 9b 44 be fd d8 7c 2f 46 61 da 82 e5 e8 7f 18 03 65 6d 82 a6 47 49 28 fc 90 00 
<<<<
>>>>
13 75 00 00 00 
00 00 00 00 00 00 06 71 90 00 
<<<<
>>>>
13 76 00 00 00 
ad d2 8f 62 f5 1b 37 42 d0 b4 76 51 25 7c 06 20 df 5a 6a 80 1f f2 6f 4d 2b 77 99 ba 95 b9 8a f5 90 00 
<<<<
>>>>
13 77 00 00 08 00 00 00 00 00 00 06 71 
90 29 fd b4 9b e4 63 2e 9b 44 be fd d8 7c 2f 46 61 da 82 e5 e8 7f 18 03 65 6d 82 a6 47 49 28 fc 90 00 
<<<<
>>>>
13 75 00 00 00 
00 00 00 00 00 00 06 72 90 00 
<<<<
>>>>
13 77 00 00 08 00 00 00 00 00 00 06 72 
ad d2 8f 62 f5 1b 37 42 d0 b4 76 51 25 7c 06 20 df 5a 6a 80 1f f2 6f 4d 2b 77 99 ba 95 b9 8a f5 90 00 
<<<<
>>>>
13 76 00 00 00 
55 95 c9 f6 28 b5 d8 00 44 86 0c 55 4c 5c 9e bf cd cc 16 61 67 17 59 a3 7a e2 91 0e 46 a3 e2 50 90 00 
<<<<
>>>>
13 75 00 00 00 
00 00 00 00 00 00 06 73 90 00 
<<<<
>>>>
13 76 00 00 00 
bc c6 27 ac 56 4b 4b 35 db 84 dd 52 c3 44 85 0b 50 67 7c 0c dd 65 35 64 af 3e cb 14 72 07 c8 e6 90 00 
<<<<
>>>>
13 77 00 00 08 00 00 00 00 00 00 06 73 
55 95 c9 f6 28 b5 d8 00 44 86 0c 55 4c 5c 9e bf cd cc 16 61 67 17 59 a3 7a e2 91 0e 46 a3 e2 50 90 00 
<<<<
>>>>
13 75 00 00 00 
00 00 00 00 00 00 06 74 90 00 
<<<<
>>>>
13 77 00 00 08 00 00 00 00 00 00 06 74 
bc c6 27 ac 56 4b 4b 35 db 84 dd 52 c3 44 85 0b 50 67 7c 0c dd 65 35 64 af 3e cb 14 72 07 c8 e6 90 00 
<<<<
>>>>
13 76 00 00 00 
26 3b f4 20 70 c2 f1 c5 28 3a 6f 3a 02 66 30 4f 84 21 74 e8 8c 6c 90 ff ab e2 09 d9 3f 98 ef a2 90 00 
<<<<
>>>>
13 75 00 00 00 
00 00 00 00 00 00 06 75 90 00 
<<<<
>>>>
13 76 00 00 00 
b8 eb 72 ce c8 6f 26 f5 91 23 bf 7c 58 19 06 5e 60 c9 24 26 25 be ac 38 71 94 5a f6 0e b9 d2 2a 90 00 
<<<<
>>>>
13 77 00 00 08 00 00 00 00 00 00 06 75 
26 3b f4 20 70 c2 f1 c5 28 3a 6f 3a 02 66 30 4f 84 21 74 e8 8c 6c 90 ff ab e2 09 d9 3f 98 ef a2 90 00 
<<<<
>>>>
13 75 00 00 00 
00 00 00 00 00 00 06 76 90 00 
<<<<
>>>>
13 77 00 00 08 00 00 00 00 00 00 06 76 
b8 eb 72 ce c8 6f 26 f5 91 23 bf 7c 58 19 06 5e 60 c9 24 26 25 be ac 38 71 94 5a f6 0e b9 d2 2a 90 00 
<<<<
>>>>
13 76 00 00 00 
94 f8 36 2c 26 38 dd 90 e0 48 39 62 55 00 ce d2 f5 38 d5 c0 f0 6e c3 51 c8 6b 79 05 36 db 32 98 90 00 
<<<<
>>>>
13 75 00 00 00 
00 00 00 00 00 00 06 77 90 00 
<<<<
>>>>
13 76 00 00 00 
27 6b 3d 76 59 d0 5d 2b b5 bb 1b 0c 54 d0 4f 64 49 78 cb e2 d9 b2 e0 fa 90 b4 8a 6b e2 6e 04 f0 90 00 
<<<<
>>>>
13 77 00 00 08 00 00 00 00 00 00 06 77 
94 f8 36 2c 26 38 dd 90 e0 48 39 62 55 00 ce d2 f5 38 d5 c0 f0 6e c3 51 c8 6b 79 05 36 db 32 98 90 00 
<<<<
>>>>
13 75 00 00 00 
00 00 00 00 00 00 06 78 90 00 
<<<<
>>>>
13 77 00 00 08 00 00 00 00 00 00 06 78 
27 6b 3d 76 59 d0 5d 2b b5 bb 1b 0c 54 d0 4f 64 49 78 cb e2 d9 b2 e0 fa 90 b4 8a 6b e2 6e 04 f0 90 00 
<<<<
>>>>
13 76 00 00 00 
8c 34 09 84 b4 f3 6c bb be e8 7c da 2f 0c fb 8e 0d 36 2f f3 03 98 b0 98 30 66 f9 c4 04 2e 7a bb 90 00 
<<<<
>>>>
13 75 00 00 00 
00 00 00 00 00 00 06 79 90 00 
<<<<
>>>>
13 76 00 00 00 
41 71 2b b2 48 70 c4 3f 7e c7 9d 18 e3 ca 16 55 72 d3 e5 42 33 26 f2 4c 61 d5 4b 95 a7 80 3a f0 90 00 
<<<<
>>>>
13 77 00 00 08 00 00 00 00 00 00 06 79 
8c 34 09 84 b4 f3 6c bb be e8 7c da 2f 0c fb 8e 0d 36 2f f3 03 98 b0 98 30 66 f9 c4 04 2e 7a bb 90 00 
<<<<
>>>>
13 75 00 00 00 
00 00 00 00 00 00 06 7a 90 00 
<<<<
>>>>
13 77 00 00 08 00 00 00 00 00 00 06 7a 
41 71 2b b2 48 70 c4 3f 7e c7 9d 18 e3 ca 16 55 72 d3 e5 42 33 26 f2 4c 61 d5 4b 95 a7 80 3a f0 90 00 
<<<<
>>>>
13 76 00 00 00 
f5 bb 12 20 bd 0b 1e 11 21 ed 15 7f 2f 21 ca 08 82 15 9d 14 c4 3a 8c be ac d6 c4 bf 4f de 37 51 90 00 
<<<<
>>>>
13 75 00 00 00 
00 00 00 00 00 00 06 7b 90 00 
<<<<
>>>>
13 76 00 00 00 
b5 df 75 50 8c 8b 23 2e ca 29 8f f5 20 1e 85 a5 24 5c 3c 24 52 b0 ef 0a b8 a7 c1 e6 6d 7b e4 5f 90 00 
<<<<
>>>>
13 77 00 00 08 00 00 00 00 00 00 06 7b 
f5 bb 12 20 bd 0b 1e 11 21 ed 15 7f 2f 21 ca 08 82 15 9d 14 c4 3a 8c be ac d6 c4 bf 4f de 37 51 90 00 
<<<<
>>>>
13 75 00 00 00 
00 00 00 00 00 00 06 7c 90 00 
<<<<
>>>>
13 77 00 00 08 00 00 00 00 00 00 06 7c 
b5 df 75 50 8c 8b 23 2e ca 29 8f f5 20 1e 85 a5 24 5c 3c 24 52 b0 ef 0a b8 a7 c1 e6 6d 7b e4 5f 90 00 
<<<<
>>>>
13 76 00 00 00 
ee 36 9a 3a 20 93 ed 80 33 c8 d1 48 45 b3 c1 94 6d 17 20 d5 ea 80 c5 bb 4f 7e b1 2a 17 48 4d 73 90 00 
<<<<
>>>>
13 75 00 00 00 
00 00 00 00 00 00 06 7d 90 00 
<<<<
>>>>
13 76 00 00 00 
51 90 e2 f6 fd 06 bd 9a 35 8b 60 48 fe 65 87 bb 91 42 48 cb 6b 22 53 cb 73 75 3e 78 6c 09 3a 6f 90 00 
<<<<
>>>>
13 77 00 00 08 00 00 00 00 00 00 06 7d 
ee 36 9a 3a 20 93 ed 80 33 c8 d1 48 45 b3 c1 94 6d 17 20 d5 ea 80 c5 bb 4f 7e b1 2a 17 48 4d 73 90 00 
<<<<
>>>>
13 75 00 00 00 
00 00 00 00 00 00 06 7e 90 00 
<<<<
>>>>
13 77 00 00 08 00 00 00 00 00 00 06 7e 
51 90 e2 f6 fd 06 bd 9a 35 8b 60 48 fe 65 87 bb 91 42 48 cb 6b 22 53 cb 73 75 3e 78 6c 09 3a 6f 90 00 
<<<<
>>>>
13 76 00 00 00 
88 18 16 5b 34 cb a3 f7 a0 9c 8f 4a 39 56 b2 80 3a 36 a2 28 31 db 88 db 14 1a 06 8d 00 aa f0 13 90 00 
<<<<
>>>>
13 75 00 00 00 
00 00 00 00 00 00 06 7f 90 00 
<<<<
>>>>
13 76 00 00 00 
da 01 40 00 0b 57 00 e9 d8 3d 6a df 0f a3 39 62 70 df 38 3a ea d0 8a c3 bf 5b 95 ca 32 c3 4f 98 90 00 
<<<<
>>>>
13 77 00 00 08 00 00 00 00 00 00 06 7f 
88 18 16 5b 34 cb a3 f7 a0 9c 8f 4a 39 56 b2 80 3a 36 a2 28 31 db 88 db 14 1a 06 8d 00 aa f0 13 90 00 
<<<<
>>>>
13 75 00 00 00 
00 00 00 00 00 00 06 80 90 00 
<<<<
>>>>
13 77 00 00 08 00 00 00 00 00 00 06 80 
da 01 40 00 0b 57 00 e9 d8 3d 6a df 0f a3 39 62 70 df 38 3a ea d0 8a c3 bf 5b 95 ca 32 c3 4f 98 90 00 
<<<<
>>>>
13 76 00 00 00 
b3 23 e1 44 de 72 5a 07 32 4d b2 99 44 bf 26 3a 79 18 72 a2 61 fa ab 38 c1 b4 4d c1 67 d2 88 4b 90 00 
<<<<
>>>>
13 75 00 00 00 
00 00 00 00 00 00 06 81 90 00 
<<<<
>>>>
13 76 00 00 00 
30 ca 3b f3 f5 f0 4f 9f 73 e4 dd 1c c7 06 40 d5 59 68 3e b6 2b d5 c3 38 a3 86 4d 8c 46 e6 e8 59 90 00 
<<<<
>>>>
13 77 00 00 08 00 00 00 00 00 00 06 81 
b3 23 e1 44 de 72 5a 07 32 4d b2 99 44 bf 26 3a 79 18 72 a2 61 fa ab 38 c1 b4 4d c1 67 d2 88 4b 90 00 
<<<<
>>>>
13 75 00 00 00 
00 00 00 00 00 00 06 82 90 00 
<<<<
>>>>
13 77 00 00 08 00 00 00 00 00 00 06 82 
30 ca 3b f3 f5 f0 4f 9f 73 e4 dd 1c c7 06 40 d5 59 68 3e b6 2b d5 c3 38 a3 86 4d 8c 46 e6 e8 59 90 00 
<<<<
>>>>
13 76 00 00 00 
dc 4b fa aa e6 b4 4f 3a 7c 2b ef 68 77 57 e2 29 86 9e 40 5b 31 70 ae e7 ec d7 9f 6e b0 d6 3d cb 90 00 
<<<<
>>>>
13 75 00 00 00 
00 00 00 00 00 00 06 83 90 00 
<<<<
>>>>
13 76 00 00 00 
81 d3 ec 76 7f 2f 43 f1 9a 61 61 7c f2 4c 67 85 bd de 6e 9c 85 fc 5a 09 28 17 d0 a9 49 59 77 b1 90 00 
<<<<
>>>>
13 77 00 00 08 00 00 00 00 00 00 06 83 
dc 4b fa aa e6 b4 4f 3a 7c 2b ef 68 77 57 e2 29 86 9e 40 5b 31 70 ae e7 ec d7 9f 6e b0 d6 3d cb 90 00 
<<<<
>>>>
13 75 00 00 00 
00 00 00 00 00 00 06 84 90 00 
<<<<
>>>>
13 77 00 00 08 00 00 00 00 00 00 06 84 
81 d3 ec 76 7f 2f 43 f1 9a 61 61 7c f2 4c 67 85 bd de 6e 9c 85 fc 5a 09 28 17 d0 a9 49 59 77 b1 90 00 
<<<<
>>>>
13 76 00 00 00 
64 d6 44 cf 74 ef a9 dd 4e 1b 81 4b cc 6b e1 3d 26 c7 b8 ac cd 9c 5e 46 ae 04 f0 aa d5 13 e0 17 90 00 
<<<<
>>>>
13 75 00 00 00 
00 00 00 00 00 00 06 85 90 00 
<<<<
>>>>
13 76 00 00 00 
89 65 ba b8 5d 6b 5d fe bd 3e bd 05 06 86 31 03 31 c0 aa a7 eb e9 59 f1 38 1e f3 41 a6 eb 6a 35 90 00 
<<<<
>>>>
13 77 00 00 08 00 00 00 00 00 00 06 85 
64 d6 44 cf 74 ef a9 dd 4e 1b 81 4b cc 6b e1 3d 26 c7 b8 ac cd 9c 5e 46 ae 04 f0 aa d5 13 e0 17 90 00 
<<<<
>>>>
13 75 00 00 00 
00 00 00 00 00 00 06 86 90 00 
<<<<
>>>>
13 77 00 00 08 00 00 00 00 00 00 06 86 
89 65 ba b8 5d 6b 5d fe bd 3e bd 05 06 86 31 03 31 c0 aa a7 eb e9 59 f1 38 1e f3 41 a6 eb 6a 35 90 00 
<<<<
>>>>
13 76 00 00 00 
90 e2 fd f2 c0 af 2b 3d 93 40 76 6e 35 ed 2e a6 da 65 73 b9 89 ba b7 22 fd fc 0d c9 29 3f 2f 25 90 00 
<<<<
>>>>
13 75 00 00 00 
00 00 00 00 00 00 06 87 90 00 
<<<<
>>>>
13 76 00 00 00 
85 cc 88 4d 0d cf 38 cb 9c 3a 55 cc a4 2f fd a4 30 46 2c d4 94 de 9a 5d 00 41 ac 01 41 1b 92 44 90 00 
<<<<
>>>>
13 77 00 00 08 00 00 00 00 00 00 06 87 
90 e2 fd f2 c0 af 2b 3d 93 40 76 6e 35 ed 2e a6 da 65 73 b9 89 ba b7 22 fd fc 0d c9 29 3f 2f 25 90 00 
<<<<
>>>>
13 75 00 00 00 
00 00 00 00 00 00 06 88 90 00 
<<<<
>>>>
13 77 00 00 08 00 00 00 00 00 00 06 88 
85 cc 88 4d 0d cf 38 cb 9c 3a 55 cc a4 2f fd a4 30 46 2c d4 94 de 9a 5d 00 41 ac 01 41 1b 92 44 90 00 
<<<<
>>>>
13 76 00 00 00 
2c 36 df 2d f4 7f 71 2c 28 9b de c1 6b 7a 1b 56 fa e6 bd 4e 74 e2 0a 22 c8 11 56 68 b8 74 4c c2 90 00 
<<<<
>>>>
13 75 00 00 00 
00 00 00 00 00 00 06 89 90 00 
<<<<
>>>>
13 76 00 00 00 
7a 92 e1 98 1d cb f1 f7 40 5d 26 be 7c 6c 12 a2 37 da f7 de c3 17 83 ff 8b e9 31 31 4f af 8a ee 90 00 
<<<<
>>>>
13 77 00 00 08 00 00 00 00 00 00 06 89 
2c 36 df 2d f4 7f 71 2c 28 9b de c1 6b 7a 1b 56 fa e6 bd 4e 74 e2 0a 22 c8 11 56 68 b8 74 4c c2 90 00 
<<<<
>>>>
13 75 00 00 00 
00 00 00 00 00 00 06 8a 90 00 
<<<<
>>>>
13 77 00 00 08 00 00 00 00 00 00 06 8a 
7a 92 e1 98 1d cb f1 f7 40 5d 26 be 7c 6c 12 a2 37 da f7 de c3 17 83 ff 8b e9 31 31 4f af 8a ee 90 00 
<<<<
>>>>
13 76 00 00 00 
17 cd c4 81 99 9c be d2 3b 80 f4 fd 08 87 b1 07 da 08 4b 84 89 7a 64 e5 e2 ea ad 9c c3 fc e0 c2 90 00 
<<<<
>>>>
13 75 00 00 00 
00 00 00 00 00 00 06 8b 90 00 
<<<<
>>>>
13 76 00 00 00 
87 63 5b fc 1c 8a 70 90 80 10 29 c9 c6 ca 7e 17 42 12 75 18 c7 b3 13 62 e0 e5 f6 37 52 1e 10 ed 90 00 
<<<<
>>>>
13 77 00 00 08 00 00 00 00 00 00 06 8b 
17 cd c4 81 99 9c be d2 3b 80 f4 fd 08 87 b1 07 da 08 4b 84 89 7a 64 e5 e2 ea ad 9c c3 fc e0 c2 90 00 
<<<<
>>>>
13 75 00 00 00 
00 00 00 00 00 00 06 8c 90 00 
<<<<
>>>>
13 77 00 00 08 00 00 00 00 00 00 06 8c 
87 63 5b fc 1c 8a 70 90 80 10 29 c9 c6 ca 7e 17 42 12 75 18 c7 b3 13 62 e0 e5 f6 37 52 1e 10 ed 90 00 
<<<<
>>>>
13 76 00 00 00 
54 27 59 be 67 0c 27 c6 0f 25 b4 49 34 f3 76 f8 02 71 d8 01 57 c4 15 8d 3b e8 de 27 86 b6 07 cd 90 00 
<<<<
>>>>
13 75 00 00 00 
00 00 00 00 00 00 06 8d 90 00 
<<<<
>>>>
13 76 00 00 00 
ca 19 58 24 39 37 f8 47 cc 4b 28 26 8c 93 77 40 95 6d 86 3d 76 b7 38 95 8f b3 78 89 38 e6 f8 b3 90 00 
<<<<
>>>>
13 77 00 00 08 00 00 00 00 00 00 06 8d 
54 27 59 be 67 0c 27 c6 0f 25 b4 49 34 f3 76 f8 02 71 d8 01 57 c4 15 8d 3b e8 de 27 86 b6 07 cd 90 00 
<<<<
>>>>
13 75 00 00 00 
00 00 00 00 00 00 06 8e 90 00 
<<<<
>>>>
13 77 00 00 08 00 00 00 00 00 00 06 8e 
ca 19 58 24 39 37 f8 47 cc 4b 28 26 8c 93 77 40 95 6d 86 3d 76 b7 38 95 8f b3 78 89 38 e6 f8 b3 90 00 
<<<<
>>>>
13 76 00 00 00 
60 c8 c0 9d 0c 1a a5 8a 68 b5 23 dd 19 cc c4 7e 71 9e b2 b8 8c b5 a7 36 a0 ba 02 74 42 41 f8 14 90 00 
<<<<
>>>>
13 75 00 00 00 
00 00 00 00 00 00 06 8f 90 00 
<<<<
>>>>
13 76 00 00 00 
12 95 b7 ad 84 92 f7 90 e8 a9 84 d5 09 13 2b 39 99 58 11 a8 1f 73 3d 84 6b 16 f6 de 2b af a2 f8 90 00 
<<<<
>>>>
13 77 00 00 08 00 00 00 00 00 00 06 8f 
60 c8 c0 9d 0c 1a a5 8a 68 b5 23 dd 19 cc c4 7e 71 9e b2 b8 8c b5 a7 36 a0 ba 02 74 42 41 f8 14 90 00 
<<<<
>>>>
13 75 00 00 00 
00 00 00 00 00 00 06 90 90 00 
<<<<
>>>>
13 77 00 00 08 00 00 00 00 00 00 06 90 
12 95 b7 ad 84 92 f7 90 e8 a9 84 d5 09 13 2b 39 99 58 11 a8 1f 73 3d 84 6b 16 f6 de 2b af a2 f8 90 00 
<<<<
>>>>
13 76 00 00 00 
7f 85 13 c6 54 82 86 1a d9 f8 65 bf 8e 77 7d a1 52 6e 7f 8d 0f f9 93 8e 62 e4 01 d4 d6 43 77 04 90 00 
<<<<
>>>>
13 75 00 00 00 
00 00 00 00 00 00 06 91 90 00 
<<<<
>>>>
13 76 00 00 00 
ff 7a 7f a8 63 9b 10 fe b2 8b a6 0c 44 50 a9 b1 56 6e 4d cc fd 67 1b 70 03 80 f0 e5 51 e3 95 8b 90 00 
<<<<
>>>>
13 77 00 00 08 00 00 00 00 00 00 06 91 
7f 85 13 c6 54 82 86 1a d9 f8 65 bf 8e 77 7d a1 52 6e 7f 8d 0f f9 93 8e 62 e4 01 d4 d6 43 77 04 90 00 
<<<<
>>>>
13 75 00 00 00 
00 00 00 00 00 00 06 92 90 00 
<<<<
>>>>
13 77 00 00 08 00 00 00 00 00 00 06 92 
ff 7a 7f a8 63 9b 10 fe b2 8b a6 0c 44 50 a9 b1 56 6e 4d cc fd 67 1b 70 03 80 f0 e5 51 e3 95 8b 90 00 
<<<<
>>>>
13 76 00 00 00 
a6 0e a9 74 fd 7b a0 ac 63 1d ac da 35 b6 38 1b 53 db 4e ca ab 6f a7 a5 d2 62 30 ca 07 58 09 49 90 00 
<<<<
>>>>
13 75 00 00 00 
00 00 00 00 00 00 06 93 90 00 
<<<<
>>>>
13 76 00 00 00 
5d af fe ef a9 61 07 01 d4 9b 53 28 5d b9 af 33 48 4b 83 47 ff 7b c0 bf 61 29 0c a9 1f 50 7f 7a 90 00 
<<<<
>>>>
13 77 00 00 08 00 00 00 00 00 00 06 93 
a6 0e a9 74 fd 7b a0 ac 63 1d ac da 35 b6 38 1b 53 db 4e ca ab 6f a7 a5 d2 62 30 ca 07 58 09 49 90 00 
<<<<
>>>>
13 75 00 00 00 
00 00 00 00 00 00 06 94 90 00 
<<<<
>>>>
13 77 00 00 08 00 00 00 00 00 00 06 94 
5d af fe ef a9 61 07 01 d4 9b 53 28 5d b9 af 33 48 4b 83 47 ff 7b c0 bf 61 29 0c a9 1f 50 7f 7a 90 00 
<<<<
>>>>
13 76 00 00 00 
c5 2b 8a 13 3c 37 c1 fb 7a c3 61 48 55 7d 70 22 9f 68 e0 83 84 4b 93 a7 e9 a4 bb 94 87 43 34 d6 90 00 
<<<<
>>>>
13 75 00 00 00 
00 00 00 00 00 00 06 95 90 00 
<<<<
>>>>
13 76 00 00 00 
11 3f 06 25 97 da 75 2d 36 95 76 d5 17 ee d7 9c a0 7b ee ab 5a 1d 5e 81 97 3d 30 f8 5f 95 7c ef 90 00 
<<<<
>>>>
13 77 00 00 08 00 00 00 00 00 00 06 95 
c5 2b 8a 13 3c 37 c1 fb 7a c3 61 48 55 7d 70 22 9f 68 e0 83 84 4b 93 a7 e9 a4 bb 94 87 43 34 d6 90 00 
<<<<
>>>>
13 75 00 00 00 
00 00 00 00 00 00 06 96 90 00 
<<<<
>>>>
13 77 00 00 08 00 00 00 00 00 00 06 96 
11 3f 06 25 97 da 75 2d 36 95 76 d5 17 ee d7 9c a0 7b ee ab 5a 1d 5e 81 97 3d 30 f8 5f 95 7c ef 90 00 
<<<<
>>>>
13 76 00 00 00 
74 93 84 aa 4f 31 76 cf 76 a6 ba 62 3a 9e 30 7b 23 bb 64 18 cf 11 14 56 fb 2c cc 8f b4 00 76 e2 90 00 
<<<<
>>>>
13 75 00 00 00 
00 00 00 00 00 00 06 97 90 00 
<<<<
>>>>
13 76 00 00 00 
3d 00 34 81 d4 1a 05 b6 58 8f 79 77 09 17 68 a7 18 cd fe 04 69 8e 27 8b 8f 7c 02 29 2f 14 5f 3b 90 00 
<<<<
>>>>
13 77 00 00 08 00 00 00 00 00 00 06 97 
74 93 84 aa 4f 31 76 cf 76 a6 ba 62 3a 9e 30 7b 23 bb 64 18 cf 11 14 56 fb 2c cc 8f b4 00 76 e2 90 00 
<<<<
>>>>
13 75 00 00 00 
00 00 00 00 00 00 06 98 90 00 
<<<<
>>>>
13 77 00 00 08 00 00 00 00 00 00 06 98 
3d 00 34 81 d4 1a 05 b6 58 8f 79 77 09 17 68 a7 18 cd fe 04 69 8e 27 8b 8f 7c 02 29 2f 14 5f 3b 90 00 
<<<<
>>>>
13 76 00 00 00 
af 8e 00 63 6b 4a 4d 8e 7f 26 6e d8 05 9c 89 31 0b 13 00 97 2d d2 fe 3e a8 73 76 93 59 90 91 08 90 00 
<<<<
>>>>
13 75 00 00 00 
00 00 00 00 00 00 06 99 90 00 
<<<<
>>>>
13 76 00 00 00 
66 b1 52 38 28 5c a9 dd 7a ab ca 3a 01 8d 34 95 38 13 51 d8 9b cd 4f 09 57 94 cf f9 be d8 cc 4d 90 00 
<<<<
>>>>
13 77 00 00 08 00 00 00 00 00 00 06 99 
af 8e 00 63 6b 4a 4d 8e 7f 26 6e d8 05 9c 89 31 0b 13 00 97 2d d2 fe 3e a8 73 76 93 59 90 91 08 90 00 
<<<<
>>>>
13 75 00 00 00 
00 00 00 00 00 00 06 9a 90 00 
<<<<
>>>>
13 77 00 00 08 00 00 00 00 00 00 06 9a 
66 b1 52 38 28 5c a9 dd 7a ab ca 3a 01 8d 34 95 38 13 51 d8 9b cd 4f 09 57 94 cf f9 be d8 cc 4d 90 00 
<<<<
>>>>
13 76 00 00 00 
65 f8 d0 ce 2c 21 ac 7d 8c da f2 43 6c 05 60 27 d2 45 9e b5 5d fd a9 f1 ad e6 70 5f 17 97 91 6f 90 00 
<<<<
>>>>
13 75 00 00 00 
00 00 00 00 00 00 06 9b 90 00 
<<<<
>>>>
13 76 00 00 00 
98 09 c1 69 04 b2 6e 22 ef 17 f2 a8 ed 25 6b d4 13 d9 e3 72 55 a8 35 cf 9d 26 90 80 ad 05 ab 42 90 00 
<<<<
>>>>
13 77 00 00 08 00 00 00 00 00 00 06 9b 
65 f8 d0 ce 2c 21 ac 7d 8c da f2 43 6c 05 60 27 d2 45 9e b5 5d fd a9 f1 ad e6 70 5f 17 97 91 6f 90 00 
<<<<
>>>>
13 75 00 00 00 
00 00 00 00 00 00 06 9c 90 00 
<<<<
>>>>
13 77 00 00 08 00 00 00 00 00 00 06 9c 
98 09 c1 69 04 b2 6e 22 ef 17 f2 a8 ed 25 6b d4 13 d9 e3 72 55 a8 35 cf 9d 26 90 80 ad 05 ab 42 90 00 
<<<<
>>>>
13 76 00 00 00 
70 91 0f 27 c7 8c 8b 18 b1 a9 4e 14 a5 4e 5f f1 c7 d8 03 56 36 71 ec 33 13 47 6d 06 d2 ae 51 e6 90 00 
<<<<
>>>>
13 75 00 00 00 
00 00 00 00 00 00 06 9d 90 00 
<<<<
>>>>
13 76 00 00 00 
2b 2e c0 78 1a 0d 16 40 54 e1 6e d7 82 0d 11 71 eb 8e cb 92 f0 eb fa 59 2c 49 e7 1a 32 4b d6 9c 90 00 
<<<<
>>>>
13 77 00 00 08 00 00 00 00 00 00 06 9d 
70 91 0f 27 c7 8c 8b 18 b1 a9 4e 14 a5 4e 5f f1 c7 d8 03 56 36 71 ec 33 13 47 6d 06 d2 ae 51 e6 90 00 
<<<<
>>>>
13 75 00 00 00 
00 00 00 00 00 00 06 9e 90 00 
<<<<
>>>>
13 77 00 00 08 00 00 00 00 00 00 06 9e 
2b 2e c0 78 1a 0d 16 40 54 e1 6e d7 82 0d 11 71 eb 8e cb 92 f0 eb fa 59 2c 49 e7 1a 32 4b d6 9c 90 00 
<<<<
>>>>
13 76 00 00 00 
e7 0a 25 fb 3e cd bc 94 ad cf 15 27 7f 6e b4 9b f7 39 e4 0c a0 57 08 da ef 53 46 aa e3 fa 2f fd 90 00 
<<<<
>>>>
13 75 00 00 00 
00 00 00 00 00 00 06 9f 90 00 
<<<<
>>>>
13 76 00 00 00 
6f 57 4e 7a 7c 8a 82 38 eb 69 12 bb f7 15 72 ad 8d 84 b3 62 a0 fb d6 48 01 5a 0f 95 19 4d 43 07 90 00 
<<<<
>>>>
13 77 00 00 08 00 00 00 00 00 00 06 9f 
e7 0a 25 fb 3e cd bc 94 ad cf 15 27 7f 6e b4 9b f7 39 e4 0c a0 57 08 da ef 53 46 aa e3 fa 2f fd 90 00 
<<<<
>>>>
13 75 00 00 00 
00 00 00 00 00 00 06 a0 90 00 
<<<<
>>>>
13 77 00 00 08 00 00 00 00 00 00 06 a0 
6f 57 4e 7a 7c 8a 82 38 eb 69 12 bb f7 15 72 ad 8d 84 b3 62 a0 fb d6 48 01 5a 0f 95 19 4d 43 07 90 00 
<<<<
>>>>
13 76 00 00 00 
5f e4 e1 35 09 f0 24 f4 11 2c 8e 53 3f 40 ca c4 84 c9 b9 0e ea 00 16 4e 11 76 cd 8a f5 66 7b 35 90 00 
<<<<
>>>>
13 75 00 00 00 
00 00 00 00 00 00 06 a1 90 00 
<<<<
>>>>
13 76 00 00 00 
14 24 43 1b d8 d1 fd 61 bf bc db c1 96 45 c0 db d7 13 82 38 67 c6 43 cf 8d 36 69 68 2b 0c c1 31 90 00 
<<<<
>>>>
13 77 00 00 08 00 00 00 00 00 00 06 a1 
5f e4 e1 35 09 f0 24 f4 11 2c 8e 53 3f 40 ca c4 84 c9 b9 0e ea 00 16 4e 11 76 cd 8a f5 66 7b 35 90 00 
<<<<
>>>>
13 75 00 00 00 
00 00 00 00 00 00 06 a2 90 00 
<<<<
>>>>
13 77 00 00 08 00 00 00 00 00 00 06 a2 
14 24 43 1b d8 d1 fd 61 bf bc db c1 96 45 c0 db d7 13 82 38 67 c6 43 cf 8d 36 69 68 2b 0c c1 31 90 00 
<<<<
>>>>
13 76 00 00 00 
88 0f b4 e9 c0 ac bf b6 f6 a6 fa 52 e2 27 98 19 f1 f2 32 eb a3 fd d3 f0 84 46 68 f1 48 4b 76 56 90 00 
<<<<
>>>>
13 75 00 00 00 
00 00 00 00 00 00 06 a3 90 00 
<<<<
>>>>
13 76 00 00 00 
eb 61 a0 1e bf 8a 43 36 6b 35 08 b4 6a 5f 3e b3 ce 9a 2a b9 2b c5 17 33 d8 60 a8 78 06 89 9b aa 90 00 
<<<<
>>>>
13 77 00 00 08 00 00 00 00 00 00 06 a3 
88 0f b4 e9 c0 ac bf b6 f6 a6 fa 52 e2 27 98 19 f1 f2 32 eb a3 fd d3 f0 84 46 68 f1 48 4b 76 56 90 00 
<<<<
>>>>
13 75 00 00 00 
00 00 00 00 00 00 06 a4 90 00 
<<<<
>>>>
13 77 00 00 08 00 00 00 00 00 00 06 a4 
eb 61 a0 1e bf 8a 43 36 6b 35 08 b4 6a 5f 3e b3 ce 9a 2a b9 2b c5 17 33 d8 60 a8 78 06 89 9b aa 90 00 
<<<<
>>>>
13 76 00 00 00 
01 a0 bc 5e 80 ed af a0 17 fb 2b 9d 2d 3a 6c 61 5e a7 e5 52 6d ec 1d 35 95 1f 36 ac de 90 71 92 90 00 
<<<<
>>>>
13 75 00 00 00 
00 00 00 00 00 00 06 a5 90 00 
<<<<
>>>>
13 76 00 00 00 
87 dc b2 09 00 be af 51 c2 e5 29 d3 16 42 5e e9 ff 08 e9 26 c2 13 a2 5f 7d 4e 7b 1b e2 48 73 ef 90 00 
<<<<
>>>>
13 77 00 00 08 00 00 00 00 00 00 06 a5 
01 a0 bc 5e 80 ed af a0 17 fb 2b 9d 2d 3a 6c 61 5e a7 e5 52 6d ec 1d 35 95 1f 36 ac de 90 71 92 90 00 
<<<<
>>>>
13 75 00 00 00 
00 00 00 00 00 00 06 a6 90 00 
<<<<
>>>>
13 77 00 00 08 00 00 00 00 00 00 06 a6 
87 dc b2 09 00 be af 51 c2 e5 29 d3 16 42 5e e9 ff 08 e9 26 c2 13 a2 5f 7d 4e 7b 1b e2 48 73 ef 90 00 
<<<<
>>>>
13 76 00 00 00 
43 d8 5a 27 f4 20 da 63 ed d2 70 9a d0 81 ea ee e8 d7 0a 4b d9 b5 28 95 40 8f 03 57 e8 20 2b 18 90 00 
<<<<
>>>>
13 75 00 00 00 
00 00 00 00 00 00 06 a7 90 00 
<<<<
>>>>
13 76 00 00 00 
65 fc 36 93 4c a2 af 99 a8 d5 8d 30 90 f3 83 bc 6b a8 97 b8 5c 31 7e d9 49 4a 4e c6 2b e2 6b f5 90 00 
<<<<
>>>>
13 77 00 00 08 00 00 00 00 00 00 06 a7 
43 d8 5a 27 f4 20 da 63 ed d2 70 9a d0 81 ea ee e8 d7 0a 4b d9 b5 28 95 40 8f 03 57 e8 20 2b 18 90 00 
<<<<
>>>>
13 75 00 00 00 
00 00 00 00 00 00 06 a8 90 00 
<<<<
>>>>
13 77 00 00 08 00 00 00 00 00 00 06 a8 
65 fc 36 93 4c a2 af 99 a8 d5 8d 30 90 f3 83 bc 6b a8 97 b8 5c 31 7e d9 49 4a 4e c6 2b e2 6b f5 90 00 
<<<<
>>>>
13 76 00 00 00 
58 f1 9b e4 a5 a2 49 53 86 e3 f8 2d a0 ef c0 1c b4 c6 88 91 d6 0c 55 3d 0b b3 4e f8 bf 64 a4 0d 90 00 
<<<<
>>>>
13 75 00 00 00 
00 00 00 00 00 00 06 a9 90 00 
<<<<
>>>>
13 76 00 00 00 
cc 4a 68 b5 c3 13 54 11 6f 9c 73 f0 bb fc 66 45 ee 0c ae ef 2e f6 1d 5f da b2 08 7a 3d 60 62 11 90 00 
<<<<
>>>>
13 77 00 00 08 00 00 00 00 00 00 06 a9 
58 f1 9b e4 a5 a2 49 53 86 e3 f8 2d a0 ef c0 1c b4 c6 88 91 d6 0c 55 3d 0b b3 4e f8 bf 64 a4 0d 90 00 
<<<<
>>>>
13 75 00 00 00 
00 00 00 00 00 00 06 aa 90 00 
<<<<
>>>>
13 77 00 00 08 00 00 00 00 00 00 06 aa 
cc 4a 68 b5 c3 13 54 11 6f 9c 73 f0 bb fc 66 45 ee 0c ae ef 2e f6 1d 5f da b2 08 7a 3d 60 62 11 90 00 
<<<<
>>>>
13 76 00 00 00 
06 17 65 18 41 b4 76 6e d6 6e 58 a3 89 ee f7 16 0a 35 eb 67 85 7e e2 96 33 20 3f e9 2d 77 28 d9 90 00 
<<<<
>>>>
13 75 00 00 00 
00 00 00 00 00 00 06 ab 90 00 
<<<<
>>>>
13 76 00 00 00 
f9 d2 81 65 21 e5 98 01 46 e6 20 9d 51 4c 1a af e1 6a 1a c8 50 b2 7c 01 e4 87 ac d6 69 63 d1 7f 90 00 
<<<<
>>>>
13 77 00 00 08 00 00 00 00 00 00 06 ab 
06 17 65 18 41 b4 76 6e d6 6e 58 a3 89 ee f7 16 0a 35 eb 67 85 7e e2 96 33 20 3f e9 2d 77 28 d9 90 00 
<<<<
>>>>
13 75 00 00 00 
00 00 00 00 00 00 06 ac 90 00 
<<<<
>>>>
13 77 00 00 08 00 00 00 00 00 00 06 ac 
f9 d2 81 65 21 e5 98 01 46 e6 20 9d 51 4c 1a af e1 6a 1a c8 50 b2 7c 01 e4 87 ac d6 69 63 d1 7f 90 00 
<<<<
>>>>
13 76 00 00 00 
6e b0 99 c7 60 ad be b5 ac a8 06 0e cd dd 21 03 64 33 fd 83 87 00 eb 9c d4 dc 25 3e a3 fd 81 0c 90 00 
<<<<
>>>>
13 75 00 00 00 
00 00 00 00 00 00 06 ad 90 00 
<<<<
>>>>
13 76 00 00 00 
a4 06 70 c8 01 16 d0 d9 f3 93 6a 59 6e 7d 54 1d 9b b1 6c 96 1d b1 ee 6b 6e 7f 7e cb 16 59 5c 23 90 00 
<<<<
>>>>
13 77 00 00 08 00 00 00 00 00 00 06 ad 
6e b0 99 c7 60 ad be b5 ac a8 06 0e cd dd 21 03 64 33 fd 83 87 00 eb 9c d4 dc 25 3e a3 fd 81 0c 90 00 
<<<<
>>>>
13 75 00 00 00 
00 00 00 00 00 00 06 ae 90 00 
<<<<
>>>>
13 77 00 00 08 00 00 00 00 00 00 06 ae 
a4 06 70 c8 01 16 d0 d9 f3 93 6a 59 6e 7d 54 1d 9b b1 6c 96 1d b1 ee 6b 6e 7f 7e cb 16 59 5c 23 90 00 
<<<<
>>>>
13 76 00 00 00 
32 74 8d 41 81 42 5e 33 ff 8a 34 f3 7c ea db 41 8a 8f 1a b5 c4 4f 01 c2 b1 ca 46 95 da b8 7e 9b 90 00 
<<<<
>>>>
13 75 00 00 00 
00 00 00 00 00 00 06 af 90 00 
<<<<
>>>>
13 76 00 00 00 
67 9c 8b c1 49 a2 2f 3e 0a b1 23 a4 a2 74 ec d4 f7 67 3c b7 24 e6 f6 0b 57 00 e2 68 6a 9d cb 34 90 00 
<<<<
>>>>
13 77 00 00 08 00 00 00 00 00 00 06 af 
32 74 8d 41 81 42 5e 33 ff 8a 34 f3 7c ea db 41 8a 8f 1a b5 c4 4f 01 c2 b1 ca 46 95 da b8 7e 9b 90 00 
<<<<
>>>>
13 75 00 00 00 
00 00 00 00 00 00 06 b0 90 00 
<<<<
>>>>
13 77 00 00 08 00 00 00 00 00 00 06 b0 
67 9c 8b c1 49 a2 2f 3e 0a b1 23 a4 a2 74 ec d4 f7 67 3c b7 24 e6 f6 0b 57 00 e2 68 6a 9d cb 34 90 00 
<<<<
>>>>
13 76 00 00 00 
15 3e 86 70 cd b8 d3 a1 0f a7 2c 5c 3b a7 22 c8 82 26 82 d4 0f 0a 5b 63 0a b5 fe fa 38 6e 10 99 90 00 
<<<<
>>>>
13 75 00 00 00 
00 00 00 00 00 00 06 b1 90 00 
<<<<
>>>>
13 76 00 00 00 
87 f0 83 14 cd a7 d6 52 1e c1 82 c3 b2 ae f4 f0 b7 1d c1 ec 1b 95 67 bd aa aa d8 84 99 bd a5 1b 90 00 
<<<<
>>>>
13 77 00 00 08 00 00 00 00 00 00 06 b1 
15 3e 86 70 cd b8 d3 a1 0f a7 2c 5c 3b a7 22 c8 82 26 82 d4 0f 0a 5b 63 0a b5 fe fa 38 6e 10 99 90 00 
<<<<
>>>>
13 75 00 00 00 
00 00 00 00 00 00 06 b2 90 00 
<<<<
>>>>
13 77 00 00 08 00 00 00 00 00 00 06 b2 
87 f0 83 14 cd a7 d6 52 1e c1 82 c3 b2 ae f4 f0 b7 1d c1 ec 1b 95 67 bd aa aa d8 84 99 bd a5 1b 90 00 
<<<<
>>>>
13 76 00 00 00 
5b 4a 9b c3 94 7e 5b 8b 42 d4 88 a5 cf e3 62 43 9c ef d0 e7 c3 0e c7 22 29 2c d4 e8 55 99 b9 b8 90 00 
<<<<
>>>>
13 75 00 00 00 
00 00 00 00 00 00 06 b3 90 00 
<<<<
>>>>
13 76 00 00 00 
7f b2 b7 01 f8 92 d7 3f 2f 15 bd 33 41 f9 8f 46 64 8c c1 8b 12 3b da 32 87 11 8a 40 41 34 d2 cd 90 00 
<<<<
>>>>
13 77 00 00 08 00 00 00 00 00 00 06 b3 
5b 4a 9b c3 94 7e 5b 8b 42 d4 88 a5 cf e3 62 43 9c ef d0 e7 c3 0e c7 22 29 2c d4 e8 55 99 b9 b8 90 00 
<<<<
>>>>
13 75 00 00 00 
00 00 00 00 00 00 06 b4 90 00 
<<<<
>>>>
13 77 00 00 08 00 00 00 00 00 00 06 b4 
7f b2 b7 01 f8 92 d7 3f 2f 15 bd 33 41 f9 8f 46 64 8c c1 8b 12 3b da 32 87 11 8a 40 41 34 d2 cd 90 00 
<<<<
>>>>
13 76 00 00 00 
d8 8a 19 88 d3 a2 d2 80 5b 44 22 51 f4 e2 2f 8a a1 c4 5d 23 29 fb f6 a0 d5 92 0e c3 9d b8 fc fb 90 00 
<<<<
>>>>
13 75 00 00 00 
00 00 00 00 00 00 06 b5 90 00 
<<<<
>>>>
13 76 00 00 00 
e5 8c 28 0f 66 f4 f3 bb 12 84 9f 3e 0e 88 8f dd a6 a9 c0 76 3a ea cc 9e 9e 05 d6 59 63 a9 90 d2 90 00 
<<<<
>>>>
13 77 00 00 08 00 00 00 00 00 00 06 b5 
d8 8a 19 88 d3 a2 d2 80 5b 44 22 51 f4 e2 2f 8a a1 c4 5d 23 29 fb f6 a0 d5 92 0e c3 9d b8 fc fb 90 00 
<<<<
>>>>
13 75 00 00 00 
00 00 00 00 00 00 06 b6 90 00 
<<<<
>>>>
13 77 00 00 08 00 00 00 00 00 00 06 b6 
e5 8c 28 0f 66 f4 f3 bb 12 84 9f 3e 0e 88 8f dd a6 a9 c0 76 3a ea cc 9e 9e 05 d6 59 63 a9 90 d2 90 00 
<<<<
>>>>
13 76 00 00 00 
6c cc 0f 0c 60 93 59 29 ab ad f6 96 f2 4f b4 74 86 ba d4 32 cf 87 56 3a 54 8a 02 92 da 5b 8c 23 90 00 
<<<<
>>>>
13 75 00 00 00 
00 00 00 00 00 00 06 b7 90 00 
<<<<
>>>>
13 76 00 00 00 
b4 b3 7b 6c a4 3e b1 45 d2 d1 a4 6a 5b 28 34 66 7a 55 93 03 98 f7 a5 17 0b c0 05 5b 14 be ab 9a 90 00 
<<<<
>>>>
13 77 00 00 08 00 00 00 00 00 00 06 b7 
6c cc 0f 0c 60 93 59 29 ab ad f6 96 f2 4f b4 74 86 ba d4 32 cf 87 56 3a 54 8a 02 92 da 5b 8c 23 90 00 
<<<<
>>>>
13 75 00 00 00 
00 00 00 00 00 00 06 b8 90 00 
<<<<
>>>>
13 77 00 00 08 00 00 00 00 00 00 06 b8 
b4 b3 7b 6c a4 3e b1 45 d2 d1 a4 6a 5b 28 34 66 7a 55 93 03 98 f7 a5 17 0b c0 05 5b 14 be ab 9a 90 00 
<<<<
>>>>
13 76 00 00 00 
a7 76 c1 7b 6a 84 ab 2b 74 5e 2f 1e ea e8 90 47 b4 6d 76 7a f0 79 4a 89 7a aa 30 01 02 b6 d5 56 90 00 
<<<<
>>>>
13 75 00 00 00 
00 00 00 00 00 00 06 b9 90 00 
<<<<
>>>>
13 76 00 00 00 
d7 01 33 03 ba a5 72 35 55 df ca 23 3f 59 54 bb 2b fe 53 f7 42 ef 60 3b 4f 28 77 65 d8 38 b2 11 90 00 
<<<<
>>>>
13 77 00 00 08 00 00 00 00 00 00 06 b9 
a7 76 c1 7b 6a 84 ab 2b 74 5e 2f 1e ea e8 90 47 b4 6d 76 7a f0 79 4a 89 7a aa 30 01 02 b6 d5 56 90 00 
<<<<
>>>>
13 75 00 00 00 
00 00 00 00 00 00 06 ba 90 00 
<<<<
>>>>
13 77 00 00 08 00 00 00 00 00 00 06 ba 
d7 01 33 03 ba a5 72 35 55 df ca 23 3f 59 54 bb 2b fe 53 f7 42 ef 60 3b 4f 28 77 65 d8 38 b2 11 90 00 
<<<<
>>>>
13 76 00 00 00 
16 62 90 7f be b0 4e 9f 32 cd c8 85 c8 1f 74 cd cf b7 2d 0b d2 e3 fc ca 42 50 35 eb b0 98 db 52 90 00 
<<<<
>>>>
13 75 00 00 00 
00 00 00 00 00 00 06 bb 90 00 
<<<<
>>>>
13 76 00 00 00 
46 c4 22 f6 6a 98 18 70 60 44 97 74 8d fb 23 1c 46 b4 03 99 78 94 87 db 0a 8b da b8 97 b5 bb 04 90 00 
<<<<
>>>>
13 77 00 00 08 00 00 00 00 00 00 06 bb 
16 62 90 7f be b0 4e 9f 32 cd c8 85 c8 1f 74 cd cf b7 2d 0b d2 e3 fc ca 42 50 35 eb b0 98 db 52 90 00 
<<<<
>>>>
13 75 00 00 00 
00 00 00 00 00 00 06 bc 90 00 
<<<<
>>>>
13 77 00 00 08 00 00 00 00 00 00 06 bc 
46 c4 22 f6 6a 98 18 70 60 44 97 74 8d fb 23 1c 46 b4 03 99 78 94 87 db 0a 8b da b8 97 b5 bb 04 90 00 
<<<<
>>>>
13 76 00 00 00 
bb e4 0b 4a c0 e6 e2 c5 59 c3 7e 83 29 e3 a0 84 19 25 1a d0 db 2f db 7a 1b 8c e2 35 a6 b7 b4 d2 90 00 
<<<<
>>>>
13 75 00 00 00 
00 00 00 00 00 00 06 bd 90 00 
<<<<
>>>>
13 76 00 00 00 
71 4f 15 fd 18 c9 1c e7 1d 5a 74 0c bd 8c ad 9a d0 e1 1f d8 44 60 ae 0a 46 33 b8 1d 51 0b 3f d6 90 00 
<<<<
>>>>
13 77 00 00 08 00 00 00 00 00 00 06 bd 
bb e4 0b 4a c0 e6 e2 c5 59 c3 7e 83 29 e3 a0 84 19 25 1a d0 db 2f db 7a 1b 8c e2 35 a6 b7 b4 d2 90 00 
<<<<
>>>>
13 75 00 00 00 
00 00 00 00 00 00 06 be 90 00 
<<<<
>>>>
13 77 00 00 08 00 00 00 00 00 00 06 be 
71 4f 15 fd 18 c9 1c e7 1d 5a 74 0c bd 8c ad 9a d0 e1 1f d8 44 60 ae 0a 46 33 b8 1d 51 0b 3f d6 90 00 
<<<<
>>>>
13 76 00 00 00 
a1 92 2f 2c 21 a0 17 42 c6 04 5d 6a 28 b5 e4 7f 11 8e c3 f9 0d ec e9 2e 02 a8 15 7f d1 d1 43 ae 90 00 
<<<<
>>>>
13 75 00 00 00 
00 00 00 00 00 00 06 bf 90 00 
<<<<
>>>>
13 76 00 00 00 
7d 87 6f 76 c3 c9 0b 3d 9e 4d ed 81 d8 07 a0 7d e8 eb 76 6d ac 5d ec f1 aa 90 f4 b1 18 96 93 b4 90 00 
<<<<
>>>>
13 77 00 00 08 00 00 00 00 00 00 06 bf 
a1 92 2f 2c 21 a0 17 42 c6 04 5d 6a 28 b5 e4 7f 11 8e c3 f9 0d ec e9 2e 02 a8 15 7f d1 d1 43 ae 90 00 
<<<<
>>>>
13 75 00 00 00 
00 00 00 00 00 00 06 c0 90 00 
<<<<
>>>>
13 77 00 00 08 00 00 00 00 00 00 06 c0 
7d 87 6f 76 c3 c9 0b 3d 9e 4d ed 81 d8 07 a0 7d e8 eb 76 6d ac 5d ec f1 aa 90 f4 b1 18 96 93 b4 90 00 
<<<<
>>>>
13 76 00 00 00 
e9 8b 3f 6b 1c 6e 8a d6 4c 14 10 34 32 6c 48 cd 53 c8 6d 06 78 3a 03 b4 8b 8f 02 d0 24 9e ee da 90 00 
<<<<
>>>>
13 75 00 00 00 
00 00 00 00 00 00 06 c1 90 00 
<<<<
>>>>
13 76 00 00 00 
cb 27 64 be 33 cb d4 9b c0 15 1e e7 a6 23 a4 2d 6a 68 a7 6f 49 11 3d ce 6e 6b 1d f8 6e ae 1b 37 90 00 
<<<<
>>>>
13 77 00 00 08 00 00 00 00 00 00 06 c1 
e9 8b 3f 6b 1c 6e 8a d6 4c 14 10 34 32 6c 48 cd 53 c8 6d 06 78 3a 03 b4 8b 8f 02 d0 24 9e ee da 90 00 
<<<<
>>>>
13 75 00 00 00 
00 00 00 00 00 00 06 c2 90 00 
<<<<
>>>>
13 77 00 00 08 00 00 00 00 00 00 06 c2 
cb 27 64 be 33 cb d4 9b c0 15 1e e7 a6 23 a4 2d 6a 68 a7 6f 49 11 3d ce 6e 6b 1d f8 6e ae 1b 37 90 00 
<<<<
>>>>
13 76 00 00 00 
1a 7e f6 56 08 a3 72 77 3c 31 c4 81 05 72 1a ed 84 7d 6f 3b ed d2 37 40 a2 69 8b c5 05 10 93 33 90 00 
<<<<
>>>>
13 75 00 00 00 
00 00 00 00 00 00 06 c3 90 00 
<<<<
>>>>
13 76 00 00 00 
08 6b 3b ca f9 ba d2 9c fd 64 70 58 c8 6f 7c c8 3b 74 61 bd 7f 33 72 04 83 fb a0 ef 37 0d c9 06 90 00 
<<<<
>>>>
13 77 00 00 08 00 00 00 00 00 00 06 c3 
1a 7e f6 56 08 a3 72 77 3c 31 c4 81 05 72 1a ed 84 7d 6f 3b ed d2 37 40 a2 69 8b c5 05 10 93 33 90 00 
<<<<
>>>>
13 75 00 00 00 
00 00 00 00 00 00 06 c4 90 00 
<<<<
>>>>
13 77 00 00 08 00 00 00 00 00 00 06 c4 
08 6b 3b ca f9 ba d2 9c fd 64 70 58 c8 6f 7c c8 3b 74 61 bd 7f 33 72 04 83 fb a0 ef 37 0d c9 06 90 00 
<<<<
>>>>
13 76 00 00 00 
e3 84 26 39 60 88 7d 48 5b 93 3f 37 e0 69 d9 39 1b ca 03 5d a9 39 18 05 cc 66 b3 09 9b 35 b2 f8 90 00 
<<<<
>>>>
13 75 00 00 00 
00 00 00 00 00 00 06 c5 90 00 
<<<<
>>>>
13 76 00 00 00 
23 be 38 e1 8d 5f 30 52 b1 cb 78 0c 4d fa e6 cd 54 48 f3 2d 7a c1 df 00 22 f5 07 62 53 3a af 47 90 00 
<<<<
>>>>
13 77 00 00 08 00 00 00 00 00 00 06 c5 
e3 84 26 39 60 88 7d 48 5b 93 3f 37 e0 69 d9 39 1b ca 03 5d a9 39 18 05 cc 66 b3 09 9b 35 b2 f8 90 00 
<<<<
>>>>
13 75 00 00 00 
00 00 00 00 00 00 06 c6 90 00 
<<<<
>>>>
13 77 00 00 08 00 00 00 00 00 00 06 c6 
23 be 38 e1 8d 5f 30 52 b1 cb 78 0c 4d fa e6 cd 54 48 f3 2d 7a c1 df 00 22 f5 07 62 53 3a af 47 90 00 
<<<<
>>>>
13 76 00 00 00 
2d 13 e5 3e 65 15 d9 67 62 81 f1 d1 ae 43 c9 fc 8d 0b 4b 8e 2a 85 34 35 bd 05 4d fd 52 53 93 99 90 00 
<<<<
>>>>
13 75 00 00 00 
00 00 00 00 00 00 06 c7 90 00 
<<<<
>>>>
13 76 00 00 00 
47 e6 0e 1a 1c ca 68 4c 73 47 d7 7b eb 14 9f 03 19 c9 32 a1 98 d9 c4 56 c9 b5 7b 48 7e 83 5f 08 90 00 
<<<<
>>>>
13 77 00 00 08 00 00 00 00 00 00 06 c7 
2d 13 e5 3e 65 15 d9 67 62 81 f1 d1 ae 43 c9 fc 8d 0b 4b 8e 2a 85 34 35 bd 05 4d fd 52 53 93 99 90 00 
<<<<
>>>>
13 75 00 00 00 
00 00 00 00 00 00 06 c8 90 00 
<<<<
>>>>
13 77 00 00 08 00 00 00 00 00 00 06 c8 
47 e6 0e 1a 1c ca 68 4c 73 47 d7 7b eb 14 9f 03 19 c9 32 a1 98 d9 c4 56 c9 b5 7b 48 7e 83 5f 08 90 00 
<<<<
>>>>
13 76 00 00 00 
c9 7d 6c f2 55 a5 0f 9d 1e bb a6 07 c7 2b 2a 7a cc 6f 16 0a 4f 1d dc ab 0b 73 c9 24 05 72 14 13 90 00 
<<<<
>>>>
13 75 00 00 00 
00 00 00 00 00 00 06 c9 90 00 
<<<<
>>>>
13 76 00 00 00 
a8 28 02 c9 76 25 c0 ce 8a 7f 42 ae 98 73 df 95 53 39 08 80 c5 e9 7f 29 98 a8 5c 46 d7 0b f5 e0 90 00 
<<<<
>>>>
13 77 00 00 08 00 00 00 00 00 00 06 c9 
c9 7d 6c f2 55 a5 0f 9d 1e bb a6 07 c7 2b 2a 7a cc 6f 16 0a 4f 1d dc ab 0b 73 c9 24 05 72 14 13 90 00 
<<<<
>>>>
13 75 00 00 00 
00 00 00 00 00 00 06 ca 90 00 
<<<<
>>>>
13 77 00 00 08 00 00 00 00 00 00 06 ca 
a8 28 02 c9 76 25 c0 ce 8a 7f 42 ae 98 73 df 95 53 39 08 80 c5 e9 7f 29 98 a8 5c 46 d7 0b f5 e0 90 00 
<<<<
>>>>
13 76 00 00 00 
9e 92 66 63 72 15 62 c1 1e 84 6d 2e 26 a4 ca fb 10 fd 28 35 11 4f f6 65 85 70 59 10 0e 4d 24 f6 90 00 
<<<<
>>>>
13 75 00 00 00 
00 00 00 00 00 00 06 cb 90 00 
<<<<
>>>>
13 76 00 00 00 
d6 05 fc 6b e9 05 83 c1 8a 90 3f 0d c3 67 06 9d 93 33 32 f9 ea 31 78 3e 45 a3 8a 72 b3 7a 0e f0 90 00 
<<<<
>>>>
13 77 00 00 08 00 00 00 00 00 00 06 cb 
9e 92 66 63 72 15 62 c1 1e 84 6d 2e 26 a4 ca fb 10 fd 28 35 11 4f f6 65 85 70 59 10 0e 4d 24 f6 90 00 
<<<<
>>>>
13 75 00 00 00 
00 00 00 00 00 00 06 cc 90 00 
<<<<
>>>>
13 77 00 00 08 00 00 00 00 00 00 06 cc 
d6 05 fc 6b e9 05 83 c1 8a 90 3f 0d c3 67 06 9d 93 33 32 f9 ea 31 78 3e 45 a3 8a 72 b3 7a 0e f0 90 00 
<<<<
>>>>
13 76 00 00 00 
76 08 4a ac 08 e9 df bf bc f1 f9 11 cb 8e 83 79 3a 7d 8a a2 8e cf 7f cf 2c 24 9f 47 da 43 4f 9d 90 00 
<<<<
>>>>
13 75 00 00 00 
00 00 00 00 00 00 06 cd 90 00 
<<<<
>>>>
13 76 00 00 00 
3c 89 e2 7c d5 86 61 4d 3b fb 54 1f 70 d9 6a 76 1c 78 d6 f2 73 47 11 58 d0 e7 0f a6 64 b9 de 1c 90 00 
<<<<
>>>>
13 77 00 00 08 00 00 00 00 00 00 06 cd 
76 08 4a ac 08 e9 df bf bc f1 f9 11 cb 8e 83 79 3a 7d 8a a2 8e cf 7f cf 2c 24 9f 47 da 43 4f 9d 90 00 
<<<<
>>>>
13 75 00 00 00 
00 00 00 00 00 00 06 ce 90 00 
<<<<
>>>>
13 77 00 00 08 00 00 00 00 00 00 06 ce 
3c 89 e2 7c d5 86 61 4d 3b fb 54 1f 70 d9 6a 76 1c 78 d6 f2 73 47 11 58 d0 e7 0f a6 64 b9 de 1c 90 00 
<<<<
>>>>
13 76 00 00 00 
c9 d8 6c 67 5e 19 d1 8d ea 2f bd 43 0d b6 82 cb 13 67 95 b3 56 62 19 31 b3 9e 3d 4b ea bb e0 fc 90 00 
<<<<
>>>>
13 75 00 00 00 
00 00 00 00 00 00 06 cf 90 00 
<<<<
>>>>
13 76 00 00 00 
97 83 b3 6f 6c cc e6 1b 9c 90 f1 0f 25 00 6e a2 65 b1 77 82 04 3a ab 33 e2 59 9f 96 ae c5 d6 58 90 00 
<<<<
>>>>
13 77 00 00 08 00 00 00 00 00 00 06 cf 
c9 d8 6c 67 5e 19 d1 8d ea 2f bd 43 0d b6 82 cb 13 67 95 b3 56 62 19 31 b3 9e 3d 4b ea bb e0 fc 90 00 
<<<<
>>>>
13 75 00 00 00 
00 00 00 00 00 00 06 d0 90 00 
<<<<
>>>>
13 77 00 00 08 00 00 00 00 00 00 06 d0 
97 83 b3 6f 6c cc e6 1b 9c 90 f1 0f 25 00 6e a2 65 b1 77 82 04 3a ab 33 e2 59 9f 96 ae c5 d6 58 90 00 
<<<<
>>>>
13 76 00 00 00 
ce fb 31 3b 22 72 e3 0d 80 bb ac 30 98 ab 27 54 e6 4f 17 bf 53 2b c3 32 eb d3 55 8a 88 7e eb 6f 90 00 
<<<<
>>>>
13 75 00 00 00 
00 00 00 00 00 00 06 d1 90 00 
<<<<
>>>>
13 76 00 00 00 
45 ba d2 68 2d cf aa bf 45 df db b1 86 ae bb 4d ea a5 1b b0 66 f5 ff 34 26 a0 de 91 2c 38 e0 6d 90 00 
<<<<
>>>>
13 77 00 00 08 00 00 00 00 00 00 06 d1 
ce fb 31 3b 22 72 e3 0d 80 bb ac 30 98 ab 27 54 e6 4f 17 bf 53 2b c3 32 eb d3 55 8a 88 7e eb 6f 90 00 
<<<<
>>>>
13 75 00 00 00 
00 00 00 00 00 00 06 d2 90 00 
<<<<
>>>>
13 77 00 00 08 00 00 00 00 00 00 06 d2 
45 ba d2 68 2d cf aa bf 45 df db b1 86 ae bb 4d ea a5 1b b0 66 f5 ff 34 26 a0 de 91 2c 38 e0 6d 90 00 
<<<<
>>>>
13 76 00 00 00 
b5 d7 e0 73 cd 46 08 e6 46 61 88 a4 0a e6 ef 0a 90 91 74 d4 da 18 6b 76 1e 62 65 40 c8 63 f8 fd 90 00 
<<<<
>>>>
13 75 00 00 00 
00 00 00 00 00 00 06 d3 90 00 
<<<<
>>>>
13 76 00 00 00 
4b 09 a9 c9 05 62 65 f0 92 c5 33 07 94 75 ed 26 3b 95 a1 8e fb e3 0e 01 38 3d fa c9 77 b0 49 b7 90 00 
<<<<
>>>>
13 77 00 00 08 00 00 00 00 00 00 06 d3 
b5 d7 e0 73 cd 46 08 e6 46 61 88 a4 0a e6 ef 0a 90 91 74 d4 da 18 6b 76 1e 62 65 40 c8 63 f8 fd 90 00 
<<<<
>>>>
13 75 00 00 00 
00 00 00 00 00 00 06 d4 90 00 
<<<<
>>>>
13 77 00 00 08 00 00 00 00 00 00 06 d4 
4b 09 a9 c9 05 62 65 f0 92 c5 33 07 94 75 ed 26 3b 95 a1 8e fb e3 0e 01 38 3d fa c9 77 b0 49 b7 90 00 
<<<<
>>>>
13 76 00 00 00 
e7 c8 dd a8 0e 51 21 e7 db ea 46 ea 42 db 7e ec 7e 07 93 e0 5b ce d5 31 8d c5 97 6e 3a 66 91 77 90 00 
<<<<
>>>>
13 75 00 00 00 
00 00 00 00 00 00 06 d5 90 00 
<<<<
>>>>
13 76 00 00 00 
2c f4 18 56 a9 a5 7a aa 12 32 a5 10 d6 2d 8d ec 84 32 96 9f bc da 33 62 f2 7e d9 1d ec 72 da 8b 90 00 
<<<<
>>>>
13 77 00 00 08 00 00 00 00 00 00 06 d5 
e7 c8 dd a8 0e 51 21 e7 db ea 46 ea 42 db 7e ec 7e 07 93 e0 5b ce d5 31 8d c5 97 6e 3a 66 91 77 90 00 
<<<<
>>>>
13 75 00 00 00 
00 00 00 00 00 00 06 d6 90 00 
<<<<
>>>>
13 77 00 00 08 00 00 00 00 00 00 06 d6 
2c f4 18 56 a9 a5 7a aa 12 32 a5 10 d6 2d 8d ec 84 32 96 9f bc da 33 62 f2 7e d9 1d ec 72 da 8b 90 00 
<<<<
>>>>
13 76 00 00 00 
64 e0 3f b0 0e b3 6f 7e 67 59 96 99 6a b9 c6 24 80 02 5f 15 9f 29 92 c0 4f 51 a1 57 f0 41 20 f1 90 00 
<<<<
>>>>
13 75 00 00 00 
00 00 00 00 00 00 06 d7 90 00 
<<<<
>>>>
13 76 00 00 00 
b2 21 42 26 5c 28 1c af 00 c0 20 2a a2 64 b2 98 89 c8 89 9d e9 7c 20 c6 63 9f 3e 53 03 f9 85 cd 90 00 
<<<<
>>>>
13 77 00 00 08 00 00 00 00 00 00 06 d7 
64 e0 3f b0 0e b3 6f 7e 67 59 96 99 6a b9 c6 24 80 02 5f 15 9f 29 92 c0 4f 51 a1 57 f0 41 20 f1 90 00 
<<<<
>>>>
13 75 00 00 00 
00 00 00 00 00 00 06 d8 90 00 
<<<<
>>>>
13 77 00 00 08 00 00 00 00 00 00 06 d8 
b2 21 42 26 5c 28 1c af 00 c0 20 2a a2 64 b2 98 89 c8 89 9d e9 7c 20 c6 63 9f 3e 53 03 f9 85 cd 90 00 
<<<<
>>>>
13 76 00 00 00 
6c 2b 38 ac a2 32 50 6e 80 09 20 62 77 d3 9b c2 ee bb 41 d7 21 48 f0 43 df 1a 52 08 10 15 ca 9b 90 00 
<<<<
>>>>
13 75 00 00 00 
00 00 00 00 00 00 06 d9 90 00 
<<<<
>>>>
13 76 00 00 00 
e6 a7 d8 47 e5 a2 41 94 35 ee 68 11 3e 18 84 2b b7 57 48 e6 c3 03 c7 2d 41 c3 a2 de 9b aa 1e ed 90 00 
<<<<
>>>>
13 77 00 00 08 00 00 00 00 00 00 06 d9 
6c 2b 38 ac a2 32 50 6e 80 09 20 62 77 d3 9b c2 ee bb 41 d7 21 48 f0 43 df 1a 52 08 10 15 ca 9b 90 00 
<<<<
>>>>
13 75 00 00 00 
00 00 00 00 00 00 06 da 90 00 
<<<<
>>>>
13 77 00 00 08 00 00 00 00 00 00 06 da 
e6 a7 d8 47 e5 a2 41 94 35 ee 68 11 3e 18 84 2b b7 57 48 e6 c3 03 c7 2d 41 c3 a2 de 9b aa 1e ed 90 00 
<<<<
>>>>
13 76 00 00 00 
05 d5 40 a6 72 59 af 37 97 fd 1d 6a e7 ce 02 d5 00 9b 49 76 40 40 ac 7b 5b c1 91 ba 76 d3 99 9c 90 00 
<<<<
>>>>
13 75 00 00 00 
00 00 00 00 00 00 06 db 90 00 
<<<<
>>>>
13 76 00 00 00 
6f 31 56 54 7b 32 54 23 da 96 92 3e 5f 8b 0f ad ce dc ef 20 5f 91 98 e2 e9 53 a5 e5 52 38 22 6f 90 00 
<<<<
>>>>
13 77 00 00 08 00 00 00 00 00 00 06 db 
05 d5 40 a6 72 59 af 37 97 fd 1d 6a e7 ce 02 d5 00 9b 49 76 40 40 ac 7b 5b c1 91 ba 76 d3 99 9c 90 00 
<<<<
>>>>
13 75 00 00 00 
00 00 00 00 00 00 06 dc 90 00 
<<<<
>>>>
13 77 00 00 08 00 00 00 00 00 00 06 dc 
6f 31 56 54 7b 32 54 23 da 96 92 3e 5f 8b 0f ad ce dc ef 20 5f 91 98 e2 e9 53 a5 e5 52 38 22 6f 90 00 
<<<<
>>>>
13 76 00 00 00 
46 cb 68 6f 74 95 b1 ae a4 8b 2a eb 14 03 4a b2 fd 30 e0 37 d6 60 16 a5 32 26 9f 78 43 6b 4c 70 90 00 
<<<<
>>>>
13 75 00 00 00 
00 00 00 00 00 00 06 dd 90 00 
<<<<
>>>>
13 76 00 00 00 
c1 42 ce 09 00 74 01 18 f2 59 ce 25 af 14 5f 35 03 6e 34 35 16 c9 17 db d3 ca a6 1a a9 85 f6 2b 90 00 
<<<<
>>>>
13 77 00 00 08 00 00 00 00 00 00 06 dd 
46 cb 68 6f 74 95 b1 ae a4 8b 2a eb 14 03 4a b2 fd 30 e0 37 d6 60 16 a5 32 26 9f 78 43 6b 4c 70 90 00 
<<<<
>>>>
13 75 00 00 00 
00 00 00 00 00 00 06 de 90 00 
<<<<
>>>>
13 77 00 00 08 00 00 00 00 00 00 06 de 
c1 42 ce 09 00 74 01 18 f2 59 ce 25 af 14 5f 35 03 6e 34 35 16 c9 17 db d3 ca a6 1a a9 85 f6 2b 90 00 
<<<<
>>>>
13 76 00 00 00 
a4 3e 36 98 12 4f 03 79 9f cd 2a c6 fd cb a5 e0 ed 5a bb 8e 1f b1 aa 1d b7 9c 8c 19 d8 b4 bd d9 90 00 
<<<<
>>>>
13 75 00 00 00 
00 00 00 00 00 00 06 df 90 00 
<<<<
>>>>
13 76 00 00 00 
15 9a e5 5f 18 d5 29 1a 4e dd 4e 8a 38 aa 7f d0 58 fe 1c 3d cd d6 33 81 b5 5c 4f 04 f4 63 1b e2 90 00 
<<<<
>>>>
13 77 00 00 08 00 00 00 00 00 00 06 df 
a4 3e 36 98 12 4f 03 79 9f cd 2a c6 fd cb a5 e0 ed 5a bb 8e 1f b1 aa 1d b7 9c 8c 19 d8 b4 bd d9 90 00 
<<<<
>>>>
13 75 00 00 00 
00 00 00 00 00 00 06 e0 90 00 
<<<<
>>>>
13 77 00 00 08 00 00 00 00 00 00 06 e0 
15 9a e5 5f 18 d5 29 1a 4e dd 4e 8a 38 aa 7f d0 58 fe 1c 3d cd d6 33 81 b5 5c 4f 04 f4 63 1b e2 90 00 
<<<<
>>>>
13 76 00 00 00 
83 c0 a4 84 f4 b9 61 b4 7c 97 77 e3 00 6a a7 eb dc 38 b5 bb ad fc a6 cd dc 97 31 69 a7 1d 32 a4 90 00 
<<<<
>>>>
13 75 00 00 00 
00 00 00 00 00 00 06 e1 90 00 
<<<<
>>>>
13 76 00 00 00 
e0 59 00 fa 68 1a f1 0f f8 d9 79 be 51 12 b1 75 aa 63 f8 3b df e2 57 4d 90 35 ea 6c 82 ae 9d 31 90 00 
<<<<
>>>>
13 77 00 00 08 00 00 00 00 00 00 06 e1 
83 c0 a4 84 f4 b9 61 b4 7c 97 77 e3 00 6a a7 eb dc 38 b5 bb ad fc a6 cd dc 97 31 69 a7 1d 32 a4 90 00 
<<<<
>>>>
13 75 00 00 00 
00 00 00 00 00 00 06 e2 90 00 
<<<<
>>>>
13 77 00 00 08 00 00 00 00 00 00 06 e2 
e0 59 00 fa 68 1a f1 0f f8 d9 79 be 51 12 b1 75 aa 63 f8 3b df e2 57 4d 90 35 ea 6c 82 ae 9d 31 90 00 
<<<<
>>>>
13 76 00 00 00 
ac 5d fb 2f 9c e1 48 34 91 1a 16 ec b1 b4 3a c9 2b 01 8b b0 ad 6a 53 36 73 e6 1d 41 9d a0 b8 b3 90 00 
<<<<
>>>>
13 75 00 00 00 
00 00 00 00 00 00 06 e3 90 00 
<<<<
>>>>
13 76 00 00 00 
c1 66 5a 6c 70 1e bb f9 c7 cd 2a 1f d0 20 0b 55 01 e7 e4 c6 03 5b d8 78 d5 9f 20 94 4a 8e b2 a2 90 00 
<<<<
>>>>
13 77 00 00 08 00 00 00 00 00 00 06 e3 
ac 5d fb 2f 9c e1 48 34 91 1a 16 ec b1 b4 3a c9 2b 01 8b b0 ad 6a 53 36 73 e6 1d 41 9d a0 b8 b3 90 00 
<<<<
>>>>
13 75 00 00 00 
00 00 00 00 00 00 06 e4 90 00 
<<<<
>>>>
13 77 00 00 08 00 00 00 00 00 00 06 e4 
c1 66 5a 6c 70 1e bb f9 c7 cd 2a 1f d0 20 0b 55 01 e7 e4 c6 03 5b d8 78 d5 9f 20 94 4a 8e b2 a2 90 00 
<<<<
>>>>
13 76 00 00 00 
9e ba 3e df 81 2c 10 21 36 29 bb ed 84 46 d4 7d b9 63 d8 3e d1 89 f0 71 3d 8d ed 64 b3 ca d7 e9 90 00 
<<<<
>>>>
13 75 00 00 00 
00 00 00 00 00 00 06 e5 90 00 
<<<<
>>>>
13 76 00 00 00 
38 2f a3 b3 5c 72 43 b2 ac 46 eb f4 d0 33 30 31 a9 69 9f 39 b6 61 1f 36 68 b5 d8 d2 00 a5 1a e4 90 00 
<<<<
>>>>
13 77 00 00 08 00 00 00 00 00 00 06 e5 
9e ba 3e df 81 2c 10 21 36 29 bb ed 84 46 d4 7d b9 63 d8 3e d1 89 f0 71 3d 8d ed 64 b3 ca d7 e9 90 00 
<<<<
>>>>
13 75 00 00 00 
00 00 00 00 00 00 06 e6 90 00 
<<<<
>>>>
13 77 00 00 08 00 00 00 00 00 00 06 e6 
38 2f a3 b3 5c 72 43 b2 ac 46 eb f4 d0 33 30 31 a9 69 9f 39 b6 61 1f 36 68 b5 d8 d2 00 a5 1a e4 90 00 
<<<<
>>>>
13 76 00 00 00 
13 2b 5a d3 04 15 4b a7 85 62 b7 f4 8f 86 2e 44 8a 58 74 83 b3 bb 42 be b1 31 99 73 40 89 7c 56 90 00 
<<<<
>>>>
13 75 00 00 00 
00 00 00 00 00 00 06 e7 90 00 
<<<<
>>>>
13 76 00 00 00 
32 40 58 d0 e6 74 85 7a 21 9b d3 26 be c1 93 92 ce 36 27 a9 0f 9d 62 1d 0a 5c fa 08 73 46 fe d8 90 00 
<<<<
>>>>
13 77 00 00 08 00 00 00 00 00 00 06 e7 
13 2b 5a d3 04 15 4b a7 85 62 b7 f4 8f 86 2e 44 8a 58 74 83 b3 bb 42 be b1 31 99 73 40 89 7c 56 90 00 
<<<<
>>>>
13 75 00 00 00 
00 00 00 00 00 00 06 e8 90 00 
<<<<
>>>>
13 77 00 00 08 00 00 00 00 00 00 06 e8 
32 40 58 d0 e6 74 85 7a 21 9b d3 26 be c1 93 92 ce 36 27 a9 0f 9d 62 1d 0a 5c fa 08 73 46 fe d8 90 00 
<<<<
>>>>
13 76 00 00 00 
32 b2 96 66 fb 82 ea 57 01 4b b6 fc cd 3f 6f f8 70 af 2c c0 c5 3f e4 d4 52 ee 06 de 8f 55 0b 3a 90 00 
<<<<
>>>>
13 75 00 00 00 
00 00 00 00 00 00 06 e9 90 00 
<<<<
>>>>
13 76 00 00 00 
90 ce d1 3f da df 83 6b 10 b9 0d a9 71 ab 7a 5f 94 24 84 2d f2 68 57 5e a7 70 8c 0c 4a 40 15 82 90 00 
<<<<
>>>>
13 77 00 00 08 00 00 00 00 00 00 06 e9 
32 b2 96 66 fb 82 ea 57 01 4b b6 fc cd 3f 6f f8 70 af 2c c0 c5 3f e4 d4 52 ee 06 de 8f 55 0b 3a 90 00 
<<<<
>>>>
13 75 00 00 00 
00 00 00 00 00 00 06 ea 90 00 
<<<<
>>>>
13 77 00 00 08 00 00 00 00 00 00 06 ea 
90 ce d1 3f da df 83 6b 10 b9 0d a9 71 ab 7a 5f 94 24 84 2d f2 68 57 5e a7 70 8c 0c 4a 40 15 82 90 00 
<<<<
>>>>
13 76 00 00 00 
3a 64 c1 84 dc 40 23 c3 ac 30 0c e2 aa 53 57 b7 c9 25 cb 6c d2 25 72 f6 87 fd 36 08 73 8f f1 0f 90 00 
<<<<
>>>>
13 75 00 00 00 
00 00 00 00 00 00 06 eb 90 00 
<<<<
>>>>
13 76 00 00 00 
68 14 c4 aa 6b a9 1f 20 71 9f 2a 00 1d df af eb f5 87 24 73 8a 62 21 3c 1e 02 a0 bb 30 0e 38 3a 90 00 
<<<<
>>>>
13 77 00 00 08 00 00 00 00 00 00 06 eb 
3a 64 c1 84 dc 40 23 c3 ac 30 0c e2 aa 53 57 b7 c9 25 cb 6c d2 25 72 f6 87 fd 36 08 73 8f f1 0f 90 00 
<<<<
>>>>
13 75 00 00 00 
00 00 00 00 00 00 06 ec 90 00 
<<<<
>>>>
13 77 00 00 08 00 00 00 00 00 00 06 ec 
68 14 c4 aa 6b a9 1f 20 71 9f 2a 00 1d df af eb f5 87 24 73 8a 62 21 3c 1e 02 a0 bb 30 0e 38 3a 90 00 
<<<<
>>>>
13 76 00 00 00 
c8 bf b0 dd f8 cd 07 06 7c 31 1f 9e e4 4b 54 0a 56 c5 6f f4 a4 f6 e4 79 1d 2d 3a 2f 53 f4 98 4b 90 00 
<<<<
>>>>
13 75 00 00 00 
00 00 00 00 00 00 06 ed 90 00 
<<<<
>>>>
13 76 00 00 00 
3f 8f d3 e1 69 3a 56 37 65 91 59 0c d3 9f 14 85 08 04 a9 b0 60 f2 3e 8e e7 15 33 7f 4f ff 97 4d 90 00 
<<<<
>>>>
13 77 00 00 08 00 00 00 00 00 00 06 ed 
c8 bf b0 dd f8 cd 07 06 7c 31 1f 9e e4 4b 54 0a 56 c5 6f f4 a4 f6 e4 79 1d 2d 3a 2f 53 f4 98 4b 90 00 
<<<<
>>>>
13 75 00 00 00 
00 00 00 00 00 00 06 ee 90 00 
<<<<
>>>>
13 77 00 00 08 00 00 00 00 00 00 06 ee 
3f 8f d3 e1 69 3a 56 37 65 91 59 0c d3 9f 14 85 08 04 a9 b0 60 f2 3e 8e e7 15 33 7f 4f ff 97 4d 90 00 
<<<<
>>>>
13 76 00 00 00 
c5 21 9f 8a 0d 51 ef dd ba 70 16 11 9c b2 f4 a8 8e ac 52 27 2d 2c 56 f9 70 9e 70 41 1a f0 cf 49 90 00 
<<<<
>>>>
13 75 00 00 00 
00 00 00 00 00 00 06 ef 90 00 
<<<<
>>>>
13 76 00 00 00 
83 4a 4f 77 45 58 77 c7 af 71 ae 5e eb 5c 74 66 f6 dc ab f6 f9 f0 f9 90 c8 58 4b ce 9b aa 55 07 90 00 
<<<<
>>>>
13 77 00 00 08 00 00 00 00 00 00 06 ef 
c5 21 9f 8a 0d 51 ef dd ba 70 16 11 9c b2 f4 a8 8e ac 52 27 2d 2c 56 f9 70 9e 70 41 1a f0 cf 49 90 00 
<<<<
>>>>
13 75 00 00 00 
00 00 00 00 00 00 06 f0 90 00 
<<<<
>>>>
13 77 00 00 08 00 00 00 00 00 00 06 f0 
83 4a 4f 77 45 58 77 c7 af 71 ae 5e eb 5c 74 66 f6 dc ab f6 f9 f0 f9 90 c8 58 4b ce 9b aa 55 07 90 00 
<<<<
>>>>
13 76 00 00 00 
fc 4e d4 f2 7d 84 84 d5 14 6f 0e 0f 63 bd 00 97 68 c8 43 34 a3 7f 88 ef cd c1 30 5a 02 44 b8 4f 90 00 
<<<<
>>>>
13 75 00 00 00 
00 00 00 00 00 00 06 f1 90 00 
<<<<
>>>>
13 76 00 00 00 
85 db e7 0e cc e7 73 61 c0 e1 35 db 03 d7 b4 54 c7 b9 03 bf 53 d7 01 d7 12 0b ce 36 e2 5f 3d 90 90 00 
<<<<
>>>>
13 77 00 00 08 00 00 00 00 00 00 06 f1 
fc 4e d4 f2 7d 84 84 d5 14 6f 0e 0f 63 bd 00 97 68 c8 43 34 a3 7f 88 ef cd c1 30 5a 02 44 b8 4f 90 00 
<<<<
>>>>
13 75 00 00 00 
00 00 00 00 00 00 06 f2 90 00 
<<<<
>>>>
13 77 00 00 08 00 00 00 00 00 00 06 f2 
85 db e7 0e cc e7 73 61 c0 e1 35 db 03 d7 b4 54 c7 b9 03 bf 53 d7 01 d7 12 0b ce 36 e2 5f 3d 90 90 00 
<<<<
>>>>
13 76 00 00 00 
71 f1 70 53 c7 77 da 40 4d 28 f2 82 1e 4c 1f 3b 70 5d c7 ff f7 1a e3 42 a9 b6 33 3c 42 f3 f8 76 90 00 
<<<<
>>>>
13 75 00 00 00 
00 00 00 00 00 00 06 f3 90 00 
<<<<
>>>>
13 76 00 00 00 
f9 65 cd 67 9d b4 87 e9 81 c8 17 34 7c c4 0d 8e 80 8e ec da 07 70 2b 47 1f 13 f5 f9 b7 3d f8 10 90 00 
<<<<
>>>>
13 77 00 00 08 00 00 00 00 00 00 06 f3 
71 f1 70 53 c7 77 da 40 4d 28 f2 82 1e 4c 1f 3b 70 5d c7 ff f7 1a e3 42 a9 b6 33 3c 42 f3 f8 76 90 00 
<<<<
>>>>
13 75 00 00 00 
00 00 00 00 00 00 06 f4 90 00 
<<<<
>>>>
13 77 00 00 08 00 00 00 00 00 00 06 f4 
f9 65 cd 67 9d b4 87 e9 81 c8 17 34 7c c4 0d 8e 80 8e ec da 07 70 2b 47 1f 13 f5 f9 b7 3d f8 10 90 00 
<<<<
>>>>
13 76 00 00 00 
c5 c2 6f 69 4a 98 c0 6a df fc b7 51 4b 5b 71 cb 0a d7 48 ef 32 30 55 38 60 b8 a6 ce ce 31 e2 36 90 00 
<<<<
>>>>
13 75 00 00 00 
00 00 00 00 00 00 06 f5 90 00 
<<<<
>>>>
13 76 00 00 00 
c0 52 a9 a2 96 43 2c ef ad 16 2b 2b c7 90 8d e1 c8 fe 06 00 29 40 2b cb 14 95 9e 75 97 25 42 0e 90 00 
<<<<
>>>>
13 77 00 00 08 00 00 00 00 00 00 06 f5 
c5 c2 6f 69 4a 98 c0 6a df fc b7 51 4b 5b 71 cb 0a d7 48 ef 32 30 55 38 60 b8 a6 ce ce 31 e2 36 90 00 
<<<<
>>>>
13 75 00 00 00 
00 00 00 00 00 00 06 f6 90 00 
<<<<
>>>>
13 77 00 00 08 00 00 00 00 00 00 06 f6 
c0 52 a9 a2 96 43 2c ef ad 16 2b 2b c7 90 8d e1 c8 fe 06 00 29 40 2b cb 14 95 9e 75 97 25 42 0e 90 00 
<<<<
>>>>
13 76 00 00 00 
a8 a5 67 09 97 39 81 2b 4d e2 a3 65 7f 87 03 fe 1a a2 19 cb 08 5a 99 4c 25 7f 88 48 1f 45 07 3c 90 00 
<<<<
>>>>
13 75 00 00 00 
00 00 00 00 00 00 06 f7 90 00 
<<<<
>>>>
13 76 00 00 00 
59 ef 3d 39 13 d4 9e 8b e8 56 f0 5d 7c c0 63 2a 83 ba b8 89 46 88 88 1c e0 8c aa 6d f4 e7 ea 6f 90 00 
<<<<
>>>>
13 77 00 00 08 00 00 00 00 00 00 06 f7 
a8 a5 67 09 97 39 81 2b 4d e2 a3 65 7f 87 03 fe 1a a2 19 cb 08 5a 99 4c 25 7f 88 48 1f 45 07 3c 90 00 
<<<<
>>>>
13 75 00 00 00 
00 00 00 00 00 00 06 f8 90 00 
<<<<
>>>>
13 77 00 00 08 00 00 00 00 00 00 06 f8 
59 ef 3d 39 13 d4 9e 8b e8 56 f0 5d 7c c0 63 2a 83 ba b8 89 46 88 88 1c e0 8c aa 6d f4 e7 ea 6f 90 00 
<<<<
>>>>
13 76 00 00 00 
2a 94 54 e5 43 57 d0 90 01 bb cb be 9a 76 b6 ce 60 17 26 13 81 1f 40 d3 8d 84 80 bd 1e 76 84 7e 90 00 
<<<<
>>>>
13 75 00 00 00 
00 00 00 00 00 00 06 f9 90 00 
<<<<
>>>>
13 76 00 00 00 
e9 1b 36 8e 7c 3d 6f 47 30 c7 2a e3 e0 67 95 1a 2c 50 8d ed 24 ab c7 71 70 e2 c6 c5 67 7d ef 2d 90 00 
<<<<
>>>>
13 77 00 00 08 00 00 00 00 00 00 06 f9 
2a 94 54 e5 43 57 d0 90 01 bb cb be 9a 76 b6 ce 60 17 26 13 81 1f 40 d3 8d 84 80 bd 1e 76 84 7e 90 00 
<<<<
>>>>
13 75 00 00 00 
00 00 00 00 00 00 06 fa 90 00 
<<<<
>>>>
13 77 00 00 08 00 00 00 00 00 00 06 fa 
e9 1b 36 8e 7c 3d 6f 47 30 c7 2a e3 e0 67 95 1a 2c 50 8d ed 24 ab c7 71 70 e2 c6 c5 67 7d ef 2d 90 00 
<<<<
>>>>
13 76 00 00 00 
4b 5b d1 65 49 aa ef 65 d9 e3 aa 45 4e 9b d2 9b ba b4 da 5e e7 de 50 3d d2 43 7c 15 a7 bc 32 43 90 00 
<<<<
>>>>
13 75 00 00 00 
00 00 00 00 00 00 06 fb 90 00 
<<<<
>>>>
13 76 00 00 00 
bc 0a d6 a3 9b ab b0 01 97 26 e7 24 1f fd c0 4d a1 78 a9 d9 41 ac 9c 87 97 75 5b 63 cc 1c 52 b2 90 00 
<<<<
>>>>
13 77 00 00 08 00 00 00 00 00 00 06 fb 
4b 5b d1 65 49 aa ef 65 d9 e3 aa 45 4e 9b d2 9b ba b4 da 5e e7 de 50 3d d2 43 7c 15 a7 bc 32 43 90 00 
<<<<
>>>>
13 75 00 00 00 
00 00 00 00 00 00 06 fc 90 00 
<<<<
>>>>
13 77 00 00 08 00 00 00 00 00 00 06 fc 
bc 0a d6 a3 9b ab b0 01 97 26 e7 24 1f fd c0 4d a1 78 a9 d9 41 ac 9c 87 97 75 5b 63 cc 1c 52 b2 90 00 
<<<<
>>>>
13 76 00 00 00 
5b 90 6f 20 4c c6 f1 a0 9c b6 92 14 12 05 84 b1 30 3e fb 58 93 14 08 36 f2 4c 29 d0 81 06 c3 05 90 00 
<<<<
>>>>
13 75 00 00 00 
00 00 00 00 00 00 06 fd 90 00 
<<<<
>>>>
13 76 00 00 00 
df d5 1c 60 9d 13 bf 33 9c 53 f4 f5 77 21 7c 37 a0 41 4b ca ee 27 37 bb e2 9a f5 db 48 ec d3 e6 90 00 
<<<<
>>>>
13 77 00 00 08 00 00 00 00 00 00 06 fd 
5b 90 6f 20 4c c6 f1 a0 9c b6 92 14 12 05 84 b1 30 3e fb 58 93 14 08 36 f2 4c 29 d0 81 06 c3 05 90 00 
<<<<
>>>>
13 75 00 00 00 
00 00 00 00 00 00 06 fe 90 00 
<<<<
>>>>
13 77 00 00 08 00 00 00 00 00 00 06 fe 
df d5 1c 60 9d 13 bf 33 9c 53 f4 f5 77 21 7c 37 a0 41 4b ca ee 27 37 bb e2 9a f5 db 48 ec d3 e6 90 00 
<<<<
>>>>
13 76 00 00 00 
93 bb 21 3d d1 8c ec 92 8e 62 65 9c 96 ac c4 90 67 50 01 e8 d6 aa 05 85 c4 99 92 85 60 4b fe a1 90 00 
<<<<
>>>>
13 75 00 00 00 
00 00 00 00 00 00 06 ff 90 00 
<<<<
>>>>
13 76 00 00 00 
6a 2e fc 74 47 f4 c6 57 70 18 6c 03 9e 11 66 67 47 0b 0f 71 fe 85 47 bb aa 16 92 76 37 db 1e 9a 90 00 
<<<<
>>>>
13 77 00 00 08 00 00 00 00 00 00 06 ff 
93 bb 21 3d d1 8c ec 92 8e 62 65 9c 96 ac c4 90 67 50 01 e8 d6 aa 05 85 c4 99 92 85 60 4b fe a1 90 00 
<<<<
>>>>
13 75 00 00 00 
00 00 00 00 00 00 07 00 90 00 
<<<<
>>>>
13 77 00 00 08 00 00 00 00 00 00 07 00 
6a 2e fc 74 47 f4 c6 57 70 18 6c 03 9e 11 66 67 47 0b 0f 71 fe 85 47 bb aa 16 92 76 37 db 1e 9a 90 00 
<<<<
>>>>
13 76 00 00 00 
62 c4 81 23 3a 38 c0 e8 27 bd 86 e0 84 fe 60 da 5d f5 58 55 c4 83 d5 a8 fb 33 2e 93 ae 76 be 10 90 00 
<<<<
>>>>
13 75 00 00 00 
00 00 00 00 00 00 07 01 90 00 
<<<<
>>>>
13 76 00 00 00 
8c 57 14 0b ad 03 47 44 63 09 a8 dd 3a 6f 57 ec 9e 3e 04 93 3a 4b ce f6 a4 94 d4 d5 84 68 d2 59 90 00 
<<<<
>>>>
13 77 00 00 08 00 00 00 00 00 00 07 01 
62 c4 81 23 3a 38 c0 e8 27 bd 86 e0 84 fe 60 da 5d f5 58 55 c4 83 d5 a8 fb 33 2e 93 ae 76 be 10 90 00 
<<<<
>>>>
13 75 00 00 00 
00 00 00 00 00 00 07 02 90 00 
<<<<
>>>>
13 77 00 00 08 00 00 00 00 00 00 07 02 
8c 57 14 0b ad 03 47 44 63 09 a8 dd 3a 6f 57 ec 9e 3e 04 93 3a 4b ce f6 a4 94 d4 d5 84 68 d2 59 90 00 
<<<<
>>>>
13 76 00 00 00 
5d ec 8a 7c b2 71 42 9d af c4 c8 ca 98 e1 13 0b c8 1b 98 36 22 e6 4e c5 f7 a7 6a 71 6a eb de d5 90 00 
<<<<
>>>>
13 75 00 00 00 
00 00 00 00 00 00 07 03 90 00 
<<<<
>>>>
13 76 00 00 00 
37 c2 2f 43 5e 65 f5 b8 01 79 4b 56 f7 be fd e3 d8 44 a6 56 f4 b7 47 da f7 6a 49 f4 44 29 a3 db 90 00 
<<<<
>>>>
13 77 00 00 08 00 00 00 00 00 00 07 03 
5d ec 8a 7c b2 71 42 9d af c4 c8 ca 98 e1 13 0b c8 1b 98 36 22 e6 4e c5 f7 a7 6a 71 6a eb de d5 90 00 
<<<<
>>>>
13 75 00 00 00 
00 00 00 00 00 00 07 04 90 00 
<<<<
>>>>
13 77 00 00 08 00 00 00 00 00 00 07 04 
37 c2 2f 43 5e 65 f5 b8 01 79 4b 56 f7 be fd e3 d8 44 a6 56 f4 b7 47 da f7 6a 49 f4 44 29 a3 db 90 00 
<<<<
>>>>
13 76 00 00 00 
d8 24 4c 9a 30 93 69 9b 22 26 27 61 23 be 22 96 ac a4 cc d3 8a d0 51 02 ba fa 36 61 de 9c ac db 90 00 
<<<<
>>>>
13 75 00 00 00 
00 00 00 00 00 00 07 05 90 00 
<<<<
>>>>
13 76 00 00 00 
f0 f7 ee 9d 6f 1f aa dd 2f ee d3 8f db 62 39 c0 09 6e ee 3d fb a9 d6 55 b2 af 32 3b f8 90 8e 85 90 00 
<<<<
>>>>
13 77 00 00 08 00 00 00 00 00 00 07 05 
d8 24 4c 9a 30 93 69 9b 22 26 27 61 23 be 22 96 ac a4 cc d3 8a d0 51 02 ba fa 36 61 de 9c ac db 90 00 
<<<<
>>>>
13 75 00 00 00 
00 00 00 00 00 00 07 06 90 00 
<<<<
>>>>
13 77 00 00 08 00 00 00 00 00 00 07 06 
f0 f7 ee 9d 6f 1f aa dd 2f ee d3 8f db 62 39 c0 09 6e ee 3d fb a9 d6 55 b2 af 32 3b f8 90 8e 85 90 00 
<<<<
>>>>
13 76 00 00 00 
53 0c b7 df ee 7e 60 12 32 b0 90 2c 3d 45 ca 7f 08 b7 6c 6b 29 00 6b 2f 52 09 49 3a 6a 6c 2e 3c 90 00 
<<<<
>>>>
13 75 00 00 00 
00 00 00 00 00 00 07 07 90 00 
<<<<
>>>>
13 76 00 00 00 
3e 8d 69 98 47 db 86 45 2c b9 d3 1e 74 81 31 c6 9f 93 32 21 ec b3 b5 06 0e b1 71 38 6b 15 1a d6 90 00 
<<<<
>>>>
13 77 00 00 08 00 00 00 00 00 00 07 07 
53 0c b7 df ee 7e 60 12 32 b0 90 2c 3d 45 ca 7f 08 b7 6c 6b 29 00 6b 2f 52 09 49 3a 6a 6c 2e 3c 90 00 
<<<<
>>>>
13 75 00 00 00 
00 00 00 00 00 00 07 08 90 00 
<<<<
>>>>
13 77 00 00 08 00 00 00 00 00 00 07 08 
3e 8d 69 98 47 db 86 45 2c b9 d3 1e 74 81 31 c6 9f 93 32 21 ec b3 b5 06 0e b1 71 38 6b 15 1a d6 90 00 
<<<<
>>>>
13 76 00 00 00 
01 63 29 38 24 4b 28 15 d9 59 fd 29 d2 00 95 27 94 cd 9b fb c1 bf fb 6a 7a 95 09 cf 0e 80 c0 4c 90 00 
<<<<
>>>>
13 75 00 00 00 
00 00 00 00 00 00 07 09 90 00 
<<<<
>>>>
13 76 00 00 00 
82 6a 7f e3 aa 61 d7 86 f0 75 cb 45 e5 0a 35 c7 78 bd 95 bd a0 51 30 97 ad 48 62 1c d3 4f 63 7a 90 00 
<<<<
>>>>
13 77 00 00 08 00 00 00 00 00 00 07 09 
01 63 29 38 24 4b 28 15 d9 59 fd 29 d2 00 95 27 94 cd 9b fb c1 bf fb 6a 7a 95 09 cf 0e 80 c0 4c 90 00 
<<<<
>>>>
13 75 00 00 00 
00 00 00 00 00 00 07 0a 90 00 
<<<<
>>>>
13 77 00 00 08 00 00 00 00 00 00 07 0a 
82 6a 7f e3 aa 61 d7 86 f0 75 cb 45 e5 0a 35 c7 78 bd 95 bd a0 51 30 97 ad 48 62 1c d3 4f 63 7a 90 00 
<<<<
>>>>
13 76 00 00 00 
62 6f e3 b4 db 68 22 07 fe 88 2e 8c bf 14 90 3c 16 70 d3 c8 cb 6a 06 87 a7 82 2c c5 c5 74 2d 45 90 00 
<<<<
>>>>
13 75 00 00 00 
00 00 00 00 00 00 07 0b 90 00 
<<<<
>>>>
13 76 00 00 00 
2e ef 4e 26 36 97 30 c2 8e 5f 99 81 99 87 d6 5b a4 dc 3c 75 d8 09 64 65 dc 7c 10 57 ab 5e 8d 0b 90 00 
<<<<
>>>>
13 77 00 00 08 00 00 00 00 00 00 07 0b 
62 6f e3 b4 db 68 22 07 fe 88 2e 8c bf 14 90 3c 16 70 d3 c8 cb 6a 06 87 a7 82 2c c5 c5 74 2d 45 90 00 
<<<<
>>>>
13 75 00 00 00 
00 00 00 00 00 00 07 0c 90 00 
<<<<
>>>>
13 77 00 00 08 00 00 00 00 00 00 07 0c 
2e ef 4e 26 36 97 30 c2 8e 5f 99 81 99 87 d6 5b a4 dc 3c 75 d8 09 64 65 dc 7c 10 57 ab 5e 8d 0b 90 00 
<<<<
>>>>
13 76 00 00 00 
ea 71 a9 17 e8 68 aa fa 27 18 d9 28 91 c9 43 76 6b af a1 a5 8c 57 1b 70 7c 4c e3 df be 21 6a d7 90 00 
<<<<
>>>>
13 75 00 00 00 
00 00 00 00 00 00 07 0d 90 00 
<<<<
>>>>
13 76 00 00 00 
3e 6a 29 34 4e 14 44 46 86 42 fb 4f 61 6e 95 cc 8c 11 dc 62 e3 47 c5 e9 d6 15 75 a3 97 06 77 44 90 00 
<<<<
>>>>
13 77 00 00 08 00 00 00 00 00 00 07 0d 
ea 71 a9 17 e8 68 aa fa 27 18 d9 28 91 c9 43 76 6b af a1 a5 8c 57 1b 70 7c 4c e3 df be 21 6a d7 90 00 
<<<<
>>>>
13 75 00 00 00 
00 00 00 00 00 00 07 0e 90 00 
<<<<
>>>>
13 77 00 00 08 00 00 00 00 00 00 07 0e 
3e 6a 29 34 4e 14 44 46 86 42 fb 4f 61 6e 95 cc 8c 11 dc 62 e3 47 c5 e9 d6 15 75 a3 97 06 77 44 90 00 
<<<<
>>>>
13 76 00 00 00 
5f 34 e2 b4 20 ca 04 c2 0a da 52 9d 24 70 48 3f 22 b3 87 f1 b1 c1 df 73 77 8d 5b 62 c1 4e e8 79 90 00 
<<<<
>>>>
13 75 00 00 00 
00 00 00 00 00 00 07 0f 90 00 
<<<<
>>>>
13 76 00 00 00 
38 da 7d aa 67 1a 85 a0 97 58 b1 e3 de 43 11 35 21 d7 a9 2e 76 56 6d 10 51 f4 41 09 ea 9d 7e c7 90 00 
<<<<
>>>>
13 77 00 00 08 00 00 00 00 00 00 07 0f 
5f 34 e2 b4 20 ca 04 c2 0a da 52 9d 24 70 48 3f 22 b3 87 f1 b1 c1 df 73 77 8d 5b 62 c1 4e e8 79 90 00 
<<<<
>>>>
13 75 00 00 00 
00 00 00 00 00 00 07 10 90 00 
<<<<
>>>>
13 77 00 00 08 00 00 00 00 00 00 07 10 
38 da 7d aa 67 1a 85 a0 97 58 b1 e3 de 43 11 35 21 d7 a9 2e 76 56 6d 10 51 f4 41 09 ea 9d 7e c7 90 00 
<<<<
>>>>
13 76 00 00 00 
19 a2 dc 49 82 f3 4d 7e 37 5f 78 fe d6 34 1e 53 5c 59 e5 a9 2e 05 64 62 91 10 89 9b 98 e3 96 5b 90 00 
<<<<
>>>>
13 75 00 00 00 
00 00 00 00 00 00 07 11 90 00 
<<<<
>>>>
13 76 00 00 00 
da 93 0a 1e 39 1e 13 d2 d8 7c 5c 8c 56 a8 48 57 e9 f6 a2 99 96 7d 37 3d 28 9a 87 71 3c 83 13 70 90 00 
<<<<
>>>>
13 77 00 00 08 00 00 00 00 00 00 07 11 
19 a2 dc 49 82 f3 4d 7e 37 5f 78 fe d6 34 1e 53 5c 59 e5 a9 2e 05 64 62 91 10 89 9b 98 e3 96 5b 90 00 
<<<<
>>>>
13 75 00 00 00 
00 00 00 00 00 00 07 12 90 00 
<<<<
>>>>
13 77 00 00 08 00 00 00 00 00 00 07 12 
da 93 0a 1e 39 1e 13 d2 d8 7c 5c 8c 56 a8 48 57 e9 f6 a2 99 96 7d 37 3d 28 9a 87 71 3c 83 13 70 90 00 
<<<<
>>>>
13 76 00 00 00 
f1 89 dd 3f b9 21 89 2d 70 d7 2b 63 2e df f4 bf 6e dc fe d2 29 81 3f 82 08 5c bb 37 b8 db c5 08 90 00 
<<<<
>>>>
13 75 00 00 00 
00 00 00 00 00 00 07 13 90 00 
<<<<
>>>>
13 76 00 00 00 
cf f2 0f 4d bb 18 92 51 6a a8 75 97 2d f7 ae cd c0 19 27 1b 83 ad 46 09 12 85 68 ba fd 1a 6a 1e 90 00 
<<<<
>>>>
13 77 00 00 08 00 00 00 00 00 00 07 13 
f1 89 dd 3f b9 21 89 2d 70 d7 2b 63 2e df f4 bf 6e dc fe d2 29 81 3f 82 08 5c bb 37 b8 db c5 08 90 00 
<<<<
>>>>
13 75 00 00 00 
00 00 00 00 00 00 07 14 90 00 
<<<<
>>>>
13 77 00 00 08 00 00 00 00 00 00 07 14 
cf f2 0f 4d bb 18 92 51 6a a8 75 97 2d f7 ae cd c0 19 27 1b 83 ad 46 09 12 85 68 ba fd 1a 6a 1e 90 00 
<<<<
>>>>
13 76 00 00 00 
21 72 f7 fd 39 e3 ac ce f8 b7 4f 3c 7f ea 45 62 d1 93 89 9c a1 86 5f 5a 3f 8f e4 13 a6 ed 3b c8 90 00 
<<<<
>>>>
13 75 00 00 00 
00 00 00 00 00 00 07 15 90 00 
<<<<
>>>>
13 76 00 00 00 
67 de ba 98 3f 31 b8 cc f8 ee 62 75 dc 08 95 e2 72 9d ff 39 19 2b 46 1c 52 9a 53 38 6d 42 a6 25 90 00 
<<<<
>>>>
13 77 00 00 08 00 00 00 00 00 00 07 15 
21 72 f7 fd 39 e3 ac ce f8 b7 4f 3c 7f ea 45 62 d1 93 89 9c a1 86 5f 5a 3f 8f e4 13 a6 ed 3b c8 90 00 
<<<<
>>>>
13 75 00 00 00 
00 00 00 00 00 00 07 16 90 00 
<<<<
>>>>
13 77 00 00 08 00 00 00 00 00 00 07 16 
67 de ba 98 3f 31 b8 cc f8 ee 62 75 dc 08 95 e2 72 9d ff 39 19 2b 46 1c 52 9a 53 38 6d 42 a6 25 90 00 
<<<<
>>>>
13 76 00 00 00 
bf c0 bc 72 1b 8b d0 9e 4b 67 80 5d 1c 35 be c5 9b 64 08 3b 0b 6d ed 4b 18 88 c7 c9 9f 7a a5 bb 90 00 
<<<<
>>>>
13 75 00 00 00 
00 00 00 00 00 00 07 17 90 00 
<<<<
>>>>
13 76 00 00 00 
21 f6 fe 3e c4 e4 1c 33 03 74 a4 22 c1 e8 ba 1b 9b 71 a2 19 c7 ce fa 0c 23 97 43 3b 55 6e a9 c8 90 00 
<<<<
>>>>
13 77 00 00 08 00 00 00 00 00 00 07 17 
bf c0 bc 72 1b 8b d0 9e 4b 67 80 5d 1c 35 be c5 9b 64 08 3b 0b 6d ed 4b 18 88 c7 c9 9f 7a a5 bb 90 00 
<<<<
>>>>
13 75 00 00 00 
00 00 00 00 00 00 07 18 90 00 
<<<<
>>>>
13 77 00 00 08 00 00 00 00 00 00 07 18 
21 f6 fe 3e c4 e4 1c 33 03 74 a4 22 c1 e8 ba 1b 9b 71 a2 19 c7 ce fa 0c 23 97 43 3b 55 6e a9 c8 90 00 
<<<<
>>>>
13 76 00 00 00 
0c 09 ed 28 55 dc 17 25 55 54 e9 90 70 0b f2 00 4f ba 1c 71 45 ca 35 f9 f1 04 08 0f 95 0a 05 3e 90 00 
<<<<
>>>>
13 75 00 00 00 
00 00 00 00 00 00 07 19 90 00 
<<<<
>>>>
13 76 00 00 00 
98 b6 27 69 33 4e 14 ee c5 40 30 46 cd 74 d2 a1 31 d8 b6 c3 aa 25 2b 27 e1 4d 27 21 b8 02 f7 c3 90 00 
<<<<
>>>>
13 77 00 00 08 00 00 00 00 00 00 07 19 
0c 09 ed 28 55 dc 17 25 55 54 e9 90 70 0b f2 00 4f ba 1c 71 45 ca 35 f9 f1 04 08 0f 95 0a 05 3e 90 00 
<<<<
>>>>
13 75 00 00 00 
00 00 00 00 00 00 07 1a 90 00 
<<<<
>>>>
13 77 00 00 08 00 00 00 00 00 00 07 1a 
98 b6 27 69 33 4e 14 ee c5 40 30 46 cd 74 d2 a1 31 d8 b6 c3 aa 25 2b 27 e1 4d 27 21 b8 02 f7 c3 90 00 
<<<<
>>>>
13 76 00 00 00 
54 d4 0f 83 82 16 71 41 77 9f d7 fe 45 dc 20 f9 96 9f 13 e5 b1 07 a8 48 61 80 ab 26 55 92 ea f9 90 00 
<<<<
>>>>
13 75 00 00 00 
00 00 00 00 00 00 07 1b 90 00 
<<<<
>>>>
13 76 00 00 00 
7c 4e f1 37 d0 e3 46 bf 9f c8 bb e8 78 3b 24 10 be 41 10 e7 ba 53 38 d0 c5 07 3c 04 c1 70 4d a9 90 00 
<<<<
>>>>
13 77 00 00 08 00 00 00 00 00 00 07 1b 
54 d4 0f 83 82 16 71 41 77 9f d7 fe 45 dc 20 f9 96 9f 13 e5 b1 07 a8 48 61 80 ab 26 55 92 ea f9 90 00 
<<<<
>>>>
13 75 00 00 00 
00 00 00 00 00 00 07 1c 90 00 
<<<<
>>>>
13 77 00 00 08 00 00 00 00 00 00 07 1c 
7c 4e f1 37 d0 e3 46 bf 9f c8 bb e8 78 3b 24 10 be 41 10 e7 ba 53 38 d0 c5 07 3c 04 c1 70 4d a9 90 00 
<<<<
>>>>
13 76 00 00 00 
3b c8 cc 01 59 21 07 78 b5 d1 f6 62 3f df 1b d8 dc b2 59 59 b7 48 f3 ec f4 5c dc 60 7a b8 48 9e 90 00 
<<<<
>>>>
13 75 00 00 00 
00 00 00 00 00 00 07 1d 90 00 
<<<<
>>>>
13 76 00 00 00 
ff 83 1b c0 5c f4 dd d8 dc a5 43 45 56 35 37 5a 98 a9 c2 f4 0d 4e 83 b4 4a 39 f2 26 7a 31 56 b4 90 00 
<<<<
>>>>
13 77 00 00 08 00 00 00 00 00 00 07 1d 
3b c8 cc 01 59 21 07 78 b5 d1 f6 62 3f df 1b d8 dc b2 59 59 b7 48 f3 ec f4 5c dc 60 7a b8 48 9e 90 00 
<<<<
>>>>
13 75 00 00 00 
00 00 00 00 00 00 07 1e 90 00 
<<<<
>>>>
13 77 00 00 08 00 00 00 00 00 00 07 1e 
ff 83 1b c0 5c f4 dd d8 dc a5 43 45 56 35 37 5a 98 a9 c2 f4 0d 4e 83 b4 4a 39 f2 26 7a 31 56 b4 90 00 
<<<<
>>>>
13 76 00 00 00 
04 64 89 0e 8b d6 f8 d4 bd ad 6c 25 41 c0 99 30 5b 2e 5b 14 da fc e2 0f bb cd d4 e9 a9 b4 1b 82 90 00 
<<<<
>>>>
13 75 00 00 00 
00 00 00 00 00 00 07 1f 90 00 
<<<<
>>>>
13 76 00 00 00 
7d cb 40 5f 96 0b a6 d9 16 21 1a 0c a7 4e 93 31 73 60 63 25 4c 8e 8d d1 95 fa 58 bc 55 0d 22 cf 90 00 
<<<<
>>>>
13 77 00 00 08 00 00 00 00 00 00 07 1f 
04 64 89 0e 8b d6 f8 d4 bd ad 6c 25 41 c0 99 30 5b 2e 5b 14 da fc e2 0f bb cd d4 e9 a9 b4 1b 82 90 00 
<<<<
>>>>
13 75 00 00 00 
00 00 00 00 00 00 07 20 90 00 
<<<<
>>>>
13 77 00 00 08 00 00 00 00 00 00 07 20 
7d cb 40 5f 96 0b a6 d9 16 21 1a 0c a7 4e 93 31 73 60 63 25 4c 8e 8d d1 95 fa 58 bc 55 0d 22 cf 90 00 
<<<<
>>>>
13 76 00 00 00 
b2 2f ee 22 10 98 6d 27 dd c2 d2 89 8a 7c fc dc af c7 9b 82 90 e1 73 9d 39 3f fe 36 21 1f 58 de 90 00 
<<<<
>>>>
13 75 00 00 00 
00 00 00 00 00 00 07 21 90 00 
<<<<
>>>>
13 76 00 00 00 
7b ca e3 b5 7b ce e0 89 04 c7 58 67 b5 b2 4d bb fb 03 58 b9 d7 39 6d 19 89 c6 d7 7a 68 33 8b 84 90 00 
<<<<
>>>>
13 77 00 00 08 00 00 00 00 00 00 07 21 
b2 2f ee 22 10 98 6d 27 dd c2 d2 89 8a 7c fc dc af c7 9b 82 90 e1 73 9d 39 3f fe 36 21 1f 58 de 90 00 
<<<<
>>>>
13 75 00 00 00 
00 00 00 00 00 00 07 22 90 00 
<<<<
>>>>
13 77 00 00 08 00 00 00 00 00 00 07 22 
7b ca e3 b5 7b ce e0 89 04 c7 58 67 b5 b2 4d bb fb 03 58 b9 d7 39 6d 19 89 c6 d7 7a 68 33 8b 84 90 00 
<<<<
>>>>
13 76 00 00 00 
80 8e b4 e5 ad 00 46 26 ae fd ad 3a 33 c7 26 84 87 1d c7 73 17 4a b4 5d 25 67 b8 94 c5 c9 c2 b6 90 00 
<<<<
>>>>
13 75 00 00 00 
00 00 00 00 00 00 07 23 90 00 
<<<<
>>>>
13 76 00 00 00 
30 ab 7d 4a 4b b6 75 b0 bb 2d d3 8c 6e 63 88 b6 c6 e5 a5 35 15 e2 de 02 39 cc c3 79 cf 89 1d d8 90 00 
<<<<
>>>>
13 77 00 00 08 00 00 00 00 00 00 07 23 
80 8e b4 e5 ad 00 46 26 ae fd ad 3a 33 c7 26 84 87 1d c7 73 17 4a b4 5d 25 67 b8 94 c5 c9 c2 b6 90 00 
<<<<
>>>>
13 75 00 00 00 
00 00 00 00 00 00 07 24 90 00 
<<<<
>>>>
13 77 00 00 08 00 00 00 00 00 00 07 24 
30 ab 7d 4a 4b b6 75 b0 bb 2d d3 8c 6e 63 88 b6 c6 e5 a5 35 15 e2 de 02 39 cc c3 79 cf 89 1d d8 90 00 
<<<<
>>>>
13 76 00 00 00 
5b 0e 3a a5 91 fd 81 20 5d 08 96 d1 68 c5 f6 4a dd 36 22 09 6d 75 45 ce b0 da 17 b3 4e cd c2 69 90 00 
<<<<
>>>>
13 75 00 00 00 
00 00 00 00 00 00 07 25 90 00 
<<<<
>>>>
13 76 00 00 00 
37 a5 66 c6 a3 72 c2 b0 ec d5 73 b3 4c d4 4f bd c6 fb 12 4a 12 9a bc 1b 5a 9b f0 d6 3f 68 2d d7 90 00 
<<<<
>>>>
13 77 00 00 08 00 00 00 00 00 00 07 25 
5b 0e 3a a5 91 fd 81 20 5d 08 96 d1 68 c5 f6 4a dd 36 22 09 6d 75 45 ce b0 da 17 b3 4e cd c2 69 90 00 
<<<<
>>>>
13 75 00 00 00 
00 00 00 00 00 00 07 26 90 00 
<<<<
>>>>
13 77 00 00 08 00 00 00 00 00 00 07 26 
37 a5 66 c6 a3 72 c2 b0 ec d5 73 b3 4c d4 4f bd c6 fb 12 4a 12 9a bc 1b 5a 9b f0 d6 3f 68 2d d7 90 00 
<<<<
>>>>
13 76 00 00 00 
3e cc 38 6b 43 e5 45 ad 0f c7 6c af de 84 5e b8 45 55 c6 32 ae 5f 85 e4 dd 7e 82 53 03 79 7d 9a 90 00 
<<<<
>>>>
13 75 00 00 00 
00 00 00 00 00 00 07 27 90 00 
<<<<
>>>>
13 76 00 00 00 
00 a5 e3 8b 74 61 26 d8 e6 5a 6d 16 c3 c4 92 c4 12 ad 95 6b f6 0f fd dc 03 14 de 1c f8 1d 93 c2 90 00 
<<<<
>>>>
13 77 00 00 08 00 00 00 00 00 00 07 27 
3e cc 38 6b 43 e5 45 ad 0f c7 6c af de 84 5e b8 45 55 c6 32 ae 5f 85 e4 dd 7e 82 53 03 79 7d 9a 90 00 
<<<<
>>>>
13 75 00 00 00 
00 00 00 00 00 00 07 28 90 00 
<<<<
>>>>
13 77 00 00 08 00 00 00 00 00 00 07 28 
00 a5 e3 8b 74 61 26 d8 e6 5a 6d 16 c3 c4 92 c4 12 ad 95 6b f6 0f fd dc 03 14 de 1c f8 1d 93 c2 90 00 
<<<<
>>>>
13 76 00 00 00 
24 05 6a 71 65 05 29 99 a5 24 cf 2f ef b9 b3 1c de 38 40 5a 4e b0 ea e0 6a 73 c4 dd 17 cc 16 1e 90 00 
<<<<
>>>>
13 75 00 00 00 
00 00 00 00 00 00 07 29 90 00 
<<<<
>>>>
13 76 00 00 00 
16 59 a5 37 7b d7 ce 91 cd 67 9b 15 86 45 56 d7 4e 00 85 1b 4f 94 6b 35 73 77 2b cc d5 af 87 11 90 00 
<<<<
>>>>
13 77 00 00 08 00 00 00 00 00 00 07 29 
24 05 6a 71 65 05 29 99 a5 24 cf 2f ef b9 b3 1c de 38 40 5a 4e b0 ea e0 6a 73 c4 dd 17 cc 16 1e 90 00 
<<<<
>>>>
13 75 00 00 00 
00 00 00 00 00 00 07 2a 90 00 
<<<<
>>>>
13 77 00 00 08 00 00 00 00 00 00 07 2a 
16 59 a5 37 7b d7 ce 91 cd 67 9b 15 86 45 56 d7 4e 00 85 1b 4f 94 6b 35 73 77 2b cc d5 af 87 11 90 00 
<<<<
>>>>
13 76 00 00 00 
2b a0 bc 8b 81 cd 30 99 de 37 b6 8e b5 44 3b f3 09 19 f1 e8 3d 44 e9 93 78 d8 91 19 1e 9a cd 0b 90 00 
<<<<
>>>>
13 75 00 00 00 
00 00 00 00 00 00 07 2b 90 00 
<<<<
>>>>
13 76 00 00 00 
94 81 8d 79 01 ce 5e 4b 13 08 b0 6e 8f 3c bf f3 6a eb 2a d8 ba 3f e7 2e 6b 15 75 a6 ea c9 ac 56 90 00 
<<<<
>>>>
13 77 00 00 08 00 00 00 00 00 00 07 2b 
2b a0 bc 8b 81 cd 30 99 de 37 b6 8e b5 44 3b f3 09 19 f1 e8 3d 44 e9 93 78 d8 91 19 1e 9a cd 0b 90 00 
<<<<
>>>>
13 75 00 00 00 
00 00 00 00 00 00 07 2c 90 00 
<<<<
>>>>
13 77 00 00 08 00 00 00 00 00 00 07 2c 
94 81 8d 79 01 ce 5e 4b 13 08 b0 6e 8f 3c bf f3 6a eb 2a d8 ba 3f e7 2e 6b 15 75 a6 ea c9 ac 56 90 00 
<<<<
>>>>
13 76 00 00 00 
5b cd 5c 4d 1e fb 59 f6 dd 48 e4 12 86 19 c9 3d 3c e4 51 38 89 ca e4 7d 37 00 38 de 03 3e 3b bd 90 00 
<<<<
>>>>
13 75 00 00 00 
00 00 00 00 00 00 07 2d 90 00 
<<<<
>>>>
13 76 00 00 00 
7b 9b cc eb 98 09 9a b5 75 95 e6 50 2e 41 b5 a2 6c b3 7c aa cc da f5 33 7c 7b 0b b6 31 22 3f ba 90 00 
<<<<
>>>>
13 77 00 00 08 00 00 00 00 00 00 07 2d 
5b cd 5c 4d 1e fb 59 f6 dd 48 e4 12 86 19 c9 3d 3c e4 51 38 89 ca e4 7d 37 00 38 de 03 3e 3b bd 90 00 
<<<<
>>>>
13 75 00 00 00 
00 00 00 00 00 00 07 2e 90 00 
<<<<
>>>>
13 77 00 00 08 00 00 00 00 00 00 07 2e 
7b 9b cc eb 98 09 9a b5 75 95 e6 50 2e 41 b5 a2 6c b3 7c aa cc da f5 33 7c 7b 0b b6 31 22 3f ba 90 00 
<<<<
>>>>
13 76 00 00 00 
40 d4 b9 aa de 51 42 6f 8c 68 b7 fe e9 6a e4 e3 36 ee 42 86 8a f7 9b d7 6a 52 59 88 9e 39 56 d1 90 00 
<<<<
>>>>
13 75 00 00 00 
00 00 00 00 00 00 07 2f 90 00 
<<<<
>>>>
13 76 00 00 00 
d5 b6 c4 9e 03 fa 36 fd 96 e0 64 46 cf 94 ae 69 94 14 62 ae 29 82 a5 df 87 2c 6b 78 9f 79 00 90 90 00 
<<<<
>>>>
13 77 00 00 08 00 00 00 00 00 00 07 2f 
40 d4 b9 aa de 51 42 6f 8c 68 b7 fe e9 6a e4 e3 36 ee 42 86 8a f7 9b d7 6a 52 59 88 9e 39 56 d1 90 00 
<<<<
>>>>
13 75 00 00 00 
00 00 00 00 00 00 07 30 90 00 
<<<<
>>>>
13 77 00 00 08 00 00 00 00 00 00 07 30 
d5 b6 c4 9e 03 fa 36 fd 96 e0 64 46 cf 94 ae 69 94 14 62 ae 29 82 a5 df 87 2c 6b 78 9f 79 00 90 90 00 
<<<<
>>>>
13 76 00 00 00 
7e f2 05 d9 82 b1 c3 c0 03 b7 bd 62 78 ae f1 31 6a cc cb 28 94 13 85 46 6d e2 31 0a d0 e2 7d f1 90 00 
<<<<
>>>>
13 75 00 00 00 
00 00 00 00 00 00 07 31 90 00 
<<<<
>>>>
13 76 00 00 00 
9a 8d c3 f4 4d d8 3e f2 37 83 72 74 34 90 77 dc 34 68 5f e7 53 03 0b 5e 15 88 21 8c a7 9e 2f 89 90 00 
<<<<
>>>>
13 77 00 00 08 00 00 00 00 00 00 07 31 
7e f2 05 d9 82 b1 c3 c0 03 b7 bd 62 78 ae f1 31 6a cc cb 28 94 13 85 46 6d e2 31 0a d0 e2 7d f1 90 00 
<<<<
>>>>
13 75 00 00 00 
00 00 00 00 00 00 07 32 90 00 
<<<<
>>>>
13 77 00 00 08 00 00 00 00 00 00 07 32 
9a 8d c3 f4 4d d8 3e f2 37 83 72 74 34 90 77 dc 34 68 5f e7 53 03 0b 5e 15 88 21 8c a7 9e 2f 89 90 00 
<<<<
>>>>
13 76 00 00 00 
5e 2f a8 e1 bd 1f b7 bc 68 2e d5 cb 4d 80 7d bc 29 c8 2b 13 8d ca 2d 6b a8 7f 52 21 0d 66 b7 6d 90 00 
<<<<
>>>>
13 75 00 00 00 
00 00 00 00 00 00 07 33 90 00 
<<<<
>>>>
13 76 00 00 00 
95 72 e9 98 06 82 f0 fb 69 f1 79 e9 9b d2 23 39 b6 b1 7c ff be af 50 f6 97 ca bc af 6c 44 42 d2 90 00 
<<<<
>>>>
13 77 00 00 08 00 00 00 00 00 00 07 33 
5e 2f a8 e1 bd 1f b7 bc 68 2e d5 cb 4d 80 7d bc 29 c8 2b 13 8d ca 2d 6b a8 7f 52 21 0d 66 b7 6d 90 00 
<<<<
>>>>
13 75 00 00 00 
00 00 00 00 00 00 07 34 90 00 
<<<<
>>>>
13 77 00 00 08 00 00 00 00 00 00 07 34 
95 72 e9 98 06 82 f0 fb 69 f1 79 e9 9b d2 23 39 b6 b1 7c ff be af 50 f6 97 ca bc af 6c 44 42 d2 90 00 
<<<<
>>>>
13 76 00 00 00 
b9 7a 85 d0 61 03 f1 69 6a ae 79 e0 13 13 e6 d7 38 c7 ce b3 e4 d8 00 e4 4e 4e cc 93 41 fe b7 ea 90 00 
<<<<
>>>>
13 75 00 00 00 
00 00 00 00 00 00 07 35 90 00 
<<<<
>>>>
13 76 00 00 00 
12 fb a7 53 c4 36 25 34 8a ff e4 44 46 9a 46 0b 78 f8 58 83 1a 31 40 47 ba cb b2 6c 26 3f a4 64 90 00 
<<<<
>>>>
13 77 00 00 08 00 00 00 00 00 00 07 35 
b9 7a 85 d0 61 03 f1 69 6a ae 79 e0 13 13 e6 d7 38 c7 ce b3 e4 d8 00 e4 4e 4e cc 93 41 fe b7 ea 90 00 
<<<<
>>>>
13 75 00 00 00 
00 00 00 00 00 00 07 36 90 00 
<<<<
>>>>
13 77 00 00 08 00 00 00 00 00 00 07 36 
12 fb a7 53 c4 36 25 34 8a ff e4 44 46 9a 46 0b 78 f8 58 83 1a 31 40 47 ba cb b2 6c 26 3f a4 64 90 00 
<<<<
>>>>
13 76 00 00 00 
b4 fe 19 d1 b9 00 86 be b0 7b e8 3a 76 1f 4d 5c 90 db c4 02 69 55 f1 55 99 c4 a4 88 13 ed 7b 63 90 00 
<<<<
>>>>
13 75 00 00 00 
00 00 00 00 00 00 07 37 90 00 
<<<<
>>>>
13 76 00 00 00 
d2 18 ea bf f1 d6 91 f3 e6 4e 90 25 27 68 33 fd cb 2c 8d b1 96 45 83 69 f1 16 c3 e6 d8 72 0f 8e 90 00 
<<<<
>>>>
13 77 00 00 08 00 00 00 00 00 00 07 37 
b4 fe 19 d1 b9 00 86 be b0 7b e8 3a 76 1f 4d 5c 90 db c4 02 69 55 f1 55 99 c4 a4 88 13 ed 7b 63 90 00 
<<<<
>>>>
13 75 00 00 00 
00 00 00 00 00 00 07 38 90 00 
<<<<
>>>>
13 77 00 00 08 00 00 00 00 00 00 07 38 
d2 18 ea bf f1 d6 91 f3 e6 4e 90 25 27 68 33 fd cb 2c 8d b1 96 45 83 69 f1 16 c3 e6 d8 72 0f 8e 90 00 
<<<<
>>>>
13 76 00 00 00 
40 e1 67 91 3b 94 72 f8 b3 82 bd a2 e2 82 95 05 9a 93 f3 8e 6c 8d fc 40 d9 9a a8 7f 95 a5 21 c7 90 00 
<<<<
>>>>
13 75 00 00 00 
00 00 00 00 00 00 07 39 90 00 
<<<<
>>>>
13 76 00 00 00 
18 64 02 cb 56 d3 5a e8 aa ec b8 79 94 a1 88 ee f1 8c 9c 32 4f 47 a4 78 d0 ae e6 f4 db 80 1f 06 90 00 
<<<<
>>>>
13 77 00 00 08 00 00 00 00 00 00 07 39 
40 e1 67 91 3b 94 72 f8 b3 82 bd a2 e2 82 95 05 9a 93 f3 8e 6c 8d fc 40 d9 9a a8 7f 95 a5 21 c7 90 00 
<<<<
>>>>
13 75 00 00 00 
00 00 00 00 00 00 07 3a 90 00 
<<<<
>>>>
13 77 00 00 08 00 00 00 00 00 00 07 3a 
18 64 02 cb 56 d3 5a e8 aa ec b8 79 94 a1 88 ee f1 8c 9c 32 4f 47 a4 78 d0 ae e6 f4 db 80 1f 06 90 00 
<<<<
>>>>
13 76 00 00 00 
e4 a2 41 a7 96 9b 5b d7 32 cf e5 26 78 05 7a 57 f5 b2 36 18 2c 8c e2 a4 58 6b 5e 7c f5 1c 2b 82 90 00 
<<<<
>>>>
13 75 00 00 00 
00 00 00 00 00 00 07 3b 90 00 
<<<<
>>>>
13 76 00 00 00 
8c c9 a9 1d cb c2 f3 4c 28 a0 55 fb 90 4c 37 03 eb ce 73 5e 14 de 4e a8 8a 43 b4 04 a1 8f 60 a7 90 00 
<<<<
>>>>
13 77 00 00 08 00 00 00 00 00 00 07 3b 
e4 a2 41 a7 96 9b 5b d7 32 cf e5 26 78 05 7a 57 f5 b2 36 18 2c 8c e2 a4 58 6b 5e 7c f5 1c 2b 82 90 00 
<<<<
>>>>
13 75 00 00 00 
00 00 00 00 00 00 07 3c 90 00 
<<<<
>>>>
13 77 00 00 08 00 00 00 00 00 00 07 3c 
8c c9 a9 1d cb c2 f3 4c 28 a0 55 fb 90 4c 37 03 eb ce 73 5e 14 de 4e a8 8a 43 b4 04 a1 8f 60 a7 90 00 
<<<<
>>>>
13 76 00 00 00 
45 4f 8e ee 20 dd 24 4c ae 56 7c ed 0c 4f 65 ba e7 01 7a 06 27 be 79 9e fa 18 f7 f8 09 40 5d 54 90 00 
<<<<
>>>>
13 75 00 00 00 
00 00 00 00 00 00 07 3d 90 00 
<<<<
>>>>
13 76 00 00 00 
70 8c 59 7a a4 62 fe 18 19 45 76 cb ac 2e 7f 7f 7e 93 e4 2f b1 c0 74 25 7a 4b 2c d2 eb d2 97 83 90 00 
<<<<
>>>>
13 77 00 00 08 00 00 00 00 00 00 07 3d 
45 4f 8e ee 20 dd 24 4c ae 56 7c ed 0c 4f 65 ba e7 01 7a 06 27 be 79 9e fa 18 f7 f8 09 40 5d 54 90 00 
<<<<
>>>>
13 75 00 00 00 
00 00 00 00 00 00 07 3e 90 00 
<<<<
>>>>
13 77 00 00 08 00 00 00 00 00 00 07 3e 
70 8c 59 7a a4 62 fe 18 19 45 76 cb ac 2e 7f 7f 7e 93 e4 2f b1 c0 74 25 7a 4b 2c d2 eb d2 97 83 90 00 
<<<<
>>>>
13 76 00 00 00 
9b 4d 72 7f 51 8f 03 34 9e c8 73 d8 73 b8 f6 70 df f7 97 ba b2 ef 33 57 49 45 65 f6 6b 77 86 fb 90 00 
<<<<
>>>>
13 75 00 00 00 
00 00 00 00 00 00 07 3f 90 00 
<<<<
>>>>
13 76 00 00 00 
ed 9e 2a 55 89 e8 90 9c d7 57 9a 4f 4d 3d 46 9b 08 c0 fb 80 d5 02 f4 72 de 8c d4 b9 71 47 49 bd 90 00 
<<<<
>>>>
13 77 00 00 08 00 00 00 00 00 00 07 3f 
9b 4d 72 7f 51 8f 03 34 9e c8 73 d8 73 b8 f6 70 df f7 97 ba b2 ef 33 57 49 45 65 f6 6b 77 86 fb 90 00 
<<<<
>>>>
13 75 00 00 00 
00 00 00 00 00 00 07 40 90 00 
<<<<
>>>>
13 77 00 00 08 00 00 00 00 00 00 07 40 
ed 9e 2a 55 89 e8 90 9c d7 57 9a 4f 4d 3d 46 9b 08 c0 fb 80 d5 02 f4 72 de 8c d4 b9 71 47 49 bd 90 00 
<<<<
>>>>
13 76 00 00 00 
10 4e be 45 91 9a b1 7a bd 1b 95 a8 02 46 a7 22 49 67 1b 6f 1a 50 6b a2 73 35 04 0c 3d 00 ff 68 90 00 
<<<<
>>>>
13 75 00 00 00 
00 00 00 00 00 00 07 41 90 00 
<<<<
>>>>
13 76 00 00 00 
ab 2f 72 72 67 76 d8 04 58 ac 08 b9 10 3b 7a 1f d4 34 0e b4 23 1e 95 66 a1 a9 a1 0d 4a 75 4b 9d 90 00 
<<<<
>>>>
13 77 00 00 08 00 00 00 00 00 00 07 41 
10 4e be 45 91 9a b1 7a bd 1b 95 a8 02 46 a7 22 49 67 1b 6f 1a 50 6b a2 73 35 04 0c 3d 00 ff 68 90 00 
<<<<
>>>>
13 75 00 00 00 
00 00 00 00 00 00 07 42 90 00 
<<<<
>>>>
13 77 00 00 08 00 00 00 00 00 00 07 42 
ab 2f 72 72 67 76 d8 04 58 ac 08 b9 10 3b 7a 1f d4 34 0e b4 23 1e 95 66 a1 a9 a1 0d 4a 75 4b 9d 90 00 
<<<<
>>>>
13 76 00 00 00 
64 6c 12 76 1a 5d 1a ef e3 72 b3 4f e9 09 41 a3 07 73 88 1c b9 be a6 ec 15 fb bd 92 61 8d c5 cc 90 00 
<<<<
>>>>
13 75 00 00 00 
00 00 00 00 00 00 07 43 90 00 
<<<<
>>>>
13 76 00 00 00 
7f a3 d3 1a 03 ad e9 95 80 9f 22 0d ab 13 0a 5e c4 0d 39 e3 f2 13 29 ee b2 bb c5 30 74 7b 69 76 90 00 
<<<<
>>>>
13 77 00 00 08 00 00 00 00 00 00 07 43 
64 6c 12 76 1a 5d 1a ef e3 72 b3 4f e9 09 41 a3 07 73 88 1c b9 be a6 ec 15 fb bd 92 61 8d c5 cc 90 00 
<<<<
>>>>
13 75 00 00 00 
00 00 00 00 00 00 07 44 90 00 
<<<<
>>>>
13 77 00 00 08 00 00 00 00 00 00 07 44 
7f a3 d3 1a 03 ad e9 95 80 9f 22 0d ab 13 0a 5e c4 0d 39 e3 f2 13 29 ee b2 bb c5 30 74 7b 69 76 90 00 
<<<<
>>>>
13 76 00 00 00 
f2 3b 88 58 e8 d5 be db cd 41 28 4e 67 92 45 e7 93 83 e5 a6 72 08 80 70 2e fc fe fa ed 61 a6 3e 90 00 
<<<<
>>>>
13 75 00 00 00 
00 00 00 00 00 00 07 45 90 00 
<<<<
>>>>
13 76 00 00 00 
39 9d 5e 1f 68 7d 06 0a 06 c9 79 1a 52 68 0e 26 19 0c f3 4c b0 fc ba 4b f6 78 df 99 27 13 42 77 90 00 
<<<<
>>>>
13 77 00 00 08 00 00 00 00 00 00 07 45 
f2 3b 88 58 e8 d5 be db cd 41 28 4e 67 92 45 e7 93 83 e5 a6 72 08 80 70 2e fc fe fa ed 61 a6 3e 90 00 
<<<<
>>>>
13 75 00 00 00 
00 00 00 00 00 00 07 46 90 00 
<<<<
>>>>
13 77 00 00 08 00 00 00 00 00 00 07 46 
39 9d 5e 1f 68 7d 06 0a 06 c9 79 1a 52 68 0e 26 19 0c f3 4c b0 fc ba 4b f6 78 df 99 27 13 42 77 90 00 
<<<<
>>>>
13 76 00 00 00 
65 6b 15 9d 2c f2 d7 c3 46 4f 68 a4 ff 9b 62 76 25 bd e5 0a 89 80 43 0d 3a e7 3a be 99 7a e5 df 90 00 
<<<<
>>>>
13 75 00 00 00 
00 00 00 00 00 00 07 47 90 00 
<<<<
>>>>
13 76 00 00 00 
db 45 c1 55 7e fb 40 92 69 79 1f c0 f1 43 62 5a ca 0f 53 f4 02 0a b8 dc 48 cb f8 15 06 e3 2d f5 90 00 
<<<<
>>>>
13 77 00 00 08 00 00 00 00 00 00 07 47 
65 6b 15 9d 2c f2 d7 c3 46 4f 68 a4 ff 9b 62 76 25 bd e5 0a 89 80 43 0d 3a e7 3a be 99 7a e5 df 90 00 
<<<<
>>>>
13 75 00 00 00 
00 00 00 00 00 00 07 48 90 00 
<<<<
>>>>
13 77 00 00 08 00 00 00 00 00 00 07 48 
db 45 c1 55 7e fb 40 92 69 79 1f c0 f1 43 62 5a ca 0f 53 f4 02 0a b8 dc 48 cb f8 15 06 e3 2d f5 90 00 
<<<<
>>>>
13 76 00 00 00 
c2 cf e3 fe 08 23 49 5e 20 9d b9 94 0c 96 0f f8 85 95 4b 15 db 89 d1 da 93 27 d3 05 15 04 02 1e 90 00 
<<<<
>>>>
13 75 00 00 00 
00 00 00 00 00 00 07 49 90 00 
<<<<
>>>>
13 76 00 00 00 
c3 3b e1 af 5e a1 cb 6b 5e 84 53 22 55 d7 6a 8c 66 04 ac f9 9a 03 70 81 e7 52 6e 35 f8 1b c7 69 90 00 
<<<<
>>>>
13 77 00 00 08 00 00 00 00 00 00 07 49 
c2 cf e3 fe 08 23 49 5e 20 9d b9 94 0c 96 0f f8 85 95 4b 15 db 89 d1 da 93 27 d3 05 15 04 02 1e 90 00 
<<<<
>>>>
13 75 00 00 00 
00 00 00 00 00 00 07 4a 90 00 
<<<<
>>>>
13 77 00 00 08 00 00 00 00 00 00 07 4a 
c3 3b e1 af 5e a1 cb 6b 5e 84 53 22 55 d7 6a 8c 66 04 ac f9 9a 03 70 81 e7 52 6e 35 f8 1b c7 69 90 00 
<<<<
>>>>
13 76 00 00 00 
b1 52 fd c7 ca ee 44 97 9d 00 82 48 0b 88 dc e9 21 fe 08 d6 01 28 32 76 bd cc de 58 ac 20 48 9b 90 00 
<<<<
>>>>
13 75 00 00 00 
00 00 00 00 00 00 07 4b 90 00 
<<<<
>>>>
13 76 00 00 00 
7a 77 94 8f e7 a2 06 97 20 85 9e 97 b3 59 d4 d9 ff 88 62 7b 55 8d 1a 82 99 ee b5 eb 9d 0d 57 ce 90 00 
<<<<
>>>>
13 77 00 00 08 00 00 00 00 00 00 07 4b 
b1 52 fd c7 ca ee 44 97 9d 00 82 48 0b 88 dc e9 21 fe 08 d6 01 28 32 76 bd cc de 58 ac 20 48 9b 90 00 
<<<<
>>>>
13 75 00 00 00 
00 00 00 00 00 00 07 4c 90 00 
<<<<
>>>>
13 77 00 00 08 00 00 00 00 00 00 07 4c 
7a 77 94 8f e7 a2 06 97 20 85 9e 97 b3 59 d4 d9 ff 88 62 7b 55 8d 1a 82 99 ee b5 eb 9d 0d 57 ce 90 00 
<<<<
>>>>
13 76 00 00 00 
4a 1c 66 b8 d4 92 48 82 52 df 90 db 6f ea 18 1e 0d b3 8e 7d 67 5f ef 48 c4 71 76 b2 a6 81 5b 1d 90 00 
<<<<
>>>>
13 75 00 00 00 
00 00 00 00 00 00 07 4d 90 00 
<<<<
>>>>
13 76 00 00 00 
5a 5e 75 ba af 25 3d 60 59 8e 28 41 70 89 e9 ed d1 9c f9 c0 93 97 cb 8c 3d 5e 75 e1 16 b9 87 b8 90 00 
<<<<
>>>>
13 77 00 00 08 00 00 00 00 00 00 07 4d 
4a 1c 66 b8 d4 92 48 82 52 df 90 db 6f ea 18 1e 0d b3 8e 7d 67 5f ef 48 c4 71 76 b2 a6 81 5b 1d 90 00 
<<<<
>>>>
13 75 00 00 00 
00 00 00 00 00 00 07 4e 90 00 
<<<<
>>>>
13 77 00 00 08 00 00 00 00 00 00 07 4e 
5a 5e 75 ba af 25 3d 60 59 8e 28 41 70 89 e9 ed d1 9c f9 c0 93 97 cb 8c 3d 5e 75 e1 16 b9 87 b8 90 00 
<<<<
>>>>
13 76 00 00 00 
42 0d 5a 5f ab 55 27 4f a9 54 fd e1 86 ca 4e 32 bb 34 44 75 65 63 33 7b fe 65 1d 57 c1 a5 a9 45 90 00 
<<<<
>>>>
13 75 00 00 00 
00 00 00 00 00 00 07 4f 90 00 
<<<<
>>>>
13 76 00 00 00 
dc f0 8b b9 96 f7 e0 4e 29 0e 0c 4f aa aa 71 19 ed 2d 78 99 96 2e 6b d5 2f 55 51 13 62 c7 c4 7c 90 00 
<<<<
>>>>
13 77 00 00 08 00 00 00 00 00 00 07 4f 
42 0d 5a 5f ab 55 27 4f a9 54 fd e1 86 ca 4e 32 bb 34 44 75 65 63 33 7b fe 65 1d 57 c1 a5 a9 45 90 00 
<<<<
>>>>
13 75 00 00 00 
00 00 00 00 00 00 07 50 90 00 
<<<<
>>>>
13 77 00 00 08 00 00 00 00 00 00 07 50 
dc f0 8b b9 96 f7 e0 4e 29 0e 0c 4f aa aa 71 19 ed 2d 78 99 96 2e 6b d5 2f 55 51 13 62 c7 c4 7c 90 00 
<<<<
>>>>
13 76 00 00 00 
73 4a 92 71 71 0d 3f 27 23 bf 9e d8 5d e1 ab f2 4d 78 1c 27 58 ec b4 5f 86 3e ff 59 d2 c8 12 82 90 00 
<<<<
>>>>
13 75 00 00 00 
00 00 00 00 00 00 07 51 90 00 
<<<<
>>>>
13 76 00 00 00 
1e 28 ce f4 0a 27 2b 12 f8 24 09 f0 ed c7 50 3e 58 9b 36 3b 20 c1 e5 68 f3 e1 8f d8 50 29 1e 2e 90 00 
<<<<
>>>>
13 77 00 00 08 00 00 00 00 00 00 07 51 
73 4a 92 71 71 0d 3f 27 23 bf 9e d8 5d e1 ab f2 4d 78 1c 27 58 ec b4 5f 86 3e ff 59 d2 c8 12 82 90 00 
<<<<
>>>>
13 75 00 00 00 
00 00 00 00 00 00 07 52 90 00 
<<<<
>>>>
13 77 00 00 08 00 00 00 00 00 00 07 52 
1e 28 ce f4 0a 27 2b 12 f8 24 09 f0 ed c7 50 3e 58 9b 36 3b 20 c1 e5 68 f3 e1 8f d8 50 29 1e 2e 90 00 
<<<<
>>>>
13 76 00 00 00 
59 5e 00 ad 4b 4a b5 9d ca 08 cc 72 b9 88 b0 74 83 f5 97 ce 6a 9f 81 b3 3c 99 eb 06 bb 51 32 e0 90 00 
<<<<
>>>>
13 75 00 00 00 
00 00 00 00 00 00 07 53 90 00 
<<<<
>>>>
13 76 00 00 00 
61 e8 96 cd 24 5b 8e 0d 3c 68 16 bf a5 e7 43 89 c1 0b e2 ec 77 79 f6 6a 8f 6f 73 93 74 02 1b e5 90 00 
<<<<
>>>>
13 77 00 00 08 00 00 00 00 00 00 07 53 
59 5e 00 ad 4b 4a b5 9d ca 08 cc 72 b9 88 b0 74 83 f5 97 ce 6a 9f 81 b3 3c 99 eb 06 bb 51 32 e0 90 00 
<<<<
>>>>
13 75 00 00 00 
00 00 00 00 00 00 07 54 90 00 
<<<<
>>>>
13 77 00 00 08 00 00 00 00 00 00 07 54 
61 e8 96 cd 24 5b 8e 0d 3c 68 16 bf a5 e7 43 89 c1 0b e2 ec 77 79 f6 6a 8f 6f 73 93 74 02 1b e5 90 00 
<<<<
>>>>
13 76 00 00 00 
61 6d c6 bb b5 9e c6 39 ab 33 7a b0 02 87 63 08 3b 21 bf 13 d4 9f 9f dc 67 23 a9 85 7a 9e fc 47 90 00 
<<<<
>>>>
13 75 00 00 00 
00 00 00 00 00 00 07 55 90 00 
<<<<
>>>>
13 76 00 00 00 
1a 72 cc 07 f2 7f 8b cf e6 4b 2a 40 a5 15 c2 88 34 a2 4c 93 5d 8b 2c c9 9c 10 cf a1 7a bf 9d 36 90 00 
<<<<
>>>>
13 77 00 00 08 00 00 00 00 00 00 07 55 
61 6d c6 bb b5 9e c6 39 ab 33 7a b0 02 87 63 08 3b 21 bf 13 d4 9f 9f dc 67 23 a9 85 7a 9e fc 47 90 00 
<<<<
>>>>
13 75 00 00 00 
00 00 00 00 00 00 07 56 90 00 
<<<<
>>>>
13 77 00 00 08 00 00 00 00 00 00 07 56 
1a 72 cc 07 f2 7f 8b cf e6 4b 2a 40 a5 15 c2 88 34 a2 4c 93 5d 8b 2c c9 9c 10 cf a1 7a bf 9d 36 90 00 
<<<<
>>>>
13 76 00 00 00 
29 08 14 d8 5a 49 52 67 7b 8a e8 cf 1a 20 a4 85 2e e7 d0 77 12 6d 8b e4 d9 f0 58 f4 5d ab 2e 99 90 00 
<<<<
>>>>
13 75 00 00 00 
00 00 00 00 00 00 07 57 90 00 
<<<<
>>>>
13 76 00 00 00 
cb 26 1e a8 76 11 be 79 c7 9b e5 2f 80 9e 1c 20 f5 05 1b 2d 7b 4d b0 b0 4d 8a 5f f1 16 94 79 56 90 00 
<<<<
>>>>
13 77 00 00 08 00 00 00 00 00 00 07 57 
29 08 14 d8 5a 49 52 67 7b 8a e8 cf 1a 20 a4 85 2e e7 d0 77 12 6d 8b e4 d9 f0 58 f4 5d ab 2e 99 90 00 
<<<<
>>>>
13 75 00 00 00 
00 00 00 00 00 00 07 58 90 00 
<<<<
>>>>
13 77 00 00 08 00 00 00 00 00 00 07 58 
cb 26 1e a8 76 11 be 79 c7 9b e5 2f 80 9e 1c 20 f5 05 1b 2d 7b 4d b0 b0 4d 8a 5f f1 16 94 79 56 90 00 
<<<<
>>>>
13 76 00 00 00 
0e 2b 31 7b 17 2e a6 7e 97 23 37 f4 b3 f7 a0 89 03 a8 12 17 98 65 e2 ca 35 c5 c1 7e 94 97 75 06 90 00 
<<<<
>>>>
13 75 00 00 00 
00 00 00 00 00 00 07 59 90 00 
<<<<
>>>>
13 76 00 00 00 
0c 45 4a 87 dc 09 88 f9 11 db dd f4 84 f5 23 5b 88 76 75 a5 d1 c8 0c cb 49 b8 f0 60 a3 b7 1d c9 90 00 
<<<<
>>>>
13 77 00 00 08 00 00 00 00 00 00 07 59 
0e 2b 31 7b 17 2e a6 7e 97 23 37 f4 b3 f7 a0 89 03 a8 12 17 98 65 e2 ca 35 c5 c1 7e 94 97 75 06 90 00 
<<<<
>>>>
13 75 00 00 00 
00 00 00 00 00 00 07 5a 90 00 
<<<<
>>>>
13 77 00 00 08 00 00 00 00 00 00 07 5a 
0c 45 4a 87 dc 09 88 f9 11 db dd f4 84 f5 23 5b 88 76 75 a5 d1 c8 0c cb 49 b8 f0 60 a3 b7 1d c9 90 00 
<<<<
>>>>
13 76 00 00 00 
50 2b 84 65 41 a7 0c 6d bd 8f 7b dc d3 9c eb 6c da 0f a6 45 f5 a4 53 1d d9 7d 05 4f 73 7e 5b b2 90 00 
<<<<
>>>>
13 75 00 00 00 
00 00 00 00 00 00 07 5b 90 00 
<<<<
>>>>
13 76 00 00 00 
5a 3c 58 7e 8c 36 9d 33 4e c0 e8 68 36 f7 2f c4 d4 cc ce ba 73 4c 38 de e9 1f 35 c5 19 7e ef c8 90 00 
<<<<
>>>>
13 77 00 00 08 00 00 00 00 00 00 07 5b 
50 2b 84 65 41 a7 0c 6d bd 8f 7b dc d3 9c eb 6c da 0f a6 45 f5 a4 53 1d d9 7d 05 4f 73 7e 5b b2 90 00 
<<<<
>>>>
13 75 00 00 00 
00 00 00 00 00 00 07 5c 90 00 
<<<<
>>>>
13 77 00 00 08 00 00 00 00 00 00 07 5c 
5a 3c 58 7e 8c 36 9d 33 4e c0 e8 68 36 f7 2f c4 d4 cc ce ba 73 4c 38 de e9 1f 35 c5 19 7e ef c8 90 00 
<<<<
>>>>
13 76 00 00 00 
a6 f7 74 6b c0 d2 0f ab a5 07 88 bc 82 ec 7f cb 73 89 7f 84 96 06 db 43 3e 83 2f a4 59 60 dd e0 90 00 
<<<<
>>>>
13 75 00 00 00 
00 00 00 00 00 00 07 5d 90 00 
<<<<
>>>>
13 76 00 00 00 
b6 24 27 8d 6c 6a 7e 19 51 ec f4 9e 4d ee 4b 2f 70 55 a9 9e 76 55 93 d2 1c 1e 96 1e cf e6 fd fb 90 00 
<<<<
>>>>
13 77 00 00 08 00 00 00 00 00 00 07 5d 
a6 f7 74 6b c0 d2 0f ab a5 07 88 bc 82 ec 7f cb 73 89 7f 84 96 06 db 43 3e 83 2f a4 59 60 dd e0 90 00 
<<<<
>>>>
13 75 00 00 00 
00 00 00 00 00 00 07 5e 90 00 
<<<<
>>>>
13 77 00 00 08 00 00 00 00 00 00 07 5e 
b6 24 27 8d 6c 6a 7e 19 51 ec f4 9e 4d ee 4b 2f 70 55 a9 9e 76 55 93 d2 1c 1e 96 1e cf e6 fd fb 90 00 
<<<<
>>>>
13 76 00 00 00 
d5 60 38 ea 41 e2 23 20 7a 80 bf e9 c6 42 b0 28 87 2f 99 a5 18 f4 70 70 21 b6 6a 98 4f 7c f4 b1 90 00 
<<<<
>>>>
13 75 00 00 00 
00 00 00 00 00 00 07 5f 90 00 
<<<<
>>>>
13 76 00 00 00 
9f 1e d4 14 66 f9 74 16 e9 9a 76 a7 2a a5 8f 4f 0d f2 5f 79 b9 7f cc c0 06 87 30 ee a0 38 a7 8b 90 00 
<<<<
>>>>
13 77 00 00 08 00 00 00 00 00 00 07 5f 
d5 60 38 ea 41 e2 23 20 7a 80 bf e9 c6 42 b0 28 87 2f 99 a5 18 f4 70 70 21 b6 6a 98 4f 7c f4 b1 90 00 
<<<<
>>>>
13 75 00 00 00 
00 00 00 00 00 00 07 60 90 00 
<<<<
>>>>
13 77 00 00 08 00 00 00 00 00 00 07 60 
9f 1e d4 14 66 f9 74 16 e9 9a 76 a7 2a a5 8f 4f 0d f2 5f 79 b9 7f cc c0 06 87 30 ee a0 38 a7 8b 90 00 
<<<<
>>>>
13 76 00 00 00 
91 dd c1 25 58 a0 51 18 78 1b 04 1d 94 67 2b df 62 eb 71 b2 c5 2a 78 de bd 9d c4 62 e7 cb 8d 58 90 00 
<<<<
>>>>
13 75 00 00 00 
00 00 00 00 00 00 07 61 90 00 
<<<<
>>>>
13 76 00 00 00 
7d ca 96 a0 90 3b 01 49 dd ee d7 3a 51 ca 69 f0 d9 dc 42 4e 7e 4a 62 cd af 90 49 cc 13 21 79 92 90 00 
<<<<
>>>>
13 77 00 00 08 00 00 00 00 00 00 07 61 
91 dd c1 25 58 a0 51 18 78 1b 04 1d 94 67 2b df 62 eb 71 b2 c5 2a 78 de bd 9d c4 62 e7 cb 8d 58 90 00 
<<<<
>>>>
13 75 00 00 00 
00 00 00 00 00 00 07 62 90 00 
<<<<
>>>>
13 77 00 00 08 00 00 00 00 00 00 07 62 
7d ca 96 a0 90 3b 01 49 dd ee d7 3a 51 ca 69 f0 d9 dc 42 4e 7e 4a 62 cd af 90 49 cc 13 21 79 92 90 00 
<<<<
>>>>
13 76 00 00 00 
62 72 ad 70 9e 67 b0 fc 85 11 8c ea 4e b0 47 82 9d f5 89 35 dc 26 59 83 41 25 3c 5d ad 79 8f e4 90 00 
<<<<
>>>>
13 75 00 00 00 
00 00 00 00 00 00 07 63 90 00 
<<<<
>>>>
13 76 00 00 00 
33 8d e7 7d ca 4c 1e 56 20 4e da fd 34 94 d3 fd 51 da 76 31 ef 5c 83 5c 1d 67 a4 c8 0d 6f 6a 04 90 00 
<<<<
>>>>
13 77 00 00 08 00 00 00 00 00 00 07 63 
62 72 ad 70 9e 67 b0 fc 85 11 8c ea 4e b0 47 82 9d f5 89 35 dc 26 59 83 41 25 3c 5d ad 79 8f e4 90 00 
<<<<
>>>>
13 75 00 00 00 
00 00 00 00 00 00 07 64 90 00 
<<<<
>>>>
13 77 00 00 08 00 00 00 00 00 00 07 64 
33 8d e7 7d ca 4c 1e 56 20 4e da fd 34 94 d3 fd 51 da 76 31 ef 5c 83 5c 1d 67 a4 c8 0d 6f 6a 04 90 00 
<<<<
>>>>
13 76 00 00 00 
99 5b 7b f4 bd 61 57 18 79 69 9c 58 03 2a 12 5a 80 57 1b eb 49 c4 0d 45 0b 3a bb 0d 81 a4 9f 07 90 00 
<<<<
>>>>
13 75 00 00 00 
00 00 00 00 00 00 07 65 90 00 
<<<<
>>>>
13 76 00 00 00 
34 92 82 69 bd 8c 7b 99 c7 d8 e0 56 2a a6 88 af 64 cd 6a 9a b5 2b 2f 1a 02 93 c0 ce 25 68 6f cd 90 00 
<<<<
>>>>
13 77 00 00 08 00 00 00 00 00 00 07 65 
99 5b 7b f4 bd 61 57 18 79 69 9c 58 03 2a 12 5a 80 57 1b eb 49 c4 0d 45 0b 3a bb 0d 81 a4 9f 07 90 00 
<<<<
>>>>
13 75 00 00 00 
00 00 00 00 00 00 07 66 90 00 
<<<<
>>>>
13 77 00 00 08 00 00 00 00 00 00 07 66 
34 92 82 69 bd 8c 7b 99 c7 d8 e0 56 2a a6 88 af 64 cd 6a 9a b5 2b 2f 1a 02 93 c0 ce 25 68 6f cd 90 00 
<<<<
>>>>
13 76 00 00 00 
ca 7f 94 79 28 d4 84 56 f7 7a 0a 21 33 a7 a6 bc fc 64 73 e5 bf cb 87 89 a6 fc e1 36 08 18 4b 2d 90 00 
<<<<
>>>>
13 75 00 00 00 
00 00 00 00 00 00 07 67 90 00 
<<<<
>>>>
13 76 00 00 00 
e6 c2 62 b8 a9 39 1c 7d 8d a2 78 2b 72 92 a3 00 a0 6a 46 ff 6f b1 dc cd e9 9c 50 6c f6 ad 9a 7c 90 00 
<<<<
>>>>
13 77 00 00 08 00 00 00 00 00 00 07 67 
ca 7f 94 79 28 d4 84 56 f7 7a 0a 21 33 a7 a6 bc fc 64 73 e5 bf cb 87 89 a6 fc e1 36 08 18 4b 2d 90 00 
<<<<
>>>>
13 75 00 00 00 
00 00 00 00 00 00 07 68 90 00 
<<<<
>>>>
13 77 00 00 08 00 00 00 00 00 00 07 68 
e6 c2 62 b8 a9 39 1c 7d 8d a2 78 2b 72 92 a3 00 a0 6a 46 ff 6f b1 dc cd e9 9c 50 6c f6 ad 9a 7c 90 00 
<<<<
>>>>
13 76 00 00 00 
7b 9d 6d 89 bf 97 f5 43 68 8f cf 24 3e b9 cc bb 0b 71 40 c2 4e ef 59 3b 81 b9 4f 7c 60 f7 43 77 90 00 
<<<<
>>>>
13 75 00 00 00 
00 00 00 00 00 00 07 69 90 00 
<<<<
>>>>
13 76 00 00 00 
81 65 2f 52 e2 5b 8e aa c6 cf fa 46 a3 ba 4f eb 2b 93 90 4f 35 84 cc 90 b4 65 43 95 23 85 f2 b1 90 00 
<<<<
>>>>
13 77 00 00 08 00 00 00 00 00 00 07 69 
7b 9d 6d 89 bf 97 f5 43 68 8f cf 24 3e b9 cc bb 0b 71 40 c2 4e ef 59 3b 81 b9 4f 7c 60 f7 43 77 90 00 
<<<<
>>>>
13 75 00 00 00 
00 00 00 00 00 00 07 6a 90 00 
<<<<
>>>>
13 77 00 00 08 00 00 00 00 00 00 07 6a 
81 65 2f 52 e2 5b 8e aa c6 cf fa 46 a3 ba 4f eb 2b 93 90 4f 35 84 cc 90 b4 65 43 95 23 85 f2 b1 90 00 
<<<<
>>>>
13 76 00 00 00 
b4 b0 4f 72 29 9c 95 d5 3e a7 d7 df 42 d2 38 6d ea 10 c5 20 5d 05 d7 36 77 0f 92 b9 07 6d 25 f9 90 00 
<<<<
>>>>
13 75 00 00 00 
00 00 00 00 00 00 07 6b 90 00 
<<<<
>>>>
13 76 00 00 00 
a4 4e 16 a3 ef b7 57 34 0e 2b b3 ba 36 8e 05 6d 76 dd 88 c5 30 5b fb 9f 78 b3 71 46 8b b0 31 61 90 00 
<<<<
>>>>
13 77 00 00 08 00 00 00 00 00 00 07 6b 
b4 b0 4f 72 29 9c 95 d5 3e a7 d7 df 42 d2 38 6d ea 10 c5 20 5d 05 d7 36 77 0f 92 b9 07 6d 25 f9 90 00 
<<<<
>>>>
13 75 00 00 00 
00 00 00 00 00 00 07 6c 90 00 
<<<<
>>>>
13 77 00 00 08 00 00 00 00 00 00 07 6c 
a4 4e 16 a3 ef b7 57 34 0e 2b b3 ba 36 8e 05 6d 76 dd 88 c5 30 5b fb 9f 78 b3 71 46 8b b0 31 61 90 00 
<<<<
>>>>
13 76 00 00 00 
fd 69 87 1f 78 6f 51 a6 40 b9 ed 97 a1 38 11 38 8a e9 93 59 8d 6d a6 2c 02 61 a2 5c cc 7d 66 da 90 00 
<<<<
>>>>
13 75 00 00 00 
00 00 00 00 00 00 07 6d 90 00 
<<<<
>>>>
13 76 00 00 00 
2c d3 a3 97 82 48 e3 cb 65 ba 07 21 06 01 29 5b 00 92 a5 b9 43 cf 8c cc 74 a7 59 11 fc 6e 8e af 90 00 
<<<<
>>>>
13 77 00 00 08 00 00 00 00 00 00 07 6d 
fd 69 87 1f 78 6f 51 a6 40 b9 ed 97 a1 38 11 38 8a e9 93 59 8d 6d a6 2c 02 61 a2 5c cc 7d 66 da 90 00 
<<<<
>>>>
13 75 00 00 00 
00 00 00 00 00 00 07 6e 90 00 
<<<<
>>>>
13 77 00 00 08 00 00 00 00 00 00 07 6e 
2c d3 a3 97 82 48 e3 cb 65 ba 07 21 06 01 29 5b 00 92 a5 b9 43 cf 8c cc 74 a7 59 11 fc 6e 8e af 90 00 
<<<<
>>>>
13 76 00 00 00 
eb a7 90 59 8e 51 10 cb 7f ba b7 e1 13 64 38 2c f4 63 27 04 5f 4b a3 77 df a8 60 0c 4f fd 07 4c 90 00 
<<<<
>>>>
13 75 00 00 00 
00 00 00 00 00 00 07 6f 90 00 
<<<<
>>>>
13 76 00 00 00 
39 55 76 94 57 8a 8c 55 82 72 ed 63 74 90 da 39 56 24 2a 8c 60 8f c0 72 8d b6 a6 17 8d b4 75 5a 90 00 
<<<<
>>>>
13 77 00 00 08 00 00 00 00 00 00 07 6f 
eb a7 90 59 8e 51 10 cb 7f ba b7 e1 13 64 38 2c f4 63 27 04 5f 4b a3 77 df a8 60 0c 4f fd 07 4c 90 00 
<<<<
>>>>
13 75 00 00 00 
00 00 00 00 00 00 07 70 90 00 
<<<<
>>>>
13 77 00 00 08 00 00 00 00 00 00 07 70 
39 55 76 94 57 8a 8c 55 82 72 ed 63 74 90 da 39 56 24 2a 8c 60 8f c0 72 8d b6 a6 17 8d b4 75 5a 90 00 
<<<<
>>>>
13 76 00 00 00 
32 23 52 69 1b 19 ba 5a a4 6a 71 20 62 50 51 69 78 ea 60 fc 5d 76 d2 5e c9 2b 4f 70 bd 6d 31 4a 90 00 
<<<<
>>>>
13 75 00 00 00 
00 00 00 00 00 00 07 71 90 00 
<<<<
>>>>
13 76 00 00 00 
97 7e 55 e9 44 f9 c6 f5 7c 84 8d 1b 26 b4 9a b7 56 94 6e 04 67 0d 94 28 fc cb 3f 09 e4 2c bf 70 90 00 
<<<<
>>>>
13 77 00 00 08 00 00 00 00 00 00 07 71 
32 23 52 69 1b 19 ba 5a a4 6a 71 20 62 50 51 69 78 ea 60 fc 5d 76 d2 5e c9 2b 4f 70 bd 6d 31 4a 90 00 
<<<<
>>>>
13 75 00 00 00 
00 00 00 00 00 00 07 72 90 00 
<<<<
>>>>
13 77 00 00 08 00 00 00 00 00 00 07 72 
97 7e 55 e9 44 f9 c6 f5 7c 84 8d 1b 26 b4 9a b7 56 94 6e 04 67 0d 94 28 fc cb 3f 09 e4 2c bf 70 90 00 
<<<<
>>>>
13 76 00 00 00 
72 a1 8c d1 ce 18 d2 b6 2f 80 07 96 50 73 9f 8c cd 47 b4 19 cb ee 2e 25 a3 a6 ae 14 00 6d 3c d7 90 00 
<<<<
>>>>
13 75 00 00 00 
00 00 00 00 00 00 07 73 90 00 
<<<<
>>>>
13 76 00 00 00 
ed f7 c7 78 c4 68 a7 6b 2e 34 6d 26 b4 d4 6a 62 ad 70 4f 6e e6 f4 09 75 f2 89 59 59 68 03 18 01 90 00 
<<<<
>>>>
13 77 00 00 08 00 00 00 00 00 00 07 73 
72 a1 8c d1 ce 18 d2 b6 2f 80 07 96 50 73 9f 8c cd 47 b4 19 cb ee 2e 25 a3 a6 ae 14 00 6d 3c d7 90 00 
<<<<
>>>>
13 75 00 00 00 
00 00 00 00 00 00 07 74 90 00 
<<<<
>>>>
13 77 00 00 08 00 00 00 00 00 00 07 74 
ed f7 c7 78 c4 68 a7 6b 2e 34 6d 26 b4 d4 6a 62 ad 70 4f 6e e6 f4 09 75 f2 89 59 59 68 03 18 01 90 00 
<<<<
>>>>
13 76 00 00 00 
7f 1d 12 c5 82 e9 9d d1 74 15 d3 12 36 b4 f5 c6 e8 9c 4b 90 6d 67 85 39 e8 a5 c9 9e 14 5e d9 e2 90 00 
<<<<
>>>>
13 75 00 00 00 
00 00 00 00 00 00 07 75 90 00 
<<<<
>>>>
13 76 00 00 00 
c3 0b e9 a0 80 6d 4b 96 8a 45 63 03 bd 97 7b 95 71 cf b5 d4 3b a2 ba e7 3f b9 05 45 e0 73 45 38 90 00 
<<<<
>>>>
13 77 00 00 08 00 00 00 00 00 00 07 75 
7f 1d 12 c5 82 e9 9d d1 74 15 d3 12 36 b4 f5 c6 e8 9c 4b 90 6d 67 85 39 e8 a5 c9 9e 14 5e d9 e2 90 00 
<<<<
>>>>
13 75 00 00 00 
00 00 00 00 00 00 07 76 90 00 
<<<<
>>>>
13 77 00 00 08 00 00 00 00 00 00 07 76 
c3 0b e9 a0 80 6d 4b 96 8a 45 63 03 bd 97 7b 95 71 cf b5 d4 3b a2 ba e7 3f b9 05 45 e0 73 45 38 90 00 
<<<<
>>>>
13 76 00 00 00 
90 13 be f9 f1 71 96 fc 47 a9 58 59 e1 eb bc ac c6 e9 69 68 f1 2f ca 00 9d d8 1c 94 41 3c 51 6c 90 00 
<<<<
>>>>
13 75 00 00 00 
00 00 00 00 00 00 07 77 90 00 
<<<<
>>>>
13 76 00 00 00 
d0 e4 d5 4c 08 e9 bc fc 3b 17 86 5b 52 48 b8 3e 01 39 db 6d 4b d7 a4 2b 2c 0a 13 69 28 8f 08 15 90 00 
<<<<
>>>>
13 77 00 00 08 00 00 00 00 00 00 07 77 
90 13 be f9 f1 71 96 fc 47 a9 58 59 e1 eb bc ac c6 e9 69 68 f1 2f ca 00 9d d8 1c 94 41 3c 51 6c 90 00 
<<<<
>>>>
13 75 00 00 00 
00 00 00 00 00 00 07 78 90 00 
<<<<
>>>>
13 77 00 00 08 00 00 00 00 00 00 07 78 
d0 e4 d5 4c 08 e9 bc fc 3b 17 86 5b 52 48 b8 3e 01 39 db 6d 4b d7 a4 2b 2c 0a 13 69 28 8f 08 15 90 00 
<<<<
>>>>
13 76 00 00 00 
81 dd 39 ea 56 c9 0f fd ad d1 14 1e 12 35 51 9e d4 fe 45 cc 6d 07 74 59 bd d3 80 cb b9 e1 9f f5 90 00 
<<<<
>>>>
13 75 00 00 00 
00 00 00 00 00 00 07 79 90 00 
<<<<
>>>>
13 76 00 00 00 
70 c4 1f 78 3f 9f b7 0c d6 7e 86 46 e7 ff 7e 5b a9 56 39 b7 52 63 60 51 bb 43 2b 7a 3d e5 a0 de 90 00 
<<<<
>>>>
13 77 00 00 08 00 00 00 00 00 00 07 79 
81 dd 39 ea 56 c9 0f fd ad d1 14 1e 12 35 51 9e d4 fe 45 cc 6d 07 74 59 bd d3 80 cb b9 e1 9f f5 90 00 
<<<<
>>>>
13 75 00 00 00 
00 00 00 00 00 00 07 7a 90 00 
<<<<
>>>>
13 77 00 00 08 00 00 00 00 00 00 07 7a 
70 c4 1f 78 3f 9f b7 0c d6 7e 86 46 e7 ff 7e 5b a9 56 39 b7 52 63 60 51 bb 43 2b 7a 3d e5 a0 de 90 00 
<<<<
>>>>
13 76 00 00 00 
cf 11 d8 4f 3e d3 eb 80 00 04 fa 4b ac 72 09 26 ac b1 b6 fb 94 7d 1c 7e d1 42 74 b9 2e 15 bf ff 90 00 
<<<<
>>>>
13 75 00 00 00 
00 00 00 00 00 00 07 7b 90 00 
<<<<
>>>>
13 76 00 00 00 
25 b0 3d ad 58 49 ea da 68 d2 c2 16 b4 3e 49 a4 ec a9 a5 df dd cb b3 ba e8 ef ae 4d 4f 84 fd a6 90 00 
<<<<
>>>>
13 77 00 00 08 00 00 00 00 00 00 07 7b 
cf 11 d8 4f 3e d3 eb 80 00 04 fa 4b ac 72 09 26 ac b1 b6 fb 94 7d 1c 7e d1 42 74 b9 2e 15 bf ff 90 00 
<<<<
>>>>
13 75 00 00 00 
00 00 00 00 00 00 07 7c 90 00 
<<<<
>>>>
13 77 00 00 08 00 00 00 00 00 00 07 7c 
25 b0 3d ad 58 49 ea da 68 d2 c2 16 b4 3e 49 a4 ec a9 a5 df dd cb b3 ba e8 ef ae 4d 4f 84 fd a6 90 00 
<<<<
>>>>
13 76 00 00 00 
21 e3 3e f2 7a 60 4f 3e dd 69 f6 38 4d 5c c6 92 70 a7 24 c8 da 05 83 55 4a fd c8 39 a1 0c fd a1 90 00 
<<<<
>>>>
13 75 00 00 00 
00 00 00 00 00 00 07 7d 90 00 
<<<<
>>>>
13 76 00 00 00 
89 ed 98 9f ce 7f 6c 79 0e 34 99 c9 52 cf 45 83 9d a0 2e 2a 51 fa f7 a8 0a 18 c6 5f bc 14 58 e2 90 00 
<<<<
>>>>
13 77 00 00 08 00 00 00 00 00 00 07 7d 
21 e3 3e f2 7a 60 4f 3e dd 69 f6 38 4d 5c c6 92 70 a7 24 c8 da 05 83 55 4a fd c8 39 a1 0c fd a1 90 00 
<<<<
>>>>
13 75 00 00 00 
00 00 00 00 00 00 07 7e 90 00 
<<<<
>>>>
13 77 00 00 08 00 00 00 00 00 00 07 7e 
89 ed 98 9f ce 7f 6c 79 0e 34 99 c9 52 cf 45 83 9d a0 2e 2a 51 fa f7 a8 0a 18 c6 5f bc 14 58 e2 90 00 
<<<<
>>>>
13 76 00 00 00 
b1 be d4 44 ef 49 e2 d9 29 7a a3 07 ba 61 8c c1 ad db f4 19 f0 e2 a4 6c 04 26 98 5e db 32 79 8f 90 00 
<<<<
>>>>
13 75 00 00 00 
00 00 00 00 00 00 07 7f 90 00 
<<<<
>>>>
13 76 00 00 00 
4e 3b 08 46 ba 73 22 c5 90 fd be 5b 77 c0 b3 03 24 0f b9 13 fa 4c 5d 63 39 76 6f 0a ac 92 80 fa 90 00 
<<<<
>>>>
13 77 00 00 08 00 00 00 00 00 00 07 7f 
b1 be d4 44 ef 49 e2 d9 29 7a a3 07 ba 61 8c c1 ad db f4 19 f0 e2 a4 6c 04 26 98 5e db 32 79 8f 90 00 
<<<<
>>>>
13 75 00 00 00 
00 00 00 00 00 00 07 80 90 00 
<<<<
>>>>
13 77 00 00 08 00 00 00 00 00 00 07 80 
4e 3b 08 46 ba 73 22 c5 90 fd be 5b 77 c0 b3 03 24 0f b9 13 fa 4c 5d 63 39 76 6f 0a ac 92 80 fa 90 00 
<<<<
>>>>
13 76 00 00 00 
ee 13 6d 35 c5 8d 58 70 24 da 5d 74 f5 8b 0f da ab 9c a2 d4 60 29 b6 1c ef 63 55 92 9d 3f 6a 30 90 00 
<<<<
>>>>
13 75 00 00 00 
00 00 00 00 00 00 07 81 90 00 
<<<<
>>>>
13 76 00 00 00 
1c e9 f1 ce 3e 72 19 8e 54 8d 2d 73 b7 76 d6 37 db e4 20 ca 7f c4 85 2f d3 88 5a 81 bc e3 b6 29 90 00 
<<<<
>>>>
13 77 00 00 08 00 00 00 00 00 00 07 81 
ee 13 6d 35 c5 8d 58 70 24 da 5d 74 f5 8b 0f da ab 9c a2 d4 60 29 b6 1c ef 63 55 92 9d 3f 6a 30 90 00 
<<<<
>>>>
13 75 00 00 00 
00 00 00 00 00 00 07 82 90 00 
<<<<
>>>>
13 77 00 00 08 00 00 00 00 00 00 07 82 
1c e9 f1 ce 3e 72 19 8e 54 8d 2d 73 b7 76 d6 37 db e4 20 ca 7f c4 85 2f d3 88 5a 81 bc e3 b6 29 90 00 
<<<<
>>>>
13 76 00 00 00 
f2 2f a5 11 c1 dc 57 7c 51 7c 9b 4d 76 81 2f 55 ea 70 38 34 2c 24 ff d9 a2 ee fe 87 94 85 3f 99 90 00 
<<<<
>>>>
13 75 00 00 00 
00 00 00 00 00 00 07 83 90 00 
<<<<
>>>>
13 76 00 00 00 
cf 0b 9d 29 f9 ac b4 24 79 23 1d 3b d2 d5 a3 e3 bf 13 54 38 78 c4 fd f0 36 e7 cb 7a 68 35 b0 a4 90 00 
<<<<
>>>>
13 77 00 00 08 00 00 00 00 00 00 07 83 
f2 2f a5 11 c1 dc 57 7c 51 7c 9b 4d 76 81 2f 55 ea 70 38 34 2c 24 ff d9 a2 ee fe 87 94 85 3f 99 90 00 
<<<<
>>>>
13 75 00 00 00 
00 00 00 00 00 00 07 84 90 00 
<<<<
>>>>
13 77 00 00 08 00 00 00 00 00 00 07 84 
cf 0b 9d 29 f9 ac b4 24 79 23 1d 3b d2 d5 a3 e3 bf 13 54 38 78 c4 fd f0 36 e7 cb 7a 68 35 b0 a4 90 00 
<<<<
>>>>
13 76 00 00 00 
25 4e 31 e5 55 77 b9 5e 5d 5a f8 b9 e3 3d 4d c5 7c 6f 58 e2 a7 88 e6 c1 77 ff f0 c6 76 d9 71 58 90 00 
<<<<
>>>>
13 75 00 00 00 
00 00 00 00 00 00 07 85 90 00 
<<<<
>>>>
13 76 00 00 00 
fa 5c 7d ee 9b 94 08 ba df 23 9c 61 db c8 21 31 ab f9 68 50 09 6a 87 c8 ad 77 bb 95 ad 22 36 34 90 00 
<<<<
>>>>
13 77 00 00 08 00 00 00 00 00 00 07 85 
25 4e 31 e5 55 77 b9 5e 5d 5a f8 b9 e3 3d 4d c5 7c 6f 58 e2 a7 88 e6 c1 77 ff f0 c6 76 d9 71 58 90 00 
<<<<
>>>>
13 75 00 00 00 
00 00 00 00 00 00 07 86 90 00 
<<<<
>>>>
13 77 00 00 08 00 00 00 00 00 00 07 86 
fa 5c 7d ee 9b 94 08 ba df 23 9c 61 db c8 21 31 ab f9 68 50 09 6a 87 c8 ad 77 bb 95 ad 22 36 34 90 00 
<<<<
>>>>
13 76 00 00 00 
82 60 40 5b 1a 6e d2 6d 88 f7 30 40 40 10 16 56 7b 17 e0 4f a5 21 62 52 fe f4 7b c3 d7 20 bc 7e 90 00 
<<<<
>>>>
13 75 00 00 00 
00 00 00 00 00 00 07 87 90 00 
<<<<
>>>>
13 76 00 00 00 
69 7a eb 2e 5b c8 f5 50 47 74 2f a2 43 e4 51 ca 47 cf 4b 54 9b ad 14 66 2f ee 61 9c 9b a1 19 00 90 00 
<<<<
>>>>
13 77 00 00 08 00 00 00 00 00 00 07 87 
82 60 40 5b 1a 6e d2 6d 88 f7 30 40 40 10 16 56 7b 17 e0 4f a5 21 62 52 fe f4 7b c3 d7 20 bc 7e 90 00 
<<<<
>>>>
13 75 00 00 00 
00 00 00 00 00 00 07 88 90 00 
<<<<
>>>>
13 77 00 00 08 00 00 00 00 00 00 07 88 
69 7a eb 2e 5b c8 f5 50 47 74 2f a2 43 e4 51 ca 47 cf 4b 54 9b ad 14 66 2f ee 61 9c 9b a1 19 00 90 00 
<<<<
>>>>
13 76 00 00 00 
ad 82 1e ca df 52 32 e3 9b f9 ee 2a 88 3a d7 79 35 31 45 0d a3 95 8e d9 53 64 86 54 c3 b3 2a 82 90 00 
<<<<
>>>>
13 75 00 00 00 
00 00 00 00 00 00 07 89 90 00 
<<<<
>>>>
13 76 00 00 00 
77 a7 9f 06 53 8e c4 dd 67 35 38 1f c1 25 2f 09 ca ac 11 0a 09 90 ec 2a 92 8e b7 cc 16 00 48 a5 90 00 
<<<<
>>>>
13 77 00 00 08 00 00 00 00 00 00 07 89 
ad 82 1e ca df 52 32 e3 9b f9 ee 2a 88 3a d7 79 35 31 45 0d a3 95 8e d9 53 64 86 54 c3 b3 2a 82 90 00 
<<<<
>>>>
13 75 00 00 00 
00 00 00 00 00 00 07 8a 90 00 
<<<<
>>>>
13 77 00 00 08 00 00 00 00 00 00 07 8a 
77 a7 9f 06 53 8e c4 dd 67 35 38 1f c1 25 2f 09 ca ac 11 0a 09 90 ec 2a 92 8e b7 cc 16 00 48 a5 90 00 
<<<<
>>>>
13 76 00 00 00 
9b 7a f8 60 5d 58 4b 55 ad 7b e6 fa a7 17 79 d0 7b 07 f1 8b ec 9e 96 ba 7b 99 d8 fd 2f fc 65 c0 90 00 
<<<<
>>>>
13 75 00 00 00 
00 00 00 00 00 00 07 8b 90 00 
<<<<
>>>>
13 76 00 00 00 
69 a5 b3 d2 16 61 6e e7 79 e9 61 e3 17 dd 1b 18 b9 7c f8 40 e9 f7 8c ec 36 96 f6 b5 4d 15 c2 e0 90 00 
<<<<
>>>>
13 77 00 00 08 00 00 00 00 00 00 07 8b 
9b 7a f8 60 5d 58 4b 55 ad 7b e6 fa a7 17 79 d0 7b 07 f1 8b ec 9e 96 ba 7b 99 d8 fd 2f fc 65 c0 90 00 
<<<<
>>>>
13 75 00 00 00 
00 00 00 00 00 00 07 8c 90 00 
<<<<
>>>>
13 77 00 00 08 00 00 00 00 00 00 07 8c 
69 a5 b3 d2 16 61 6e e7 79 e9 61 e3 17 dd 1b 18 b9 7c f8 40 e9 f7 8c ec 36 96 f6 b5 4d 15 c2 e0 90 00 
<<<<
>>>>
13 76 00 00 00 
a6 b7 9a 5f 57 1d 8e ab 52 a5 19 78 3e 44 e7 72 ba f2 20 86 17 ef 25 0c 5a a6 41 22 01 57 0e 01 90 00 
<<<<
>>>>
13 75 00 00 00 
00 00 00 00 00 00 07 8d 90 00 
<<<<
>>>>
13 76 00 00 00 
84 64 dd 6a 0f 2c 00 c3 39 83 c4 3c f1 f4 05 f7 36 28 f2 8f c1 4a 10 c1 25 ea 2e 86 50 86 ba 1f 90 00 
<<<<
>>>>
13 77 00 00 08 00 00 00 00 00 00 07 8d 
a6 b7 9a 5f 57 1d 8e ab 52 a5 19 78 3e 44 e7 72 ba f2 20 86 17 ef 25 0c 5a a6 41 22 01 57 0e 01 90 00 
<<<<
>>>>
13 75 00 00 00 
00 00 00 00 00 00 07 8e 90 00 
<<<<
>>>>
13 77 00 00 08 00 00 00 00 00 00 07 8e 
84 64 dd 6a 0f 2c 00 c3 39 83 c4 3c f1 f4 05 f7 36 28 f2 8f c1 4a 10 c1 25 ea 2e 86 50 86 ba 1f 90 00 
<<<<
>>>>
13 76 00 00 00 
f1 a6 54 b8 27 31 6a 4b ee 3d ac 1f b1 8a 94 6f 3e 7f 8e 0b 6f 35 4a 76 77 24 ae 3e 8f 91 27 89 90 00 
<<<<
>>>>
13 75 00 00 00 
00 00 00 00 00 00 07 8f 90 00 
<<<<
>>>>
13 76 00 00 00 
d9 23 e1 13 7a 13 b9 a1 0d 81 3d 66 4a 34 02 6a 39 9d a6 4d 12 13 4b b7 9d ff 49 2b d0 ae 6d bf 90 00 
<<<<
>>>>
13 77 00 00 08 00 00 00 00 00 00 07 8f 
f1 a6 54 b8 27 31 6a 4b ee 3d ac 1f b1 8a 94 6f 3e 7f 8e 0b 6f 35 4a 76 77 24 ae 3e 8f 91 27 89 90 00 
<<<<
>>>>
13 75 00 00 00 
00 00 00 00 00 00 07 90 90 00 
<<<<
>>>>
13 77 00 00 08 00 00 00 00 00 00 07 90 
d9 23 e1 13 7a 13 b9 a1 0d 81 3d 66 4a 34 02 6a 39 9d a6 4d 12 13 4b b7 9d ff 49 2b d0 ae 6d bf 90 00 
<<<<
>>>>
13 76 00 00 00 
35 e9 cb 52 d9 48 19 66 5d b7 15 d4 a1 9d 9c e6 68 00 2e 45 40 eb 9f 0c d2 85 48 06 9a 2c 9b e7 90 00 
<<<<
>>>>
13 75 00 00 00 
00 00 00 00 00 00 07 91 90 00 
<<<<
>>>>
13 76 00 00 00 
70 d3 31 bc cb 60 f8 66 79 66 88 1b 27 5e ea 49 ed 2a 50 56 7b db 94 19 0f 3a 62 38 a4 03 cb 0b 90 00 
<<<<
>>>>
13 77 00 00 08 00 00 00 00 00 00 07 91 
35 e9 cb 52 d9 48 19 66 5d b7 15 d4 a1 9d 9c e6 68 00 2e 45 40 eb 9f 0c d2 85 48 06 9a 2c 9b e7 90 00 
<<<<
>>>>
13 75 00 00 00 
00 00 00 00 00 00 07 92 90 00 
<<<<
>>>>
13 77 00 00 08 00 00 00 00 00 00 07 92 
70 d3 31 bc cb 60 f8 66 79 66 88 1b 27 5e ea 49 ed 2a 50 56 7b db 94 19 0f 3a 62 38 a4 03 cb 0b 90 00 
<<<<
>>>>
13 76 00 00 00 
93 db 6c 07 c2 bf 13 a5 84 4b 72 6d e5 e6 41 69 a4 1b fb d3 17 22 28 65 a5 60 ab 88 27 a4 68 90 90 00 
<<<<
>>>>
13 75 00 00 00 
00 00 00 00 00 00 07 93 90 00 
<<<<
>>>>
13 76 00 00 00 
dc 3e bf 92 86 2d 41 12 30 0c e4 37 af e8 7f 41 5c ab d7 d1 77 1a ff 90 d5 99 f4 be 18 29 ca 73 90 00 
<<<<
>>>>
13 77 00 00 08 00 00 00 00 00 00 07 93 
93 db 6c 07 c2 bf 13 a5 84 4b 72 6d e5 e6 41 69 a4 1b fb d3 17 22 28 65 a5 60 ab 88 27 a4 68 90 90 00 
<<<<
>>>>
13 75 00 00 00 
00 00 00 00 00 00 07 94 90 00 
<<<<
>>>>
13 77 00 00 08 00 00 00 00 00 00 07 94 
dc 3e bf 92 86 2d 41 12 30 0c e4 37 af e8 7f 41 5c ab d7 d1 77 1a ff 90 d5 99 f4 be 18 29 ca 73 90 00 
<<<<
>>>>
13 76 00 00 00 
ca 58 89 24 25 04 1d a3 5f a3 0e 3e 59 aa 16 ef 9d 58 ac 89 17 c3 18 bd 62 ed a7 e4 21 4b 52 23 90 00 
<<<<
>>>>
13 75 00 00 00 
00 00 00 00 00 00 07 95 90 00 
<<<<
>>>>
13 76 00 00 00 
ee e6 85 35 30 1e d4 41 52 cc 8f b1 ac 05 78 b2 88 63 f3 4a b2 de 11 a7 bc 4d 93 f6 49 32 93 49 90 00 
<<<<
>>>>
13 77 00 00 08 00 00 00 00 00 00 07 95 
ca 58 89 24 25 04 1d a3 5f a3 0e 3e 59 aa 16 ef 9d 58 ac 89 17 c3 18 bd 62 ed a7 e4 21 4b 52 23 90 00 
<<<<
>>>>
13 75 00 00 00 
00 00 00 00 00 00 07 96 90 00 
<<<<
>>>>
13 77 00 00 08 00 00 00 00 00 00 07 96 
ee e6 85 35 30 1e d4 41 52 cc 8f b1 ac 05 78 b2 88 63 f3 4a b2 de 11 a7 bc 4d 93 f6 49 32 93 49 90 00 
<<<<
>>>>
13 76 00 00 00 
4c 71 ff c8 ad 13 33 79 fd 44 4c e3 4c 45 8e ab fb 08 58 96 18 70 36 b5 e4 23 cd 38 8a c2 2e 0d 90 00 
<<<<
>>>>
13 75 00 00 00 
00 00 00 00 00 00 07 97 90 00 
<<<<
>>>>
13 76 00 00 00 
7f 4a 7c 2d 5d 38 b7 23 78 2c a2 68 b9 61 7e 0d ac 70 19 b9 7f e0 3c 2c 94 7c 57 51 e9 6e 21 60 90 00 
<<<<
>>>>
13 77 00 00 08 00 00 00 00 00 00 07 97 
4c 71 ff c8 ad 13 33 79 fd 44 4c e3 4c 45 8e ab fb 08 58 96 18 70 36 b5 e4 23 cd 38 8a c2 2e 0d 90 00 
<<<<
>>>>
13 75 00 00 00 
00 00 00 00 00 00 07 98 90 00 
<<<<
>>>>
13 77 00 00 08 00 00 00 00 00 00 07 98 
7f 4a 7c 2d 5d 38 b7 23 78 2c a2 68 b9 61 7e 0d ac 70 19 b9 7f e0 3c 2c 94 7c 57 51 e9 6e 21 60 90 00 
<<<<
>>>>
13 76 00 00 00 
86 e6 26 25 c5 78 f5 d9 47 7b 5c 01 7c ca 82 d8 46 d5 ff ef b8 7e 29 63 9c ce a6 a0 25 24 e4 1f 90 00 
<<<<
>>>>
13 75 00 00 00 
00 00 00 00 00 00 07 99 90 00 
<<<<
>>>>
13 76 00 00 00 
ad e7 28 4b 8a 98 12 dd 95 4e 37 c0 4d f5 1c 9a b3 ea f5 d0 95 10 83 78 0f 1b 4e ab d1 4e 96 2c 90 00 
<<<<
>>>>
13 77 00 00 08 00 00 00 00 00 00 07 99 
86 e6 26 25 c5 78 f5 d9 47 7b 5c 01 7c ca 82 d8 46 d5 ff ef b8 7e 29 63 9c ce a6 a0 25 24 e4 1f 90 00 
<<<<
>>>>
13 75 00 00 00 
00 00 00 00 00 00 07 9a 90 00 
<<<<
>>>>
13 77 00 00 08 00 00 00 00 00 00 07 9a 
ad e7 28 4b 8a 98 12 dd 95 4e 37 c0 4d f5 1c 9a b3 ea f5 d0 95 10 83 78 0f 1b 4e ab d1 4e 96 2c 90 00 
<<<<
>>>>
13 76 00 00 00 
1e 20 d1 cc 4a ca 85 35 21 f8 81 17 7b de a9 c0 8c 9e 2a 49 9e 7b 47 e9 5d 49 12 f3 80 52 3a 76 90 00 
<<<<
>>>>
13 75 00 00 00 
00 00 00 00 00 00 07 9b 90 00 
<<<<
>>>>
13 76 00 00 00 
65 ab 33 ec b4 40 4a 57 51 2d 3e 30 2b a7 3e 31 e3 67 b0 76 c3 1b 22 5f 45 fb de 55 45 a3 da db 90 00 
<<<<
>>>>
13 77 00 00 08 00 00 00 00 00 00 07 9b 
1e 20 d1 cc 4a ca 85 35 21 f8 81 17 7b de a9 c0 8c 9e 2a 49 9e 7b 47 e9 5d 49 12 f3 80 52 3a 76 90 00 
<<<<
>>>>
13 75 00 00 00 
00 00 00 00 00 00 07 9c 90 00 
<<<<
>>>>
13 77 00 00 08 00 00 00 00 00 00 07 9c 
65 ab 33 ec b4 40 4a 57 51 2d 3e 30 2b a7 3e 31 e3 67 b0 76 c3 1b 22 5f 45 fb de 55 45 a3 da db 90 00 
<<<<
>>>>
13 76 00 00 00 
18 ae 2b ab 60 08 31 4a 46 28 59 80 a5 aa 25 0f df b0 c7 e2 d5 a8 e7 56 5b 52 02 d5 db cf 16 6b 90 00 
<<<<
>>>>
13 75 00 00 00 
00 00 00 00 00 00 07 9d 90 00 
<<<<
>>>>
13 76 00 00 00 
0c 70 6a 1b 99 22 d7 ad 35 ee 0a 51 3b cb eb 92 61 4f 9e 4c 46 58 58 4c ea 56 6f cd b0 da 23 ac 90 00 
<<<<
>>>>
13 77 00 00 08 00 00 00 00 00 00 07 9d 
18 ae 2b ab 60 08 31 4a 46 28 59 80 a5 aa 25 0f df b0 c7 e2 d5 a8 e7 56 5b 52 02 d5 db cf 16 6b 90 00 
<<<<
>>>>
13 75 00 00 00 
00 00 00 00 00 00 07 9e 90 00 
<<<<
>>>>
13 77 00 00 08 00 00 00 00 00 00 07 9e 
0c 70 6a 1b 99 22 d7 ad 35 ee 0a 51 3b cb eb 92 61 4f 9e 4c 46 58 58 4c ea 56 6f cd b0 da 23 ac 90 00 
<<<<
>>>>
13 76 00 00 00 
d9 55 0c 2c b3 b8 4b e9 d3 ba aa 15 65 52 82 4e bf 68 a0 9e 82 b2 e1 70 a9 3c fe 0e 7e 3b bc dc 90 00 
<<<<
>>>>
13 75 00 00 00 
00 00 00 00 00 00 07 9f 90 00 
<<<<
>>>>
13 76 00 00 00 
22 45 21 6d b3 41 c4 15 77 06 8d 34 95 b4 2f 19 d2 f1 df e0 42 56 14 b0 d9 d5 4c 48 a5 fd db f5 90 00 
<<<<
>>>>
13 77 00 00 08 00 00 00 00 00 00 07 9f 
d9 55 0c 2c b3 b8 4b e9 d3 ba aa 15 65 52 82 4e bf 68 a0 9e 82 b2 e1 70 a9 3c fe 0e 7e 3b bc dc 90 00 
<<<<
>>>>
13 75 00 00 00 
00 00 00 00 00 00 07 a0 90 00 
<<<<
>>>>
13 77 00 00 08 00 00 00 00 00 00 07 a0 
22 45 21 6d b3 41 c4 15 77 06 8d 34 95 b4 2f 19 d2 f1 df e0 42 56 14 b0 d9 d5 4c 48 a5 fd db f5 90 00 
<<<<
>>>>
13 76 00 00 00 
53 4f 62 af ba 30 30 f5 c8 9a c7 18 32 63 f7 4b 11 f6 42 b4 ea dc 87 f3 48 e8 3b ec 32 33 fa 8c 90 00 
<<<<
>>>>
13 75 00 00 00 
00 00 00 00 00 00 07 a1 90 00 
<<<<
>>>>
13 76 00 00 00 
65 22 83 13 1f 51 e5 ab 09 18 20 7e 1c b5 d9 d1 8d 37 0c d6 4c 70 c5 55 88 1a db 3f fc 30 f7 43 90 00 
<<<<
>>>>
13 77 00 00 08 00 00 00 00 00 00 07 a1 
53 4f 62 af ba 30 30 f5 c8 9a c7 18 32 63 f7 4b 11 f6 42 b4 ea dc 87 f3 48 e8 3b ec 32 33 fa 8c 90 00 
<<<<
>>>>
13 75 00 00 00 
00 00 00 00 00 00 07 a2 90 00 
<<<<
>>>>
13 77 00 00 08 00 00 00 00 00 00 07 a2 
65 22 83 13 1f 51 e5 ab 09 18 20 7e 1c b5 d9 d1 8d 37 0c d6 4c 70 c5 55 88 1a db 3f fc 30 f7 43 90 00 
<<<<
>>>>
13 76 00 00 00 
74 73 ff 53 45 d6 6a 98 fa 17 21 d0 fc 04 22 b1 75 63 2f 77 58 d1 05 5f b1 d0 3d e4 7b 77 4f 95 90 00 
<<<<
>>>>
13 75 00 00 00 
00 00 00 00 00 00 07 a3 90 00 
<<<<
>>>>
13 76 00 00 00 
83 ed e6 c3 18 5c 57 7c d6 6f cf f1 31 13 58 59 32 53 ee 8e 35 63 b4 b0 1b b4 74 4d eb 66 82 45 90 00 
<<<<
>>>>
13 77 00 00 08 00 00 00 00 00 00 07 a3 
74 73 ff 53 45 d6 6a 98 fa 17 21 d0 fc 04 22 b1 75 63 2f 77 58 d1 05 5f b1 d0 3d e4 7b 77 4f 95 90 00 
<<<<
>>>>
13 75 00 00 00 
00 00 00 00 00 00 07 a4 90 00 
<<<<
>>>>
13 77 00 00 08 00 00 00 00 00 00 07 a4 
83 ed e6 c3 18 5c 57 7c d6 6f cf f1 31 13 58 59 32 53 ee 8e 35 63 b4 b0 1b b4 74 4d eb 66 82 45 90 00 
<<<<
>>>>
13 76 00 00 00 
dc 8d 04 ba 58 04 93 fd 75 a8 fb 07 58 d2 80 f6 df 85 79 08 c2 8f 42 52 4c 6d 2c 88 4a 12 fd e7 90 00 
<<<<
>>>>
13 75 00 00 00 
00 00 00 00 00 00 07 a5 90 00 
<<<<
>>>>
13 76 00 00 00 
ea 32 86 c7 64 78 a7 1a 35 77 19 96 79 9c a7 f5 91 b4 6c 5d 63 f5 85 99 a7 b1 0a 6f ed 2b cc e1 90 00 
<<<<
>>>>
13 77 00 00 08 00 00 00 00 00 00 07 a5 
dc 8d 04 ba 58 04 93 fd 75 a8 fb 07 58 d2 80 f6 df 85 79 08 c2 8f 42 52 4c 6d 2c 88 4a 12 fd e7 90 00 
<<<<
>>>>
13 75 00 00 00 
00 00 00 00 00 00 07 a6 90 00 
<<<<
>>>>
13 77 00 00 08 00 00 00 00 00 00 07 a6 
ea 32 86 c7 64 78 a7 1a 35 77 19 96 79 9c a7 f5 91 b4 6c 5d 63 f5 85 99 a7 b1 0a 6f ed 2b cc e1 90 00 
<<<<
>>>>
13 76 00 00 00 
78 7d ba e0 08 6c a6 e0 6e a0 a9 f3 96 c3 ca 88 53 26 30 75 2c 2b 24 e6 87 4f 8f 19 74 a0 c4 7c 90 00 
<<<<
>>>>
13 75 00 00 00 
00 00 00 00 00 00 07 a7 90 00 
<<<<
>>>>
13 76 00 00 00 
33 01 1f 93 f2 1c 48 0f df 98 19 b4 af db 5f 4a f6 2a a7 d9 ed 12 e3 f7 10 5e f1 09 ee ba bf 3f 90 00 
<<<<
>>>>
13 77 00 00 08 00 00 00 00 00 00 07 a7 
78 7d ba e0 08 6c a6 e0 6e a0 a9 f3 96 c3 ca 88 53 26 30 75 2c 2b 24 e6 87 4f 8f 19 74 a0 c4 7c 90 00 
<<<<
>>>>
13 75 00 00 00 
00 00 00 00 00 00 07 a8 90 00 
<<<<
>>>>
13 77 00 00 08 00 00 00 00 00 00 07 a8 
33 01 1f 93 f2 1c 48 0f df 98 19 b4 af db 5f 4a f6 2a a7 d9 ed 12 e3 f7 10 5e f1 09 ee ba bf 3f 90 00 
<<<<
>>>>
13 76 00 00 00 
51 14 7c 9c c0 37 12 49 d4 27 de 97 cc 79 99 8d f4 02 08 09 6c b8 6f 75 22 36 29 52 aa 0f b0 ce 90 00 
<<<<
>>>>
13 75 00 00 00 
00 00 00 00 00 00 07 a9 90 00 
<<<<
>>>>
13 76 00 00 00 
0e 01 4e b7 06 b5 34 30 db 5e 58 1f af 97 d0 53 4e 98 48 10 0f fc 00 ef e9 15 7f ce b2 d0 41 93 90 00 
<<<<
>>>>
13 77 00 00 08 00 00 00 00 00 00 07 a9 
51 14 7c 9c c0 37 12 49 d4 27 de 97 cc 79 99 8d f4 02 08 09 6c b8 6f 75 22 36 29 52 aa 0f b0 ce 90 00 
<<<<
>>>>
13 75 00 00 00 
00 00 00 00 00 00 07 aa 90 00 
<<<<
>>>>
13 77 00 00 08 00 00 00 00 00 00 07 aa 
0e 01 4e b7 06 b5 34 30 db 5e 58 1f af 97 d0 53 4e 98 48 10 0f fc 00 ef e9 15 7f ce b2 d0 41 93 90 00 
<<<<
>>>>
13 76 00 00 00 
af 59 82 6d 48 9b fe e9 2a 42 89 af 47 42 6a 6e c4 74 0c c1 ed 26 32 ca 2c 79 32 e6 0b fb a1 ff 90 00 
<<<<
>>>>
13 75 00 00 00 
00 00 00 00 00 00 07 ab 90 00 
<<<<
>>>>
13 76 00 00 00 
e2 56 c3 23 cc bd f4 0b 55 4d 71 63 b5 c6 0c 42 75 05 c9 20 72 b0 85 e5 e3 ea 11 d6 c6 2f a9 85 90 00 
<<<<
>>>>
13 77 00 00 08 00 00 00 00 00 00 07 ab 
af 59 82 6d 48 9b fe e9 2a 42 89 af 47 42 6a 6e c4 74 0c c1 ed 26 32 ca 2c 79 32 e6 0b fb a1 ff 90 00 
<<<<
>>>>
13 75 00 00 00 
00 00 00 00 00 00 07 ac 90 00 
<<<<
>>>>
13 77 00 00 08 00 00 00 00 00 00 07 ac 
e2 56 c3 23 cc bd f4 0b 55 4d 71 63 b5 c6 0c 42 75 05 c9 20 72 b0 85 e5 e3 ea 11 d6 c6 2f a9 85 90 00 
<<<<
>>>>
13 76 00 00 00 
91 7a 6d e9 84 a6 01 a0 ef 27 2a a2 95 d7 ef 4f a4 2c f7 d4 f2 03 0c 39 c8 ba 9d 52 4b 88 af b5 90 00 
<<<<
>>>>
13 75 00 00 00 
00 00 00 00 00 00 07 ad 90 00 
<<<<
>>>>
13 76 00 00 00 
ea 9c 1d 5f 52 ac 3a 60 2e cf c3 7d 94 8b 36 4d f5 ca 49 e7 ca e0 07 c0 e8 83 12 94 d8 de fd 11 90 00 
<<<<
>>>>
13 77 00 00 08 00 00 00 00 00 00 07 ad 
91 7a 6d e9 84 a6 01 a0 ef 27 2a a2 95 d7 ef 4f a4 2c f7 d4 f2 03 0c 39 c8 ba 9d 52 4b 88 af b5 90 00 
<<<<
>>>>
13 75 00 00 00 
00 00 00 00 00 00 07 ae 90 00 
<<<<
>>>>
13 77 00 00 08 00 00 00 00 00 00 07 ae 
ea 9c 1d 5f 52 ac 3a 60 2e cf c3 7d 94 8b 36 4d f5 ca 49 e7 ca e0 07 c0 e8 83 12 94 d8 de fd 11 90 00 
<<<<
>>>>
13 76 00 00 00 
61 6d 04 bf 58 68 73 ab 9a 76 e8 0d 05 53 f1 d4 df 2c 86 97 1b 03 2a a1 48 54 08 87 5e ba 28 1e 90 00 
<<<<
>>>>
13 75 00 00 00 
00 00 00 00 00 00 07 af 90 00 
<<<<
>>>>
13 76 00 00 00 
4f 46 5b 8b 82 6a 93 9c 74 0b 5b f4 bd d5 f8 96 e6 e0 af 61 15 2d db 63 40 05 fc a1 1f 52 f5 01 90 00 
<<<<
>>>>
13 77 00 00 08 00 00 00 00 00 00 07 af 
61 6d 04 bf 58 68 73 ab 9a 76 e8 0d 05 53 f1 d4 df 2c 86 97 1b 03 2a a1 48 54 08 87 5e ba 28 1e 90 00 
<<<<
>>>>
13 75 00 00 00 
00 00 00 00 00 00 07 b0 90 00 
<<<<
>>>>
13 77 00 00 08 00 00 00 00 00 00 07 b0 
4f 46 5b 8b 82 6a 93 9c 74 0b 5b f4 bd d5 f8 96 e6 e0 af 61 15 2d db 63 40 05 fc a1 1f 52 f5 01 90 00 
<<<<
>>>>
13 76 00 00 00 
27 3b 3a 8b 40 dc 46 22 20 a5 d2 0f 03 78 07 b3 e2 2e 7c ba 97 8a 85 f7 0c e0 42 d9 b9 eb c0 5c 90 00 
<<<<
>>>>
13 75 00 00 00 
00 00 00 00 00 00 07 b1 90 00 
<<<<
>>>>
13 76 00 00 00 
ea d3 0b 69 61 7a d7 71 e5 21 0d 0d 29 26 70 fd 83 d4 d1 7c 5e 66 db 2d 69 50 e1 0c 9b f9 de 3c 90 00 
<<<<
>>>>
13 77 00 00 08 00 00 00 00 00 00 07 b1 
27 3b 3a 8b 40 dc 46 22 20 a5 d2 0f 03 78 07 b3 e2 2e 7c ba 97 8a 85 f7 0c e0 42 d9 b9 eb c0 5c 90 00 
<<<<
>>>>
13 75 00 00 00 
00 00 00 00 00 00 07 b2 90 00 
<<<<
>>>>
13 77 00 00 08 00 00 00 00 00 00 07 b2 
ea d3 0b 69 61 7a d7 71 e5 21 0d 0d 29 26 70 fd 83 d4 d1 7c 5e 66 db 2d 69 50 e1 0c 9b f9 de 3c 90 00 
<<<<
>>>>
13 76 00 00 00 
d0 1d aa 08 0d f6 31 b0 fa be 45 6f 3b 64 14 ce 38 a0 c2 8a f0 f5 ea ad 13 2f 8e e9 60 ce f1 8c 90 00 
<<<<
>>>>
13 75 00 00 00 
00 00 00 00 00 00 07 b3 90 00 
<<<<
>>>>
13 76 00 00 00 
59 38 5f b6 7c 55 9a 48 f7 8f ed 5e 73 77 f3 9c c2 be 0f f6 51 d4 17 70 9b 19 2b 39 5c 15 54 73 90 00 
<<<<
>>>>
13 77 00 00 08 00 00 00 00 00 00 07 b3 
d0 1d aa 08 0d f6 31 b0 fa be 45 6f 3b 64 14 ce 38 a0 c2 8a f0 f5 ea ad 13 2f 8e e9 60 ce f1 8c 90 00 
<<<<
>>>>
13 75 00 00 00 
00 00 00 00 00 00 07 b4 90 00 
<<<<
>>>>
13 77 00 00 08 00 00 00 00 00 00 07 b4 
59 38 5f b6 7c 55 9a 48 f7 8f ed 5e 73 77 f3 9c c2 be 0f f6 51 d4 17 70 9b 19 2b 39 5c 15 54 73 90 00 
<<<<
>>>>
13 76 00 00 00 
cc ad 5a e4 b8 86 fe 7a be ec fd cd 9a d7 3d 08 98 a1 bc 48 3b 75 bf 4a 23 00 25 2c 59 1d e0 6a 90 00 
<<<<
>>>>
13 75 00 00 00 
00 00 00 00 00 00 07 b5 90 00 
<<<<
>>>>
13 76 00 00 00 
1b 13 8c 27 7b 0a 73 5f 0c 94 88 b6 ae a2 85 55 cd 6f 16 5d d8 74 0d a0 d0 56 50 4b 8b 90 b0 ba 90 00 
<<<<
>>>>
13 77 00 00 08 00 00 00 00 00 00 07 b5 
cc ad 5a e4 b8 86 fe 7a be ec fd cd 9a d7 3d 08 98 a1 bc 48 3b 75 bf 4a 23 00 25 2c 59 1d e0 6a 90 00 
<<<<
>>>>
13 75 00 00 00 
00 00 00 00 00 00 07 b6 90 00 
<<<<
>>>>
13 77 00 00 08 00 00 00 00 00 00 07 b6 
1b 13 8c 27 7b 0a 73 5f 0c 94 88 b6 ae a2 85 55 cd 6f 16 5d d8 74 0d a0 d0 56 50 4b 8b 90 b0 ba 90 00 
<<<<
>>>>
13 76 00 00 00 
24 d5 f2 b2 d0 72 13 2e 30 1c 73 19 a3 b1 93 a1 a0 5b 8c f2 84 fc 2c af f4 86 60 58 bb 76 02 db 90 00 
<<<<
>>>>
13 75 00 00 00 
00 00 00 00 00 00 07 b7 90 00 
<<<<
>>>>
13 76 00 00 00 
5e 2a c6 50 10 d5 45 4d 0c 90 de 2d f7 a3 32 3f 86 9a 86 be 61 7e e4 7d 88 30 7e 92 8c eb b3 4f 90 00 
<<<<
>>>>
13 77 00 00 08 00 00 00 00 00 00 07 b7 
24 d5 f2 b2 d0 72 13 2e 30 1c 73 19 a3 b1 93 a1 a0 5b 8c f2 84 fc 2c af f4 86 60 58 bb 76 02 db 90 00 
<<<<
>>>>
13 75 00 00 00 
00 00 00 00 00 00 07 b8 90 00 
<<<<
>>>>
13 77 00 00 08 00 00 00 00 00 00 07 b8 
5e 2a c6 50 10 d5 45 4d 0c 90 de 2d f7 a3 32 3f 86 9a 86 be 61 7e e4 7d 88 30 7e 92 8c eb b3 4f 90 00 
<<<<
>>>>
13 76 00 00 00 
4a 10 aa 61 ad c7 99 b4 36 eb 18 6b 03 a2 90 b5 f6 70 cf 04 52 89 34 42 92 bb 58 dc cb 2d eb 02 90 00 
<<<<
>>>>
13 75 00 00 00 
00 00 00 00 00 00 07 b9 90 00 
<<<<
>>>>
13 76 00 00 00 
1c 75 fa bd 8f 16 32 39 53 01 a5 dd 4a 05 61 5c d5 7b c8 03 65 e4 10 21 10 e6 27 6a 2e 66 6b 6d 90 00 
<<<<
>>>>
13 77 00 00 08 00 00 00 00 00 00 07 b9 
4a 10 aa 61 ad c7 99 b4 36 eb 18 6b 03 a2 90 b5 f6 70 cf 04 52 89 34 42 92 bb 58 dc cb 2d eb 02 90 00 
<<<<
>>>>
13 75 00 00 00 
00 00 00 00 00 00 07 ba 90 00 
<<<<
>>>>
13 77 00 00 08 00 00 00 00 00 00 07 ba 
1c 75 fa bd 8f 16 32 39 53 01 a5 dd 4a 05 61 5c d5 7b c8 03 65 e4 10 21 10 e6 27 6a 2e 66 6b 6d 90 00 
<<<<
>>>>
13 76 00 00 00 
0c 7b 2c d8 f9 a0 f6 02 54 34 25 ee 3e 54 22 88 d5 8e 15 e1 c4 f9 37 ad 39 fe ec 7d e6 5b 0c b3 90 00 
<<<<
>>>>
13 75 00 00 00 
00 00 00 00 00 00 07 bb 90 00 
<<<<
>>>>
13 76 00 00 00 
07 61 45 c8 cb 0c bf 82 07 32 8a 33 00 82 b8 62 d7 63 d8 f3 b9 d6 2e a6 75 0b 7e 87 9c 79 87 19 90 00 
<<<<
>>>>
13 77 00 00 08 00 00 00 00 00 00 07 bb 
0c 7b 2c d8 f9 a0 f6 02 54 34 25 ee 3e 54 22 88 d5 8e 15 e1 c4 f9 37 ad 39 fe ec 7d e6 5b 0c b3 90 00 
<<<<
>>>>
13 75 00 00 00 
00 00 00 00 00 00 07 bc 90 00 
<<<<
>>>>
13 77 00 00 08 00 00 00 00 00 00 07 bc 
07 61 45 c8 cb 0c bf 82 07 32 8a 33 00 82 b8 62 d7 63 d8 f3 b9 d6 2e a6 75 0b 7e 87 9c 79 87 19 90 00 
<<<<
>>>>
13 76 00 00 00 
94 9e a5 a8 12 c3 3a a2 7c 0a f2 5e 4b f3 40 20 98 23 d9 1b e5 29 52 09 17 78 a9 76 ca e5 4f 33 90 00 
<<<<
>>>>
13 75 00 00 00 
00 00 00 00 00 00 07 bd 90 00 
<<<<
>>>>
13 76 00 00 00 
0a 73 a1 ed da 10 44 d2 6d 88 1a e7 e7 50 a0 7a af fa ec 87 d5 97 09 da 1b 3d f3 81 9b 7f db d9 90 00 
<<<<
>>>>
13 77 00 00 08 00 00 00 00 00 00 07 bd 
94 9e a5 a8 12 c3 3a a2 7c 0a f2 5e 4b f3 40 20 98 23 d9 1b e5 29 52 09 17 78 a9 76 ca e5 4f 33 90 00 
<<<<
>>>>
13 75 00 00 00 
00 00 00 00 00 00 07 be 90 00 
<<<<
>>>>
13 77 00 00 08 00 00 00 00 00 00 07 be 
0a 73 a1 ed da 10 44 d2 6d 88 1a e7 e7 50 a0 7a af fa ec 87 d5 97 09 da 1b 3d f3 81 9b 7f db d9 90 00 
<<<<
>>>>
13 76 00 00 00 
b6 2e d0 ab e5 6f d5 b7 e7 cd 69 24 0f 4a c2 b1 52 f2 62 a7 3e 17 2f 94 e9 ce fa 32 96 ab fa d6 90 00 
<<<<
>>>>
13 75 00 00 00 
00 00 00 00 00 00 07 bf 90 00 
<<<<
>>>>
13 76 00 00 00 
49 b4 7e 6b 1e 28 7d e1 3e d0 1b c3 66 82 0d 03 9a bc 8a 5a a3 51 cd 93 3d 30 0a e0 60 1d 33 1c 90 00 
<<<<
>>>>
13 77 00 00 08 00 00 00 00 00 00 07 bf 
b6 2e d0 ab e5 6f d5 b7 e7 cd 69 24 0f 4a c2 b1 52 f2 62 a7 3e 17 2f 94 e9 ce fa 32 96 ab fa d6 90 00 
<<<<
>>>>
13 75 00 00 00 
00 00 00 00 00 00 07 c0 90 00 
<<<<
>>>>
13 77 00 00 08 00 00 00 00 00 00 07 c0 
49 b4 7e 6b 1e 28 7d e1 3e d0 1b c3 66 82 0d 03 9a bc 8a 5a a3 51 cd 93 3d 30 0a e0 60 1d 33 1c 90 00 
<<<<
>>>>
13 76 00 00 00 
8a e9 2a 09 62 3e 9e 96 b4 f9 f8 db 30 c2 55 3d 55 be 6f 11 f4 92 aa 18 e8 d6 50 f9 1b 89 f3 4f 90 00 
<<<<
>>>>
13 75 00 00 00 
00 00 00 00 00 00 07 c1 90 00 
<<<<
>>>>
13 76 00 00 00 
6a b7 54 42 2d 3c 17 ce b3 60 0a 17 de 34 22 5b f1 c1 49 c6 03 87 3a ec bc 03 82 0b 48 fd 12 57 90 00 
<<<<
>>>>
13 77 00 00 08 00 00 00 00 00 00 07 c1 
8a e9 2a 09 62 3e 9e 96 b4 f9 f8 db 30 c2 55 3d 55 be 6f 11 f4 92 aa 18 e8 d6 50 f9 1b 89 f3 4f 90 00 
<<<<
>>>>
13 75 00 00 00 
00 00 00 00 00 00 07 c2 90 00 
<<<<
>>>>
13 77 00 00 08 00 00 00 00 00 00 07 c2 
6a b7 54 42 2d 3c 17 ce b3 60 0a 17 de 34 22 5b f1 c1 49 c6 03 87 3a ec bc 03 82 0b 48 fd 12 57 90 00 
<<<<
>>>>
13 76 00 00 00 
66 9d 48 55 da 27 07 68 09 9a ef 53 26 aa 97 84 e6 72 5f 2d 80 22 43 bf 79 6c f7 ba 2f 08 ef 29 90 00 
<<<<
>>>>
13 75 00 00 00 
00 00 00 00 00 00 07 c3 90 00 
<<<<
>>>>
13 76 00 00 00 
dc 2d ed 13 0b 72 59 a7 04 63 c6 cb b8 66 50 43 c9 24 f0 ce 54 4f 84 15 0f 79 ae c9 31 97 c9 64 90 00 
<<<<
>>>>
13 77 00 00 08 00 00 00 00 00 00 07 c3 
66 9d 48 55 da 27 07 68 09 9a ef 53 26 aa 97 84 e6 72 5f 2d 80 22 43 bf 79 6c f7 ba 2f 08 ef 29 90 00 
<<<<
>>>>
13 75 00 00 00 
00 00 00 00 00 00 07 c4 90 00 
<<<<
>>>>
13 77 00 00 08 00 00 00 00 00 00 07 c4 
dc 2d ed 13 0b 72 59 a7 04 63 c6 cb b8 66 50 43 c9 24 f0 ce 54 4f 84 15 0f 79 ae c9 31 97 c9 64 90 00 
<<<<
>>>>
13 76 00 00 00 
37 54 84 67 a3 03 b4 5f ff b2 4a 15 3d 51 ea 07 d0 63 5a 69 cc 2d fa 95 f0 fc 8c 62 d4 a5 ce 57 90 00 
<<<<
>>>>
13 75 00 00 00 
00 00 00 00 00 00 07 c5 90 00 
<<<<
>>>>
13 76 00 00 00 
0c d2 d7 ea 2f 58 2b fe 4b 1a 02 73 6d 02 47 0a 27 7d 7f 56 70 da 73 7e 49 c9 19 5d 7c 9a 12 89 90 00 
<<<<
>>>>
13 77 00 00 08 00 00 00 00 00 00 07 c5 
37 54 84 67 a3 03 b4 5f ff b2 4a 15 3d 51 ea 07 d0 63 5a 69 cc 2d fa 95 f0 fc 8c 62 d4 a5 ce 57 90 00 
<<<<
>>>>
13 75 00 00 00 
00 00 00 00 00 00 07 c6 90 00 
<<<<
>>>>
13 77 00 00 08 00 00 00 00 00 00 07 c6 
0c d2 d7 ea 2f 58 2b fe 4b 1a 02 73 6d 02 47 0a 27 7d 7f 56 70 da 73 7e 49 c9 19 5d 7c 9a 12 89 90 00 
<<<<
>>>>
13 76 00 00 00 
29 6d 86 e2 00 da d3 b8 3e 0c 98 07 41 35 f7 be 10 a8 29 16 e8 78 d0 69 be 38 37 2a 93 ad fa 76 90 00 
<<<<
>>>>
13 75 00 00 00 
00 00 00 00 00 00 07 c7 90 00 
<<<<
>>>>
13 76 00 00 00 
6f 13 54 ab 22 65 a8 e7 3b 5c 31 36 1d 29 81 5a a4 0a 11 1d e1 95 63 f0 00 3f cf d9 97 bc c5 f5 90 00 
<<<<
>>>>
13 77 00 00 08 00 00 00 00 00 00 07 c7 
29 6d 86 e2 00 da d3 b8 3e 0c 98 07 41 35 f7 be 10 a8 29 16 e8 78 d0 69 be 38 37 2a 93 ad fa 76 90 00 
<<<<
>>>>
13 75 00 00 00 
00 00 00 00 00 00 07 c8 90 00 
<<<<
>>>>
13 77 00 00 08 00 00 00 00 00 00 07 c8 
6f 13 54 ab 22 65 a8 e7 3b 5c 31 36 1d 29 81 5a a4 0a 11 1d e1 95 63 f0 00 3f cf d9 97 bc c5 f5 90 00 
<<<<
>>>>
13 76 00 00 00 
2f 8e d2 f2 cf a3 ef 67 0b b1 06 b0 89 48 f1 18 63 a9 0c a5 bc 53 43 c4 a5 83 b7 82 74 98 0e ae 90 00 
<<<<
>>>>
13 75 00 00 00 
00 00 00 00 00 00 07 c9 90 00 
<<<<
>>>>
13 76 00 00 00 
4c 42 f7 ae 3a 1e 6d 32 4b dc e8 77 49 ae 96 45 33 65 e6 ba 7c fe c5 3f 0a 5e 45 6b e2 ae 18 b5 90 00 
<<<<
>>>>
13 77 00 00 08 00 00 00 00 00 00 07 c9 
2f 8e d2 f2 cf a3 ef 67 0b b1 06 b0 89 48 f1 18 63 a9 0c a5 bc 53 43 c4 a5 83 b7 82 74 98 0e ae 90 00 
<<<<
>>>>
13 75 00 00 00 
00 00 00 00 00 00 07 ca 90 00 
<<<<
>>>>
13 77 00 00 08 00 00 00 00 00 00 07 ca 
4c 42 f7 ae 3a 1e 6d 32 4b dc e8 77 49 ae 96 45 33 65 e6 ba 7c fe c5 3f 0a 5e 45 6b e2 ae 18 b5 90 00 
<<<<
>>>>
13 76 00 00 00 
4f bf 22 53 44 ec 80 f9 ba 6f 8a 3e 8c 4c ca cf 82 c0 7d 96 6d 31 68 f2 78 3a 6d 39 16 9d 97 ec 90 00 
<<<<
>>>>
13 75 00 00 00 
00 00 00 00 00 00 07 cb 90 00 
<<<<
>>>>
13 76 00 00 00 
59 ac 3e 3c 87 fd 07 8e e4 ef 08 dc c7 25 58 ff e8 d8 fc 6b ab 9f b3 bc 77 17 4a 3a bb 02 d8 8e 90 00 
<<<<
>>>>
13 77 00 00 08 00 00 00 00 00 00 07 cb 
4f bf 22 53 44 ec 80 f9 ba 6f 8a 3e 8c 4c ca cf 82 c0 7d 96 6d 31 68 f2 78 3a 6d 39 16 9d 97 ec 90 00 
<<<<
>>>>
13 75 00 00 00 
00 00 00 00 00 00 07 cc 90 00 
<<<<
>>>>
13 77 00 00 08 00 00 00 00 00 00 07 cc 
59 ac 3e 3c 87 fd 07 8e e4 ef 08 dc c7 25 58 ff e8 d8 fc 6b ab 9f b3 bc 77 17 4a 3a bb 02 d8 8e 90 00 
<<<<
>>>>
13 76 00 00 00 
fd 8d 18 96 44 5f a9 b7 20 d4 88 fa 8d 12 41 ee 31 da ea 42 49 20 47 35 57 d9 77 28 a7 0e d0 22 90 00 
<<<<
>>>>
13 75 00 00 00 
00 00 00 00 00 00 07 cd 90 00 
<<<<
>>>>
13 76 00 00 00 
12 68 06 9f 9a b9 b8 e6 ee 3d 84 ef a9 ab 47 4a f6 3a 21 29 fa 81 9c dc 51 ac 34 5c 49 ee 07 3b 90 00 
<<<<
>>>>
13 77 00 00 08 00 00 00 00 00 00 07 cd 
fd 8d 18 96 44 5f a9 b7 20 d4 88 fa 8d 12 41 ee 31 da ea 42 49 20 47 35 57 d9 77 28 a7 0e d0 22 90 00 
<<<<
>>>>
13 75 00 00 00 
00 00 00 00 00 00 07 ce 90 00 
<<<<
>>>>
13 77 00 00 08 00 00 00 00 00 00 07 ce 
12 68 06 9f 9a b9 b8 e6 ee 3d 84 ef a9 ab 47 4a f6 3a 21 29 fa 81 9c dc 51 ac 34 5c 49 ee 07 3b 90 00 
<<<<
>>>>
13 76 00 00 00 
bb 3d f6 cf 9b a8 ef cb 07 56 75 f5 18 14 be a9 c9 13 1a e3 b1 e4 c7 82 33 fa 5e c7 f9 98 99 2b 90 00 
<<<<
>>>>
13 75 00 00 00 
00 00 00 00 00 00 07 cf 90 00 
<<<<
>>>>
13 76 00 00 00 
f0 88 b3 0b 1e 38 6c 5f 8c 29 42 4a c6 3c 0a 65 f0 7e 2f 2d 01 0d 5f 44 dc 4a 40 26 25 00 79 e9 90 00 
<<<<
>>>>
13 77 00 00 08 00 00 00 00 00 00 07 cf 
bb 3d f6 cf 9b a8 ef cb 07 56 75 f5 18 14 be a9 c9 13 1a e3 b1 e4 c7 82 33 fa 5e c7 f9 98 99 2b 90 00 
<<<<
>>>>
13 75 00 00 00 
00 00 00 00 00 00 07 d0 90 00 
<<<<
>>>>
13 77 00 00 08 00 00 00 00 00 00 07 d0 
f0 88 b3 0b 1e 38 6c 5f 8c 29 42 4a c6 3c 0a 65 f0 7e 2f 2d 01 0d 5f 44 dc 4a 40 26 25 00 79 e9 90 00 
<<<<
>>>>
13 70 00 00 04 00 01 02 03 
63 00 
<<<<
>>>>
13 70 00 00 04 30 30 30 30 
90 00 
<<<<
>>>>
13 72 00 00 10 00 00 00 00 00 00 00 00 00 00 00 00 00 00 00 01 
63 00 
<<<<
>>>>
13 72 00 00 10 30 30 30 30 30 30 30 30 30 30 30 30 30 30 30 30 
90 00 
<<<<
>>>>
13 73 00 00 11 00 00 00 00 00 00 00 00 00 00 00 00 00 00 00 00 00 
69 84 
<<<<
>>>>
13 70 00 00 04 30 30 30 30 
90 00 
<<<<
>>>>
13 76 00 00 00 
65 32 a0 6e d6 c9 58 3a 09 de ac 55 96 45 5c 62 8b d4 b8 2e bf 7b ed 1b f0 99 9f cd da 64 4c b9 90 00 
<<<<
>>>>
13 77 00 00 00 
63 01 
<<<<
>>>>
13 70 00 00 04 30 30 30 30 
90 00 
<<<<
>>>>
13 77 00 00 08 00 00 00 00 00 00 00 00 
86 04 ad 74 cb 19 69 dd 97 d5 29 7c 46 14 1f cb 94 56 2a 73 f4 15 2a 6d 72 2a b3 db 1c d0 68 8d 90 00 
<<<<
>>>>
13 70 00 00 04 30 30 30 30 
90 00 
<<<<
>>>>
13 77 00 00 07 00 00 00 00 00 00 00 
69 84 
<<<<
>>>>
13 77 00 00 08 00 00 00 00 00 00 00 7f 
69 84 
<<<<
>>>>
13 72 00 00 10 00 00 00 00 00 00 00 00 00 00 00 00 00 00 00 01 
63 00 
<<<<
>>>>
13 72 00 00 10 00 00 00 00 00 00 00 00 00 00 00 00 00 00 00 01 
63 00 
<<<<
>>>>
13 72 00 00 10 00 00 00 00 00 00 00 00 00 00 00 00 00 00 00 01 
63 00 
<<<<
>>>>
13 72 00 00 10 00 00 00 00 00 00 00 00 00 00 00 00 00 00 00 01 
63 00 
<<<<
>>>>
13 72 00 00 10 00 00 00 00 00 00 00 00 00 00 00 00 00 00 00 01 
63 00 
<<<<
>>>>
13 72 00 00 10 00 00 00 00 00 00 00 00 00 00 00 00 00 00 00 01 
63 00 
<<<<
>>>>
13 72 00 00 10 00 00 00 00 00 00 00 00 00 00 00 00 00 00 00 01 
63 00 
<<<<
>>>>
13 72 00 00 10 00 00 00 00 00 00 00 00 00 00 00 00 00 00 00 01 
63 00 
<<<<
>>>>
13 72 00 00 10 00 00 00 00 00 00 00 00 00 00 00 00 00 00 00 01 
63 00 
<<<<
>>>>
13 72 00 00 10 00 00 00 00 00 00 00 00 00 00 00 00 00 00 00 01 
63 00 
<<<<
>>>>
13 72 00 00 10 00 00 00 00 00 00 00 00 00 00 00 00 00 00 00 01 
63 00 
<<<<
>>>>
13 72 00 00 10 00 00 00 00 00 00 00 00 00 00 00 00 00 00 00 01 
63 00 
<<<<
>>>>
13 72 00 00 10 00 00 00 00 00 00 00 00 00 00 00 00 00 00 00 01 
63 00 
<<<<
>>>>
13 72 00 00 10 00 00 00 00 00 00 00 00 00 00 00 00 00 00 00 01 
63 00 
<<<<
>>>>
13 72 00 00 10 00 00 00 00 00 00 00 00 00 00 00 00 00 00 00 01 
63 00 
<<<<
>>>>
13 72 00 00 10 00 00 00 00 00 00 00 00 00 00 00 00 00 00 00 01 
63 00 
<<<<
>>>>
13 72 00 00 10 00 00 00 00 00 00 00 00 00 00 00 00 00 00 00 01 
63 00 
<<<<
>>>>
13 72 00 00 10 00 00 00 00 00 00 00 00 00 00 00 00 00 00 00 01 
63 00 
<<<<
>>>>
13 72 00 00 10 00 00 00 00 00 00 00 00 00 00 00 00 00 00 00 01 
63 00 
<<<<
>>>>
13 72 00 00 10 00 00 00 00 00 00 00 00 00 00 00 00 00 00 00 01 
63 00 
<<<<
>>>>
13 72 00 00 10 00 00 00 00 00 00 00 00 00 00 00 00 00 00 00 01 
63 00 
<<<<
>>>>
13 72 00 00 10 00 00 00 00 00 00 00 00 00 00 00 00 00 00 00 01 
63 00 
<<<<
>>>>
13 72 00 00 10 00 00 00 00 00 00 00 00 00 00 00 00 00 00 00 01 
63 00 
<<<<
>>>>
13 72 00 00 10 00 00 00 00 00 00 00 00 00 00 00 00 00 00 00 01 
63 00 
<<<<
>>>>
13 72 00 00 10 00 00 00 00 00 00 00 00 00 00 00 00 00 00 00 01 
63 00 
<<<<
>>>>
13 72 00 00 10 00 00 00 00 00 00 00 00 00 00 00 00 00 00 00 01 
63 00 
<<<<
>>>>
13 72 00 00 10 00 00 00 00 00 00 00 00 00 00 00 00 00 00 00 01 
63 00 
<<<<
>>>>
13 72 00 00 10 00 00 00 00 00 00 00 00 00 00 00 00 00 00 00 01 
63 00 
<<<<
>>>>
13 72 00 00 10 00 00 00 00 00 00 00 00 00 00 00 00 00 00 00 01 
63 00 
<<<<
>>>>
13 72 00 00 10 00 00 00 00 00 00 00 00 00 00 00 00 00 00 00 01 
63 00 
<<<<
>>>>
13 72 00 00 10 00 00 00 00 00 00 00 00 00 00 00 00 00 00 00 01 
63 00 
<<<<
>>>>
13 72 00 00 10 00 00 00 00 00 00 00 00 00 00 00 00 00 00 00 01 
63 00 
<<<<
>>>>
13 72 00 00 10 00 00 00 00 00 00 00 00 00 00 00 00 00 00 00 01 
63 00 
<<<<
>>>>
13 72 00 00 10 00 00 00 00 00 00 00 00 00 00 00 00 00 00 00 01 
63 00 
<<<<
>>>>
13 72 00 00 10 00 00 00 00 00 00 00 00 00 00 00 00 00 00 00 01 
63 00 
<<<<
>>>>
13 72 00 00 10 00 00 00 00 00 00 00 00 00 00 00 00 00 00 00 01 
63 00 
<<<<
>>>>
13 72 00 00 10 00 00 00 00 00 00 00 00 00 00 00 00 00 00 00 01 
63 00 
<<<<
>>>>
13 72 00 00 10 00 00 00 00 00 00 00 00 00 00 00 00 00 00 00 01 
63 00 
<<<<
>>>>
13 72 00 00 10 00 00 00 00 00 00 00 00 00 00 00 00 00 00 00 01 
63 00 
<<<<
>>>>
13 72 00 00 10 00 00 00 00 00 00 00 00 00 00 00 00 00 00 00 01 
63 00 
<<<<
>>>>
13 72 00 00 10 00 00 00 00 00 00 00 00 00 00 00 00 00 00 00 01 
63 00 
<<<<
>>>>
13 72 00 00 10 00 00 00 00 00 00 00 00 00 00 00 00 00 00 00 01 
63 00 
<<<<
>>>>
13 72 00 00 10 00 00 00 00 00 00 00 00 00 00 00 00 00 00 00 01 
63 00 
<<<<
>>>>
13 72 00 00 10 00 00 00 00 00 00 00 00 00 00 00 00 00 00 00 01 
63 00 
<<<<
>>>>
13 72 00 00 10 00 00 00 00 00 00 00 00 00 00 00 00 00 00 00 01 
63 00 
<<<<
>>>>
13 72 00 00 10 00 00 00 00 00 00 00 00 00 00 00 00 00 00 00 01 
63 00 
<<<<
>>>>
13 72 00 00 10 00 00 00 00 00 00 00 00 00 00 00 00 00 00 00 01 
63 00 
<<<<
>>>>
13 72 00 00 10 00 00 00 00 00 00 00 00 00 00 00 00 00 00 00 01 
63 00 
<<<<
>>>>
13 72 00 00 10 00 00 00 00 00 00 00 00 00 00 00 00 00 00 00 01 
63 00 
<<<<
>>>>
13 72 00 00 10 00 00 00 00 00 00 00 00 00 00 00 00 00 00 00 01 
63 00 
<<<<
>>>>
13 72 00 00 10 00 00 00 00 00 00 00 00 00 00 00 00 00 00 00 01 
63 00 
<<<<
>>>>
13 72 00 00 10 00 00 00 00 00 00 00 00 00 00 00 00 00 00 00 01 
63 00 
<<<<
>>>>
13 72 00 00 10 00 00 00 00 00 00 00 00 00 00 00 00 00 00 00 01 
63 00 
<<<<
>>>>
13 72 00 00 10 00 00 00 00 00 00 00 00 00 00 00 00 00 00 00 01 
63 00 
<<<<
>>>>
13 72 00 00 10 00 00 00 00 00 00 00 00 00 00 00 00 00 00 00 01 
63 00 
<<<<
>>>>
13 72 00 00 10 00 00 00 00 00 00 00 00 00 00 00 00 00 00 00 01 
63 00 
<<<<
>>>>
13 72 00 00 10 00 00 00 00 00 00 00 00 00 00 00 00 00 00 00 01 
63 00 
<<<<
>>>>
13 72 00 00 10 00 00 00 00 00 00 00 00 00 00 00 00 00 00 00 01 
63 00 
<<<<
>>>>
13 72 00 00 10 00 00 00 00 00 00 00 00 00 00 00 00 00 00 00 01 
63 00 
<<<<
>>>>
13 72 00 00 10 00 00 00 00 00 00 00 00 00 00 00 00 00 00 00 01 
63 00 
<<<<
>>>>
13 72 00 00 10 00 00 00 00 00 00 00 00 00 00 00 00 00 00 00 01 
63 00 
<<<<
>>>>
13 72 00 00 10 00 00 00 00 00 00 00 00 00 00 00 00 00 00 00 01 
63 00 
<<<<
>>>>
13 72 00 00 10 00 00 00 00 00 00 00 00 00 00 00 00 00 00 00 01 
63 00 
<<<<
>>>>
13 72 00 00 10 00 00 00 00 00 00 00 00 00 00 00 00 00 00 00 01 
63 00 
<<<<
>>>>
13 72 00 00 10 00 00 00 00 00 00 00 00 00 00 00 00 00 00 00 01 
63 00 
<<<<
>>>>
13 72 00 00 10 00 00 00 00 00 00 00 00 00 00 00 00 00 00 00 01 
63 00 
<<<<
>>>>
13 72 00 00 10 00 00 00 00 00 00 00 00 00 00 00 00 00 00 00 01 
63 00 
<<<<
>>>>
13 72 00 00 10 00 00 00 00 00 00 00 00 00 00 00 00 00 00 00 01 
63 00 
<<<<
>>>>
13 72 00 00 10 00 00 00 00 00 00 00 00 00 00 00 00 00 00 00 01 
63 00 
<<<<
>>>>
13 72 00 00 10 00 00 00 00 00 00 00 00 00 00 00 00 00 00 00 01 
63 00 
<<<<
>>>>
13 72 00 00 10 00 00 00 00 00 00 00 00 00 00 00 00 00 00 00 01 
63 00 
<<<<
>>>>
13 72 00 00 10 00 00 00 00 00 00 00 00 00 00 00 00 00 00 00 01 
63 00 
<<<<
>>>>
13 72 00 00 10 00 00 00 00 00 00 00 00 00 00 00 00 00 00 00 01 
63 00 
<<<<
>>>>
13 72 00 00 10 00 00 00 00 00 00 00 00 00 00 00 00 00 00 00 01 
63 00 
<<<<
>>>>
13 72 00 00 10 00 00 00 00 00 00 00 00 00 00 00 00 00 00 00 01 
63 00 
<<<<
>>>>
13 72 00 00 10 00 00 00 00 00 00 00 00 00 00 00 00 00 00 00 01 
63 00 
<<<<
>>>>
13 72 00 00 10 00 00 00 00 00 00 00 00 00 00 00 00 00 00 00 01 
63 00 
<<<<
>>>>
13 72 00 00 10 00 00 00 00 00 00 00 00 00 00 00 00 00 00 00 01 
63 00 
<<<<
>>>>
13 72 00 00 10 00 00 00 00 00 00 00 00 00 00 00 00 00 00 00 01 
63 00 
<<<<
>>>>
13 72 00 00 10 00 00 00 00 00 00 00 00 00 00 00 00 00 00 00 01 
63 00 
<<<<
>>>>
13 72 00 00 10 00 00 00 00 00 00 00 00 00 00 00 00 00 00 00 01 
63 00 
<<<<
>>>>
13 72 00 00 10 00 00 00 00 00 00 00 00 00 00 00 00 00 00 00 01 
63 00 
<<<<
>>>>
13 72 00 00 10 00 00 00 00 00 00 00 00 00 00 00 00 00 00 00 01 
63 00 
<<<<
>>>>
13 72 00 00 10 00 00 00 00 00 00 00 00 00 00 00 00 00 00 00 01 
63 00 
<<<<
>>>>
13 72 00 00 10 00 00 00 00 00 00 00 00 00 00 00 00 00 00 00 01 
63 00 
<<<<
>>>>
13 72 00 00 10 00 00 00 00 00 00 00 00 00 00 00 00 00 00 00 01 
63 00 
<<<<
>>>>
13 72 00 00 10 00 00 00 00 00 00 00 00 00 00 00 00 00 00 00 01 
63 00 
<<<<
>>>>
13 72 00 00 10 00 00 00 00 00 00 00 00 00 00 00 00 00 00 00 01 
63 00 
<<<<
>>>>
13 72 00 00 10 00 00 00 00 00 00 00 00 00 00 00 00 00 00 00 01 
63 00 
<<<<
>>>>
13 72 00 00 10 00 00 00 00 00 00 00 00 00 00 00 00 00 00 00 01 
63 00 
<<<<
>>>>
13 72 00 00 10 00 00 00 00 00 00 00 00 00 00 00 00 00 00 00 01 
63 00 
<<<<
>>>>
13 72 00 00 10 00 00 00 00 00 00 00 00 00 00 00 00 00 00 00 01 
63 00 
<<<<
>>>>
13 72 00 00 10 00 00 00 00 00 00 00 00 00 00 00 00 00 00 00 01 
63 00 
<<<<
>>>>
13 72 00 00 10 00 00 00 00 00 00 00 00 00 00 00 00 00 00 00 01 
63 00 
<<<<
>>>>
13 72 00 00 10 00 00 00 00 00 00 00 00 00 00 00 00 00 00 00 01 
63 00 
<<<<
>>>>
13 72 00 00 10 00 00 00 00 00 00 00 00 00 00 00 00 00 00 00 01 
63 00 
<<<<
>>>>
13 72 00 00 10 00 00 00 00 00 00 00 00 00 00 00 00 00 00 00 01 
63 00 
<<<<
>>>>
13 72 00 00 10 00 00 00 00 00 00 00 00 00 00 00 00 00 00 00 01 
63 00 
<<<<
>>>>
13 72 00 00 10 00 00 00 00 00 00 00 00 00 00 00 00 00 00 00 01 
63 00 
<<<<
>>>>
13 72 00 00 10 00 00 00 00 00 00 00 00 00 00 00 00 00 00 00 01 
63 00 
<<<<
>>>>
13 72 00 00 10 00 00 00 00 00 00 00 00 00 00 00 00 00 00 00 01 
63 00 
<<<<
>>>>
13 72 00 00 10 00 00 00 00 00 00 00 00 00 00 00 00 00 00 00 01 
63 00 
<<<<
>>>>
13 72 00 00 10 00 00 00 00 00 00 00 00 00 00 00 00 00 00 00 01 
63 00 
<<<<
>>>>
13 72 00 00 10 00 00 00 00 00 00 00 00 00 00 00 00 00 00 00 01 
63 00 
<<<<
>>>>
13 72 00 00 10 00 00 00 00 00 00 00 00 00 00 00 00 00 00 00 01 
63 00 
<<<<
>>>>
13 72 00 00 10 00 00 00 00 00 00 00 00 00 00 00 00 00 00 00 01 
63 00 
<<<<
>>>>
13 72 00 00 10 00 00 00 00 00 00 00 00 00 00 00 00 00 00 00 01 
63 00 
<<<<
>>>>
13 72 00 00 10 00 00 00 00 00 00 00 00 00 00 00 00 00 00 00 01 
63 00 
<<<<
>>>>
13 72 00 00 10 00 00 00 00 00 00 00 00 00 00 00 00 00 00 00 01 
63 00 
<<<<
>>>>
13 72 00 00 10 00 00 00 00 00 00 00 00 00 00 00 00 00 00 00 01 
63 00 
<<<<
>>>>
13 72 00 00 10 00 00 00 00 00 00 00 00 00 00 00 00 00 00 00 01 
63 00 
<<<<
>>>>
13 72 00 00 10 00 00 00 00 00 00 00 00 00 00 00 00 00 00 00 01 
63 00 
<<<<
>>>>
13 72 00 00 10 00 00 00 00 00 00 00 00 00 00 00 00 00 00 00 01 
63 00 
<<<<
>>>>
13 72 00 00 10 00 00 00 00 00 00 00 00 00 00 00 00 00 00 00 01 
63 00 
<<<<
>>>>
13 72 00 00 10 00 00 00 00 00 00 00 00 00 00 00 00 00 00 00 01 
63 00 
<<<<
>>>>
13 72 00 00 10 00 00 00 00 00 00 00 00 00 00 00 00 00 00 00 01 
63 00 
<<<<
>>>>
13 72 00 00 10 00 00 00 00 00 00 00 00 00 00 00 00 00 00 00 01 
63 00 
<<<<
>>>>
13 72 00 00 10 00 00 00 00 00 00 00 00 00 00 00 00 00 00 00 01 
63 00 
<<<<
>>>>
13 72 00 00 10 00 00 00 00 00 00 00 00 00 00 00 00 00 00 00 01 
63 00 
<<<<
>>>>
13 72 00 00 10 00 00 00 00 00 00 00 00 00 00 00 00 00 00 00 01 
63 00 
<<<<
>>>>
13 72 00 00 10 00 00 00 00 00 00 00 00 00 00 00 00 00 00 00 01 
63 00 
<<<<
>>>>
13 72 00 00 10 00 00 00 00 00 00 00 00 00 00 00 00 00 00 00 01 
63 00 
<<<<
>>>>
13 72 00 00 10 00 00 00 00 00 00 00 00 00 00 00 00 00 00 00 01 
63 00 
<<<<
>>>>
13 72 00 00 10 00 00 00 00 00 00 00 00 00 00 00 00 00 00 00 01 
63 00 
<<<<
>>>>
13 72 00 00 10 00 00 00 00 00 00 00 00 00 00 00 00 00 00 00 01 
63 00 
<<<<
>>>>
13 72 00 00 10 00 00 00 00 00 00 00 00 00 00 00 00 00 00 00 01 
63 00 
<<<<
>>>>
13 72 00 00 10 00 00 00 00 00 00 00 00 00 00 00 00 00 00 00 01 
63 00 
<<<<
>>>>
13 72 00 00 10 30 30 30 30 30 30 30 30 30 30 30 30 30 30 30 30 
63 00 
<<<<
>>>>
13 72 00 00 10 30 30 30 30 30 30 30 30 30 30 30 30 30 30 30 30 
90 00 
<<<<
>>>>
13 71 00 00 04 00 00 01 01 
90 00 
<<<<
>>>>
13 70 00 00 04 00 00 01 01 
90 00 
<<<<
>>>>
13 70 00 00 04 30 30 30 30 
90 00 
<<<<
>>>>
13 71 00 00 05 01 01 01 01 01 
90 00 
<<<<
>>>>
13 75 00 00 00 
63 01 
<<<<
>>>>
13 70 00 00 05 01 01 01 01 01 
90 00 
<<<<
>>>>
13 74 00 00 00 
63 01 
<<<<
>>>>
13 75 00 00 00 
63 01 
<<<<
>>>>
13 70 00 00 04 30 30 30 30 
90 00 
<<<<
>>>>
13 71 00 00 03 00 00 00 
69 84 
<<<<
>>>>
13 71 00 00 11 00 00 00 00 00 00 00 00 00 00 00 00 00 00 00 00 00 
69 84 
<<<<
>>>>
13 70 00 00 04 01 01 01 01 
63 00 
<<<<
>>>>
13 70 00 00 04 01 01 01 01 
63 00 
<<<<
>>>>
13 70 00 00 04 01 01 01 01 
63 00 
<<<<
>>>>
13 70 00 00 04 30 30 30 30 
63 00 
<<<<
>>>>
13 70 00 00 04 01 01 01 01 
63 00 
<<<<
>>>>
13 70 00 00 04 01 01 01 01 
63 00 
<<<<
>>>>
13 70 00 00 04 30 30 30 30 
90 00 
<<<<
>>>>
13 71 00 00 04 01 01 01 01 
63 01 
<<<<
>>>>
13 72 00 00 10 30 30 30 30 30 30 30 30 30 30 30 30 30 30 30 30 
90 00 
<<<<
>>>>
13 72 00 00 10 00 00 00 00 00 00 00 00 00 00 00 00 00 00 00 01 
63 00 
<<<<
>>>>
13 72 00 00 10 00 00 00 00 00 00 00 00 00 00 00 00 00 00 00 01 
63 00 
<<<<
>>>>
13 72 00 00 10 00 00 00 00 00 00 00 00 00 00 00 00 00 00 00 01 
63 00 
<<<<
>>>>
13 72 00 00 10 00 00 00 00 00 00 00 00 00 00 00 00 00 00 00 01 
63 00 
<<<<
>>>>
13 72 00 00 10 00 00 00 00 00 00 00 00 00 00 00 00 00 00 00 01 
63 00 
<<<<
>>>>
13 72 00 00 10 00 00 00 00 00 00 00 00 00 00 00 00 00 00 00 01 
63 00 
<<<<
>>>>
13 72 00 00 10 00 00 00 00 00 00 00 00 00 00 00 00 00 00 00 01 
63 00 
<<<<
>>>>
13 72 00 00 10 00 00 00 00 00 00 00 00 00 00 00 00 00 00 00 01 
63 00 
<<<<
>>>>
13 72 00 00 10 00 00 00 00 00 00 00 00 00 00 00 00 00 00 00 01 
63 00 
<<<<
>>>>
13 72 00 00 10 00 00 00 00 00 00 00 00 00 00 00 00 00 00 00 01 
63 00 
<<<<
>>>>
13 72 00 00 10 00 00 00 00 00 00 00 00 00 00 00 00 00 00 00 01 
63 00 
<<<<
>>>>
13 72 00 00 10 00 00 00 00 00 00 00 00 00 00 00 00 00 00 00 01 
63 00 
<<<<
>>>>
13 72 00 00 10 00 00 00 00 00 00 00 00 00 00 00 00 00 00 00 01 
63 00 
<<<<
>>>>
13 72 00 00 10 00 00 00 00 00 00 00 00 00 00 00 00 00 00 00 01 
63 00 
<<<<
>>>>
13 72 00 00 10 00 00 00 00 00 00 00 00 00 00 00 00 00 00 00 01 
63 00 
<<<<
>>>>
13 72 00 00 10 00 00 00 00 00 00 00 00 00 00 00 00 00 00 00 01 
63 00 
<<<<
>>>>
13 72 00 00 10 00 00 00 00 00 00 00 00 00 00 00 00 00 00 00 01 
63 00 
<<<<
>>>>
13 72 00 00 10 00 00 00 00 00 00 00 00 00 00 00 00 00 00 00 01 
63 00 
<<<<
>>>>
13 72 00 00 10 00 00 00 00 00 00 00 00 00 00 00 00 00 00 00 01 
63 00 
<<<<
>>>>
13 72 00 00 10 00 00 00 00 00 00 00 00 00 00 00 00 00 00 00 01 
63 00 
<<<<
>>>>
13 72 00 00 10 00 00 00 00 00 00 00 00 00 00 00 00 00 00 00 01 
63 00 
<<<<
>>>>
13 72 00 00 10 00 00 00 00 00 00 00 00 00 00 00 00 00 00 00 01 
63 00 
<<<<
>>>>
13 72 00 00 10 00 00 00 00 00 00 00 00 00 00 00 00 00 00 00 01 
63 00 
<<<<
>>>>
13 72 00 00 10 00 00 00 00 00 00 00 00 00 00 00 00 00 00 00 01 
63 00 
<<<<
>>>>
13 72 00 00 10 00 00 00 00 00 00 00 00 00 00 00 00 00 00 00 01 
63 00 
<<<<
>>>>
13 72 00 00 10 00 00 00 00 00 00 00 00 00 00 00 00 00 00 00 01 
63 00 
<<<<
>>>>
13 72 00 00 10 00 00 00 00 00 00 00 00 00 00 00 00 00 00 00 01 
63 00 
<<<<
>>>>
13 72 00 00 10 00 00 00 00 00 00 00 00 00 00 00 00 00 00 00 01 
63 00 
<<<<
>>>>
13 72 00 00 10 00 00 00 00 00 00 00 00 00 00 00 00 00 00 00 01 
63 00 
<<<<
>>>>
13 72 00 00 10 00 00 00 00 00 00 00 00 00 00 00 00 00 00 00 01 
63 00 
<<<<
>>>>
13 72 00 00 10 00 00 00 00 00 00 00 00 00 00 00 00 00 00 00 01 
63 00 
<<<<
>>>>
13 72 00 00 10 00 00 00 00 00 00 00 00 00 00 00 00 00 00 00 01 
63 00 
<<<<
>>>>
13 72 00 00 10 00 00 00 00 00 00 00 00 00 00 00 00 00 00 00 01 
63 00 
<<<<
>>>>
13 72 00 00 10 00 00 00 00 00 00 00 00 00 00 00 00 00 00 00 01 
63 00 
<<<<
>>>>
13 72 00 00 10 00 00 00 00 00 00 00 00 00 00 00 00 00 00 00 01 
63 00 
<<<<
>>>>
13 72 00 00 10 00 00 00 00 00 00 00 00 00 00 00 00 00 00 00 01 
63 00 
<<<<
>>>>
13 72 00 00 10 00 00 00 00 00 00 00 00 00 00 00 00 00 00 00 01 
63 00 
<<<<
>>>>
13 72 00 00 10 00 00 00 00 00 00 00 00 00 00 00 00 00 00 00 01 
63 00 
<<<<
>>>>
13 72 00 00 10 00 00 00 00 00 00 00 00 00 00 00 00 00 00 00 01 
63 00 
<<<<
>>>>
13 72 00 00 10 00 00 00 00 00 00 00 00 00 00 00 00 00 00 00 01 
63 00 
<<<<
>>>>
13 72 00 00 10 00 00 00 00 00 00 00 00 00 00 00 00 00 00 00 01 
63 00 
<<<<
>>>>
13 72 00 00 10 00 00 00 00 00 00 00 00 00 00 00 00 00 00 00 01 
63 00 
<<<<
>>>>
13 72 00 00 10 00 00 00 00 00 00 00 00 00 00 00 00 00 00 00 01 
63 00 
<<<<
>>>>
13 72 00 00 10 00 00 00 00 00 00 00 00 00 00 00 00 00 00 00 01 
63 00 
<<<<
>>>>
13 72 00 00 10 00 00 00 00 00 00 00 00 00 00 00 00 00 00 00 01 
63 00 
<<<<
>>>>
13 72 00 00 10 00 00 00 00 00 00 00 00 00 00 00 00 00 00 00 01 
63 00 
<<<<
>>>>
13 72 00 00 10 00 00 00 00 00 00 00 00 00 00 00 00 00 00 00 01 
63 00 
<<<<
>>>>
13 72 00 00 10 00 00 00 00 00 00 00 00 00 00 00 00 00 00 00 01 
63 00 
<<<<
>>>>
13 72 00 00 10 00 00 00 00 00 00 00 00 00 00 00 00 00 00 00 01 
63 00 
<<<<
>>>>
13 72 00 00 10 00 00 00 00 00 00 00 00 00 00 00 00 00 00 00 01 
63 00 
<<<<
>>>>
13 72 00 00 10 00 00 00 00 00 00 00 00 00 00 00 00 00 00 00 01 
63 00 
<<<<
>>>>
13 72 00 00 10 00 00 00 00 00 00 00 00 00 00 00 00 00 00 00 01 
63 00 
<<<<
>>>>
13 72 00 00 10 00 00 00 00 00 00 00 00 00 00 00 00 00 00 00 01 
63 00 
<<<<
>>>>
13 72 00 00 10 00 00 00 00 00 00 00 00 00 00 00 00 00 00 00 01 
63 00 
<<<<
>>>>
13 72 00 00 10 00 00 00 00 00 00 00 00 00 00 00 00 00 00 00 01 
63 00 
<<<<
>>>>
13 72 00 00 10 00 00 00 00 00 00 00 00 00 00 00 00 00 00 00 01 
63 00 
<<<<
>>>>
13 72 00 00 10 00 00 00 00 00 00 00 00 00 00 00 00 00 00 00 01 
63 00 
<<<<
>>>>
13 72 00 00 10 00 00 00 00 00 00 00 00 00 00 00 00 00 00 00 01 
63 00 
<<<<
>>>>
13 72 00 00 10 00 00 00 00 00 00 00 00 00 00 00 00 00 00 00 01 
63 00 
<<<<
>>>>
13 72 00 00 10 00 00 00 00 00 00 00 00 00 00 00 00 00 00 00 01 
63 00 
<<<<
>>>>
13 72 00 00 10 00 00 00 00 00 00 00 00 00 00 00 00 00 00 00 01 
63 00 
<<<<
>>>>
13 72 00 00 10 00 00 00 00 00 00 00 00 00 00 00 00 00 00 00 01 
63 00 
<<<<
>>>>
13 72 00 00 10 00 00 00 00 00 00 00 00 00 00 00 00 00 00 00 01 
63 00 
<<<<
>>>>
13 72 00 00 10 00 00 00 00 00 00 00 00 00 00 00 00 00 00 00 01 
63 00 
<<<<
>>>>
13 72 00 00 10 00 00 00 00 00 00 00 00 00 00 00 00 00 00 00 01 
63 00 
<<<<
>>>>
13 72 00 00 10 00 00 00 00 00 00 00 00 00 00 00 00 00 00 00 01 
63 00 
<<<<
>>>>
13 72 00 00 10 00 00 00 00 00 00 00 00 00 00 00 00 00 00 00 01 
63 00 
<<<<
>>>>
13 72 00 00 10 00 00 00 00 00 00 00 00 00 00 00 00 00 00 00 01 
63 00 
<<<<
>>>>
13 72 00 00 10 00 00 00 00 00 00 00 00 00 00 00 00 00 00 00 01 
63 00 
<<<<
>>>>
13 72 00 00 10 00 00 00 00 00 00 00 00 00 00 00 00 00 00 00 01 
63 00 
<<<<
>>>>
13 72 00 00 10 00 00 00 00 00 00 00 00 00 00 00 00 00 00 00 01 
63 00 
<<<<
>>>>
13 72 00 00 10 00 00 00 00 00 00 00 00 00 00 00 00 00 00 00 01 
63 00 
<<<<
>>>>
13 72 00 00 10 00 00 00 00 00 00 00 00 00 00 00 00 00 00 00 01 
63 00 
<<<<
>>>>
13 72 00 00 10 00 00 00 00 00 00 00 00 00 00 00 00 00 00 00 01 
63 00 
<<<<
>>>>
13 72 00 00 10 00 00 00 00 00 00 00 00 00 00 00 00 00 00 00 01 
63 00 
<<<<
>>>>
13 72 00 00 10 00 00 00 00 00 00 00 00 00 00 00 00 00 00 00 01 
63 00 
<<<<
>>>>
13 72 00 00 10 00 00 00 00 00 00 00 00 00 00 00 00 00 00 00 01 
63 00 
<<<<
>>>>
13 72 00 00 10 00 00 00 00 00 00 00 00 00 00 00 00 00 00 00 01 
63 00 
<<<<
>>>>
13 72 00 00 10 00 00 00 00 00 00 00 00 00 00 00 00 00 00 00 01 
63 00 
<<<<
>>>>
13 72 00 00 10 00 00 00 00 00 00 00 00 00 00 00 00 00 00 00 01 
63 00 
<<<<
>>>>
13 72 00 00 10 00 00 00 00 00 00 00 00 00 00 00 00 00 00 00 01 
63 00 
<<<<
>>>>
13 72 00 00 10 00 00 00 00 00 00 00 00 00 00 00 00 00 00 00 01 
63 00 
<<<<
>>>>
13 72 00 00 10 00 00 00 00 00 00 00 00 00 00 00 00 00 00 00 01 
63 00 
<<<<
>>>>
13 72 00 00 10 00 00 00 00 00 00 00 00 00 00 00 00 00 00 00 01 
63 00 
<<<<
>>>>
13 72 00 00 10 00 00 00 00 00 00 00 00 00 00 00 00 00 00 00 01 
63 00 
<<<<
>>>>
13 72 00 00 10 00 00 00 00 00 00 00 00 00 00 00 00 00 00 00 01 
63 00 
<<<<
>>>>
13 72 00 00 10 00 00 00 00 00 00 00 00 00 00 00 00 00 00 00 01 
63 00 
<<<<
>>>>
13 72 00 00 10 00 00 00 00 00 00 00 00 00 00 00 00 00 00 00 01 
63 00 
<<<<
>>>>
13 72 00 00 10 00 00 00 00 00 00 00 00 00 00 00 00 00 00 00 01 
63 00 
<<<<
>>>>
13 72 00 00 10 00 00 00 00 00 00 00 00 00 00 00 00 00 00 00 01 
63 00 
<<<<
>>>>
13 72 00 00 10 00 00 00 00 00 00 00 00 00 00 00 00 00 00 00 01 
63 00 
<<<<
>>>>
13 72 00 00 10 00 00 00 00 00 00 00 00 00 00 00 00 00 00 00 01 
63 00 
<<<<
>>>>
13 72 00 00 10 00 00 00 00 00 00 00 00 00 00 00 00 00 00 00 01 
63 00 
<<<<
>>>>
13 72 00 00 10 00 00 00 00 00 00 00 00 00 00 00 00 00 00 00 01 
63 00 
<<<<
>>>>
13 72 00 00 10 00 00 00 00 00 00 00 00 00 00 00 00 00 00 00 01 
63 00 
<<<<
>>>>
13 72 00 00 10 00 00 00 00 00 00 00 00 00 00 00 00 00 00 00 01 
63 00 
<<<<
>>>>
13 72 00 00 10 00 00 00 00 00 00 00 00 00 00 00 00 00 00 00 01 
63 00 
<<<<
>>>>
13 72 00 00 10 00 00 00 00 00 00 00 00 00 00 00 00 00 00 00 01 
63 00 
<<<<
>>>>
13 72 00 00 10 00 00 00 00 00 00 00 00 00 00 00 00 00 00 00 01 
63 00 
<<<<
>>>>
13 72 00 00 10 00 00 00 00 00 00 00 00 00 00 00 00 00 00 00 01 
63 00 
<<<<
>>>>
13 72 00 00 10 00 00 00 00 00 00 00 00 00 00 00 00 00 00 00 01 
63 00 
<<<<
>>>>
13 72 00 00 10 00 00 00 00 00 00 00 00 00 00 00 00 00 00 00 01 
63 00 
<<<<
>>>>
13 72 00 00 10 00 00 00 00 00 00 00 00 00 00 00 00 00 00 00 01 
63 00 
<<<<
>>>>
13 72 00 00 10 00 00 00 00 00 00 00 00 00 00 00 00 00 00 00 01 
63 00 
<<<<
>>>>
13 72 00 00 10 00 00 00 00 00 00 00 00 00 00 00 00 00 00 00 01 
63 00 
<<<<
>>>>
13 72 00 00 10 00 00 00 00 00 00 00 00 00 00 00 00 00 00 00 01 
63 00 
<<<<
>>>>
13 72 00 00 10 00 00 00 00 00 00 00 00 00 00 00 00 00 00 00 01 
63 00 
<<<<
>>>>
13 72 00 00 10 00 00 00 00 00 00 00 00 00 00 00 00 00 00 00 01 
63 00 
<<<<
>>>>
13 72 00 00 10 00 00 00 00 00 00 00 00 00 00 00 00 00 00 00 01 
63 00 
<<<<
>>>>
13 72 00 00 10 00 00 00 00 00 00 00 00 00 00 00 00 00 00 00 01 
63 00 
<<<<
>>>>
13 72 00 00 10 00 00 00 00 00 00 00 00 00 00 00 00 00 00 00 01 
63 00 
<<<<
>>>>
13 72 00 00 10 00 00 00 00 00 00 00 00 00 00 00 00 00 00 00 01 
63 00 
<<<<
>>>>
13 72 00 00 10 00 00 00 00 00 00 00 00 00 00 00 00 00 00 00 01 
63 00 
<<<<
>>>>
13 72 00 00 10 00 00 00 00 00 00 00 00 00 00 00 00 00 00 00 01 
63 00 
<<<<
>>>>
13 72 00 00 10 00 00 00 00 00 00 00 00 00 00 00 00 00 00 00 01 
63 00 
<<<<
>>>>
13 72 00 00 10 00 00 00 00 00 00 00 00 00 00 00 00 00 00 00 01 
63 00 
<<<<
>>>>
13 72 00 00 10 00 00 00 00 00 00 00 00 00 00 00 00 00 00 00 01 
63 00 
<<<<
>>>>
13 72 00 00 10 00 00 00 00 00 00 00 00 00 00 00 00 00 00 00 01 
63 00 
<<<<
>>>>
13 72 00 00 10 00 00 00 00 00 00 00 00 00 00 00 00 00 00 00 01 
63 00 
<<<<
>>>>
13 72 00 00 10 00 00 00 00 00 00 00 00 00 00 00 00 00 00 00 01 
63 00 
<<<<
>>>>
13 72 00 00 10 00 00 00 00 00 00 00 00 00 00 00 00 00 00 00 01 
63 00 
<<<<
>>>>
13 72 00 00 10 00 00 00 00 00 00 00 00 00 00 00 00 00 00 00 01 
63 00 
<<<<
>>>>
13 72 00 00 10 00 00 00 00 00 00 00 00 00 00 00 00 00 00 00 01 
63 00 
<<<<
>>>>
13 72 00 00 10 00 00 00 00 00 00 00 00 00 00 00 00 00 00 00 01 
63 00 
<<<<
>>>>
13 72 00 00 10 00 00 00 00 00 00 00 00 00 00 00 00 00 00 00 01 
63 00 
<<<<
>>>>
13 72 00 00 10 00 00 00 00 00 00 00 00 00 00 00 00 00 00 00 01 
63 00 
<<<<
>>>>
13 72 00 00 10 30 30 30 30 30 30 30 30 30 30 30 30 30 30 30 30 
90 00 
<<<<
>>>>
13 73 00 00 10 00 00 00 00 00 00 00 00 00 00 00 00 00 00 00 01 
63 01 
<<<<
>>>>
13 70 00 00 04 30 30 30 30 
90 00 
<<<<
>>>>
13 74 00 00 00 
90 00 
<<<<
>>>>
13 70 00 00 04 30 30 30 30 
90 00 
<<<<
>>>>
13 76 00 00 00 
65 32 a0 6e d6 c9 58 3a 09 de ac 55 96 45 5c 62 8b d4 b8 2e bf 7b ed 1b f0 99 9f cd da 64 4c b9 90 00 
<<<<
>>>>
13 76 00 00 00 
2c 9e 8a ba 92 d5 31 0a 5c 5b 34 00 0a 44 49 6f 3d c4 4b 32 63 26 39 c1 1c d5 b5 1e a0 24 e4 b9 90 00 
<<<<
>>>>
13 76 00 00 00 
29 70 a1 8c 11 20 c3 0c 14 1a 14 70 d6 11 30 b7 51 7f 04 74 29 bb ed 77 2c 93 a4 01 5c 39 37 88 90 00 
<<<<
>>>>
13 74 00 00 00 
90 00 
<<<<
>>>>
13 75 00 00 00 
00 00 00 00 00 00 00 00 90 00 
<<<<
>>>>
13 70 00 00 04 30 30 30 30 
90 00 
<<<<
>>>>
13 75 00 00 00 
00 00 00 00 00 00 00 00 90 00 
<<<<
>>>>
13 76 00 00 00 
63 01 
<<<<
>>>>
13 70 00 00 04 30 30 30 30 
90 00 
<<<<
>>>>
13 76 00 00 00 
65 32 a0 6e d6 c9 58 3a 09 de ac 55 96 45 5c 62 8b d4 b8 2e bf 7b ed 1b f0 99 9f cd da 64 4c b9 90 00 
<<<<
>>>>
13 77 00 00 08 00 00 00 00 00 00 00 01 
65 32 a0 6e d6 c9 58 3a 09 de ac 55 96 45 5c 62 8b d4 b8 2e bf 7b ed 1b f0 99 9f cd da 64 4c b9 90 00 
<<<<
]]></system-out>
  <system-err><![CDATA[]]></system-err>
</testsuite>
